[2026-03-09T19:12:44.743+0000] {local_task_job_runner.py:120} INFO - ::group::Pre task execution logs
[2026-03-09T19:12:44.768+0000] {taskinstance.py:2076} INFO - Dependencies all met for dep_context=non-requeueable deps ti=<TaskInstance: etl_pipeline_ventes.extract_transform_load manual__2026-03-09T19:12:42.648016+00:00 [queued]>
[2026-03-09T19:12:44.776+0000] {taskinstance.py:2076} INFO - Dependencies all met for dep_context=requeueable deps ti=<TaskInstance: etl_pipeline_ventes.extract_transform_load manual__2026-03-09T19:12:42.648016+00:00 [queued]>
[2026-03-09T19:12:44.776+0000] {taskinstance.py:2306} INFO - Starting attempt 1 of 2
[2026-03-09T19:12:44.794+0000] {taskinstance.py:2330} INFO - Executing <Task(PythonOperator): extract_transform_load> on 2026-03-09 19:12:42.648016+00:00
[2026-03-09T19:12:44.801+0000] {warnings.py:110} WARNING - /home/***/.local/lib/python3.12/site-packages/***/task/task_runner/standard_task_runner.py:61: DeprecationWarning: This process (pid=133) is multi-threaded, use of fork() may lead to deadlocks in the child.
  pid = os.fork()

[2026-03-09T19:12:44.803+0000] {standard_task_runner.py:90} INFO - Running: ['***', 'tasks', 'run', 'etl_pipeline_ventes', 'extract_transform_load', 'manual__2026-03-09T19:12:42.648016+00:00', '--job-id', '10', '--raw', '--subdir', 'DAGS_FOLDER/etl_pipeline.py', '--cfg-path', '/tmp/tmpvzns_llq']
[2026-03-09T19:12:44.805+0000] {standard_task_runner.py:63} INFO - Started process 135 to run task
[2026-03-09T19:12:44.805+0000] {standard_task_runner.py:91} INFO - Job 10: Subtask extract_transform_load
[2026-03-09T19:12:44.851+0000] {task_command.py:426} INFO - Running <TaskInstance: etl_pipeline_ventes.extract_transform_load manual__2026-03-09T19:12:42.648016+00:00 [running]> on host a8ea32e18e21
[2026-03-09T19:12:44.943+0000] {taskinstance.py:2648} INFO - Exporting env vars: AIRFLOW_CTX_DAG_OWNER='***' AIRFLOW_CTX_DAG_ID='etl_pipeline_ventes' AIRFLOW_CTX_TASK_ID='extract_transform_load' AIRFLOW_CTX_EXECUTION_DATE='2026-03-09T19:12:42.648016+00:00' AIRFLOW_CTX_TRY_NUMBER='1' AIRFLOW_CTX_DAG_RUN_ID='manual__2026-03-09T19:12:42.648016+00:00'
[2026-03-09T19:12:44.945+0000] {taskinstance.py:430} INFO - ::endgroup::
[2026-03-09T19:12:44.957+0000] {logging_mixin.py:188} INFO - Données transformées :
[2026-03-09T19:12:44.968+0000] {logging_mixin.py:188} INFO -    product_id product_name  revenue  cost  profit_margin  profit_margin_pct
0         101    Produit A   1000.0   800       0.200000              20.00
1         102    Produit B   2000.0  1500       0.250000              25.00
2         103    Produit C   1500.0  1200       0.200000              20.00
3         104    Produit D   3000.0  2500       0.166667              16.67
4         105    Produit E   1800.0  1400       0.222222              22.22
6         107    Produit G   2200.0  1700       0.227273              22.73
7         108    Produit H   2400.0  1900       0.208333              20.83
8         109    Produit I   2800.0  2000       0.285714              28.57
9         110    Produit J   3100.0  2700       0.129032              12.90
[2026-03-09T19:12:44.971+0000] {python.py:237} INFO - Done. Returned value was: 9
[2026-03-09T19:12:44.972+0000] {taskinstance.py:441} INFO - ::group::Post task execution logs
[2026-03-09T19:12:44.996+0000] {taskinstance.py:1206} INFO - Marking task as SUCCESS. dag_id=etl_pipeline_ventes, task_id=extract_transform_load, run_id=manual__2026-03-09T19:12:42.648016+00:00, execution_date=20260309T191242, start_date=20260309T191244, end_date=20260309T191244
[2026-03-09T19:12:45.026+0000] {local_task_job_runner.py:240} INFO - Task exited with return code 0
[2026-03-09T19:12:45.049+0000] {taskinstance.py:3498} INFO - 0 downstream tasks scheduled from follow-on schedule check
[2026-03-09T19:12:45.052+0000] {local_task_job_runner.py:222} INFO - ::endgroup::
