[2026-03-06T22:30:45.469+0000] {processor.py:161} INFO - Started process (PID=76) to work on /home/airflow/.local/lib/python3.12/site-packages/airflow/example_dags/example_latest_only.py
[2026-03-06T22:30:45.470+0000] {processor.py:830} INFO - Processing file /home/airflow/.local/lib/python3.12/site-packages/airflow/example_dags/example_latest_only.py for tasks to queue
[2026-03-06T22:30:45.472+0000] {logging_mixin.py:188} INFO - [2026-03-06T22:30:45.472+0000] {dagbag.py:545} INFO - Filling up the DagBag from /home/airflow/.local/lib/python3.12/site-packages/airflow/example_dags/example_latest_only.py
[2026-03-06T22:30:45.482+0000] {processor.py:840} INFO - DAG(s) 'latest_only' retrieved from /home/airflow/.local/lib/python3.12/site-packages/airflow/example_dags/example_latest_only.py
[2026-03-06T22:30:45.616+0000] {logging_mixin.py:188} INFO - [2026-03-06T22:30:45.615+0000] {override.py:1829} INFO - Created Permission View: can delete on DAG:latest_only
[2026-03-06T22:30:45.629+0000] {logging_mixin.py:188} INFO - [2026-03-06T22:30:45.629+0000] {override.py:1829} INFO - Created Permission View: can read on DAG:latest_only
[2026-03-06T22:30:45.638+0000] {logging_mixin.py:188} INFO - [2026-03-06T22:30:45.638+0000] {override.py:1829} INFO - Created Permission View: can edit on DAG:latest_only
[2026-03-06T22:30:45.640+0000] {logging_mixin.py:188} INFO - [2026-03-06T22:30:45.640+0000] {dag.py:3096} INFO - Sync 1 DAGs
[2026-03-06T22:30:45.660+0000] {logging_mixin.py:188} INFO - [2026-03-06T22:30:45.660+0000] {dag.py:3118} INFO - Creating ORM DAG for latest_only
[2026-03-06T22:30:45.676+0000] {logging_mixin.py:188} INFO - [2026-03-06T22:30:45.675+0000] {dag.py:3954} INFO - Setting next_dagrun for latest_only to 2026-03-06 16:00:00+00:00, run_after=2026-03-06 20:00:00+00:00
[2026-03-06T22:30:45.699+0000] {processor.py:183} INFO - Processing /home/airflow/.local/lib/python3.12/site-packages/airflow/example_dags/example_latest_only.py took 0.237 seconds
[2026-03-06T22:31:20.031+0000] {processor.py:161} INFO - Started process (PID=56) to work on /home/airflow/.local/lib/python3.12/site-packages/airflow/example_dags/example_latest_only.py
[2026-03-06T22:31:20.032+0000] {processor.py:830} INFO - Processing file /home/airflow/.local/lib/python3.12/site-packages/airflow/example_dags/example_latest_only.py for tasks to queue
[2026-03-06T22:31:20.034+0000] {logging_mixin.py:188} INFO - [2026-03-06T22:31:20.034+0000] {dagbag.py:545} INFO - Filling up the DagBag from /home/airflow/.local/lib/python3.12/site-packages/airflow/example_dags/example_latest_only.py
[2026-03-06T22:31:20.044+0000] {processor.py:840} INFO - DAG(s) 'latest_only' retrieved from /home/airflow/.local/lib/python3.12/site-packages/airflow/example_dags/example_latest_only.py
[2026-03-06T22:31:20.068+0000] {logging_mixin.py:188} INFO - [2026-03-06T22:31:20.068+0000] {dag.py:3096} INFO - Sync 1 DAGs
[2026-03-06T22:31:20.100+0000] {logging_mixin.py:188} INFO - [2026-03-06T22:31:20.100+0000] {dag.py:3954} INFO - Setting next_dagrun for latest_only to 2026-03-06 16:00:00+00:00, run_after=2026-03-06 20:00:00+00:00
[2026-03-06T22:31:20.139+0000] {processor.py:183} INFO - Processing /home/airflow/.local/lib/python3.12/site-packages/airflow/example_dags/example_latest_only.py took 0.115 seconds
[2026-03-06T22:31:50.620+0000] {processor.py:161} INFO - Started process (PID=114) to work on /home/airflow/.local/lib/python3.12/site-packages/airflow/example_dags/example_latest_only.py
[2026-03-06T22:31:50.621+0000] {processor.py:830} INFO - Processing file /home/airflow/.local/lib/python3.12/site-packages/airflow/example_dags/example_latest_only.py for tasks to queue
[2026-03-06T22:31:50.625+0000] {logging_mixin.py:188} INFO - [2026-03-06T22:31:50.624+0000] {dagbag.py:545} INFO - Filling up the DagBag from /home/airflow/.local/lib/python3.12/site-packages/airflow/example_dags/example_latest_only.py
[2026-03-06T22:31:50.639+0000] {processor.py:840} INFO - DAG(s) 'latest_only' retrieved from /home/airflow/.local/lib/python3.12/site-packages/airflow/example_dags/example_latest_only.py
[2026-03-06T22:31:50.678+0000] {logging_mixin.py:188} INFO - [2026-03-06T22:31:50.677+0000] {dag.py:3096} INFO - Sync 1 DAGs
[2026-03-06T22:31:50.732+0000] {logging_mixin.py:188} INFO - [2026-03-06T22:31:50.732+0000] {dag.py:3954} INFO - Setting next_dagrun for latest_only to 2026-03-06 16:00:00+00:00, run_after=2026-03-06 20:00:00+00:00
[2026-03-06T22:31:50.785+0000] {processor.py:183} INFO - Processing /home/airflow/.local/lib/python3.12/site-packages/airflow/example_dags/example_latest_only.py took 0.174 seconds
[2026-03-06T22:32:20.999+0000] {processor.py:161} INFO - Started process (PID=172) to work on /home/airflow/.local/lib/python3.12/site-packages/airflow/example_dags/example_latest_only.py
[2026-03-06T22:32:21.001+0000] {processor.py:830} INFO - Processing file /home/airflow/.local/lib/python3.12/site-packages/airflow/example_dags/example_latest_only.py for tasks to queue
[2026-03-06T22:32:21.004+0000] {logging_mixin.py:188} INFO - [2026-03-06T22:32:21.003+0000] {dagbag.py:545} INFO - Filling up the DagBag from /home/airflow/.local/lib/python3.12/site-packages/airflow/example_dags/example_latest_only.py
[2026-03-06T22:32:21.013+0000] {processor.py:840} INFO - DAG(s) 'latest_only' retrieved from /home/airflow/.local/lib/python3.12/site-packages/airflow/example_dags/example_latest_only.py
[2026-03-06T22:32:21.041+0000] {logging_mixin.py:188} INFO - [2026-03-06T22:32:21.040+0000] {dag.py:3096} INFO - Sync 1 DAGs
[2026-03-06T22:32:21.076+0000] {logging_mixin.py:188} INFO - [2026-03-06T22:32:21.075+0000] {dag.py:3954} INFO - Setting next_dagrun for latest_only to 2026-03-06 16:00:00+00:00, run_after=2026-03-06 20:00:00+00:00
[2026-03-06T22:32:21.109+0000] {processor.py:183} INFO - Processing /home/airflow/.local/lib/python3.12/site-packages/airflow/example_dags/example_latest_only.py took 0.117 seconds
[2026-03-06T22:32:51.173+0000] {processor.py:161} INFO - Started process (PID=230) to work on /home/airflow/.local/lib/python3.12/site-packages/airflow/example_dags/example_latest_only.py
[2026-03-06T22:32:51.174+0000] {processor.py:830} INFO - Processing file /home/airflow/.local/lib/python3.12/site-packages/airflow/example_dags/example_latest_only.py for tasks to queue
[2026-03-06T22:32:51.177+0000] {logging_mixin.py:188} INFO - [2026-03-06T22:32:51.177+0000] {dagbag.py:545} INFO - Filling up the DagBag from /home/airflow/.local/lib/python3.12/site-packages/airflow/example_dags/example_latest_only.py
[2026-03-06T22:32:51.183+0000] {processor.py:840} INFO - DAG(s) 'latest_only' retrieved from /home/airflow/.local/lib/python3.12/site-packages/airflow/example_dags/example_latest_only.py
[2026-03-06T22:32:51.205+0000] {logging_mixin.py:188} INFO - [2026-03-06T22:32:51.204+0000] {dag.py:3096} INFO - Sync 1 DAGs
[2026-03-06T22:32:51.241+0000] {logging_mixin.py:188} INFO - [2026-03-06T22:32:51.241+0000] {dag.py:3954} INFO - Setting next_dagrun for latest_only to 2026-03-06 16:00:00+00:00, run_after=2026-03-06 20:00:00+00:00
[2026-03-06T22:32:51.268+0000] {processor.py:183} INFO - Processing /home/airflow/.local/lib/python3.12/site-packages/airflow/example_dags/example_latest_only.py took 0.102 seconds
[2026-03-06T22:33:22.463+0000] {processor.py:161} INFO - Started process (PID=288) to work on /home/airflow/.local/lib/python3.12/site-packages/airflow/example_dags/example_latest_only.py
[2026-03-06T22:33:22.465+0000] {processor.py:830} INFO - Processing file /home/airflow/.local/lib/python3.12/site-packages/airflow/example_dags/example_latest_only.py for tasks to queue
[2026-03-06T22:33:22.468+0000] {logging_mixin.py:188} INFO - [2026-03-06T22:33:22.468+0000] {dagbag.py:545} INFO - Filling up the DagBag from /home/airflow/.local/lib/python3.12/site-packages/airflow/example_dags/example_latest_only.py
[2026-03-06T22:33:22.477+0000] {processor.py:840} INFO - DAG(s) 'latest_only' retrieved from /home/airflow/.local/lib/python3.12/site-packages/airflow/example_dags/example_latest_only.py
[2026-03-06T22:33:22.625+0000] {logging_mixin.py:188} INFO - [2026-03-06T22:33:22.625+0000] {dag.py:3096} INFO - Sync 1 DAGs
[2026-03-06T22:33:22.667+0000] {logging_mixin.py:188} INFO - [2026-03-06T22:33:22.666+0000] {dag.py:3954} INFO - Setting next_dagrun for latest_only to 2026-03-06 16:00:00+00:00, run_after=2026-03-06 20:00:00+00:00
[2026-03-06T22:33:22.704+0000] {processor.py:183} INFO - Processing /home/airflow/.local/lib/python3.12/site-packages/airflow/example_dags/example_latest_only.py took 0.248 seconds
[2026-03-06T22:33:52.748+0000] {processor.py:161} INFO - Started process (PID=346) to work on /home/airflow/.local/lib/python3.12/site-packages/airflow/example_dags/example_latest_only.py
[2026-03-06T22:33:52.749+0000] {processor.py:830} INFO - Processing file /home/airflow/.local/lib/python3.12/site-packages/airflow/example_dags/example_latest_only.py for tasks to queue
[2026-03-06T22:33:52.752+0000] {logging_mixin.py:188} INFO - [2026-03-06T22:33:52.752+0000] {dagbag.py:545} INFO - Filling up the DagBag from /home/airflow/.local/lib/python3.12/site-packages/airflow/example_dags/example_latest_only.py
[2026-03-06T22:33:52.759+0000] {processor.py:840} INFO - DAG(s) 'latest_only' retrieved from /home/airflow/.local/lib/python3.12/site-packages/airflow/example_dags/example_latest_only.py
[2026-03-06T22:33:52.782+0000] {logging_mixin.py:188} INFO - [2026-03-06T22:33:52.782+0000] {dag.py:3096} INFO - Sync 1 DAGs
[2026-03-06T22:33:52.811+0000] {logging_mixin.py:188} INFO - [2026-03-06T22:33:52.810+0000] {dag.py:3954} INFO - Setting next_dagrun for latest_only to 2026-03-06 16:00:00+00:00, run_after=2026-03-06 20:00:00+00:00
[2026-03-06T22:33:52.840+0000] {processor.py:183} INFO - Processing /home/airflow/.local/lib/python3.12/site-packages/airflow/example_dags/example_latest_only.py took 0.099 seconds
[2026-03-06T22:34:22.993+0000] {processor.py:161} INFO - Started process (PID=404) to work on /home/airflow/.local/lib/python3.12/site-packages/airflow/example_dags/example_latest_only.py
[2026-03-06T22:34:22.994+0000] {processor.py:830} INFO - Processing file /home/airflow/.local/lib/python3.12/site-packages/airflow/example_dags/example_latest_only.py for tasks to queue
[2026-03-06T22:34:22.997+0000] {logging_mixin.py:188} INFO - [2026-03-06T22:34:22.996+0000] {dagbag.py:545} INFO - Filling up the DagBag from /home/airflow/.local/lib/python3.12/site-packages/airflow/example_dags/example_latest_only.py
[2026-03-06T22:34:23.003+0000] {processor.py:840} INFO - DAG(s) 'latest_only' retrieved from /home/airflow/.local/lib/python3.12/site-packages/airflow/example_dags/example_latest_only.py
[2026-03-06T22:34:23.027+0000] {logging_mixin.py:188} INFO - [2026-03-06T22:34:23.027+0000] {dag.py:3096} INFO - Sync 1 DAGs
[2026-03-06T22:34:23.061+0000] {logging_mixin.py:188} INFO - [2026-03-06T22:34:23.061+0000] {dag.py:3954} INFO - Setting next_dagrun for latest_only to 2026-03-06 16:00:00+00:00, run_after=2026-03-06 20:00:00+00:00
[2026-03-06T22:34:23.090+0000] {processor.py:183} INFO - Processing /home/airflow/.local/lib/python3.12/site-packages/airflow/example_dags/example_latest_only.py took 0.104 seconds
[2026-03-06T22:34:53.392+0000] {processor.py:161} INFO - Started process (PID=462) to work on /home/airflow/.local/lib/python3.12/site-packages/airflow/example_dags/example_latest_only.py
[2026-03-06T22:34:53.393+0000] {processor.py:830} INFO - Processing file /home/airflow/.local/lib/python3.12/site-packages/airflow/example_dags/example_latest_only.py for tasks to queue
[2026-03-06T22:34:53.402+0000] {logging_mixin.py:188} INFO - [2026-03-06T22:34:53.401+0000] {dagbag.py:545} INFO - Filling up the DagBag from /home/airflow/.local/lib/python3.12/site-packages/airflow/example_dags/example_latest_only.py
[2026-03-06T22:34:53.413+0000] {processor.py:840} INFO - DAG(s) 'latest_only' retrieved from /home/airflow/.local/lib/python3.12/site-packages/airflow/example_dags/example_latest_only.py
[2026-03-06T22:34:53.460+0000] {logging_mixin.py:188} INFO - [2026-03-06T22:34:53.459+0000] {dag.py:3096} INFO - Sync 1 DAGs
[2026-03-06T22:34:53.498+0000] {logging_mixin.py:188} INFO - [2026-03-06T22:34:53.495+0000] {dag.py:3954} INFO - Setting next_dagrun for latest_only to 2026-03-06 16:00:00+00:00, run_after=2026-03-06 20:00:00+00:00
[2026-03-06T22:34:53.542+0000] {processor.py:183} INFO - Processing /home/airflow/.local/lib/python3.12/site-packages/airflow/example_dags/example_latest_only.py took 0.158 seconds
[2026-03-06T22:35:23.742+0000] {processor.py:161} INFO - Started process (PID=520) to work on /home/airflow/.local/lib/python3.12/site-packages/airflow/example_dags/example_latest_only.py
[2026-03-06T22:35:23.744+0000] {processor.py:830} INFO - Processing file /home/airflow/.local/lib/python3.12/site-packages/airflow/example_dags/example_latest_only.py for tasks to queue
[2026-03-06T22:35:23.747+0000] {logging_mixin.py:188} INFO - [2026-03-06T22:35:23.746+0000] {dagbag.py:545} INFO - Filling up the DagBag from /home/airflow/.local/lib/python3.12/site-packages/airflow/example_dags/example_latest_only.py
[2026-03-06T22:35:23.756+0000] {processor.py:840} INFO - DAG(s) 'latest_only' retrieved from /home/airflow/.local/lib/python3.12/site-packages/airflow/example_dags/example_latest_only.py
[2026-03-06T22:35:23.789+0000] {logging_mixin.py:188} INFO - [2026-03-06T22:35:23.789+0000] {dag.py:3096} INFO - Sync 1 DAGs
[2026-03-06T22:35:23.830+0000] {logging_mixin.py:188} INFO - [2026-03-06T22:35:23.829+0000] {dag.py:3954} INFO - Setting next_dagrun for latest_only to 2026-03-06 16:00:00+00:00, run_after=2026-03-06 20:00:00+00:00
[2026-03-06T22:35:23.869+0000] {processor.py:183} INFO - Processing /home/airflow/.local/lib/python3.12/site-packages/airflow/example_dags/example_latest_only.py took 0.134 seconds
[2026-03-06T22:35:54.025+0000] {processor.py:161} INFO - Started process (PID=578) to work on /home/airflow/.local/lib/python3.12/site-packages/airflow/example_dags/example_latest_only.py
[2026-03-06T22:35:54.026+0000] {processor.py:830} INFO - Processing file /home/airflow/.local/lib/python3.12/site-packages/airflow/example_dags/example_latest_only.py for tasks to queue
[2026-03-06T22:35:54.029+0000] {logging_mixin.py:188} INFO - [2026-03-06T22:35:54.028+0000] {dagbag.py:545} INFO - Filling up the DagBag from /home/airflow/.local/lib/python3.12/site-packages/airflow/example_dags/example_latest_only.py
[2026-03-06T22:35:54.036+0000] {processor.py:840} INFO - DAG(s) 'latest_only' retrieved from /home/airflow/.local/lib/python3.12/site-packages/airflow/example_dags/example_latest_only.py
[2026-03-06T22:35:54.061+0000] {logging_mixin.py:188} INFO - [2026-03-06T22:35:54.060+0000] {dag.py:3096} INFO - Sync 1 DAGs
[2026-03-06T22:35:54.097+0000] {logging_mixin.py:188} INFO - [2026-03-06T22:35:54.097+0000] {dag.py:3954} INFO - Setting next_dagrun for latest_only to 2026-03-06 16:00:00+00:00, run_after=2026-03-06 20:00:00+00:00
[2026-03-06T22:35:54.127+0000] {processor.py:183} INFO - Processing /home/airflow/.local/lib/python3.12/site-packages/airflow/example_dags/example_latest_only.py took 0.109 seconds
[2026-03-06T22:36:24.382+0000] {processor.py:161} INFO - Started process (PID=642) to work on /home/airflow/.local/lib/python3.12/site-packages/airflow/example_dags/example_latest_only.py
[2026-03-06T22:36:24.383+0000] {processor.py:830} INFO - Processing file /home/airflow/.local/lib/python3.12/site-packages/airflow/example_dags/example_latest_only.py for tasks to queue
[2026-03-06T22:36:24.387+0000] {logging_mixin.py:188} INFO - [2026-03-06T22:36:24.386+0000] {dagbag.py:545} INFO - Filling up the DagBag from /home/airflow/.local/lib/python3.12/site-packages/airflow/example_dags/example_latest_only.py
[2026-03-06T22:36:24.394+0000] {processor.py:840} INFO - DAG(s) 'latest_only' retrieved from /home/airflow/.local/lib/python3.12/site-packages/airflow/example_dags/example_latest_only.py
[2026-03-06T22:36:24.423+0000] {logging_mixin.py:188} INFO - [2026-03-06T22:36:24.422+0000] {dag.py:3096} INFO - Sync 1 DAGs
[2026-03-06T22:36:24.460+0000] {logging_mixin.py:188} INFO - [2026-03-06T22:36:24.459+0000] {dag.py:3954} INFO - Setting next_dagrun for latest_only to 2026-03-06 16:00:00+00:00, run_after=2026-03-06 20:00:00+00:00
[2026-03-06T22:36:24.497+0000] {processor.py:183} INFO - Processing /home/airflow/.local/lib/python3.12/site-packages/airflow/example_dags/example_latest_only.py took 0.122 seconds
[2026-03-06T22:36:54.551+0000] {processor.py:161} INFO - Started process (PID=699) to work on /home/airflow/.local/lib/python3.12/site-packages/airflow/example_dags/example_latest_only.py
[2026-03-06T22:36:54.552+0000] {processor.py:830} INFO - Processing file /home/airflow/.local/lib/python3.12/site-packages/airflow/example_dags/example_latest_only.py for tasks to queue
[2026-03-06T22:36:54.556+0000] {logging_mixin.py:188} INFO - [2026-03-06T22:36:54.555+0000] {dagbag.py:545} INFO - Filling up the DagBag from /home/airflow/.local/lib/python3.12/site-packages/airflow/example_dags/example_latest_only.py
[2026-03-06T22:36:54.565+0000] {processor.py:840} INFO - DAG(s) 'latest_only' retrieved from /home/airflow/.local/lib/python3.12/site-packages/airflow/example_dags/example_latest_only.py
[2026-03-06T22:36:54.589+0000] {logging_mixin.py:188} INFO - [2026-03-06T22:36:54.589+0000] {dag.py:3096} INFO - Sync 1 DAGs
[2026-03-06T22:36:54.618+0000] {logging_mixin.py:188} INFO - [2026-03-06T22:36:54.617+0000] {dag.py:3954} INFO - Setting next_dagrun for latest_only to 2026-03-06 16:00:00+00:00, run_after=2026-03-06 20:00:00+00:00
[2026-03-06T22:36:54.648+0000] {processor.py:183} INFO - Processing /home/airflow/.local/lib/python3.12/site-packages/airflow/example_dags/example_latest_only.py took 0.108 seconds
[2026-03-06T22:37:25.065+0000] {processor.py:161} INFO - Started process (PID=757) to work on /home/airflow/.local/lib/python3.12/site-packages/airflow/example_dags/example_latest_only.py
[2026-03-06T22:37:25.066+0000] {processor.py:830} INFO - Processing file /home/airflow/.local/lib/python3.12/site-packages/airflow/example_dags/example_latest_only.py for tasks to queue
[2026-03-06T22:37:25.069+0000] {logging_mixin.py:188} INFO - [2026-03-06T22:37:25.069+0000] {dagbag.py:545} INFO - Filling up the DagBag from /home/airflow/.local/lib/python3.12/site-packages/airflow/example_dags/example_latest_only.py
[2026-03-06T22:37:25.076+0000] {processor.py:840} INFO - DAG(s) 'latest_only' retrieved from /home/airflow/.local/lib/python3.12/site-packages/airflow/example_dags/example_latest_only.py
[2026-03-06T22:37:25.101+0000] {logging_mixin.py:188} INFO - [2026-03-06T22:37:25.101+0000] {dag.py:3096} INFO - Sync 1 DAGs
[2026-03-06T22:37:25.127+0000] {logging_mixin.py:188} INFO - [2026-03-06T22:37:25.127+0000] {dag.py:3954} INFO - Setting next_dagrun for latest_only to 2026-03-06 16:00:00+00:00, run_after=2026-03-06 20:00:00+00:00
[2026-03-06T22:37:25.152+0000] {processor.py:183} INFO - Processing /home/airflow/.local/lib/python3.12/site-packages/airflow/example_dags/example_latest_only.py took 0.096 seconds
[2026-03-06T22:37:55.592+0000] {processor.py:161} INFO - Started process (PID=815) to work on /home/airflow/.local/lib/python3.12/site-packages/airflow/example_dags/example_latest_only.py
[2026-03-06T22:37:55.594+0000] {processor.py:830} INFO - Processing file /home/airflow/.local/lib/python3.12/site-packages/airflow/example_dags/example_latest_only.py for tasks to queue
[2026-03-06T22:37:55.598+0000] {logging_mixin.py:188} INFO - [2026-03-06T22:37:55.598+0000] {dagbag.py:545} INFO - Filling up the DagBag from /home/airflow/.local/lib/python3.12/site-packages/airflow/example_dags/example_latest_only.py
[2026-03-06T22:37:55.608+0000] {processor.py:840} INFO - DAG(s) 'latest_only' retrieved from /home/airflow/.local/lib/python3.12/site-packages/airflow/example_dags/example_latest_only.py
[2026-03-06T22:37:55.640+0000] {logging_mixin.py:188} INFO - [2026-03-06T22:37:55.640+0000] {dag.py:3096} INFO - Sync 1 DAGs
[2026-03-06T22:37:55.679+0000] {logging_mixin.py:188} INFO - [2026-03-06T22:37:55.679+0000] {dag.py:3954} INFO - Setting next_dagrun for latest_only to 2026-03-06 16:00:00+00:00, run_after=2026-03-06 20:00:00+00:00
[2026-03-06T22:37:55.717+0000] {processor.py:183} INFO - Processing /home/airflow/.local/lib/python3.12/site-packages/airflow/example_dags/example_latest_only.py took 0.135 seconds
[2026-03-06T22:38:25.751+0000] {processor.py:161} INFO - Started process (PID=873) to work on /home/airflow/.local/lib/python3.12/site-packages/airflow/example_dags/example_latest_only.py
[2026-03-06T22:38:25.752+0000] {processor.py:830} INFO - Processing file /home/airflow/.local/lib/python3.12/site-packages/airflow/example_dags/example_latest_only.py for tasks to queue
[2026-03-06T22:38:25.755+0000] {logging_mixin.py:188} INFO - [2026-03-06T22:38:25.755+0000] {dagbag.py:545} INFO - Filling up the DagBag from /home/airflow/.local/lib/python3.12/site-packages/airflow/example_dags/example_latest_only.py
[2026-03-06T22:38:25.763+0000] {processor.py:840} INFO - DAG(s) 'latest_only' retrieved from /home/airflow/.local/lib/python3.12/site-packages/airflow/example_dags/example_latest_only.py
[2026-03-06T22:38:25.790+0000] {logging_mixin.py:188} INFO - [2026-03-06T22:38:25.790+0000] {dag.py:3096} INFO - Sync 1 DAGs
[2026-03-06T22:38:25.820+0000] {logging_mixin.py:188} INFO - [2026-03-06T22:38:25.820+0000] {dag.py:3954} INFO - Setting next_dagrun for latest_only to 2026-03-06 16:00:00+00:00, run_after=2026-03-06 20:00:00+00:00
[2026-03-06T22:38:25.843+0000] {processor.py:183} INFO - Processing /home/airflow/.local/lib/python3.12/site-packages/airflow/example_dags/example_latest_only.py took 0.100 seconds
[2026-03-06T22:38:56.484+0000] {processor.py:161} INFO - Started process (PID=931) to work on /home/airflow/.local/lib/python3.12/site-packages/airflow/example_dags/example_latest_only.py
[2026-03-06T22:38:56.485+0000] {processor.py:830} INFO - Processing file /home/airflow/.local/lib/python3.12/site-packages/airflow/example_dags/example_latest_only.py for tasks to queue
[2026-03-06T22:38:56.488+0000] {logging_mixin.py:188} INFO - [2026-03-06T22:38:56.487+0000] {dagbag.py:545} INFO - Filling up the DagBag from /home/airflow/.local/lib/python3.12/site-packages/airflow/example_dags/example_latest_only.py
[2026-03-06T22:38:56.495+0000] {processor.py:840} INFO - DAG(s) 'latest_only' retrieved from /home/airflow/.local/lib/python3.12/site-packages/airflow/example_dags/example_latest_only.py
[2026-03-06T22:38:56.522+0000] {logging_mixin.py:188} INFO - [2026-03-06T22:38:56.522+0000] {dag.py:3096} INFO - Sync 1 DAGs
[2026-03-06T22:38:56.553+0000] {logging_mixin.py:188} INFO - [2026-03-06T22:38:56.553+0000] {dag.py:3954} INFO - Setting next_dagrun for latest_only to 2026-03-06 16:00:00+00:00, run_after=2026-03-06 20:00:00+00:00
[2026-03-06T22:38:56.581+0000] {processor.py:183} INFO - Processing /home/airflow/.local/lib/python3.12/site-packages/airflow/example_dags/example_latest_only.py took 0.105 seconds
[2026-03-06T22:39:26.789+0000] {processor.py:161} INFO - Started process (PID=989) to work on /home/airflow/.local/lib/python3.12/site-packages/airflow/example_dags/example_latest_only.py
[2026-03-06T22:39:26.790+0000] {processor.py:830} INFO - Processing file /home/airflow/.local/lib/python3.12/site-packages/airflow/example_dags/example_latest_only.py for tasks to queue
[2026-03-06T22:39:26.792+0000] {logging_mixin.py:188} INFO - [2026-03-06T22:39:26.792+0000] {dagbag.py:545} INFO - Filling up the DagBag from /home/airflow/.local/lib/python3.12/site-packages/airflow/example_dags/example_latest_only.py
[2026-03-06T22:39:26.798+0000] {processor.py:840} INFO - DAG(s) 'latest_only' retrieved from /home/airflow/.local/lib/python3.12/site-packages/airflow/example_dags/example_latest_only.py
[2026-03-06T22:39:26.822+0000] {logging_mixin.py:188} INFO - [2026-03-06T22:39:26.821+0000] {dag.py:3096} INFO - Sync 1 DAGs
[2026-03-06T22:39:26.849+0000] {logging_mixin.py:188} INFO - [2026-03-06T22:39:26.848+0000] {dag.py:3954} INFO - Setting next_dagrun for latest_only to 2026-03-06 16:00:00+00:00, run_after=2026-03-06 20:00:00+00:00
[2026-03-06T22:39:26.874+0000] {processor.py:183} INFO - Processing /home/airflow/.local/lib/python3.12/site-packages/airflow/example_dags/example_latest_only.py took 0.092 seconds
[2026-03-06T22:39:57.026+0000] {processor.py:161} INFO - Started process (PID=1047) to work on /home/airflow/.local/lib/python3.12/site-packages/airflow/example_dags/example_latest_only.py
[2026-03-06T22:39:57.027+0000] {processor.py:830} INFO - Processing file /home/airflow/.local/lib/python3.12/site-packages/airflow/example_dags/example_latest_only.py for tasks to queue
[2026-03-06T22:39:57.030+0000] {logging_mixin.py:188} INFO - [2026-03-06T22:39:57.029+0000] {dagbag.py:545} INFO - Filling up the DagBag from /home/airflow/.local/lib/python3.12/site-packages/airflow/example_dags/example_latest_only.py
[2026-03-06T22:39:57.036+0000] {processor.py:840} INFO - DAG(s) 'latest_only' retrieved from /home/airflow/.local/lib/python3.12/site-packages/airflow/example_dags/example_latest_only.py
[2026-03-06T22:39:57.057+0000] {logging_mixin.py:188} INFO - [2026-03-06T22:39:57.056+0000] {dag.py:3096} INFO - Sync 1 DAGs
[2026-03-06T22:39:57.085+0000] {logging_mixin.py:188} INFO - [2026-03-06T22:39:57.084+0000] {dag.py:3954} INFO - Setting next_dagrun for latest_only to 2026-03-06 16:00:00+00:00, run_after=2026-03-06 20:00:00+00:00
[2026-03-06T22:39:57.107+0000] {processor.py:183} INFO - Processing /home/airflow/.local/lib/python3.12/site-packages/airflow/example_dags/example_latest_only.py took 0.087 seconds
[2026-03-06T22:40:27.262+0000] {processor.py:161} INFO - Started process (PID=1105) to work on /home/airflow/.local/lib/python3.12/site-packages/airflow/example_dags/example_latest_only.py
[2026-03-06T22:40:27.263+0000] {processor.py:830} INFO - Processing file /home/airflow/.local/lib/python3.12/site-packages/airflow/example_dags/example_latest_only.py for tasks to queue
[2026-03-06T22:40:27.266+0000] {logging_mixin.py:188} INFO - [2026-03-06T22:40:27.266+0000] {dagbag.py:545} INFO - Filling up the DagBag from /home/airflow/.local/lib/python3.12/site-packages/airflow/example_dags/example_latest_only.py
[2026-03-06T22:40:27.279+0000] {processor.py:840} INFO - DAG(s) 'latest_only' retrieved from /home/airflow/.local/lib/python3.12/site-packages/airflow/example_dags/example_latest_only.py
[2026-03-06T22:40:27.305+0000] {logging_mixin.py:188} INFO - [2026-03-06T22:40:27.305+0000] {dag.py:3096} INFO - Sync 1 DAGs
[2026-03-06T22:40:27.335+0000] {logging_mixin.py:188} INFO - [2026-03-06T22:40:27.335+0000] {dag.py:3954} INFO - Setting next_dagrun for latest_only to 2026-03-06 16:00:00+00:00, run_after=2026-03-06 20:00:00+00:00
[2026-03-06T22:40:27.362+0000] {processor.py:183} INFO - Processing /home/airflow/.local/lib/python3.12/site-packages/airflow/example_dags/example_latest_only.py took 0.111 seconds
[2026-03-06T22:40:57.726+0000] {processor.py:161} INFO - Started process (PID=1163) to work on /home/airflow/.local/lib/python3.12/site-packages/airflow/example_dags/example_latest_only.py
[2026-03-06T22:40:57.727+0000] {processor.py:830} INFO - Processing file /home/airflow/.local/lib/python3.12/site-packages/airflow/example_dags/example_latest_only.py for tasks to queue
[2026-03-06T22:40:57.730+0000] {logging_mixin.py:188} INFO - [2026-03-06T22:40:57.729+0000] {dagbag.py:545} INFO - Filling up the DagBag from /home/airflow/.local/lib/python3.12/site-packages/airflow/example_dags/example_latest_only.py
[2026-03-06T22:40:57.736+0000] {processor.py:840} INFO - DAG(s) 'latest_only' retrieved from /home/airflow/.local/lib/python3.12/site-packages/airflow/example_dags/example_latest_only.py
[2026-03-06T22:40:57.759+0000] {logging_mixin.py:188} INFO - [2026-03-06T22:40:57.759+0000] {dag.py:3096} INFO - Sync 1 DAGs
[2026-03-06T22:40:57.787+0000] {logging_mixin.py:188} INFO - [2026-03-06T22:40:57.786+0000] {dag.py:3954} INFO - Setting next_dagrun for latest_only to 2026-03-06 16:00:00+00:00, run_after=2026-03-06 20:00:00+00:00
[2026-03-06T22:40:57.811+0000] {processor.py:183} INFO - Processing /home/airflow/.local/lib/python3.12/site-packages/airflow/example_dags/example_latest_only.py took 0.092 seconds
