[2026-03-06T22:30:50.138+0000] {processor.py:161} INFO - Started process (PID=101) to work on /home/airflow/.local/lib/python3.12/site-packages/airflow/example_dags/example_task_group_decorator.py
[2026-03-06T22:30:50.140+0000] {processor.py:830} INFO - Processing file /home/airflow/.local/lib/python3.12/site-packages/airflow/example_dags/example_task_group_decorator.py for tasks to queue
[2026-03-06T22:30:50.143+0000] {logging_mixin.py:188} INFO - [2026-03-06T22:30:50.143+0000] {dagbag.py:545} INFO - Filling up the DagBag from /home/airflow/.local/lib/python3.12/site-packages/airflow/example_dags/example_task_group_decorator.py
[2026-03-06T22:30:50.177+0000] {processor.py:840} INFO - DAG(s) 'example_task_group_decorator' retrieved from /home/airflow/.local/lib/python3.12/site-packages/airflow/example_dags/example_task_group_decorator.py
[2026-03-06T22:30:50.325+0000] {logging_mixin.py:188} INFO - [2026-03-06T22:30:50.324+0000] {override.py:1829} INFO - Created Permission View: can delete on DAG:example_task_group_decorator
[2026-03-06T22:30:50.341+0000] {logging_mixin.py:188} INFO - [2026-03-06T22:30:50.340+0000] {override.py:1829} INFO - Created Permission View: can read on DAG:example_task_group_decorator
[2026-03-06T22:30:50.351+0000] {logging_mixin.py:188} INFO - [2026-03-06T22:30:50.350+0000] {override.py:1829} INFO - Created Permission View: can edit on DAG:example_task_group_decorator
[2026-03-06T22:30:50.352+0000] {logging_mixin.py:188} INFO - [2026-03-06T22:30:50.351+0000] {dag.py:3096} INFO - Sync 1 DAGs
[2026-03-06T22:30:50.372+0000] {logging_mixin.py:188} INFO - [2026-03-06T22:30:50.371+0000] {dag.py:3118} INFO - Creating ORM DAG for example_task_group_decorator
[2026-03-06T22:30:50.384+0000] {logging_mixin.py:188} INFO - [2026-03-06T22:30:50.384+0000] {dag.py:3954} INFO - Setting next_dagrun for example_task_group_decorator to 2026-03-05 00:00:00+00:00, run_after=2026-03-06 00:00:00+00:00
[2026-03-06T22:30:50.407+0000] {processor.py:183} INFO - Processing /home/airflow/.local/lib/python3.12/site-packages/airflow/example_dags/example_task_group_decorator.py took 0.278 seconds
[2026-03-06T22:31:22.463+0000] {processor.py:161} INFO - Started process (PID=81) to work on /home/airflow/.local/lib/python3.12/site-packages/airflow/example_dags/example_task_group_decorator.py
[2026-03-06T22:31:22.465+0000] {processor.py:830} INFO - Processing file /home/airflow/.local/lib/python3.12/site-packages/airflow/example_dags/example_task_group_decorator.py for tasks to queue
[2026-03-06T22:31:22.468+0000] {logging_mixin.py:188} INFO - [2026-03-06T22:31:22.467+0000] {dagbag.py:545} INFO - Filling up the DagBag from /home/airflow/.local/lib/python3.12/site-packages/airflow/example_dags/example_task_group_decorator.py
[2026-03-06T22:31:22.493+0000] {processor.py:840} INFO - DAG(s) 'example_task_group_decorator' retrieved from /home/airflow/.local/lib/python3.12/site-packages/airflow/example_dags/example_task_group_decorator.py
[2026-03-06T22:31:22.546+0000] {logging_mixin.py:188} INFO - [2026-03-06T22:31:22.546+0000] {dag.py:3096} INFO - Sync 1 DAGs
[2026-03-06T22:31:22.581+0000] {logging_mixin.py:188} INFO - [2026-03-06T22:31:22.581+0000] {dag.py:3954} INFO - Setting next_dagrun for example_task_group_decorator to 2026-03-05 00:00:00+00:00, run_after=2026-03-06 00:00:00+00:00
[2026-03-06T22:31:22.615+0000] {processor.py:183} INFO - Processing /home/airflow/.local/lib/python3.12/site-packages/airflow/example_dags/example_task_group_decorator.py took 0.160 seconds
[2026-03-06T22:31:52.665+0000] {processor.py:161} INFO - Started process (PID=139) to work on /home/airflow/.local/lib/python3.12/site-packages/airflow/example_dags/example_task_group_decorator.py
[2026-03-06T22:31:52.668+0000] {processor.py:830} INFO - Processing file /home/airflow/.local/lib/python3.12/site-packages/airflow/example_dags/example_task_group_decorator.py for tasks to queue
[2026-03-06T22:31:52.672+0000] {logging_mixin.py:188} INFO - [2026-03-06T22:31:52.671+0000] {dagbag.py:545} INFO - Filling up the DagBag from /home/airflow/.local/lib/python3.12/site-packages/airflow/example_dags/example_task_group_decorator.py
[2026-03-06T22:31:52.694+0000] {processor.py:840} INFO - DAG(s) 'example_task_group_decorator' retrieved from /home/airflow/.local/lib/python3.12/site-packages/airflow/example_dags/example_task_group_decorator.py
[2026-03-06T22:31:52.736+0000] {logging_mixin.py:188} INFO - [2026-03-06T22:31:52.735+0000] {dag.py:3096} INFO - Sync 1 DAGs
[2026-03-06T22:31:52.773+0000] {logging_mixin.py:188} INFO - [2026-03-06T22:31:52.773+0000] {dag.py:3954} INFO - Setting next_dagrun for example_task_group_decorator to 2026-03-05 00:00:00+00:00, run_after=2026-03-06 00:00:00+00:00
[2026-03-06T22:31:52.814+0000] {processor.py:183} INFO - Processing /home/airflow/.local/lib/python3.12/site-packages/airflow/example_dags/example_task_group_decorator.py took 0.159 seconds
[2026-03-06T22:32:23.007+0000] {processor.py:161} INFO - Started process (PID=197) to work on /home/airflow/.local/lib/python3.12/site-packages/airflow/example_dags/example_task_group_decorator.py
[2026-03-06T22:32:23.008+0000] {processor.py:830} INFO - Processing file /home/airflow/.local/lib/python3.12/site-packages/airflow/example_dags/example_task_group_decorator.py for tasks to queue
[2026-03-06T22:32:23.012+0000] {logging_mixin.py:188} INFO - [2026-03-06T22:32:23.011+0000] {dagbag.py:545} INFO - Filling up the DagBag from /home/airflow/.local/lib/python3.12/site-packages/airflow/example_dags/example_task_group_decorator.py
[2026-03-06T22:32:23.037+0000] {processor.py:840} INFO - DAG(s) 'example_task_group_decorator' retrieved from /home/airflow/.local/lib/python3.12/site-packages/airflow/example_dags/example_task_group_decorator.py
[2026-03-06T22:32:23.068+0000] {logging_mixin.py:188} INFO - [2026-03-06T22:32:23.068+0000] {dag.py:3096} INFO - Sync 1 DAGs
[2026-03-06T22:32:23.098+0000] {logging_mixin.py:188} INFO - [2026-03-06T22:32:23.097+0000] {dag.py:3954} INFO - Setting next_dagrun for example_task_group_decorator to 2026-03-05 00:00:00+00:00, run_after=2026-03-06 00:00:00+00:00
[2026-03-06T22:32:23.132+0000] {processor.py:183} INFO - Processing /home/airflow/.local/lib/python3.12/site-packages/airflow/example_dags/example_task_group_decorator.py took 0.131 seconds
[2026-03-06T22:32:53.267+0000] {processor.py:161} INFO - Started process (PID=255) to work on /home/airflow/.local/lib/python3.12/site-packages/airflow/example_dags/example_task_group_decorator.py
[2026-03-06T22:32:53.269+0000] {processor.py:830} INFO - Processing file /home/airflow/.local/lib/python3.12/site-packages/airflow/example_dags/example_task_group_decorator.py for tasks to queue
[2026-03-06T22:32:53.272+0000] {logging_mixin.py:188} INFO - [2026-03-06T22:32:53.271+0000] {dagbag.py:545} INFO - Filling up the DagBag from /home/airflow/.local/lib/python3.12/site-packages/airflow/example_dags/example_task_group_decorator.py
[2026-03-06T22:32:53.288+0000] {processor.py:840} INFO - DAG(s) 'example_task_group_decorator' retrieved from /home/airflow/.local/lib/python3.12/site-packages/airflow/example_dags/example_task_group_decorator.py
[2026-03-06T22:32:53.301+0000] {logging_mixin.py:188} INFO - [2026-03-06T22:32:53.300+0000] {dag.py:3096} INFO - Sync 1 DAGs
[2026-03-06T22:32:53.328+0000] {logging_mixin.py:188} INFO - [2026-03-06T22:32:53.327+0000] {dag.py:3954} INFO - Setting next_dagrun for example_task_group_decorator to 2026-03-05 00:00:00+00:00, run_after=2026-03-06 00:00:00+00:00
[2026-03-06T22:32:53.369+0000] {processor.py:183} INFO - Processing /home/airflow/.local/lib/python3.12/site-packages/airflow/example_dags/example_task_group_decorator.py took 0.108 seconds
[2026-03-06T22:33:25.845+0000] {processor.py:161} INFO - Started process (PID=319) to work on /home/airflow/.local/lib/python3.12/site-packages/airflow/example_dags/example_task_group_decorator.py
[2026-03-06T22:33:25.847+0000] {processor.py:830} INFO - Processing file /home/airflow/.local/lib/python3.12/site-packages/airflow/example_dags/example_task_group_decorator.py for tasks to queue
[2026-03-06T22:33:25.849+0000] {logging_mixin.py:188} INFO - [2026-03-06T22:33:25.849+0000] {dagbag.py:545} INFO - Filling up the DagBag from /home/airflow/.local/lib/python3.12/site-packages/airflow/example_dags/example_task_group_decorator.py
[2026-03-06T22:33:25.869+0000] {processor.py:840} INFO - DAG(s) 'example_task_group_decorator' retrieved from /home/airflow/.local/lib/python3.12/site-packages/airflow/example_dags/example_task_group_decorator.py
[2026-03-06T22:33:26.029+0000] {logging_mixin.py:188} INFO - [2026-03-06T22:33:26.029+0000] {dag.py:3096} INFO - Sync 1 DAGs
[2026-03-06T22:33:26.060+0000] {logging_mixin.py:188} INFO - [2026-03-06T22:33:26.060+0000] {dag.py:3954} INFO - Setting next_dagrun for example_task_group_decorator to 2026-03-05 00:00:00+00:00, run_after=2026-03-06 00:00:00+00:00
[2026-03-06T22:33:26.090+0000] {processor.py:183} INFO - Processing /home/airflow/.local/lib/python3.12/site-packages/airflow/example_dags/example_task_group_decorator.py took 0.251 seconds
[2026-03-06T22:33:56.388+0000] {processor.py:161} INFO - Started process (PID=377) to work on /home/airflow/.local/lib/python3.12/site-packages/airflow/example_dags/example_task_group_decorator.py
[2026-03-06T22:33:56.390+0000] {processor.py:830} INFO - Processing file /home/airflow/.local/lib/python3.12/site-packages/airflow/example_dags/example_task_group_decorator.py for tasks to queue
[2026-03-06T22:33:56.393+0000] {logging_mixin.py:188} INFO - [2026-03-06T22:33:56.392+0000] {dagbag.py:545} INFO - Filling up the DagBag from /home/airflow/.local/lib/python3.12/site-packages/airflow/example_dags/example_task_group_decorator.py
[2026-03-06T22:33:56.417+0000] {processor.py:840} INFO - DAG(s) 'example_task_group_decorator' retrieved from /home/airflow/.local/lib/python3.12/site-packages/airflow/example_dags/example_task_group_decorator.py
[2026-03-06T22:33:56.453+0000] {logging_mixin.py:188} INFO - [2026-03-06T22:33:56.453+0000] {dag.py:3096} INFO - Sync 1 DAGs
[2026-03-06T22:33:56.489+0000] {logging_mixin.py:188} INFO - [2026-03-06T22:33:56.489+0000] {dag.py:3954} INFO - Setting next_dagrun for example_task_group_decorator to 2026-03-05 00:00:00+00:00, run_after=2026-03-06 00:00:00+00:00
[2026-03-06T22:33:56.518+0000] {processor.py:183} INFO - Processing /home/airflow/.local/lib/python3.12/site-packages/airflow/example_dags/example_task_group_decorator.py took 0.138 seconds
[2026-03-06T22:34:27.328+0000] {processor.py:161} INFO - Started process (PID=435) to work on /home/airflow/.local/lib/python3.12/site-packages/airflow/example_dags/example_task_group_decorator.py
[2026-03-06T22:34:27.330+0000] {processor.py:830} INFO - Processing file /home/airflow/.local/lib/python3.12/site-packages/airflow/example_dags/example_task_group_decorator.py for tasks to queue
[2026-03-06T22:34:27.334+0000] {logging_mixin.py:188} INFO - [2026-03-06T22:34:27.333+0000] {dagbag.py:545} INFO - Filling up the DagBag from /home/airflow/.local/lib/python3.12/site-packages/airflow/example_dags/example_task_group_decorator.py
[2026-03-06T22:34:27.362+0000] {processor.py:840} INFO - DAG(s) 'example_task_group_decorator' retrieved from /home/airflow/.local/lib/python3.12/site-packages/airflow/example_dags/example_task_group_decorator.py
[2026-03-06T22:34:27.409+0000] {logging_mixin.py:188} INFO - [2026-03-06T22:34:27.408+0000] {dag.py:3096} INFO - Sync 1 DAGs
[2026-03-06T22:34:27.448+0000] {logging_mixin.py:188} INFO - [2026-03-06T22:34:27.448+0000] {dag.py:3954} INFO - Setting next_dagrun for example_task_group_decorator to 2026-03-05 00:00:00+00:00, run_after=2026-03-06 00:00:00+00:00
[2026-03-06T22:34:27.484+0000] {processor.py:183} INFO - Processing /home/airflow/.local/lib/python3.12/site-packages/airflow/example_dags/example_task_group_decorator.py took 0.163 seconds
[2026-03-06T22:34:57.556+0000] {processor.py:161} INFO - Started process (PID=493) to work on /home/airflow/.local/lib/python3.12/site-packages/airflow/example_dags/example_task_group_decorator.py
[2026-03-06T22:34:57.559+0000] {processor.py:830} INFO - Processing file /home/airflow/.local/lib/python3.12/site-packages/airflow/example_dags/example_task_group_decorator.py for tasks to queue
[2026-03-06T22:34:57.562+0000] {logging_mixin.py:188} INFO - [2026-03-06T22:34:57.561+0000] {dagbag.py:545} INFO - Filling up the DagBag from /home/airflow/.local/lib/python3.12/site-packages/airflow/example_dags/example_task_group_decorator.py
[2026-03-06T22:34:57.584+0000] {processor.py:840} INFO - DAG(s) 'example_task_group_decorator' retrieved from /home/airflow/.local/lib/python3.12/site-packages/airflow/example_dags/example_task_group_decorator.py
[2026-03-06T22:34:57.629+0000] {logging_mixin.py:188} INFO - [2026-03-06T22:34:57.629+0000] {dag.py:3096} INFO - Sync 1 DAGs
[2026-03-06T22:34:57.666+0000] {logging_mixin.py:188} INFO - [2026-03-06T22:34:57.665+0000] {dag.py:3954} INFO - Setting next_dagrun for example_task_group_decorator to 2026-03-05 00:00:00+00:00, run_after=2026-03-06 00:00:00+00:00
[2026-03-06T22:34:57.696+0000] {processor.py:183} INFO - Processing /home/airflow/.local/lib/python3.12/site-packages/airflow/example_dags/example_task_group_decorator.py took 0.147 seconds
[2026-03-06T22:35:27.929+0000] {processor.py:161} INFO - Started process (PID=551) to work on /home/airflow/.local/lib/python3.12/site-packages/airflow/example_dags/example_task_group_decorator.py
[2026-03-06T22:35:27.931+0000] {processor.py:830} INFO - Processing file /home/airflow/.local/lib/python3.12/site-packages/airflow/example_dags/example_task_group_decorator.py for tasks to queue
[2026-03-06T22:35:27.934+0000] {logging_mixin.py:188} INFO - [2026-03-06T22:35:27.934+0000] {dagbag.py:545} INFO - Filling up the DagBag from /home/airflow/.local/lib/python3.12/site-packages/airflow/example_dags/example_task_group_decorator.py
[2026-03-06T22:35:27.953+0000] {processor.py:840} INFO - DAG(s) 'example_task_group_decorator' retrieved from /home/airflow/.local/lib/python3.12/site-packages/airflow/example_dags/example_task_group_decorator.py
[2026-03-06T22:35:27.986+0000] {logging_mixin.py:188} INFO - [2026-03-06T22:35:27.986+0000] {dag.py:3096} INFO - Sync 1 DAGs
[2026-03-06T22:35:28.016+0000] {logging_mixin.py:188} INFO - [2026-03-06T22:35:28.016+0000] {dag.py:3954} INFO - Setting next_dagrun for example_task_group_decorator to 2026-03-05 00:00:00+00:00, run_after=2026-03-06 00:00:00+00:00
[2026-03-06T22:35:28.054+0000] {processor.py:183} INFO - Processing /home/airflow/.local/lib/python3.12/site-packages/airflow/example_dags/example_task_group_decorator.py took 0.140 seconds
[2026-03-06T22:35:58.192+0000] {processor.py:161} INFO - Started process (PID=609) to work on /home/airflow/.local/lib/python3.12/site-packages/airflow/example_dags/example_task_group_decorator.py
[2026-03-06T22:35:58.194+0000] {processor.py:830} INFO - Processing file /home/airflow/.local/lib/python3.12/site-packages/airflow/example_dags/example_task_group_decorator.py for tasks to queue
[2026-03-06T22:35:58.197+0000] {logging_mixin.py:188} INFO - [2026-03-06T22:35:58.196+0000] {dagbag.py:545} INFO - Filling up the DagBag from /home/airflow/.local/lib/python3.12/site-packages/airflow/example_dags/example_task_group_decorator.py
[2026-03-06T22:35:58.225+0000] {processor.py:840} INFO - DAG(s) 'example_task_group_decorator' retrieved from /home/airflow/.local/lib/python3.12/site-packages/airflow/example_dags/example_task_group_decorator.py
[2026-03-06T22:35:58.275+0000] {logging_mixin.py:188} INFO - [2026-03-06T22:35:58.274+0000] {dag.py:3096} INFO - Sync 1 DAGs
[2026-03-06T22:35:58.313+0000] {logging_mixin.py:188} INFO - [2026-03-06T22:35:58.312+0000] {dag.py:3954} INFO - Setting next_dagrun for example_task_group_decorator to 2026-03-05 00:00:00+00:00, run_after=2026-03-06 00:00:00+00:00
[2026-03-06T22:35:58.349+0000] {processor.py:183} INFO - Processing /home/airflow/.local/lib/python3.12/site-packages/airflow/example_dags/example_task_group_decorator.py took 0.165 seconds
[2026-03-06T22:36:29.233+0000] {processor.py:161} INFO - Started process (PID=667) to work on /home/airflow/.local/lib/python3.12/site-packages/airflow/example_dags/example_task_group_decorator.py
[2026-03-06T22:36:29.235+0000] {processor.py:830} INFO - Processing file /home/airflow/.local/lib/python3.12/site-packages/airflow/example_dags/example_task_group_decorator.py for tasks to queue
[2026-03-06T22:36:29.238+0000] {logging_mixin.py:188} INFO - [2026-03-06T22:36:29.237+0000] {dagbag.py:545} INFO - Filling up the DagBag from /home/airflow/.local/lib/python3.12/site-packages/airflow/example_dags/example_task_group_decorator.py
[2026-03-06T22:36:29.256+0000] {processor.py:840} INFO - DAG(s) 'example_task_group_decorator' retrieved from /home/airflow/.local/lib/python3.12/site-packages/airflow/example_dags/example_task_group_decorator.py
[2026-03-06T22:36:29.286+0000] {logging_mixin.py:188} INFO - [2026-03-06T22:36:29.286+0000] {dag.py:3096} INFO - Sync 1 DAGs
[2026-03-06T22:36:29.313+0000] {logging_mixin.py:188} INFO - [2026-03-06T22:36:29.313+0000] {dag.py:3954} INFO - Setting next_dagrun for example_task_group_decorator to 2026-03-05 00:00:00+00:00, run_after=2026-03-06 00:00:00+00:00
[2026-03-06T22:36:29.339+0000] {processor.py:183} INFO - Processing /home/airflow/.local/lib/python3.12/site-packages/airflow/example_dags/example_task_group_decorator.py took 0.116 seconds
[2026-03-06T22:36:59.851+0000] {processor.py:161} INFO - Started process (PID=725) to work on /home/airflow/.local/lib/python3.12/site-packages/airflow/example_dags/example_task_group_decorator.py
[2026-03-06T22:36:59.852+0000] {processor.py:830} INFO - Processing file /home/airflow/.local/lib/python3.12/site-packages/airflow/example_dags/example_task_group_decorator.py for tasks to queue
[2026-03-06T22:36:59.854+0000] {logging_mixin.py:188} INFO - [2026-03-06T22:36:59.854+0000] {dagbag.py:545} INFO - Filling up the DagBag from /home/airflow/.local/lib/python3.12/site-packages/airflow/example_dags/example_task_group_decorator.py
[2026-03-06T22:36:59.872+0000] {processor.py:840} INFO - DAG(s) 'example_task_group_decorator' retrieved from /home/airflow/.local/lib/python3.12/site-packages/airflow/example_dags/example_task_group_decorator.py
[2026-03-06T22:36:59.903+0000] {logging_mixin.py:188} INFO - [2026-03-06T22:36:59.903+0000] {dag.py:3096} INFO - Sync 1 DAGs
[2026-03-06T22:36:59.933+0000] {logging_mixin.py:188} INFO - [2026-03-06T22:36:59.933+0000] {dag.py:3954} INFO - Setting next_dagrun for example_task_group_decorator to 2026-03-05 00:00:00+00:00, run_after=2026-03-06 00:00:00+00:00
[2026-03-06T22:36:59.959+0000] {processor.py:183} INFO - Processing /home/airflow/.local/lib/python3.12/site-packages/airflow/example_dags/example_task_group_decorator.py took 0.116 seconds
[2026-03-06T22:37:30.118+0000] {processor.py:161} INFO - Started process (PID=783) to work on /home/airflow/.local/lib/python3.12/site-packages/airflow/example_dags/example_task_group_decorator.py
[2026-03-06T22:37:30.119+0000] {processor.py:830} INFO - Processing file /home/airflow/.local/lib/python3.12/site-packages/airflow/example_dags/example_task_group_decorator.py for tasks to queue
[2026-03-06T22:37:30.122+0000] {logging_mixin.py:188} INFO - [2026-03-06T22:37:30.121+0000] {dagbag.py:545} INFO - Filling up the DagBag from /home/airflow/.local/lib/python3.12/site-packages/airflow/example_dags/example_task_group_decorator.py
[2026-03-06T22:37:30.140+0000] {processor.py:840} INFO - DAG(s) 'example_task_group_decorator' retrieved from /home/airflow/.local/lib/python3.12/site-packages/airflow/example_dags/example_task_group_decorator.py
[2026-03-06T22:37:30.175+0000] {logging_mixin.py:188} INFO - [2026-03-06T22:37:30.174+0000] {dag.py:3096} INFO - Sync 1 DAGs
[2026-03-06T22:37:30.207+0000] {logging_mixin.py:188} INFO - [2026-03-06T22:37:30.207+0000] {dag.py:3954} INFO - Setting next_dagrun for example_task_group_decorator to 2026-03-05 00:00:00+00:00, run_after=2026-03-06 00:00:00+00:00
[2026-03-06T22:37:30.232+0000] {processor.py:183} INFO - Processing /home/airflow/.local/lib/python3.12/site-packages/airflow/example_dags/example_task_group_decorator.py took 0.122 seconds
[2026-03-06T22:38:00.501+0000] {processor.py:161} INFO - Started process (PID=841) to work on /home/airflow/.local/lib/python3.12/site-packages/airflow/example_dags/example_task_group_decorator.py
[2026-03-06T22:38:00.502+0000] {processor.py:830} INFO - Processing file /home/airflow/.local/lib/python3.12/site-packages/airflow/example_dags/example_task_group_decorator.py for tasks to queue
[2026-03-06T22:38:00.505+0000] {logging_mixin.py:188} INFO - [2026-03-06T22:38:00.505+0000] {dagbag.py:545} INFO - Filling up the DagBag from /home/airflow/.local/lib/python3.12/site-packages/airflow/example_dags/example_task_group_decorator.py
[2026-03-06T22:38:00.525+0000] {processor.py:840} INFO - DAG(s) 'example_task_group_decorator' retrieved from /home/airflow/.local/lib/python3.12/site-packages/airflow/example_dags/example_task_group_decorator.py
[2026-03-06T22:38:00.553+0000] {logging_mixin.py:188} INFO - [2026-03-06T22:38:00.553+0000] {dag.py:3096} INFO - Sync 1 DAGs
[2026-03-06T22:38:00.581+0000] {logging_mixin.py:188} INFO - [2026-03-06T22:38:00.580+0000] {dag.py:3954} INFO - Setting next_dagrun for example_task_group_decorator to 2026-03-05 00:00:00+00:00, run_after=2026-03-06 00:00:00+00:00
[2026-03-06T22:38:00.607+0000] {processor.py:183} INFO - Processing /home/airflow/.local/lib/python3.12/site-packages/airflow/example_dags/example_task_group_decorator.py took 0.115 seconds
[2026-03-06T22:38:31.050+0000] {processor.py:161} INFO - Started process (PID=899) to work on /home/airflow/.local/lib/python3.12/site-packages/airflow/example_dags/example_task_group_decorator.py
[2026-03-06T22:38:31.051+0000] {processor.py:830} INFO - Processing file /home/airflow/.local/lib/python3.12/site-packages/airflow/example_dags/example_task_group_decorator.py for tasks to queue
[2026-03-06T22:38:31.054+0000] {logging_mixin.py:188} INFO - [2026-03-06T22:38:31.053+0000] {dagbag.py:545} INFO - Filling up the DagBag from /home/airflow/.local/lib/python3.12/site-packages/airflow/example_dags/example_task_group_decorator.py
[2026-03-06T22:38:31.072+0000] {processor.py:840} INFO - DAG(s) 'example_task_group_decorator' retrieved from /home/airflow/.local/lib/python3.12/site-packages/airflow/example_dags/example_task_group_decorator.py
[2026-03-06T22:38:31.100+0000] {logging_mixin.py:188} INFO - [2026-03-06T22:38:31.099+0000] {dag.py:3096} INFO - Sync 1 DAGs
[2026-03-06T22:38:31.126+0000] {logging_mixin.py:188} INFO - [2026-03-06T22:38:31.126+0000] {dag.py:3954} INFO - Setting next_dagrun for example_task_group_decorator to 2026-03-05 00:00:00+00:00, run_after=2026-03-06 00:00:00+00:00
[2026-03-06T22:38:31.149+0000] {processor.py:183} INFO - Processing /home/airflow/.local/lib/python3.12/site-packages/airflow/example_dags/example_task_group_decorator.py took 0.108 seconds
[2026-03-06T22:39:01.334+0000] {processor.py:161} INFO - Started process (PID=957) to work on /home/airflow/.local/lib/python3.12/site-packages/airflow/example_dags/example_task_group_decorator.py
[2026-03-06T22:39:01.335+0000] {processor.py:830} INFO - Processing file /home/airflow/.local/lib/python3.12/site-packages/airflow/example_dags/example_task_group_decorator.py for tasks to queue
[2026-03-06T22:39:01.338+0000] {logging_mixin.py:188} INFO - [2026-03-06T22:39:01.337+0000] {dagbag.py:545} INFO - Filling up the DagBag from /home/airflow/.local/lib/python3.12/site-packages/airflow/example_dags/example_task_group_decorator.py
[2026-03-06T22:39:01.359+0000] {processor.py:840} INFO - DAG(s) 'example_task_group_decorator' retrieved from /home/airflow/.local/lib/python3.12/site-packages/airflow/example_dags/example_task_group_decorator.py
[2026-03-06T22:39:01.387+0000] {logging_mixin.py:188} INFO - [2026-03-06T22:39:01.387+0000] {dag.py:3096} INFO - Sync 1 DAGs
[2026-03-06T22:39:01.418+0000] {logging_mixin.py:188} INFO - [2026-03-06T22:39:01.418+0000] {dag.py:3954} INFO - Setting next_dagrun for example_task_group_decorator to 2026-03-05 00:00:00+00:00, run_after=2026-03-06 00:00:00+00:00
[2026-03-06T22:39:01.450+0000] {processor.py:183} INFO - Processing /home/airflow/.local/lib/python3.12/site-packages/airflow/example_dags/example_task_group_decorator.py took 0.123 seconds
[2026-03-06T22:39:31.990+0000] {processor.py:161} INFO - Started process (PID=1015) to work on /home/airflow/.local/lib/python3.12/site-packages/airflow/example_dags/example_task_group_decorator.py
[2026-03-06T22:39:31.992+0000] {processor.py:830} INFO - Processing file /home/airflow/.local/lib/python3.12/site-packages/airflow/example_dags/example_task_group_decorator.py for tasks to queue
[2026-03-06T22:39:31.996+0000] {logging_mixin.py:188} INFO - [2026-03-06T22:39:31.995+0000] {dagbag.py:545} INFO - Filling up the DagBag from /home/airflow/.local/lib/python3.12/site-packages/airflow/example_dags/example_task_group_decorator.py
[2026-03-06T22:39:32.019+0000] {processor.py:840} INFO - DAG(s) 'example_task_group_decorator' retrieved from /home/airflow/.local/lib/python3.12/site-packages/airflow/example_dags/example_task_group_decorator.py
[2026-03-06T22:39:32.064+0000] {logging_mixin.py:188} INFO - [2026-03-06T22:39:32.063+0000] {dag.py:3096} INFO - Sync 1 DAGs
[2026-03-06T22:39:32.100+0000] {logging_mixin.py:188} INFO - [2026-03-06T22:39:32.099+0000] {dag.py:3954} INFO - Setting next_dagrun for example_task_group_decorator to 2026-03-05 00:00:00+00:00, run_after=2026-03-06 00:00:00+00:00
[2026-03-06T22:39:32.136+0000] {processor.py:183} INFO - Processing /home/airflow/.local/lib/python3.12/site-packages/airflow/example_dags/example_task_group_decorator.py took 0.155 seconds
[2026-03-06T22:40:02.902+0000] {processor.py:161} INFO - Started process (PID=1073) to work on /home/airflow/.local/lib/python3.12/site-packages/airflow/example_dags/example_task_group_decorator.py
[2026-03-06T22:40:02.903+0000] {processor.py:830} INFO - Processing file /home/airflow/.local/lib/python3.12/site-packages/airflow/example_dags/example_task_group_decorator.py for tasks to queue
[2026-03-06T22:40:02.905+0000] {logging_mixin.py:188} INFO - [2026-03-06T22:40:02.905+0000] {dagbag.py:545} INFO - Filling up the DagBag from /home/airflow/.local/lib/python3.12/site-packages/airflow/example_dags/example_task_group_decorator.py
[2026-03-06T22:40:02.923+0000] {processor.py:840} INFO - DAG(s) 'example_task_group_decorator' retrieved from /home/airflow/.local/lib/python3.12/site-packages/airflow/example_dags/example_task_group_decorator.py
[2026-03-06T22:40:02.952+0000] {logging_mixin.py:188} INFO - [2026-03-06T22:40:02.952+0000] {dag.py:3096} INFO - Sync 1 DAGs
[2026-03-06T22:40:02.981+0000] {logging_mixin.py:188} INFO - [2026-03-06T22:40:02.981+0000] {dag.py:3954} INFO - Setting next_dagrun for example_task_group_decorator to 2026-03-05 00:00:00+00:00, run_after=2026-03-06 00:00:00+00:00
[2026-03-06T22:40:03.011+0000] {processor.py:183} INFO - Processing /home/airflow/.local/lib/python3.12/site-packages/airflow/example_dags/example_task_group_decorator.py took 0.117 seconds
[2026-03-06T22:40:33.228+0000] {processor.py:161} INFO - Started process (PID=1131) to work on /home/airflow/.local/lib/python3.12/site-packages/airflow/example_dags/example_task_group_decorator.py
[2026-03-06T22:40:33.230+0000] {processor.py:830} INFO - Processing file /home/airflow/.local/lib/python3.12/site-packages/airflow/example_dags/example_task_group_decorator.py for tasks to queue
[2026-03-06T22:40:33.232+0000] {logging_mixin.py:188} INFO - [2026-03-06T22:40:33.232+0000] {dagbag.py:545} INFO - Filling up the DagBag from /home/airflow/.local/lib/python3.12/site-packages/airflow/example_dags/example_task_group_decorator.py
[2026-03-06T22:40:33.250+0000] {processor.py:840} INFO - DAG(s) 'example_task_group_decorator' retrieved from /home/airflow/.local/lib/python3.12/site-packages/airflow/example_dags/example_task_group_decorator.py
[2026-03-06T22:40:33.278+0000] {logging_mixin.py:188} INFO - [2026-03-06T22:40:33.278+0000] {dag.py:3096} INFO - Sync 1 DAGs
[2026-03-06T22:40:33.306+0000] {logging_mixin.py:188} INFO - [2026-03-06T22:40:33.306+0000] {dag.py:3954} INFO - Setting next_dagrun for example_task_group_decorator to 2026-03-05 00:00:00+00:00, run_after=2026-03-06 00:00:00+00:00
[2026-03-06T22:40:33.334+0000] {processor.py:183} INFO - Processing /home/airflow/.local/lib/python3.12/site-packages/airflow/example_dags/example_task_group_decorator.py took 0.113 seconds
[2026-03-06T22:41:03.681+0000] {processor.py:161} INFO - Started process (PID=1189) to work on /home/airflow/.local/lib/python3.12/site-packages/airflow/example_dags/example_task_group_decorator.py
[2026-03-06T22:41:03.682+0000] {processor.py:830} INFO - Processing file /home/airflow/.local/lib/python3.12/site-packages/airflow/example_dags/example_task_group_decorator.py for tasks to queue
[2026-03-06T22:41:03.685+0000] {logging_mixin.py:188} INFO - [2026-03-06T22:41:03.684+0000] {dagbag.py:545} INFO - Filling up the DagBag from /home/airflow/.local/lib/python3.12/site-packages/airflow/example_dags/example_task_group_decorator.py
[2026-03-06T22:41:03.703+0000] {processor.py:840} INFO - DAG(s) 'example_task_group_decorator' retrieved from /home/airflow/.local/lib/python3.12/site-packages/airflow/example_dags/example_task_group_decorator.py
[2026-03-06T22:41:03.734+0000] {logging_mixin.py:188} INFO - [2026-03-06T22:41:03.733+0000] {dag.py:3096} INFO - Sync 1 DAGs
[2026-03-06T22:41:03.762+0000] {logging_mixin.py:188} INFO - [2026-03-06T22:41:03.761+0000] {dag.py:3954} INFO - Setting next_dagrun for example_task_group_decorator to 2026-03-05 00:00:00+00:00, run_after=2026-03-06 00:00:00+00:00
[2026-03-06T22:41:03.786+0000] {processor.py:183} INFO - Processing /home/airflow/.local/lib/python3.12/site-packages/airflow/example_dags/example_task_group_decorator.py took 0.115 seconds
