[2026-03-06T22:30:48.748+0000] {processor.py:161} INFO - Started process (PID=93) to work on /home/airflow/.local/lib/python3.12/site-packages/airflow/example_dags/example_task_group.py
[2026-03-06T22:30:48.749+0000] {processor.py:830} INFO - Processing file /home/airflow/.local/lib/python3.12/site-packages/airflow/example_dags/example_task_group.py for tasks to queue
[2026-03-06T22:30:48.751+0000] {logging_mixin.py:188} INFO - [2026-03-06T22:30:48.751+0000] {dagbag.py:545} INFO - Filling up the DagBag from /home/airflow/.local/lib/python3.12/site-packages/airflow/example_dags/example_task_group.py
[2026-03-06T22:30:48.764+0000] {processor.py:840} INFO - DAG(s) 'example_task_group' retrieved from /home/airflow/.local/lib/python3.12/site-packages/airflow/example_dags/example_task_group.py
[2026-03-06T22:30:48.908+0000] {logging_mixin.py:188} INFO - [2026-03-06T22:30:48.907+0000] {override.py:1829} INFO - Created Permission View: can delete on DAG:example_task_group
[2026-03-06T22:30:48.933+0000] {logging_mixin.py:188} INFO - [2026-03-06T22:30:48.933+0000] {override.py:1829} INFO - Created Permission View: can read on DAG:example_task_group
[2026-03-06T22:30:48.943+0000] {logging_mixin.py:188} INFO - [2026-03-06T22:30:48.942+0000] {override.py:1829} INFO - Created Permission View: can edit on DAG:example_task_group
[2026-03-06T22:30:48.944+0000] {logging_mixin.py:188} INFO - [2026-03-06T22:30:48.943+0000] {dag.py:3096} INFO - Sync 1 DAGs
[2026-03-06T22:30:48.958+0000] {logging_mixin.py:188} INFO - [2026-03-06T22:30:48.958+0000] {dag.py:3118} INFO - Creating ORM DAG for example_task_group
[2026-03-06T22:30:48.971+0000] {logging_mixin.py:188} INFO - [2026-03-06T22:30:48.970+0000] {dag.py:3954} INFO - Setting next_dagrun for example_task_group to 2026-03-05 00:00:00+00:00, run_after=2026-03-06 00:00:00+00:00
[2026-03-06T22:30:48.990+0000] {processor.py:183} INFO - Processing /home/airflow/.local/lib/python3.12/site-packages/airflow/example_dags/example_task_group.py took 0.250 seconds
[2026-03-06T22:31:21.597+0000] {processor.py:161} INFO - Started process (PID=73) to work on /home/airflow/.local/lib/python3.12/site-packages/airflow/example_dags/example_task_group.py
[2026-03-06T22:31:21.598+0000] {processor.py:830} INFO - Processing file /home/airflow/.local/lib/python3.12/site-packages/airflow/example_dags/example_task_group.py for tasks to queue
[2026-03-06T22:31:21.601+0000] {logging_mixin.py:188} INFO - [2026-03-06T22:31:21.601+0000] {dagbag.py:545} INFO - Filling up the DagBag from /home/airflow/.local/lib/python3.12/site-packages/airflow/example_dags/example_task_group.py
[2026-03-06T22:31:21.613+0000] {processor.py:840} INFO - DAG(s) 'example_task_group' retrieved from /home/airflow/.local/lib/python3.12/site-packages/airflow/example_dags/example_task_group.py
[2026-03-06T22:31:21.651+0000] {logging_mixin.py:188} INFO - [2026-03-06T22:31:21.650+0000] {dag.py:3096} INFO - Sync 1 DAGs
[2026-03-06T22:31:21.682+0000] {logging_mixin.py:188} INFO - [2026-03-06T22:31:21.681+0000] {dag.py:3954} INFO - Setting next_dagrun for example_task_group to 2026-03-05 00:00:00+00:00, run_after=2026-03-06 00:00:00+00:00
[2026-03-06T22:31:21.720+0000] {processor.py:183} INFO - Processing /home/airflow/.local/lib/python3.12/site-packages/airflow/example_dags/example_task_group.py took 0.130 seconds
[2026-03-06T22:31:52.040+0000] {processor.py:161} INFO - Started process (PID=131) to work on /home/airflow/.local/lib/python3.12/site-packages/airflow/example_dags/example_task_group.py
[2026-03-06T22:31:52.042+0000] {processor.py:830} INFO - Processing file /home/airflow/.local/lib/python3.12/site-packages/airflow/example_dags/example_task_group.py for tasks to queue
[2026-03-06T22:31:52.045+0000] {logging_mixin.py:188} INFO - [2026-03-06T22:31:52.044+0000] {dagbag.py:545} INFO - Filling up the DagBag from /home/airflow/.local/lib/python3.12/site-packages/airflow/example_dags/example_task_group.py
[2026-03-06T22:31:52.055+0000] {processor.py:840} INFO - DAG(s) 'example_task_group' retrieved from /home/airflow/.local/lib/python3.12/site-packages/airflow/example_dags/example_task_group.py
[2026-03-06T22:31:52.084+0000] {logging_mixin.py:188} INFO - [2026-03-06T22:31:52.083+0000] {dag.py:3096} INFO - Sync 1 DAGs
[2026-03-06T22:31:52.116+0000] {logging_mixin.py:188} INFO - [2026-03-06T22:31:52.115+0000] {dag.py:3954} INFO - Setting next_dagrun for example_task_group to 2026-03-05 00:00:00+00:00, run_after=2026-03-06 00:00:00+00:00
[2026-03-06T22:31:52.153+0000] {processor.py:183} INFO - Processing /home/airflow/.local/lib/python3.12/site-packages/airflow/example_dags/example_task_group.py took 0.119 seconds
[2026-03-06T22:32:22.379+0000] {processor.py:161} INFO - Started process (PID=189) to work on /home/airflow/.local/lib/python3.12/site-packages/airflow/example_dags/example_task_group.py
[2026-03-06T22:32:22.380+0000] {processor.py:830} INFO - Processing file /home/airflow/.local/lib/python3.12/site-packages/airflow/example_dags/example_task_group.py for tasks to queue
[2026-03-06T22:32:22.383+0000] {logging_mixin.py:188} INFO - [2026-03-06T22:32:22.382+0000] {dagbag.py:545} INFO - Filling up the DagBag from /home/airflow/.local/lib/python3.12/site-packages/airflow/example_dags/example_task_group.py
[2026-03-06T22:32:22.395+0000] {processor.py:840} INFO - DAG(s) 'example_task_group' retrieved from /home/airflow/.local/lib/python3.12/site-packages/airflow/example_dags/example_task_group.py
[2026-03-06T22:32:22.423+0000] {logging_mixin.py:188} INFO - [2026-03-06T22:32:22.422+0000] {dag.py:3096} INFO - Sync 1 DAGs
[2026-03-06T22:32:22.453+0000] {logging_mixin.py:188} INFO - [2026-03-06T22:32:22.453+0000] {dag.py:3954} INFO - Setting next_dagrun for example_task_group to 2026-03-05 00:00:00+00:00, run_after=2026-03-06 00:00:00+00:00
[2026-03-06T22:32:22.493+0000] {processor.py:183} INFO - Processing /home/airflow/.local/lib/python3.12/site-packages/airflow/example_dags/example_task_group.py took 0.123 seconds
[2026-03-06T22:32:52.638+0000] {processor.py:161} INFO - Started process (PID=247) to work on /home/airflow/.local/lib/python3.12/site-packages/airflow/example_dags/example_task_group.py
[2026-03-06T22:32:52.639+0000] {processor.py:830} INFO - Processing file /home/airflow/.local/lib/python3.12/site-packages/airflow/example_dags/example_task_group.py for tasks to queue
[2026-03-06T22:32:52.642+0000] {logging_mixin.py:188} INFO - [2026-03-06T22:32:52.641+0000] {dagbag.py:545} INFO - Filling up the DagBag from /home/airflow/.local/lib/python3.12/site-packages/airflow/example_dags/example_task_group.py
[2026-03-06T22:32:52.651+0000] {processor.py:840} INFO - DAG(s) 'example_task_group' retrieved from /home/airflow/.local/lib/python3.12/site-packages/airflow/example_dags/example_task_group.py
[2026-03-06T22:32:52.670+0000] {logging_mixin.py:188} INFO - [2026-03-06T22:32:52.669+0000] {dag.py:3096} INFO - Sync 1 DAGs
[2026-03-06T22:32:52.704+0000] {logging_mixin.py:188} INFO - [2026-03-06T22:32:52.704+0000] {dag.py:3954} INFO - Setting next_dagrun for example_task_group to 2026-03-05 00:00:00+00:00, run_after=2026-03-06 00:00:00+00:00
[2026-03-06T22:32:52.754+0000] {processor.py:183} INFO - Processing /home/airflow/.local/lib/python3.12/site-packages/airflow/example_dags/example_task_group.py took 0.123 seconds
[2026-03-06T22:33:24.692+0000] {processor.py:161} INFO - Started process (PID=311) to work on /home/airflow/.local/lib/python3.12/site-packages/airflow/example_dags/example_task_group.py
[2026-03-06T22:33:24.693+0000] {processor.py:830} INFO - Processing file /home/airflow/.local/lib/python3.12/site-packages/airflow/example_dags/example_task_group.py for tasks to queue
[2026-03-06T22:33:24.696+0000] {logging_mixin.py:188} INFO - [2026-03-06T22:33:24.695+0000] {dagbag.py:545} INFO - Filling up the DagBag from /home/airflow/.local/lib/python3.12/site-packages/airflow/example_dags/example_task_group.py
[2026-03-06T22:33:24.704+0000] {processor.py:840} INFO - DAG(s) 'example_task_group' retrieved from /home/airflow/.local/lib/python3.12/site-packages/airflow/example_dags/example_task_group.py
[2026-03-06T22:33:24.845+0000] {logging_mixin.py:188} INFO - [2026-03-06T22:33:24.845+0000] {dag.py:3096} INFO - Sync 1 DAGs
[2026-03-06T22:33:24.875+0000] {logging_mixin.py:188} INFO - [2026-03-06T22:33:24.874+0000] {dag.py:3954} INFO - Setting next_dagrun for example_task_group to 2026-03-05 00:00:00+00:00, run_after=2026-03-06 00:00:00+00:00
[2026-03-06T22:33:24.914+0000] {processor.py:183} INFO - Processing /home/airflow/.local/lib/python3.12/site-packages/airflow/example_dags/example_task_group.py took 0.232 seconds
[2026-03-06T22:33:55.154+0000] {processor.py:161} INFO - Started process (PID=369) to work on /home/airflow/.local/lib/python3.12/site-packages/airflow/example_dags/example_task_group.py
[2026-03-06T22:33:55.155+0000] {processor.py:830} INFO - Processing file /home/airflow/.local/lib/python3.12/site-packages/airflow/example_dags/example_task_group.py for tasks to queue
[2026-03-06T22:33:55.158+0000] {logging_mixin.py:188} INFO - [2026-03-06T22:33:55.158+0000] {dagbag.py:545} INFO - Filling up the DagBag from /home/airflow/.local/lib/python3.12/site-packages/airflow/example_dags/example_task_group.py
[2026-03-06T22:33:55.170+0000] {processor.py:840} INFO - DAG(s) 'example_task_group' retrieved from /home/airflow/.local/lib/python3.12/site-packages/airflow/example_dags/example_task_group.py
[2026-03-06T22:33:55.203+0000] {logging_mixin.py:188} INFO - [2026-03-06T22:33:55.203+0000] {dag.py:3096} INFO - Sync 1 DAGs
[2026-03-06T22:33:55.232+0000] {logging_mixin.py:188} INFO - [2026-03-06T22:33:55.232+0000] {dag.py:3954} INFO - Setting next_dagrun for example_task_group to 2026-03-05 00:00:00+00:00, run_after=2026-03-06 00:00:00+00:00
[2026-03-06T22:33:55.269+0000] {processor.py:183} INFO - Processing /home/airflow/.local/lib/python3.12/site-packages/airflow/example_dags/example_task_group.py took 0.124 seconds
[2026-03-06T22:34:25.475+0000] {processor.py:161} INFO - Started process (PID=427) to work on /home/airflow/.local/lib/python3.12/site-packages/airflow/example_dags/example_task_group.py
[2026-03-06T22:34:25.476+0000] {processor.py:830} INFO - Processing file /home/airflow/.local/lib/python3.12/site-packages/airflow/example_dags/example_task_group.py for tasks to queue
[2026-03-06T22:34:25.479+0000] {logging_mixin.py:188} INFO - [2026-03-06T22:34:25.479+0000] {dagbag.py:545} INFO - Filling up the DagBag from /home/airflow/.local/lib/python3.12/site-packages/airflow/example_dags/example_task_group.py
[2026-03-06T22:34:25.495+0000] {processor.py:840} INFO - DAG(s) 'example_task_group' retrieved from /home/airflow/.local/lib/python3.12/site-packages/airflow/example_dags/example_task_group.py
[2026-03-06T22:34:25.523+0000] {logging_mixin.py:188} INFO - [2026-03-06T22:34:25.523+0000] {dag.py:3096} INFO - Sync 1 DAGs
[2026-03-06T22:34:25.557+0000] {logging_mixin.py:188} INFO - [2026-03-06T22:34:25.556+0000] {dag.py:3954} INFO - Setting next_dagrun for example_task_group to 2026-03-05 00:00:00+00:00, run_after=2026-03-06 00:00:00+00:00
[2026-03-06T22:34:25.588+0000] {processor.py:183} INFO - Processing /home/airflow/.local/lib/python3.12/site-packages/airflow/example_dags/example_task_group.py took 0.120 seconds
[2026-03-06T22:34:55.718+0000] {processor.py:161} INFO - Started process (PID=485) to work on /home/airflow/.local/lib/python3.12/site-packages/airflow/example_dags/example_task_group.py
[2026-03-06T22:34:55.721+0000] {processor.py:830} INFO - Processing file /home/airflow/.local/lib/python3.12/site-packages/airflow/example_dags/example_task_group.py for tasks to queue
[2026-03-06T22:34:55.725+0000] {logging_mixin.py:188} INFO - [2026-03-06T22:34:55.724+0000] {dagbag.py:545} INFO - Filling up the DagBag from /home/airflow/.local/lib/python3.12/site-packages/airflow/example_dags/example_task_group.py
[2026-03-06T22:34:55.738+0000] {processor.py:840} INFO - DAG(s) 'example_task_group' retrieved from /home/airflow/.local/lib/python3.12/site-packages/airflow/example_dags/example_task_group.py
[2026-03-06T22:34:55.779+0000] {logging_mixin.py:188} INFO - [2026-03-06T22:34:55.779+0000] {dag.py:3096} INFO - Sync 1 DAGs
[2026-03-06T22:34:55.824+0000] {logging_mixin.py:188} INFO - [2026-03-06T22:34:55.823+0000] {dag.py:3954} INFO - Setting next_dagrun for example_task_group to 2026-03-05 00:00:00+00:00, run_after=2026-03-06 00:00:00+00:00
[2026-03-06T22:34:55.871+0000] {processor.py:183} INFO - Processing /home/airflow/.local/lib/python3.12/site-packages/airflow/example_dags/example_task_group.py took 0.163 seconds
[2026-03-06T22:35:26.174+0000] {processor.py:161} INFO - Started process (PID=543) to work on /home/airflow/.local/lib/python3.12/site-packages/airflow/example_dags/example_task_group.py
[2026-03-06T22:35:26.175+0000] {processor.py:830} INFO - Processing file /home/airflow/.local/lib/python3.12/site-packages/airflow/example_dags/example_task_group.py for tasks to queue
[2026-03-06T22:35:26.179+0000] {logging_mixin.py:188} INFO - [2026-03-06T22:35:26.178+0000] {dagbag.py:545} INFO - Filling up the DagBag from /home/airflow/.local/lib/python3.12/site-packages/airflow/example_dags/example_task_group.py
[2026-03-06T22:35:26.188+0000] {processor.py:840} INFO - DAG(s) 'example_task_group' retrieved from /home/airflow/.local/lib/python3.12/site-packages/airflow/example_dags/example_task_group.py
[2026-03-06T22:35:26.216+0000] {logging_mixin.py:188} INFO - [2026-03-06T22:35:26.216+0000] {dag.py:3096} INFO - Sync 1 DAGs
[2026-03-06T22:35:26.248+0000] {logging_mixin.py:188} INFO - [2026-03-06T22:35:26.247+0000] {dag.py:3954} INFO - Setting next_dagrun for example_task_group to 2026-03-05 00:00:00+00:00, run_after=2026-03-06 00:00:00+00:00
[2026-03-06T22:35:26.287+0000] {processor.py:183} INFO - Processing /home/airflow/.local/lib/python3.12/site-packages/airflow/example_dags/example_task_group.py took 0.120 seconds
[2026-03-06T22:35:56.474+0000] {processor.py:161} INFO - Started process (PID=601) to work on /home/airflow/.local/lib/python3.12/site-packages/airflow/example_dags/example_task_group.py
[2026-03-06T22:35:56.475+0000] {processor.py:830} INFO - Processing file /home/airflow/.local/lib/python3.12/site-packages/airflow/example_dags/example_task_group.py for tasks to queue
[2026-03-06T22:35:56.478+0000] {logging_mixin.py:188} INFO - [2026-03-06T22:35:56.477+0000] {dagbag.py:545} INFO - Filling up the DagBag from /home/airflow/.local/lib/python3.12/site-packages/airflow/example_dags/example_task_group.py
[2026-03-06T22:35:56.487+0000] {processor.py:840} INFO - DAG(s) 'example_task_group' retrieved from /home/airflow/.local/lib/python3.12/site-packages/airflow/example_dags/example_task_group.py
[2026-03-06T22:35:56.512+0000] {logging_mixin.py:188} INFO - [2026-03-06T22:35:56.512+0000] {dag.py:3096} INFO - Sync 1 DAGs
[2026-03-06T22:35:56.543+0000] {logging_mixin.py:188} INFO - [2026-03-06T22:35:56.543+0000] {dag.py:3954} INFO - Setting next_dagrun for example_task_group to 2026-03-05 00:00:00+00:00, run_after=2026-03-06 00:00:00+00:00
[2026-03-06T22:35:56.571+0000] {processor.py:183} INFO - Processing /home/airflow/.local/lib/python3.12/site-packages/airflow/example_dags/example_task_group.py took 0.104 seconds
[2026-03-06T22:36:26.709+0000] {processor.py:161} INFO - Started process (PID=659) to work on /home/airflow/.local/lib/python3.12/site-packages/airflow/example_dags/example_task_group.py
[2026-03-06T22:36:26.711+0000] {processor.py:830} INFO - Processing file /home/airflow/.local/lib/python3.12/site-packages/airflow/example_dags/example_task_group.py for tasks to queue
[2026-03-06T22:36:26.714+0000] {logging_mixin.py:188} INFO - [2026-03-06T22:36:26.713+0000] {dagbag.py:545} INFO - Filling up the DagBag from /home/airflow/.local/lib/python3.12/site-packages/airflow/example_dags/example_task_group.py
[2026-03-06T22:36:26.723+0000] {processor.py:840} INFO - DAG(s) 'example_task_group' retrieved from /home/airflow/.local/lib/python3.12/site-packages/airflow/example_dags/example_task_group.py
[2026-03-06T22:36:26.749+0000] {logging_mixin.py:188} INFO - [2026-03-06T22:36:26.749+0000] {dag.py:3096} INFO - Sync 1 DAGs
[2026-03-06T22:36:26.778+0000] {logging_mixin.py:188} INFO - [2026-03-06T22:36:26.777+0000] {dag.py:3954} INFO - Setting next_dagrun for example_task_group to 2026-03-05 00:00:00+00:00, run_after=2026-03-06 00:00:00+00:00
[2026-03-06T22:36:26.802+0000] {processor.py:183} INFO - Processing /home/airflow/.local/lib/python3.12/site-packages/airflow/example_dags/example_task_group.py took 0.100 seconds
[2026-03-06T22:36:57.265+0000] {processor.py:161} INFO - Started process (PID=717) to work on /home/airflow/.local/lib/python3.12/site-packages/airflow/example_dags/example_task_group.py
[2026-03-06T22:36:57.266+0000] {processor.py:830} INFO - Processing file /home/airflow/.local/lib/python3.12/site-packages/airflow/example_dags/example_task_group.py for tasks to queue
[2026-03-06T22:36:57.270+0000] {logging_mixin.py:188} INFO - [2026-03-06T22:36:57.269+0000] {dagbag.py:545} INFO - Filling up the DagBag from /home/airflow/.local/lib/python3.12/site-packages/airflow/example_dags/example_task_group.py
[2026-03-06T22:36:57.280+0000] {processor.py:840} INFO - DAG(s) 'example_task_group' retrieved from /home/airflow/.local/lib/python3.12/site-packages/airflow/example_dags/example_task_group.py
[2026-03-06T22:36:57.313+0000] {logging_mixin.py:188} INFO - [2026-03-06T22:36:57.313+0000] {dag.py:3096} INFO - Sync 1 DAGs
[2026-03-06T22:36:57.354+0000] {logging_mixin.py:188} INFO - [2026-03-06T22:36:57.354+0000] {dag.py:3954} INFO - Setting next_dagrun for example_task_group to 2026-03-05 00:00:00+00:00, run_after=2026-03-06 00:00:00+00:00
[2026-03-06T22:36:57.384+0000] {processor.py:183} INFO - Processing /home/airflow/.local/lib/python3.12/site-packages/airflow/example_dags/example_task_group.py took 0.127 seconds
[2026-03-06T22:37:27.619+0000] {processor.py:161} INFO - Started process (PID=775) to work on /home/airflow/.local/lib/python3.12/site-packages/airflow/example_dags/example_task_group.py
[2026-03-06T22:37:27.621+0000] {processor.py:830} INFO - Processing file /home/airflow/.local/lib/python3.12/site-packages/airflow/example_dags/example_task_group.py for tasks to queue
[2026-03-06T22:37:27.623+0000] {logging_mixin.py:188} INFO - [2026-03-06T22:37:27.623+0000] {dagbag.py:545} INFO - Filling up the DagBag from /home/airflow/.local/lib/python3.12/site-packages/airflow/example_dags/example_task_group.py
[2026-03-06T22:37:27.632+0000] {processor.py:840} INFO - DAG(s) 'example_task_group' retrieved from /home/airflow/.local/lib/python3.12/site-packages/airflow/example_dags/example_task_group.py
[2026-03-06T22:37:27.658+0000] {logging_mixin.py:188} INFO - [2026-03-06T22:37:27.658+0000] {dag.py:3096} INFO - Sync 1 DAGs
[2026-03-06T22:37:27.686+0000] {logging_mixin.py:188} INFO - [2026-03-06T22:37:27.685+0000] {dag.py:3954} INFO - Setting next_dagrun for example_task_group to 2026-03-05 00:00:00+00:00, run_after=2026-03-06 00:00:00+00:00
[2026-03-06T22:37:27.710+0000] {processor.py:183} INFO - Processing /home/airflow/.local/lib/python3.12/site-packages/airflow/example_dags/example_task_group.py took 0.098 seconds
[2026-03-06T22:37:57.952+0000] {processor.py:161} INFO - Started process (PID=833) to work on /home/airflow/.local/lib/python3.12/site-packages/airflow/example_dags/example_task_group.py
[2026-03-06T22:37:57.953+0000] {processor.py:830} INFO - Processing file /home/airflow/.local/lib/python3.12/site-packages/airflow/example_dags/example_task_group.py for tasks to queue
[2026-03-06T22:37:57.956+0000] {logging_mixin.py:188} INFO - [2026-03-06T22:37:57.955+0000] {dagbag.py:545} INFO - Filling up the DagBag from /home/airflow/.local/lib/python3.12/site-packages/airflow/example_dags/example_task_group.py
[2026-03-06T22:37:57.965+0000] {processor.py:840} INFO - DAG(s) 'example_task_group' retrieved from /home/airflow/.local/lib/python3.12/site-packages/airflow/example_dags/example_task_group.py
[2026-03-06T22:37:57.996+0000] {logging_mixin.py:188} INFO - [2026-03-06T22:37:57.996+0000] {dag.py:3096} INFO - Sync 1 DAGs
[2026-03-06T22:37:58.032+0000] {logging_mixin.py:188} INFO - [2026-03-06T22:37:58.031+0000] {dag.py:3954} INFO - Setting next_dagrun for example_task_group to 2026-03-05 00:00:00+00:00, run_after=2026-03-06 00:00:00+00:00
[2026-03-06T22:37:58.061+0000] {processor.py:183} INFO - Processing /home/airflow/.local/lib/python3.12/site-packages/airflow/example_dags/example_task_group.py took 0.116 seconds
[2026-03-06T22:38:28.466+0000] {processor.py:161} INFO - Started process (PID=891) to work on /home/airflow/.local/lib/python3.12/site-packages/airflow/example_dags/example_task_group.py
[2026-03-06T22:38:28.467+0000] {processor.py:830} INFO - Processing file /home/airflow/.local/lib/python3.12/site-packages/airflow/example_dags/example_task_group.py for tasks to queue
[2026-03-06T22:38:28.471+0000] {logging_mixin.py:188} INFO - [2026-03-06T22:38:28.470+0000] {dagbag.py:545} INFO - Filling up the DagBag from /home/airflow/.local/lib/python3.12/site-packages/airflow/example_dags/example_task_group.py
[2026-03-06T22:38:28.480+0000] {processor.py:840} INFO - DAG(s) 'example_task_group' retrieved from /home/airflow/.local/lib/python3.12/site-packages/airflow/example_dags/example_task_group.py
[2026-03-06T22:38:28.514+0000] {logging_mixin.py:188} INFO - [2026-03-06T22:38:28.514+0000] {dag.py:3096} INFO - Sync 1 DAGs
[2026-03-06T22:38:28.545+0000] {logging_mixin.py:188} INFO - [2026-03-06T22:38:28.545+0000] {dag.py:3954} INFO - Setting next_dagrun for example_task_group to 2026-03-05 00:00:00+00:00, run_after=2026-03-06 00:00:00+00:00
[2026-03-06T22:38:28.577+0000] {processor.py:183} INFO - Processing /home/airflow/.local/lib/python3.12/site-packages/airflow/example_dags/example_task_group.py took 0.118 seconds
[2026-03-06T22:38:58.802+0000] {processor.py:161} INFO - Started process (PID=949) to work on /home/airflow/.local/lib/python3.12/site-packages/airflow/example_dags/example_task_group.py
[2026-03-06T22:38:58.803+0000] {processor.py:830} INFO - Processing file /home/airflow/.local/lib/python3.12/site-packages/airflow/example_dags/example_task_group.py for tasks to queue
[2026-03-06T22:38:58.806+0000] {logging_mixin.py:188} INFO - [2026-03-06T22:38:58.805+0000] {dagbag.py:545} INFO - Filling up the DagBag from /home/airflow/.local/lib/python3.12/site-packages/airflow/example_dags/example_task_group.py
[2026-03-06T22:38:58.818+0000] {processor.py:840} INFO - DAG(s) 'example_task_group' retrieved from /home/airflow/.local/lib/python3.12/site-packages/airflow/example_dags/example_task_group.py
[2026-03-06T22:38:58.844+0000] {logging_mixin.py:188} INFO - [2026-03-06T22:38:58.843+0000] {dag.py:3096} INFO - Sync 1 DAGs
[2026-03-06T22:38:58.871+0000] {logging_mixin.py:188} INFO - [2026-03-06T22:38:58.871+0000] {dag.py:3954} INFO - Setting next_dagrun for example_task_group to 2026-03-05 00:00:00+00:00, run_after=2026-03-06 00:00:00+00:00
[2026-03-06T22:38:58.895+0000] {processor.py:183} INFO - Processing /home/airflow/.local/lib/python3.12/site-packages/airflow/example_dags/example_task_group.py took 0.101 seconds
[2026-03-06T22:39:29.425+0000] {processor.py:161} INFO - Started process (PID=1007) to work on /home/airflow/.local/lib/python3.12/site-packages/airflow/example_dags/example_task_group.py
[2026-03-06T22:39:29.426+0000] {processor.py:830} INFO - Processing file /home/airflow/.local/lib/python3.12/site-packages/airflow/example_dags/example_task_group.py for tasks to queue
[2026-03-06T22:39:29.429+0000] {logging_mixin.py:188} INFO - [2026-03-06T22:39:29.429+0000] {dagbag.py:545} INFO - Filling up the DagBag from /home/airflow/.local/lib/python3.12/site-packages/airflow/example_dags/example_task_group.py
[2026-03-06T22:39:29.438+0000] {processor.py:840} INFO - DAG(s) 'example_task_group' retrieved from /home/airflow/.local/lib/python3.12/site-packages/airflow/example_dags/example_task_group.py
[2026-03-06T22:39:29.466+0000] {logging_mixin.py:188} INFO - [2026-03-06T22:39:29.465+0000] {dag.py:3096} INFO - Sync 1 DAGs
[2026-03-06T22:39:29.498+0000] {logging_mixin.py:188} INFO - [2026-03-06T22:39:29.498+0000] {dag.py:3954} INFO - Setting next_dagrun for example_task_group to 2026-03-05 00:00:00+00:00, run_after=2026-03-06 00:00:00+00:00
[2026-03-06T22:39:29.530+0000] {processor.py:183} INFO - Processing /home/airflow/.local/lib/python3.12/site-packages/airflow/example_dags/example_task_group.py took 0.116 seconds
[2026-03-06T22:40:00.328+0000] {processor.py:161} INFO - Started process (PID=1065) to work on /home/airflow/.local/lib/python3.12/site-packages/airflow/example_dags/example_task_group.py
[2026-03-06T22:40:00.330+0000] {processor.py:830} INFO - Processing file /home/airflow/.local/lib/python3.12/site-packages/airflow/example_dags/example_task_group.py for tasks to queue
[2026-03-06T22:40:00.333+0000] {logging_mixin.py:188} INFO - [2026-03-06T22:40:00.332+0000] {dagbag.py:545} INFO - Filling up the DagBag from /home/airflow/.local/lib/python3.12/site-packages/airflow/example_dags/example_task_group.py
[2026-03-06T22:40:00.342+0000] {processor.py:840} INFO - DAG(s) 'example_task_group' retrieved from /home/airflow/.local/lib/python3.12/site-packages/airflow/example_dags/example_task_group.py
[2026-03-06T22:40:00.377+0000] {logging_mixin.py:188} INFO - [2026-03-06T22:40:00.377+0000] {dag.py:3096} INFO - Sync 1 DAGs
[2026-03-06T22:40:00.410+0000] {logging_mixin.py:188} INFO - [2026-03-06T22:40:00.410+0000] {dag.py:3954} INFO - Setting next_dagrun for example_task_group to 2026-03-05 00:00:00+00:00, run_after=2026-03-06 00:00:00+00:00
[2026-03-06T22:40:00.437+0000] {processor.py:183} INFO - Processing /home/airflow/.local/lib/python3.12/site-packages/airflow/example_dags/example_task_group.py took 0.118 seconds
[2026-03-06T22:40:30.678+0000] {processor.py:161} INFO - Started process (PID=1123) to work on /home/airflow/.local/lib/python3.12/site-packages/airflow/example_dags/example_task_group.py
[2026-03-06T22:40:30.679+0000] {processor.py:830} INFO - Processing file /home/airflow/.local/lib/python3.12/site-packages/airflow/example_dags/example_task_group.py for tasks to queue
[2026-03-06T22:40:30.682+0000] {logging_mixin.py:188} INFO - [2026-03-06T22:40:30.682+0000] {dagbag.py:545} INFO - Filling up the DagBag from /home/airflow/.local/lib/python3.12/site-packages/airflow/example_dags/example_task_group.py
[2026-03-06T22:40:30.695+0000] {processor.py:840} INFO - DAG(s) 'example_task_group' retrieved from /home/airflow/.local/lib/python3.12/site-packages/airflow/example_dags/example_task_group.py
[2026-03-06T22:40:30.722+0000] {logging_mixin.py:188} INFO - [2026-03-06T22:40:30.721+0000] {dag.py:3096} INFO - Sync 1 DAGs
[2026-03-06T22:40:30.752+0000] {logging_mixin.py:188} INFO - [2026-03-06T22:40:30.752+0000] {dag.py:3954} INFO - Setting next_dagrun for example_task_group to 2026-03-05 00:00:00+00:00, run_after=2026-03-06 00:00:00+00:00
[2026-03-06T22:40:30.779+0000] {processor.py:183} INFO - Processing /home/airflow/.local/lib/python3.12/site-packages/airflow/example_dags/example_task_group.py took 0.108 seconds
[2026-03-06T22:41:01.151+0000] {processor.py:161} INFO - Started process (PID=1181) to work on /home/airflow/.local/lib/python3.12/site-packages/airflow/example_dags/example_task_group.py
[2026-03-06T22:41:01.152+0000] {processor.py:830} INFO - Processing file /home/airflow/.local/lib/python3.12/site-packages/airflow/example_dags/example_task_group.py for tasks to queue
[2026-03-06T22:41:01.155+0000] {logging_mixin.py:188} INFO - [2026-03-06T22:41:01.154+0000] {dagbag.py:545} INFO - Filling up the DagBag from /home/airflow/.local/lib/python3.12/site-packages/airflow/example_dags/example_task_group.py
[2026-03-06T22:41:01.167+0000] {processor.py:840} INFO - DAG(s) 'example_task_group' retrieved from /home/airflow/.local/lib/python3.12/site-packages/airflow/example_dags/example_task_group.py
[2026-03-06T22:41:01.199+0000] {logging_mixin.py:188} INFO - [2026-03-06T22:41:01.199+0000] {dag.py:3096} INFO - Sync 1 DAGs
[2026-03-06T22:41:01.228+0000] {logging_mixin.py:188} INFO - [2026-03-06T22:41:01.228+0000] {dag.py:3954} INFO - Setting next_dagrun for example_task_group to 2026-03-05 00:00:00+00:00, run_after=2026-03-06 00:00:00+00:00
[2026-03-06T22:41:01.254+0000] {processor.py:183} INFO - Processing /home/airflow/.local/lib/python3.12/site-packages/airflow/example_dags/example_task_group.py took 0.111 seconds
