[2026-03-06T22:30:50.521+0000] {processor.py:161} INFO - Started process (PID=104) to work on /home/airflow/.local/lib/python3.12/site-packages/airflow/example_dags/example_latest_only_with_trigger.py
[2026-03-06T22:30:50.522+0000] {processor.py:830} INFO - Processing file /home/airflow/.local/lib/python3.12/site-packages/airflow/example_dags/example_latest_only_with_trigger.py for tasks to queue
[2026-03-06T22:30:50.528+0000] {logging_mixin.py:188} INFO - [2026-03-06T22:30:50.527+0000] {dagbag.py:545} INFO - Filling up the DagBag from /home/airflow/.local/lib/python3.12/site-packages/airflow/example_dags/example_latest_only_with_trigger.py
[2026-03-06T22:30:50.537+0000] {processor.py:840} INFO - DAG(s) 'latest_only_with_trigger' retrieved from /home/airflow/.local/lib/python3.12/site-packages/airflow/example_dags/example_latest_only_with_trigger.py
[2026-03-06T22:30:50.671+0000] {logging_mixin.py:188} INFO - [2026-03-06T22:30:50.670+0000] {override.py:1829} INFO - Created Permission View: can delete on DAG:latest_only_with_trigger
[2026-03-06T22:30:50.693+0000] {logging_mixin.py:188} INFO - [2026-03-06T22:30:50.692+0000] {override.py:1829} INFO - Created Permission View: can read on DAG:latest_only_with_trigger
[2026-03-06T22:30:50.706+0000] {logging_mixin.py:188} INFO - [2026-03-06T22:30:50.705+0000] {override.py:1829} INFO - Created Permission View: can edit on DAG:latest_only_with_trigger
[2026-03-06T22:30:50.706+0000] {logging_mixin.py:188} INFO - [2026-03-06T22:30:50.706+0000] {dag.py:3096} INFO - Sync 1 DAGs
[2026-03-06T22:30:50.722+0000] {logging_mixin.py:188} INFO - [2026-03-06T22:30:50.722+0000] {dag.py:3118} INFO - Creating ORM DAG for latest_only_with_trigger
[2026-03-06T22:30:50.738+0000] {logging_mixin.py:188} INFO - [2026-03-06T22:30:50.738+0000] {dag.py:3954} INFO - Setting next_dagrun for latest_only_with_trigger to 2026-03-06 16:00:00+00:00, run_after=2026-03-06 20:00:00+00:00
[2026-03-06T22:30:50.769+0000] {processor.py:183} INFO - Processing /home/airflow/.local/lib/python3.12/site-packages/airflow/example_dags/example_latest_only_with_trigger.py took 0.255 seconds
[2026-03-06T22:31:22.784+0000] {processor.py:161} INFO - Started process (PID=84) to work on /home/airflow/.local/lib/python3.12/site-packages/airflow/example_dags/example_latest_only_with_trigger.py
[2026-03-06T22:31:22.786+0000] {processor.py:830} INFO - Processing file /home/airflow/.local/lib/python3.12/site-packages/airflow/example_dags/example_latest_only_with_trigger.py for tasks to queue
[2026-03-06T22:31:22.789+0000] {logging_mixin.py:188} INFO - [2026-03-06T22:31:22.789+0000] {dagbag.py:545} INFO - Filling up the DagBag from /home/airflow/.local/lib/python3.12/site-packages/airflow/example_dags/example_latest_only_with_trigger.py
[2026-03-06T22:31:22.797+0000] {processor.py:840} INFO - DAG(s) 'latest_only_with_trigger' retrieved from /home/airflow/.local/lib/python3.12/site-packages/airflow/example_dags/example_latest_only_with_trigger.py
[2026-03-06T22:31:22.825+0000] {logging_mixin.py:188} INFO - [2026-03-06T22:31:22.825+0000] {dag.py:3096} INFO - Sync 1 DAGs
[2026-03-06T22:31:22.862+0000] {logging_mixin.py:188} INFO - [2026-03-06T22:31:22.862+0000] {dag.py:3954} INFO - Setting next_dagrun for latest_only_with_trigger to 2026-03-06 16:00:00+00:00, run_after=2026-03-06 20:00:00+00:00
[2026-03-06T22:31:22.902+0000] {processor.py:183} INFO - Processing /home/airflow/.local/lib/python3.12/site-packages/airflow/example_dags/example_latest_only_with_trigger.py took 0.126 seconds
[2026-03-06T22:31:53.128+0000] {processor.py:161} INFO - Started process (PID=142) to work on /home/airflow/.local/lib/python3.12/site-packages/airflow/example_dags/example_latest_only_with_trigger.py
[2026-03-06T22:31:53.129+0000] {processor.py:830} INFO - Processing file /home/airflow/.local/lib/python3.12/site-packages/airflow/example_dags/example_latest_only_with_trigger.py for tasks to queue
[2026-03-06T22:31:53.132+0000] {logging_mixin.py:188} INFO - [2026-03-06T22:31:53.131+0000] {dagbag.py:545} INFO - Filling up the DagBag from /home/airflow/.local/lib/python3.12/site-packages/airflow/example_dags/example_latest_only_with_trigger.py
[2026-03-06T22:31:53.144+0000] {processor.py:840} INFO - DAG(s) 'latest_only_with_trigger' retrieved from /home/airflow/.local/lib/python3.12/site-packages/airflow/example_dags/example_latest_only_with_trigger.py
[2026-03-06T22:31:53.170+0000] {logging_mixin.py:188} INFO - [2026-03-06T22:31:53.170+0000] {dag.py:3096} INFO - Sync 1 DAGs
[2026-03-06T22:31:53.200+0000] {logging_mixin.py:188} INFO - [2026-03-06T22:31:53.200+0000] {dag.py:3954} INFO - Setting next_dagrun for latest_only_with_trigger to 2026-03-06 16:00:00+00:00, run_after=2026-03-06 20:00:00+00:00
[2026-03-06T22:31:53.228+0000] {processor.py:183} INFO - Processing /home/airflow/.local/lib/python3.12/site-packages/airflow/example_dags/example_latest_only_with_trigger.py took 0.108 seconds
[2026-03-06T22:32:23.428+0000] {processor.py:161} INFO - Started process (PID=200) to work on /home/airflow/.local/lib/python3.12/site-packages/airflow/example_dags/example_latest_only_with_trigger.py
[2026-03-06T22:32:23.429+0000] {processor.py:830} INFO - Processing file /home/airflow/.local/lib/python3.12/site-packages/airflow/example_dags/example_latest_only_with_trigger.py for tasks to queue
[2026-03-06T22:32:23.433+0000] {logging_mixin.py:188} INFO - [2026-03-06T22:32:23.432+0000] {dagbag.py:545} INFO - Filling up the DagBag from /home/airflow/.local/lib/python3.12/site-packages/airflow/example_dags/example_latest_only_with_trigger.py
[2026-03-06T22:32:23.441+0000] {processor.py:840} INFO - DAG(s) 'latest_only_with_trigger' retrieved from /home/airflow/.local/lib/python3.12/site-packages/airflow/example_dags/example_latest_only_with_trigger.py
[2026-03-06T22:32:23.469+0000] {logging_mixin.py:188} INFO - [2026-03-06T22:32:23.469+0000] {dag.py:3096} INFO - Sync 1 DAGs
[2026-03-06T22:32:23.503+0000] {logging_mixin.py:188} INFO - [2026-03-06T22:32:23.502+0000] {dag.py:3954} INFO - Setting next_dagrun for latest_only_with_trigger to 2026-03-06 16:00:00+00:00, run_after=2026-03-06 20:00:00+00:00
[2026-03-06T22:32:23.868+0000] {processor.py:183} INFO - Processing /home/airflow/.local/lib/python3.12/site-packages/airflow/example_dags/example_latest_only_with_trigger.py took 0.448 seconds
[2026-03-06T22:32:54.504+0000] {processor.py:161} INFO - Started process (PID=264) to work on /home/airflow/.local/lib/python3.12/site-packages/airflow/example_dags/example_latest_only_with_trigger.py
[2026-03-06T22:32:54.506+0000] {processor.py:830} INFO - Processing file /home/airflow/.local/lib/python3.12/site-packages/airflow/example_dags/example_latest_only_with_trigger.py for tasks to queue
[2026-03-06T22:32:54.508+0000] {logging_mixin.py:188} INFO - [2026-03-06T22:32:54.508+0000] {dagbag.py:545} INFO - Filling up the DagBag from /home/airflow/.local/lib/python3.12/site-packages/airflow/example_dags/example_latest_only_with_trigger.py
[2026-03-06T22:32:54.516+0000] {processor.py:840} INFO - DAG(s) 'latest_only_with_trigger' retrieved from /home/airflow/.local/lib/python3.12/site-packages/airflow/example_dags/example_latest_only_with_trigger.py
[2026-03-06T22:32:54.529+0000] {logging_mixin.py:188} INFO - [2026-03-06T22:32:54.528+0000] {dag.py:3096} INFO - Sync 1 DAGs
[2026-03-06T22:32:54.561+0000] {logging_mixin.py:188} INFO - [2026-03-06T22:32:54.561+0000] {dag.py:3954} INFO - Setting next_dagrun for latest_only_with_trigger to 2026-03-06 16:00:00+00:00, run_after=2026-03-06 20:00:00+00:00
[2026-03-06T22:32:54.612+0000] {processor.py:183} INFO - Processing /home/airflow/.local/lib/python3.12/site-packages/airflow/example_dags/example_latest_only_with_trigger.py took 0.114 seconds
[2026-03-06T22:33:26.205+0000] {processor.py:161} INFO - Started process (PID=322) to work on /home/airflow/.local/lib/python3.12/site-packages/airflow/example_dags/example_latest_only_with_trigger.py
[2026-03-06T22:33:26.206+0000] {processor.py:830} INFO - Processing file /home/airflow/.local/lib/python3.12/site-packages/airflow/example_dags/example_latest_only_with_trigger.py for tasks to queue
[2026-03-06T22:33:26.209+0000] {logging_mixin.py:188} INFO - [2026-03-06T22:33:26.208+0000] {dagbag.py:545} INFO - Filling up the DagBag from /home/airflow/.local/lib/python3.12/site-packages/airflow/example_dags/example_latest_only_with_trigger.py
[2026-03-06T22:33:26.216+0000] {processor.py:840} INFO - DAG(s) 'latest_only_with_trigger' retrieved from /home/airflow/.local/lib/python3.12/site-packages/airflow/example_dags/example_latest_only_with_trigger.py
[2026-03-06T22:33:26.351+0000] {logging_mixin.py:188} INFO - [2026-03-06T22:33:26.351+0000] {dag.py:3096} INFO - Sync 1 DAGs
[2026-03-06T22:33:26.377+0000] {logging_mixin.py:188} INFO - [2026-03-06T22:33:26.377+0000] {dag.py:3954} INFO - Setting next_dagrun for latest_only_with_trigger to 2026-03-06 16:00:00+00:00, run_after=2026-03-06 20:00:00+00:00
[2026-03-06T22:33:26.414+0000] {processor.py:183} INFO - Processing /home/airflow/.local/lib/python3.12/site-packages/airflow/example_dags/example_latest_only_with_trigger.py took 0.218 seconds
[2026-03-06T22:33:56.815+0000] {processor.py:161} INFO - Started process (PID=380) to work on /home/airflow/.local/lib/python3.12/site-packages/airflow/example_dags/example_latest_only_with_trigger.py
[2026-03-06T22:33:56.822+0000] {processor.py:830} INFO - Processing file /home/airflow/.local/lib/python3.12/site-packages/airflow/example_dags/example_latest_only_with_trigger.py for tasks to queue
[2026-03-06T22:33:56.832+0000] {logging_mixin.py:188} INFO - [2026-03-06T22:33:56.831+0000] {dagbag.py:545} INFO - Filling up the DagBag from /home/airflow/.local/lib/python3.12/site-packages/airflow/example_dags/example_latest_only_with_trigger.py
[2026-03-06T22:33:56.850+0000] {processor.py:840} INFO - DAG(s) 'latest_only_with_trigger' retrieved from /home/airflow/.local/lib/python3.12/site-packages/airflow/example_dags/example_latest_only_with_trigger.py
[2026-03-06T22:33:56.886+0000] {logging_mixin.py:188} INFO - [2026-03-06T22:33:56.886+0000] {dag.py:3096} INFO - Sync 1 DAGs
[2026-03-06T22:33:56.923+0000] {logging_mixin.py:188} INFO - [2026-03-06T22:33:56.923+0000] {dag.py:3954} INFO - Setting next_dagrun for latest_only_with_trigger to 2026-03-06 16:00:00+00:00, run_after=2026-03-06 20:00:00+00:00
[2026-03-06T22:33:56.961+0000] {processor.py:183} INFO - Processing /home/airflow/.local/lib/python3.12/site-packages/airflow/example_dags/example_latest_only_with_trigger.py took 0.158 seconds
[2026-03-06T22:34:27.519+0000] {processor.py:161} INFO - Started process (PID=438) to work on /home/airflow/.local/lib/python3.12/site-packages/airflow/example_dags/example_latest_only_with_trigger.py
[2026-03-06T22:34:27.523+0000] {processor.py:830} INFO - Processing file /home/airflow/.local/lib/python3.12/site-packages/airflow/example_dags/example_latest_only_with_trigger.py for tasks to queue
[2026-03-06T22:34:27.528+0000] {logging_mixin.py:188} INFO - [2026-03-06T22:34:27.526+0000] {dagbag.py:545} INFO - Filling up the DagBag from /home/airflow/.local/lib/python3.12/site-packages/airflow/example_dags/example_latest_only_with_trigger.py
[2026-03-06T22:34:27.540+0000] {processor.py:840} INFO - DAG(s) 'latest_only_with_trigger' retrieved from /home/airflow/.local/lib/python3.12/site-packages/airflow/example_dags/example_latest_only_with_trigger.py
[2026-03-06T22:34:27.568+0000] {logging_mixin.py:188} INFO - [2026-03-06T22:34:27.567+0000] {dag.py:3096} INFO - Sync 1 DAGs
[2026-03-06T22:34:27.601+0000] {logging_mixin.py:188} INFO - [2026-03-06T22:34:27.601+0000] {dag.py:3954} INFO - Setting next_dagrun for latest_only_with_trigger to 2026-03-06 16:00:00+00:00, run_after=2026-03-06 20:00:00+00:00
[2026-03-06T22:34:27.627+0000] {processor.py:183} INFO - Processing /home/airflow/.local/lib/python3.12/site-packages/airflow/example_dags/example_latest_only_with_trigger.py took 0.119 seconds
[2026-03-06T22:34:57.848+0000] {processor.py:161} INFO - Started process (PID=496) to work on /home/airflow/.local/lib/python3.12/site-packages/airflow/example_dags/example_latest_only_with_trigger.py
[2026-03-06T22:34:57.849+0000] {processor.py:830} INFO - Processing file /home/airflow/.local/lib/python3.12/site-packages/airflow/example_dags/example_latest_only_with_trigger.py for tasks to queue
[2026-03-06T22:34:57.852+0000] {logging_mixin.py:188} INFO - [2026-03-06T22:34:57.851+0000] {dagbag.py:545} INFO - Filling up the DagBag from /home/airflow/.local/lib/python3.12/site-packages/airflow/example_dags/example_latest_only_with_trigger.py
[2026-03-06T22:34:57.859+0000] {processor.py:840} INFO - DAG(s) 'latest_only_with_trigger' retrieved from /home/airflow/.local/lib/python3.12/site-packages/airflow/example_dags/example_latest_only_with_trigger.py
[2026-03-06T22:34:57.886+0000] {logging_mixin.py:188} INFO - [2026-03-06T22:34:57.885+0000] {dag.py:3096} INFO - Sync 1 DAGs
[2026-03-06T22:34:57.915+0000] {logging_mixin.py:188} INFO - [2026-03-06T22:34:57.914+0000] {dag.py:3954} INFO - Setting next_dagrun for latest_only_with_trigger to 2026-03-06 16:00:00+00:00, run_after=2026-03-06 20:00:00+00:00
[2026-03-06T22:34:57.944+0000] {processor.py:183} INFO - Processing /home/airflow/.local/lib/python3.12/site-packages/airflow/example_dags/example_latest_only_with_trigger.py took 0.103 seconds
[2026-03-06T22:35:28.182+0000] {processor.py:161} INFO - Started process (PID=554) to work on /home/airflow/.local/lib/python3.12/site-packages/airflow/example_dags/example_latest_only_with_trigger.py
[2026-03-06T22:35:28.184+0000] {processor.py:830} INFO - Processing file /home/airflow/.local/lib/python3.12/site-packages/airflow/example_dags/example_latest_only_with_trigger.py for tasks to queue
[2026-03-06T22:35:28.186+0000] {logging_mixin.py:188} INFO - [2026-03-06T22:35:28.186+0000] {dagbag.py:545} INFO - Filling up the DagBag from /home/airflow/.local/lib/python3.12/site-packages/airflow/example_dags/example_latest_only_with_trigger.py
[2026-03-06T22:35:28.196+0000] {processor.py:840} INFO - DAG(s) 'latest_only_with_trigger' retrieved from /home/airflow/.local/lib/python3.12/site-packages/airflow/example_dags/example_latest_only_with_trigger.py
[2026-03-06T22:35:28.222+0000] {logging_mixin.py:188} INFO - [2026-03-06T22:35:28.222+0000] {dag.py:3096} INFO - Sync 1 DAGs
[2026-03-06T22:35:28.254+0000] {logging_mixin.py:188} INFO - [2026-03-06T22:35:28.254+0000] {dag.py:3954} INFO - Setting next_dagrun for latest_only_with_trigger to 2026-03-06 16:00:00+00:00, run_after=2026-03-06 20:00:00+00:00
[2026-03-06T22:35:28.297+0000] {processor.py:183} INFO - Processing /home/airflow/.local/lib/python3.12/site-packages/airflow/example_dags/example_latest_only_with_trigger.py took 0.122 seconds
[2026-03-06T22:35:58.515+0000] {processor.py:161} INFO - Started process (PID=612) to work on /home/airflow/.local/lib/python3.12/site-packages/airflow/example_dags/example_latest_only_with_trigger.py
[2026-03-06T22:35:58.516+0000] {processor.py:830} INFO - Processing file /home/airflow/.local/lib/python3.12/site-packages/airflow/example_dags/example_latest_only_with_trigger.py for tasks to queue
[2026-03-06T22:35:58.519+0000] {logging_mixin.py:188} INFO - [2026-03-06T22:35:58.518+0000] {dagbag.py:545} INFO - Filling up the DagBag from /home/airflow/.local/lib/python3.12/site-packages/airflow/example_dags/example_latest_only_with_trigger.py
[2026-03-06T22:35:58.527+0000] {processor.py:840} INFO - DAG(s) 'latest_only_with_trigger' retrieved from /home/airflow/.local/lib/python3.12/site-packages/airflow/example_dags/example_latest_only_with_trigger.py
[2026-03-06T22:35:58.558+0000] {logging_mixin.py:188} INFO - [2026-03-06T22:35:58.557+0000] {dag.py:3096} INFO - Sync 1 DAGs
[2026-03-06T22:35:58.589+0000] {logging_mixin.py:188} INFO - [2026-03-06T22:35:58.589+0000] {dag.py:3954} INFO - Setting next_dagrun for latest_only_with_trigger to 2026-03-06 16:00:00+00:00, run_after=2026-03-06 20:00:00+00:00
[2026-03-06T22:35:58.621+0000] {processor.py:183} INFO - Processing /home/airflow/.local/lib/python3.12/site-packages/airflow/example_dags/example_latest_only_with_trigger.py took 0.114 seconds
[2026-03-06T22:36:29.476+0000] {processor.py:161} INFO - Started process (PID=670) to work on /home/airflow/.local/lib/python3.12/site-packages/airflow/example_dags/example_latest_only_with_trigger.py
[2026-03-06T22:36:29.477+0000] {processor.py:830} INFO - Processing file /home/airflow/.local/lib/python3.12/site-packages/airflow/example_dags/example_latest_only_with_trigger.py for tasks to queue
[2026-03-06T22:36:29.480+0000] {logging_mixin.py:188} INFO - [2026-03-06T22:36:29.480+0000] {dagbag.py:545} INFO - Filling up the DagBag from /home/airflow/.local/lib/python3.12/site-packages/airflow/example_dags/example_latest_only_with_trigger.py
[2026-03-06T22:36:29.489+0000] {processor.py:840} INFO - DAG(s) 'latest_only_with_trigger' retrieved from /home/airflow/.local/lib/python3.12/site-packages/airflow/example_dags/example_latest_only_with_trigger.py
[2026-03-06T22:36:29.513+0000] {logging_mixin.py:188} INFO - [2026-03-06T22:36:29.513+0000] {dag.py:3096} INFO - Sync 1 DAGs
[2026-03-06T22:36:29.541+0000] {logging_mixin.py:188} INFO - [2026-03-06T22:36:29.541+0000] {dag.py:3954} INFO - Setting next_dagrun for latest_only_with_trigger to 2026-03-06 16:00:00+00:00, run_after=2026-03-06 20:00:00+00:00
[2026-03-06T22:36:29.564+0000] {processor.py:183} INFO - Processing /home/airflow/.local/lib/python3.12/site-packages/airflow/example_dags/example_latest_only_with_trigger.py took 0.098 seconds
[2026-03-06T22:37:00.115+0000] {processor.py:161} INFO - Started process (PID=728) to work on /home/airflow/.local/lib/python3.12/site-packages/airflow/example_dags/example_latest_only_with_trigger.py
[2026-03-06T22:37:00.116+0000] {processor.py:830} INFO - Processing file /home/airflow/.local/lib/python3.12/site-packages/airflow/example_dags/example_latest_only_with_trigger.py for tasks to queue
[2026-03-06T22:37:00.118+0000] {logging_mixin.py:188} INFO - [2026-03-06T22:37:00.118+0000] {dagbag.py:545} INFO - Filling up the DagBag from /home/airflow/.local/lib/python3.12/site-packages/airflow/example_dags/example_latest_only_with_trigger.py
[2026-03-06T22:37:00.125+0000] {processor.py:840} INFO - DAG(s) 'latest_only_with_trigger' retrieved from /home/airflow/.local/lib/python3.12/site-packages/airflow/example_dags/example_latest_only_with_trigger.py
[2026-03-06T22:37:00.148+0000] {logging_mixin.py:188} INFO - [2026-03-06T22:37:00.148+0000] {dag.py:3096} INFO - Sync 1 DAGs
[2026-03-06T22:37:00.174+0000] {logging_mixin.py:188} INFO - [2026-03-06T22:37:00.174+0000] {dag.py:3954} INFO - Setting next_dagrun for latest_only_with_trigger to 2026-03-06 16:00:00+00:00, run_after=2026-03-06 20:00:00+00:00
[2026-03-06T22:37:00.197+0000] {processor.py:183} INFO - Processing /home/airflow/.local/lib/python3.12/site-packages/airflow/example_dags/example_latest_only_with_trigger.py took 0.089 seconds
[2026-03-06T22:37:30.383+0000] {processor.py:161} INFO - Started process (PID=786) to work on /home/airflow/.local/lib/python3.12/site-packages/airflow/example_dags/example_latest_only_with_trigger.py
[2026-03-06T22:37:30.385+0000] {processor.py:830} INFO - Processing file /home/airflow/.local/lib/python3.12/site-packages/airflow/example_dags/example_latest_only_with_trigger.py for tasks to queue
[2026-03-06T22:37:30.388+0000] {logging_mixin.py:188} INFO - [2026-03-06T22:37:30.387+0000] {dagbag.py:545} INFO - Filling up the DagBag from /home/airflow/.local/lib/python3.12/site-packages/airflow/example_dags/example_latest_only_with_trigger.py
[2026-03-06T22:37:30.395+0000] {processor.py:840} INFO - DAG(s) 'latest_only_with_trigger' retrieved from /home/airflow/.local/lib/python3.12/site-packages/airflow/example_dags/example_latest_only_with_trigger.py
[2026-03-06T22:37:30.425+0000] {logging_mixin.py:188} INFO - [2026-03-06T22:37:30.424+0000] {dag.py:3096} INFO - Sync 1 DAGs
[2026-03-06T22:37:30.453+0000] {logging_mixin.py:188} INFO - [2026-03-06T22:37:30.453+0000] {dag.py:3954} INFO - Setting next_dagrun for latest_only_with_trigger to 2026-03-06 16:00:00+00:00, run_after=2026-03-06 20:00:00+00:00
[2026-03-06T22:37:30.477+0000] {processor.py:183} INFO - Processing /home/airflow/.local/lib/python3.12/site-packages/airflow/example_dags/example_latest_only_with_trigger.py took 0.103 seconds
[2026-03-06T22:38:00.742+0000] {processor.py:161} INFO - Started process (PID=844) to work on /home/airflow/.local/lib/python3.12/site-packages/airflow/example_dags/example_latest_only_with_trigger.py
[2026-03-06T22:38:00.743+0000] {processor.py:830} INFO - Processing file /home/airflow/.local/lib/python3.12/site-packages/airflow/example_dags/example_latest_only_with_trigger.py for tasks to queue
[2026-03-06T22:38:00.746+0000] {logging_mixin.py:188} INFO - [2026-03-06T22:38:00.745+0000] {dagbag.py:545} INFO - Filling up the DagBag from /home/airflow/.local/lib/python3.12/site-packages/airflow/example_dags/example_latest_only_with_trigger.py
[2026-03-06T22:38:00.753+0000] {processor.py:840} INFO - DAG(s) 'latest_only_with_trigger' retrieved from /home/airflow/.local/lib/python3.12/site-packages/airflow/example_dags/example_latest_only_with_trigger.py
[2026-03-06T22:38:00.777+0000] {logging_mixin.py:188} INFO - [2026-03-06T22:38:00.776+0000] {dag.py:3096} INFO - Sync 1 DAGs
[2026-03-06T22:38:00.804+0000] {logging_mixin.py:188} INFO - [2026-03-06T22:38:00.804+0000] {dag.py:3954} INFO - Setting next_dagrun for latest_only_with_trigger to 2026-03-06 16:00:00+00:00, run_after=2026-03-06 20:00:00+00:00
[2026-03-06T22:38:00.833+0000] {processor.py:183} INFO - Processing /home/airflow/.local/lib/python3.12/site-packages/airflow/example_dags/example_latest_only_with_trigger.py took 0.099 seconds
[2026-03-06T22:38:31.284+0000] {processor.py:161} INFO - Started process (PID=902) to work on /home/airflow/.local/lib/python3.12/site-packages/airflow/example_dags/example_latest_only_with_trigger.py
[2026-03-06T22:38:31.285+0000] {processor.py:830} INFO - Processing file /home/airflow/.local/lib/python3.12/site-packages/airflow/example_dags/example_latest_only_with_trigger.py for tasks to queue
[2026-03-06T22:38:31.288+0000] {logging_mixin.py:188} INFO - [2026-03-06T22:38:31.287+0000] {dagbag.py:545} INFO - Filling up the DagBag from /home/airflow/.local/lib/python3.12/site-packages/airflow/example_dags/example_latest_only_with_trigger.py
[2026-03-06T22:38:31.295+0000] {processor.py:840} INFO - DAG(s) 'latest_only_with_trigger' retrieved from /home/airflow/.local/lib/python3.12/site-packages/airflow/example_dags/example_latest_only_with_trigger.py
[2026-03-06T22:38:31.322+0000] {logging_mixin.py:188} INFO - [2026-03-06T22:38:31.322+0000] {dag.py:3096} INFO - Sync 1 DAGs
[2026-03-06T22:38:31.350+0000] {logging_mixin.py:188} INFO - [2026-03-06T22:38:31.350+0000] {dag.py:3954} INFO - Setting next_dagrun for latest_only_with_trigger to 2026-03-06 16:00:00+00:00, run_after=2026-03-06 20:00:00+00:00
[2026-03-06T22:38:31.374+0000] {processor.py:183} INFO - Processing /home/airflow/.local/lib/python3.12/site-packages/airflow/example_dags/example_latest_only_with_trigger.py took 0.097 seconds
[2026-03-06T22:39:01.587+0000] {processor.py:161} INFO - Started process (PID=960) to work on /home/airflow/.local/lib/python3.12/site-packages/airflow/example_dags/example_latest_only_with_trigger.py
[2026-03-06T22:39:01.588+0000] {processor.py:830} INFO - Processing file /home/airflow/.local/lib/python3.12/site-packages/airflow/example_dags/example_latest_only_with_trigger.py for tasks to queue
[2026-03-06T22:39:01.590+0000] {logging_mixin.py:188} INFO - [2026-03-06T22:39:01.590+0000] {dagbag.py:545} INFO - Filling up the DagBag from /home/airflow/.local/lib/python3.12/site-packages/airflow/example_dags/example_latest_only_with_trigger.py
[2026-03-06T22:39:01.598+0000] {processor.py:840} INFO - DAG(s) 'latest_only_with_trigger' retrieved from /home/airflow/.local/lib/python3.12/site-packages/airflow/example_dags/example_latest_only_with_trigger.py
[2026-03-06T22:39:01.621+0000] {logging_mixin.py:188} INFO - [2026-03-06T22:39:01.620+0000] {dag.py:3096} INFO - Sync 1 DAGs
[2026-03-06T22:39:01.648+0000] {logging_mixin.py:188} INFO - [2026-03-06T22:39:01.648+0000] {dag.py:3954} INFO - Setting next_dagrun for latest_only_with_trigger to 2026-03-06 16:00:00+00:00, run_after=2026-03-06 20:00:00+00:00
[2026-03-06T22:39:01.681+0000] {processor.py:183} INFO - Processing /home/airflow/.local/lib/python3.12/site-packages/airflow/example_dags/example_latest_only_with_trigger.py took 0.102 seconds
[2026-03-06T22:39:32.313+0000] {processor.py:161} INFO - Started process (PID=1018) to work on /home/airflow/.local/lib/python3.12/site-packages/airflow/example_dags/example_latest_only_with_trigger.py
[2026-03-06T22:39:32.314+0000] {processor.py:830} INFO - Processing file /home/airflow/.local/lib/python3.12/site-packages/airflow/example_dags/example_latest_only_with_trigger.py for tasks to queue
[2026-03-06T22:39:32.318+0000] {logging_mixin.py:188} INFO - [2026-03-06T22:39:32.317+0000] {dagbag.py:545} INFO - Filling up the DagBag from /home/airflow/.local/lib/python3.12/site-packages/airflow/example_dags/example_latest_only_with_trigger.py
[2026-03-06T22:39:32.329+0000] {processor.py:840} INFO - DAG(s) 'latest_only_with_trigger' retrieved from /home/airflow/.local/lib/python3.12/site-packages/airflow/example_dags/example_latest_only_with_trigger.py
[2026-03-06T22:39:32.370+0000] {logging_mixin.py:188} INFO - [2026-03-06T22:39:32.369+0000] {dag.py:3096} INFO - Sync 1 DAGs
[2026-03-06T22:39:32.412+0000] {logging_mixin.py:188} INFO - [2026-03-06T22:39:32.412+0000] {dag.py:3954} INFO - Setting next_dagrun for latest_only_with_trigger to 2026-03-06 16:00:00+00:00, run_after=2026-03-06 20:00:00+00:00
[2026-03-06T22:39:32.452+0000] {processor.py:183} INFO - Processing /home/airflow/.local/lib/python3.12/site-packages/airflow/example_dags/example_latest_only_with_trigger.py took 0.149 seconds
[2026-03-06T22:40:03.143+0000] {processor.py:161} INFO - Started process (PID=1076) to work on /home/airflow/.local/lib/python3.12/site-packages/airflow/example_dags/example_latest_only_with_trigger.py
[2026-03-06T22:40:03.144+0000] {processor.py:830} INFO - Processing file /home/airflow/.local/lib/python3.12/site-packages/airflow/example_dags/example_latest_only_with_trigger.py for tasks to queue
[2026-03-06T22:40:03.146+0000] {logging_mixin.py:188} INFO - [2026-03-06T22:40:03.146+0000] {dagbag.py:545} INFO - Filling up the DagBag from /home/airflow/.local/lib/python3.12/site-packages/airflow/example_dags/example_latest_only_with_trigger.py
[2026-03-06T22:40:03.154+0000] {processor.py:840} INFO - DAG(s) 'latest_only_with_trigger' retrieved from /home/airflow/.local/lib/python3.12/site-packages/airflow/example_dags/example_latest_only_with_trigger.py
[2026-03-06T22:40:03.180+0000] {logging_mixin.py:188} INFO - [2026-03-06T22:40:03.180+0000] {dag.py:3096} INFO - Sync 1 DAGs
[2026-03-06T22:40:03.206+0000] {logging_mixin.py:188} INFO - [2026-03-06T22:40:03.206+0000] {dag.py:3954} INFO - Setting next_dagrun for latest_only_with_trigger to 2026-03-06 16:00:00+00:00, run_after=2026-03-06 20:00:00+00:00
[2026-03-06T22:40:03.232+0000] {processor.py:183} INFO - Processing /home/airflow/.local/lib/python3.12/site-packages/airflow/example_dags/example_latest_only_with_trigger.py took 0.097 seconds
[2026-03-06T22:40:33.477+0000] {processor.py:161} INFO - Started process (PID=1134) to work on /home/airflow/.local/lib/python3.12/site-packages/airflow/example_dags/example_latest_only_with_trigger.py
[2026-03-06T22:40:33.478+0000] {processor.py:830} INFO - Processing file /home/airflow/.local/lib/python3.12/site-packages/airflow/example_dags/example_latest_only_with_trigger.py for tasks to queue
[2026-03-06T22:40:33.481+0000] {logging_mixin.py:188} INFO - [2026-03-06T22:40:33.481+0000] {dagbag.py:545} INFO - Filling up the DagBag from /home/airflow/.local/lib/python3.12/site-packages/airflow/example_dags/example_latest_only_with_trigger.py
[2026-03-06T22:40:33.490+0000] {processor.py:840} INFO - DAG(s) 'latest_only_with_trigger' retrieved from /home/airflow/.local/lib/python3.12/site-packages/airflow/example_dags/example_latest_only_with_trigger.py
[2026-03-06T22:40:33.515+0000] {logging_mixin.py:188} INFO - [2026-03-06T22:40:33.515+0000] {dag.py:3096} INFO - Sync 1 DAGs
[2026-03-06T22:40:33.542+0000] {logging_mixin.py:188} INFO - [2026-03-06T22:40:33.542+0000] {dag.py:3954} INFO - Setting next_dagrun for latest_only_with_trigger to 2026-03-06 16:00:00+00:00, run_after=2026-03-06 20:00:00+00:00
[2026-03-06T22:40:33.570+0000] {processor.py:183} INFO - Processing /home/airflow/.local/lib/python3.12/site-packages/airflow/example_dags/example_latest_only_with_trigger.py took 0.099 seconds
[2026-03-06T22:41:03.946+0000] {processor.py:161} INFO - Started process (PID=1192) to work on /home/airflow/.local/lib/python3.12/site-packages/airflow/example_dags/example_latest_only_with_trigger.py
[2026-03-06T22:41:03.947+0000] {processor.py:830} INFO - Processing file /home/airflow/.local/lib/python3.12/site-packages/airflow/example_dags/example_latest_only_with_trigger.py for tasks to queue
[2026-03-06T22:41:03.951+0000] {logging_mixin.py:188} INFO - [2026-03-06T22:41:03.950+0000] {dagbag.py:545} INFO - Filling up the DagBag from /home/airflow/.local/lib/python3.12/site-packages/airflow/example_dags/example_latest_only_with_trigger.py
[2026-03-06T22:41:03.962+0000] {processor.py:840} INFO - DAG(s) 'latest_only_with_trigger' retrieved from /home/airflow/.local/lib/python3.12/site-packages/airflow/example_dags/example_latest_only_with_trigger.py
[2026-03-06T22:41:04.040+0000] {logging_mixin.py:188} INFO - [2026-03-06T22:41:04.040+0000] {dag.py:3096} INFO - Sync 1 DAGs
[2026-03-06T22:41:04.075+0000] {logging_mixin.py:188} INFO - [2026-03-06T22:41:04.075+0000] {dag.py:3954} INFO - Setting next_dagrun for latest_only_with_trigger to 2026-03-06 16:00:00+00:00, run_after=2026-03-06 20:00:00+00:00
[2026-03-06T22:41:04.102+0000] {processor.py:183} INFO - Processing /home/airflow/.local/lib/python3.12/site-packages/airflow/example_dags/example_latest_only_with_trigger.py took 0.166 seconds
