[2026-03-06T22:30:45.184+0000] {processor.py:161} INFO - Started process (PID=74) to work on /home/airflow/.local/lib/python3.12/site-packages/airflow/example_dags/example_short_circuit_decorator.py
[2026-03-06T22:30:45.186+0000] {processor.py:830} INFO - Processing file /home/airflow/.local/lib/python3.12/site-packages/airflow/example_dags/example_short_circuit_decorator.py for tasks to queue
[2026-03-06T22:30:45.188+0000] {logging_mixin.py:188} INFO - [2026-03-06T22:30:45.188+0000] {dagbag.py:545} INFO - Filling up the DagBag from /home/airflow/.local/lib/python3.12/site-packages/airflow/example_dags/example_short_circuit_decorator.py
[2026-03-06T22:30:45.203+0000] {processor.py:840} INFO - DAG(s) 'example_short_circuit_decorator' retrieved from /home/airflow/.local/lib/python3.12/site-packages/airflow/example_dags/example_short_circuit_decorator.py
[2026-03-06T22:30:45.344+0000] {logging_mixin.py:188} INFO - [2026-03-06T22:30:45.343+0000] {override.py:1829} INFO - Created Permission View: can delete on DAG:example_short_circuit_decorator
[2026-03-06T22:30:45.357+0000] {logging_mixin.py:188} INFO - [2026-03-06T22:30:45.357+0000] {override.py:1829} INFO - Created Permission View: can read on DAG:example_short_circuit_decorator
[2026-03-06T22:30:45.367+0000] {logging_mixin.py:188} INFO - [2026-03-06T22:30:45.367+0000] {override.py:1829} INFO - Created Permission View: can edit on DAG:example_short_circuit_decorator
[2026-03-06T22:30:45.368+0000] {logging_mixin.py:188} INFO - [2026-03-06T22:30:45.367+0000] {dag.py:3096} INFO - Sync 1 DAGs
[2026-03-06T22:30:45.383+0000] {logging_mixin.py:188} INFO - [2026-03-06T22:30:45.382+0000] {dag.py:3118} INFO - Creating ORM DAG for example_short_circuit_decorator
[2026-03-06T22:30:45.399+0000] {logging_mixin.py:188} INFO - [2026-03-06T22:30:45.398+0000] {dag.py:3954} INFO - Setting next_dagrun for example_short_circuit_decorator to 2026-03-05 00:00:00+00:00, run_after=2026-03-06 00:00:00+00:00
[2026-03-06T22:30:45.425+0000] {processor.py:183} INFO - Processing /home/airflow/.local/lib/python3.12/site-packages/airflow/example_dags/example_short_circuit_decorator.py took 0.248 seconds
[2026-03-06T22:31:19.815+0000] {processor.py:161} INFO - Started process (PID=54) to work on /home/airflow/.local/lib/python3.12/site-packages/airflow/example_dags/example_short_circuit_decorator.py
[2026-03-06T22:31:19.816+0000] {processor.py:830} INFO - Processing file /home/airflow/.local/lib/python3.12/site-packages/airflow/example_dags/example_short_circuit_decorator.py for tasks to queue
[2026-03-06T22:31:19.819+0000] {logging_mixin.py:188} INFO - [2026-03-06T22:31:19.818+0000] {dagbag.py:545} INFO - Filling up the DagBag from /home/airflow/.local/lib/python3.12/site-packages/airflow/example_dags/example_short_circuit_decorator.py
[2026-03-06T22:31:19.839+0000] {processor.py:840} INFO - DAG(s) 'example_short_circuit_decorator' retrieved from /home/airflow/.local/lib/python3.12/site-packages/airflow/example_dags/example_short_circuit_decorator.py
[2026-03-06T22:31:19.875+0000] {logging_mixin.py:188} INFO - [2026-03-06T22:31:19.875+0000] {dag.py:3096} INFO - Sync 1 DAGs
[2026-03-06T22:31:19.905+0000] {logging_mixin.py:188} INFO - [2026-03-06T22:31:19.905+0000] {dag.py:3954} INFO - Setting next_dagrun for example_short_circuit_decorator to 2026-03-05 00:00:00+00:00, run_after=2026-03-06 00:00:00+00:00
[2026-03-06T22:31:19.941+0000] {processor.py:183} INFO - Processing /home/airflow/.local/lib/python3.12/site-packages/airflow/example_dags/example_short_circuit_decorator.py took 0.134 seconds
[2026-03-06T22:31:50.337+0000] {processor.py:161} INFO - Started process (PID=112) to work on /home/airflow/.local/lib/python3.12/site-packages/airflow/example_dags/example_short_circuit_decorator.py
[2026-03-06T22:31:50.339+0000] {processor.py:830} INFO - Processing file /home/airflow/.local/lib/python3.12/site-packages/airflow/example_dags/example_short_circuit_decorator.py for tasks to queue
[2026-03-06T22:31:50.343+0000] {logging_mixin.py:188} INFO - [2026-03-06T22:31:50.342+0000] {dagbag.py:545} INFO - Filling up the DagBag from /home/airflow/.local/lib/python3.12/site-packages/airflow/example_dags/example_short_circuit_decorator.py
[2026-03-06T22:31:50.356+0000] {processor.py:840} INFO - DAG(s) 'example_short_circuit_decorator' retrieved from /home/airflow/.local/lib/python3.12/site-packages/airflow/example_dags/example_short_circuit_decorator.py
[2026-03-06T22:31:50.394+0000] {logging_mixin.py:188} INFO - [2026-03-06T22:31:50.393+0000] {dag.py:3096} INFO - Sync 1 DAGs
[2026-03-06T22:31:50.425+0000] {logging_mixin.py:188} INFO - [2026-03-06T22:31:50.425+0000] {dag.py:3954} INFO - Setting next_dagrun for example_short_circuit_decorator to 2026-03-05 00:00:00+00:00, run_after=2026-03-06 00:00:00+00:00
[2026-03-06T22:31:50.461+0000] {processor.py:183} INFO - Processing /home/airflow/.local/lib/python3.12/site-packages/airflow/example_dags/example_short_circuit_decorator.py took 0.136 seconds
[2026-03-06T22:32:20.751+0000] {processor.py:161} INFO - Started process (PID=170) to work on /home/airflow/.local/lib/python3.12/site-packages/airflow/example_dags/example_short_circuit_decorator.py
[2026-03-06T22:32:20.752+0000] {processor.py:830} INFO - Processing file /home/airflow/.local/lib/python3.12/site-packages/airflow/example_dags/example_short_circuit_decorator.py for tasks to queue
[2026-03-06T22:32:20.754+0000] {logging_mixin.py:188} INFO - [2026-03-06T22:32:20.754+0000] {dagbag.py:545} INFO - Filling up the DagBag from /home/airflow/.local/lib/python3.12/site-packages/airflow/example_dags/example_short_circuit_decorator.py
[2026-03-06T22:32:20.765+0000] {processor.py:840} INFO - DAG(s) 'example_short_circuit_decorator' retrieved from /home/airflow/.local/lib/python3.12/site-packages/airflow/example_dags/example_short_circuit_decorator.py
[2026-03-06T22:32:20.799+0000] {logging_mixin.py:188} INFO - [2026-03-06T22:32:20.799+0000] {dag.py:3096} INFO - Sync 1 DAGs
[2026-03-06T22:32:20.828+0000] {logging_mixin.py:188} INFO - [2026-03-06T22:32:20.828+0000] {dag.py:3954} INFO - Setting next_dagrun for example_short_circuit_decorator to 2026-03-05 00:00:00+00:00, run_after=2026-03-06 00:00:00+00:00
[2026-03-06T22:32:20.854+0000] {processor.py:183} INFO - Processing /home/airflow/.local/lib/python3.12/site-packages/airflow/example_dags/example_short_circuit_decorator.py took 0.111 seconds
[2026-03-06T22:32:51.043+0000] {processor.py:161} INFO - Started process (PID=228) to work on /home/airflow/.local/lib/python3.12/site-packages/airflow/example_dags/example_short_circuit_decorator.py
[2026-03-06T22:32:51.044+0000] {processor.py:830} INFO - Processing file /home/airflow/.local/lib/python3.12/site-packages/airflow/example_dags/example_short_circuit_decorator.py for tasks to queue
[2026-03-06T22:32:51.047+0000] {logging_mixin.py:188} INFO - [2026-03-06T22:32:51.047+0000] {dagbag.py:545} INFO - Filling up the DagBag from /home/airflow/.local/lib/python3.12/site-packages/airflow/example_dags/example_short_circuit_decorator.py
[2026-03-06T22:32:51.063+0000] {processor.py:840} INFO - DAG(s) 'example_short_circuit_decorator' retrieved from /home/airflow/.local/lib/python3.12/site-packages/airflow/example_dags/example_short_circuit_decorator.py
[2026-03-06T22:32:51.084+0000] {logging_mixin.py:188} INFO - [2026-03-06T22:32:51.083+0000] {dag.py:3096} INFO - Sync 1 DAGs
[2026-03-06T22:32:51.116+0000] {logging_mixin.py:188} INFO - [2026-03-06T22:32:51.116+0000] {dag.py:3954} INFO - Setting next_dagrun for example_short_circuit_decorator to 2026-03-05 00:00:00+00:00, run_after=2026-03-06 00:00:00+00:00
[2026-03-06T22:32:51.144+0000] {processor.py:183} INFO - Processing /home/airflow/.local/lib/python3.12/site-packages/airflow/example_dags/example_short_circuit_decorator.py took 0.109 seconds
[2026-03-06T22:33:22.183+0000] {processor.py:161} INFO - Started process (PID=286) to work on /home/airflow/.local/lib/python3.12/site-packages/airflow/example_dags/example_short_circuit_decorator.py
[2026-03-06T22:33:22.184+0000] {processor.py:830} INFO - Processing file /home/airflow/.local/lib/python3.12/site-packages/airflow/example_dags/example_short_circuit_decorator.py for tasks to queue
[2026-03-06T22:33:22.188+0000] {logging_mixin.py:188} INFO - [2026-03-06T22:33:22.187+0000] {dagbag.py:545} INFO - Filling up the DagBag from /home/airflow/.local/lib/python3.12/site-packages/airflow/example_dags/example_short_circuit_decorator.py
[2026-03-06T22:33:22.201+0000] {processor.py:840} INFO - DAG(s) 'example_short_circuit_decorator' retrieved from /home/airflow/.local/lib/python3.12/site-packages/airflow/example_dags/example_short_circuit_decorator.py
[2026-03-06T22:33:22.372+0000] {logging_mixin.py:188} INFO - [2026-03-06T22:33:22.372+0000] {dag.py:3096} INFO - Sync 1 DAGs
[2026-03-06T22:33:22.400+0000] {logging_mixin.py:188} INFO - [2026-03-06T22:33:22.400+0000] {dag.py:3954} INFO - Setting next_dagrun for example_short_circuit_decorator to 2026-03-05 00:00:00+00:00, run_after=2026-03-06 00:00:00+00:00
[2026-03-06T22:33:22.433+0000] {processor.py:183} INFO - Processing /home/airflow/.local/lib/python3.12/site-packages/airflow/example_dags/example_short_circuit_decorator.py took 0.257 seconds
[2026-03-06T22:33:52.497+0000] {processor.py:161} INFO - Started process (PID=344) to work on /home/airflow/.local/lib/python3.12/site-packages/airflow/example_dags/example_short_circuit_decorator.py
[2026-03-06T22:33:52.498+0000] {processor.py:830} INFO - Processing file /home/airflow/.local/lib/python3.12/site-packages/airflow/example_dags/example_short_circuit_decorator.py for tasks to queue
[2026-03-06T22:33:52.502+0000] {logging_mixin.py:188} INFO - [2026-03-06T22:33:52.501+0000] {dagbag.py:545} INFO - Filling up the DagBag from /home/airflow/.local/lib/python3.12/site-packages/airflow/example_dags/example_short_circuit_decorator.py
[2026-03-06T22:33:52.513+0000] {processor.py:840} INFO - DAG(s) 'example_short_circuit_decorator' retrieved from /home/airflow/.local/lib/python3.12/site-packages/airflow/example_dags/example_short_circuit_decorator.py
[2026-03-06T22:33:52.540+0000] {logging_mixin.py:188} INFO - [2026-03-06T22:33:52.540+0000] {dag.py:3096} INFO - Sync 1 DAGs
[2026-03-06T22:33:52.569+0000] {logging_mixin.py:188} INFO - [2026-03-06T22:33:52.569+0000] {dag.py:3954} INFO - Setting next_dagrun for example_short_circuit_decorator to 2026-03-05 00:00:00+00:00, run_after=2026-03-06 00:00:00+00:00
[2026-03-06T22:33:52.597+0000] {processor.py:183} INFO - Processing /home/airflow/.local/lib/python3.12/site-packages/airflow/example_dags/example_short_circuit_decorator.py took 0.107 seconds
[2026-03-06T22:34:22.858+0000] {processor.py:161} INFO - Started process (PID=402) to work on /home/airflow/.local/lib/python3.12/site-packages/airflow/example_dags/example_short_circuit_decorator.py
[2026-03-06T22:34:22.859+0000] {processor.py:830} INFO - Processing file /home/airflow/.local/lib/python3.12/site-packages/airflow/example_dags/example_short_circuit_decorator.py for tasks to queue
[2026-03-06T22:34:22.861+0000] {logging_mixin.py:188} INFO - [2026-03-06T22:34:22.861+0000] {dagbag.py:545} INFO - Filling up the DagBag from /home/airflow/.local/lib/python3.12/site-packages/airflow/example_dags/example_short_circuit_decorator.py
[2026-03-06T22:34:22.872+0000] {processor.py:840} INFO - DAG(s) 'example_short_circuit_decorator' retrieved from /home/airflow/.local/lib/python3.12/site-packages/airflow/example_dags/example_short_circuit_decorator.py
[2026-03-06T22:34:22.907+0000] {logging_mixin.py:188} INFO - [2026-03-06T22:34:22.907+0000] {dag.py:3096} INFO - Sync 1 DAGs
[2026-03-06T22:34:22.935+0000] {logging_mixin.py:188} INFO - [2026-03-06T22:34:22.935+0000] {dag.py:3954} INFO - Setting next_dagrun for example_short_circuit_decorator to 2026-03-05 00:00:00+00:00, run_after=2026-03-06 00:00:00+00:00
[2026-03-06T22:34:22.965+0000] {processor.py:183} INFO - Processing /home/airflow/.local/lib/python3.12/site-packages/airflow/example_dags/example_short_circuit_decorator.py took 0.115 seconds
[2026-03-06T22:34:53.208+0000] {processor.py:161} INFO - Started process (PID=460) to work on /home/airflow/.local/lib/python3.12/site-packages/airflow/example_dags/example_short_circuit_decorator.py
[2026-03-06T22:34:53.210+0000] {processor.py:830} INFO - Processing file /home/airflow/.local/lib/python3.12/site-packages/airflow/example_dags/example_short_circuit_decorator.py for tasks to queue
[2026-03-06T22:34:53.213+0000] {logging_mixin.py:188} INFO - [2026-03-06T22:34:53.212+0000] {dagbag.py:545} INFO - Filling up the DagBag from /home/airflow/.local/lib/python3.12/site-packages/airflow/example_dags/example_short_circuit_decorator.py
[2026-03-06T22:34:53.231+0000] {processor.py:840} INFO - DAG(s) 'example_short_circuit_decorator' retrieved from /home/airflow/.local/lib/python3.12/site-packages/airflow/example_dags/example_short_circuit_decorator.py
[2026-03-06T22:34:53.274+0000] {logging_mixin.py:188} INFO - [2026-03-06T22:34:53.274+0000] {dag.py:3096} INFO - Sync 1 DAGs
[2026-03-06T22:34:53.320+0000] {logging_mixin.py:188} INFO - [2026-03-06T22:34:53.320+0000] {dag.py:3954} INFO - Setting next_dagrun for example_short_circuit_decorator to 2026-03-05 00:00:00+00:00, run_after=2026-03-06 00:00:00+00:00
[2026-03-06T22:34:53.360+0000] {processor.py:183} INFO - Processing /home/airflow/.local/lib/python3.12/site-packages/airflow/example_dags/example_short_circuit_decorator.py took 0.159 seconds
[2026-03-06T22:35:23.587+0000] {processor.py:161} INFO - Started process (PID=518) to work on /home/airflow/.local/lib/python3.12/site-packages/airflow/example_dags/example_short_circuit_decorator.py
[2026-03-06T22:35:23.588+0000] {processor.py:830} INFO - Processing file /home/airflow/.local/lib/python3.12/site-packages/airflow/example_dags/example_short_circuit_decorator.py for tasks to queue
[2026-03-06T22:35:23.591+0000] {logging_mixin.py:188} INFO - [2026-03-06T22:35:23.591+0000] {dagbag.py:545} INFO - Filling up the DagBag from /home/airflow/.local/lib/python3.12/site-packages/airflow/example_dags/example_short_circuit_decorator.py
[2026-03-06T22:35:23.608+0000] {processor.py:840} INFO - DAG(s) 'example_short_circuit_decorator' retrieved from /home/airflow/.local/lib/python3.12/site-packages/airflow/example_dags/example_short_circuit_decorator.py
[2026-03-06T22:35:23.638+0000] {logging_mixin.py:188} INFO - [2026-03-06T22:35:23.638+0000] {dag.py:3096} INFO - Sync 1 DAGs
[2026-03-06T22:35:23.674+0000] {logging_mixin.py:188} INFO - [2026-03-06T22:35:23.673+0000] {dag.py:3954} INFO - Setting next_dagrun for example_short_circuit_decorator to 2026-03-05 00:00:00+00:00, run_after=2026-03-06 00:00:00+00:00
[2026-03-06T22:35:23.711+0000] {processor.py:183} INFO - Processing /home/airflow/.local/lib/python3.12/site-packages/airflow/example_dags/example_short_circuit_decorator.py took 0.131 seconds
[2026-03-06T22:35:53.765+0000] {processor.py:161} INFO - Started process (PID=576) to work on /home/airflow/.local/lib/python3.12/site-packages/airflow/example_dags/example_short_circuit_decorator.py
[2026-03-06T22:35:53.766+0000] {processor.py:830} INFO - Processing file /home/airflow/.local/lib/python3.12/site-packages/airflow/example_dags/example_short_circuit_decorator.py for tasks to queue
[2026-03-06T22:35:53.770+0000] {logging_mixin.py:188} INFO - [2026-03-06T22:35:53.769+0000] {dagbag.py:545} INFO - Filling up the DagBag from /home/airflow/.local/lib/python3.12/site-packages/airflow/example_dags/example_short_circuit_decorator.py
[2026-03-06T22:35:53.781+0000] {processor.py:840} INFO - DAG(s) 'example_short_circuit_decorator' retrieved from /home/airflow/.local/lib/python3.12/site-packages/airflow/example_dags/example_short_circuit_decorator.py
[2026-03-06T22:35:53.811+0000] {logging_mixin.py:188} INFO - [2026-03-06T22:35:53.811+0000] {dag.py:3096} INFO - Sync 1 DAGs
[2026-03-06T22:35:53.842+0000] {logging_mixin.py:188} INFO - [2026-03-06T22:35:53.841+0000] {dag.py:3954} INFO - Setting next_dagrun for example_short_circuit_decorator to 2026-03-05 00:00:00+00:00, run_after=2026-03-06 00:00:00+00:00
[2026-03-06T22:35:53.872+0000] {processor.py:183} INFO - Processing /home/airflow/.local/lib/python3.12/site-packages/airflow/example_dags/example_short_circuit_decorator.py took 0.115 seconds
[2026-03-06T22:36:24.126+0000] {processor.py:161} INFO - Started process (PID=633) to work on /home/airflow/.local/lib/python3.12/site-packages/airflow/example_dags/example_short_circuit_decorator.py
[2026-03-06T22:36:24.129+0000] {processor.py:830} INFO - Processing file /home/airflow/.local/lib/python3.12/site-packages/airflow/example_dags/example_short_circuit_decorator.py for tasks to queue
[2026-03-06T22:36:24.133+0000] {logging_mixin.py:188} INFO - [2026-03-06T22:36:24.132+0000] {dagbag.py:545} INFO - Filling up the DagBag from /home/airflow/.local/lib/python3.12/site-packages/airflow/example_dags/example_short_circuit_decorator.py
[2026-03-06T22:36:24.146+0000] {processor.py:840} INFO - DAG(s) 'example_short_circuit_decorator' retrieved from /home/airflow/.local/lib/python3.12/site-packages/airflow/example_dags/example_short_circuit_decorator.py
[2026-03-06T22:36:24.174+0000] {logging_mixin.py:188} INFO - [2026-03-06T22:36:24.174+0000] {dag.py:3096} INFO - Sync 1 DAGs
[2026-03-06T22:36:24.202+0000] {logging_mixin.py:188} INFO - [2026-03-06T22:36:24.202+0000] {dag.py:3954} INFO - Setting next_dagrun for example_short_circuit_decorator to 2026-03-05 00:00:00+00:00, run_after=2026-03-06 00:00:00+00:00
[2026-03-06T22:36:24.229+0000] {processor.py:183} INFO - Processing /home/airflow/.local/lib/python3.12/site-packages/airflow/example_dags/example_short_circuit_decorator.py took 0.110 seconds
[2026-03-06T22:36:54.408+0000] {processor.py:161} INFO - Started process (PID=697) to work on /home/airflow/.local/lib/python3.12/site-packages/airflow/example_dags/example_short_circuit_decorator.py
[2026-03-06T22:36:54.410+0000] {processor.py:830} INFO - Processing file /home/airflow/.local/lib/python3.12/site-packages/airflow/example_dags/example_short_circuit_decorator.py for tasks to queue
[2026-03-06T22:36:54.413+0000] {logging_mixin.py:188} INFO - [2026-03-06T22:36:54.412+0000] {dagbag.py:545} INFO - Filling up the DagBag from /home/airflow/.local/lib/python3.12/site-packages/airflow/example_dags/example_short_circuit_decorator.py
[2026-03-06T22:36:54.427+0000] {processor.py:840} INFO - DAG(s) 'example_short_circuit_decorator' retrieved from /home/airflow/.local/lib/python3.12/site-packages/airflow/example_dags/example_short_circuit_decorator.py
[2026-03-06T22:36:54.456+0000] {logging_mixin.py:188} INFO - [2026-03-06T22:36:54.456+0000] {dag.py:3096} INFO - Sync 1 DAGs
[2026-03-06T22:36:54.484+0000] {logging_mixin.py:188} INFO - [2026-03-06T22:36:54.484+0000] {dag.py:3954} INFO - Setting next_dagrun for example_short_circuit_decorator to 2026-03-05 00:00:00+00:00, run_after=2026-03-06 00:00:00+00:00
[2026-03-06T22:36:54.514+0000] {processor.py:183} INFO - Processing /home/airflow/.local/lib/python3.12/site-packages/airflow/example_dags/example_short_circuit_decorator.py took 0.112 seconds
[2026-03-06T22:37:24.926+0000] {processor.py:161} INFO - Started process (PID=755) to work on /home/airflow/.local/lib/python3.12/site-packages/airflow/example_dags/example_short_circuit_decorator.py
[2026-03-06T22:37:24.928+0000] {processor.py:830} INFO - Processing file /home/airflow/.local/lib/python3.12/site-packages/airflow/example_dags/example_short_circuit_decorator.py for tasks to queue
[2026-03-06T22:37:24.930+0000] {logging_mixin.py:188} INFO - [2026-03-06T22:37:24.930+0000] {dagbag.py:545} INFO - Filling up the DagBag from /home/airflow/.local/lib/python3.12/site-packages/airflow/example_dags/example_short_circuit_decorator.py
[2026-03-06T22:37:24.941+0000] {processor.py:840} INFO - DAG(s) 'example_short_circuit_decorator' retrieved from /home/airflow/.local/lib/python3.12/site-packages/airflow/example_dags/example_short_circuit_decorator.py
[2026-03-06T22:37:24.970+0000] {logging_mixin.py:188} INFO - [2026-03-06T22:37:24.970+0000] {dag.py:3096} INFO - Sync 1 DAGs
[2026-03-06T22:37:25.007+0000] {logging_mixin.py:188} INFO - [2026-03-06T22:37:25.006+0000] {dag.py:3954} INFO - Setting next_dagrun for example_short_circuit_decorator to 2026-03-05 00:00:00+00:00, run_after=2026-03-06 00:00:00+00:00
[2026-03-06T22:37:25.037+0000] {processor.py:183} INFO - Processing /home/airflow/.local/lib/python3.12/site-packages/airflow/example_dags/example_short_circuit_decorator.py took 0.117 seconds
[2026-03-06T22:37:55.426+0000] {processor.py:161} INFO - Started process (PID=813) to work on /home/airflow/.local/lib/python3.12/site-packages/airflow/example_dags/example_short_circuit_decorator.py
[2026-03-06T22:37:55.428+0000] {processor.py:830} INFO - Processing file /home/airflow/.local/lib/python3.12/site-packages/airflow/example_dags/example_short_circuit_decorator.py for tasks to queue
[2026-03-06T22:37:55.430+0000] {logging_mixin.py:188} INFO - [2026-03-06T22:37:55.430+0000] {dagbag.py:545} INFO - Filling up the DagBag from /home/airflow/.local/lib/python3.12/site-packages/airflow/example_dags/example_short_circuit_decorator.py
[2026-03-06T22:37:55.441+0000] {processor.py:840} INFO - DAG(s) 'example_short_circuit_decorator' retrieved from /home/airflow/.local/lib/python3.12/site-packages/airflow/example_dags/example_short_circuit_decorator.py
[2026-03-06T22:37:55.472+0000] {logging_mixin.py:188} INFO - [2026-03-06T22:37:55.471+0000] {dag.py:3096} INFO - Sync 1 DAGs
[2026-03-06T22:37:55.507+0000] {logging_mixin.py:188} INFO - [2026-03-06T22:37:55.506+0000] {dag.py:3954} INFO - Setting next_dagrun for example_short_circuit_decorator to 2026-03-05 00:00:00+00:00, run_after=2026-03-06 00:00:00+00:00
[2026-03-06T22:37:55.544+0000] {processor.py:183} INFO - Processing /home/airflow/.local/lib/python3.12/site-packages/airflow/example_dags/example_short_circuit_decorator.py took 0.128 seconds
[2026-03-06T22:38:25.627+0000] {processor.py:161} INFO - Started process (PID=871) to work on /home/airflow/.local/lib/python3.12/site-packages/airflow/example_dags/example_short_circuit_decorator.py
[2026-03-06T22:38:25.629+0000] {processor.py:830} INFO - Processing file /home/airflow/.local/lib/python3.12/site-packages/airflow/example_dags/example_short_circuit_decorator.py for tasks to queue
[2026-03-06T22:38:25.631+0000] {logging_mixin.py:188} INFO - [2026-03-06T22:38:25.630+0000] {dagbag.py:545} INFO - Filling up the DagBag from /home/airflow/.local/lib/python3.12/site-packages/airflow/example_dags/example_short_circuit_decorator.py
[2026-03-06T22:38:25.643+0000] {processor.py:840} INFO - DAG(s) 'example_short_circuit_decorator' retrieved from /home/airflow/.local/lib/python3.12/site-packages/airflow/example_dags/example_short_circuit_decorator.py
[2026-03-06T22:38:25.670+0000] {logging_mixin.py:188} INFO - [2026-03-06T22:38:25.670+0000] {dag.py:3096} INFO - Sync 1 DAGs
[2026-03-06T22:38:25.697+0000] {logging_mixin.py:188} INFO - [2026-03-06T22:38:25.697+0000] {dag.py:3954} INFO - Setting next_dagrun for example_short_circuit_decorator to 2026-03-05 00:00:00+00:00, run_after=2026-03-06 00:00:00+00:00
[2026-03-06T22:38:25.722+0000] {processor.py:183} INFO - Processing /home/airflow/.local/lib/python3.12/site-packages/airflow/example_dags/example_short_circuit_decorator.py took 0.101 seconds
[2026-03-06T22:38:56.329+0000] {processor.py:161} INFO - Started process (PID=929) to work on /home/airflow/.local/lib/python3.12/site-packages/airflow/example_dags/example_short_circuit_decorator.py
[2026-03-06T22:38:56.331+0000] {processor.py:830} INFO - Processing file /home/airflow/.local/lib/python3.12/site-packages/airflow/example_dags/example_short_circuit_decorator.py for tasks to queue
[2026-03-06T22:38:56.334+0000] {logging_mixin.py:188} INFO - [2026-03-06T22:38:56.333+0000] {dagbag.py:545} INFO - Filling up the DagBag from /home/airflow/.local/lib/python3.12/site-packages/airflow/example_dags/example_short_circuit_decorator.py
[2026-03-06T22:38:56.347+0000] {processor.py:840} INFO - DAG(s) 'example_short_circuit_decorator' retrieved from /home/airflow/.local/lib/python3.12/site-packages/airflow/example_dags/example_short_circuit_decorator.py
[2026-03-06T22:38:56.377+0000] {logging_mixin.py:188} INFO - [2026-03-06T22:38:56.376+0000] {dag.py:3096} INFO - Sync 1 DAGs
[2026-03-06T22:38:56.411+0000] {logging_mixin.py:188} INFO - [2026-03-06T22:38:56.411+0000] {dag.py:3954} INFO - Setting next_dagrun for example_short_circuit_decorator to 2026-03-05 00:00:00+00:00, run_after=2026-03-06 00:00:00+00:00
[2026-03-06T22:38:56.444+0000] {processor.py:183} INFO - Processing /home/airflow/.local/lib/python3.12/site-packages/airflow/example_dags/example_short_circuit_decorator.py took 0.123 seconds
[2026-03-06T22:39:26.663+0000] {processor.py:161} INFO - Started process (PID=987) to work on /home/airflow/.local/lib/python3.12/site-packages/airflow/example_dags/example_short_circuit_decorator.py
[2026-03-06T22:39:26.664+0000] {processor.py:830} INFO - Processing file /home/airflow/.local/lib/python3.12/site-packages/airflow/example_dags/example_short_circuit_decorator.py for tasks to queue
[2026-03-06T22:39:26.667+0000] {logging_mixin.py:188} INFO - [2026-03-06T22:39:26.666+0000] {dagbag.py:545} INFO - Filling up the DagBag from /home/airflow/.local/lib/python3.12/site-packages/airflow/example_dags/example_short_circuit_decorator.py
[2026-03-06T22:39:26.678+0000] {processor.py:840} INFO - DAG(s) 'example_short_circuit_decorator' retrieved from /home/airflow/.local/lib/python3.12/site-packages/airflow/example_dags/example_short_circuit_decorator.py
[2026-03-06T22:39:26.708+0000] {logging_mixin.py:188} INFO - [2026-03-06T22:39:26.708+0000] {dag.py:3096} INFO - Sync 1 DAGs
[2026-03-06T22:39:26.735+0000] {logging_mixin.py:188} INFO - [2026-03-06T22:39:26.735+0000] {dag.py:3954} INFO - Setting next_dagrun for example_short_circuit_decorator to 2026-03-05 00:00:00+00:00, run_after=2026-03-06 00:00:00+00:00
[2026-03-06T22:39:26.761+0000] {processor.py:183} INFO - Processing /home/airflow/.local/lib/python3.12/site-packages/airflow/example_dags/example_short_circuit_decorator.py took 0.105 seconds
[2026-03-06T22:39:56.895+0000] {processor.py:161} INFO - Started process (PID=1045) to work on /home/airflow/.local/lib/python3.12/site-packages/airflow/example_dags/example_short_circuit_decorator.py
[2026-03-06T22:39:56.896+0000] {processor.py:830} INFO - Processing file /home/airflow/.local/lib/python3.12/site-packages/airflow/example_dags/example_short_circuit_decorator.py for tasks to queue
[2026-03-06T22:39:56.899+0000] {logging_mixin.py:188} INFO - [2026-03-06T22:39:56.899+0000] {dagbag.py:545} INFO - Filling up the DagBag from /home/airflow/.local/lib/python3.12/site-packages/airflow/example_dags/example_short_circuit_decorator.py
[2026-03-06T22:39:56.910+0000] {processor.py:840} INFO - DAG(s) 'example_short_circuit_decorator' retrieved from /home/airflow/.local/lib/python3.12/site-packages/airflow/example_dags/example_short_circuit_decorator.py
[2026-03-06T22:39:56.940+0000] {logging_mixin.py:188} INFO - [2026-03-06T22:39:56.939+0000] {dag.py:3096} INFO - Sync 1 DAGs
[2026-03-06T22:39:56.976+0000] {logging_mixin.py:188} INFO - [2026-03-06T22:39:56.975+0000] {dag.py:3954} INFO - Setting next_dagrun for example_short_circuit_decorator to 2026-03-05 00:00:00+00:00, run_after=2026-03-06 00:00:00+00:00
[2026-03-06T22:39:57.002+0000] {processor.py:183} INFO - Processing /home/airflow/.local/lib/python3.12/site-packages/airflow/example_dags/example_short_circuit_decorator.py took 0.113 seconds
[2026-03-06T22:40:27.102+0000] {processor.py:161} INFO - Started process (PID=1103) to work on /home/airflow/.local/lib/python3.12/site-packages/airflow/example_dags/example_short_circuit_decorator.py
[2026-03-06T22:40:27.104+0000] {processor.py:830} INFO - Processing file /home/airflow/.local/lib/python3.12/site-packages/airflow/example_dags/example_short_circuit_decorator.py for tasks to queue
[2026-03-06T22:40:27.106+0000] {logging_mixin.py:188} INFO - [2026-03-06T22:40:27.106+0000] {dagbag.py:545} INFO - Filling up the DagBag from /home/airflow/.local/lib/python3.12/site-packages/airflow/example_dags/example_short_circuit_decorator.py
[2026-03-06T22:40:27.120+0000] {processor.py:840} INFO - DAG(s) 'example_short_circuit_decorator' retrieved from /home/airflow/.local/lib/python3.12/site-packages/airflow/example_dags/example_short_circuit_decorator.py
[2026-03-06T22:40:27.151+0000] {logging_mixin.py:188} INFO - [2026-03-06T22:40:27.151+0000] {dag.py:3096} INFO - Sync 1 DAGs
[2026-03-06T22:40:27.190+0000] {logging_mixin.py:188} INFO - [2026-03-06T22:40:27.189+0000] {dag.py:3954} INFO - Setting next_dagrun for example_short_circuit_decorator to 2026-03-05 00:00:00+00:00, run_after=2026-03-06 00:00:00+00:00
[2026-03-06T22:40:27.223+0000] {processor.py:183} INFO - Processing /home/airflow/.local/lib/python3.12/site-packages/airflow/example_dags/example_short_circuit_decorator.py took 0.127 seconds
[2026-03-06T22:40:57.598+0000] {processor.py:161} INFO - Started process (PID=1161) to work on /home/airflow/.local/lib/python3.12/site-packages/airflow/example_dags/example_short_circuit_decorator.py
[2026-03-06T22:40:57.599+0000] {processor.py:830} INFO - Processing file /home/airflow/.local/lib/python3.12/site-packages/airflow/example_dags/example_short_circuit_decorator.py for tasks to queue
[2026-03-06T22:40:57.602+0000] {logging_mixin.py:188} INFO - [2026-03-06T22:40:57.601+0000] {dagbag.py:545} INFO - Filling up the DagBag from /home/airflow/.local/lib/python3.12/site-packages/airflow/example_dags/example_short_circuit_decorator.py
[2026-03-06T22:40:57.614+0000] {processor.py:840} INFO - DAG(s) 'example_short_circuit_decorator' retrieved from /home/airflow/.local/lib/python3.12/site-packages/airflow/example_dags/example_short_circuit_decorator.py
[2026-03-06T22:40:57.644+0000] {logging_mixin.py:188} INFO - [2026-03-06T22:40:57.644+0000] {dag.py:3096} INFO - Sync 1 DAGs
[2026-03-06T22:40:57.673+0000] {logging_mixin.py:188} INFO - [2026-03-06T22:40:57.673+0000] {dag.py:3954} INFO - Setting next_dagrun for example_short_circuit_decorator to 2026-03-05 00:00:00+00:00, run_after=2026-03-06 00:00:00+00:00
[2026-03-06T22:40:57.700+0000] {processor.py:183} INFO - Processing /home/airflow/.local/lib/python3.12/site-packages/airflow/example_dags/example_short_circuit_decorator.py took 0.110 seconds
