[2026-03-06T22:30:47.609+0000] {processor.py:161} INFO - Started process (PID=86) to work on /home/airflow/.local/lib/python3.12/site-packages/airflow/example_dags/example_sensors.py
[2026-03-06T22:30:47.610+0000] {processor.py:830} INFO - Processing file /home/airflow/.local/lib/python3.12/site-packages/airflow/example_dags/example_sensors.py for tasks to queue
[2026-03-06T22:30:47.613+0000] {logging_mixin.py:188} INFO - [2026-03-06T22:30:47.613+0000] {dagbag.py:545} INFO - Filling up the DagBag from /home/airflow/.local/lib/python3.12/site-packages/airflow/example_dags/example_sensors.py
[2026-03-06T22:30:47.630+0000] {processor.py:840} INFO - DAG(s) 'example_sensors' retrieved from /home/airflow/.local/lib/python3.12/site-packages/airflow/example_dags/example_sensors.py
[2026-03-06T22:30:47.776+0000] {logging_mixin.py:188} INFO - [2026-03-06T22:30:47.775+0000] {override.py:1829} INFO - Created Permission View: can delete on DAG:example_sensors
[2026-03-06T22:30:47.791+0000] {logging_mixin.py:188} INFO - [2026-03-06T22:30:47.791+0000] {override.py:1829} INFO - Created Permission View: can read on DAG:example_sensors
[2026-03-06T22:30:47.801+0000] {logging_mixin.py:188} INFO - [2026-03-06T22:30:47.801+0000] {override.py:1829} INFO - Created Permission View: can edit on DAG:example_sensors
[2026-03-06T22:30:47.802+0000] {logging_mixin.py:188} INFO - [2026-03-06T22:30:47.802+0000] {dag.py:3096} INFO - Sync 1 DAGs
[2026-03-06T22:30:47.818+0000] {logging_mixin.py:188} INFO - [2026-03-06T22:30:47.818+0000] {dag.py:3118} INFO - Creating ORM DAG for example_sensors
[2026-03-06T22:30:47.820+0000] {logging_mixin.py:188} INFO - [2026-03-06T22:30:47.819+0000] {dag.py:3954} INFO - Setting next_dagrun for example_sensors to None, run_after=None
[2026-03-06T22:30:47.844+0000] {processor.py:183} INFO - Processing /home/airflow/.local/lib/python3.12/site-packages/airflow/example_dags/example_sensors.py took 0.245 seconds
[2026-03-06T22:31:21.015+0000] {processor.py:161} INFO - Started process (PID=66) to work on /home/airflow/.local/lib/python3.12/site-packages/airflow/example_dags/example_sensors.py
[2026-03-06T22:31:21.017+0000] {processor.py:830} INFO - Processing file /home/airflow/.local/lib/python3.12/site-packages/airflow/example_dags/example_sensors.py for tasks to queue
[2026-03-06T22:31:21.019+0000] {logging_mixin.py:188} INFO - [2026-03-06T22:31:21.019+0000] {dagbag.py:545} INFO - Filling up the DagBag from /home/airflow/.local/lib/python3.12/site-packages/airflow/example_dags/example_sensors.py
[2026-03-06T22:31:21.035+0000] {processor.py:840} INFO - DAG(s) 'example_sensors' retrieved from /home/airflow/.local/lib/python3.12/site-packages/airflow/example_dags/example_sensors.py
[2026-03-06T22:31:21.069+0000] {logging_mixin.py:188} INFO - [2026-03-06T22:31:21.069+0000] {dag.py:3096} INFO - Sync 1 DAGs
[2026-03-06T22:31:21.090+0000] {logging_mixin.py:188} INFO - [2026-03-06T22:31:21.090+0000] {dag.py:3954} INFO - Setting next_dagrun for example_sensors to None, run_after=None
[2026-03-06T22:31:21.126+0000] {processor.py:183} INFO - Processing /home/airflow/.local/lib/python3.12/site-packages/airflow/example_dags/example_sensors.py took 0.118 seconds
[2026-03-06T22:31:51.553+0000] {processor.py:161} INFO - Started process (PID=124) to work on /home/airflow/.local/lib/python3.12/site-packages/airflow/example_dags/example_sensors.py
[2026-03-06T22:31:51.554+0000] {processor.py:830} INFO - Processing file /home/airflow/.local/lib/python3.12/site-packages/airflow/example_dags/example_sensors.py for tasks to queue
[2026-03-06T22:31:51.557+0000] {logging_mixin.py:188} INFO - [2026-03-06T22:31:51.556+0000] {dagbag.py:545} INFO - Filling up the DagBag from /home/airflow/.local/lib/python3.12/site-packages/airflow/example_dags/example_sensors.py
[2026-03-06T22:31:51.567+0000] {processor.py:840} INFO - DAG(s) 'example_sensors' retrieved from /home/airflow/.local/lib/python3.12/site-packages/airflow/example_dags/example_sensors.py
[2026-03-06T22:31:51.595+0000] {logging_mixin.py:188} INFO - [2026-03-06T22:31:51.595+0000] {dag.py:3096} INFO - Sync 1 DAGs
[2026-03-06T22:31:51.611+0000] {logging_mixin.py:188} INFO - [2026-03-06T22:31:51.611+0000] {dag.py:3954} INFO - Setting next_dagrun for example_sensors to None, run_after=None
[2026-03-06T22:31:51.639+0000] {processor.py:183} INFO - Processing /home/airflow/.local/lib/python3.12/site-packages/airflow/example_dags/example_sensors.py took 0.093 seconds
[2026-03-06T22:32:21.857+0000] {processor.py:161} INFO - Started process (PID=182) to work on /home/airflow/.local/lib/python3.12/site-packages/airflow/example_dags/example_sensors.py
[2026-03-06T22:32:21.858+0000] {processor.py:830} INFO - Processing file /home/airflow/.local/lib/python3.12/site-packages/airflow/example_dags/example_sensors.py for tasks to queue
[2026-03-06T22:32:21.861+0000] {logging_mixin.py:188} INFO - [2026-03-06T22:32:21.861+0000] {dagbag.py:545} INFO - Filling up the DagBag from /home/airflow/.local/lib/python3.12/site-packages/airflow/example_dags/example_sensors.py
[2026-03-06T22:32:21.875+0000] {processor.py:840} INFO - DAG(s) 'example_sensors' retrieved from /home/airflow/.local/lib/python3.12/site-packages/airflow/example_dags/example_sensors.py
[2026-03-06T22:32:21.912+0000] {logging_mixin.py:188} INFO - [2026-03-06T22:32:21.912+0000] {dag.py:3096} INFO - Sync 1 DAGs
[2026-03-06T22:32:21.928+0000] {logging_mixin.py:188} INFO - [2026-03-06T22:32:21.928+0000] {dag.py:3954} INFO - Setting next_dagrun for example_sensors to None, run_after=None
[2026-03-06T22:32:21.961+0000] {processor.py:183} INFO - Processing /home/airflow/.local/lib/python3.12/site-packages/airflow/example_dags/example_sensors.py took 0.111 seconds
[2026-03-06T22:32:52.183+0000] {processor.py:161} INFO - Started process (PID=240) to work on /home/airflow/.local/lib/python3.12/site-packages/airflow/example_dags/example_sensors.py
[2026-03-06T22:32:52.184+0000] {processor.py:830} INFO - Processing file /home/airflow/.local/lib/python3.12/site-packages/airflow/example_dags/example_sensors.py for tasks to queue
[2026-03-06T22:32:52.186+0000] {logging_mixin.py:188} INFO - [2026-03-06T22:32:52.186+0000] {dagbag.py:545} INFO - Filling up the DagBag from /home/airflow/.local/lib/python3.12/site-packages/airflow/example_dags/example_sensors.py
[2026-03-06T22:32:52.201+0000] {processor.py:840} INFO - DAG(s) 'example_sensors' retrieved from /home/airflow/.local/lib/python3.12/site-packages/airflow/example_dags/example_sensors.py
[2026-03-06T22:32:52.218+0000] {logging_mixin.py:188} INFO - [2026-03-06T22:32:52.218+0000] {dag.py:3096} INFO - Sync 1 DAGs
[2026-03-06T22:32:52.237+0000] {logging_mixin.py:188} INFO - [2026-03-06T22:32:52.236+0000] {dag.py:3954} INFO - Setting next_dagrun for example_sensors to None, run_after=None
[2026-03-06T22:32:52.285+0000] {processor.py:183} INFO - Processing /home/airflow/.local/lib/python3.12/site-packages/airflow/example_dags/example_sensors.py took 0.108 seconds
[2026-03-06T22:33:23.822+0000] {processor.py:161} INFO - Started process (PID=304) to work on /home/airflow/.local/lib/python3.12/site-packages/airflow/example_dags/example_sensors.py
[2026-03-06T22:33:23.824+0000] {processor.py:830} INFO - Processing file /home/airflow/.local/lib/python3.12/site-packages/airflow/example_dags/example_sensors.py for tasks to queue
[2026-03-06T22:33:23.826+0000] {logging_mixin.py:188} INFO - [2026-03-06T22:33:23.826+0000] {dagbag.py:545} INFO - Filling up the DagBag from /home/airflow/.local/lib/python3.12/site-packages/airflow/example_dags/example_sensors.py
[2026-03-06T22:33:23.838+0000] {processor.py:840} INFO - DAG(s) 'example_sensors' retrieved from /home/airflow/.local/lib/python3.12/site-packages/airflow/example_dags/example_sensors.py
[2026-03-06T22:33:24.023+0000] {logging_mixin.py:188} INFO - [2026-03-06T22:33:24.022+0000] {dag.py:3096} INFO - Sync 1 DAGs
[2026-03-06T22:33:24.039+0000] {logging_mixin.py:188} INFO - [2026-03-06T22:33:24.039+0000] {dag.py:3954} INFO - Setting next_dagrun for example_sensors to None, run_after=None
[2026-03-06T22:33:24.075+0000] {processor.py:183} INFO - Processing /home/airflow/.local/lib/python3.12/site-packages/airflow/example_dags/example_sensors.py took 0.259 seconds
[2026-03-06T22:33:54.583+0000] {processor.py:161} INFO - Started process (PID=362) to work on /home/airflow/.local/lib/python3.12/site-packages/airflow/example_dags/example_sensors.py
[2026-03-06T22:33:54.584+0000] {processor.py:830} INFO - Processing file /home/airflow/.local/lib/python3.12/site-packages/airflow/example_dags/example_sensors.py for tasks to queue
[2026-03-06T22:33:54.594+0000] {logging_mixin.py:188} INFO - [2026-03-06T22:33:54.593+0000] {dagbag.py:545} INFO - Filling up the DagBag from /home/airflow/.local/lib/python3.12/site-packages/airflow/example_dags/example_sensors.py
[2026-03-06T22:33:54.608+0000] {processor.py:840} INFO - DAG(s) 'example_sensors' retrieved from /home/airflow/.local/lib/python3.12/site-packages/airflow/example_dags/example_sensors.py
[2026-03-06T22:33:54.649+0000] {logging_mixin.py:188} INFO - [2026-03-06T22:33:54.648+0000] {dag.py:3096} INFO - Sync 1 DAGs
[2026-03-06T22:33:54.675+0000] {logging_mixin.py:188} INFO - [2026-03-06T22:33:54.675+0000] {dag.py:3954} INFO - Setting next_dagrun for example_sensors to None, run_after=None
[2026-03-06T22:33:54.716+0000] {processor.py:183} INFO - Processing /home/airflow/.local/lib/python3.12/site-packages/airflow/example_dags/example_sensors.py took 0.142 seconds
[2026-03-06T22:34:24.894+0000] {processor.py:161} INFO - Started process (PID=420) to work on /home/airflow/.local/lib/python3.12/site-packages/airflow/example_dags/example_sensors.py
[2026-03-06T22:34:24.896+0000] {processor.py:830} INFO - Processing file /home/airflow/.local/lib/python3.12/site-packages/airflow/example_dags/example_sensors.py for tasks to queue
[2026-03-06T22:34:24.898+0000] {logging_mixin.py:188} INFO - [2026-03-06T22:34:24.898+0000] {dagbag.py:545} INFO - Filling up the DagBag from /home/airflow/.local/lib/python3.12/site-packages/airflow/example_dags/example_sensors.py
[2026-03-06T22:34:24.910+0000] {processor.py:840} INFO - DAG(s) 'example_sensors' retrieved from /home/airflow/.local/lib/python3.12/site-packages/airflow/example_dags/example_sensors.py
[2026-03-06T22:34:24.950+0000] {logging_mixin.py:188} INFO - [2026-03-06T22:34:24.950+0000] {dag.py:3096} INFO - Sync 1 DAGs
[2026-03-06T22:34:24.987+0000] {logging_mixin.py:188} INFO - [2026-03-06T22:34:24.986+0000] {dag.py:3954} INFO - Setting next_dagrun for example_sensors to None, run_after=None
[2026-03-06T22:34:25.024+0000] {processor.py:183} INFO - Processing /home/airflow/.local/lib/python3.12/site-packages/airflow/example_dags/example_sensors.py took 0.138 seconds
[2026-03-06T22:34:55.165+0000] {processor.py:161} INFO - Started process (PID=478) to work on /home/airflow/.local/lib/python3.12/site-packages/airflow/example_dags/example_sensors.py
[2026-03-06T22:34:55.166+0000] {processor.py:830} INFO - Processing file /home/airflow/.local/lib/python3.12/site-packages/airflow/example_dags/example_sensors.py for tasks to queue
[2026-03-06T22:34:55.169+0000] {logging_mixin.py:188} INFO - [2026-03-06T22:34:55.168+0000] {dagbag.py:545} INFO - Filling up the DagBag from /home/airflow/.local/lib/python3.12/site-packages/airflow/example_dags/example_sensors.py
[2026-03-06T22:34:55.181+0000] {processor.py:840} INFO - DAG(s) 'example_sensors' retrieved from /home/airflow/.local/lib/python3.12/site-packages/airflow/example_dags/example_sensors.py
[2026-03-06T22:34:55.217+0000] {logging_mixin.py:188} INFO - [2026-03-06T22:34:55.217+0000] {dag.py:3096} INFO - Sync 1 DAGs
[2026-03-06T22:34:55.237+0000] {logging_mixin.py:188} INFO - [2026-03-06T22:34:55.237+0000] {dag.py:3954} INFO - Setting next_dagrun for example_sensors to None, run_after=None
[2026-03-06T22:34:55.269+0000] {processor.py:183} INFO - Processing /home/airflow/.local/lib/python3.12/site-packages/airflow/example_dags/example_sensors.py took 0.113 seconds
[2026-03-06T22:35:25.633+0000] {processor.py:161} INFO - Started process (PID=536) to work on /home/airflow/.local/lib/python3.12/site-packages/airflow/example_dags/example_sensors.py
[2026-03-06T22:35:25.634+0000] {processor.py:830} INFO - Processing file /home/airflow/.local/lib/python3.12/site-packages/airflow/example_dags/example_sensors.py for tasks to queue
[2026-03-06T22:35:25.638+0000] {logging_mixin.py:188} INFO - [2026-03-06T22:35:25.637+0000] {dagbag.py:545} INFO - Filling up the DagBag from /home/airflow/.local/lib/python3.12/site-packages/airflow/example_dags/example_sensors.py
[2026-03-06T22:35:25.652+0000] {processor.py:840} INFO - DAG(s) 'example_sensors' retrieved from /home/airflow/.local/lib/python3.12/site-packages/airflow/example_dags/example_sensors.py
[2026-03-06T22:35:25.691+0000] {logging_mixin.py:188} INFO - [2026-03-06T22:35:25.690+0000] {dag.py:3096} INFO - Sync 1 DAGs
[2026-03-06T22:35:25.710+0000] {logging_mixin.py:188} INFO - [2026-03-06T22:35:25.709+0000] {dag.py:3954} INFO - Setting next_dagrun for example_sensors to None, run_after=None
[2026-03-06T22:35:25.754+0000] {processor.py:183} INFO - Processing /home/airflow/.local/lib/python3.12/site-packages/airflow/example_dags/example_sensors.py took 0.128 seconds
[2026-03-06T22:35:55.892+0000] {processor.py:161} INFO - Started process (PID=594) to work on /home/airflow/.local/lib/python3.12/site-packages/airflow/example_dags/example_sensors.py
[2026-03-06T22:35:55.895+0000] {processor.py:830} INFO - Processing file /home/airflow/.local/lib/python3.12/site-packages/airflow/example_dags/example_sensors.py for tasks to queue
[2026-03-06T22:35:55.899+0000] {logging_mixin.py:188} INFO - [2026-03-06T22:35:55.898+0000] {dagbag.py:545} INFO - Filling up the DagBag from /home/airflow/.local/lib/python3.12/site-packages/airflow/example_dags/example_sensors.py
[2026-03-06T22:35:55.915+0000] {processor.py:840} INFO - DAG(s) 'example_sensors' retrieved from /home/airflow/.local/lib/python3.12/site-packages/airflow/example_dags/example_sensors.py
[2026-03-06T22:35:55.968+0000] {logging_mixin.py:188} INFO - [2026-03-06T22:35:55.968+0000] {dag.py:3096} INFO - Sync 1 DAGs
[2026-03-06T22:35:55.993+0000] {logging_mixin.py:188} INFO - [2026-03-06T22:35:55.992+0000] {dag.py:3954} INFO - Setting next_dagrun for example_sensors to None, run_after=None
[2026-03-06T22:35:56.038+0000] {processor.py:183} INFO - Processing /home/airflow/.local/lib/python3.12/site-packages/airflow/example_dags/example_sensors.py took 0.156 seconds
[2026-03-06T22:36:26.283+0000] {processor.py:161} INFO - Started process (PID=652) to work on /home/airflow/.local/lib/python3.12/site-packages/airflow/example_dags/example_sensors.py
[2026-03-06T22:36:26.285+0000] {processor.py:830} INFO - Processing file /home/airflow/.local/lib/python3.12/site-packages/airflow/example_dags/example_sensors.py for tasks to queue
[2026-03-06T22:36:26.288+0000] {logging_mixin.py:188} INFO - [2026-03-06T22:36:26.287+0000] {dagbag.py:545} INFO - Filling up the DagBag from /home/airflow/.local/lib/python3.12/site-packages/airflow/example_dags/example_sensors.py
[2026-03-06T22:36:26.299+0000] {processor.py:840} INFO - DAG(s) 'example_sensors' retrieved from /home/airflow/.local/lib/python3.12/site-packages/airflow/example_dags/example_sensors.py
[2026-03-06T22:36:26.335+0000] {logging_mixin.py:188} INFO - [2026-03-06T22:36:26.334+0000] {dag.py:3096} INFO - Sync 1 DAGs
[2026-03-06T22:36:26.352+0000] {logging_mixin.py:188} INFO - [2026-03-06T22:36:26.352+0000] {dag.py:3954} INFO - Setting next_dagrun for example_sensors to None, run_after=None
[2026-03-06T22:36:26.375+0000] {processor.py:183} INFO - Processing /home/airflow/.local/lib/python3.12/site-packages/airflow/example_dags/example_sensors.py took 0.099 seconds
[2026-03-06T22:36:56.770+0000] {processor.py:161} INFO - Started process (PID=710) to work on /home/airflow/.local/lib/python3.12/site-packages/airflow/example_dags/example_sensors.py
[2026-03-06T22:36:56.771+0000] {processor.py:830} INFO - Processing file /home/airflow/.local/lib/python3.12/site-packages/airflow/example_dags/example_sensors.py for tasks to queue
[2026-03-06T22:36:56.773+0000] {logging_mixin.py:188} INFO - [2026-03-06T22:36:56.773+0000] {dagbag.py:545} INFO - Filling up the DagBag from /home/airflow/.local/lib/python3.12/site-packages/airflow/example_dags/example_sensors.py
[2026-03-06T22:36:56.785+0000] {processor.py:840} INFO - DAG(s) 'example_sensors' retrieved from /home/airflow/.local/lib/python3.12/site-packages/airflow/example_dags/example_sensors.py
[2026-03-06T22:36:56.821+0000] {logging_mixin.py:188} INFO - [2026-03-06T22:36:56.821+0000] {dag.py:3096} INFO - Sync 1 DAGs
[2026-03-06T22:36:56.841+0000] {logging_mixin.py:188} INFO - [2026-03-06T22:36:56.841+0000] {dag.py:3954} INFO - Setting next_dagrun for example_sensors to None, run_after=None
[2026-03-06T22:36:56.867+0000] {processor.py:183} INFO - Processing /home/airflow/.local/lib/python3.12/site-packages/airflow/example_dags/example_sensors.py took 0.104 seconds
[2026-03-06T22:37:27.157+0000] {processor.py:161} INFO - Started process (PID=768) to work on /home/airflow/.local/lib/python3.12/site-packages/airflow/example_dags/example_sensors.py
[2026-03-06T22:37:27.159+0000] {processor.py:830} INFO - Processing file /home/airflow/.local/lib/python3.12/site-packages/airflow/example_dags/example_sensors.py for tasks to queue
[2026-03-06T22:37:27.161+0000] {logging_mixin.py:188} INFO - [2026-03-06T22:37:27.161+0000] {dagbag.py:545} INFO - Filling up the DagBag from /home/airflow/.local/lib/python3.12/site-packages/airflow/example_dags/example_sensors.py
[2026-03-06T22:37:27.173+0000] {processor.py:840} INFO - DAG(s) 'example_sensors' retrieved from /home/airflow/.local/lib/python3.12/site-packages/airflow/example_dags/example_sensors.py
[2026-03-06T22:37:27.206+0000] {logging_mixin.py:188} INFO - [2026-03-06T22:37:27.206+0000] {dag.py:3096} INFO - Sync 1 DAGs
[2026-03-06T22:37:27.224+0000] {logging_mixin.py:188} INFO - [2026-03-06T22:37:27.223+0000] {dag.py:3954} INFO - Setting next_dagrun for example_sensors to None, run_after=None
[2026-03-06T22:37:27.253+0000] {processor.py:183} INFO - Processing /home/airflow/.local/lib/python3.12/site-packages/airflow/example_dags/example_sensors.py took 0.105 seconds
[2026-03-06T22:37:57.441+0000] {processor.py:161} INFO - Started process (PID=826) to work on /home/airflow/.local/lib/python3.12/site-packages/airflow/example_dags/example_sensors.py
[2026-03-06T22:37:57.443+0000] {processor.py:830} INFO - Processing file /home/airflow/.local/lib/python3.12/site-packages/airflow/example_dags/example_sensors.py for tasks to queue
[2026-03-06T22:37:57.446+0000] {logging_mixin.py:188} INFO - [2026-03-06T22:37:57.446+0000] {dagbag.py:545} INFO - Filling up the DagBag from /home/airflow/.local/lib/python3.12/site-packages/airflow/example_dags/example_sensors.py
[2026-03-06T22:37:57.460+0000] {processor.py:840} INFO - DAG(s) 'example_sensors' retrieved from /home/airflow/.local/lib/python3.12/site-packages/airflow/example_dags/example_sensors.py
[2026-03-06T22:37:57.489+0000] {logging_mixin.py:188} INFO - [2026-03-06T22:37:57.488+0000] {dag.py:3096} INFO - Sync 1 DAGs
[2026-03-06T22:37:57.505+0000] {logging_mixin.py:188} INFO - [2026-03-06T22:37:57.504+0000] {dag.py:3954} INFO - Setting next_dagrun for example_sensors to None, run_after=None
[2026-03-06T22:37:57.536+0000] {processor.py:183} INFO - Processing /home/airflow/.local/lib/python3.12/site-packages/airflow/example_dags/example_sensors.py took 0.102 seconds
[2026-03-06T22:38:27.975+0000] {processor.py:161} INFO - Started process (PID=884) to work on /home/airflow/.local/lib/python3.12/site-packages/airflow/example_dags/example_sensors.py
[2026-03-06T22:38:27.976+0000] {processor.py:830} INFO - Processing file /home/airflow/.local/lib/python3.12/site-packages/airflow/example_dags/example_sensors.py for tasks to queue
[2026-03-06T22:38:27.979+0000] {logging_mixin.py:188} INFO - [2026-03-06T22:38:27.979+0000] {dagbag.py:545} INFO - Filling up the DagBag from /home/airflow/.local/lib/python3.12/site-packages/airflow/example_dags/example_sensors.py
[2026-03-06T22:38:27.991+0000] {processor.py:840} INFO - DAG(s) 'example_sensors' retrieved from /home/airflow/.local/lib/python3.12/site-packages/airflow/example_dags/example_sensors.py
[2026-03-06T22:38:28.032+0000] {logging_mixin.py:188} INFO - [2026-03-06T22:38:28.032+0000] {dag.py:3096} INFO - Sync 1 DAGs
[2026-03-06T22:38:28.051+0000] {logging_mixin.py:188} INFO - [2026-03-06T22:38:28.051+0000] {dag.py:3954} INFO - Setting next_dagrun for example_sensors to None, run_after=None
[2026-03-06T22:38:28.079+0000] {processor.py:183} INFO - Processing /home/airflow/.local/lib/python3.12/site-packages/airflow/example_dags/example_sensors.py took 0.113 seconds
[2026-03-06T22:38:58.394+0000] {processor.py:161} INFO - Started process (PID=942) to work on /home/airflow/.local/lib/python3.12/site-packages/airflow/example_dags/example_sensors.py
[2026-03-06T22:38:58.396+0000] {processor.py:830} INFO - Processing file /home/airflow/.local/lib/python3.12/site-packages/airflow/example_dags/example_sensors.py for tasks to queue
[2026-03-06T22:38:58.399+0000] {logging_mixin.py:188} INFO - [2026-03-06T22:38:58.398+0000] {dagbag.py:545} INFO - Filling up the DagBag from /home/airflow/.local/lib/python3.12/site-packages/airflow/example_dags/example_sensors.py
[2026-03-06T22:38:58.410+0000] {processor.py:840} INFO - DAG(s) 'example_sensors' retrieved from /home/airflow/.local/lib/python3.12/site-packages/airflow/example_dags/example_sensors.py
[2026-03-06T22:38:58.440+0000] {logging_mixin.py:188} INFO - [2026-03-06T22:38:58.439+0000] {dag.py:3096} INFO - Sync 1 DAGs
[2026-03-06T22:38:58.455+0000] {logging_mixin.py:188} INFO - [2026-03-06T22:38:58.455+0000] {dag.py:3954} INFO - Setting next_dagrun for example_sensors to None, run_after=None
[2026-03-06T22:38:58.485+0000] {processor.py:183} INFO - Processing /home/airflow/.local/lib/python3.12/site-packages/airflow/example_dags/example_sensors.py took 0.098 seconds
[2026-03-06T22:39:28.849+0000] {processor.py:161} INFO - Started process (PID=1000) to work on /home/airflow/.local/lib/python3.12/site-packages/airflow/example_dags/example_sensors.py
[2026-03-06T22:39:28.850+0000] {processor.py:830} INFO - Processing file /home/airflow/.local/lib/python3.12/site-packages/airflow/example_dags/example_sensors.py for tasks to queue
[2026-03-06T22:39:28.853+0000] {logging_mixin.py:188} INFO - [2026-03-06T22:39:28.852+0000] {dagbag.py:545} INFO - Filling up the DagBag from /home/airflow/.local/lib/python3.12/site-packages/airflow/example_dags/example_sensors.py
[2026-03-06T22:39:28.869+0000] {processor.py:840} INFO - DAG(s) 'example_sensors' retrieved from /home/airflow/.local/lib/python3.12/site-packages/airflow/example_dags/example_sensors.py
[2026-03-06T22:39:28.901+0000] {logging_mixin.py:188} INFO - [2026-03-06T22:39:28.900+0000] {dag.py:3096} INFO - Sync 1 DAGs
[2026-03-06T22:39:28.917+0000] {logging_mixin.py:188} INFO - [2026-03-06T22:39:28.917+0000] {dag.py:3954} INFO - Setting next_dagrun for example_sensors to None, run_after=None
[2026-03-06T22:39:28.942+0000] {processor.py:183} INFO - Processing /home/airflow/.local/lib/python3.12/site-packages/airflow/example_dags/example_sensors.py took 0.099 seconds
[2026-03-06T22:39:59.843+0000] {processor.py:161} INFO - Started process (PID=1058) to work on /home/airflow/.local/lib/python3.12/site-packages/airflow/example_dags/example_sensors.py
[2026-03-06T22:39:59.844+0000] {processor.py:830} INFO - Processing file /home/airflow/.local/lib/python3.12/site-packages/airflow/example_dags/example_sensors.py for tasks to queue
[2026-03-06T22:39:59.847+0000] {logging_mixin.py:188} INFO - [2026-03-06T22:39:59.846+0000] {dagbag.py:545} INFO - Filling up the DagBag from /home/airflow/.local/lib/python3.12/site-packages/airflow/example_dags/example_sensors.py
[2026-03-06T22:39:59.857+0000] {processor.py:840} INFO - DAG(s) 'example_sensors' retrieved from /home/airflow/.local/lib/python3.12/site-packages/airflow/example_dags/example_sensors.py
[2026-03-06T22:39:59.886+0000] {logging_mixin.py:188} INFO - [2026-03-06T22:39:59.886+0000] {dag.py:3096} INFO - Sync 1 DAGs
[2026-03-06T22:39:59.902+0000] {logging_mixin.py:188} INFO - [2026-03-06T22:39:59.902+0000] {dag.py:3954} INFO - Setting next_dagrun for example_sensors to None, run_after=None
[2026-03-06T22:39:59.928+0000] {processor.py:183} INFO - Processing /home/airflow/.local/lib/python3.12/site-packages/airflow/example_dags/example_sensors.py took 0.091 seconds
[2026-03-06T22:40:30.181+0000] {processor.py:161} INFO - Started process (PID=1116) to work on /home/airflow/.local/lib/python3.12/site-packages/airflow/example_dags/example_sensors.py
[2026-03-06T22:40:30.182+0000] {processor.py:830} INFO - Processing file /home/airflow/.local/lib/python3.12/site-packages/airflow/example_dags/example_sensors.py for tasks to queue
[2026-03-06T22:40:30.185+0000] {logging_mixin.py:188} INFO - [2026-03-06T22:40:30.184+0000] {dagbag.py:545} INFO - Filling up the DagBag from /home/airflow/.local/lib/python3.12/site-packages/airflow/example_dags/example_sensors.py
[2026-03-06T22:40:30.198+0000] {processor.py:840} INFO - DAG(s) 'example_sensors' retrieved from /home/airflow/.local/lib/python3.12/site-packages/airflow/example_dags/example_sensors.py
[2026-03-06T22:40:30.249+0000] {logging_mixin.py:188} INFO - [2026-03-06T22:40:30.248+0000] {dag.py:3096} INFO - Sync 1 DAGs
[2026-03-06T22:40:30.272+0000] {logging_mixin.py:188} INFO - [2026-03-06T22:40:30.272+0000] {dag.py:3954} INFO - Setting next_dagrun for example_sensors to None, run_after=None
[2026-03-06T22:40:30.301+0000] {processor.py:183} INFO - Processing /home/airflow/.local/lib/python3.12/site-packages/airflow/example_dags/example_sensors.py took 0.129 seconds
[2026-03-06T22:41:00.448+0000] {processor.py:161} INFO - Started process (PID=1174) to work on /home/airflow/.local/lib/python3.12/site-packages/airflow/example_dags/example_sensors.py
[2026-03-06T22:41:00.449+0000] {processor.py:830} INFO - Processing file /home/airflow/.local/lib/python3.12/site-packages/airflow/example_dags/example_sensors.py for tasks to queue
[2026-03-06T22:41:00.453+0000] {logging_mixin.py:188} INFO - [2026-03-06T22:41:00.452+0000] {dagbag.py:545} INFO - Filling up the DagBag from /home/airflow/.local/lib/python3.12/site-packages/airflow/example_dags/example_sensors.py
[2026-03-06T22:41:00.466+0000] {processor.py:840} INFO - DAG(s) 'example_sensors' retrieved from /home/airflow/.local/lib/python3.12/site-packages/airflow/example_dags/example_sensors.py
[2026-03-06T22:41:00.502+0000] {logging_mixin.py:188} INFO - [2026-03-06T22:41:00.502+0000] {dag.py:3096} INFO - Sync 1 DAGs
[2026-03-06T22:41:00.524+0000] {logging_mixin.py:188} INFO - [2026-03-06T22:41:00.524+0000] {dag.py:3954} INFO - Setting next_dagrun for example_sensors to None, run_after=None
[2026-03-06T22:41:00.558+0000] {processor.py:183} INFO - Processing /home/airflow/.local/lib/python3.12/site-packages/airflow/example_dags/example_sensors.py took 0.117 seconds
