[2026-03-06T22:30:46.290+0000] {processor.py:161} INFO - Started process (PID=80) to work on /home/airflow/.local/lib/python3.12/site-packages/airflow/example_dags/example_kubernetes_executor.py
[2026-03-06T22:30:46.292+0000] {processor.py:830} INFO - Processing file /home/airflow/.local/lib/python3.12/site-packages/airflow/example_dags/example_kubernetes_executor.py for tasks to queue
[2026-03-06T22:30:46.296+0000] {logging_mixin.py:188} INFO - [2026-03-06T22:30:46.295+0000] {dagbag.py:545} INFO - Filling up the DagBag from /home/airflow/.local/lib/python3.12/site-packages/airflow/example_dags/example_kubernetes_executor.py
[2026-03-06T22:30:46.328+0000] {processor.py:840} INFO - DAG(s) 'example_kubernetes_executor' retrieved from /home/airflow/.local/lib/python3.12/site-packages/airflow/example_dags/example_kubernetes_executor.py
[2026-03-06T22:30:46.531+0000] {logging_mixin.py:188} INFO - [2026-03-06T22:30:46.530+0000] {override.py:1829} INFO - Created Permission View: can delete on DAG:example_kubernetes_executor
[2026-03-06T22:30:46.547+0000] {logging_mixin.py:188} INFO - [2026-03-06T22:30:46.546+0000] {override.py:1829} INFO - Created Permission View: can read on DAG:example_kubernetes_executor
[2026-03-06T22:30:46.557+0000] {logging_mixin.py:188} INFO - [2026-03-06T22:30:46.557+0000] {override.py:1829} INFO - Created Permission View: can edit on DAG:example_kubernetes_executor
[2026-03-06T22:30:46.558+0000] {logging_mixin.py:188} INFO - [2026-03-06T22:30:46.558+0000] {dag.py:3096} INFO - Sync 1 DAGs
[2026-03-06T22:30:46.572+0000] {logging_mixin.py:188} INFO - [2026-03-06T22:30:46.571+0000] {dag.py:3118} INFO - Creating ORM DAG for example_kubernetes_executor
[2026-03-06T22:30:46.573+0000] {logging_mixin.py:188} INFO - [2026-03-06T22:30:46.573+0000] {dag.py:3954} INFO - Setting next_dagrun for example_kubernetes_executor to None, run_after=None
[2026-03-06T22:30:46.597+0000] {processor.py:183} INFO - Processing /home/airflow/.local/lib/python3.12/site-packages/airflow/example_dags/example_kubernetes_executor.py took 0.319 seconds
[2026-03-06T22:31:20.317+0000] {processor.py:161} INFO - Started process (PID=60) to work on /home/airflow/.local/lib/python3.12/site-packages/airflow/example_dags/example_kubernetes_executor.py
[2026-03-06T22:31:20.319+0000] {processor.py:830} INFO - Processing file /home/airflow/.local/lib/python3.12/site-packages/airflow/example_dags/example_kubernetes_executor.py for tasks to queue
[2026-03-06T22:31:20.323+0000] {logging_mixin.py:188} INFO - [2026-03-06T22:31:20.322+0000] {dagbag.py:545} INFO - Filling up the DagBag from /home/airflow/.local/lib/python3.12/site-packages/airflow/example_dags/example_kubernetes_executor.py
[2026-03-06T22:31:20.347+0000] {processor.py:840} INFO - DAG(s) 'example_kubernetes_executor' retrieved from /home/airflow/.local/lib/python3.12/site-packages/airflow/example_dags/example_kubernetes_executor.py
[2026-03-06T22:31:20.416+0000] {logging_mixin.py:188} INFO - [2026-03-06T22:31:20.415+0000] {dag.py:3096} INFO - Sync 1 DAGs
[2026-03-06T22:31:20.435+0000] {logging_mixin.py:188} INFO - [2026-03-06T22:31:20.435+0000] {dag.py:3954} INFO - Setting next_dagrun for example_kubernetes_executor to None, run_after=None
[2026-03-06T22:31:20.473+0000] {processor.py:183} INFO - Processing /home/airflow/.local/lib/python3.12/site-packages/airflow/example_dags/example_kubernetes_executor.py took 0.168 seconds
[2026-03-06T22:31:51.022+0000] {processor.py:161} INFO - Started process (PID=118) to work on /home/airflow/.local/lib/python3.12/site-packages/airflow/example_dags/example_kubernetes_executor.py
[2026-03-06T22:31:51.023+0000] {processor.py:830} INFO - Processing file /home/airflow/.local/lib/python3.12/site-packages/airflow/example_dags/example_kubernetes_executor.py for tasks to queue
[2026-03-06T22:31:51.029+0000] {logging_mixin.py:188} INFO - [2026-03-06T22:31:51.028+0000] {dagbag.py:545} INFO - Filling up the DagBag from /home/airflow/.local/lib/python3.12/site-packages/airflow/example_dags/example_kubernetes_executor.py
[2026-03-06T22:31:51.054+0000] {processor.py:840} INFO - DAG(s) 'example_kubernetes_executor' retrieved from /home/airflow/.local/lib/python3.12/site-packages/airflow/example_dags/example_kubernetes_executor.py
[2026-03-06T22:31:51.117+0000] {logging_mixin.py:188} INFO - [2026-03-06T22:31:51.116+0000] {dag.py:3096} INFO - Sync 1 DAGs
[2026-03-06T22:31:51.138+0000] {logging_mixin.py:188} INFO - [2026-03-06T22:31:51.138+0000] {dag.py:3954} INFO - Setting next_dagrun for example_kubernetes_executor to None, run_after=None
[2026-03-06T22:31:51.181+0000] {processor.py:183} INFO - Processing /home/airflow/.local/lib/python3.12/site-packages/airflow/example_dags/example_kubernetes_executor.py took 0.169 seconds
[2026-03-06T22:32:21.281+0000] {processor.py:161} INFO - Started process (PID=176) to work on /home/airflow/.local/lib/python3.12/site-packages/airflow/example_dags/example_kubernetes_executor.py
[2026-03-06T22:32:21.283+0000] {processor.py:830} INFO - Processing file /home/airflow/.local/lib/python3.12/site-packages/airflow/example_dags/example_kubernetes_executor.py for tasks to queue
[2026-03-06T22:32:21.285+0000] {logging_mixin.py:188} INFO - [2026-03-06T22:32:21.285+0000] {dagbag.py:545} INFO - Filling up the DagBag from /home/airflow/.local/lib/python3.12/site-packages/airflow/example_dags/example_kubernetes_executor.py
[2026-03-06T22:32:21.307+0000] {processor.py:840} INFO - DAG(s) 'example_kubernetes_executor' retrieved from /home/airflow/.local/lib/python3.12/site-packages/airflow/example_dags/example_kubernetes_executor.py
[2026-03-06T22:32:21.352+0000] {logging_mixin.py:188} INFO - [2026-03-06T22:32:21.352+0000] {dag.py:3096} INFO - Sync 1 DAGs
[2026-03-06T22:32:21.367+0000] {logging_mixin.py:188} INFO - [2026-03-06T22:32:21.366+0000] {dag.py:3954} INFO - Setting next_dagrun for example_kubernetes_executor to None, run_after=None
[2026-03-06T22:32:21.407+0000] {processor.py:183} INFO - Processing /home/airflow/.local/lib/python3.12/site-packages/airflow/example_dags/example_kubernetes_executor.py took 0.132 seconds
[2026-03-06T22:32:51.580+0000] {processor.py:161} INFO - Started process (PID=234) to work on /home/airflow/.local/lib/python3.12/site-packages/airflow/example_dags/example_kubernetes_executor.py
[2026-03-06T22:32:51.581+0000] {processor.py:830} INFO - Processing file /home/airflow/.local/lib/python3.12/site-packages/airflow/example_dags/example_kubernetes_executor.py for tasks to queue
[2026-03-06T22:32:51.583+0000] {logging_mixin.py:188} INFO - [2026-03-06T22:32:51.583+0000] {dagbag.py:545} INFO - Filling up the DagBag from /home/airflow/.local/lib/python3.12/site-packages/airflow/example_dags/example_kubernetes_executor.py
[2026-03-06T22:32:51.597+0000] {processor.py:840} INFO - DAG(s) 'example_kubernetes_executor' retrieved from /home/airflow/.local/lib/python3.12/site-packages/airflow/example_dags/example_kubernetes_executor.py
[2026-03-06T22:32:51.610+0000] {logging_mixin.py:188} INFO - [2026-03-06T22:32:51.610+0000] {dag.py:3096} INFO - Sync 1 DAGs
[2026-03-06T22:32:51.628+0000] {logging_mixin.py:188} INFO - [2026-03-06T22:32:51.628+0000] {dag.py:3954} INFO - Setting next_dagrun for example_kubernetes_executor to None, run_after=None
[2026-03-06T22:32:51.671+0000] {processor.py:183} INFO - Processing /home/airflow/.local/lib/python3.12/site-packages/airflow/example_dags/example_kubernetes_executor.py took 0.097 seconds
[2026-03-06T22:33:23.022+0000] {processor.py:161} INFO - Started process (PID=292) to work on /home/airflow/.local/lib/python3.12/site-packages/airflow/example_dags/example_kubernetes_executor.py
[2026-03-06T22:33:23.023+0000] {processor.py:830} INFO - Processing file /home/airflow/.local/lib/python3.12/site-packages/airflow/example_dags/example_kubernetes_executor.py for tasks to queue
[2026-03-06T22:33:23.026+0000] {logging_mixin.py:188} INFO - [2026-03-06T22:33:23.026+0000] {dagbag.py:545} INFO - Filling up the DagBag from /home/airflow/.local/lib/python3.12/site-packages/airflow/example_dags/example_kubernetes_executor.py
[2026-03-06T22:33:23.043+0000] {processor.py:840} INFO - DAG(s) 'example_kubernetes_executor' retrieved from /home/airflow/.local/lib/python3.12/site-packages/airflow/example_dags/example_kubernetes_executor.py
[2026-03-06T22:33:23.198+0000] {logging_mixin.py:188} INFO - [2026-03-06T22:33:23.198+0000] {dag.py:3096} INFO - Sync 1 DAGs
[2026-03-06T22:33:23.217+0000] {logging_mixin.py:188} INFO - [2026-03-06T22:33:23.216+0000] {dag.py:3954} INFO - Setting next_dagrun for example_kubernetes_executor to None, run_after=None
[2026-03-06T22:33:23.244+0000] {processor.py:183} INFO - Processing /home/airflow/.local/lib/python3.12/site-packages/airflow/example_dags/example_kubernetes_executor.py took 0.230 seconds
[2026-03-06T22:33:54.080+0000] {processor.py:161} INFO - Started process (PID=356) to work on /home/airflow/.local/lib/python3.12/site-packages/airflow/example_dags/example_kubernetes_executor.py
[2026-03-06T22:33:54.082+0000] {processor.py:830} INFO - Processing file /home/airflow/.local/lib/python3.12/site-packages/airflow/example_dags/example_kubernetes_executor.py for tasks to queue
[2026-03-06T22:33:54.085+0000] {logging_mixin.py:188} INFO - [2026-03-06T22:33:54.084+0000] {dagbag.py:545} INFO - Filling up the DagBag from /home/airflow/.local/lib/python3.12/site-packages/airflow/example_dags/example_kubernetes_executor.py
[2026-03-06T22:33:54.108+0000] {processor.py:840} INFO - DAG(s) 'example_kubernetes_executor' retrieved from /home/airflow/.local/lib/python3.12/site-packages/airflow/example_dags/example_kubernetes_executor.py
[2026-03-06T22:33:54.152+0000] {logging_mixin.py:188} INFO - [2026-03-06T22:33:54.152+0000] {dag.py:3096} INFO - Sync 1 DAGs
[2026-03-06T22:33:54.169+0000] {logging_mixin.py:188} INFO - [2026-03-06T22:33:54.169+0000] {dag.py:3954} INFO - Setting next_dagrun for example_kubernetes_executor to None, run_after=None
[2026-03-06T22:33:54.206+0000] {processor.py:183} INFO - Processing /home/airflow/.local/lib/python3.12/site-packages/airflow/example_dags/example_kubernetes_executor.py took 0.135 seconds
[2026-03-06T22:34:24.307+0000] {processor.py:161} INFO - Started process (PID=414) to work on /home/airflow/.local/lib/python3.12/site-packages/airflow/example_dags/example_kubernetes_executor.py
[2026-03-06T22:34:24.308+0000] {processor.py:830} INFO - Processing file /home/airflow/.local/lib/python3.12/site-packages/airflow/example_dags/example_kubernetes_executor.py for tasks to queue
[2026-03-06T22:34:24.311+0000] {logging_mixin.py:188} INFO - [2026-03-06T22:34:24.310+0000] {dagbag.py:545} INFO - Filling up the DagBag from /home/airflow/.local/lib/python3.12/site-packages/airflow/example_dags/example_kubernetes_executor.py
[2026-03-06T22:34:24.332+0000] {processor.py:840} INFO - DAG(s) 'example_kubernetes_executor' retrieved from /home/airflow/.local/lib/python3.12/site-packages/airflow/example_dags/example_kubernetes_executor.py
[2026-03-06T22:34:24.401+0000] {logging_mixin.py:188} INFO - [2026-03-06T22:34:24.400+0000] {dag.py:3096} INFO - Sync 1 DAGs
[2026-03-06T22:34:24.424+0000] {logging_mixin.py:188} INFO - [2026-03-06T22:34:24.423+0000] {dag.py:3954} INFO - Setting next_dagrun for example_kubernetes_executor to None, run_after=None
[2026-03-06T22:34:24.472+0000] {processor.py:183} INFO - Processing /home/airflow/.local/lib/python3.12/site-packages/airflow/example_dags/example_kubernetes_executor.py took 0.173 seconds
[2026-03-06T22:34:54.712+0000] {processor.py:161} INFO - Started process (PID=472) to work on /home/airflow/.local/lib/python3.12/site-packages/airflow/example_dags/example_kubernetes_executor.py
[2026-03-06T22:34:54.713+0000] {processor.py:830} INFO - Processing file /home/airflow/.local/lib/python3.12/site-packages/airflow/example_dags/example_kubernetes_executor.py for tasks to queue
[2026-03-06T22:34:54.715+0000] {logging_mixin.py:188} INFO - [2026-03-06T22:34:54.715+0000] {dagbag.py:545} INFO - Filling up the DagBag from /home/airflow/.local/lib/python3.12/site-packages/airflow/example_dags/example_kubernetes_executor.py
[2026-03-06T22:34:54.729+0000] {processor.py:840} INFO - DAG(s) 'example_kubernetes_executor' retrieved from /home/airflow/.local/lib/python3.12/site-packages/airflow/example_dags/example_kubernetes_executor.py
[2026-03-06T22:34:54.769+0000] {logging_mixin.py:188} INFO - [2026-03-06T22:34:54.769+0000] {dag.py:3096} INFO - Sync 1 DAGs
[2026-03-06T22:34:54.785+0000] {logging_mixin.py:188} INFO - [2026-03-06T22:34:54.785+0000] {dag.py:3954} INFO - Setting next_dagrun for example_kubernetes_executor to None, run_after=None
[2026-03-06T22:34:54.815+0000] {processor.py:183} INFO - Processing /home/airflow/.local/lib/python3.12/site-packages/airflow/example_dags/example_kubernetes_executor.py took 0.111 seconds
[2026-03-06T22:35:25.077+0000] {processor.py:161} INFO - Started process (PID=530) to work on /home/airflow/.local/lib/python3.12/site-packages/airflow/example_dags/example_kubernetes_executor.py
[2026-03-06T22:35:25.079+0000] {processor.py:830} INFO - Processing file /home/airflow/.local/lib/python3.12/site-packages/airflow/example_dags/example_kubernetes_executor.py for tasks to queue
[2026-03-06T22:35:25.081+0000] {logging_mixin.py:188} INFO - [2026-03-06T22:35:25.081+0000] {dagbag.py:545} INFO - Filling up the DagBag from /home/airflow/.local/lib/python3.12/site-packages/airflow/example_dags/example_kubernetes_executor.py
[2026-03-06T22:35:25.097+0000] {processor.py:840} INFO - DAG(s) 'example_kubernetes_executor' retrieved from /home/airflow/.local/lib/python3.12/site-packages/airflow/example_dags/example_kubernetes_executor.py
[2026-03-06T22:35:25.142+0000] {logging_mixin.py:188} INFO - [2026-03-06T22:35:25.141+0000] {dag.py:3096} INFO - Sync 1 DAGs
[2026-03-06T22:35:25.165+0000] {logging_mixin.py:188} INFO - [2026-03-06T22:35:25.165+0000] {dag.py:3954} INFO - Setting next_dagrun for example_kubernetes_executor to None, run_after=None
[2026-03-06T22:35:25.192+0000] {processor.py:183} INFO - Processing /home/airflow/.local/lib/python3.12/site-packages/airflow/example_dags/example_kubernetes_executor.py took 0.122 seconds
[2026-03-06T22:35:55.312+0000] {processor.py:161} INFO - Started process (PID=588) to work on /home/airflow/.local/lib/python3.12/site-packages/airflow/example_dags/example_kubernetes_executor.py
[2026-03-06T22:35:55.313+0000] {processor.py:830} INFO - Processing file /home/airflow/.local/lib/python3.12/site-packages/airflow/example_dags/example_kubernetes_executor.py for tasks to queue
[2026-03-06T22:35:55.315+0000] {logging_mixin.py:188} INFO - [2026-03-06T22:35:55.315+0000] {dagbag.py:545} INFO - Filling up the DagBag from /home/airflow/.local/lib/python3.12/site-packages/airflow/example_dags/example_kubernetes_executor.py
[2026-03-06T22:35:55.332+0000] {processor.py:840} INFO - DAG(s) 'example_kubernetes_executor' retrieved from /home/airflow/.local/lib/python3.12/site-packages/airflow/example_dags/example_kubernetes_executor.py
[2026-03-06T22:35:55.376+0000] {logging_mixin.py:188} INFO - [2026-03-06T22:35:55.376+0000] {dag.py:3096} INFO - Sync 1 DAGs
[2026-03-06T22:35:55.394+0000] {logging_mixin.py:188} INFO - [2026-03-06T22:35:55.393+0000] {dag.py:3954} INFO - Setting next_dagrun for example_kubernetes_executor to None, run_after=None
[2026-03-06T22:35:55.420+0000] {processor.py:183} INFO - Processing /home/airflow/.local/lib/python3.12/site-packages/airflow/example_dags/example_kubernetes_executor.py took 0.115 seconds
[2026-03-06T22:36:25.839+0000] {processor.py:161} INFO - Started process (PID=646) to work on /home/airflow/.local/lib/python3.12/site-packages/airflow/example_dags/example_kubernetes_executor.py
[2026-03-06T22:36:25.840+0000] {processor.py:830} INFO - Processing file /home/airflow/.local/lib/python3.12/site-packages/airflow/example_dags/example_kubernetes_executor.py for tasks to queue
[2026-03-06T22:36:25.842+0000] {logging_mixin.py:188} INFO - [2026-03-06T22:36:25.842+0000] {dagbag.py:545} INFO - Filling up the DagBag from /home/airflow/.local/lib/python3.12/site-packages/airflow/example_dags/example_kubernetes_executor.py
[2026-03-06T22:36:25.857+0000] {processor.py:840} INFO - DAG(s) 'example_kubernetes_executor' retrieved from /home/airflow/.local/lib/python3.12/site-packages/airflow/example_dags/example_kubernetes_executor.py
[2026-03-06T22:36:25.897+0000] {logging_mixin.py:188} INFO - [2026-03-06T22:36:25.897+0000] {dag.py:3096} INFO - Sync 1 DAGs
[2026-03-06T22:36:25.913+0000] {logging_mixin.py:188} INFO - [2026-03-06T22:36:25.913+0000] {dag.py:3954} INFO - Setting next_dagrun for example_kubernetes_executor to None, run_after=None
[2026-03-06T22:36:25.937+0000] {processor.py:183} INFO - Processing /home/airflow/.local/lib/python3.12/site-packages/airflow/example_dags/example_kubernetes_executor.py took 0.104 seconds
[2026-03-06T22:36:56.317+0000] {processor.py:161} INFO - Started process (PID=704) to work on /home/airflow/.local/lib/python3.12/site-packages/airflow/example_dags/example_kubernetes_executor.py
[2026-03-06T22:36:56.318+0000] {processor.py:830} INFO - Processing file /home/airflow/.local/lib/python3.12/site-packages/airflow/example_dags/example_kubernetes_executor.py for tasks to queue
[2026-03-06T22:36:56.321+0000] {logging_mixin.py:188} INFO - [2026-03-06T22:36:56.320+0000] {dagbag.py:545} INFO - Filling up the DagBag from /home/airflow/.local/lib/python3.12/site-packages/airflow/example_dags/example_kubernetes_executor.py
[2026-03-06T22:36:56.336+0000] {processor.py:840} INFO - DAG(s) 'example_kubernetes_executor' retrieved from /home/airflow/.local/lib/python3.12/site-packages/airflow/example_dags/example_kubernetes_executor.py
[2026-03-06T22:36:56.376+0000] {logging_mixin.py:188} INFO - [2026-03-06T22:36:56.376+0000] {dag.py:3096} INFO - Sync 1 DAGs
[2026-03-06T22:36:56.394+0000] {logging_mixin.py:188} INFO - [2026-03-06T22:36:56.394+0000] {dag.py:3954} INFO - Setting next_dagrun for example_kubernetes_executor to None, run_after=None
[2026-03-06T22:36:56.417+0000] {processor.py:183} INFO - Processing /home/airflow/.local/lib/python3.12/site-packages/airflow/example_dags/example_kubernetes_executor.py took 0.110 seconds
[2026-03-06T22:37:26.743+0000] {processor.py:161} INFO - Started process (PID=762) to work on /home/airflow/.local/lib/python3.12/site-packages/airflow/example_dags/example_kubernetes_executor.py
[2026-03-06T22:37:26.744+0000] {processor.py:830} INFO - Processing file /home/airflow/.local/lib/python3.12/site-packages/airflow/example_dags/example_kubernetes_executor.py for tasks to queue
[2026-03-06T22:37:26.747+0000] {logging_mixin.py:188} INFO - [2026-03-06T22:37:26.746+0000] {dagbag.py:545} INFO - Filling up the DagBag from /home/airflow/.local/lib/python3.12/site-packages/airflow/example_dags/example_kubernetes_executor.py
[2026-03-06T22:37:26.761+0000] {processor.py:840} INFO - DAG(s) 'example_kubernetes_executor' retrieved from /home/airflow/.local/lib/python3.12/site-packages/airflow/example_dags/example_kubernetes_executor.py
[2026-03-06T22:37:26.802+0000] {logging_mixin.py:188} INFO - [2026-03-06T22:37:26.802+0000] {dag.py:3096} INFO - Sync 1 DAGs
[2026-03-06T22:37:26.817+0000] {logging_mixin.py:188} INFO - [2026-03-06T22:37:26.817+0000] {dag.py:3954} INFO - Setting next_dagrun for example_kubernetes_executor to None, run_after=None
[2026-03-06T22:37:26.840+0000] {processor.py:183} INFO - Processing /home/airflow/.local/lib/python3.12/site-packages/airflow/example_dags/example_kubernetes_executor.py took 0.104 seconds
[2026-03-06T22:37:57.012+0000] {processor.py:161} INFO - Started process (PID=820) to work on /home/airflow/.local/lib/python3.12/site-packages/airflow/example_dags/example_kubernetes_executor.py
[2026-03-06T22:37:57.013+0000] {processor.py:830} INFO - Processing file /home/airflow/.local/lib/python3.12/site-packages/airflow/example_dags/example_kubernetes_executor.py for tasks to queue
[2026-03-06T22:37:57.015+0000] {logging_mixin.py:188} INFO - [2026-03-06T22:37:57.015+0000] {dagbag.py:545} INFO - Filling up the DagBag from /home/airflow/.local/lib/python3.12/site-packages/airflow/example_dags/example_kubernetes_executor.py
[2026-03-06T22:37:57.031+0000] {processor.py:840} INFO - DAG(s) 'example_kubernetes_executor' retrieved from /home/airflow/.local/lib/python3.12/site-packages/airflow/example_dags/example_kubernetes_executor.py
[2026-03-06T22:37:57.073+0000] {logging_mixin.py:188} INFO - [2026-03-06T22:37:57.073+0000] {dag.py:3096} INFO - Sync 1 DAGs
[2026-03-06T22:37:57.096+0000] {logging_mixin.py:188} INFO - [2026-03-06T22:37:57.095+0000] {dag.py:3954} INFO - Setting next_dagrun for example_kubernetes_executor to None, run_after=None
[2026-03-06T22:37:57.121+0000] {processor.py:183} INFO - Processing /home/airflow/.local/lib/python3.12/site-packages/airflow/example_dags/example_kubernetes_executor.py took 0.116 seconds
[2026-03-06T22:38:27.562+0000] {processor.py:161} INFO - Started process (PID=878) to work on /home/airflow/.local/lib/python3.12/site-packages/airflow/example_dags/example_kubernetes_executor.py
[2026-03-06T22:38:27.563+0000] {processor.py:830} INFO - Processing file /home/airflow/.local/lib/python3.12/site-packages/airflow/example_dags/example_kubernetes_executor.py for tasks to queue
[2026-03-06T22:38:27.567+0000] {logging_mixin.py:188} INFO - [2026-03-06T22:38:27.566+0000] {dagbag.py:545} INFO - Filling up the DagBag from /home/airflow/.local/lib/python3.12/site-packages/airflow/example_dags/example_kubernetes_executor.py
[2026-03-06T22:38:27.582+0000] {processor.py:840} INFO - DAG(s) 'example_kubernetes_executor' retrieved from /home/airflow/.local/lib/python3.12/site-packages/airflow/example_dags/example_kubernetes_executor.py
[2026-03-06T22:38:27.621+0000] {logging_mixin.py:188} INFO - [2026-03-06T22:38:27.621+0000] {dag.py:3096} INFO - Sync 1 DAGs
[2026-03-06T22:38:27.637+0000] {logging_mixin.py:188} INFO - [2026-03-06T22:38:27.637+0000] {dag.py:3954} INFO - Setting next_dagrun for example_kubernetes_executor to None, run_after=None
[2026-03-06T22:38:27.663+0000] {processor.py:183} INFO - Processing /home/airflow/.local/lib/python3.12/site-packages/airflow/example_dags/example_kubernetes_executor.py took 0.108 seconds
[2026-03-06T22:38:57.978+0000] {processor.py:161} INFO - Started process (PID=936) to work on /home/airflow/.local/lib/python3.12/site-packages/airflow/example_dags/example_kubernetes_executor.py
[2026-03-06T22:38:57.979+0000] {processor.py:830} INFO - Processing file /home/airflow/.local/lib/python3.12/site-packages/airflow/example_dags/example_kubernetes_executor.py for tasks to queue
[2026-03-06T22:38:57.981+0000] {logging_mixin.py:188} INFO - [2026-03-06T22:38:57.981+0000] {dagbag.py:545} INFO - Filling up the DagBag from /home/airflow/.local/lib/python3.12/site-packages/airflow/example_dags/example_kubernetes_executor.py
[2026-03-06T22:38:57.997+0000] {processor.py:840} INFO - DAG(s) 'example_kubernetes_executor' retrieved from /home/airflow/.local/lib/python3.12/site-packages/airflow/example_dags/example_kubernetes_executor.py
[2026-03-06T22:38:58.038+0000] {logging_mixin.py:188} INFO - [2026-03-06T22:38:58.037+0000] {dag.py:3096} INFO - Sync 1 DAGs
[2026-03-06T22:38:58.054+0000] {logging_mixin.py:188} INFO - [2026-03-06T22:38:58.054+0000] {dag.py:3954} INFO - Setting next_dagrun for example_kubernetes_executor to None, run_after=None
[2026-03-06T22:38:58.078+0000] {processor.py:183} INFO - Processing /home/airflow/.local/lib/python3.12/site-packages/airflow/example_dags/example_kubernetes_executor.py took 0.108 seconds
[2026-03-06T22:39:28.157+0000] {processor.py:161} INFO - Started process (PID=994) to work on /home/airflow/.local/lib/python3.12/site-packages/airflow/example_dags/example_kubernetes_executor.py
[2026-03-06T22:39:28.158+0000] {processor.py:830} INFO - Processing file /home/airflow/.local/lib/python3.12/site-packages/airflow/example_dags/example_kubernetes_executor.py for tasks to queue
[2026-03-06T22:39:28.161+0000] {logging_mixin.py:188} INFO - [2026-03-06T22:39:28.161+0000] {dagbag.py:545} INFO - Filling up the DagBag from /home/airflow/.local/lib/python3.12/site-packages/airflow/example_dags/example_kubernetes_executor.py
[2026-03-06T22:39:28.176+0000] {processor.py:840} INFO - DAG(s) 'example_kubernetes_executor' retrieved from /home/airflow/.local/lib/python3.12/site-packages/airflow/example_dags/example_kubernetes_executor.py
[2026-03-06T22:39:28.216+0000] {logging_mixin.py:188} INFO - [2026-03-06T22:39:28.216+0000] {dag.py:3096} INFO - Sync 1 DAGs
[2026-03-06T22:39:28.233+0000] {logging_mixin.py:188} INFO - [2026-03-06T22:39:28.233+0000] {dag.py:3954} INFO - Setting next_dagrun for example_kubernetes_executor to None, run_after=None
[2026-03-06T22:39:28.262+0000] {processor.py:183} INFO - Processing /home/airflow/.local/lib/python3.12/site-packages/airflow/example_dags/example_kubernetes_executor.py took 0.113 seconds
[2026-03-06T22:39:58.291+0000] {processor.py:161} INFO - Started process (PID=1051) to work on /home/airflow/.local/lib/python3.12/site-packages/airflow/example_dags/example_kubernetes_executor.py
[2026-03-06T22:39:58.292+0000] {processor.py:830} INFO - Processing file /home/airflow/.local/lib/python3.12/site-packages/airflow/example_dags/example_kubernetes_executor.py for tasks to queue
[2026-03-06T22:39:58.295+0000] {logging_mixin.py:188} INFO - [2026-03-06T22:39:58.294+0000] {dagbag.py:545} INFO - Filling up the DagBag from /home/airflow/.local/lib/python3.12/site-packages/airflow/example_dags/example_kubernetes_executor.py
[2026-03-06T22:39:58.309+0000] {processor.py:840} INFO - DAG(s) 'example_kubernetes_executor' retrieved from /home/airflow/.local/lib/python3.12/site-packages/airflow/example_dags/example_kubernetes_executor.py
[2026-03-06T22:39:58.347+0000] {logging_mixin.py:188} INFO - [2026-03-06T22:39:58.347+0000] {dag.py:3096} INFO - Sync 1 DAGs
[2026-03-06T22:39:58.363+0000] {logging_mixin.py:188} INFO - [2026-03-06T22:39:58.363+0000] {dag.py:3954} INFO - Setting next_dagrun for example_kubernetes_executor to None, run_after=None
[2026-03-06T22:39:58.389+0000] {processor.py:183} INFO - Processing /home/airflow/.local/lib/python3.12/site-packages/airflow/example_dags/example_kubernetes_executor.py took 0.105 seconds
[2026-03-06T22:40:28.607+0000] {processor.py:161} INFO - Started process (PID=1109) to work on /home/airflow/.local/lib/python3.12/site-packages/airflow/example_dags/example_kubernetes_executor.py
[2026-03-06T22:40:28.608+0000] {processor.py:830} INFO - Processing file /home/airflow/.local/lib/python3.12/site-packages/airflow/example_dags/example_kubernetes_executor.py for tasks to queue
[2026-03-06T22:40:28.611+0000] {logging_mixin.py:188} INFO - [2026-03-06T22:40:28.610+0000] {dagbag.py:545} INFO - Filling up the DagBag from /home/airflow/.local/lib/python3.12/site-packages/airflow/example_dags/example_kubernetes_executor.py
[2026-03-06T22:40:28.625+0000] {processor.py:840} INFO - DAG(s) 'example_kubernetes_executor' retrieved from /home/airflow/.local/lib/python3.12/site-packages/airflow/example_dags/example_kubernetes_executor.py
[2026-03-06T22:40:28.665+0000] {logging_mixin.py:188} INFO - [2026-03-06T22:40:28.665+0000] {dag.py:3096} INFO - Sync 1 DAGs
[2026-03-06T22:40:28.681+0000] {logging_mixin.py:188} INFO - [2026-03-06T22:40:28.681+0000] {dag.py:3954} INFO - Setting next_dagrun for example_kubernetes_executor to None, run_after=None
[2026-03-06T22:40:28.707+0000] {processor.py:183} INFO - Processing /home/airflow/.local/lib/python3.12/site-packages/airflow/example_dags/example_kubernetes_executor.py took 0.107 seconds
[2026-03-06T22:40:59.000+0000] {processor.py:161} INFO - Started process (PID=1167) to work on /home/airflow/.local/lib/python3.12/site-packages/airflow/example_dags/example_kubernetes_executor.py
[2026-03-06T22:40:59.002+0000] {processor.py:830} INFO - Processing file /home/airflow/.local/lib/python3.12/site-packages/airflow/example_dags/example_kubernetes_executor.py for tasks to queue
[2026-03-06T22:40:59.005+0000] {logging_mixin.py:188} INFO - [2026-03-06T22:40:59.004+0000] {dagbag.py:545} INFO - Filling up the DagBag from /home/airflow/.local/lib/python3.12/site-packages/airflow/example_dags/example_kubernetes_executor.py
[2026-03-06T22:40:59.023+0000] {processor.py:840} INFO - DAG(s) 'example_kubernetes_executor' retrieved from /home/airflow/.local/lib/python3.12/site-packages/airflow/example_dags/example_kubernetes_executor.py
[2026-03-06T22:40:59.069+0000] {logging_mixin.py:188} INFO - [2026-03-06T22:40:59.068+0000] {dag.py:3096} INFO - Sync 1 DAGs
[2026-03-06T22:40:59.088+0000] {logging_mixin.py:188} INFO - [2026-03-06T22:40:59.088+0000] {dag.py:3954} INFO - Setting next_dagrun for example_kubernetes_executor to None, run_after=None
[2026-03-06T22:40:59.115+0000] {processor.py:183} INFO - Processing /home/airflow/.local/lib/python3.12/site-packages/airflow/example_dags/example_kubernetes_executor.py took 0.123 seconds
