[2026-03-06T22:30:49.846+0000] {processor.py:161} INFO - Started process (PID=99) to work on /home/airflow/.local/lib/python3.12/site-packages/airflow/example_dags/example_short_circuit_operator.py
[2026-03-06T22:30:49.847+0000] {processor.py:830} INFO - Processing file /home/airflow/.local/lib/python3.12/site-packages/airflow/example_dags/example_short_circuit_operator.py for tasks to queue
[2026-03-06T22:30:49.850+0000] {logging_mixin.py:188} INFO - [2026-03-06T22:30:49.849+0000] {dagbag.py:545} INFO - Filling up the DagBag from /home/airflow/.local/lib/python3.12/site-packages/airflow/example_dags/example_short_circuit_operator.py
[2026-03-06T22:30:49.863+0000] {processor.py:840} INFO - DAG(s) 'example_short_circuit_operator' retrieved from /home/airflow/.local/lib/python3.12/site-packages/airflow/example_dags/example_short_circuit_operator.py
[2026-03-06T22:30:50.009+0000] {logging_mixin.py:188} INFO - [2026-03-06T22:30:50.008+0000] {override.py:1829} INFO - Created Permission View: can delete on DAG:example_short_circuit_operator
[2026-03-06T22:30:50.022+0000] {logging_mixin.py:188} INFO - [2026-03-06T22:30:50.021+0000] {override.py:1829} INFO - Created Permission View: can read on DAG:example_short_circuit_operator
[2026-03-06T22:30:50.031+0000] {logging_mixin.py:188} INFO - [2026-03-06T22:30:50.031+0000] {override.py:1829} INFO - Created Permission View: can edit on DAG:example_short_circuit_operator
[2026-03-06T22:30:50.032+0000] {logging_mixin.py:188} INFO - [2026-03-06T22:30:50.031+0000] {dag.py:3096} INFO - Sync 1 DAGs
[2026-03-06T22:30:50.046+0000] {logging_mixin.py:188} INFO - [2026-03-06T22:30:50.046+0000] {dag.py:3118} INFO - Creating ORM DAG for example_short_circuit_operator
[2026-03-06T22:30:50.062+0000] {logging_mixin.py:188} INFO - [2026-03-06T22:30:50.062+0000] {dag.py:3954} INFO - Setting next_dagrun for example_short_circuit_operator to 2026-03-05 00:00:00+00:00, run_after=2026-03-06 00:00:00+00:00
[2026-03-06T22:30:50.094+0000] {processor.py:183} INFO - Processing /home/airflow/.local/lib/python3.12/site-packages/airflow/example_dags/example_short_circuit_operator.py took 0.256 seconds
[2026-03-06T22:31:22.291+0000] {processor.py:161} INFO - Started process (PID=79) to work on /home/airflow/.local/lib/python3.12/site-packages/airflow/example_dags/example_short_circuit_operator.py
[2026-03-06T22:31:22.293+0000] {processor.py:830} INFO - Processing file /home/airflow/.local/lib/python3.12/site-packages/airflow/example_dags/example_short_circuit_operator.py for tasks to queue
[2026-03-06T22:31:22.298+0000] {logging_mixin.py:188} INFO - [2026-03-06T22:31:22.297+0000] {dagbag.py:545} INFO - Filling up the DagBag from /home/airflow/.local/lib/python3.12/site-packages/airflow/example_dags/example_short_circuit_operator.py
[2026-03-06T22:31:22.310+0000] {processor.py:840} INFO - DAG(s) 'example_short_circuit_operator' retrieved from /home/airflow/.local/lib/python3.12/site-packages/airflow/example_dags/example_short_circuit_operator.py
[2026-03-06T22:31:22.353+0000] {logging_mixin.py:188} INFO - [2026-03-06T22:31:22.352+0000] {dag.py:3096} INFO - Sync 1 DAGs
[2026-03-06T22:31:22.389+0000] {logging_mixin.py:188} INFO - [2026-03-06T22:31:22.389+0000] {dag.py:3954} INFO - Setting next_dagrun for example_short_circuit_operator to 2026-03-05 00:00:00+00:00, run_after=2026-03-06 00:00:00+00:00
[2026-03-06T22:31:22.421+0000] {processor.py:183} INFO - Processing /home/airflow/.local/lib/python3.12/site-packages/airflow/example_dags/example_short_circuit_operator.py took 0.138 seconds
[2026-03-06T22:31:52.511+0000] {processor.py:161} INFO - Started process (PID=137) to work on /home/airflow/.local/lib/python3.12/site-packages/airflow/example_dags/example_short_circuit_operator.py
[2026-03-06T22:31:52.512+0000] {processor.py:830} INFO - Processing file /home/airflow/.local/lib/python3.12/site-packages/airflow/example_dags/example_short_circuit_operator.py for tasks to queue
[2026-03-06T22:31:52.515+0000] {logging_mixin.py:188} INFO - [2026-03-06T22:31:52.514+0000] {dagbag.py:545} INFO - Filling up the DagBag from /home/airflow/.local/lib/python3.12/site-packages/airflow/example_dags/example_short_circuit_operator.py
[2026-03-06T22:31:52.527+0000] {processor.py:840} INFO - DAG(s) 'example_short_circuit_operator' retrieved from /home/airflow/.local/lib/python3.12/site-packages/airflow/example_dags/example_short_circuit_operator.py
[2026-03-06T22:31:52.566+0000] {logging_mixin.py:188} INFO - [2026-03-06T22:31:52.566+0000] {dag.py:3096} INFO - Sync 1 DAGs
[2026-03-06T22:31:52.599+0000] {logging_mixin.py:188} INFO - [2026-03-06T22:31:52.599+0000] {dag.py:3954} INFO - Setting next_dagrun for example_short_circuit_operator to 2026-03-05 00:00:00+00:00, run_after=2026-03-06 00:00:00+00:00
[2026-03-06T22:31:52.629+0000] {processor.py:183} INFO - Processing /home/airflow/.local/lib/python3.12/site-packages/airflow/example_dags/example_short_circuit_operator.py took 0.125 seconds
[2026-03-06T22:32:22.879+0000] {processor.py:161} INFO - Started process (PID=195) to work on /home/airflow/.local/lib/python3.12/site-packages/airflow/example_dags/example_short_circuit_operator.py
[2026-03-06T22:32:22.881+0000] {processor.py:830} INFO - Processing file /home/airflow/.local/lib/python3.12/site-packages/airflow/example_dags/example_short_circuit_operator.py for tasks to queue
[2026-03-06T22:32:22.883+0000] {logging_mixin.py:188} INFO - [2026-03-06T22:32:22.883+0000] {dagbag.py:545} INFO - Filling up the DagBag from /home/airflow/.local/lib/python3.12/site-packages/airflow/example_dags/example_short_circuit_operator.py
[2026-03-06T22:32:22.892+0000] {processor.py:840} INFO - DAG(s) 'example_short_circuit_operator' retrieved from /home/airflow/.local/lib/python3.12/site-packages/airflow/example_dags/example_short_circuit_operator.py
[2026-03-06T22:32:22.918+0000] {logging_mixin.py:188} INFO - [2026-03-06T22:32:22.918+0000] {dag.py:3096} INFO - Sync 1 DAGs
[2026-03-06T22:32:22.950+0000] {logging_mixin.py:188} INFO - [2026-03-06T22:32:22.950+0000] {dag.py:3954} INFO - Setting next_dagrun for example_short_circuit_operator to 2026-03-05 00:00:00+00:00, run_after=2026-03-06 00:00:00+00:00
[2026-03-06T22:32:22.982+0000] {processor.py:183} INFO - Processing /home/airflow/.local/lib/python3.12/site-packages/airflow/example_dags/example_short_circuit_operator.py took 0.110 seconds
[2026-03-06T22:32:53.120+0000] {processor.py:161} INFO - Started process (PID=253) to work on /home/airflow/.local/lib/python3.12/site-packages/airflow/example_dags/example_short_circuit_operator.py
[2026-03-06T22:32:53.121+0000] {processor.py:830} INFO - Processing file /home/airflow/.local/lib/python3.12/site-packages/airflow/example_dags/example_short_circuit_operator.py for tasks to queue
[2026-03-06T22:32:53.125+0000] {logging_mixin.py:188} INFO - [2026-03-06T22:32:53.124+0000] {dagbag.py:545} INFO - Filling up the DagBag from /home/airflow/.local/lib/python3.12/site-packages/airflow/example_dags/example_short_circuit_operator.py
[2026-03-06T22:32:53.138+0000] {processor.py:840} INFO - DAG(s) 'example_short_circuit_operator' retrieved from /home/airflow/.local/lib/python3.12/site-packages/airflow/example_dags/example_short_circuit_operator.py
[2026-03-06T22:32:53.155+0000] {logging_mixin.py:188} INFO - [2026-03-06T22:32:53.155+0000] {dag.py:3096} INFO - Sync 1 DAGs
[2026-03-06T22:32:53.194+0000] {logging_mixin.py:188} INFO - [2026-03-06T22:32:53.193+0000] {dag.py:3954} INFO - Setting next_dagrun for example_short_circuit_operator to 2026-03-05 00:00:00+00:00, run_after=2026-03-06 00:00:00+00:00
[2026-03-06T22:32:53.243+0000] {processor.py:183} INFO - Processing /home/airflow/.local/lib/python3.12/site-packages/airflow/example_dags/example_short_circuit_operator.py took 0.131 seconds
[2026-03-06T22:33:25.705+0000] {processor.py:161} INFO - Started process (PID=318) to work on /home/airflow/.local/lib/python3.12/site-packages/airflow/example_dags/example_short_circuit_operator.py
[2026-03-06T22:33:25.706+0000] {processor.py:830} INFO - Processing file /home/airflow/.local/lib/python3.12/site-packages/airflow/example_dags/example_short_circuit_operator.py for tasks to queue
[2026-03-06T22:33:25.709+0000] {logging_mixin.py:188} INFO - [2026-03-06T22:33:25.708+0000] {dagbag.py:545} INFO - Filling up the DagBag from /home/airflow/.local/lib/python3.12/site-packages/airflow/example_dags/example_short_circuit_operator.py
[2026-03-06T22:33:25.718+0000] {processor.py:840} INFO - DAG(s) 'example_short_circuit_operator' retrieved from /home/airflow/.local/lib/python3.12/site-packages/airflow/example_dags/example_short_circuit_operator.py
[2026-03-06T22:33:25.860+0000] {logging_mixin.py:188} INFO - [2026-03-06T22:33:25.860+0000] {dag.py:3096} INFO - Sync 1 DAGs
[2026-03-06T22:33:25.893+0000] {logging_mixin.py:188} INFO - [2026-03-06T22:33:25.893+0000] {dag.py:3954} INFO - Setting next_dagrun for example_short_circuit_operator to 2026-03-05 00:00:00+00:00, run_after=2026-03-06 00:00:00+00:00
[2026-03-06T22:33:25.925+0000] {processor.py:183} INFO - Processing /home/airflow/.local/lib/python3.12/site-packages/airflow/example_dags/example_short_circuit_operator.py took 0.229 seconds
[2026-03-06T22:33:56.201+0000] {processor.py:161} INFO - Started process (PID=376) to work on /home/airflow/.local/lib/python3.12/site-packages/airflow/example_dags/example_short_circuit_operator.py
[2026-03-06T22:33:56.203+0000] {processor.py:830} INFO - Processing file /home/airflow/.local/lib/python3.12/site-packages/airflow/example_dags/example_short_circuit_operator.py for tasks to queue
[2026-03-06T22:33:56.208+0000] {logging_mixin.py:188} INFO - [2026-03-06T22:33:56.207+0000] {dagbag.py:545} INFO - Filling up the DagBag from /home/airflow/.local/lib/python3.12/site-packages/airflow/example_dags/example_short_circuit_operator.py
[2026-03-06T22:33:56.221+0000] {processor.py:840} INFO - DAG(s) 'example_short_circuit_operator' retrieved from /home/airflow/.local/lib/python3.12/site-packages/airflow/example_dags/example_short_circuit_operator.py
[2026-03-06T22:33:56.263+0000] {logging_mixin.py:188} INFO - [2026-03-06T22:33:56.262+0000] {dag.py:3096} INFO - Sync 1 DAGs
[2026-03-06T22:33:56.311+0000] {logging_mixin.py:188} INFO - [2026-03-06T22:33:56.310+0000] {dag.py:3954} INFO - Setting next_dagrun for example_short_circuit_operator to 2026-03-05 00:00:00+00:00, run_after=2026-03-06 00:00:00+00:00
[2026-03-06T22:33:56.355+0000] {processor.py:183} INFO - Processing /home/airflow/.local/lib/python3.12/site-packages/airflow/example_dags/example_short_circuit_operator.py took 0.167 seconds
[2026-03-06T22:34:27.045+0000] {processor.py:161} INFO - Started process (PID=433) to work on /home/airflow/.local/lib/python3.12/site-packages/airflow/example_dags/example_short_circuit_operator.py
[2026-03-06T22:34:27.046+0000] {processor.py:830} INFO - Processing file /home/airflow/.local/lib/python3.12/site-packages/airflow/example_dags/example_short_circuit_operator.py for tasks to queue
[2026-03-06T22:34:27.049+0000] {logging_mixin.py:188} INFO - [2026-03-06T22:34:27.048+0000] {dagbag.py:545} INFO - Filling up the DagBag from /home/airflow/.local/lib/python3.12/site-packages/airflow/example_dags/example_short_circuit_operator.py
[2026-03-06T22:34:27.059+0000] {processor.py:840} INFO - DAG(s) 'example_short_circuit_operator' retrieved from /home/airflow/.local/lib/python3.12/site-packages/airflow/example_dags/example_short_circuit_operator.py
[2026-03-06T22:34:27.089+0000] {logging_mixin.py:188} INFO - [2026-03-06T22:34:27.088+0000] {dag.py:3096} INFO - Sync 1 DAGs
[2026-03-06T22:34:27.124+0000] {logging_mixin.py:188} INFO - [2026-03-06T22:34:27.123+0000] {dag.py:3954} INFO - Setting next_dagrun for example_short_circuit_operator to 2026-03-05 00:00:00+00:00, run_after=2026-03-06 00:00:00+00:00
[2026-03-06T22:34:27.163+0000] {processor.py:183} INFO - Processing /home/airflow/.local/lib/python3.12/site-packages/airflow/example_dags/example_short_circuit_operator.py took 0.126 seconds
[2026-03-06T22:34:57.235+0000] {processor.py:161} INFO - Started process (PID=491) to work on /home/airflow/.local/lib/python3.12/site-packages/airflow/example_dags/example_short_circuit_operator.py
[2026-03-06T22:34:57.236+0000] {processor.py:830} INFO - Processing file /home/airflow/.local/lib/python3.12/site-packages/airflow/example_dags/example_short_circuit_operator.py for tasks to queue
[2026-03-06T22:34:57.240+0000] {logging_mixin.py:188} INFO - [2026-03-06T22:34:57.239+0000] {dagbag.py:545} INFO - Filling up the DagBag from /home/airflow/.local/lib/python3.12/site-packages/airflow/example_dags/example_short_circuit_operator.py
[2026-03-06T22:34:57.252+0000] {processor.py:840} INFO - DAG(s) 'example_short_circuit_operator' retrieved from /home/airflow/.local/lib/python3.12/site-packages/airflow/example_dags/example_short_circuit_operator.py
[2026-03-06T22:34:57.290+0000] {logging_mixin.py:188} INFO - [2026-03-06T22:34:57.290+0000] {dag.py:3096} INFO - Sync 1 DAGs
[2026-03-06T22:34:57.331+0000] {logging_mixin.py:188} INFO - [2026-03-06T22:34:57.331+0000] {dag.py:3954} INFO - Setting next_dagrun for example_short_circuit_operator to 2026-03-05 00:00:00+00:00, run_after=2026-03-06 00:00:00+00:00
[2026-03-06T22:34:57.376+0000] {processor.py:183} INFO - Processing /home/airflow/.local/lib/python3.12/site-packages/airflow/example_dags/example_short_circuit_operator.py took 0.152 seconds
[2026-03-06T22:35:27.641+0000] {processor.py:161} INFO - Started process (PID=549) to work on /home/airflow/.local/lib/python3.12/site-packages/airflow/example_dags/example_short_circuit_operator.py
[2026-03-06T22:35:27.643+0000] {processor.py:830} INFO - Processing file /home/airflow/.local/lib/python3.12/site-packages/airflow/example_dags/example_short_circuit_operator.py for tasks to queue
[2026-03-06T22:35:27.647+0000] {logging_mixin.py:188} INFO - [2026-03-06T22:35:27.647+0000] {dagbag.py:545} INFO - Filling up the DagBag from /home/airflow/.local/lib/python3.12/site-packages/airflow/example_dags/example_short_circuit_operator.py
[2026-03-06T22:35:27.664+0000] {processor.py:840} INFO - DAG(s) 'example_short_circuit_operator' retrieved from /home/airflow/.local/lib/python3.12/site-packages/airflow/example_dags/example_short_circuit_operator.py
[2026-03-06T22:35:27.714+0000] {logging_mixin.py:188} INFO - [2026-03-06T22:35:27.714+0000] {dag.py:3096} INFO - Sync 1 DAGs
[2026-03-06T22:35:27.765+0000] {logging_mixin.py:188} INFO - [2026-03-06T22:35:27.764+0000] {dag.py:3954} INFO - Setting next_dagrun for example_short_circuit_operator to 2026-03-05 00:00:00+00:00, run_after=2026-03-06 00:00:00+00:00
[2026-03-06T22:35:27.823+0000] {processor.py:183} INFO - Processing /home/airflow/.local/lib/python3.12/site-packages/airflow/example_dags/example_short_circuit_operator.py took 0.193 seconds
[2026-03-06T22:35:57.899+0000] {processor.py:161} INFO - Started process (PID=606) to work on /home/airflow/.local/lib/python3.12/site-packages/airflow/example_dags/example_short_circuit_operator.py
[2026-03-06T22:35:57.901+0000] {processor.py:830} INFO - Processing file /home/airflow/.local/lib/python3.12/site-packages/airflow/example_dags/example_short_circuit_operator.py for tasks to queue
[2026-03-06T22:35:57.903+0000] {logging_mixin.py:188} INFO - [2026-03-06T22:35:57.903+0000] {dagbag.py:545} INFO - Filling up the DagBag from /home/airflow/.local/lib/python3.12/site-packages/airflow/example_dags/example_short_circuit_operator.py
[2026-03-06T22:35:57.912+0000] {processor.py:840} INFO - DAG(s) 'example_short_circuit_operator' retrieved from /home/airflow/.local/lib/python3.12/site-packages/airflow/example_dags/example_short_circuit_operator.py
[2026-03-06T22:35:57.942+0000] {logging_mixin.py:188} INFO - [2026-03-06T22:35:57.941+0000] {dag.py:3096} INFO - Sync 1 DAGs
[2026-03-06T22:35:57.974+0000] {logging_mixin.py:188} INFO - [2026-03-06T22:35:57.974+0000] {dag.py:3954} INFO - Setting next_dagrun for example_short_circuit_operator to 2026-03-05 00:00:00+00:00, run_after=2026-03-06 00:00:00+00:00
[2026-03-06T22:35:58.001+0000] {processor.py:183} INFO - Processing /home/airflow/.local/lib/python3.12/site-packages/airflow/example_dags/example_short_circuit_operator.py took 0.110 seconds
[2026-03-06T22:36:28.062+0000] {processor.py:161} INFO - Started process (PID=664) to work on /home/airflow/.local/lib/python3.12/site-packages/airflow/example_dags/example_short_circuit_operator.py
[2026-03-06T22:36:28.063+0000] {processor.py:830} INFO - Processing file /home/airflow/.local/lib/python3.12/site-packages/airflow/example_dags/example_short_circuit_operator.py for tasks to queue
[2026-03-06T22:36:28.066+0000] {logging_mixin.py:188} INFO - [2026-03-06T22:36:28.065+0000] {dagbag.py:545} INFO - Filling up the DagBag from /home/airflow/.local/lib/python3.12/site-packages/airflow/example_dags/example_short_circuit_operator.py
[2026-03-06T22:36:28.075+0000] {processor.py:840} INFO - DAG(s) 'example_short_circuit_operator' retrieved from /home/airflow/.local/lib/python3.12/site-packages/airflow/example_dags/example_short_circuit_operator.py
[2026-03-06T22:36:28.105+0000] {logging_mixin.py:188} INFO - [2026-03-06T22:36:28.105+0000] {dag.py:3096} INFO - Sync 1 DAGs
[2026-03-06T22:36:28.133+0000] {logging_mixin.py:188} INFO - [2026-03-06T22:36:28.133+0000] {dag.py:3954} INFO - Setting next_dagrun for example_short_circuit_operator to 2026-03-05 00:00:00+00:00, run_after=2026-03-06 00:00:00+00:00
[2026-03-06T22:36:28.161+0000] {processor.py:183} INFO - Processing /home/airflow/.local/lib/python3.12/site-packages/airflow/example_dags/example_short_circuit_operator.py took 0.106 seconds
[2026-03-06T22:36:58.700+0000] {processor.py:161} INFO - Started process (PID=723) to work on /home/airflow/.local/lib/python3.12/site-packages/airflow/example_dags/example_short_circuit_operator.py
[2026-03-06T22:36:58.702+0000] {processor.py:830} INFO - Processing file /home/airflow/.local/lib/python3.12/site-packages/airflow/example_dags/example_short_circuit_operator.py for tasks to queue
[2026-03-06T22:36:58.704+0000] {logging_mixin.py:188} INFO - [2026-03-06T22:36:58.704+0000] {dagbag.py:545} INFO - Filling up the DagBag from /home/airflow/.local/lib/python3.12/site-packages/airflow/example_dags/example_short_circuit_operator.py
[2026-03-06T22:36:58.713+0000] {processor.py:840} INFO - DAG(s) 'example_short_circuit_operator' retrieved from /home/airflow/.local/lib/python3.12/site-packages/airflow/example_dags/example_short_circuit_operator.py
[2026-03-06T22:36:58.741+0000] {logging_mixin.py:188} INFO - [2026-03-06T22:36:58.741+0000] {dag.py:3096} INFO - Sync 1 DAGs
[2026-03-06T22:36:58.775+0000] {logging_mixin.py:188} INFO - [2026-03-06T22:36:58.775+0000] {dag.py:3954} INFO - Setting next_dagrun for example_short_circuit_operator to 2026-03-05 00:00:00+00:00, run_after=2026-03-06 00:00:00+00:00
[2026-03-06T22:36:58.804+0000] {processor.py:183} INFO - Processing /home/airflow/.local/lib/python3.12/site-packages/airflow/example_dags/example_short_circuit_operator.py took 0.111 seconds
[2026-03-06T22:37:28.977+0000] {processor.py:161} INFO - Started process (PID=781) to work on /home/airflow/.local/lib/python3.12/site-packages/airflow/example_dags/example_short_circuit_operator.py
[2026-03-06T22:37:28.978+0000] {processor.py:830} INFO - Processing file /home/airflow/.local/lib/python3.12/site-packages/airflow/example_dags/example_short_circuit_operator.py for tasks to queue
[2026-03-06T22:37:28.981+0000] {logging_mixin.py:188} INFO - [2026-03-06T22:37:28.980+0000] {dagbag.py:545} INFO - Filling up the DagBag from /home/airflow/.local/lib/python3.12/site-packages/airflow/example_dags/example_short_circuit_operator.py
[2026-03-06T22:37:28.991+0000] {processor.py:840} INFO - DAG(s) 'example_short_circuit_operator' retrieved from /home/airflow/.local/lib/python3.12/site-packages/airflow/example_dags/example_short_circuit_operator.py
[2026-03-06T22:37:29.024+0000] {logging_mixin.py:188} INFO - [2026-03-06T22:37:29.024+0000] {dag.py:3096} INFO - Sync 1 DAGs
[2026-03-06T22:37:29.054+0000] {logging_mixin.py:188} INFO - [2026-03-06T22:37:29.054+0000] {dag.py:3954} INFO - Setting next_dagrun for example_short_circuit_operator to 2026-03-05 00:00:00+00:00, run_after=2026-03-06 00:00:00+00:00
[2026-03-06T22:37:29.080+0000] {processor.py:183} INFO - Processing /home/airflow/.local/lib/python3.12/site-packages/airflow/example_dags/example_short_circuit_operator.py took 0.112 seconds
[2026-03-06T22:37:59.330+0000] {processor.py:161} INFO - Started process (PID=839) to work on /home/airflow/.local/lib/python3.12/site-packages/airflow/example_dags/example_short_circuit_operator.py
[2026-03-06T22:37:59.331+0000] {processor.py:830} INFO - Processing file /home/airflow/.local/lib/python3.12/site-packages/airflow/example_dags/example_short_circuit_operator.py for tasks to queue
[2026-03-06T22:37:59.333+0000] {logging_mixin.py:188} INFO - [2026-03-06T22:37:59.333+0000] {dagbag.py:545} INFO - Filling up the DagBag from /home/airflow/.local/lib/python3.12/site-packages/airflow/example_dags/example_short_circuit_operator.py
[2026-03-06T22:37:59.343+0000] {processor.py:840} INFO - DAG(s) 'example_short_circuit_operator' retrieved from /home/airflow/.local/lib/python3.12/site-packages/airflow/example_dags/example_short_circuit_operator.py
[2026-03-06T22:37:59.380+0000] {logging_mixin.py:188} INFO - [2026-03-06T22:37:59.380+0000] {dag.py:3096} INFO - Sync 1 DAGs
[2026-03-06T22:37:59.410+0000] {logging_mixin.py:188} INFO - [2026-03-06T22:37:59.410+0000] {dag.py:3954} INFO - Setting next_dagrun for example_short_circuit_operator to 2026-03-05 00:00:00+00:00, run_after=2026-03-06 00:00:00+00:00
[2026-03-06T22:37:59.436+0000] {processor.py:183} INFO - Processing /home/airflow/.local/lib/python3.12/site-packages/airflow/example_dags/example_short_circuit_operator.py took 0.118 seconds
[2026-03-06T22:38:29.889+0000] {processor.py:161} INFO - Started process (PID=897) to work on /home/airflow/.local/lib/python3.12/site-packages/airflow/example_dags/example_short_circuit_operator.py
[2026-03-06T22:38:29.891+0000] {processor.py:830} INFO - Processing file /home/airflow/.local/lib/python3.12/site-packages/airflow/example_dags/example_short_circuit_operator.py for tasks to queue
[2026-03-06T22:38:29.893+0000] {logging_mixin.py:188} INFO - [2026-03-06T22:38:29.893+0000] {dagbag.py:545} INFO - Filling up the DagBag from /home/airflow/.local/lib/python3.12/site-packages/airflow/example_dags/example_short_circuit_operator.py
[2026-03-06T22:38:29.903+0000] {processor.py:840} INFO - DAG(s) 'example_short_circuit_operator' retrieved from /home/airflow/.local/lib/python3.12/site-packages/airflow/example_dags/example_short_circuit_operator.py
[2026-03-06T22:38:29.929+0000] {logging_mixin.py:188} INFO - [2026-03-06T22:38:29.929+0000] {dag.py:3096} INFO - Sync 1 DAGs
[2026-03-06T22:38:29.957+0000] {logging_mixin.py:188} INFO - [2026-03-06T22:38:29.957+0000] {dag.py:3954} INFO - Setting next_dagrun for example_short_circuit_operator to 2026-03-05 00:00:00+00:00, run_after=2026-03-06 00:00:00+00:00
[2026-03-06T22:38:29.983+0000] {processor.py:183} INFO - Processing /home/airflow/.local/lib/python3.12/site-packages/airflow/example_dags/example_short_circuit_operator.py took 0.109 seconds
[2026-03-06T22:39:00.194+0000] {processor.py:161} INFO - Started process (PID=955) to work on /home/airflow/.local/lib/python3.12/site-packages/airflow/example_dags/example_short_circuit_operator.py
[2026-03-06T22:39:00.195+0000] {processor.py:830} INFO - Processing file /home/airflow/.local/lib/python3.12/site-packages/airflow/example_dags/example_short_circuit_operator.py for tasks to queue
[2026-03-06T22:39:00.198+0000] {logging_mixin.py:188} INFO - [2026-03-06T22:39:00.198+0000] {dagbag.py:545} INFO - Filling up the DagBag from /home/airflow/.local/lib/python3.12/site-packages/airflow/example_dags/example_short_circuit_operator.py
[2026-03-06T22:39:00.207+0000] {processor.py:840} INFO - DAG(s) 'example_short_circuit_operator' retrieved from /home/airflow/.local/lib/python3.12/site-packages/airflow/example_dags/example_short_circuit_operator.py
[2026-03-06T22:39:00.235+0000] {logging_mixin.py:188} INFO - [2026-03-06T22:39:00.235+0000] {dag.py:3096} INFO - Sync 1 DAGs
[2026-03-06T22:39:00.263+0000] {logging_mixin.py:188} INFO - [2026-03-06T22:39:00.263+0000] {dag.py:3954} INFO - Setting next_dagrun for example_short_circuit_operator to 2026-03-05 00:00:00+00:00, run_after=2026-03-06 00:00:00+00:00
[2026-03-06T22:39:00.291+0000] {processor.py:183} INFO - Processing /home/airflow/.local/lib/python3.12/site-packages/airflow/example_dags/example_short_circuit_operator.py took 0.105 seconds
[2026-03-06T22:39:30.853+0000] {processor.py:161} INFO - Started process (PID=1013) to work on /home/airflow/.local/lib/python3.12/site-packages/airflow/example_dags/example_short_circuit_operator.py
[2026-03-06T22:39:30.854+0000] {processor.py:830} INFO - Processing file /home/airflow/.local/lib/python3.12/site-packages/airflow/example_dags/example_short_circuit_operator.py for tasks to queue
[2026-03-06T22:39:30.857+0000] {logging_mixin.py:188} INFO - [2026-03-06T22:39:30.857+0000] {dagbag.py:545} INFO - Filling up the DagBag from /home/airflow/.local/lib/python3.12/site-packages/airflow/example_dags/example_short_circuit_operator.py
[2026-03-06T22:39:30.867+0000] {processor.py:840} INFO - DAG(s) 'example_short_circuit_operator' retrieved from /home/airflow/.local/lib/python3.12/site-packages/airflow/example_dags/example_short_circuit_operator.py
[2026-03-06T22:39:30.894+0000] {logging_mixin.py:188} INFO - [2026-03-06T22:39:30.894+0000] {dag.py:3096} INFO - Sync 1 DAGs
[2026-03-06T22:39:30.923+0000] {logging_mixin.py:188} INFO - [2026-03-06T22:39:30.922+0000] {dag.py:3954} INFO - Setting next_dagrun for example_short_circuit_operator to 2026-03-05 00:00:00+00:00, run_after=2026-03-06 00:00:00+00:00
[2026-03-06T22:39:30.947+0000] {processor.py:183} INFO - Processing /home/airflow/.local/lib/python3.12/site-packages/airflow/example_dags/example_short_circuit_operator.py took 0.106 seconds
[2026-03-06T22:40:01.744+0000] {processor.py:161} INFO - Started process (PID=1071) to work on /home/airflow/.local/lib/python3.12/site-packages/airflow/example_dags/example_short_circuit_operator.py
[2026-03-06T22:40:01.746+0000] {processor.py:830} INFO - Processing file /home/airflow/.local/lib/python3.12/site-packages/airflow/example_dags/example_short_circuit_operator.py for tasks to queue
[2026-03-06T22:40:01.750+0000] {logging_mixin.py:188} INFO - [2026-03-06T22:40:01.749+0000] {dagbag.py:545} INFO - Filling up the DagBag from /home/airflow/.local/lib/python3.12/site-packages/airflow/example_dags/example_short_circuit_operator.py
[2026-03-06T22:40:01.762+0000] {processor.py:840} INFO - DAG(s) 'example_short_circuit_operator' retrieved from /home/airflow/.local/lib/python3.12/site-packages/airflow/example_dags/example_short_circuit_operator.py
[2026-03-06T22:40:01.797+0000] {logging_mixin.py:188} INFO - [2026-03-06T22:40:01.796+0000] {dag.py:3096} INFO - Sync 1 DAGs
[2026-03-06T22:40:01.833+0000] {logging_mixin.py:188} INFO - [2026-03-06T22:40:01.832+0000] {dag.py:3954} INFO - Setting next_dagrun for example_short_circuit_operator to 2026-03-05 00:00:00+00:00, run_after=2026-03-06 00:00:00+00:00
[2026-03-06T22:40:01.863+0000] {processor.py:183} INFO - Processing /home/airflow/.local/lib/python3.12/site-packages/airflow/example_dags/example_short_circuit_operator.py took 0.127 seconds
[2026-03-06T22:40:32.086+0000] {processor.py:161} INFO - Started process (PID=1129) to work on /home/airflow/.local/lib/python3.12/site-packages/airflow/example_dags/example_short_circuit_operator.py
[2026-03-06T22:40:32.087+0000] {processor.py:830} INFO - Processing file /home/airflow/.local/lib/python3.12/site-packages/airflow/example_dags/example_short_circuit_operator.py for tasks to queue
[2026-03-06T22:40:32.090+0000] {logging_mixin.py:188} INFO - [2026-03-06T22:40:32.089+0000] {dagbag.py:545} INFO - Filling up the DagBag from /home/airflow/.local/lib/python3.12/site-packages/airflow/example_dags/example_short_circuit_operator.py
[2026-03-06T22:40:32.100+0000] {processor.py:840} INFO - DAG(s) 'example_short_circuit_operator' retrieved from /home/airflow/.local/lib/python3.12/site-packages/airflow/example_dags/example_short_circuit_operator.py
[2026-03-06T22:40:32.130+0000] {logging_mixin.py:188} INFO - [2026-03-06T22:40:32.129+0000] {dag.py:3096} INFO - Sync 1 DAGs
[2026-03-06T22:40:32.160+0000] {logging_mixin.py:188} INFO - [2026-03-06T22:40:32.160+0000] {dag.py:3954} INFO - Setting next_dagrun for example_short_circuit_operator to 2026-03-05 00:00:00+00:00, run_after=2026-03-06 00:00:00+00:00
[2026-03-06T22:40:32.188+0000] {processor.py:183} INFO - Processing /home/airflow/.local/lib/python3.12/site-packages/airflow/example_dags/example_short_circuit_operator.py took 0.110 seconds
[2026-03-06T22:41:02.530+0000] {processor.py:161} INFO - Started process (PID=1187) to work on /home/airflow/.local/lib/python3.12/site-packages/airflow/example_dags/example_short_circuit_operator.py
[2026-03-06T22:41:02.531+0000] {processor.py:830} INFO - Processing file /home/airflow/.local/lib/python3.12/site-packages/airflow/example_dags/example_short_circuit_operator.py for tasks to queue
[2026-03-06T22:41:02.533+0000] {logging_mixin.py:188} INFO - [2026-03-06T22:41:02.533+0000] {dagbag.py:545} INFO - Filling up the DagBag from /home/airflow/.local/lib/python3.12/site-packages/airflow/example_dags/example_short_circuit_operator.py
[2026-03-06T22:41:02.543+0000] {processor.py:840} INFO - DAG(s) 'example_short_circuit_operator' retrieved from /home/airflow/.local/lib/python3.12/site-packages/airflow/example_dags/example_short_circuit_operator.py
[2026-03-06T22:41:02.578+0000] {logging_mixin.py:188} INFO - [2026-03-06T22:41:02.578+0000] {dag.py:3096} INFO - Sync 1 DAGs
[2026-03-06T22:41:02.615+0000] {logging_mixin.py:188} INFO - [2026-03-06T22:41:02.615+0000] {dag.py:3954} INFO - Setting next_dagrun for example_short_circuit_operator to 2026-03-05 00:00:00+00:00, run_after=2026-03-06 00:00:00+00:00
[2026-03-06T22:41:02.642+0000] {processor.py:183} INFO - Processing /home/airflow/.local/lib/python3.12/site-packages/airflow/example_dags/example_short_circuit_operator.py took 0.121 seconds
