[2026-03-06T22:30:48.492+0000] {processor.py:161} INFO - Started process (PID=91) to work on /home/airflow/.local/lib/python3.12/site-packages/airflow/example_dags/example_sensor_decorator.py
[2026-03-06T22:30:48.493+0000] {processor.py:830} INFO - Processing file /home/airflow/.local/lib/python3.12/site-packages/airflow/example_dags/example_sensor_decorator.py for tasks to queue
[2026-03-06T22:30:48.496+0000] {logging_mixin.py:188} INFO - [2026-03-06T22:30:48.495+0000] {dagbag.py:545} INFO - Filling up the DagBag from /home/airflow/.local/lib/python3.12/site-packages/airflow/example_dags/example_sensor_decorator.py
[2026-03-06T22:30:48.508+0000] {processor.py:840} INFO - DAG(s) 'example_sensor_decorator' retrieved from /home/airflow/.local/lib/python3.12/site-packages/airflow/example_dags/example_sensor_decorator.py
[2026-03-06T22:30:48.654+0000] {logging_mixin.py:188} INFO - [2026-03-06T22:30:48.653+0000] {override.py:1829} INFO - Created Permission View: can delete on DAG:example_sensor_decorator
[2026-03-06T22:30:48.668+0000] {logging_mixin.py:188} INFO - [2026-03-06T22:30:48.668+0000] {override.py:1829} INFO - Created Permission View: can read on DAG:example_sensor_decorator
[2026-03-06T22:30:48.676+0000] {logging_mixin.py:188} INFO - [2026-03-06T22:30:48.676+0000] {override.py:1829} INFO - Created Permission View: can edit on DAG:example_sensor_decorator
[2026-03-06T22:30:48.677+0000] {logging_mixin.py:188} INFO - [2026-03-06T22:30:48.677+0000] {dag.py:3096} INFO - Sync 1 DAGs
[2026-03-06T22:30:48.695+0000] {logging_mixin.py:188} INFO - [2026-03-06T22:30:48.695+0000] {dag.py:3118} INFO - Creating ORM DAG for example_sensor_decorator
[2026-03-06T22:30:48.697+0000] {logging_mixin.py:188} INFO - [2026-03-06T22:30:48.697+0000] {dag.py:3954} INFO - Setting next_dagrun for example_sensor_decorator to None, run_after=None
[2026-03-06T22:30:48.718+0000] {processor.py:183} INFO - Processing /home/airflow/.local/lib/python3.12/site-packages/airflow/example_dags/example_sensor_decorator.py took 0.234 seconds
[2026-03-06T22:31:21.455+0000] {processor.py:161} INFO - Started process (PID=71) to work on /home/airflow/.local/lib/python3.12/site-packages/airflow/example_dags/example_sensor_decorator.py
[2026-03-06T22:31:21.457+0000] {processor.py:830} INFO - Processing file /home/airflow/.local/lib/python3.12/site-packages/airflow/example_dags/example_sensor_decorator.py for tasks to queue
[2026-03-06T22:31:21.461+0000] {logging_mixin.py:188} INFO - [2026-03-06T22:31:21.460+0000] {dagbag.py:545} INFO - Filling up the DagBag from /home/airflow/.local/lib/python3.12/site-packages/airflow/example_dags/example_sensor_decorator.py
[2026-03-06T22:31:21.472+0000] {processor.py:840} INFO - DAG(s) 'example_sensor_decorator' retrieved from /home/airflow/.local/lib/python3.12/site-packages/airflow/example_dags/example_sensor_decorator.py
[2026-03-06T22:31:21.500+0000] {logging_mixin.py:188} INFO - [2026-03-06T22:31:21.500+0000] {dag.py:3096} INFO - Sync 1 DAGs
[2026-03-06T22:31:21.523+0000] {logging_mixin.py:188} INFO - [2026-03-06T22:31:21.523+0000] {dag.py:3954} INFO - Setting next_dagrun for example_sensor_decorator to None, run_after=None
[2026-03-06T22:31:21.569+0000] {processor.py:183} INFO - Processing /home/airflow/.local/lib/python3.12/site-packages/airflow/example_dags/example_sensor_decorator.py took 0.123 seconds
[2026-03-06T22:31:51.930+0000] {processor.py:161} INFO - Started process (PID=129) to work on /home/airflow/.local/lib/python3.12/site-packages/airflow/example_dags/example_sensor_decorator.py
[2026-03-06T22:31:51.932+0000] {processor.py:830} INFO - Processing file /home/airflow/.local/lib/python3.12/site-packages/airflow/example_dags/example_sensor_decorator.py for tasks to queue
[2026-03-06T22:31:51.934+0000] {logging_mixin.py:188} INFO - [2026-03-06T22:31:51.934+0000] {dagbag.py:545} INFO - Filling up the DagBag from /home/airflow/.local/lib/python3.12/site-packages/airflow/example_dags/example_sensor_decorator.py
[2026-03-06T22:31:51.944+0000] {processor.py:840} INFO - DAG(s) 'example_sensor_decorator' retrieved from /home/airflow/.local/lib/python3.12/site-packages/airflow/example_dags/example_sensor_decorator.py
[2026-03-06T22:31:51.967+0000] {logging_mixin.py:188} INFO - [2026-03-06T22:31:51.967+0000] {dag.py:3096} INFO - Sync 1 DAGs
[2026-03-06T22:31:51.984+0000] {logging_mixin.py:188} INFO - [2026-03-06T22:31:51.984+0000] {dag.py:3954} INFO - Setting next_dagrun for example_sensor_decorator to None, run_after=None
[2026-03-06T22:31:52.014+0000] {processor.py:183} INFO - Processing /home/airflow/.local/lib/python3.12/site-packages/airflow/example_dags/example_sensor_decorator.py took 0.091 seconds
[2026-03-06T22:32:22.257+0000] {processor.py:161} INFO - Started process (PID=187) to work on /home/airflow/.local/lib/python3.12/site-packages/airflow/example_dags/example_sensor_decorator.py
[2026-03-06T22:32:22.258+0000] {processor.py:830} INFO - Processing file /home/airflow/.local/lib/python3.12/site-packages/airflow/example_dags/example_sensor_decorator.py for tasks to queue
[2026-03-06T22:32:22.261+0000] {logging_mixin.py:188} INFO - [2026-03-06T22:32:22.261+0000] {dagbag.py:545} INFO - Filling up the DagBag from /home/airflow/.local/lib/python3.12/site-packages/airflow/example_dags/example_sensor_decorator.py
[2026-03-06T22:32:22.270+0000] {processor.py:840} INFO - DAG(s) 'example_sensor_decorator' retrieved from /home/airflow/.local/lib/python3.12/site-packages/airflow/example_dags/example_sensor_decorator.py
[2026-03-06T22:32:22.291+0000] {logging_mixin.py:188} INFO - [2026-03-06T22:32:22.291+0000] {dag.py:3096} INFO - Sync 1 DAGs
[2026-03-06T22:32:22.308+0000] {logging_mixin.py:188} INFO - [2026-03-06T22:32:22.308+0000] {dag.py:3954} INFO - Setting next_dagrun for example_sensor_decorator to None, run_after=None
[2026-03-06T22:32:22.348+0000] {processor.py:183} INFO - Processing /home/airflow/.local/lib/python3.12/site-packages/airflow/example_dags/example_sensor_decorator.py took 0.098 seconds
[2026-03-06T22:32:52.513+0000] {processor.py:161} INFO - Started process (PID=245) to work on /home/airflow/.local/lib/python3.12/site-packages/airflow/example_dags/example_sensor_decorator.py
[2026-03-06T22:32:52.514+0000] {processor.py:830} INFO - Processing file /home/airflow/.local/lib/python3.12/site-packages/airflow/example_dags/example_sensor_decorator.py for tasks to queue
[2026-03-06T22:32:52.517+0000] {logging_mixin.py:188} INFO - [2026-03-06T22:32:52.517+0000] {dagbag.py:545} INFO - Filling up the DagBag from /home/airflow/.local/lib/python3.12/site-packages/airflow/example_dags/example_sensor_decorator.py
[2026-03-06T22:32:52.525+0000] {processor.py:840} INFO - DAG(s) 'example_sensor_decorator' retrieved from /home/airflow/.local/lib/python3.12/site-packages/airflow/example_dags/example_sensor_decorator.py
[2026-03-06T22:32:52.543+0000] {logging_mixin.py:188} INFO - [2026-03-06T22:32:52.542+0000] {dag.py:3096} INFO - Sync 1 DAGs
[2026-03-06T22:32:52.562+0000] {logging_mixin.py:188} INFO - [2026-03-06T22:32:52.562+0000] {dag.py:3954} INFO - Setting next_dagrun for example_sensor_decorator to None, run_after=None
[2026-03-06T22:32:52.611+0000] {processor.py:183} INFO - Processing /home/airflow/.local/lib/python3.12/site-packages/airflow/example_dags/example_sensor_decorator.py took 0.104 seconds
[2026-03-06T22:33:24.458+0000] {processor.py:161} INFO - Started process (PID=309) to work on /home/airflow/.local/lib/python3.12/site-packages/airflow/example_dags/example_sensor_decorator.py
[2026-03-06T22:33:24.459+0000] {processor.py:830} INFO - Processing file /home/airflow/.local/lib/python3.12/site-packages/airflow/example_dags/example_sensor_decorator.py for tasks to queue
[2026-03-06T22:33:24.462+0000] {logging_mixin.py:188} INFO - [2026-03-06T22:33:24.462+0000] {dagbag.py:545} INFO - Filling up the DagBag from /home/airflow/.local/lib/python3.12/site-packages/airflow/example_dags/example_sensor_decorator.py
[2026-03-06T22:33:24.473+0000] {processor.py:840} INFO - DAG(s) 'example_sensor_decorator' retrieved from /home/airflow/.local/lib/python3.12/site-packages/airflow/example_dags/example_sensor_decorator.py
[2026-03-06T22:33:24.610+0000] {logging_mixin.py:188} INFO - [2026-03-06T22:33:24.610+0000] {dag.py:3096} INFO - Sync 1 DAGs
[2026-03-06T22:33:24.628+0000] {logging_mixin.py:188} INFO - [2026-03-06T22:33:24.627+0000] {dag.py:3954} INFO - Setting next_dagrun for example_sensor_decorator to None, run_after=None
[2026-03-06T22:33:24.660+0000] {processor.py:183} INFO - Processing /home/airflow/.local/lib/python3.12/site-packages/airflow/example_dags/example_sensor_decorator.py took 0.208 seconds
[2026-03-06T22:33:55.028+0000] {processor.py:161} INFO - Started process (PID=367) to work on /home/airflow/.local/lib/python3.12/site-packages/airflow/example_dags/example_sensor_decorator.py
[2026-03-06T22:33:55.029+0000] {processor.py:830} INFO - Processing file /home/airflow/.local/lib/python3.12/site-packages/airflow/example_dags/example_sensor_decorator.py for tasks to queue
[2026-03-06T22:33:55.033+0000] {logging_mixin.py:188} INFO - [2026-03-06T22:33:55.033+0000] {dagbag.py:545} INFO - Filling up the DagBag from /home/airflow/.local/lib/python3.12/site-packages/airflow/example_dags/example_sensor_decorator.py
[2026-03-06T22:33:55.044+0000] {processor.py:840} INFO - DAG(s) 'example_sensor_decorator' retrieved from /home/airflow/.local/lib/python3.12/site-packages/airflow/example_dags/example_sensor_decorator.py
[2026-03-06T22:33:55.070+0000] {logging_mixin.py:188} INFO - [2026-03-06T22:33:55.070+0000] {dag.py:3096} INFO - Sync 1 DAGs
[2026-03-06T22:33:55.088+0000] {logging_mixin.py:188} INFO - [2026-03-06T22:33:55.088+0000] {dag.py:3954} INFO - Setting next_dagrun for example_sensor_decorator to None, run_after=None
[2026-03-06T22:33:55.123+0000] {processor.py:183} INFO - Processing /home/airflow/.local/lib/python3.12/site-packages/airflow/example_dags/example_sensor_decorator.py took 0.105 seconds
[2026-03-06T22:34:25.349+0000] {processor.py:161} INFO - Started process (PID=425) to work on /home/airflow/.local/lib/python3.12/site-packages/airflow/example_dags/example_sensor_decorator.py
[2026-03-06T22:34:25.350+0000] {processor.py:830} INFO - Processing file /home/airflow/.local/lib/python3.12/site-packages/airflow/example_dags/example_sensor_decorator.py for tasks to queue
[2026-03-06T22:34:25.353+0000] {logging_mixin.py:188} INFO - [2026-03-06T22:34:25.352+0000] {dagbag.py:545} INFO - Filling up the DagBag from /home/airflow/.local/lib/python3.12/site-packages/airflow/example_dags/example_sensor_decorator.py
[2026-03-06T22:34:25.360+0000] {processor.py:840} INFO - DAG(s) 'example_sensor_decorator' retrieved from /home/airflow/.local/lib/python3.12/site-packages/airflow/example_dags/example_sensor_decorator.py
[2026-03-06T22:34:25.383+0000] {logging_mixin.py:188} INFO - [2026-03-06T22:34:25.383+0000] {dag.py:3096} INFO - Sync 1 DAGs
[2026-03-06T22:34:25.405+0000] {logging_mixin.py:188} INFO - [2026-03-06T22:34:25.404+0000] {dag.py:3954} INFO - Setting next_dagrun for example_sensor_decorator to None, run_after=None
[2026-03-06T22:34:25.442+0000] {processor.py:183} INFO - Processing /home/airflow/.local/lib/python3.12/site-packages/airflow/example_dags/example_sensor_decorator.py took 0.100 seconds
[2026-03-06T22:34:55.549+0000] {processor.py:161} INFO - Started process (PID=483) to work on /home/airflow/.local/lib/python3.12/site-packages/airflow/example_dags/example_sensor_decorator.py
[2026-03-06T22:34:55.550+0000] {processor.py:830} INFO - Processing file /home/airflow/.local/lib/python3.12/site-packages/airflow/example_dags/example_sensor_decorator.py for tasks to queue
[2026-03-06T22:34:55.554+0000] {logging_mixin.py:188} INFO - [2026-03-06T22:34:55.553+0000] {dagbag.py:545} INFO - Filling up the DagBag from /home/airflow/.local/lib/python3.12/site-packages/airflow/example_dags/example_sensor_decorator.py
[2026-03-06T22:34:55.565+0000] {processor.py:840} INFO - DAG(s) 'example_sensor_decorator' retrieved from /home/airflow/.local/lib/python3.12/site-packages/airflow/example_dags/example_sensor_decorator.py
[2026-03-06T22:34:55.599+0000] {logging_mixin.py:188} INFO - [2026-03-06T22:34:55.599+0000] {dag.py:3096} INFO - Sync 1 DAGs
[2026-03-06T22:34:55.626+0000] {logging_mixin.py:188} INFO - [2026-03-06T22:34:55.625+0000] {dag.py:3954} INFO - Setting next_dagrun for example_sensor_decorator to None, run_after=None
[2026-03-06T22:34:55.678+0000] {processor.py:183} INFO - Processing /home/airflow/.local/lib/python3.12/site-packages/airflow/example_dags/example_sensor_decorator.py took 0.138 seconds
[2026-03-06T22:35:26.045+0000] {processor.py:161} INFO - Started process (PID=541) to work on /home/airflow/.local/lib/python3.12/site-packages/airflow/example_dags/example_sensor_decorator.py
[2026-03-06T22:35:26.046+0000] {processor.py:830} INFO - Processing file /home/airflow/.local/lib/python3.12/site-packages/airflow/example_dags/example_sensor_decorator.py for tasks to queue
[2026-03-06T22:35:26.049+0000] {logging_mixin.py:188} INFO - [2026-03-06T22:35:26.049+0000] {dagbag.py:545} INFO - Filling up the DagBag from /home/airflow/.local/lib/python3.12/site-packages/airflow/example_dags/example_sensor_decorator.py
[2026-03-06T22:35:26.058+0000] {processor.py:840} INFO - DAG(s) 'example_sensor_decorator' retrieved from /home/airflow/.local/lib/python3.12/site-packages/airflow/example_dags/example_sensor_decorator.py
[2026-03-06T22:35:26.087+0000] {logging_mixin.py:188} INFO - [2026-03-06T22:35:26.087+0000] {dag.py:3096} INFO - Sync 1 DAGs
[2026-03-06T22:35:26.107+0000] {logging_mixin.py:188} INFO - [2026-03-06T22:35:26.107+0000] {dag.py:3954} INFO - Setting next_dagrun for example_sensor_decorator to None, run_after=None
[2026-03-06T22:35:26.147+0000] {processor.py:183} INFO - Processing /home/airflow/.local/lib/python3.12/site-packages/airflow/example_dags/example_sensor_decorator.py took 0.109 seconds
[2026-03-06T22:35:56.360+0000] {processor.py:161} INFO - Started process (PID=599) to work on /home/airflow/.local/lib/python3.12/site-packages/airflow/example_dags/example_sensor_decorator.py
[2026-03-06T22:35:56.361+0000] {processor.py:830} INFO - Processing file /home/airflow/.local/lib/python3.12/site-packages/airflow/example_dags/example_sensor_decorator.py for tasks to queue
[2026-03-06T22:35:56.364+0000] {logging_mixin.py:188} INFO - [2026-03-06T22:35:56.364+0000] {dagbag.py:545} INFO - Filling up the DagBag from /home/airflow/.local/lib/python3.12/site-packages/airflow/example_dags/example_sensor_decorator.py
[2026-03-06T22:35:56.372+0000] {processor.py:840} INFO - DAG(s) 'example_sensor_decorator' retrieved from /home/airflow/.local/lib/python3.12/site-packages/airflow/example_dags/example_sensor_decorator.py
[2026-03-06T22:35:56.399+0000] {logging_mixin.py:188} INFO - [2026-03-06T22:35:56.399+0000] {dag.py:3096} INFO - Sync 1 DAGs
[2026-03-06T22:35:56.418+0000] {logging_mixin.py:188} INFO - [2026-03-06T22:35:56.418+0000] {dag.py:3954} INFO - Setting next_dagrun for example_sensor_decorator to None, run_after=None
[2026-03-06T22:35:56.445+0000] {processor.py:183} INFO - Processing /home/airflow/.local/lib/python3.12/site-packages/airflow/example_dags/example_sensor_decorator.py took 0.093 seconds
[2026-03-06T22:36:26.608+0000] {processor.py:161} INFO - Started process (PID=657) to work on /home/airflow/.local/lib/python3.12/site-packages/airflow/example_dags/example_sensor_decorator.py
[2026-03-06T22:36:26.609+0000] {processor.py:830} INFO - Processing file /home/airflow/.local/lib/python3.12/site-packages/airflow/example_dags/example_sensor_decorator.py for tasks to queue
[2026-03-06T22:36:26.612+0000] {logging_mixin.py:188} INFO - [2026-03-06T22:36:26.611+0000] {dagbag.py:545} INFO - Filling up the DagBag from /home/airflow/.local/lib/python3.12/site-packages/airflow/example_dags/example_sensor_decorator.py
[2026-03-06T22:36:26.619+0000] {processor.py:840} INFO - DAG(s) 'example_sensor_decorator' retrieved from /home/airflow/.local/lib/python3.12/site-packages/airflow/example_dags/example_sensor_decorator.py
[2026-03-06T22:36:26.641+0000] {logging_mixin.py:188} INFO - [2026-03-06T22:36:26.641+0000] {dag.py:3096} INFO - Sync 1 DAGs
[2026-03-06T22:36:26.660+0000] {logging_mixin.py:188} INFO - [2026-03-06T22:36:26.659+0000] {dag.py:3954} INFO - Setting next_dagrun for example_sensor_decorator to None, run_after=None
[2026-03-06T22:36:26.683+0000] {processor.py:183} INFO - Processing /home/airflow/.local/lib/python3.12/site-packages/airflow/example_dags/example_sensor_decorator.py took 0.085 seconds
[2026-03-06T22:36:57.146+0000] {processor.py:161} INFO - Started process (PID=715) to work on /home/airflow/.local/lib/python3.12/site-packages/airflow/example_dags/example_sensor_decorator.py
[2026-03-06T22:36:57.148+0000] {processor.py:830} INFO - Processing file /home/airflow/.local/lib/python3.12/site-packages/airflow/example_dags/example_sensor_decorator.py for tasks to queue
[2026-03-06T22:36:57.152+0000] {logging_mixin.py:188} INFO - [2026-03-06T22:36:57.150+0000] {dagbag.py:545} INFO - Filling up the DagBag from /home/airflow/.local/lib/python3.12/site-packages/airflow/example_dags/example_sensor_decorator.py
[2026-03-06T22:36:57.160+0000] {processor.py:840} INFO - DAG(s) 'example_sensor_decorator' retrieved from /home/airflow/.local/lib/python3.12/site-packages/airflow/example_dags/example_sensor_decorator.py
[2026-03-06T22:36:57.190+0000] {logging_mixin.py:188} INFO - [2026-03-06T22:36:57.190+0000] {dag.py:3096} INFO - Sync 1 DAGs
[2026-03-06T22:36:57.207+0000] {logging_mixin.py:188} INFO - [2026-03-06T22:36:57.207+0000] {dag.py:3954} INFO - Setting next_dagrun for example_sensor_decorator to None, run_after=None
[2026-03-06T22:36:57.235+0000] {processor.py:183} INFO - Processing /home/airflow/.local/lib/python3.12/site-packages/airflow/example_dags/example_sensor_decorator.py took 0.099 seconds
[2026-03-06T22:37:27.501+0000] {processor.py:161} INFO - Started process (PID=773) to work on /home/airflow/.local/lib/python3.12/site-packages/airflow/example_dags/example_sensor_decorator.py
[2026-03-06T22:37:27.502+0000] {processor.py:830} INFO - Processing file /home/airflow/.local/lib/python3.12/site-packages/airflow/example_dags/example_sensor_decorator.py for tasks to queue
[2026-03-06T22:37:27.505+0000] {logging_mixin.py:188} INFO - [2026-03-06T22:37:27.505+0000] {dagbag.py:545} INFO - Filling up the DagBag from /home/airflow/.local/lib/python3.12/site-packages/airflow/example_dags/example_sensor_decorator.py
[2026-03-06T22:37:27.514+0000] {processor.py:840} INFO - DAG(s) 'example_sensor_decorator' retrieved from /home/airflow/.local/lib/python3.12/site-packages/airflow/example_dags/example_sensor_decorator.py
[2026-03-06T22:37:27.539+0000] {logging_mixin.py:188} INFO - [2026-03-06T22:37:27.539+0000] {dag.py:3096} INFO - Sync 1 DAGs
[2026-03-06T22:37:27.562+0000] {logging_mixin.py:188} INFO - [2026-03-06T22:37:27.562+0000] {dag.py:3954} INFO - Setting next_dagrun for example_sensor_decorator to None, run_after=None
[2026-03-06T22:37:27.592+0000] {processor.py:183} INFO - Processing /home/airflow/.local/lib/python3.12/site-packages/airflow/example_dags/example_sensor_decorator.py took 0.098 seconds
[2026-03-06T22:37:57.741+0000] {processor.py:161} INFO - Started process (PID=831) to work on /home/airflow/.local/lib/python3.12/site-packages/airflow/example_dags/example_sensor_decorator.py
[2026-03-06T22:37:57.742+0000] {processor.py:830} INFO - Processing file /home/airflow/.local/lib/python3.12/site-packages/airflow/example_dags/example_sensor_decorator.py for tasks to queue
[2026-03-06T22:37:57.745+0000] {logging_mixin.py:188} INFO - [2026-03-06T22:37:57.745+0000] {dagbag.py:545} INFO - Filling up the DagBag from /home/airflow/.local/lib/python3.12/site-packages/airflow/example_dags/example_sensor_decorator.py
[2026-03-06T22:37:57.753+0000] {processor.py:840} INFO - DAG(s) 'example_sensor_decorator' retrieved from /home/airflow/.local/lib/python3.12/site-packages/airflow/example_dags/example_sensor_decorator.py
[2026-03-06T22:37:57.776+0000] {logging_mixin.py:188} INFO - [2026-03-06T22:37:57.776+0000] {dag.py:3096} INFO - Sync 1 DAGs
[2026-03-06T22:37:57.795+0000] {logging_mixin.py:188} INFO - [2026-03-06T22:37:57.794+0000] {dag.py:3954} INFO - Setting next_dagrun for example_sensor_decorator to None, run_after=None
[2026-03-06T22:37:57.821+0000] {processor.py:183} INFO - Processing /home/airflow/.local/lib/python3.12/site-packages/airflow/example_dags/example_sensor_decorator.py took 0.089 seconds
[2026-03-06T22:38:28.348+0000] {processor.py:161} INFO - Started process (PID=889) to work on /home/airflow/.local/lib/python3.12/site-packages/airflow/example_dags/example_sensor_decorator.py
[2026-03-06T22:38:28.350+0000] {processor.py:830} INFO - Processing file /home/airflow/.local/lib/python3.12/site-packages/airflow/example_dags/example_sensor_decorator.py for tasks to queue
[2026-03-06T22:38:28.353+0000] {logging_mixin.py:188} INFO - [2026-03-06T22:38:28.352+0000] {dagbag.py:545} INFO - Filling up the DagBag from /home/airflow/.local/lib/python3.12/site-packages/airflow/example_dags/example_sensor_decorator.py
[2026-03-06T22:38:28.363+0000] {processor.py:840} INFO - DAG(s) 'example_sensor_decorator' retrieved from /home/airflow/.local/lib/python3.12/site-packages/airflow/example_dags/example_sensor_decorator.py
[2026-03-06T22:38:28.393+0000] {logging_mixin.py:188} INFO - [2026-03-06T22:38:28.393+0000] {dag.py:3096} INFO - Sync 1 DAGs
[2026-03-06T22:38:28.412+0000] {logging_mixin.py:188} INFO - [2026-03-06T22:38:28.412+0000] {dag.py:3954} INFO - Setting next_dagrun for example_sensor_decorator to None, run_after=None
[2026-03-06T22:38:28.439+0000] {processor.py:183} INFO - Processing /home/airflow/.local/lib/python3.12/site-packages/airflow/example_dags/example_sensor_decorator.py took 0.098 seconds
[2026-03-06T22:38:58.695+0000] {processor.py:161} INFO - Started process (PID=947) to work on /home/airflow/.local/lib/python3.12/site-packages/airflow/example_dags/example_sensor_decorator.py
[2026-03-06T22:38:58.696+0000] {processor.py:830} INFO - Processing file /home/airflow/.local/lib/python3.12/site-packages/airflow/example_dags/example_sensor_decorator.py for tasks to queue
[2026-03-06T22:38:58.698+0000] {logging_mixin.py:188} INFO - [2026-03-06T22:38:58.698+0000] {dagbag.py:545} INFO - Filling up the DagBag from /home/airflow/.local/lib/python3.12/site-packages/airflow/example_dags/example_sensor_decorator.py
[2026-03-06T22:38:58.705+0000] {processor.py:840} INFO - DAG(s) 'example_sensor_decorator' retrieved from /home/airflow/.local/lib/python3.12/site-packages/airflow/example_dags/example_sensor_decorator.py
[2026-03-06T22:38:58.728+0000] {logging_mixin.py:188} INFO - [2026-03-06T22:38:58.728+0000] {dag.py:3096} INFO - Sync 1 DAGs
[2026-03-06T22:38:58.746+0000] {logging_mixin.py:188} INFO - [2026-03-06T22:38:58.745+0000] {dag.py:3954} INFO - Setting next_dagrun for example_sensor_decorator to None, run_after=None
[2026-03-06T22:38:58.771+0000] {processor.py:183} INFO - Processing /home/airflow/.local/lib/python3.12/site-packages/airflow/example_dags/example_sensor_decorator.py took 0.083 seconds
[2026-03-06T22:39:29.275+0000] {processor.py:161} INFO - Started process (PID=1005) to work on /home/airflow/.local/lib/python3.12/site-packages/airflow/example_dags/example_sensor_decorator.py
[2026-03-06T22:39:29.276+0000] {processor.py:830} INFO - Processing file /home/airflow/.local/lib/python3.12/site-packages/airflow/example_dags/example_sensor_decorator.py for tasks to queue
[2026-03-06T22:39:29.279+0000] {logging_mixin.py:188} INFO - [2026-03-06T22:39:29.278+0000] {dagbag.py:545} INFO - Filling up the DagBag from /home/airflow/.local/lib/python3.12/site-packages/airflow/example_dags/example_sensor_decorator.py
[2026-03-06T22:39:29.287+0000] {processor.py:840} INFO - DAG(s) 'example_sensor_decorator' retrieved from /home/airflow/.local/lib/python3.12/site-packages/airflow/example_dags/example_sensor_decorator.py
[2026-03-06T22:39:29.310+0000] {logging_mixin.py:188} INFO - [2026-03-06T22:39:29.310+0000] {dag.py:3096} INFO - Sync 1 DAGs
[2026-03-06T22:39:29.326+0000] {logging_mixin.py:188} INFO - [2026-03-06T22:39:29.326+0000] {dag.py:3954} INFO - Setting next_dagrun for example_sensor_decorator to None, run_after=None
[2026-03-06T22:39:29.351+0000] {processor.py:183} INFO - Processing /home/airflow/.local/lib/python3.12/site-packages/airflow/example_dags/example_sensor_decorator.py took 0.084 seconds
[2026-03-06T22:40:00.215+0000] {processor.py:161} INFO - Started process (PID=1063) to work on /home/airflow/.local/lib/python3.12/site-packages/airflow/example_dags/example_sensor_decorator.py
[2026-03-06T22:40:00.216+0000] {processor.py:830} INFO - Processing file /home/airflow/.local/lib/python3.12/site-packages/airflow/example_dags/example_sensor_decorator.py for tasks to queue
[2026-03-06T22:40:00.220+0000] {logging_mixin.py:188} INFO - [2026-03-06T22:40:00.219+0000] {dagbag.py:545} INFO - Filling up the DagBag from /home/airflow/.local/lib/python3.12/site-packages/airflow/example_dags/example_sensor_decorator.py
[2026-03-06T22:40:00.228+0000] {processor.py:840} INFO - DAG(s) 'example_sensor_decorator' retrieved from /home/airflow/.local/lib/python3.12/site-packages/airflow/example_dags/example_sensor_decorator.py
[2026-03-06T22:40:00.254+0000] {logging_mixin.py:188} INFO - [2026-03-06T22:40:00.253+0000] {dag.py:3096} INFO - Sync 1 DAGs
[2026-03-06T22:40:00.271+0000] {logging_mixin.py:188} INFO - [2026-03-06T22:40:00.271+0000] {dag.py:3954} INFO - Setting next_dagrun for example_sensor_decorator to None, run_after=None
[2026-03-06T22:40:00.298+0000] {processor.py:183} INFO - Processing /home/airflow/.local/lib/python3.12/site-packages/airflow/example_dags/example_sensor_decorator.py took 0.092 seconds
[2026-03-06T22:40:30.564+0000] {processor.py:161} INFO - Started process (PID=1121) to work on /home/airflow/.local/lib/python3.12/site-packages/airflow/example_dags/example_sensor_decorator.py
[2026-03-06T22:40:30.565+0000] {processor.py:830} INFO - Processing file /home/airflow/.local/lib/python3.12/site-packages/airflow/example_dags/example_sensor_decorator.py for tasks to queue
[2026-03-06T22:40:30.567+0000] {logging_mixin.py:188} INFO - [2026-03-06T22:40:30.567+0000] {dagbag.py:545} INFO - Filling up the DagBag from /home/airflow/.local/lib/python3.12/site-packages/airflow/example_dags/example_sensor_decorator.py
[2026-03-06T22:40:30.575+0000] {processor.py:840} INFO - DAG(s) 'example_sensor_decorator' retrieved from /home/airflow/.local/lib/python3.12/site-packages/airflow/example_dags/example_sensor_decorator.py
[2026-03-06T22:40:30.601+0000] {logging_mixin.py:188} INFO - [2026-03-06T22:40:30.600+0000] {dag.py:3096} INFO - Sync 1 DAGs
[2026-03-06T22:40:30.618+0000] {logging_mixin.py:188} INFO - [2026-03-06T22:40:30.618+0000] {dag.py:3954} INFO - Setting next_dagrun for example_sensor_decorator to None, run_after=None
[2026-03-06T22:40:30.646+0000] {processor.py:183} INFO - Processing /home/airflow/.local/lib/python3.12/site-packages/airflow/example_dags/example_sensor_decorator.py took 0.090 seconds
[2026-03-06T22:41:00.931+0000] {processor.py:161} INFO - Started process (PID=1179) to work on /home/airflow/.local/lib/python3.12/site-packages/airflow/example_dags/example_sensor_decorator.py
[2026-03-06T22:41:00.932+0000] {processor.py:830} INFO - Processing file /home/airflow/.local/lib/python3.12/site-packages/airflow/example_dags/example_sensor_decorator.py for tasks to queue
[2026-03-06T22:41:00.935+0000] {logging_mixin.py:188} INFO - [2026-03-06T22:41:00.934+0000] {dagbag.py:545} INFO - Filling up the DagBag from /home/airflow/.local/lib/python3.12/site-packages/airflow/example_dags/example_sensor_decorator.py
[2026-03-06T22:41:00.943+0000] {processor.py:840} INFO - DAG(s) 'example_sensor_decorator' retrieved from /home/airflow/.local/lib/python3.12/site-packages/airflow/example_dags/example_sensor_decorator.py
[2026-03-06T22:41:00.966+0000] {logging_mixin.py:188} INFO - [2026-03-06T22:41:00.966+0000] {dag.py:3096} INFO - Sync 1 DAGs
[2026-03-06T22:41:00.983+0000] {logging_mixin.py:188} INFO - [2026-03-06T22:41:00.983+0000] {dag.py:3954} INFO - Setting next_dagrun for example_sensor_decorator to None, run_after=None
[2026-03-06T22:41:01.010+0000] {processor.py:183} INFO - Processing /home/airflow/.local/lib/python3.12/site-packages/airflow/example_dags/example_sensor_decorator.py took 0.086 seconds
