[2026-03-06T22:30:48.174+0000] {processor.py:161} INFO - Started process (PID=89) to work on /home/airflow/.local/lib/python3.12/site-packages/airflow/example_dags/example_branch_python_dop_operator_3.py
[2026-03-06T22:30:48.175+0000] {processor.py:830} INFO - Processing file /home/airflow/.local/lib/python3.12/site-packages/airflow/example_dags/example_branch_python_dop_operator_3.py for tasks to queue
[2026-03-06T22:30:48.179+0000] {logging_mixin.py:188} INFO - [2026-03-06T22:30:48.178+0000] {dagbag.py:545} INFO - Filling up the DagBag from /home/airflow/.local/lib/python3.12/site-packages/airflow/example_dags/example_branch_python_dop_operator_3.py
[2026-03-06T22:30:48.194+0000] {processor.py:840} INFO - DAG(s) 'example_branch_dop_operator_v3' retrieved from /home/airflow/.local/lib/python3.12/site-packages/airflow/example_dags/example_branch_python_dop_operator_3.py
[2026-03-06T22:30:48.340+0000] {logging_mixin.py:188} INFO - [2026-03-06T22:30:48.339+0000] {override.py:1829} INFO - Created Permission View: can delete on DAG:example_branch_dop_operator_v3
[2026-03-06T22:30:48.357+0000] {logging_mixin.py:188} INFO - [2026-03-06T22:30:48.356+0000] {override.py:1829} INFO - Created Permission View: can read on DAG:example_branch_dop_operator_v3
[2026-03-06T22:30:48.369+0000] {logging_mixin.py:188} INFO - [2026-03-06T22:30:48.369+0000] {override.py:1829} INFO - Created Permission View: can edit on DAG:example_branch_dop_operator_v3
[2026-03-06T22:30:48.370+0000] {logging_mixin.py:188} INFO - [2026-03-06T22:30:48.370+0000] {dag.py:3096} INFO - Sync 1 DAGs
[2026-03-06T22:30:48.391+0000] {logging_mixin.py:188} INFO - [2026-03-06T22:30:48.391+0000] {dag.py:3118} INFO - Creating ORM DAG for example_branch_dop_operator_v3
[2026-03-06T22:30:48.415+0000] {logging_mixin.py:188} INFO - [2026-03-06T22:30:48.415+0000] {dag.py:3954} INFO - Setting next_dagrun for example_branch_dop_operator_v3 to 2026-03-06 22:29:00+00:00, run_after=2026-03-06 22:30:00+00:00
[2026-03-06T22:30:48.457+0000] {processor.py:183} INFO - Processing /home/airflow/.local/lib/python3.12/site-packages/airflow/example_dags/example_branch_python_dop_operator_3.py took 0.292 seconds
[2026-03-06T22:31:21.298+0000] {processor.py:161} INFO - Started process (PID=69) to work on /home/airflow/.local/lib/python3.12/site-packages/airflow/example_dags/example_branch_python_dop_operator_3.py
[2026-03-06T22:31:21.300+0000] {processor.py:830} INFO - Processing file /home/airflow/.local/lib/python3.12/site-packages/airflow/example_dags/example_branch_python_dop_operator_3.py for tasks to queue
[2026-03-06T22:31:21.303+0000] {logging_mixin.py:188} INFO - [2026-03-06T22:31:21.302+0000] {dagbag.py:545} INFO - Filling up the DagBag from /home/airflow/.local/lib/python3.12/site-packages/airflow/example_dags/example_branch_python_dop_operator_3.py
[2026-03-06T22:31:21.319+0000] {processor.py:840} INFO - DAG(s) 'example_branch_dop_operator_v3' retrieved from /home/airflow/.local/lib/python3.12/site-packages/airflow/example_dags/example_branch_python_dop_operator_3.py
[2026-03-06T22:31:21.349+0000] {logging_mixin.py:188} INFO - [2026-03-06T22:31:21.349+0000] {dag.py:3096} INFO - Sync 1 DAGs
[2026-03-06T22:31:21.385+0000] {logging_mixin.py:188} INFO - [2026-03-06T22:31:21.385+0000] {dag.py:3954} INFO - Setting next_dagrun for example_branch_dop_operator_v3 to 2026-03-06 22:30:00+00:00, run_after=2026-03-06 22:31:00+00:00
[2026-03-06T22:31:21.421+0000] {processor.py:183} INFO - Processing /home/airflow/.local/lib/python3.12/site-packages/airflow/example_dags/example_branch_python_dop_operator_3.py took 0.129 seconds
[2026-03-06T22:31:51.807+0000] {processor.py:161} INFO - Started process (PID=127) to work on /home/airflow/.local/lib/python3.12/site-packages/airflow/example_dags/example_branch_python_dop_operator_3.py
[2026-03-06T22:31:51.809+0000] {processor.py:830} INFO - Processing file /home/airflow/.local/lib/python3.12/site-packages/airflow/example_dags/example_branch_python_dop_operator_3.py for tasks to queue
[2026-03-06T22:31:51.811+0000] {logging_mixin.py:188} INFO - [2026-03-06T22:31:51.811+0000] {dagbag.py:545} INFO - Filling up the DagBag from /home/airflow/.local/lib/python3.12/site-packages/airflow/example_dags/example_branch_python_dop_operator_3.py
[2026-03-06T22:31:51.823+0000] {processor.py:840} INFO - DAG(s) 'example_branch_dop_operator_v3' retrieved from /home/airflow/.local/lib/python3.12/site-packages/airflow/example_dags/example_branch_python_dop_operator_3.py
[2026-03-06T22:31:51.846+0000] {logging_mixin.py:188} INFO - [2026-03-06T22:31:51.846+0000] {dag.py:3096} INFO - Sync 1 DAGs
[2026-03-06T22:31:51.877+0000] {logging_mixin.py:188} INFO - [2026-03-06T22:31:51.877+0000] {dag.py:3954} INFO - Setting next_dagrun for example_branch_dop_operator_v3 to 2026-03-06 22:30:00+00:00, run_after=2026-03-06 22:31:00+00:00
[2026-03-06T22:31:51.904+0000] {processor.py:183} INFO - Processing /home/airflow/.local/lib/python3.12/site-packages/airflow/example_dags/example_branch_python_dop_operator_3.py took 0.105 seconds
[2026-03-06T22:32:22.057+0000] {processor.py:161} INFO - Started process (PID=185) to work on /home/airflow/.local/lib/python3.12/site-packages/airflow/example_dags/example_branch_python_dop_operator_3.py
[2026-03-06T22:32:22.059+0000] {processor.py:830} INFO - Processing file /home/airflow/.local/lib/python3.12/site-packages/airflow/example_dags/example_branch_python_dop_operator_3.py for tasks to queue
[2026-03-06T22:32:22.062+0000] {logging_mixin.py:188} INFO - [2026-03-06T22:32:22.061+0000] {dagbag.py:545} INFO - Filling up the DagBag from /home/airflow/.local/lib/python3.12/site-packages/airflow/example_dags/example_branch_python_dop_operator_3.py
[2026-03-06T22:32:22.072+0000] {processor.py:840} INFO - DAG(s) 'example_branch_dop_operator_v3' retrieved from /home/airflow/.local/lib/python3.12/site-packages/airflow/example_dags/example_branch_python_dop_operator_3.py
[2026-03-06T22:32:22.094+0000] {logging_mixin.py:188} INFO - [2026-03-06T22:32:22.094+0000] {dag.py:3096} INFO - Sync 1 DAGs
[2026-03-06T22:32:22.130+0000] {logging_mixin.py:188} INFO - [2026-03-06T22:32:22.130+0000] {dag.py:3954} INFO - Setting next_dagrun for example_branch_dop_operator_v3 to 2026-03-06 22:31:00+00:00, run_after=2026-03-06 22:32:00+00:00
[2026-03-06T22:32:22.228+0000] {processor.py:183} INFO - Processing /home/airflow/.local/lib/python3.12/site-packages/airflow/example_dags/example_branch_python_dop_operator_3.py took 0.178 seconds
[2026-03-06T22:32:52.372+0000] {processor.py:161} INFO - Started process (PID=243) to work on /home/airflow/.local/lib/python3.12/site-packages/airflow/example_dags/example_branch_python_dop_operator_3.py
[2026-03-06T22:32:52.373+0000] {processor.py:830} INFO - Processing file /home/airflow/.local/lib/python3.12/site-packages/airflow/example_dags/example_branch_python_dop_operator_3.py for tasks to queue
[2026-03-06T22:32:52.376+0000] {logging_mixin.py:188} INFO - [2026-03-06T22:32:52.375+0000] {dagbag.py:545} INFO - Filling up the DagBag from /home/airflow/.local/lib/python3.12/site-packages/airflow/example_dags/example_branch_python_dop_operator_3.py
[2026-03-06T22:32:52.388+0000] {processor.py:840} INFO - DAG(s) 'example_branch_dop_operator_v3' retrieved from /home/airflow/.local/lib/python3.12/site-packages/airflow/example_dags/example_branch_python_dop_operator_3.py
[2026-03-06T22:32:52.406+0000] {logging_mixin.py:188} INFO - [2026-03-06T22:32:52.406+0000] {dag.py:3096} INFO - Sync 1 DAGs
[2026-03-06T22:32:52.439+0000] {logging_mixin.py:188} INFO - [2026-03-06T22:32:52.439+0000] {dag.py:3954} INFO - Setting next_dagrun for example_branch_dop_operator_v3 to 2026-03-06 22:31:00+00:00, run_after=2026-03-06 22:32:00+00:00
[2026-03-06T22:32:52.487+0000] {processor.py:183} INFO - Processing /home/airflow/.local/lib/python3.12/site-packages/airflow/example_dags/example_branch_python_dop_operator_3.py took 0.123 seconds
[2026-03-06T22:33:24.215+0000] {processor.py:161} INFO - Started process (PID=307) to work on /home/airflow/.local/lib/python3.12/site-packages/airflow/example_dags/example_branch_python_dop_operator_3.py
[2026-03-06T22:33:24.216+0000] {processor.py:830} INFO - Processing file /home/airflow/.local/lib/python3.12/site-packages/airflow/example_dags/example_branch_python_dop_operator_3.py for tasks to queue
[2026-03-06T22:33:24.219+0000] {logging_mixin.py:188} INFO - [2026-03-06T22:33:24.218+0000] {dagbag.py:545} INFO - Filling up the DagBag from /home/airflow/.local/lib/python3.12/site-packages/airflow/example_dags/example_branch_python_dop_operator_3.py
[2026-03-06T22:33:24.229+0000] {processor.py:840} INFO - DAG(s) 'example_branch_dop_operator_v3' retrieved from /home/airflow/.local/lib/python3.12/site-packages/airflow/example_dags/example_branch_python_dop_operator_3.py
[2026-03-06T22:33:24.371+0000] {logging_mixin.py:188} INFO - [2026-03-06T22:33:24.370+0000] {dag.py:3096} INFO - Sync 1 DAGs
[2026-03-06T22:33:24.399+0000] {logging_mixin.py:188} INFO - [2026-03-06T22:33:24.399+0000] {dag.py:3954} INFO - Setting next_dagrun for example_branch_dop_operator_v3 to 2026-03-06 22:32:00+00:00, run_after=2026-03-06 22:33:00+00:00
[2026-03-06T22:33:24.428+0000] {processor.py:183} INFO - Processing /home/airflow/.local/lib/python3.12/site-packages/airflow/example_dags/example_branch_python_dop_operator_3.py took 0.223 seconds
[2026-03-06T22:33:54.889+0000] {processor.py:161} INFO - Started process (PID=365) to work on /home/airflow/.local/lib/python3.12/site-packages/airflow/example_dags/example_branch_python_dop_operator_3.py
[2026-03-06T22:33:54.891+0000] {processor.py:830} INFO - Processing file /home/airflow/.local/lib/python3.12/site-packages/airflow/example_dags/example_branch_python_dop_operator_3.py for tasks to queue
[2026-03-06T22:33:54.893+0000] {logging_mixin.py:188} INFO - [2026-03-06T22:33:54.893+0000] {dagbag.py:545} INFO - Filling up the DagBag from /home/airflow/.local/lib/python3.12/site-packages/airflow/example_dags/example_branch_python_dop_operator_3.py
[2026-03-06T22:33:54.907+0000] {processor.py:840} INFO - DAG(s) 'example_branch_dop_operator_v3' retrieved from /home/airflow/.local/lib/python3.12/site-packages/airflow/example_dags/example_branch_python_dop_operator_3.py
[2026-03-06T22:33:54.930+0000] {logging_mixin.py:188} INFO - [2026-03-06T22:33:54.930+0000] {dag.py:3096} INFO - Sync 1 DAGs
[2026-03-06T22:33:54.963+0000] {logging_mixin.py:188} INFO - [2026-03-06T22:33:54.963+0000] {dag.py:3954} INFO - Setting next_dagrun for example_branch_dop_operator_v3 to 2026-03-06 22:32:00+00:00, run_after=2026-03-06 22:33:00+00:00
[2026-03-06T22:33:54.994+0000] {processor.py:183} INFO - Processing /home/airflow/.local/lib/python3.12/site-packages/airflow/example_dags/example_branch_python_dop_operator_3.py took 0.115 seconds
[2026-03-06T22:34:25.175+0000] {processor.py:161} INFO - Started process (PID=423) to work on /home/airflow/.local/lib/python3.12/site-packages/airflow/example_dags/example_branch_python_dop_operator_3.py
[2026-03-06T22:34:25.176+0000] {processor.py:830} INFO - Processing file /home/airflow/.local/lib/python3.12/site-packages/airflow/example_dags/example_branch_python_dop_operator_3.py for tasks to queue
[2026-03-06T22:34:25.179+0000] {logging_mixin.py:188} INFO - [2026-03-06T22:34:25.179+0000] {dagbag.py:545} INFO - Filling up the DagBag from /home/airflow/.local/lib/python3.12/site-packages/airflow/example_dags/example_branch_python_dop_operator_3.py
[2026-03-06T22:34:25.195+0000] {processor.py:840} INFO - DAG(s) 'example_branch_dop_operator_v3' retrieved from /home/airflow/.local/lib/python3.12/site-packages/airflow/example_dags/example_branch_python_dop_operator_3.py
[2026-03-06T22:34:25.221+0000] {logging_mixin.py:188} INFO - [2026-03-06T22:34:25.220+0000] {dag.py:3096} INFO - Sync 1 DAGs
[2026-03-06T22:34:25.263+0000] {logging_mixin.py:188} INFO - [2026-03-06T22:34:25.263+0000] {dag.py:3954} INFO - Setting next_dagrun for example_branch_dop_operator_v3 to 2026-03-06 22:33:00+00:00, run_after=2026-03-06 22:34:00+00:00
[2026-03-06T22:34:25.317+0000] {processor.py:183} INFO - Processing /home/airflow/.local/lib/python3.12/site-packages/airflow/example_dags/example_branch_python_dop_operator_3.py took 0.149 seconds
[2026-03-06T22:34:55.402+0000] {processor.py:161} INFO - Started process (PID=481) to work on /home/airflow/.local/lib/python3.12/site-packages/airflow/example_dags/example_branch_python_dop_operator_3.py
[2026-03-06T22:34:55.403+0000] {processor.py:830} INFO - Processing file /home/airflow/.local/lib/python3.12/site-packages/airflow/example_dags/example_branch_python_dop_operator_3.py for tasks to queue
[2026-03-06T22:34:55.406+0000] {logging_mixin.py:188} INFO - [2026-03-06T22:34:55.405+0000] {dagbag.py:545} INFO - Filling up the DagBag from /home/airflow/.local/lib/python3.12/site-packages/airflow/example_dags/example_branch_python_dop_operator_3.py
[2026-03-06T22:34:55.416+0000] {processor.py:840} INFO - DAG(s) 'example_branch_dop_operator_v3' retrieved from /home/airflow/.local/lib/python3.12/site-packages/airflow/example_dags/example_branch_python_dop_operator_3.py
[2026-03-06T22:34:55.442+0000] {logging_mixin.py:188} INFO - [2026-03-06T22:34:55.442+0000] {dag.py:3096} INFO - Sync 1 DAGs
[2026-03-06T22:34:55.478+0000] {logging_mixin.py:188} INFO - [2026-03-06T22:34:55.478+0000] {dag.py:3954} INFO - Setting next_dagrun for example_branch_dop_operator_v3 to 2026-03-06 22:33:00+00:00, run_after=2026-03-06 22:34:00+00:00
[2026-03-06T22:34:55.510+0000] {processor.py:183} INFO - Processing /home/airflow/.local/lib/python3.12/site-packages/airflow/example_dags/example_branch_python_dop_operator_3.py took 0.118 seconds
[2026-03-06T22:35:25.887+0000] {processor.py:161} INFO - Started process (PID=539) to work on /home/airflow/.local/lib/python3.12/site-packages/airflow/example_dags/example_branch_python_dop_operator_3.py
[2026-03-06T22:35:25.888+0000] {processor.py:830} INFO - Processing file /home/airflow/.local/lib/python3.12/site-packages/airflow/example_dags/example_branch_python_dop_operator_3.py for tasks to queue
[2026-03-06T22:35:25.891+0000] {logging_mixin.py:188} INFO - [2026-03-06T22:35:25.891+0000] {dagbag.py:545} INFO - Filling up the DagBag from /home/airflow/.local/lib/python3.12/site-packages/airflow/example_dags/example_branch_python_dop_operator_3.py
[2026-03-06T22:35:25.903+0000] {processor.py:840} INFO - DAG(s) 'example_branch_dop_operator_v3' retrieved from /home/airflow/.local/lib/python3.12/site-packages/airflow/example_dags/example_branch_python_dop_operator_3.py
[2026-03-06T22:35:25.937+0000] {logging_mixin.py:188} INFO - [2026-03-06T22:35:25.937+0000] {dag.py:3096} INFO - Sync 1 DAGs
[2026-03-06T22:35:25.985+0000] {logging_mixin.py:188} INFO - [2026-03-06T22:35:25.984+0000] {dag.py:3954} INFO - Setting next_dagrun for example_branch_dop_operator_v3 to 2026-03-06 22:34:00+00:00, run_after=2026-03-06 22:35:00+00:00
[2026-03-06T22:35:26.017+0000] {processor.py:183} INFO - Processing /home/airflow/.local/lib/python3.12/site-packages/airflow/example_dags/example_branch_python_dop_operator_3.py took 0.137 seconds
[2026-03-06T22:35:56.217+0000] {processor.py:161} INFO - Started process (PID=597) to work on /home/airflow/.local/lib/python3.12/site-packages/airflow/example_dags/example_branch_python_dop_operator_3.py
[2026-03-06T22:35:56.219+0000] {processor.py:830} INFO - Processing file /home/airflow/.local/lib/python3.12/site-packages/airflow/example_dags/example_branch_python_dop_operator_3.py for tasks to queue
[2026-03-06T22:35:56.222+0000] {logging_mixin.py:188} INFO - [2026-03-06T22:35:56.221+0000] {dagbag.py:545} INFO - Filling up the DagBag from /home/airflow/.local/lib/python3.12/site-packages/airflow/example_dags/example_branch_python_dop_operator_3.py
[2026-03-06T22:35:56.237+0000] {processor.py:840} INFO - DAG(s) 'example_branch_dop_operator_v3' retrieved from /home/airflow/.local/lib/python3.12/site-packages/airflow/example_dags/example_branch_python_dop_operator_3.py
[2026-03-06T22:35:56.265+0000] {logging_mixin.py:188} INFO - [2026-03-06T22:35:56.264+0000] {dag.py:3096} INFO - Sync 1 DAGs
[2026-03-06T22:35:56.299+0000] {logging_mixin.py:188} INFO - [2026-03-06T22:35:56.298+0000] {dag.py:3954} INFO - Setting next_dagrun for example_branch_dop_operator_v3 to 2026-03-06 22:34:00+00:00, run_after=2026-03-06 22:35:00+00:00
[2026-03-06T22:35:56.332+0000] {processor.py:183} INFO - Processing /home/airflow/.local/lib/python3.12/site-packages/airflow/example_dags/example_branch_python_dop_operator_3.py took 0.125 seconds
[2026-03-06T22:36:26.486+0000] {processor.py:161} INFO - Started process (PID=655) to work on /home/airflow/.local/lib/python3.12/site-packages/airflow/example_dags/example_branch_python_dop_operator_3.py
[2026-03-06T22:36:26.487+0000] {processor.py:830} INFO - Processing file /home/airflow/.local/lib/python3.12/site-packages/airflow/example_dags/example_branch_python_dop_operator_3.py for tasks to queue
[2026-03-06T22:36:26.490+0000] {logging_mixin.py:188} INFO - [2026-03-06T22:36:26.490+0000] {dagbag.py:545} INFO - Filling up the DagBag from /home/airflow/.local/lib/python3.12/site-packages/airflow/example_dags/example_branch_python_dop_operator_3.py
[2026-03-06T22:36:26.501+0000] {processor.py:840} INFO - DAG(s) 'example_branch_dop_operator_v3' retrieved from /home/airflow/.local/lib/python3.12/site-packages/airflow/example_dags/example_branch_python_dop_operator_3.py
[2026-03-06T22:36:26.525+0000] {logging_mixin.py:188} INFO - [2026-03-06T22:36:26.525+0000] {dag.py:3096} INFO - Sync 1 DAGs
[2026-03-06T22:36:26.555+0000] {logging_mixin.py:188} INFO - [2026-03-06T22:36:26.555+0000] {dag.py:3954} INFO - Setting next_dagrun for example_branch_dop_operator_v3 to 2026-03-06 22:35:00+00:00, run_after=2026-03-06 22:36:00+00:00
[2026-03-06T22:36:26.578+0000] {processor.py:183} INFO - Processing /home/airflow/.local/lib/python3.12/site-packages/airflow/example_dags/example_branch_python_dop_operator_3.py took 0.098 seconds
[2026-03-06T22:36:57.003+0000] {processor.py:161} INFO - Started process (PID=713) to work on /home/airflow/.local/lib/python3.12/site-packages/airflow/example_dags/example_branch_python_dop_operator_3.py
[2026-03-06T22:36:57.004+0000] {processor.py:830} INFO - Processing file /home/airflow/.local/lib/python3.12/site-packages/airflow/example_dags/example_branch_python_dop_operator_3.py for tasks to queue
[2026-03-06T22:36:57.007+0000] {logging_mixin.py:188} INFO - [2026-03-06T22:36:57.007+0000] {dagbag.py:545} INFO - Filling up the DagBag from /home/airflow/.local/lib/python3.12/site-packages/airflow/example_dags/example_branch_python_dop_operator_3.py
[2026-03-06T22:36:57.019+0000] {processor.py:840} INFO - DAG(s) 'example_branch_dop_operator_v3' retrieved from /home/airflow/.local/lib/python3.12/site-packages/airflow/example_dags/example_branch_python_dop_operator_3.py
[2026-03-06T22:36:57.048+0000] {logging_mixin.py:188} INFO - [2026-03-06T22:36:57.047+0000] {dag.py:3096} INFO - Sync 1 DAGs
[2026-03-06T22:36:57.086+0000] {logging_mixin.py:188} INFO - [2026-03-06T22:36:57.085+0000] {dag.py:3954} INFO - Setting next_dagrun for example_branch_dop_operator_v3 to 2026-03-06 22:35:00+00:00, run_after=2026-03-06 22:36:00+00:00
[2026-03-06T22:36:57.113+0000] {processor.py:183} INFO - Processing /home/airflow/.local/lib/python3.12/site-packages/airflow/example_dags/example_branch_python_dop_operator_3.py took 0.117 seconds
[2026-03-06T22:37:27.382+0000] {processor.py:161} INFO - Started process (PID=771) to work on /home/airflow/.local/lib/python3.12/site-packages/airflow/example_dags/example_branch_python_dop_operator_3.py
[2026-03-06T22:37:27.383+0000] {processor.py:830} INFO - Processing file /home/airflow/.local/lib/python3.12/site-packages/airflow/example_dags/example_branch_python_dop_operator_3.py for tasks to queue
[2026-03-06T22:37:27.386+0000] {logging_mixin.py:188} INFO - [2026-03-06T22:37:27.385+0000] {dagbag.py:545} INFO - Filling up the DagBag from /home/airflow/.local/lib/python3.12/site-packages/airflow/example_dags/example_branch_python_dop_operator_3.py
[2026-03-06T22:37:27.396+0000] {processor.py:840} INFO - DAG(s) 'example_branch_dop_operator_v3' retrieved from /home/airflow/.local/lib/python3.12/site-packages/airflow/example_dags/example_branch_python_dop_operator_3.py
[2026-03-06T22:37:27.419+0000] {logging_mixin.py:188} INFO - [2026-03-06T22:37:27.419+0000] {dag.py:3096} INFO - Sync 1 DAGs
[2026-03-06T22:37:27.449+0000] {logging_mixin.py:188} INFO - [2026-03-06T22:37:27.449+0000] {dag.py:3954} INFO - Setting next_dagrun for example_branch_dop_operator_v3 to 2026-03-06 22:36:00+00:00, run_after=2026-03-06 22:37:00+00:00
[2026-03-06T22:37:27.474+0000] {processor.py:183} INFO - Processing /home/airflow/.local/lib/python3.12/site-packages/airflow/example_dags/example_branch_python_dop_operator_3.py took 0.099 seconds
[2026-03-06T22:37:57.619+0000] {processor.py:161} INFO - Started process (PID=829) to work on /home/airflow/.local/lib/python3.12/site-packages/airflow/example_dags/example_branch_python_dop_operator_3.py
[2026-03-06T22:37:57.621+0000] {processor.py:830} INFO - Processing file /home/airflow/.local/lib/python3.12/site-packages/airflow/example_dags/example_branch_python_dop_operator_3.py for tasks to queue
[2026-03-06T22:37:57.623+0000] {logging_mixin.py:188} INFO - [2026-03-06T22:37:57.623+0000] {dagbag.py:545} INFO - Filling up the DagBag from /home/airflow/.local/lib/python3.12/site-packages/airflow/example_dags/example_branch_python_dop_operator_3.py
[2026-03-06T22:37:57.634+0000] {processor.py:840} INFO - DAG(s) 'example_branch_dop_operator_v3' retrieved from /home/airflow/.local/lib/python3.12/site-packages/airflow/example_dags/example_branch_python_dop_operator_3.py
[2026-03-06T22:37:57.657+0000] {logging_mixin.py:188} INFO - [2026-03-06T22:37:57.657+0000] {dag.py:3096} INFO - Sync 1 DAGs
[2026-03-06T22:37:57.689+0000] {logging_mixin.py:188} INFO - [2026-03-06T22:37:57.689+0000] {dag.py:3954} INFO - Setting next_dagrun for example_branch_dop_operator_v3 to 2026-03-06 22:36:00+00:00, run_after=2026-03-06 22:37:00+00:00
[2026-03-06T22:37:57.713+0000] {processor.py:183} INFO - Processing /home/airflow/.local/lib/python3.12/site-packages/airflow/example_dags/example_branch_python_dop_operator_3.py took 0.100 seconds
[2026-03-06T22:38:28.229+0000] {processor.py:161} INFO - Started process (PID=887) to work on /home/airflow/.local/lib/python3.12/site-packages/airflow/example_dags/example_branch_python_dop_operator_3.py
[2026-03-06T22:38:28.230+0000] {processor.py:830} INFO - Processing file /home/airflow/.local/lib/python3.12/site-packages/airflow/example_dags/example_branch_python_dop_operator_3.py for tasks to queue
[2026-03-06T22:38:28.233+0000] {logging_mixin.py:188} INFO - [2026-03-06T22:38:28.233+0000] {dagbag.py:545} INFO - Filling up the DagBag from /home/airflow/.local/lib/python3.12/site-packages/airflow/example_dags/example_branch_python_dop_operator_3.py
[2026-03-06T22:38:28.243+0000] {processor.py:840} INFO - DAG(s) 'example_branch_dop_operator_v3' retrieved from /home/airflow/.local/lib/python3.12/site-packages/airflow/example_dags/example_branch_python_dop_operator_3.py
[2026-03-06T22:38:28.267+0000] {logging_mixin.py:188} INFO - [2026-03-06T22:38:28.266+0000] {dag.py:3096} INFO - Sync 1 DAGs
[2026-03-06T22:38:28.298+0000] {logging_mixin.py:188} INFO - [2026-03-06T22:38:28.297+0000] {dag.py:3954} INFO - Setting next_dagrun for example_branch_dop_operator_v3 to 2026-03-06 22:37:00+00:00, run_after=2026-03-06 22:38:00+00:00
[2026-03-06T22:38:28.322+0000] {processor.py:183} INFO - Processing /home/airflow/.local/lib/python3.12/site-packages/airflow/example_dags/example_branch_python_dop_operator_3.py took 0.100 seconds
[2026-03-06T22:38:58.574+0000] {processor.py:161} INFO - Started process (PID=945) to work on /home/airflow/.local/lib/python3.12/site-packages/airflow/example_dags/example_branch_python_dop_operator_3.py
[2026-03-06T22:38:58.575+0000] {processor.py:830} INFO - Processing file /home/airflow/.local/lib/python3.12/site-packages/airflow/example_dags/example_branch_python_dop_operator_3.py for tasks to queue
[2026-03-06T22:38:58.578+0000] {logging_mixin.py:188} INFO - [2026-03-06T22:38:58.577+0000] {dagbag.py:545} INFO - Filling up the DagBag from /home/airflow/.local/lib/python3.12/site-packages/airflow/example_dags/example_branch_python_dop_operator_3.py
[2026-03-06T22:38:58.588+0000] {processor.py:840} INFO - DAG(s) 'example_branch_dop_operator_v3' retrieved from /home/airflow/.local/lib/python3.12/site-packages/airflow/example_dags/example_branch_python_dop_operator_3.py
[2026-03-06T22:38:58.611+0000] {logging_mixin.py:188} INFO - [2026-03-06T22:38:58.611+0000] {dag.py:3096} INFO - Sync 1 DAGs
[2026-03-06T22:38:58.647+0000] {logging_mixin.py:188} INFO - [2026-03-06T22:38:58.646+0000] {dag.py:3954} INFO - Setting next_dagrun for example_branch_dop_operator_v3 to 2026-03-06 22:37:00+00:00, run_after=2026-03-06 22:38:00+00:00
[2026-03-06T22:38:58.669+0000] {processor.py:183} INFO - Processing /home/airflow/.local/lib/python3.12/site-packages/airflow/example_dags/example_branch_python_dop_operator_3.py took 0.103 seconds
[2026-03-06T22:39:29.124+0000] {processor.py:161} INFO - Started process (PID=1003) to work on /home/airflow/.local/lib/python3.12/site-packages/airflow/example_dags/example_branch_python_dop_operator_3.py
[2026-03-06T22:39:29.125+0000] {processor.py:830} INFO - Processing file /home/airflow/.local/lib/python3.12/site-packages/airflow/example_dags/example_branch_python_dop_operator_3.py for tasks to queue
[2026-03-06T22:39:29.128+0000] {logging_mixin.py:188} INFO - [2026-03-06T22:39:29.128+0000] {dagbag.py:545} INFO - Filling up the DagBag from /home/airflow/.local/lib/python3.12/site-packages/airflow/example_dags/example_branch_python_dop_operator_3.py
[2026-03-06T22:39:29.140+0000] {processor.py:840} INFO - DAG(s) 'example_branch_dop_operator_v3' retrieved from /home/airflow/.local/lib/python3.12/site-packages/airflow/example_dags/example_branch_python_dop_operator_3.py
[2026-03-06T22:39:29.170+0000] {logging_mixin.py:188} INFO - [2026-03-06T22:39:29.170+0000] {dag.py:3096} INFO - Sync 1 DAGs
[2026-03-06T22:39:29.206+0000] {logging_mixin.py:188} INFO - [2026-03-06T22:39:29.205+0000] {dag.py:3954} INFO - Setting next_dagrun for example_branch_dop_operator_v3 to 2026-03-06 22:38:00+00:00, run_after=2026-03-06 22:39:00+00:00
[2026-03-06T22:39:29.237+0000] {processor.py:183} INFO - Processing /home/airflow/.local/lib/python3.12/site-packages/airflow/example_dags/example_branch_python_dop_operator_3.py took 0.121 seconds
[2026-03-06T22:40:00.087+0000] {processor.py:161} INFO - Started process (PID=1061) to work on /home/airflow/.local/lib/python3.12/site-packages/airflow/example_dags/example_branch_python_dop_operator_3.py
[2026-03-06T22:40:00.088+0000] {processor.py:830} INFO - Processing file /home/airflow/.local/lib/python3.12/site-packages/airflow/example_dags/example_branch_python_dop_operator_3.py for tasks to queue
[2026-03-06T22:40:00.091+0000] {logging_mixin.py:188} INFO - [2026-03-06T22:40:00.091+0000] {dagbag.py:545} INFO - Filling up the DagBag from /home/airflow/.local/lib/python3.12/site-packages/airflow/example_dags/example_branch_python_dop_operator_3.py
[2026-03-06T22:40:00.109+0000] {processor.py:840} INFO - DAG(s) 'example_branch_dop_operator_v3' retrieved from /home/airflow/.local/lib/python3.12/site-packages/airflow/example_dags/example_branch_python_dop_operator_3.py
[2026-03-06T22:40:00.133+0000] {logging_mixin.py:188} INFO - [2026-03-06T22:40:00.133+0000] {dag.py:3096} INFO - Sync 1 DAGs
[2026-03-06T22:40:00.164+0000] {logging_mixin.py:188} INFO - [2026-03-06T22:40:00.164+0000] {dag.py:3954} INFO - Setting next_dagrun for example_branch_dop_operator_v3 to 2026-03-06 22:39:00+00:00, run_after=2026-03-06 22:40:00+00:00
[2026-03-06T22:40:00.187+0000] {processor.py:183} INFO - Processing /home/airflow/.local/lib/python3.12/site-packages/airflow/example_dags/example_branch_python_dop_operator_3.py took 0.108 seconds
[2026-03-06T22:40:30.424+0000] {processor.py:161} INFO - Started process (PID=1119) to work on /home/airflow/.local/lib/python3.12/site-packages/airflow/example_dags/example_branch_python_dop_operator_3.py
[2026-03-06T22:40:30.426+0000] {processor.py:830} INFO - Processing file /home/airflow/.local/lib/python3.12/site-packages/airflow/example_dags/example_branch_python_dop_operator_3.py for tasks to queue
[2026-03-06T22:40:30.428+0000] {logging_mixin.py:188} INFO - [2026-03-06T22:40:30.428+0000] {dagbag.py:545} INFO - Filling up the DagBag from /home/airflow/.local/lib/python3.12/site-packages/airflow/example_dags/example_branch_python_dop_operator_3.py
[2026-03-06T22:40:30.441+0000] {processor.py:840} INFO - DAG(s) 'example_branch_dop_operator_v3' retrieved from /home/airflow/.local/lib/python3.12/site-packages/airflow/example_dags/example_branch_python_dop_operator_3.py
[2026-03-06T22:40:30.469+0000] {logging_mixin.py:188} INFO - [2026-03-06T22:40:30.468+0000] {dag.py:3096} INFO - Sync 1 DAGs
[2026-03-06T22:40:30.507+0000] {logging_mixin.py:188} INFO - [2026-03-06T22:40:30.507+0000] {dag.py:3954} INFO - Setting next_dagrun for example_branch_dop_operator_v3 to 2026-03-06 22:39:00+00:00, run_after=2026-03-06 22:40:00+00:00
[2026-03-06T22:40:30.535+0000] {processor.py:183} INFO - Processing /home/airflow/.local/lib/python3.12/site-packages/airflow/example_dags/example_branch_python_dop_operator_3.py took 0.119 seconds
[2026-03-06T22:41:00.799+0000] {processor.py:161} INFO - Started process (PID=1177) to work on /home/airflow/.local/lib/python3.12/site-packages/airflow/example_dags/example_branch_python_dop_operator_3.py
[2026-03-06T22:41:00.800+0000] {processor.py:830} INFO - Processing file /home/airflow/.local/lib/python3.12/site-packages/airflow/example_dags/example_branch_python_dop_operator_3.py for tasks to queue
[2026-03-06T22:41:00.803+0000] {logging_mixin.py:188} INFO - [2026-03-06T22:41:00.803+0000] {dagbag.py:545} INFO - Filling up the DagBag from /home/airflow/.local/lib/python3.12/site-packages/airflow/example_dags/example_branch_python_dop_operator_3.py
[2026-03-06T22:41:00.815+0000] {processor.py:840} INFO - DAG(s) 'example_branch_dop_operator_v3' retrieved from /home/airflow/.local/lib/python3.12/site-packages/airflow/example_dags/example_branch_python_dop_operator_3.py
[2026-03-06T22:41:00.840+0000] {logging_mixin.py:188} INFO - [2026-03-06T22:41:00.840+0000] {dag.py:3096} INFO - Sync 1 DAGs
[2026-03-06T22:41:00.877+0000] {logging_mixin.py:188} INFO - [2026-03-06T22:41:00.876+0000] {dag.py:3954} INFO - Setting next_dagrun for example_branch_dop_operator_v3 to 2026-03-06 22:40:00+00:00, run_after=2026-03-06 22:41:00+00:00
[2026-03-06T22:41:00.902+0000] {processor.py:183} INFO - Processing /home/airflow/.local/lib/python3.12/site-packages/airflow/example_dags/example_branch_python_dop_operator_3.py took 0.111 seconds
