[2026-03-06T22:30:49.626+0000] {processor.py:161} INFO - Started process (PID=98) to work on /home/airflow/.local/lib/python3.12/site-packages/airflow/example_dags/example_subdag_operator.py
[2026-03-06T22:30:49.627+0000] {processor.py:830} INFO - Processing file /home/airflow/.local/lib/python3.12/site-packages/airflow/example_dags/example_subdag_operator.py for tasks to queue
[2026-03-06T22:30:49.630+0000] {logging_mixin.py:188} INFO - [2026-03-06T22:30:49.630+0000] {dagbag.py:545} INFO - Filling up the DagBag from /home/airflow/.local/lib/python3.12/site-packages/airflow/example_dags/example_subdag_operator.py
[2026-03-06T22:30:49.669+0000] {processor.py:840} INFO - DAG(s) 'example_subdag_operator.section-1', 'example_subdag_operator.section-2', 'example_subdag_operator' retrieved from /home/airflow/.local/lib/python3.12/site-packages/airflow/example_dags/example_subdag_operator.py
[2026-03-06T22:30:49.811+0000] {logging_mixin.py:188} INFO - [2026-03-06T22:30:49.810+0000] {override.py:1829} INFO - Created Permission View: can delete on DAG:example_subdag_operator
[2026-03-06T22:30:49.828+0000] {logging_mixin.py:188} INFO - [2026-03-06T22:30:49.828+0000] {override.py:1829} INFO - Created Permission View: can read on DAG:example_subdag_operator
[2026-03-06T22:30:49.840+0000] {logging_mixin.py:188} INFO - [2026-03-06T22:30:49.839+0000] {override.py:1829} INFO - Created Permission View: can edit on DAG:example_subdag_operator
[2026-03-06T22:30:49.841+0000] {logging_mixin.py:188} INFO - [2026-03-06T22:30:49.841+0000] {dag.py:3096} INFO - Sync 3 DAGs
[2026-03-06T22:30:49.857+0000] {logging_mixin.py:188} INFO - [2026-03-06T22:30:49.857+0000] {dag.py:3118} INFO - Creating ORM DAG for example_subdag_operator.section-2
[2026-03-06T22:30:49.858+0000] {logging_mixin.py:188} INFO - [2026-03-06T22:30:49.858+0000] {dag.py:3118} INFO - Creating ORM DAG for example_subdag_operator.section-1
[2026-03-06T22:30:49.859+0000] {logging_mixin.py:188} INFO - [2026-03-06T22:30:49.859+0000] {dag.py:3118} INFO - Creating ORM DAG for example_subdag_operator
[2026-03-06T22:30:49.873+0000] {logging_mixin.py:188} INFO - [2026-03-06T22:30:49.873+0000] {dag.py:3954} INFO - Setting next_dagrun for example_subdag_operator to 2022-01-01 00:00:00+00:00, run_after=2022-01-01 00:00:00+00:00
[2026-03-06T22:30:49.874+0000] {logging_mixin.py:188} INFO - [2026-03-06T22:30:49.874+0000] {dag.py:3954} INFO - Setting next_dagrun for example_subdag_operator.section-1 to None, run_after=None
[2026-03-06T22:30:49.875+0000] {logging_mixin.py:188} INFO - [2026-03-06T22:30:49.875+0000] {dag.py:3954} INFO - Setting next_dagrun for example_subdag_operator.section-2 to None, run_after=None
[2026-03-06T22:30:49.886+0000] {logging_mixin.py:188} INFO - [2026-03-06T22:30:49.886+0000] {dag.py:3096} INFO - Sync 2 DAGs
[2026-03-06T22:30:49.893+0000] {logging_mixin.py:188} INFO - [2026-03-06T22:30:49.893+0000] {dag.py:3954} INFO - Setting next_dagrun for example_subdag_operator.section-1 to None, run_after=None
[2026-03-06T22:30:49.897+0000] {logging_mixin.py:188} INFO - [2026-03-06T22:30:49.897+0000] {dag.py:3954} INFO - Setting next_dagrun for example_subdag_operator.section-2 to None, run_after=None
[2026-03-06T22:30:49.914+0000] {processor.py:183} INFO - Processing /home/airflow/.local/lib/python3.12/site-packages/airflow/example_dags/example_subdag_operator.py took 0.296 seconds
[2026-03-06T22:31:22.233+0000] {processor.py:161} INFO - Started process (PID=78) to work on /home/airflow/.local/lib/python3.12/site-packages/airflow/example_dags/example_subdag_operator.py
[2026-03-06T22:31:22.234+0000] {processor.py:830} INFO - Processing file /home/airflow/.local/lib/python3.12/site-packages/airflow/example_dags/example_subdag_operator.py for tasks to queue
[2026-03-06T22:31:22.238+0000] {logging_mixin.py:188} INFO - [2026-03-06T22:31:22.237+0000] {dagbag.py:545} INFO - Filling up the DagBag from /home/airflow/.local/lib/python3.12/site-packages/airflow/example_dags/example_subdag_operator.py
[2026-03-06T22:31:22.278+0000] {processor.py:840} INFO - DAG(s) 'example_subdag_operator.section-1', 'example_subdag_operator.section-2', 'example_subdag_operator' retrieved from /home/airflow/.local/lib/python3.12/site-packages/airflow/example_dags/example_subdag_operator.py
[2026-03-06T22:31:22.307+0000] {logging_mixin.py:188} INFO - [2026-03-06T22:31:22.307+0000] {dag.py:3096} INFO - Sync 3 DAGs
[2026-03-06T22:31:22.343+0000] {logging_mixin.py:188} INFO - [2026-03-06T22:31:22.343+0000] {dag.py:3954} INFO - Setting next_dagrun for example_subdag_operator to 2022-01-01 00:00:00+00:00, run_after=2022-01-01 00:00:00+00:00
[2026-03-06T22:31:22.349+0000] {logging_mixin.py:188} INFO - [2026-03-06T22:31:22.349+0000] {dag.py:3954} INFO - Setting next_dagrun for example_subdag_operator.section-1 to None, run_after=None
[2026-03-06T22:31:22.351+0000] {logging_mixin.py:188} INFO - [2026-03-06T22:31:22.351+0000] {dag.py:3954} INFO - Setting next_dagrun for example_subdag_operator.section-2 to None, run_after=None
[2026-03-06T22:31:22.363+0000] {logging_mixin.py:188} INFO - [2026-03-06T22:31:22.363+0000] {dag.py:3096} INFO - Sync 2 DAGs
[2026-03-06T22:31:22.371+0000] {logging_mixin.py:188} INFO - [2026-03-06T22:31:22.370+0000] {dag.py:3954} INFO - Setting next_dagrun for example_subdag_operator.section-1 to None, run_after=None
[2026-03-06T22:31:22.372+0000] {logging_mixin.py:188} INFO - [2026-03-06T22:31:22.371+0000] {dag.py:3954} INFO - Setting next_dagrun for example_subdag_operator.section-2 to None, run_after=None
[2026-03-06T22:31:22.398+0000] {processor.py:183} INFO - Processing /home/airflow/.local/lib/python3.12/site-packages/airflow/example_dags/example_subdag_operator.py took 0.173 seconds
[2026-03-06T22:31:52.439+0000] {processor.py:161} INFO - Started process (PID=136) to work on /home/airflow/.local/lib/python3.12/site-packages/airflow/example_dags/example_subdag_operator.py
[2026-03-06T22:31:52.440+0000] {processor.py:830} INFO - Processing file /home/airflow/.local/lib/python3.12/site-packages/airflow/example_dags/example_subdag_operator.py for tasks to queue
[2026-03-06T22:31:52.443+0000] {logging_mixin.py:188} INFO - [2026-03-06T22:31:52.442+0000] {dagbag.py:545} INFO - Filling up the DagBag from /home/airflow/.local/lib/python3.12/site-packages/airflow/example_dags/example_subdag_operator.py
[2026-03-06T22:31:52.475+0000] {processor.py:840} INFO - DAG(s) 'example_subdag_operator.section-1', 'example_subdag_operator.section-2', 'example_subdag_operator' retrieved from /home/airflow/.local/lib/python3.12/site-packages/airflow/example_dags/example_subdag_operator.py
[2026-03-06T22:31:52.494+0000] {logging_mixin.py:188} INFO - [2026-03-06T22:31:52.494+0000] {dag.py:3096} INFO - Sync 3 DAGs
[2026-03-06T22:31:52.526+0000] {logging_mixin.py:188} INFO - [2026-03-06T22:31:52.525+0000] {dag.py:3954} INFO - Setting next_dagrun for example_subdag_operator to 2022-01-01 00:00:00+00:00, run_after=2022-01-01 00:00:00+00:00
[2026-03-06T22:31:52.531+0000] {logging_mixin.py:188} INFO - [2026-03-06T22:31:52.531+0000] {dag.py:3954} INFO - Setting next_dagrun for example_subdag_operator.section-1 to None, run_after=None
[2026-03-06T22:31:52.534+0000] {logging_mixin.py:188} INFO - [2026-03-06T22:31:52.533+0000] {dag.py:3954} INFO - Setting next_dagrun for example_subdag_operator.section-2 to None, run_after=None
[2026-03-06T22:31:52.543+0000] {logging_mixin.py:188} INFO - [2026-03-06T22:31:52.543+0000] {dag.py:3096} INFO - Sync 2 DAGs
[2026-03-06T22:31:52.552+0000] {logging_mixin.py:188} INFO - [2026-03-06T22:31:52.552+0000] {dag.py:3954} INFO - Setting next_dagrun for example_subdag_operator.section-1 to None, run_after=None
[2026-03-06T22:31:52.554+0000] {logging_mixin.py:188} INFO - [2026-03-06T22:31:52.553+0000] {dag.py:3954} INFO - Setting next_dagrun for example_subdag_operator.section-2 to None, run_after=None
[2026-03-06T22:31:52.584+0000] {processor.py:183} INFO - Processing /home/airflow/.local/lib/python3.12/site-packages/airflow/example_dags/example_subdag_operator.py took 0.151 seconds
[2026-03-06T22:32:22.760+0000] {processor.py:161} INFO - Started process (PID=194) to work on /home/airflow/.local/lib/python3.12/site-packages/airflow/example_dags/example_subdag_operator.py
[2026-03-06T22:32:22.762+0000] {processor.py:830} INFO - Processing file /home/airflow/.local/lib/python3.12/site-packages/airflow/example_dags/example_subdag_operator.py for tasks to queue
[2026-03-06T22:32:22.764+0000] {logging_mixin.py:188} INFO - [2026-03-06T22:32:22.764+0000] {dagbag.py:545} INFO - Filling up the DagBag from /home/airflow/.local/lib/python3.12/site-packages/airflow/example_dags/example_subdag_operator.py
[2026-03-06T22:32:22.799+0000] {processor.py:840} INFO - DAG(s) 'example_subdag_operator.section-1', 'example_subdag_operator.section-2', 'example_subdag_operator' retrieved from /home/airflow/.local/lib/python3.12/site-packages/airflow/example_dags/example_subdag_operator.py
[2026-03-06T22:32:22.823+0000] {logging_mixin.py:188} INFO - [2026-03-06T22:32:22.822+0000] {dag.py:3096} INFO - Sync 3 DAGs
[2026-03-06T22:32:22.853+0000] {logging_mixin.py:188} INFO - [2026-03-06T22:32:22.852+0000] {dag.py:3954} INFO - Setting next_dagrun for example_subdag_operator to 2022-01-01 00:00:00+00:00, run_after=2022-01-01 00:00:00+00:00
[2026-03-06T22:32:22.859+0000] {logging_mixin.py:188} INFO - [2026-03-06T22:32:22.858+0000] {dag.py:3954} INFO - Setting next_dagrun for example_subdag_operator.section-1 to None, run_after=None
[2026-03-06T22:32:22.861+0000] {logging_mixin.py:188} INFO - [2026-03-06T22:32:22.861+0000] {dag.py:3954} INFO - Setting next_dagrun for example_subdag_operator.section-2 to None, run_after=None
[2026-03-06T22:32:22.871+0000] {logging_mixin.py:188} INFO - [2026-03-06T22:32:22.870+0000] {dag.py:3096} INFO - Sync 2 DAGs
[2026-03-06T22:32:22.877+0000] {logging_mixin.py:188} INFO - [2026-03-06T22:32:22.877+0000] {dag.py:3954} INFO - Setting next_dagrun for example_subdag_operator.section-1 to None, run_after=None
[2026-03-06T22:32:22.878+0000] {logging_mixin.py:188} INFO - [2026-03-06T22:32:22.877+0000] {dag.py:3954} INFO - Setting next_dagrun for example_subdag_operator.section-2 to None, run_after=None
[2026-03-06T22:32:22.901+0000] {processor.py:183} INFO - Processing /home/airflow/.local/lib/python3.12/site-packages/airflow/example_dags/example_subdag_operator.py took 0.147 seconds
[2026-03-06T22:32:52.979+0000] {processor.py:161} INFO - Started process (PID=252) to work on /home/airflow/.local/lib/python3.12/site-packages/airflow/example_dags/example_subdag_operator.py
[2026-03-06T22:32:52.981+0000] {processor.py:830} INFO - Processing file /home/airflow/.local/lib/python3.12/site-packages/airflow/example_dags/example_subdag_operator.py for tasks to queue
[2026-03-06T22:32:52.984+0000] {logging_mixin.py:188} INFO - [2026-03-06T22:32:52.983+0000] {dagbag.py:545} INFO - Filling up the DagBag from /home/airflow/.local/lib/python3.12/site-packages/airflow/example_dags/example_subdag_operator.py
[2026-03-06T22:32:53.009+0000] {processor.py:840} INFO - DAG(s) 'example_subdag_operator.section-1', 'example_subdag_operator.section-2', 'example_subdag_operator' retrieved from /home/airflow/.local/lib/python3.12/site-packages/airflow/example_dags/example_subdag_operator.py
[2026-03-06T22:32:53.013+0000] {logging_mixin.py:188} INFO - [2026-03-06T22:32:53.013+0000] {dag.py:3096} INFO - Sync 3 DAGs
[2026-03-06T22:32:53.040+0000] {logging_mixin.py:188} INFO - [2026-03-06T22:32:53.040+0000] {dag.py:3954} INFO - Setting next_dagrun for example_subdag_operator to 2022-01-01 00:00:00+00:00, run_after=2022-01-01 00:00:00+00:00
[2026-03-06T22:32:53.045+0000] {logging_mixin.py:188} INFO - [2026-03-06T22:32:53.045+0000] {dag.py:3954} INFO - Setting next_dagrun for example_subdag_operator.section-1 to None, run_after=None
[2026-03-06T22:32:53.048+0000] {logging_mixin.py:188} INFO - [2026-03-06T22:32:53.048+0000] {dag.py:3954} INFO - Setting next_dagrun for example_subdag_operator.section-2 to None, run_after=None
[2026-03-06T22:32:53.056+0000] {logging_mixin.py:188} INFO - [2026-03-06T22:32:53.056+0000] {dag.py:3096} INFO - Sync 2 DAGs
[2026-03-06T22:32:53.062+0000] {logging_mixin.py:188} INFO - [2026-03-06T22:32:53.062+0000] {dag.py:3954} INFO - Setting next_dagrun for example_subdag_operator.section-1 to None, run_after=None
[2026-03-06T22:32:53.063+0000] {logging_mixin.py:188} INFO - [2026-03-06T22:32:53.063+0000] {dag.py:3954} INFO - Setting next_dagrun for example_subdag_operator.section-2 to None, run_after=None
[2026-03-06T22:32:53.095+0000] {processor.py:183} INFO - Processing /home/airflow/.local/lib/python3.12/site-packages/airflow/example_dags/example_subdag_operator.py took 0.124 seconds
[2026-03-06T22:33:25.436+0000] {processor.py:161} INFO - Started process (PID=316) to work on /home/airflow/.local/lib/python3.12/site-packages/airflow/example_dags/example_subdag_operator.py
[2026-03-06T22:33:25.437+0000] {processor.py:830} INFO - Processing file /home/airflow/.local/lib/python3.12/site-packages/airflow/example_dags/example_subdag_operator.py for tasks to queue
[2026-03-06T22:33:25.440+0000] {logging_mixin.py:188} INFO - [2026-03-06T22:33:25.439+0000] {dagbag.py:545} INFO - Filling up the DagBag from /home/airflow/.local/lib/python3.12/site-packages/airflow/example_dags/example_subdag_operator.py
[2026-03-06T22:33:25.466+0000] {processor.py:840} INFO - DAG(s) 'example_subdag_operator.section-1', 'example_subdag_operator.section-2', 'example_subdag_operator' retrieved from /home/airflow/.local/lib/python3.12/site-packages/airflow/example_dags/example_subdag_operator.py
[2026-03-06T22:33:25.602+0000] {logging_mixin.py:188} INFO - [2026-03-06T22:33:25.602+0000] {dag.py:3096} INFO - Sync 3 DAGs
[2026-03-06T22:33:25.628+0000] {logging_mixin.py:188} INFO - [2026-03-06T22:33:25.627+0000] {dag.py:3954} INFO - Setting next_dagrun for example_subdag_operator to 2022-01-01 00:00:00+00:00, run_after=2022-01-01 00:00:00+00:00
[2026-03-06T22:33:25.633+0000] {logging_mixin.py:188} INFO - [2026-03-06T22:33:25.633+0000] {dag.py:3954} INFO - Setting next_dagrun for example_subdag_operator.section-1 to None, run_after=None
[2026-03-06T22:33:25.635+0000] {logging_mixin.py:188} INFO - [2026-03-06T22:33:25.635+0000] {dag.py:3954} INFO - Setting next_dagrun for example_subdag_operator.section-2 to None, run_after=None
[2026-03-06T22:33:25.647+0000] {logging_mixin.py:188} INFO - [2026-03-06T22:33:25.647+0000] {dag.py:3096} INFO - Sync 2 DAGs
[2026-03-06T22:33:25.654+0000] {logging_mixin.py:188} INFO - [2026-03-06T22:33:25.653+0000] {dag.py:3954} INFO - Setting next_dagrun for example_subdag_operator.section-1 to None, run_after=None
[2026-03-06T22:33:25.654+0000] {logging_mixin.py:188} INFO - [2026-03-06T22:33:25.654+0000] {dag.py:3954} INFO - Setting next_dagrun for example_subdag_operator.section-2 to None, run_after=None
[2026-03-06T22:33:25.672+0000] {processor.py:183} INFO - Processing /home/airflow/.local/lib/python3.12/site-packages/airflow/example_dags/example_subdag_operator.py took 0.242 seconds
[2026-03-06T22:33:55.900+0000] {processor.py:161} INFO - Started process (PID=374) to work on /home/airflow/.local/lib/python3.12/site-packages/airflow/example_dags/example_subdag_operator.py
[2026-03-06T22:33:55.903+0000] {processor.py:830} INFO - Processing file /home/airflow/.local/lib/python3.12/site-packages/airflow/example_dags/example_subdag_operator.py for tasks to queue
[2026-03-06T22:33:55.907+0000] {logging_mixin.py:188} INFO - [2026-03-06T22:33:55.906+0000] {dagbag.py:545} INFO - Filling up the DagBag from /home/airflow/.local/lib/python3.12/site-packages/airflow/example_dags/example_subdag_operator.py
[2026-03-06T22:33:55.960+0000] {processor.py:840} INFO - DAG(s) 'example_subdag_operator.section-1', 'example_subdag_operator.section-2', 'example_subdag_operator' retrieved from /home/airflow/.local/lib/python3.12/site-packages/airflow/example_dags/example_subdag_operator.py
[2026-03-06T22:33:55.997+0000] {logging_mixin.py:188} INFO - [2026-03-06T22:33:55.996+0000] {dag.py:3096} INFO - Sync 3 DAGs
[2026-03-06T22:33:56.064+0000] {logging_mixin.py:188} INFO - [2026-03-06T22:33:56.060+0000] {dag.py:3954} INFO - Setting next_dagrun for example_subdag_operator to 2022-01-01 00:00:00+00:00, run_after=2022-01-01 00:00:00+00:00
[2026-03-06T22:33:56.080+0000] {logging_mixin.py:188} INFO - [2026-03-06T22:33:56.080+0000] {dag.py:3954} INFO - Setting next_dagrun for example_subdag_operator.section-1 to None, run_after=None
[2026-03-06T22:33:56.087+0000] {logging_mixin.py:188} INFO - [2026-03-06T22:33:56.087+0000] {dag.py:3954} INFO - Setting next_dagrun for example_subdag_operator.section-2 to None, run_after=None
[2026-03-06T22:33:56.111+0000] {logging_mixin.py:188} INFO - [2026-03-06T22:33:56.111+0000] {dag.py:3096} INFO - Sync 2 DAGs
[2026-03-06T22:33:56.125+0000] {logging_mixin.py:188} INFO - [2026-03-06T22:33:56.124+0000] {dag.py:3954} INFO - Setting next_dagrun for example_subdag_operator.section-1 to None, run_after=None
[2026-03-06T22:33:56.126+0000] {logging_mixin.py:188} INFO - [2026-03-06T22:33:56.125+0000] {dag.py:3954} INFO - Setting next_dagrun for example_subdag_operator.section-2 to None, run_after=None
[2026-03-06T22:33:56.158+0000] {processor.py:183} INFO - Processing /home/airflow/.local/lib/python3.12/site-packages/airflow/example_dags/example_subdag_operator.py took 0.268 seconds
[2026-03-06T22:34:27.038+0000] {processor.py:161} INFO - Started process (PID=432) to work on /home/airflow/.local/lib/python3.12/site-packages/airflow/example_dags/example_subdag_operator.py
[2026-03-06T22:34:27.040+0000] {processor.py:830} INFO - Processing file /home/airflow/.local/lib/python3.12/site-packages/airflow/example_dags/example_subdag_operator.py for tasks to queue
[2026-03-06T22:34:27.042+0000] {logging_mixin.py:188} INFO - [2026-03-06T22:34:27.042+0000] {dagbag.py:545} INFO - Filling up the DagBag from /home/airflow/.local/lib/python3.12/site-packages/airflow/example_dags/example_subdag_operator.py
[2026-03-06T22:34:27.073+0000] {processor.py:840} INFO - DAG(s) 'example_subdag_operator.section-1', 'example_subdag_operator.section-2', 'example_subdag_operator' retrieved from /home/airflow/.local/lib/python3.12/site-packages/airflow/example_dags/example_subdag_operator.py
[2026-03-06T22:34:27.093+0000] {logging_mixin.py:188} INFO - [2026-03-06T22:34:27.092+0000] {dag.py:3096} INFO - Sync 3 DAGs
[2026-03-06T22:34:27.130+0000] {logging_mixin.py:188} INFO - [2026-03-06T22:34:27.129+0000] {dag.py:3954} INFO - Setting next_dagrun for example_subdag_operator to 2022-01-01 00:00:00+00:00, run_after=2022-01-01 00:00:00+00:00
[2026-03-06T22:34:27.135+0000] {logging_mixin.py:188} INFO - [2026-03-06T22:34:27.135+0000] {dag.py:3954} INFO - Setting next_dagrun for example_subdag_operator.section-1 to None, run_after=None
[2026-03-06T22:34:27.137+0000] {logging_mixin.py:188} INFO - [2026-03-06T22:34:27.137+0000] {dag.py:3954} INFO - Setting next_dagrun for example_subdag_operator.section-2 to None, run_after=None
[2026-03-06T22:34:27.146+0000] {logging_mixin.py:188} INFO - [2026-03-06T22:34:27.146+0000] {dag.py:3096} INFO - Sync 2 DAGs
[2026-03-06T22:34:27.153+0000] {logging_mixin.py:188} INFO - [2026-03-06T22:34:27.152+0000] {dag.py:3954} INFO - Setting next_dagrun for example_subdag_operator.section-1 to None, run_after=None
[2026-03-06T22:34:27.153+0000] {logging_mixin.py:188} INFO - [2026-03-06T22:34:27.153+0000] {dag.py:3954} INFO - Setting next_dagrun for example_subdag_operator.section-2 to None, run_after=None
[2026-03-06T22:34:27.169+0000] {processor.py:183} INFO - Processing /home/airflow/.local/lib/python3.12/site-packages/airflow/example_dags/example_subdag_operator.py took 0.139 seconds
[2026-03-06T22:34:57.225+0000] {processor.py:161} INFO - Started process (PID=490) to work on /home/airflow/.local/lib/python3.12/site-packages/airflow/example_dags/example_subdag_operator.py
[2026-03-06T22:34:57.226+0000] {processor.py:830} INFO - Processing file /home/airflow/.local/lib/python3.12/site-packages/airflow/example_dags/example_subdag_operator.py for tasks to queue
[2026-03-06T22:34:57.230+0000] {logging_mixin.py:188} INFO - [2026-03-06T22:34:57.229+0000] {dagbag.py:545} INFO - Filling up the DagBag from /home/airflow/.local/lib/python3.12/site-packages/airflow/example_dags/example_subdag_operator.py
[2026-03-06T22:34:57.271+0000] {processor.py:840} INFO - DAG(s) 'example_subdag_operator.section-1', 'example_subdag_operator.section-2', 'example_subdag_operator' retrieved from /home/airflow/.local/lib/python3.12/site-packages/airflow/example_dags/example_subdag_operator.py
[2026-03-06T22:34:57.295+0000] {logging_mixin.py:188} INFO - [2026-03-06T22:34:57.295+0000] {dag.py:3096} INFO - Sync 3 DAGs
[2026-03-06T22:34:57.334+0000] {logging_mixin.py:188} INFO - [2026-03-06T22:34:57.334+0000] {dag.py:3954} INFO - Setting next_dagrun for example_subdag_operator to 2022-01-01 00:00:00+00:00, run_after=2022-01-01 00:00:00+00:00
[2026-03-06T22:34:57.340+0000] {logging_mixin.py:188} INFO - [2026-03-06T22:34:57.340+0000] {dag.py:3954} INFO - Setting next_dagrun for example_subdag_operator.section-1 to None, run_after=None
[2026-03-06T22:34:57.343+0000] {logging_mixin.py:188} INFO - [2026-03-06T22:34:57.343+0000] {dag.py:3954} INFO - Setting next_dagrun for example_subdag_operator.section-2 to None, run_after=None
[2026-03-06T22:34:57.356+0000] {logging_mixin.py:188} INFO - [2026-03-06T22:34:57.355+0000] {dag.py:3096} INFO - Sync 2 DAGs
[2026-03-06T22:34:57.366+0000] {logging_mixin.py:188} INFO - [2026-03-06T22:34:57.366+0000] {dag.py:3954} INFO - Setting next_dagrun for example_subdag_operator.section-1 to None, run_after=None
[2026-03-06T22:34:57.367+0000] {logging_mixin.py:188} INFO - [2026-03-06T22:34:57.367+0000] {dag.py:3954} INFO - Setting next_dagrun for example_subdag_operator.section-2 to None, run_after=None
[2026-03-06T22:34:57.389+0000] {processor.py:183} INFO - Processing /home/airflow/.local/lib/python3.12/site-packages/airflow/example_dags/example_subdag_operator.py took 0.172 seconds
[2026-03-06T22:35:27.635+0000] {processor.py:161} INFO - Started process (PID=548) to work on /home/airflow/.local/lib/python3.12/site-packages/airflow/example_dags/example_subdag_operator.py
[2026-03-06T22:35:27.637+0000] {processor.py:830} INFO - Processing file /home/airflow/.local/lib/python3.12/site-packages/airflow/example_dags/example_subdag_operator.py for tasks to queue
[2026-03-06T22:35:27.641+0000] {logging_mixin.py:188} INFO - [2026-03-06T22:35:27.640+0000] {dagbag.py:545} INFO - Filling up the DagBag from /home/airflow/.local/lib/python3.12/site-packages/airflow/example_dags/example_subdag_operator.py
[2026-03-06T22:35:27.700+0000] {processor.py:840} INFO - DAG(s) 'example_subdag_operator.section-1', 'example_subdag_operator.section-2', 'example_subdag_operator' retrieved from /home/airflow/.local/lib/python3.12/site-packages/airflow/example_dags/example_subdag_operator.py
[2026-03-06T22:35:27.732+0000] {logging_mixin.py:188} INFO - [2026-03-06T22:35:27.731+0000] {dag.py:3096} INFO - Sync 3 DAGs
[2026-03-06T22:35:27.790+0000] {logging_mixin.py:188} INFO - [2026-03-06T22:35:27.789+0000] {dag.py:3954} INFO - Setting next_dagrun for example_subdag_operator to 2022-01-01 00:00:00+00:00, run_after=2022-01-01 00:00:00+00:00
[2026-03-06T22:35:27.798+0000] {logging_mixin.py:188} INFO - [2026-03-06T22:35:27.797+0000] {dag.py:3954} INFO - Setting next_dagrun for example_subdag_operator.section-1 to None, run_after=None
[2026-03-06T22:35:27.801+0000] {logging_mixin.py:188} INFO - [2026-03-06T22:35:27.801+0000] {dag.py:3954} INFO - Setting next_dagrun for example_subdag_operator.section-2 to None, run_after=None
[2026-03-06T22:35:27.817+0000] {logging_mixin.py:188} INFO - [2026-03-06T22:35:27.817+0000] {dag.py:3096} INFO - Sync 2 DAGs
[2026-03-06T22:35:27.831+0000] {logging_mixin.py:188} INFO - [2026-03-06T22:35:27.830+0000] {dag.py:3954} INFO - Setting next_dagrun for example_subdag_operator.section-1 to None, run_after=None
[2026-03-06T22:35:27.832+0000] {logging_mixin.py:188} INFO - [2026-03-06T22:35:27.832+0000] {dag.py:3954} INFO - Setting next_dagrun for example_subdag_operator.section-2 to None, run_after=None
[2026-03-06T22:35:27.875+0000] {processor.py:183} INFO - Processing /home/airflow/.local/lib/python3.12/site-packages/airflow/example_dags/example_subdag_operator.py took 0.256 seconds
[2026-03-06T22:35:58.029+0000] {processor.py:161} INFO - Started process (PID=607) to work on /home/airflow/.local/lib/python3.12/site-packages/airflow/example_dags/example_subdag_operator.py
[2026-03-06T22:35:58.030+0000] {processor.py:830} INFO - Processing file /home/airflow/.local/lib/python3.12/site-packages/airflow/example_dags/example_subdag_operator.py for tasks to queue
[2026-03-06T22:35:58.033+0000] {logging_mixin.py:188} INFO - [2026-03-06T22:35:58.032+0000] {dagbag.py:545} INFO - Filling up the DagBag from /home/airflow/.local/lib/python3.12/site-packages/airflow/example_dags/example_subdag_operator.py
[2026-03-06T22:35:58.060+0000] {processor.py:840} INFO - DAG(s) 'example_subdag_operator.section-1', 'example_subdag_operator.section-2', 'example_subdag_operator' retrieved from /home/airflow/.local/lib/python3.12/site-packages/airflow/example_dags/example_subdag_operator.py
[2026-03-06T22:35:58.079+0000] {logging_mixin.py:188} INFO - [2026-03-06T22:35:58.079+0000] {dag.py:3096} INFO - Sync 3 DAGs
[2026-03-06T22:35:58.116+0000] {logging_mixin.py:188} INFO - [2026-03-06T22:35:58.116+0000] {dag.py:3954} INFO - Setting next_dagrun for example_subdag_operator to 2022-01-01 00:00:00+00:00, run_after=2022-01-01 00:00:00+00:00
[2026-03-06T22:35:58.121+0000] {logging_mixin.py:188} INFO - [2026-03-06T22:35:58.121+0000] {dag.py:3954} INFO - Setting next_dagrun for example_subdag_operator.section-1 to None, run_after=None
[2026-03-06T22:35:58.123+0000] {logging_mixin.py:188} INFO - [2026-03-06T22:35:58.123+0000] {dag.py:3954} INFO - Setting next_dagrun for example_subdag_operator.section-2 to None, run_after=None
[2026-03-06T22:35:58.133+0000] {logging_mixin.py:188} INFO - [2026-03-06T22:35:58.133+0000] {dag.py:3096} INFO - Sync 2 DAGs
[2026-03-06T22:35:58.139+0000] {logging_mixin.py:188} INFO - [2026-03-06T22:35:58.139+0000] {dag.py:3954} INFO - Setting next_dagrun for example_subdag_operator.section-1 to None, run_after=None
[2026-03-06T22:35:58.140+0000] {logging_mixin.py:188} INFO - [2026-03-06T22:35:58.140+0000] {dag.py:3954} INFO - Setting next_dagrun for example_subdag_operator.section-2 to None, run_after=None
[2026-03-06T22:35:58.157+0000] {processor.py:183} INFO - Processing /home/airflow/.local/lib/python3.12/site-packages/airflow/example_dags/example_subdag_operator.py took 0.135 seconds
[2026-03-06T22:36:28.188+0000] {processor.py:161} INFO - Started process (PID=665) to work on /home/airflow/.local/lib/python3.12/site-packages/airflow/example_dags/example_subdag_operator.py
[2026-03-06T22:36:28.189+0000] {processor.py:830} INFO - Processing file /home/airflow/.local/lib/python3.12/site-packages/airflow/example_dags/example_subdag_operator.py for tasks to queue
[2026-03-06T22:36:28.191+0000] {logging_mixin.py:188} INFO - [2026-03-06T22:36:28.191+0000] {dagbag.py:545} INFO - Filling up the DagBag from /home/airflow/.local/lib/python3.12/site-packages/airflow/example_dags/example_subdag_operator.py
[2026-03-06T22:36:28.218+0000] {processor.py:840} INFO - DAG(s) 'example_subdag_operator.section-1', 'example_subdag_operator.section-2', 'example_subdag_operator' retrieved from /home/airflow/.local/lib/python3.12/site-packages/airflow/example_dags/example_subdag_operator.py
[2026-03-06T22:36:28.238+0000] {logging_mixin.py:188} INFO - [2026-03-06T22:36:28.238+0000] {dag.py:3096} INFO - Sync 3 DAGs
[2026-03-06T22:36:28.265+0000] {logging_mixin.py:188} INFO - [2026-03-06T22:36:28.265+0000] {dag.py:3954} INFO - Setting next_dagrun for example_subdag_operator to 2022-01-01 00:00:00+00:00, run_after=2022-01-01 00:00:00+00:00
[2026-03-06T22:36:28.270+0000] {logging_mixin.py:188} INFO - [2026-03-06T22:36:28.269+0000] {dag.py:3954} INFO - Setting next_dagrun for example_subdag_operator.section-1 to None, run_after=None
[2026-03-06T22:36:28.272+0000] {logging_mixin.py:188} INFO - [2026-03-06T22:36:28.272+0000] {dag.py:3954} INFO - Setting next_dagrun for example_subdag_operator.section-2 to None, run_after=None
[2026-03-06T22:36:28.282+0000] {logging_mixin.py:188} INFO - [2026-03-06T22:36:28.282+0000] {dag.py:3096} INFO - Sync 2 DAGs
[2026-03-06T22:36:28.288+0000] {logging_mixin.py:188} INFO - [2026-03-06T22:36:28.288+0000] {dag.py:3954} INFO - Setting next_dagrun for example_subdag_operator.section-1 to None, run_after=None
[2026-03-06T22:36:28.289+0000] {logging_mixin.py:188} INFO - [2026-03-06T22:36:28.289+0000] {dag.py:3954} INFO - Setting next_dagrun for example_subdag_operator.section-2 to None, run_after=None
[2026-03-06T22:36:28.303+0000] {processor.py:183} INFO - Processing /home/airflow/.local/lib/python3.12/site-packages/airflow/example_dags/example_subdag_operator.py took 0.123 seconds
[2026-03-06T22:36:58.691+0000] {processor.py:161} INFO - Started process (PID=722) to work on /home/airflow/.local/lib/python3.12/site-packages/airflow/example_dags/example_subdag_operator.py
[2026-03-06T22:36:58.692+0000] {processor.py:830} INFO - Processing file /home/airflow/.local/lib/python3.12/site-packages/airflow/example_dags/example_subdag_operator.py for tasks to queue
[2026-03-06T22:36:58.694+0000] {logging_mixin.py:188} INFO - [2026-03-06T22:36:58.694+0000] {dagbag.py:545} INFO - Filling up the DagBag from /home/airflow/.local/lib/python3.12/site-packages/airflow/example_dags/example_subdag_operator.py
[2026-03-06T22:36:58.723+0000] {processor.py:840} INFO - DAG(s) 'example_subdag_operator.section-1', 'example_subdag_operator.section-2', 'example_subdag_operator' retrieved from /home/airflow/.local/lib/python3.12/site-packages/airflow/example_dags/example_subdag_operator.py
[2026-03-06T22:36:58.742+0000] {logging_mixin.py:188} INFO - [2026-03-06T22:36:58.742+0000] {dag.py:3096} INFO - Sync 3 DAGs
[2026-03-06T22:36:58.775+0000] {logging_mixin.py:188} INFO - [2026-03-06T22:36:58.775+0000] {dag.py:3954} INFO - Setting next_dagrun for example_subdag_operator to 2022-01-01 00:00:00+00:00, run_after=2022-01-01 00:00:00+00:00
[2026-03-06T22:36:58.781+0000] {logging_mixin.py:188} INFO - [2026-03-06T22:36:58.781+0000] {dag.py:3954} INFO - Setting next_dagrun for example_subdag_operator.section-1 to None, run_after=None
[2026-03-06T22:36:58.784+0000] {logging_mixin.py:188} INFO - [2026-03-06T22:36:58.783+0000] {dag.py:3954} INFO - Setting next_dagrun for example_subdag_operator.section-2 to None, run_after=None
[2026-03-06T22:36:58.794+0000] {logging_mixin.py:188} INFO - [2026-03-06T22:36:58.794+0000] {dag.py:3096} INFO - Sync 2 DAGs
[2026-03-06T22:36:58.801+0000] {logging_mixin.py:188} INFO - [2026-03-06T22:36:58.800+0000] {dag.py:3954} INFO - Setting next_dagrun for example_subdag_operator.section-1 to None, run_after=None
[2026-03-06T22:36:58.801+0000] {logging_mixin.py:188} INFO - [2026-03-06T22:36:58.801+0000] {dag.py:3954} INFO - Setting next_dagrun for example_subdag_operator.section-2 to None, run_after=None
[2026-03-06T22:36:58.817+0000] {processor.py:183} INFO - Processing /home/airflow/.local/lib/python3.12/site-packages/airflow/example_dags/example_subdag_operator.py took 0.132 seconds
[2026-03-06T22:37:28.968+0000] {processor.py:161} INFO - Started process (PID=780) to work on /home/airflow/.local/lib/python3.12/site-packages/airflow/example_dags/example_subdag_operator.py
[2026-03-06T22:37:28.970+0000] {processor.py:830} INFO - Processing file /home/airflow/.local/lib/python3.12/site-packages/airflow/example_dags/example_subdag_operator.py for tasks to queue
[2026-03-06T22:37:28.973+0000] {logging_mixin.py:188} INFO - [2026-03-06T22:37:28.972+0000] {dagbag.py:545} INFO - Filling up the DagBag from /home/airflow/.local/lib/python3.12/site-packages/airflow/example_dags/example_subdag_operator.py
[2026-03-06T22:37:29.005+0000] {processor.py:840} INFO - DAG(s) 'example_subdag_operator.section-1', 'example_subdag_operator.section-2', 'example_subdag_operator' retrieved from /home/airflow/.local/lib/python3.12/site-packages/airflow/example_dags/example_subdag_operator.py
[2026-03-06T22:37:29.026+0000] {logging_mixin.py:188} INFO - [2026-03-06T22:37:29.025+0000] {dag.py:3096} INFO - Sync 3 DAGs
[2026-03-06T22:37:29.062+0000] {logging_mixin.py:188} INFO - [2026-03-06T22:37:29.062+0000] {dag.py:3954} INFO - Setting next_dagrun for example_subdag_operator to 2022-01-01 00:00:00+00:00, run_after=2022-01-01 00:00:00+00:00
[2026-03-06T22:37:29.067+0000] {logging_mixin.py:188} INFO - [2026-03-06T22:37:29.067+0000] {dag.py:3954} INFO - Setting next_dagrun for example_subdag_operator.section-1 to None, run_after=None
[2026-03-06T22:37:29.070+0000] {logging_mixin.py:188} INFO - [2026-03-06T22:37:29.069+0000] {dag.py:3954} INFO - Setting next_dagrun for example_subdag_operator.section-2 to None, run_after=None
[2026-03-06T22:37:29.082+0000] {logging_mixin.py:188} INFO - [2026-03-06T22:37:29.081+0000] {dag.py:3096} INFO - Sync 2 DAGs
[2026-03-06T22:37:29.092+0000] {logging_mixin.py:188} INFO - [2026-03-06T22:37:29.092+0000] {dag.py:3954} INFO - Setting next_dagrun for example_subdag_operator.section-1 to None, run_after=None
[2026-03-06T22:37:29.093+0000] {logging_mixin.py:188} INFO - [2026-03-06T22:37:29.093+0000] {dag.py:3954} INFO - Setting next_dagrun for example_subdag_operator.section-2 to None, run_after=None
[2026-03-06T22:37:29.109+0000] {processor.py:183} INFO - Processing /home/airflow/.local/lib/python3.12/site-packages/airflow/example_dags/example_subdag_operator.py took 0.149 seconds
[2026-03-06T22:37:59.322+0000] {processor.py:161} INFO - Started process (PID=838) to work on /home/airflow/.local/lib/python3.12/site-packages/airflow/example_dags/example_subdag_operator.py
[2026-03-06T22:37:59.324+0000] {processor.py:830} INFO - Processing file /home/airflow/.local/lib/python3.12/site-packages/airflow/example_dags/example_subdag_operator.py for tasks to queue
[2026-03-06T22:37:59.327+0000] {logging_mixin.py:188} INFO - [2026-03-06T22:37:59.327+0000] {dagbag.py:545} INFO - Filling up the DagBag from /home/airflow/.local/lib/python3.12/site-packages/airflow/example_dags/example_subdag_operator.py
[2026-03-06T22:37:59.363+0000] {processor.py:840} INFO - DAG(s) 'example_subdag_operator.section-1', 'example_subdag_operator.section-2', 'example_subdag_operator' retrieved from /home/airflow/.local/lib/python3.12/site-packages/airflow/example_dags/example_subdag_operator.py
[2026-03-06T22:37:59.389+0000] {logging_mixin.py:188} INFO - [2026-03-06T22:37:59.389+0000] {dag.py:3096} INFO - Sync 3 DAGs
[2026-03-06T22:37:59.418+0000] {logging_mixin.py:188} INFO - [2026-03-06T22:37:59.417+0000] {dag.py:3954} INFO - Setting next_dagrun for example_subdag_operator to 2022-01-01 00:00:00+00:00, run_after=2022-01-01 00:00:00+00:00
[2026-03-06T22:37:59.422+0000] {logging_mixin.py:188} INFO - [2026-03-06T22:37:59.422+0000] {dag.py:3954} INFO - Setting next_dagrun for example_subdag_operator.section-1 to None, run_after=None
[2026-03-06T22:37:59.424+0000] {logging_mixin.py:188} INFO - [2026-03-06T22:37:59.424+0000] {dag.py:3954} INFO - Setting next_dagrun for example_subdag_operator.section-2 to None, run_after=None
[2026-03-06T22:37:59.433+0000] {logging_mixin.py:188} INFO - [2026-03-06T22:37:59.433+0000] {dag.py:3096} INFO - Sync 2 DAGs
[2026-03-06T22:37:59.440+0000] {logging_mixin.py:188} INFO - [2026-03-06T22:37:59.440+0000] {dag.py:3954} INFO - Setting next_dagrun for example_subdag_operator.section-1 to None, run_after=None
[2026-03-06T22:37:59.441+0000] {logging_mixin.py:188} INFO - [2026-03-06T22:37:59.440+0000] {dag.py:3954} INFO - Setting next_dagrun for example_subdag_operator.section-2 to None, run_after=None
[2026-03-06T22:37:59.454+0000] {processor.py:183} INFO - Processing /home/airflow/.local/lib/python3.12/site-packages/airflow/example_dags/example_subdag_operator.py took 0.150 seconds
[2026-03-06T22:38:29.879+0000] {processor.py:161} INFO - Started process (PID=896) to work on /home/airflow/.local/lib/python3.12/site-packages/airflow/example_dags/example_subdag_operator.py
[2026-03-06T22:38:29.882+0000] {processor.py:830} INFO - Processing file /home/airflow/.local/lib/python3.12/site-packages/airflow/example_dags/example_subdag_operator.py for tasks to queue
[2026-03-06T22:38:29.886+0000] {logging_mixin.py:188} INFO - [2026-03-06T22:38:29.885+0000] {dagbag.py:545} INFO - Filling up the DagBag from /home/airflow/.local/lib/python3.12/site-packages/airflow/example_dags/example_subdag_operator.py
[2026-03-06T22:38:29.915+0000] {processor.py:840} INFO - DAG(s) 'example_subdag_operator.section-1', 'example_subdag_operator.section-2', 'example_subdag_operator' retrieved from /home/airflow/.local/lib/python3.12/site-packages/airflow/example_dags/example_subdag_operator.py
[2026-03-06T22:38:29.934+0000] {logging_mixin.py:188} INFO - [2026-03-06T22:38:29.934+0000] {dag.py:3096} INFO - Sync 3 DAGs
[2026-03-06T22:38:29.962+0000] {logging_mixin.py:188} INFO - [2026-03-06T22:38:29.962+0000] {dag.py:3954} INFO - Setting next_dagrun for example_subdag_operator to 2022-01-01 00:00:00+00:00, run_after=2022-01-01 00:00:00+00:00
[2026-03-06T22:38:29.967+0000] {logging_mixin.py:188} INFO - [2026-03-06T22:38:29.967+0000] {dag.py:3954} INFO - Setting next_dagrun for example_subdag_operator.section-1 to None, run_after=None
[2026-03-06T22:38:29.969+0000] {logging_mixin.py:188} INFO - [2026-03-06T22:38:29.969+0000] {dag.py:3954} INFO - Setting next_dagrun for example_subdag_operator.section-2 to None, run_after=None
[2026-03-06T22:38:29.978+0000] {logging_mixin.py:188} INFO - [2026-03-06T22:38:29.978+0000] {dag.py:3096} INFO - Sync 2 DAGs
[2026-03-06T22:38:29.986+0000] {logging_mixin.py:188} INFO - [2026-03-06T22:38:29.986+0000] {dag.py:3954} INFO - Setting next_dagrun for example_subdag_operator.section-1 to None, run_after=None
[2026-03-06T22:38:29.987+0000] {logging_mixin.py:188} INFO - [2026-03-06T22:38:29.987+0000] {dag.py:3954} INFO - Setting next_dagrun for example_subdag_operator.section-2 to None, run_after=None
[2026-03-06T22:38:30.000+0000] {processor.py:183} INFO - Processing /home/airflow/.local/lib/python3.12/site-packages/airflow/example_dags/example_subdag_operator.py took 0.142 seconds
[2026-03-06T22:39:00.186+0000] {processor.py:161} INFO - Started process (PID=954) to work on /home/airflow/.local/lib/python3.12/site-packages/airflow/example_dags/example_subdag_operator.py
[2026-03-06T22:39:00.188+0000] {processor.py:830} INFO - Processing file /home/airflow/.local/lib/python3.12/site-packages/airflow/example_dags/example_subdag_operator.py for tasks to queue
[2026-03-06T22:39:00.191+0000] {logging_mixin.py:188} INFO - [2026-03-06T22:39:00.191+0000] {dagbag.py:545} INFO - Filling up the DagBag from /home/airflow/.local/lib/python3.12/site-packages/airflow/example_dags/example_subdag_operator.py
[2026-03-06T22:39:00.221+0000] {processor.py:840} INFO - DAG(s) 'example_subdag_operator.section-1', 'example_subdag_operator.section-2', 'example_subdag_operator' retrieved from /home/airflow/.local/lib/python3.12/site-packages/airflow/example_dags/example_subdag_operator.py
[2026-03-06T22:39:00.241+0000] {logging_mixin.py:188} INFO - [2026-03-06T22:39:00.241+0000] {dag.py:3096} INFO - Sync 3 DAGs
[2026-03-06T22:39:00.269+0000] {logging_mixin.py:188} INFO - [2026-03-06T22:39:00.269+0000] {dag.py:3954} INFO - Setting next_dagrun for example_subdag_operator to 2022-01-01 00:00:00+00:00, run_after=2022-01-01 00:00:00+00:00
[2026-03-06T22:39:00.274+0000] {logging_mixin.py:188} INFO - [2026-03-06T22:39:00.273+0000] {dag.py:3954} INFO - Setting next_dagrun for example_subdag_operator.section-1 to None, run_after=None
[2026-03-06T22:39:00.276+0000] {logging_mixin.py:188} INFO - [2026-03-06T22:39:00.276+0000] {dag.py:3954} INFO - Setting next_dagrun for example_subdag_operator.section-2 to None, run_after=None
[2026-03-06T22:39:00.286+0000] {logging_mixin.py:188} INFO - [2026-03-06T22:39:00.286+0000] {dag.py:3096} INFO - Sync 2 DAGs
[2026-03-06T22:39:00.295+0000] {logging_mixin.py:188} INFO - [2026-03-06T22:39:00.294+0000] {dag.py:3954} INFO - Setting next_dagrun for example_subdag_operator.section-1 to None, run_after=None
[2026-03-06T22:39:00.296+0000] {logging_mixin.py:188} INFO - [2026-03-06T22:39:00.295+0000] {dag.py:3954} INFO - Setting next_dagrun for example_subdag_operator.section-2 to None, run_after=None
[2026-03-06T22:39:00.309+0000] {processor.py:183} INFO - Processing /home/airflow/.local/lib/python3.12/site-packages/airflow/example_dags/example_subdag_operator.py took 0.135 seconds
[2026-03-06T22:39:30.845+0000] {processor.py:161} INFO - Started process (PID=1012) to work on /home/airflow/.local/lib/python3.12/site-packages/airflow/example_dags/example_subdag_operator.py
[2026-03-06T22:39:30.847+0000] {processor.py:830} INFO - Processing file /home/airflow/.local/lib/python3.12/site-packages/airflow/example_dags/example_subdag_operator.py for tasks to queue
[2026-03-06T22:39:30.851+0000] {logging_mixin.py:188} INFO - [2026-03-06T22:39:30.850+0000] {dagbag.py:545} INFO - Filling up the DagBag from /home/airflow/.local/lib/python3.12/site-packages/airflow/example_dags/example_subdag_operator.py
[2026-03-06T22:39:30.881+0000] {processor.py:840} INFO - DAG(s) 'example_subdag_operator.section-1', 'example_subdag_operator.section-2', 'example_subdag_operator' retrieved from /home/airflow/.local/lib/python3.12/site-packages/airflow/example_dags/example_subdag_operator.py
[2026-03-06T22:39:30.900+0000] {logging_mixin.py:188} INFO - [2026-03-06T22:39:30.899+0000] {dag.py:3096} INFO - Sync 3 DAGs
[2026-03-06T22:39:30.928+0000] {logging_mixin.py:188} INFO - [2026-03-06T22:39:30.927+0000] {dag.py:3954} INFO - Setting next_dagrun for example_subdag_operator to 2022-01-01 00:00:00+00:00, run_after=2022-01-01 00:00:00+00:00
[2026-03-06T22:39:30.933+0000] {logging_mixin.py:188} INFO - [2026-03-06T22:39:30.933+0000] {dag.py:3954} INFO - Setting next_dagrun for example_subdag_operator.section-1 to None, run_after=None
[2026-03-06T22:39:30.935+0000] {logging_mixin.py:188} INFO - [2026-03-06T22:39:30.935+0000] {dag.py:3954} INFO - Setting next_dagrun for example_subdag_operator.section-2 to None, run_after=None
[2026-03-06T22:39:30.944+0000] {logging_mixin.py:188} INFO - [2026-03-06T22:39:30.944+0000] {dag.py:3096} INFO - Sync 2 DAGs
[2026-03-06T22:39:30.952+0000] {logging_mixin.py:188} INFO - [2026-03-06T22:39:30.952+0000] {dag.py:3954} INFO - Setting next_dagrun for example_subdag_operator.section-1 to None, run_after=None
[2026-03-06T22:39:30.953+0000] {logging_mixin.py:188} INFO - [2026-03-06T22:39:30.952+0000] {dag.py:3954} INFO - Setting next_dagrun for example_subdag_operator.section-2 to None, run_after=None
[2026-03-06T22:39:30.965+0000] {processor.py:183} INFO - Processing /home/airflow/.local/lib/python3.12/site-packages/airflow/example_dags/example_subdag_operator.py took 0.139 seconds
[2026-03-06T22:40:01.736+0000] {processor.py:161} INFO - Started process (PID=1070) to work on /home/airflow/.local/lib/python3.12/site-packages/airflow/example_dags/example_subdag_operator.py
[2026-03-06T22:40:01.739+0000] {processor.py:830} INFO - Processing file /home/airflow/.local/lib/python3.12/site-packages/airflow/example_dags/example_subdag_operator.py for tasks to queue
[2026-03-06T22:40:01.741+0000] {logging_mixin.py:188} INFO - [2026-03-06T22:40:01.741+0000] {dagbag.py:545} INFO - Filling up the DagBag from /home/airflow/.local/lib/python3.12/site-packages/airflow/example_dags/example_subdag_operator.py
[2026-03-06T22:40:01.777+0000] {processor.py:840} INFO - DAG(s) 'example_subdag_operator.section-1', 'example_subdag_operator.section-2', 'example_subdag_operator' retrieved from /home/airflow/.local/lib/python3.12/site-packages/airflow/example_dags/example_subdag_operator.py
[2026-03-06T22:40:01.806+0000] {logging_mixin.py:188} INFO - [2026-03-06T22:40:01.805+0000] {dag.py:3096} INFO - Sync 3 DAGs
[2026-03-06T22:40:01.843+0000] {logging_mixin.py:188} INFO - [2026-03-06T22:40:01.842+0000] {dag.py:3954} INFO - Setting next_dagrun for example_subdag_operator to 2022-01-01 00:00:00+00:00, run_after=2022-01-01 00:00:00+00:00
[2026-03-06T22:40:01.849+0000] {logging_mixin.py:188} INFO - [2026-03-06T22:40:01.848+0000] {dag.py:3954} INFO - Setting next_dagrun for example_subdag_operator.section-1 to None, run_after=None
[2026-03-06T22:40:01.851+0000] {logging_mixin.py:188} INFO - [2026-03-06T22:40:01.851+0000] {dag.py:3954} INFO - Setting next_dagrun for example_subdag_operator.section-2 to None, run_after=None
[2026-03-06T22:40:01.863+0000] {logging_mixin.py:188} INFO - [2026-03-06T22:40:01.862+0000] {dag.py:3096} INFO - Sync 2 DAGs
[2026-03-06T22:40:01.872+0000] {logging_mixin.py:188} INFO - [2026-03-06T22:40:01.871+0000] {dag.py:3954} INFO - Setting next_dagrun for example_subdag_operator.section-1 to None, run_after=None
[2026-03-06T22:40:01.873+0000] {logging_mixin.py:188} INFO - [2026-03-06T22:40:01.872+0000] {dag.py:3954} INFO - Setting next_dagrun for example_subdag_operator.section-2 to None, run_after=None
[2026-03-06T22:40:01.887+0000] {processor.py:183} INFO - Processing /home/airflow/.local/lib/python3.12/site-packages/airflow/example_dags/example_subdag_operator.py took 0.158 seconds
[2026-03-06T22:40:32.079+0000] {processor.py:161} INFO - Started process (PID=1128) to work on /home/airflow/.local/lib/python3.12/site-packages/airflow/example_dags/example_subdag_operator.py
[2026-03-06T22:40:32.080+0000] {processor.py:830} INFO - Processing file /home/airflow/.local/lib/python3.12/site-packages/airflow/example_dags/example_subdag_operator.py for tasks to queue
[2026-03-06T22:40:32.082+0000] {logging_mixin.py:188} INFO - [2026-03-06T22:40:32.082+0000] {dagbag.py:545} INFO - Filling up the DagBag from /home/airflow/.local/lib/python3.12/site-packages/airflow/example_dags/example_subdag_operator.py
[2026-03-06T22:40:32.114+0000] {processor.py:840} INFO - DAG(s) 'example_subdag_operator.section-1', 'example_subdag_operator.section-2', 'example_subdag_operator' retrieved from /home/airflow/.local/lib/python3.12/site-packages/airflow/example_dags/example_subdag_operator.py
[2026-03-06T22:40:32.134+0000] {logging_mixin.py:188} INFO - [2026-03-06T22:40:32.134+0000] {dag.py:3096} INFO - Sync 3 DAGs
[2026-03-06T22:40:32.164+0000] {logging_mixin.py:188} INFO - [2026-03-06T22:40:32.164+0000] {dag.py:3954} INFO - Setting next_dagrun for example_subdag_operator to 2022-01-01 00:00:00+00:00, run_after=2022-01-01 00:00:00+00:00
[2026-03-06T22:40:32.170+0000] {logging_mixin.py:188} INFO - [2026-03-06T22:40:32.169+0000] {dag.py:3954} INFO - Setting next_dagrun for example_subdag_operator.section-1 to None, run_after=None
[2026-03-06T22:40:32.172+0000] {logging_mixin.py:188} INFO - [2026-03-06T22:40:32.172+0000] {dag.py:3954} INFO - Setting next_dagrun for example_subdag_operator.section-2 to None, run_after=None
[2026-03-06T22:40:32.182+0000] {logging_mixin.py:188} INFO - [2026-03-06T22:40:32.182+0000] {dag.py:3096} INFO - Sync 2 DAGs
[2026-03-06T22:40:32.190+0000] {logging_mixin.py:188} INFO - [2026-03-06T22:40:32.189+0000] {dag.py:3954} INFO - Setting next_dagrun for example_subdag_operator.section-1 to None, run_after=None
[2026-03-06T22:40:32.191+0000] {logging_mixin.py:188} INFO - [2026-03-06T22:40:32.191+0000] {dag.py:3954} INFO - Setting next_dagrun for example_subdag_operator.section-2 to None, run_after=None
[2026-03-06T22:40:32.207+0000] {processor.py:183} INFO - Processing /home/airflow/.local/lib/python3.12/site-packages/airflow/example_dags/example_subdag_operator.py took 0.135 seconds
[2026-03-06T22:41:02.522+0000] {processor.py:161} INFO - Started process (PID=1186) to work on /home/airflow/.local/lib/python3.12/site-packages/airflow/example_dags/example_subdag_operator.py
[2026-03-06T22:41:02.523+0000] {processor.py:830} INFO - Processing file /home/airflow/.local/lib/python3.12/site-packages/airflow/example_dags/example_subdag_operator.py for tasks to queue
[2026-03-06T22:41:02.527+0000] {logging_mixin.py:188} INFO - [2026-03-06T22:41:02.526+0000] {dagbag.py:545} INFO - Filling up the DagBag from /home/airflow/.local/lib/python3.12/site-packages/airflow/example_dags/example_subdag_operator.py
[2026-03-06T22:41:02.557+0000] {processor.py:840} INFO - DAG(s) 'example_subdag_operator.section-1', 'example_subdag_operator.section-2', 'example_subdag_operator' retrieved from /home/airflow/.local/lib/python3.12/site-packages/airflow/example_dags/example_subdag_operator.py
[2026-03-06T22:41:02.584+0000] {logging_mixin.py:188} INFO - [2026-03-06T22:41:02.584+0000] {dag.py:3096} INFO - Sync 3 DAGs
[2026-03-06T22:41:02.618+0000] {logging_mixin.py:188} INFO - [2026-03-06T22:41:02.618+0000] {dag.py:3954} INFO - Setting next_dagrun for example_subdag_operator to 2022-01-01 00:00:00+00:00, run_after=2022-01-01 00:00:00+00:00
[2026-03-06T22:41:02.623+0000] {logging_mixin.py:188} INFO - [2026-03-06T22:41:02.623+0000] {dag.py:3954} INFO - Setting next_dagrun for example_subdag_operator.section-1 to None, run_after=None
[2026-03-06T22:41:02.625+0000] {logging_mixin.py:188} INFO - [2026-03-06T22:41:02.625+0000] {dag.py:3954} INFO - Setting next_dagrun for example_subdag_operator.section-2 to None, run_after=None
[2026-03-06T22:41:02.635+0000] {logging_mixin.py:188} INFO - [2026-03-06T22:41:02.635+0000] {dag.py:3096} INFO - Sync 2 DAGs
[2026-03-06T22:41:02.642+0000] {logging_mixin.py:188} INFO - [2026-03-06T22:41:02.641+0000] {dag.py:3954} INFO - Setting next_dagrun for example_subdag_operator.section-1 to None, run_after=None
[2026-03-06T22:41:02.642+0000] {logging_mixin.py:188} INFO - [2026-03-06T22:41:02.642+0000] {dag.py:3954} INFO - Setting next_dagrun for example_subdag_operator.section-2 to None, run_after=None
[2026-03-06T22:41:02.657+0000] {processor.py:183} INFO - Processing /home/airflow/.local/lib/python3.12/site-packages/airflow/example_dags/example_subdag_operator.py took 0.144 seconds
