[2026-03-06T22:30:50.437+0000] {processor.py:161} INFO - Started process (PID=103) to work on /home/airflow/.local/lib/python3.12/site-packages/airflow/example_dags/example_setup_teardown.py
[2026-03-06T22:30:50.438+0000] {processor.py:830} INFO - Processing file /home/airflow/.local/lib/python3.12/site-packages/airflow/example_dags/example_setup_teardown.py for tasks to queue
[2026-03-06T22:30:50.443+0000] {logging_mixin.py:188} INFO - [2026-03-06T22:30:50.442+0000] {dagbag.py:545} INFO - Filling up the DagBag from /home/airflow/.local/lib/python3.12/site-packages/airflow/example_dags/example_setup_teardown.py
[2026-03-06T22:30:50.452+0000] {processor.py:840} INFO - DAG(s) 'example_setup_teardown' retrieved from /home/airflow/.local/lib/python3.12/site-packages/airflow/example_dags/example_setup_teardown.py
[2026-03-06T22:30:50.599+0000] {logging_mixin.py:188} INFO - [2026-03-06T22:30:50.599+0000] {override.py:1829} INFO - Created Permission View: can delete on DAG:example_setup_teardown
[2026-03-06T22:30:50.614+0000] {logging_mixin.py:188} INFO - [2026-03-06T22:30:50.614+0000] {override.py:1829} INFO - Created Permission View: can read on DAG:example_setup_teardown
[2026-03-06T22:30:50.623+0000] {logging_mixin.py:188} INFO - [2026-03-06T22:30:50.623+0000] {override.py:1829} INFO - Created Permission View: can edit on DAG:example_setup_teardown
[2026-03-06T22:30:50.624+0000] {logging_mixin.py:188} INFO - [2026-03-06T22:30:50.624+0000] {dag.py:3096} INFO - Sync 1 DAGs
[2026-03-06T22:30:50.637+0000] {logging_mixin.py:188} INFO - [2026-03-06T22:30:50.637+0000] {dag.py:3118} INFO - Creating ORM DAG for example_setup_teardown
[2026-03-06T22:30:50.652+0000] {logging_mixin.py:188} INFO - [2026-03-06T22:30:50.652+0000] {dag.py:3954} INFO - Setting next_dagrun for example_setup_teardown to 2026-03-05 00:00:00+00:00, run_after=2026-03-06 00:00:00+00:00
[2026-03-06T22:30:50.677+0000] {processor.py:183} INFO - Processing /home/airflow/.local/lib/python3.12/site-packages/airflow/example_dags/example_setup_teardown.py took 0.247 seconds
[2026-03-06T22:31:22.649+0000] {processor.py:161} INFO - Started process (PID=83) to work on /home/airflow/.local/lib/python3.12/site-packages/airflow/example_dags/example_setup_teardown.py
[2026-03-06T22:31:22.651+0000] {processor.py:830} INFO - Processing file /home/airflow/.local/lib/python3.12/site-packages/airflow/example_dags/example_setup_teardown.py for tasks to queue
[2026-03-06T22:31:22.655+0000] {logging_mixin.py:188} INFO - [2026-03-06T22:31:22.655+0000] {dagbag.py:545} INFO - Filling up the DagBag from /home/airflow/.local/lib/python3.12/site-packages/airflow/example_dags/example_setup_teardown.py
[2026-03-06T22:31:22.665+0000] {processor.py:840} INFO - DAG(s) 'example_setup_teardown' retrieved from /home/airflow/.local/lib/python3.12/site-packages/airflow/example_dags/example_setup_teardown.py
[2026-03-06T22:31:22.699+0000] {logging_mixin.py:188} INFO - [2026-03-06T22:31:22.699+0000] {dag.py:3096} INFO - Sync 1 DAGs
[2026-03-06T22:31:22.739+0000] {logging_mixin.py:188} INFO - [2026-03-06T22:31:22.739+0000] {dag.py:3954} INFO - Setting next_dagrun for example_setup_teardown to 2026-03-05 00:00:00+00:00, run_after=2026-03-06 00:00:00+00:00
[2026-03-06T22:31:22.770+0000] {processor.py:183} INFO - Processing /home/airflow/.local/lib/python3.12/site-packages/airflow/example_dags/example_setup_teardown.py took 0.130 seconds
[2026-03-06T22:31:52.988+0000] {processor.py:161} INFO - Started process (PID=141) to work on /home/airflow/.local/lib/python3.12/site-packages/airflow/example_dags/example_setup_teardown.py
[2026-03-06T22:31:52.989+0000] {processor.py:830} INFO - Processing file /home/airflow/.local/lib/python3.12/site-packages/airflow/example_dags/example_setup_teardown.py for tasks to queue
[2026-03-06T22:31:52.993+0000] {logging_mixin.py:188} INFO - [2026-03-06T22:31:52.991+0000] {dagbag.py:545} INFO - Filling up the DagBag from /home/airflow/.local/lib/python3.12/site-packages/airflow/example_dags/example_setup_teardown.py
[2026-03-06T22:31:53.005+0000] {processor.py:840} INFO - DAG(s) 'example_setup_teardown' retrieved from /home/airflow/.local/lib/python3.12/site-packages/airflow/example_dags/example_setup_teardown.py
[2026-03-06T22:31:53.036+0000] {logging_mixin.py:188} INFO - [2026-03-06T22:31:53.035+0000] {dag.py:3096} INFO - Sync 1 DAGs
[2026-03-06T22:31:53.072+0000] {logging_mixin.py:188} INFO - [2026-03-06T22:31:53.072+0000] {dag.py:3954} INFO - Setting next_dagrun for example_setup_teardown to 2026-03-05 00:00:00+00:00, run_after=2026-03-06 00:00:00+00:00
[2026-03-06T22:31:53.103+0000] {processor.py:183} INFO - Processing /home/airflow/.local/lib/python3.12/site-packages/airflow/example_dags/example_setup_teardown.py took 0.124 seconds
[2026-03-06T22:32:23.159+0000] {processor.py:161} INFO - Started process (PID=199) to work on /home/airflow/.local/lib/python3.12/site-packages/airflow/example_dags/example_setup_teardown.py
[2026-03-06T22:32:23.160+0000] {processor.py:830} INFO - Processing file /home/airflow/.local/lib/python3.12/site-packages/airflow/example_dags/example_setup_teardown.py for tasks to queue
[2026-03-06T22:32:23.163+0000] {logging_mixin.py:188} INFO - [2026-03-06T22:32:23.162+0000] {dagbag.py:545} INFO - Filling up the DagBag from /home/airflow/.local/lib/python3.12/site-packages/airflow/example_dags/example_setup_teardown.py
[2026-03-06T22:32:23.171+0000] {processor.py:840} INFO - DAG(s) 'example_setup_teardown' retrieved from /home/airflow/.local/lib/python3.12/site-packages/airflow/example_dags/example_setup_teardown.py
[2026-03-06T22:32:23.196+0000] {logging_mixin.py:188} INFO - [2026-03-06T22:32:23.196+0000] {dag.py:3096} INFO - Sync 1 DAGs
[2026-03-06T22:32:23.225+0000] {logging_mixin.py:188} INFO - [2026-03-06T22:32:23.224+0000] {dag.py:3954} INFO - Setting next_dagrun for example_setup_teardown to 2026-03-05 00:00:00+00:00, run_after=2026-03-06 00:00:00+00:00
[2026-03-06T22:32:23.403+0000] {processor.py:183} INFO - Processing /home/airflow/.local/lib/python3.12/site-packages/airflow/example_dags/example_setup_teardown.py took 0.251 seconds
[2026-03-06T22:32:53.493+0000] {processor.py:161} INFO - Started process (PID=257) to work on /home/airflow/.local/lib/python3.12/site-packages/airflow/example_dags/example_setup_teardown.py
[2026-03-06T22:32:53.494+0000] {processor.py:830} INFO - Processing file /home/airflow/.local/lib/python3.12/site-packages/airflow/example_dags/example_setup_teardown.py for tasks to queue
[2026-03-06T22:32:53.497+0000] {logging_mixin.py:188} INFO - [2026-03-06T22:32:53.497+0000] {dagbag.py:545} INFO - Filling up the DagBag from /home/airflow/.local/lib/python3.12/site-packages/airflow/example_dags/example_setup_teardown.py
[2026-03-06T22:32:53.505+0000] {processor.py:840} INFO - DAG(s) 'example_setup_teardown' retrieved from /home/airflow/.local/lib/python3.12/site-packages/airflow/example_dags/example_setup_teardown.py
[2026-03-06T22:32:53.519+0000] {logging_mixin.py:188} INFO - [2026-03-06T22:32:53.519+0000] {dag.py:3096} INFO - Sync 1 DAGs
[2026-03-06T22:32:53.547+0000] {logging_mixin.py:188} INFO - [2026-03-06T22:32:53.546+0000] {dag.py:3954} INFO - Setting next_dagrun for example_setup_teardown to 2026-03-05 00:00:00+00:00, run_after=2026-03-06 00:00:00+00:00
[2026-03-06T22:32:53.587+0000] {processor.py:183} INFO - Processing /home/airflow/.local/lib/python3.12/site-packages/airflow/example_dags/example_setup_teardown.py took 0.101 seconds
[2026-03-06T22:33:26.121+0000] {processor.py:161} INFO - Started process (PID=321) to work on /home/airflow/.local/lib/python3.12/site-packages/airflow/example_dags/example_setup_teardown.py
[2026-03-06T22:33:26.123+0000] {processor.py:830} INFO - Processing file /home/airflow/.local/lib/python3.12/site-packages/airflow/example_dags/example_setup_teardown.py for tasks to queue
[2026-03-06T22:33:26.126+0000] {logging_mixin.py:188} INFO - [2026-03-06T22:33:26.125+0000] {dagbag.py:545} INFO - Filling up the DagBag from /home/airflow/.local/lib/python3.12/site-packages/airflow/example_dags/example_setup_teardown.py
[2026-03-06T22:33:26.137+0000] {processor.py:840} INFO - DAG(s) 'example_setup_teardown' retrieved from /home/airflow/.local/lib/python3.12/site-packages/airflow/example_dags/example_setup_teardown.py
[2026-03-06T22:33:26.275+0000] {logging_mixin.py:188} INFO - [2026-03-06T22:33:26.274+0000] {dag.py:3096} INFO - Sync 1 DAGs
[2026-03-06T22:33:26.306+0000] {logging_mixin.py:188} INFO - [2026-03-06T22:33:26.305+0000] {dag.py:3954} INFO - Setting next_dagrun for example_setup_teardown to 2026-03-05 00:00:00+00:00, run_after=2026-03-06 00:00:00+00:00
[2026-03-06T22:33:26.336+0000] {processor.py:183} INFO - Processing /home/airflow/.local/lib/python3.12/site-packages/airflow/example_dags/example_setup_teardown.py took 0.223 seconds
[2026-03-06T22:33:56.577+0000] {processor.py:161} INFO - Started process (PID=379) to work on /home/airflow/.local/lib/python3.12/site-packages/airflow/example_dags/example_setup_teardown.py
[2026-03-06T22:33:56.579+0000] {processor.py:830} INFO - Processing file /home/airflow/.local/lib/python3.12/site-packages/airflow/example_dags/example_setup_teardown.py for tasks to queue
[2026-03-06T22:33:56.584+0000] {logging_mixin.py:188} INFO - [2026-03-06T22:33:56.582+0000] {dagbag.py:545} INFO - Filling up the DagBag from /home/airflow/.local/lib/python3.12/site-packages/airflow/example_dags/example_setup_teardown.py
[2026-03-06T22:33:56.602+0000] {processor.py:840} INFO - DAG(s) 'example_setup_teardown' retrieved from /home/airflow/.local/lib/python3.12/site-packages/airflow/example_dags/example_setup_teardown.py
[2026-03-06T22:33:56.653+0000] {logging_mixin.py:188} INFO - [2026-03-06T22:33:56.653+0000] {dag.py:3096} INFO - Sync 1 DAGs
[2026-03-06T22:33:56.724+0000] {logging_mixin.py:188} INFO - [2026-03-06T22:33:56.724+0000] {dag.py:3954} INFO - Setting next_dagrun for example_setup_teardown to 2026-03-05 00:00:00+00:00, run_after=2026-03-06 00:00:00+00:00
[2026-03-06T22:33:56.845+0000] {processor.py:183} INFO - Processing /home/airflow/.local/lib/python3.12/site-packages/airflow/example_dags/example_setup_teardown.py took 0.282 seconds
[2026-03-06T22:34:27.498+0000] {processor.py:161} INFO - Started process (PID=437) to work on /home/airflow/.local/lib/python3.12/site-packages/airflow/example_dags/example_setup_teardown.py
[2026-03-06T22:34:27.499+0000] {processor.py:830} INFO - Processing file /home/airflow/.local/lib/python3.12/site-packages/airflow/example_dags/example_setup_teardown.py for tasks to queue
[2026-03-06T22:34:27.502+0000] {logging_mixin.py:188} INFO - [2026-03-06T22:34:27.501+0000] {dagbag.py:545} INFO - Filling up the DagBag from /home/airflow/.local/lib/python3.12/site-packages/airflow/example_dags/example_setup_teardown.py
[2026-03-06T22:34:27.512+0000] {processor.py:840} INFO - DAG(s) 'example_setup_teardown' retrieved from /home/airflow/.local/lib/python3.12/site-packages/airflow/example_dags/example_setup_teardown.py
[2026-03-06T22:34:27.549+0000] {logging_mixin.py:188} INFO - [2026-03-06T22:34:27.549+0000] {dag.py:3096} INFO - Sync 1 DAGs
[2026-03-06T22:34:27.584+0000] {logging_mixin.py:188} INFO - [2026-03-06T22:34:27.583+0000] {dag.py:3954} INFO - Setting next_dagrun for example_setup_teardown to 2026-03-05 00:00:00+00:00, run_after=2026-03-06 00:00:00+00:00
[2026-03-06T22:34:27.625+0000] {processor.py:183} INFO - Processing /home/airflow/.local/lib/python3.12/site-packages/airflow/example_dags/example_setup_teardown.py took 0.135 seconds
[2026-03-06T22:34:57.720+0000] {processor.py:161} INFO - Started process (PID=495) to work on /home/airflow/.local/lib/python3.12/site-packages/airflow/example_dags/example_setup_teardown.py
[2026-03-06T22:34:57.721+0000] {processor.py:830} INFO - Processing file /home/airflow/.local/lib/python3.12/site-packages/airflow/example_dags/example_setup_teardown.py for tasks to queue
[2026-03-06T22:34:57.724+0000] {logging_mixin.py:188} INFO - [2026-03-06T22:34:57.723+0000] {dagbag.py:545} INFO - Filling up the DagBag from /home/airflow/.local/lib/python3.12/site-packages/airflow/example_dags/example_setup_teardown.py
[2026-03-06T22:34:57.736+0000] {processor.py:840} INFO - DAG(s) 'example_setup_teardown' retrieved from /home/airflow/.local/lib/python3.12/site-packages/airflow/example_dags/example_setup_teardown.py
[2026-03-06T22:34:57.762+0000] {logging_mixin.py:188} INFO - [2026-03-06T22:34:57.761+0000] {dag.py:3096} INFO - Sync 1 DAGs
[2026-03-06T22:34:57.792+0000] {logging_mixin.py:188} INFO - [2026-03-06T22:34:57.792+0000] {dag.py:3954} INFO - Setting next_dagrun for example_setup_teardown to 2026-03-05 00:00:00+00:00, run_after=2026-03-06 00:00:00+00:00
[2026-03-06T22:34:57.821+0000] {processor.py:183} INFO - Processing /home/airflow/.local/lib/python3.12/site-packages/airflow/example_dags/example_setup_teardown.py took 0.109 seconds
[2026-03-06T22:35:28.084+0000] {processor.py:161} INFO - Started process (PID=553) to work on /home/airflow/.local/lib/python3.12/site-packages/airflow/example_dags/example_setup_teardown.py
[2026-03-06T22:35:28.086+0000] {processor.py:830} INFO - Processing file /home/airflow/.local/lib/python3.12/site-packages/airflow/example_dags/example_setup_teardown.py for tasks to queue
[2026-03-06T22:35:28.088+0000] {logging_mixin.py:188} INFO - [2026-03-06T22:35:28.088+0000] {dagbag.py:545} INFO - Filling up the DagBag from /home/airflow/.local/lib/python3.12/site-packages/airflow/example_dags/example_setup_teardown.py
[2026-03-06T22:35:28.097+0000] {processor.py:840} INFO - DAG(s) 'example_setup_teardown' retrieved from /home/airflow/.local/lib/python3.12/site-packages/airflow/example_dags/example_setup_teardown.py
[2026-03-06T22:35:28.124+0000] {logging_mixin.py:188} INFO - [2026-03-06T22:35:28.123+0000] {dag.py:3096} INFO - Sync 1 DAGs
[2026-03-06T22:35:28.153+0000] {logging_mixin.py:188} INFO - [2026-03-06T22:35:28.152+0000] {dag.py:3954} INFO - Setting next_dagrun for example_setup_teardown to 2026-03-05 00:00:00+00:00, run_after=2026-03-06 00:00:00+00:00
[2026-03-06T22:35:28.193+0000] {processor.py:183} INFO - Processing /home/airflow/.local/lib/python3.12/site-packages/airflow/example_dags/example_setup_teardown.py took 0.116 seconds
[2026-03-06T22:35:58.390+0000] {processor.py:161} INFO - Started process (PID=611) to work on /home/airflow/.local/lib/python3.12/site-packages/airflow/example_dags/example_setup_teardown.py
[2026-03-06T22:35:58.391+0000] {processor.py:830} INFO - Processing file /home/airflow/.local/lib/python3.12/site-packages/airflow/example_dags/example_setup_teardown.py for tasks to queue
[2026-03-06T22:35:58.395+0000] {logging_mixin.py:188} INFO - [2026-03-06T22:35:58.394+0000] {dagbag.py:545} INFO - Filling up the DagBag from /home/airflow/.local/lib/python3.12/site-packages/airflow/example_dags/example_setup_teardown.py
[2026-03-06T22:35:58.407+0000] {processor.py:840} INFO - DAG(s) 'example_setup_teardown' retrieved from /home/airflow/.local/lib/python3.12/site-packages/airflow/example_dags/example_setup_teardown.py
[2026-03-06T22:35:58.444+0000] {logging_mixin.py:188} INFO - [2026-03-06T22:35:58.443+0000] {dag.py:3096} INFO - Sync 1 DAGs
[2026-03-06T22:35:58.489+0000] {logging_mixin.py:188} INFO - [2026-03-06T22:35:58.489+0000] {dag.py:3954} INFO - Setting next_dagrun for example_setup_teardown to 2026-03-05 00:00:00+00:00, run_after=2026-03-06 00:00:00+00:00
[2026-03-06T22:35:58.519+0000] {processor.py:183} INFO - Processing /home/airflow/.local/lib/python3.12/site-packages/airflow/example_dags/example_setup_teardown.py took 0.140 seconds
[2026-03-06T22:36:29.467+0000] {processor.py:161} INFO - Started process (PID=669) to work on /home/airflow/.local/lib/python3.12/site-packages/airflow/example_dags/example_setup_teardown.py
[2026-03-06T22:36:29.469+0000] {processor.py:830} INFO - Processing file /home/airflow/.local/lib/python3.12/site-packages/airflow/example_dags/example_setup_teardown.py for tasks to queue
[2026-03-06T22:36:29.472+0000] {logging_mixin.py:188} INFO - [2026-03-06T22:36:29.471+0000] {dagbag.py:545} INFO - Filling up the DagBag from /home/airflow/.local/lib/python3.12/site-packages/airflow/example_dags/example_setup_teardown.py
[2026-03-06T22:36:29.483+0000] {processor.py:840} INFO - DAG(s) 'example_setup_teardown' retrieved from /home/airflow/.local/lib/python3.12/site-packages/airflow/example_dags/example_setup_teardown.py
[2026-03-06T22:36:29.509+0000] {logging_mixin.py:188} INFO - [2026-03-06T22:36:29.508+0000] {dag.py:3096} INFO - Sync 1 DAGs
[2026-03-06T22:36:29.536+0000] {logging_mixin.py:188} INFO - [2026-03-06T22:36:29.536+0000] {dag.py:3954} INFO - Setting next_dagrun for example_setup_teardown to 2026-03-05 00:00:00+00:00, run_after=2026-03-06 00:00:00+00:00
[2026-03-06T22:36:29.560+0000] {processor.py:183} INFO - Processing /home/airflow/.local/lib/python3.12/site-packages/airflow/example_dags/example_setup_teardown.py took 0.100 seconds
[2026-03-06T22:36:59.990+0000] {processor.py:161} INFO - Started process (PID=727) to work on /home/airflow/.local/lib/python3.12/site-packages/airflow/example_dags/example_setup_teardown.py
[2026-03-06T22:36:59.991+0000] {processor.py:830} INFO - Processing file /home/airflow/.local/lib/python3.12/site-packages/airflow/example_dags/example_setup_teardown.py for tasks to queue
[2026-03-06T22:36:59.993+0000] {logging_mixin.py:188} INFO - [2026-03-06T22:36:59.993+0000] {dagbag.py:545} INFO - Filling up the DagBag from /home/airflow/.local/lib/python3.12/site-packages/airflow/example_dags/example_setup_teardown.py
[2026-03-06T22:37:00.004+0000] {processor.py:840} INFO - DAG(s) 'example_setup_teardown' retrieved from /home/airflow/.local/lib/python3.12/site-packages/airflow/example_dags/example_setup_teardown.py
[2026-03-06T22:37:00.036+0000] {logging_mixin.py:188} INFO - [2026-03-06T22:37:00.036+0000] {dag.py:3096} INFO - Sync 1 DAGs
[2026-03-06T22:37:00.071+0000] {logging_mixin.py:188} INFO - [2026-03-06T22:37:00.071+0000] {dag.py:3954} INFO - Setting next_dagrun for example_setup_teardown to 2026-03-05 00:00:00+00:00, run_after=2026-03-06 00:00:00+00:00
[2026-03-06T22:37:00.097+0000] {processor.py:183} INFO - Processing /home/airflow/.local/lib/python3.12/site-packages/airflow/example_dags/example_setup_teardown.py took 0.115 seconds
[2026-03-06T22:37:30.378+0000] {processor.py:161} INFO - Started process (PID=785) to work on /home/airflow/.local/lib/python3.12/site-packages/airflow/example_dags/example_setup_teardown.py
[2026-03-06T22:37:30.382+0000] {processor.py:830} INFO - Processing file /home/airflow/.local/lib/python3.12/site-packages/airflow/example_dags/example_setup_teardown.py for tasks to queue
[2026-03-06T22:37:30.385+0000] {logging_mixin.py:188} INFO - [2026-03-06T22:37:30.385+0000] {dagbag.py:545} INFO - Filling up the DagBag from /home/airflow/.local/lib/python3.12/site-packages/airflow/example_dags/example_setup_teardown.py
[2026-03-06T22:37:30.397+0000] {processor.py:840} INFO - DAG(s) 'example_setup_teardown' retrieved from /home/airflow/.local/lib/python3.12/site-packages/airflow/example_dags/example_setup_teardown.py
[2026-03-06T22:37:30.428+0000] {logging_mixin.py:188} INFO - [2026-03-06T22:37:30.428+0000] {dag.py:3096} INFO - Sync 1 DAGs
[2026-03-06T22:37:30.457+0000] {logging_mixin.py:188} INFO - [2026-03-06T22:37:30.457+0000] {dag.py:3954} INFO - Setting next_dagrun for example_setup_teardown to 2026-03-05 00:00:00+00:00, run_after=2026-03-06 00:00:00+00:00
[2026-03-06T22:37:30.481+0000] {processor.py:183} INFO - Processing /home/airflow/.local/lib/python3.12/site-packages/airflow/example_dags/example_setup_teardown.py took 0.110 seconds
[2026-03-06T22:38:00.736+0000] {processor.py:161} INFO - Started process (PID=843) to work on /home/airflow/.local/lib/python3.12/site-packages/airflow/example_dags/example_setup_teardown.py
[2026-03-06T22:38:00.738+0000] {processor.py:830} INFO - Processing file /home/airflow/.local/lib/python3.12/site-packages/airflow/example_dags/example_setup_teardown.py for tasks to queue
[2026-03-06T22:38:00.740+0000] {logging_mixin.py:188} INFO - [2026-03-06T22:38:00.740+0000] {dagbag.py:545} INFO - Filling up the DagBag from /home/airflow/.local/lib/python3.12/site-packages/airflow/example_dags/example_setup_teardown.py
[2026-03-06T22:38:00.750+0000] {processor.py:840} INFO - DAG(s) 'example_setup_teardown' retrieved from /home/airflow/.local/lib/python3.12/site-packages/airflow/example_dags/example_setup_teardown.py
[2026-03-06T22:38:00.774+0000] {logging_mixin.py:188} INFO - [2026-03-06T22:38:00.773+0000] {dag.py:3096} INFO - Sync 1 DAGs
[2026-03-06T22:38:00.802+0000] {logging_mixin.py:188} INFO - [2026-03-06T22:38:00.801+0000] {dag.py:3954} INFO - Setting next_dagrun for example_setup_teardown to 2026-03-05 00:00:00+00:00, run_after=2026-03-06 00:00:00+00:00
[2026-03-06T22:38:00.829+0000] {processor.py:183} INFO - Processing /home/airflow/.local/lib/python3.12/site-packages/airflow/example_dags/example_setup_teardown.py took 0.102 seconds
[2026-03-06T22:38:31.278+0000] {processor.py:161} INFO - Started process (PID=901) to work on /home/airflow/.local/lib/python3.12/site-packages/airflow/example_dags/example_setup_teardown.py
[2026-03-06T22:38:31.280+0000] {processor.py:830} INFO - Processing file /home/airflow/.local/lib/python3.12/site-packages/airflow/example_dags/example_setup_teardown.py for tasks to queue
[2026-03-06T22:38:31.282+0000] {logging_mixin.py:188} INFO - [2026-03-06T22:38:31.282+0000] {dagbag.py:545} INFO - Filling up the DagBag from /home/airflow/.local/lib/python3.12/site-packages/airflow/example_dags/example_setup_teardown.py
[2026-03-06T22:38:31.291+0000] {processor.py:840} INFO - DAG(s) 'example_setup_teardown' retrieved from /home/airflow/.local/lib/python3.12/site-packages/airflow/example_dags/example_setup_teardown.py
[2026-03-06T22:38:31.318+0000] {logging_mixin.py:188} INFO - [2026-03-06T22:38:31.318+0000] {dag.py:3096} INFO - Sync 1 DAGs
[2026-03-06T22:38:31.346+0000] {logging_mixin.py:188} INFO - [2026-03-06T22:38:31.345+0000] {dag.py:3954} INFO - Setting next_dagrun for example_setup_teardown to 2026-03-05 00:00:00+00:00, run_after=2026-03-06 00:00:00+00:00
[2026-03-06T22:38:31.371+0000] {processor.py:183} INFO - Processing /home/airflow/.local/lib/python3.12/site-packages/airflow/example_dags/example_setup_teardown.py took 0.099 seconds
[2026-03-06T22:39:01.580+0000] {processor.py:161} INFO - Started process (PID=959) to work on /home/airflow/.local/lib/python3.12/site-packages/airflow/example_dags/example_setup_teardown.py
[2026-03-06T22:39:01.581+0000] {processor.py:830} INFO - Processing file /home/airflow/.local/lib/python3.12/site-packages/airflow/example_dags/example_setup_teardown.py for tasks to queue
[2026-03-06T22:39:01.584+0000] {logging_mixin.py:188} INFO - [2026-03-06T22:39:01.583+0000] {dagbag.py:545} INFO - Filling up the DagBag from /home/airflow/.local/lib/python3.12/site-packages/airflow/example_dags/example_setup_teardown.py
[2026-03-06T22:39:01.593+0000] {processor.py:840} INFO - DAG(s) 'example_setup_teardown' retrieved from /home/airflow/.local/lib/python3.12/site-packages/airflow/example_dags/example_setup_teardown.py
[2026-03-06T22:39:01.621+0000] {logging_mixin.py:188} INFO - [2026-03-06T22:39:01.621+0000] {dag.py:3096} INFO - Sync 1 DAGs
[2026-03-06T22:39:01.651+0000] {logging_mixin.py:188} INFO - [2026-03-06T22:39:01.650+0000] {dag.py:3954} INFO - Setting next_dagrun for example_setup_teardown to 2026-03-05 00:00:00+00:00, run_after=2026-03-06 00:00:00+00:00
[2026-03-06T22:39:01.678+0000] {processor.py:183} INFO - Processing /home/airflow/.local/lib/python3.12/site-packages/airflow/example_dags/example_setup_teardown.py took 0.105 seconds
[2026-03-06T22:39:32.306+0000] {processor.py:161} INFO - Started process (PID=1017) to work on /home/airflow/.local/lib/python3.12/site-packages/airflow/example_dags/example_setup_teardown.py
[2026-03-06T22:39:32.307+0000] {processor.py:830} INFO - Processing file /home/airflow/.local/lib/python3.12/site-packages/airflow/example_dags/example_setup_teardown.py for tasks to queue
[2026-03-06T22:39:32.311+0000] {logging_mixin.py:188} INFO - [2026-03-06T22:39:32.310+0000] {dagbag.py:545} INFO - Filling up the DagBag from /home/airflow/.local/lib/python3.12/site-packages/airflow/example_dags/example_setup_teardown.py
[2026-03-06T22:39:32.324+0000] {processor.py:840} INFO - DAG(s) 'example_setup_teardown' retrieved from /home/airflow/.local/lib/python3.12/site-packages/airflow/example_dags/example_setup_teardown.py
[2026-03-06T22:39:32.369+0000] {logging_mixin.py:188} INFO - [2026-03-06T22:39:32.369+0000] {dag.py:3096} INFO - Sync 1 DAGs
[2026-03-06T22:39:32.415+0000] {logging_mixin.py:188} INFO - [2026-03-06T22:39:32.415+0000] {dag.py:3954} INFO - Setting next_dagrun for example_setup_teardown to 2026-03-05 00:00:00+00:00, run_after=2026-03-06 00:00:00+00:00
[2026-03-06T22:39:32.454+0000] {processor.py:183} INFO - Processing /home/airflow/.local/lib/python3.12/site-packages/airflow/example_dags/example_setup_teardown.py took 0.157 seconds
[2026-03-06T22:40:03.136+0000] {processor.py:161} INFO - Started process (PID=1075) to work on /home/airflow/.local/lib/python3.12/site-packages/airflow/example_dags/example_setup_teardown.py
[2026-03-06T22:40:03.138+0000] {processor.py:830} INFO - Processing file /home/airflow/.local/lib/python3.12/site-packages/airflow/example_dags/example_setup_teardown.py for tasks to queue
[2026-03-06T22:40:03.140+0000] {logging_mixin.py:188} INFO - [2026-03-06T22:40:03.140+0000] {dagbag.py:545} INFO - Filling up the DagBag from /home/airflow/.local/lib/python3.12/site-packages/airflow/example_dags/example_setup_teardown.py
[2026-03-06T22:40:03.150+0000] {processor.py:840} INFO - DAG(s) 'example_setup_teardown' retrieved from /home/airflow/.local/lib/python3.12/site-packages/airflow/example_dags/example_setup_teardown.py
[2026-03-06T22:40:03.175+0000] {logging_mixin.py:188} INFO - [2026-03-06T22:40:03.175+0000] {dag.py:3096} INFO - Sync 1 DAGs
[2026-03-06T22:40:03.213+0000] {logging_mixin.py:188} INFO - [2026-03-06T22:40:03.213+0000] {dag.py:3954} INFO - Setting next_dagrun for example_setup_teardown to 2026-03-05 00:00:00+00:00, run_after=2026-03-06 00:00:00+00:00
[2026-03-06T22:40:03.245+0000] {processor.py:183} INFO - Processing /home/airflow/.local/lib/python3.12/site-packages/airflow/example_dags/example_setup_teardown.py took 0.115 seconds
[2026-03-06T22:40:33.365+0000] {processor.py:161} INFO - Started process (PID=1133) to work on /home/airflow/.local/lib/python3.12/site-packages/airflow/example_dags/example_setup_teardown.py
[2026-03-06T22:40:33.366+0000] {processor.py:830} INFO - Processing file /home/airflow/.local/lib/python3.12/site-packages/airflow/example_dags/example_setup_teardown.py for tasks to queue
[2026-03-06T22:40:33.369+0000] {logging_mixin.py:188} INFO - [2026-03-06T22:40:33.369+0000] {dagbag.py:545} INFO - Filling up the DagBag from /home/airflow/.local/lib/python3.12/site-packages/airflow/example_dags/example_setup_teardown.py
[2026-03-06T22:40:33.380+0000] {processor.py:840} INFO - DAG(s) 'example_setup_teardown' retrieved from /home/airflow/.local/lib/python3.12/site-packages/airflow/example_dags/example_setup_teardown.py
[2026-03-06T22:40:33.404+0000] {logging_mixin.py:188} INFO - [2026-03-06T22:40:33.404+0000] {dag.py:3096} INFO - Sync 1 DAGs
[2026-03-06T22:40:33.432+0000] {logging_mixin.py:188} INFO - [2026-03-06T22:40:33.432+0000] {dag.py:3954} INFO - Setting next_dagrun for example_setup_teardown to 2026-03-05 00:00:00+00:00, run_after=2026-03-06 00:00:00+00:00
[2026-03-06T22:40:33.465+0000] {processor.py:183} INFO - Processing /home/airflow/.local/lib/python3.12/site-packages/airflow/example_dags/example_setup_teardown.py took 0.107 seconds
[2026-03-06T22:41:03.937+0000] {processor.py:161} INFO - Started process (PID=1191) to work on /home/airflow/.local/lib/python3.12/site-packages/airflow/example_dags/example_setup_teardown.py
[2026-03-06T22:41:03.938+0000] {processor.py:830} INFO - Processing file /home/airflow/.local/lib/python3.12/site-packages/airflow/example_dags/example_setup_teardown.py for tasks to queue
[2026-03-06T22:41:03.942+0000] {logging_mixin.py:188} INFO - [2026-03-06T22:41:03.941+0000] {dagbag.py:545} INFO - Filling up the DagBag from /home/airflow/.local/lib/python3.12/site-packages/airflow/example_dags/example_setup_teardown.py
[2026-03-06T22:41:03.953+0000] {processor.py:840} INFO - DAG(s) 'example_setup_teardown' retrieved from /home/airflow/.local/lib/python3.12/site-packages/airflow/example_dags/example_setup_teardown.py
[2026-03-06T22:41:03.989+0000] {logging_mixin.py:188} INFO - [2026-03-06T22:41:03.989+0000] {dag.py:3096} INFO - Sync 1 DAGs
[2026-03-06T22:41:04.020+0000] {logging_mixin.py:188} INFO - [2026-03-06T22:41:04.019+0000] {dag.py:3954} INFO - Setting next_dagrun for example_setup_teardown to 2026-03-05 00:00:00+00:00, run_after=2026-03-06 00:00:00+00:00
[2026-03-06T22:41:04.048+0000] {processor.py:183} INFO - Processing /home/airflow/.local/lib/python3.12/site-packages/airflow/example_dags/example_setup_teardown.py took 0.120 seconds
