[2026-03-06T22:30:45.721+0000] {processor.py:161} INFO - Started process (PID=77) to work on /home/airflow/.local/lib/python3.12/site-packages/airflow/example_dags/example_nested_branch_dag.py
[2026-03-06T22:30:45.723+0000] {processor.py:830} INFO - Processing file /home/airflow/.local/lib/python3.12/site-packages/airflow/example_dags/example_nested_branch_dag.py for tasks to queue
[2026-03-06T22:30:45.726+0000] {logging_mixin.py:188} INFO - [2026-03-06T22:30:45.726+0000] {dagbag.py:545} INFO - Filling up the DagBag from /home/airflow/.local/lib/python3.12/site-packages/airflow/example_dags/example_nested_branch_dag.py
[2026-03-06T22:30:45.744+0000] {processor.py:840} INFO - DAG(s) 'example_nested_branch_dag' retrieved from /home/airflow/.local/lib/python3.12/site-packages/airflow/example_dags/example_nested_branch_dag.py
[2026-03-06T22:30:45.883+0000] {logging_mixin.py:188} INFO - [2026-03-06T22:30:45.882+0000] {override.py:1829} INFO - Created Permission View: can delete on DAG:example_nested_branch_dag
[2026-03-06T22:30:45.903+0000] {logging_mixin.py:188} INFO - [2026-03-06T22:30:45.903+0000] {override.py:1829} INFO - Created Permission View: can read on DAG:example_nested_branch_dag
[2026-03-06T22:30:45.914+0000] {logging_mixin.py:188} INFO - [2026-03-06T22:30:45.914+0000] {override.py:1829} INFO - Created Permission View: can edit on DAG:example_nested_branch_dag
[2026-03-06T22:30:45.916+0000] {logging_mixin.py:188} INFO - [2026-03-06T22:30:45.916+0000] {dag.py:3096} INFO - Sync 1 DAGs
[2026-03-06T22:30:45.930+0000] {logging_mixin.py:188} INFO - [2026-03-06T22:30:45.930+0000] {dag.py:3118} INFO - Creating ORM DAG for example_nested_branch_dag
[2026-03-06T22:30:45.945+0000] {logging_mixin.py:188} INFO - [2026-03-06T22:30:45.945+0000] {dag.py:3954} INFO - Setting next_dagrun for example_nested_branch_dag to 2026-03-05 00:00:00+00:00, run_after=2026-03-06 00:00:00+00:00
[2026-03-06T22:30:45.968+0000] {processor.py:183} INFO - Processing /home/airflow/.local/lib/python3.12/site-packages/airflow/example_dags/example_nested_branch_dag.py took 0.255 seconds
[2026-03-06T22:31:20.109+0000] {processor.py:161} INFO - Started process (PID=57) to work on /home/airflow/.local/lib/python3.12/site-packages/airflow/example_dags/example_nested_branch_dag.py
[2026-03-06T22:31:20.112+0000] {processor.py:830} INFO - Processing file /home/airflow/.local/lib/python3.12/site-packages/airflow/example_dags/example_nested_branch_dag.py for tasks to queue
[2026-03-06T22:31:20.115+0000] {logging_mixin.py:188} INFO - [2026-03-06T22:31:20.114+0000] {dagbag.py:545} INFO - Filling up the DagBag from /home/airflow/.local/lib/python3.12/site-packages/airflow/example_dags/example_nested_branch_dag.py
[2026-03-06T22:31:20.131+0000] {processor.py:840} INFO - DAG(s) 'example_nested_branch_dag' retrieved from /home/airflow/.local/lib/python3.12/site-packages/airflow/example_dags/example_nested_branch_dag.py
[2026-03-06T22:31:20.165+0000] {logging_mixin.py:188} INFO - [2026-03-06T22:31:20.165+0000] {dag.py:3096} INFO - Sync 1 DAGs
[2026-03-06T22:31:20.199+0000] {logging_mixin.py:188} INFO - [2026-03-06T22:31:20.199+0000] {dag.py:3954} INFO - Setting next_dagrun for example_nested_branch_dag to 2026-03-05 00:00:00+00:00, run_after=2026-03-06 00:00:00+00:00
[2026-03-06T22:31:20.228+0000] {processor.py:183} INFO - Processing /home/airflow/.local/lib/python3.12/site-packages/airflow/example_dags/example_nested_branch_dag.py took 0.127 seconds
[2026-03-06T22:31:50.630+0000] {processor.py:161} INFO - Started process (PID=115) to work on /home/airflow/.local/lib/python3.12/site-packages/airflow/example_dags/example_nested_branch_dag.py
[2026-03-06T22:31:50.634+0000] {processor.py:830} INFO - Processing file /home/airflow/.local/lib/python3.12/site-packages/airflow/example_dags/example_nested_branch_dag.py for tasks to queue
[2026-03-06T22:31:50.639+0000] {logging_mixin.py:188} INFO - [2026-03-06T22:31:50.639+0000] {dagbag.py:545} INFO - Filling up the DagBag from /home/airflow/.local/lib/python3.12/site-packages/airflow/example_dags/example_nested_branch_dag.py
[2026-03-06T22:31:50.656+0000] {processor.py:840} INFO - DAG(s) 'example_nested_branch_dag' retrieved from /home/airflow/.local/lib/python3.12/site-packages/airflow/example_dags/example_nested_branch_dag.py
[2026-03-06T22:31:50.703+0000] {logging_mixin.py:188} INFO - [2026-03-06T22:31:50.702+0000] {dag.py:3096} INFO - Sync 1 DAGs
[2026-03-06T22:31:50.755+0000] {logging_mixin.py:188} INFO - [2026-03-06T22:31:50.754+0000] {dag.py:3954} INFO - Setting next_dagrun for example_nested_branch_dag to 2026-03-05 00:00:00+00:00, run_after=2026-03-06 00:00:00+00:00
[2026-03-06T22:31:50.805+0000] {processor.py:183} INFO - Processing /home/airflow/.local/lib/python3.12/site-packages/airflow/example_dags/example_nested_branch_dag.py took 0.184 seconds
[2026-03-06T22:32:21.007+0000] {processor.py:161} INFO - Started process (PID=173) to work on /home/airflow/.local/lib/python3.12/site-packages/airflow/example_dags/example_nested_branch_dag.py
[2026-03-06T22:32:21.011+0000] {processor.py:830} INFO - Processing file /home/airflow/.local/lib/python3.12/site-packages/airflow/example_dags/example_nested_branch_dag.py for tasks to queue
[2026-03-06T22:32:21.013+0000] {logging_mixin.py:188} INFO - [2026-03-06T22:32:21.012+0000] {dagbag.py:545} INFO - Filling up the DagBag from /home/airflow/.local/lib/python3.12/site-packages/airflow/example_dags/example_nested_branch_dag.py
[2026-03-06T22:32:21.029+0000] {processor.py:840} INFO - DAG(s) 'example_nested_branch_dag' retrieved from /home/airflow/.local/lib/python3.12/site-packages/airflow/example_dags/example_nested_branch_dag.py
[2026-03-06T22:32:21.065+0000] {logging_mixin.py:188} INFO - [2026-03-06T22:32:21.064+0000] {dag.py:3096} INFO - Sync 1 DAGs
[2026-03-06T22:32:21.100+0000] {logging_mixin.py:188} INFO - [2026-03-06T22:32:21.100+0000] {dag.py:3954} INFO - Setting next_dagrun for example_nested_branch_dag to 2026-03-05 00:00:00+00:00, run_after=2026-03-06 00:00:00+00:00
[2026-03-06T22:32:21.129+0000] {processor.py:183} INFO - Processing /home/airflow/.local/lib/python3.12/site-packages/airflow/example_dags/example_nested_branch_dag.py took 0.130 seconds
[2026-03-06T22:32:51.293+0000] {processor.py:161} INFO - Started process (PID=231) to work on /home/airflow/.local/lib/python3.12/site-packages/airflow/example_dags/example_nested_branch_dag.py
[2026-03-06T22:32:51.294+0000] {processor.py:830} INFO - Processing file /home/airflow/.local/lib/python3.12/site-packages/airflow/example_dags/example_nested_branch_dag.py for tasks to queue
[2026-03-06T22:32:51.297+0000] {logging_mixin.py:188} INFO - [2026-03-06T22:32:51.296+0000] {dagbag.py:545} INFO - Filling up the DagBag from /home/airflow/.local/lib/python3.12/site-packages/airflow/example_dags/example_nested_branch_dag.py
[2026-03-06T22:32:51.311+0000] {processor.py:840} INFO - DAG(s) 'example_nested_branch_dag' retrieved from /home/airflow/.local/lib/python3.12/site-packages/airflow/example_dags/example_nested_branch_dag.py
[2026-03-06T22:32:51.330+0000] {logging_mixin.py:188} INFO - [2026-03-06T22:32:51.330+0000] {dag.py:3096} INFO - Sync 1 DAGs
[2026-03-06T22:32:51.365+0000] {logging_mixin.py:188} INFO - [2026-03-06T22:32:51.365+0000] {dag.py:3954} INFO - Setting next_dagrun for example_nested_branch_dag to 2026-03-05 00:00:00+00:00, run_after=2026-03-06 00:00:00+00:00
[2026-03-06T22:32:51.416+0000] {processor.py:183} INFO - Processing /home/airflow/.local/lib/python3.12/site-packages/airflow/example_dags/example_nested_branch_dag.py took 0.132 seconds
[2026-03-06T22:33:22.567+0000] {processor.py:161} INFO - Started process (PID=289) to work on /home/airflow/.local/lib/python3.12/site-packages/airflow/example_dags/example_nested_branch_dag.py
[2026-03-06T22:33:22.569+0000] {processor.py:830} INFO - Processing file /home/airflow/.local/lib/python3.12/site-packages/airflow/example_dags/example_nested_branch_dag.py for tasks to queue
[2026-03-06T22:33:22.572+0000] {logging_mixin.py:188} INFO - [2026-03-06T22:33:22.571+0000] {dagbag.py:545} INFO - Filling up the DagBag from /home/airflow/.local/lib/python3.12/site-packages/airflow/example_dags/example_nested_branch_dag.py
[2026-03-06T22:33:22.591+0000] {processor.py:840} INFO - DAG(s) 'example_nested_branch_dag' retrieved from /home/airflow/.local/lib/python3.12/site-packages/airflow/example_dags/example_nested_branch_dag.py
[2026-03-06T22:33:22.766+0000] {logging_mixin.py:188} INFO - [2026-03-06T22:33:22.766+0000] {dag.py:3096} INFO - Sync 1 DAGs
[2026-03-06T22:33:22.804+0000] {logging_mixin.py:188} INFO - [2026-03-06T22:33:22.804+0000] {dag.py:3954} INFO - Setting next_dagrun for example_nested_branch_dag to 2026-03-05 00:00:00+00:00, run_after=2026-03-06 00:00:00+00:00
[2026-03-06T22:33:22.836+0000] {processor.py:183} INFO - Processing /home/airflow/.local/lib/python3.12/site-packages/airflow/example_dags/example_nested_branch_dag.py took 0.279 seconds
[2026-03-06T22:33:52.866+0000] {processor.py:161} INFO - Started process (PID=347) to work on /home/airflow/.local/lib/python3.12/site-packages/airflow/example_dags/example_nested_branch_dag.py
[2026-03-06T22:33:52.868+0000] {processor.py:830} INFO - Processing file /home/airflow/.local/lib/python3.12/site-packages/airflow/example_dags/example_nested_branch_dag.py for tasks to queue
[2026-03-06T22:33:52.870+0000] {logging_mixin.py:188} INFO - [2026-03-06T22:33:52.870+0000] {dagbag.py:545} INFO - Filling up the DagBag from /home/airflow/.local/lib/python3.12/site-packages/airflow/example_dags/example_nested_branch_dag.py
[2026-03-06T22:33:52.882+0000] {processor.py:840} INFO - DAG(s) 'example_nested_branch_dag' retrieved from /home/airflow/.local/lib/python3.12/site-packages/airflow/example_dags/example_nested_branch_dag.py
[2026-03-06T22:33:52.907+0000] {logging_mixin.py:188} INFO - [2026-03-06T22:33:52.907+0000] {dag.py:3096} INFO - Sync 1 DAGs
[2026-03-06T22:33:52.938+0000] {logging_mixin.py:188} INFO - [2026-03-06T22:33:52.937+0000] {dag.py:3954} INFO - Setting next_dagrun for example_nested_branch_dag to 2026-03-05 00:00:00+00:00, run_after=2026-03-06 00:00:00+00:00
[2026-03-06T22:33:52.971+0000] {processor.py:183} INFO - Processing /home/airflow/.local/lib/python3.12/site-packages/airflow/example_dags/example_nested_branch_dag.py took 0.111 seconds
[2026-03-06T22:34:23.008+0000] {processor.py:161} INFO - Started process (PID=405) to work on /home/airflow/.local/lib/python3.12/site-packages/airflow/example_dags/example_nested_branch_dag.py
[2026-03-06T22:34:23.009+0000] {processor.py:830} INFO - Processing file /home/airflow/.local/lib/python3.12/site-packages/airflow/example_dags/example_nested_branch_dag.py for tasks to queue
[2026-03-06T22:34:23.012+0000] {logging_mixin.py:188} INFO - [2026-03-06T22:34:23.011+0000] {dagbag.py:545} INFO - Filling up the DagBag from /home/airflow/.local/lib/python3.12/site-packages/airflow/example_dags/example_nested_branch_dag.py
[2026-03-06T22:34:23.026+0000] {processor.py:840} INFO - DAG(s) 'example_nested_branch_dag' retrieved from /home/airflow/.local/lib/python3.12/site-packages/airflow/example_dags/example_nested_branch_dag.py
[2026-03-06T22:34:23.059+0000] {logging_mixin.py:188} INFO - [2026-03-06T22:34:23.059+0000] {dag.py:3096} INFO - Sync 1 DAGs
[2026-03-06T22:34:23.091+0000] {logging_mixin.py:188} INFO - [2026-03-06T22:34:23.091+0000] {dag.py:3954} INFO - Setting next_dagrun for example_nested_branch_dag to 2026-03-05 00:00:00+00:00, run_after=2026-03-06 00:00:00+00:00
[2026-03-06T22:34:23.114+0000] {processor.py:183} INFO - Processing /home/airflow/.local/lib/python3.12/site-packages/airflow/example_dags/example_nested_branch_dag.py took 0.114 seconds
[2026-03-06T22:34:53.440+0000] {processor.py:161} INFO - Started process (PID=463) to work on /home/airflow/.local/lib/python3.12/site-packages/airflow/example_dags/example_nested_branch_dag.py
[2026-03-06T22:34:53.441+0000] {processor.py:830} INFO - Processing file /home/airflow/.local/lib/python3.12/site-packages/airflow/example_dags/example_nested_branch_dag.py for tasks to queue
[2026-03-06T22:34:53.444+0000] {logging_mixin.py:188} INFO - [2026-03-06T22:34:53.444+0000] {dagbag.py:545} INFO - Filling up the DagBag from /home/airflow/.local/lib/python3.12/site-packages/airflow/example_dags/example_nested_branch_dag.py
[2026-03-06T22:34:53.462+0000] {processor.py:840} INFO - DAG(s) 'example_nested_branch_dag' retrieved from /home/airflow/.local/lib/python3.12/site-packages/airflow/example_dags/example_nested_branch_dag.py
[2026-03-06T22:34:53.493+0000] {logging_mixin.py:188} INFO - [2026-03-06T22:34:53.492+0000] {dag.py:3096} INFO - Sync 1 DAGs
[2026-03-06T22:34:53.531+0000] {logging_mixin.py:188} INFO - [2026-03-06T22:34:53.531+0000] {dag.py:3954} INFO - Setting next_dagrun for example_nested_branch_dag to 2026-03-05 00:00:00+00:00, run_after=2026-03-06 00:00:00+00:00
[2026-03-06T22:34:53.563+0000] {processor.py:183} INFO - Processing /home/airflow/.local/lib/python3.12/site-packages/airflow/example_dags/example_nested_branch_dag.py took 0.140 seconds
[2026-03-06T22:35:23.837+0000] {processor.py:161} INFO - Started process (PID=521) to work on /home/airflow/.local/lib/python3.12/site-packages/airflow/example_dags/example_nested_branch_dag.py
[2026-03-06T22:35:23.838+0000] {processor.py:830} INFO - Processing file /home/airflow/.local/lib/python3.12/site-packages/airflow/example_dags/example_nested_branch_dag.py for tasks to queue
[2026-03-06T22:35:23.841+0000] {logging_mixin.py:188} INFO - [2026-03-06T22:35:23.841+0000] {dagbag.py:545} INFO - Filling up the DagBag from /home/airflow/.local/lib/python3.12/site-packages/airflow/example_dags/example_nested_branch_dag.py
[2026-03-06T22:35:23.862+0000] {processor.py:840} INFO - DAG(s) 'example_nested_branch_dag' retrieved from /home/airflow/.local/lib/python3.12/site-packages/airflow/example_dags/example_nested_branch_dag.py
[2026-03-06T22:35:23.905+0000] {logging_mixin.py:188} INFO - [2026-03-06T22:35:23.904+0000] {dag.py:3096} INFO - Sync 1 DAGs
[2026-03-06T22:35:23.943+0000] {logging_mixin.py:188} INFO - [2026-03-06T22:35:23.943+0000] {dag.py:3954} INFO - Setting next_dagrun for example_nested_branch_dag to 2026-03-05 00:00:00+00:00, run_after=2026-03-06 00:00:00+00:00
[2026-03-06T22:35:23.986+0000] {processor.py:183} INFO - Processing /home/airflow/.local/lib/python3.12/site-packages/airflow/example_dags/example_nested_branch_dag.py took 0.157 seconds
[2026-03-06T22:35:54.063+0000] {processor.py:161} INFO - Started process (PID=579) to work on /home/airflow/.local/lib/python3.12/site-packages/airflow/example_dags/example_nested_branch_dag.py
[2026-03-06T22:35:54.064+0000] {processor.py:830} INFO - Processing file /home/airflow/.local/lib/python3.12/site-packages/airflow/example_dags/example_nested_branch_dag.py for tasks to queue
[2026-03-06T22:35:54.067+0000] {logging_mixin.py:188} INFO - [2026-03-06T22:35:54.067+0000] {dagbag.py:545} INFO - Filling up the DagBag from /home/airflow/.local/lib/python3.12/site-packages/airflow/example_dags/example_nested_branch_dag.py
[2026-03-06T22:35:54.084+0000] {processor.py:840} INFO - DAG(s) 'example_nested_branch_dag' retrieved from /home/airflow/.local/lib/python3.12/site-packages/airflow/example_dags/example_nested_branch_dag.py
[2026-03-06T22:35:54.114+0000] {logging_mixin.py:188} INFO - [2026-03-06T22:35:54.114+0000] {dag.py:3096} INFO - Sync 1 DAGs
[2026-03-06T22:35:54.148+0000] {logging_mixin.py:188} INFO - [2026-03-06T22:35:54.147+0000] {dag.py:3954} INFO - Setting next_dagrun for example_nested_branch_dag to 2026-03-05 00:00:00+00:00, run_after=2026-03-06 00:00:00+00:00
[2026-03-06T22:35:54.171+0000] {processor.py:183} INFO - Processing /home/airflow/.local/lib/python3.12/site-packages/airflow/example_dags/example_nested_branch_dag.py took 0.115 seconds
[2026-03-06T22:36:24.531+0000] {processor.py:161} INFO - Started process (PID=643) to work on /home/airflow/.local/lib/python3.12/site-packages/airflow/example_dags/example_nested_branch_dag.py
[2026-03-06T22:36:24.533+0000] {processor.py:830} INFO - Processing file /home/airflow/.local/lib/python3.12/site-packages/airflow/example_dags/example_nested_branch_dag.py for tasks to queue
[2026-03-06T22:36:24.536+0000] {logging_mixin.py:188} INFO - [2026-03-06T22:36:24.535+0000] {dagbag.py:545} INFO - Filling up the DagBag from /home/airflow/.local/lib/python3.12/site-packages/airflow/example_dags/example_nested_branch_dag.py
[2026-03-06T22:36:24.552+0000] {processor.py:840} INFO - DAG(s) 'example_nested_branch_dag' retrieved from /home/airflow/.local/lib/python3.12/site-packages/airflow/example_dags/example_nested_branch_dag.py
[2026-03-06T22:36:24.588+0000] {logging_mixin.py:188} INFO - [2026-03-06T22:36:24.588+0000] {dag.py:3096} INFO - Sync 1 DAGs
[2026-03-06T22:36:24.624+0000] {logging_mixin.py:188} INFO - [2026-03-06T22:36:24.624+0000] {dag.py:3954} INFO - Setting next_dagrun for example_nested_branch_dag to 2026-03-05 00:00:00+00:00, run_after=2026-03-06 00:00:00+00:00
[2026-03-06T22:36:24.658+0000] {processor.py:183} INFO - Processing /home/airflow/.local/lib/python3.12/site-packages/airflow/example_dags/example_nested_branch_dag.py took 0.137 seconds
[2026-03-06T22:36:55.588+0000] {processor.py:161} INFO - Started process (PID=701) to work on /home/airflow/.local/lib/python3.12/site-packages/airflow/example_dags/example_nested_branch_dag.py
[2026-03-06T22:36:55.590+0000] {processor.py:830} INFO - Processing file /home/airflow/.local/lib/python3.12/site-packages/airflow/example_dags/example_nested_branch_dag.py for tasks to queue
[2026-03-06T22:36:55.593+0000] {logging_mixin.py:188} INFO - [2026-03-06T22:36:55.592+0000] {dagbag.py:545} INFO - Filling up the DagBag from /home/airflow/.local/lib/python3.12/site-packages/airflow/example_dags/example_nested_branch_dag.py
[2026-03-06T22:36:55.610+0000] {processor.py:840} INFO - DAG(s) 'example_nested_branch_dag' retrieved from /home/airflow/.local/lib/python3.12/site-packages/airflow/example_dags/example_nested_branch_dag.py
[2026-03-06T22:36:55.646+0000] {logging_mixin.py:188} INFO - [2026-03-06T22:36:55.645+0000] {dag.py:3096} INFO - Sync 1 DAGs
[2026-03-06T22:36:55.684+0000] {logging_mixin.py:188} INFO - [2026-03-06T22:36:55.684+0000] {dag.py:3954} INFO - Setting next_dagrun for example_nested_branch_dag to 2026-03-05 00:00:00+00:00, run_after=2026-03-06 00:00:00+00:00
[2026-03-06T22:36:55.722+0000] {processor.py:183} INFO - Processing /home/airflow/.local/lib/python3.12/site-packages/airflow/example_dags/example_nested_branch_dag.py took 0.145 seconds
[2026-03-06T22:37:26.154+0000] {processor.py:161} INFO - Started process (PID=758) to work on /home/airflow/.local/lib/python3.12/site-packages/airflow/example_dags/example_nested_branch_dag.py
[2026-03-06T22:37:26.156+0000] {processor.py:830} INFO - Processing file /home/airflow/.local/lib/python3.12/site-packages/airflow/example_dags/example_nested_branch_dag.py for tasks to queue
[2026-03-06T22:37:26.160+0000] {logging_mixin.py:188} INFO - [2026-03-06T22:37:26.160+0000] {dagbag.py:545} INFO - Filling up the DagBag from /home/airflow/.local/lib/python3.12/site-packages/airflow/example_dags/example_nested_branch_dag.py
[2026-03-06T22:37:26.177+0000] {processor.py:840} INFO - DAG(s) 'example_nested_branch_dag' retrieved from /home/airflow/.local/lib/python3.12/site-packages/airflow/example_dags/example_nested_branch_dag.py
[2026-03-06T22:37:26.201+0000] {logging_mixin.py:188} INFO - [2026-03-06T22:37:26.201+0000] {dag.py:3096} INFO - Sync 1 DAGs
[2026-03-06T22:37:26.228+0000] {logging_mixin.py:188} INFO - [2026-03-06T22:37:26.228+0000] {dag.py:3954} INFO - Setting next_dagrun for example_nested_branch_dag to 2026-03-05 00:00:00+00:00, run_after=2026-03-06 00:00:00+00:00
[2026-03-06T22:37:26.254+0000] {processor.py:183} INFO - Processing /home/airflow/.local/lib/python3.12/site-packages/airflow/example_dags/example_nested_branch_dag.py took 0.120 seconds
[2026-03-06T22:37:56.645+0000] {processor.py:161} INFO - Started process (PID=817) to work on /home/airflow/.local/lib/python3.12/site-packages/airflow/example_dags/example_nested_branch_dag.py
[2026-03-06T22:37:56.646+0000] {processor.py:830} INFO - Processing file /home/airflow/.local/lib/python3.12/site-packages/airflow/example_dags/example_nested_branch_dag.py for tasks to queue
[2026-03-06T22:37:56.649+0000] {logging_mixin.py:188} INFO - [2026-03-06T22:37:56.649+0000] {dagbag.py:545} INFO - Filling up the DagBag from /home/airflow/.local/lib/python3.12/site-packages/airflow/example_dags/example_nested_branch_dag.py
[2026-03-06T22:37:56.662+0000] {processor.py:840} INFO - DAG(s) 'example_nested_branch_dag' retrieved from /home/airflow/.local/lib/python3.12/site-packages/airflow/example_dags/example_nested_branch_dag.py
[2026-03-06T22:37:56.686+0000] {logging_mixin.py:188} INFO - [2026-03-06T22:37:56.685+0000] {dag.py:3096} INFO - Sync 1 DAGs
[2026-03-06T22:37:56.715+0000] {logging_mixin.py:188} INFO - [2026-03-06T22:37:56.714+0000] {dag.py:3954} INFO - Setting next_dagrun for example_nested_branch_dag to 2026-03-05 00:00:00+00:00, run_after=2026-03-06 00:00:00+00:00
[2026-03-06T22:37:56.740+0000] {processor.py:183} INFO - Processing /home/airflow/.local/lib/python3.12/site-packages/airflow/example_dags/example_nested_branch_dag.py took 0.109 seconds
[2026-03-06T22:38:26.891+0000] {processor.py:161} INFO - Started process (PID=874) to work on /home/airflow/.local/lib/python3.12/site-packages/airflow/example_dags/example_nested_branch_dag.py
[2026-03-06T22:38:26.892+0000] {processor.py:830} INFO - Processing file /home/airflow/.local/lib/python3.12/site-packages/airflow/example_dags/example_nested_branch_dag.py for tasks to queue
[2026-03-06T22:38:26.895+0000] {logging_mixin.py:188} INFO - [2026-03-06T22:38:26.894+0000] {dagbag.py:545} INFO - Filling up the DagBag from /home/airflow/.local/lib/python3.12/site-packages/airflow/example_dags/example_nested_branch_dag.py
[2026-03-06T22:38:26.909+0000] {processor.py:840} INFO - DAG(s) 'example_nested_branch_dag' retrieved from /home/airflow/.local/lib/python3.12/site-packages/airflow/example_dags/example_nested_branch_dag.py
[2026-03-06T22:38:26.934+0000] {logging_mixin.py:188} INFO - [2026-03-06T22:38:26.934+0000] {dag.py:3096} INFO - Sync 1 DAGs
[2026-03-06T22:38:26.962+0000] {logging_mixin.py:188} INFO - [2026-03-06T22:38:26.961+0000] {dag.py:3954} INFO - Setting next_dagrun for example_nested_branch_dag to 2026-03-05 00:00:00+00:00, run_after=2026-03-06 00:00:00+00:00
[2026-03-06T22:38:26.991+0000] {processor.py:183} INFO - Processing /home/airflow/.local/lib/python3.12/site-packages/airflow/example_dags/example_nested_branch_dag.py took 0.113 seconds
[2026-03-06T22:38:57.613+0000] {processor.py:161} INFO - Started process (PID=933) to work on /home/airflow/.local/lib/python3.12/site-packages/airflow/example_dags/example_nested_branch_dag.py
[2026-03-06T22:38:57.614+0000] {processor.py:830} INFO - Processing file /home/airflow/.local/lib/python3.12/site-packages/airflow/example_dags/example_nested_branch_dag.py for tasks to queue
[2026-03-06T22:38:57.617+0000] {logging_mixin.py:188} INFO - [2026-03-06T22:38:57.616+0000] {dagbag.py:545} INFO - Filling up the DagBag from /home/airflow/.local/lib/python3.12/site-packages/airflow/example_dags/example_nested_branch_dag.py
[2026-03-06T22:38:57.629+0000] {processor.py:840} INFO - DAG(s) 'example_nested_branch_dag' retrieved from /home/airflow/.local/lib/python3.12/site-packages/airflow/example_dags/example_nested_branch_dag.py
[2026-03-06T22:38:57.654+0000] {logging_mixin.py:188} INFO - [2026-03-06T22:38:57.654+0000] {dag.py:3096} INFO - Sync 1 DAGs
[2026-03-06T22:38:57.692+0000] {logging_mixin.py:188} INFO - [2026-03-06T22:38:57.691+0000] {dag.py:3954} INFO - Setting next_dagrun for example_nested_branch_dag to 2026-03-05 00:00:00+00:00, run_after=2026-03-06 00:00:00+00:00
[2026-03-06T22:38:57.719+0000] {processor.py:183} INFO - Processing /home/airflow/.local/lib/python3.12/site-packages/airflow/example_dags/example_nested_branch_dag.py took 0.113 seconds
[2026-03-06T22:39:27.810+0000] {processor.py:161} INFO - Started process (PID=990) to work on /home/airflow/.local/lib/python3.12/site-packages/airflow/example_dags/example_nested_branch_dag.py
[2026-03-06T22:39:27.811+0000] {processor.py:830} INFO - Processing file /home/airflow/.local/lib/python3.12/site-packages/airflow/example_dags/example_nested_branch_dag.py for tasks to queue
[2026-03-06T22:39:27.814+0000] {logging_mixin.py:188} INFO - [2026-03-06T22:39:27.813+0000] {dagbag.py:545} INFO - Filling up the DagBag from /home/airflow/.local/lib/python3.12/site-packages/airflow/example_dags/example_nested_branch_dag.py
[2026-03-06T22:39:27.831+0000] {processor.py:840} INFO - DAG(s) 'example_nested_branch_dag' retrieved from /home/airflow/.local/lib/python3.12/site-packages/airflow/example_dags/example_nested_branch_dag.py
[2026-03-06T22:39:27.863+0000] {logging_mixin.py:188} INFO - [2026-03-06T22:39:27.863+0000] {dag.py:3096} INFO - Sync 1 DAGs
[2026-03-06T22:39:27.896+0000] {logging_mixin.py:188} INFO - [2026-03-06T22:39:27.896+0000] {dag.py:3954} INFO - Setting next_dagrun for example_nested_branch_dag to 2026-03-05 00:00:00+00:00, run_after=2026-03-06 00:00:00+00:00
[2026-03-06T22:39:27.922+0000] {processor.py:183} INFO - Processing /home/airflow/.local/lib/python3.12/site-packages/airflow/example_dags/example_nested_branch_dag.py took 0.120 seconds
[2026-03-06T22:39:58.063+0000] {processor.py:161} INFO - Started process (PID=1048) to work on /home/airflow/.local/lib/python3.12/site-packages/airflow/example_dags/example_nested_branch_dag.py
[2026-03-06T22:39:58.064+0000] {processor.py:830} INFO - Processing file /home/airflow/.local/lib/python3.12/site-packages/airflow/example_dags/example_nested_branch_dag.py for tasks to queue
[2026-03-06T22:39:58.066+0000] {logging_mixin.py:188} INFO - [2026-03-06T22:39:58.066+0000] {dagbag.py:545} INFO - Filling up the DagBag from /home/airflow/.local/lib/python3.12/site-packages/airflow/example_dags/example_nested_branch_dag.py
[2026-03-06T22:39:58.080+0000] {processor.py:840} INFO - DAG(s) 'example_nested_branch_dag' retrieved from /home/airflow/.local/lib/python3.12/site-packages/airflow/example_dags/example_nested_branch_dag.py
[2026-03-06T22:39:58.105+0000] {logging_mixin.py:188} INFO - [2026-03-06T22:39:58.104+0000] {dag.py:3096} INFO - Sync 1 DAGs
[2026-03-06T22:39:58.132+0000] {logging_mixin.py:188} INFO - [2026-03-06T22:39:58.132+0000] {dag.py:3954} INFO - Setting next_dagrun for example_nested_branch_dag to 2026-03-05 00:00:00+00:00, run_after=2026-03-06 00:00:00+00:00
[2026-03-06T22:39:58.158+0000] {processor.py:183} INFO - Processing /home/airflow/.local/lib/python3.12/site-packages/airflow/example_dags/example_nested_branch_dag.py took 0.103 seconds
[2026-03-06T22:40:28.367+0000] {processor.py:161} INFO - Started process (PID=1106) to work on /home/airflow/.local/lib/python3.12/site-packages/airflow/example_dags/example_nested_branch_dag.py
[2026-03-06T22:40:28.368+0000] {processor.py:830} INFO - Processing file /home/airflow/.local/lib/python3.12/site-packages/airflow/example_dags/example_nested_branch_dag.py for tasks to queue
[2026-03-06T22:40:28.372+0000] {logging_mixin.py:188} INFO - [2026-03-06T22:40:28.372+0000] {dagbag.py:545} INFO - Filling up the DagBag from /home/airflow/.local/lib/python3.12/site-packages/airflow/example_dags/example_nested_branch_dag.py
[2026-03-06T22:40:28.394+0000] {processor.py:840} INFO - DAG(s) 'example_nested_branch_dag' retrieved from /home/airflow/.local/lib/python3.12/site-packages/airflow/example_dags/example_nested_branch_dag.py
[2026-03-06T22:40:28.420+0000] {logging_mixin.py:188} INFO - [2026-03-06T22:40:28.419+0000] {dag.py:3096} INFO - Sync 1 DAGs
[2026-03-06T22:40:28.448+0000] {logging_mixin.py:188} INFO - [2026-03-06T22:40:28.448+0000] {dag.py:3954} INFO - Setting next_dagrun for example_nested_branch_dag to 2026-03-05 00:00:00+00:00, run_after=2026-03-06 00:00:00+00:00
[2026-03-06T22:40:28.473+0000] {processor.py:183} INFO - Processing /home/airflow/.local/lib/python3.12/site-packages/airflow/example_dags/example_nested_branch_dag.py took 0.113 seconds
[2026-03-06T22:40:58.736+0000] {processor.py:161} INFO - Started process (PID=1164) to work on /home/airflow/.local/lib/python3.12/site-packages/airflow/example_dags/example_nested_branch_dag.py
[2026-03-06T22:40:58.737+0000] {processor.py:830} INFO - Processing file /home/airflow/.local/lib/python3.12/site-packages/airflow/example_dags/example_nested_branch_dag.py for tasks to queue
[2026-03-06T22:40:58.739+0000] {logging_mixin.py:188} INFO - [2026-03-06T22:40:58.739+0000] {dagbag.py:545} INFO - Filling up the DagBag from /home/airflow/.local/lib/python3.12/site-packages/airflow/example_dags/example_nested_branch_dag.py
[2026-03-06T22:40:58.752+0000] {processor.py:840} INFO - DAG(s) 'example_nested_branch_dag' retrieved from /home/airflow/.local/lib/python3.12/site-packages/airflow/example_dags/example_nested_branch_dag.py
[2026-03-06T22:40:58.776+0000] {logging_mixin.py:188} INFO - [2026-03-06T22:40:58.776+0000] {dag.py:3096} INFO - Sync 1 DAGs
[2026-03-06T22:40:58.817+0000] {logging_mixin.py:188} INFO - [2026-03-06T22:40:58.816+0000] {dag.py:3954} INFO - Setting next_dagrun for example_nested_branch_dag to 2026-03-05 00:00:00+00:00, run_after=2026-03-06 00:00:00+00:00
[2026-03-06T22:40:58.845+0000] {processor.py:183} INFO - Processing /home/airflow/.local/lib/python3.12/site-packages/airflow/example_dags/example_nested_branch_dag.py took 0.115 seconds
