[2026-03-06T22:30:45.736+0000] {processor.py:161} INFO - Started process (PID=78) to work on /home/airflow/.local/lib/python3.12/site-packages/airflow/example_dags/example_skip_dag.py
[2026-03-06T22:30:45.737+0000] {processor.py:830} INFO - Processing file /home/airflow/.local/lib/python3.12/site-packages/airflow/example_dags/example_skip_dag.py for tasks to queue
[2026-03-06T22:30:45.740+0000] {logging_mixin.py:188} INFO - [2026-03-06T22:30:45.740+0000] {dagbag.py:545} INFO - Filling up the DagBag from /home/airflow/.local/lib/python3.12/site-packages/airflow/example_dags/example_skip_dag.py
[2026-03-06T22:30:45.754+0000] {processor.py:840} INFO - DAG(s) 'example_skip_dag' retrieved from /home/airflow/.local/lib/python3.12/site-packages/airflow/example_dags/example_skip_dag.py
[2026-03-06T22:30:45.886+0000] {logging_mixin.py:188} INFO - [2026-03-06T22:30:45.885+0000] {override.py:1829} INFO - Created Permission View: can delete on DAG:example_skip_dag
[2026-03-06T22:30:45.905+0000] {logging_mixin.py:188} INFO - [2026-03-06T22:30:45.904+0000] {override.py:1829} INFO - Created Permission View: can read on DAG:example_skip_dag
[2026-03-06T22:30:45.914+0000] {logging_mixin.py:188} INFO - [2026-03-06T22:30:45.914+0000] {override.py:1829} INFO - Created Permission View: can edit on DAG:example_skip_dag
[2026-03-06T22:30:45.916+0000] {logging_mixin.py:188} INFO - [2026-03-06T22:30:45.916+0000] {dag.py:3096} INFO - Sync 1 DAGs
[2026-03-06T22:30:45.931+0000] {logging_mixin.py:188} INFO - [2026-03-06T22:30:45.930+0000] {dag.py:3118} INFO - Creating ORM DAG for example_skip_dag
[2026-03-06T22:30:45.943+0000] {logging_mixin.py:188} INFO - [2026-03-06T22:30:45.943+0000] {dag.py:3954} INFO - Setting next_dagrun for example_skip_dag to 2026-03-05 00:00:00+00:00, run_after=2026-03-06 00:00:00+00:00
[2026-03-06T22:30:45.967+0000] {processor.py:183} INFO - Processing /home/airflow/.local/lib/python3.12/site-packages/airflow/example_dags/example_skip_dag.py took 0.238 seconds
[2026-03-06T22:31:20.166+0000] {processor.py:161} INFO - Started process (PID=58) to work on /home/airflow/.local/lib/python3.12/site-packages/airflow/example_dags/example_skip_dag.py
[2026-03-06T22:31:20.167+0000] {processor.py:830} INFO - Processing file /home/airflow/.local/lib/python3.12/site-packages/airflow/example_dags/example_skip_dag.py for tasks to queue
[2026-03-06T22:31:20.170+0000] {logging_mixin.py:188} INFO - [2026-03-06T22:31:20.170+0000] {dagbag.py:545} INFO - Filling up the DagBag from /home/airflow/.local/lib/python3.12/site-packages/airflow/example_dags/example_skip_dag.py
[2026-03-06T22:31:20.181+0000] {processor.py:840} INFO - DAG(s) 'example_skip_dag' retrieved from /home/airflow/.local/lib/python3.12/site-packages/airflow/example_dags/example_skip_dag.py
[2026-03-06T22:31:20.209+0000] {logging_mixin.py:188} INFO - [2026-03-06T22:31:20.209+0000] {dag.py:3096} INFO - Sync 1 DAGs
[2026-03-06T22:31:20.242+0000] {logging_mixin.py:188} INFO - [2026-03-06T22:31:20.242+0000] {dag.py:3954} INFO - Setting next_dagrun for example_skip_dag to 2026-03-05 00:00:00+00:00, run_after=2026-03-06 00:00:00+00:00
[2026-03-06T22:31:20.282+0000] {processor.py:183} INFO - Processing /home/airflow/.local/lib/python3.12/site-packages/airflow/example_dags/example_skip_dag.py took 0.123 seconds
[2026-03-06T22:31:50.827+0000] {processor.py:161} INFO - Started process (PID=116) to work on /home/airflow/.local/lib/python3.12/site-packages/airflow/example_dags/example_skip_dag.py
[2026-03-06T22:31:50.831+0000] {processor.py:830} INFO - Processing file /home/airflow/.local/lib/python3.12/site-packages/airflow/example_dags/example_skip_dag.py for tasks to queue
[2026-03-06T22:31:50.839+0000] {logging_mixin.py:188} INFO - [2026-03-06T22:31:50.836+0000] {dagbag.py:545} INFO - Filling up the DagBag from /home/airflow/.local/lib/python3.12/site-packages/airflow/example_dags/example_skip_dag.py
[2026-03-06T22:31:50.855+0000] {processor.py:840} INFO - DAG(s) 'example_skip_dag' retrieved from /home/airflow/.local/lib/python3.12/site-packages/airflow/example_dags/example_skip_dag.py
[2026-03-06T22:31:50.898+0000] {logging_mixin.py:188} INFO - [2026-03-06T22:31:50.898+0000] {dag.py:3096} INFO - Sync 1 DAGs
[2026-03-06T22:31:50.944+0000] {logging_mixin.py:188} INFO - [2026-03-06T22:31:50.943+0000] {dag.py:3954} INFO - Setting next_dagrun for example_skip_dag to 2026-03-05 00:00:00+00:00, run_after=2026-03-06 00:00:00+00:00
[2026-03-06T22:31:50.978+0000] {processor.py:183} INFO - Processing /home/airflow/.local/lib/python3.12/site-packages/airflow/example_dags/example_skip_dag.py took 0.164 seconds
[2026-03-06T22:32:21.136+0000] {processor.py:161} INFO - Started process (PID=174) to work on /home/airflow/.local/lib/python3.12/site-packages/airflow/example_dags/example_skip_dag.py
[2026-03-06T22:32:21.139+0000] {processor.py:830} INFO - Processing file /home/airflow/.local/lib/python3.12/site-packages/airflow/example_dags/example_skip_dag.py for tasks to queue
[2026-03-06T22:32:21.145+0000] {logging_mixin.py:188} INFO - [2026-03-06T22:32:21.145+0000] {dagbag.py:545} INFO - Filling up the DagBag from /home/airflow/.local/lib/python3.12/site-packages/airflow/example_dags/example_skip_dag.py
[2026-03-06T22:32:21.153+0000] {processor.py:840} INFO - DAG(s) 'example_skip_dag' retrieved from /home/airflow/.local/lib/python3.12/site-packages/airflow/example_dags/example_skip_dag.py
[2026-03-06T22:32:21.184+0000] {logging_mixin.py:188} INFO - [2026-03-06T22:32:21.184+0000] {dag.py:3096} INFO - Sync 1 DAGs
[2026-03-06T22:32:21.218+0000] {logging_mixin.py:188} INFO - [2026-03-06T22:32:21.217+0000] {dag.py:3954} INFO - Setting next_dagrun for example_skip_dag to 2026-03-05 00:00:00+00:00, run_after=2026-03-06 00:00:00+00:00
[2026-03-06T22:32:21.251+0000] {processor.py:183} INFO - Processing /home/airflow/.local/lib/python3.12/site-packages/airflow/example_dags/example_skip_dag.py took 0.122 seconds
[2026-03-06T22:32:51.442+0000] {processor.py:161} INFO - Started process (PID=232) to work on /home/airflow/.local/lib/python3.12/site-packages/airflow/example_dags/example_skip_dag.py
[2026-03-06T22:32:51.443+0000] {processor.py:830} INFO - Processing file /home/airflow/.local/lib/python3.12/site-packages/airflow/example_dags/example_skip_dag.py for tasks to queue
[2026-03-06T22:32:51.446+0000] {logging_mixin.py:188} INFO - [2026-03-06T22:32:51.446+0000] {dagbag.py:545} INFO - Filling up the DagBag from /home/airflow/.local/lib/python3.12/site-packages/airflow/example_dags/example_skip_dag.py
[2026-03-06T22:32:51.454+0000] {processor.py:840} INFO - DAG(s) 'example_skip_dag' retrieved from /home/airflow/.local/lib/python3.12/site-packages/airflow/example_dags/example_skip_dag.py
[2026-03-06T22:32:51.470+0000] {logging_mixin.py:188} INFO - [2026-03-06T22:32:51.469+0000] {dag.py:3096} INFO - Sync 1 DAGs
[2026-03-06T22:32:51.502+0000] {logging_mixin.py:188} INFO - [2026-03-06T22:32:51.501+0000] {dag.py:3954} INFO - Setting next_dagrun for example_skip_dag to 2026-03-05 00:00:00+00:00, run_after=2026-03-06 00:00:00+00:00
[2026-03-06T22:32:51.553+0000] {processor.py:183} INFO - Processing /home/airflow/.local/lib/python3.12/site-packages/airflow/example_dags/example_skip_dag.py took 0.117 seconds
[2026-03-06T22:33:22.742+0000] {processor.py:161} INFO - Started process (PID=290) to work on /home/airflow/.local/lib/python3.12/site-packages/airflow/example_dags/example_skip_dag.py
[2026-03-06T22:33:22.744+0000] {processor.py:830} INFO - Processing file /home/airflow/.local/lib/python3.12/site-packages/airflow/example_dags/example_skip_dag.py for tasks to queue
[2026-03-06T22:33:22.747+0000] {logging_mixin.py:188} INFO - [2026-03-06T22:33:22.747+0000] {dagbag.py:545} INFO - Filling up the DagBag from /home/airflow/.local/lib/python3.12/site-packages/airflow/example_dags/example_skip_dag.py
[2026-03-06T22:33:22.762+0000] {processor.py:840} INFO - DAG(s) 'example_skip_dag' retrieved from /home/airflow/.local/lib/python3.12/site-packages/airflow/example_dags/example_skip_dag.py
[2026-03-06T22:33:22.923+0000] {logging_mixin.py:188} INFO - [2026-03-06T22:33:22.923+0000] {dag.py:3096} INFO - Sync 1 DAGs
[2026-03-06T22:33:22.954+0000] {logging_mixin.py:188} INFO - [2026-03-06T22:33:22.954+0000] {dag.py:3954} INFO - Setting next_dagrun for example_skip_dag to 2026-03-05 00:00:00+00:00, run_after=2026-03-06 00:00:00+00:00
[2026-03-06T22:33:22.989+0000] {processor.py:183} INFO - Processing /home/airflow/.local/lib/python3.12/site-packages/airflow/example_dags/example_skip_dag.py took 0.258 seconds
[2026-03-06T22:33:53.883+0000] {processor.py:161} INFO - Started process (PID=354) to work on /home/airflow/.local/lib/python3.12/site-packages/airflow/example_dags/example_skip_dag.py
[2026-03-06T22:33:53.885+0000] {processor.py:830} INFO - Processing file /home/airflow/.local/lib/python3.12/site-packages/airflow/example_dags/example_skip_dag.py for tasks to queue
[2026-03-06T22:33:53.890+0000] {logging_mixin.py:188} INFO - [2026-03-06T22:33:53.889+0000] {dagbag.py:545} INFO - Filling up the DagBag from /home/airflow/.local/lib/python3.12/site-packages/airflow/example_dags/example_skip_dag.py
[2026-03-06T22:33:53.902+0000] {processor.py:840} INFO - DAG(s) 'example_skip_dag' retrieved from /home/airflow/.local/lib/python3.12/site-packages/airflow/example_dags/example_skip_dag.py
[2026-03-06T22:33:53.953+0000] {logging_mixin.py:188} INFO - [2026-03-06T22:33:53.952+0000] {dag.py:3096} INFO - Sync 1 DAGs
[2026-03-06T22:33:54.007+0000] {logging_mixin.py:188} INFO - [2026-03-06T22:33:54.007+0000] {dag.py:3954} INFO - Setting next_dagrun for example_skip_dag to 2026-03-05 00:00:00+00:00, run_after=2026-03-06 00:00:00+00:00
[2026-03-06T22:33:54.049+0000] {processor.py:183} INFO - Processing /home/airflow/.local/lib/python3.12/site-packages/airflow/example_dags/example_skip_dag.py took 0.179 seconds
[2026-03-06T22:34:24.128+0000] {processor.py:161} INFO - Started process (PID=412) to work on /home/airflow/.local/lib/python3.12/site-packages/airflow/example_dags/example_skip_dag.py
[2026-03-06T22:34:24.131+0000] {processor.py:830} INFO - Processing file /home/airflow/.local/lib/python3.12/site-packages/airflow/example_dags/example_skip_dag.py for tasks to queue
[2026-03-06T22:34:24.134+0000] {logging_mixin.py:188} INFO - [2026-03-06T22:34:24.134+0000] {dagbag.py:545} INFO - Filling up the DagBag from /home/airflow/.local/lib/python3.12/site-packages/airflow/example_dags/example_skip_dag.py
[2026-03-06T22:34:24.148+0000] {processor.py:840} INFO - DAG(s) 'example_skip_dag' retrieved from /home/airflow/.local/lib/python3.12/site-packages/airflow/example_dags/example_skip_dag.py
[2026-03-06T22:34:24.181+0000] {logging_mixin.py:188} INFO - [2026-03-06T22:34:24.180+0000] {dag.py:3096} INFO - Sync 1 DAGs
[2026-03-06T22:34:24.225+0000] {logging_mixin.py:188} INFO - [2026-03-06T22:34:24.225+0000] {dag.py:3954} INFO - Setting next_dagrun for example_skip_dag to 2026-03-05 00:00:00+00:00, run_after=2026-03-06 00:00:00+00:00
[2026-03-06T22:34:24.269+0000] {processor.py:183} INFO - Processing /home/airflow/.local/lib/python3.12/site-packages/airflow/example_dags/example_skip_dag.py took 0.151 seconds
[2026-03-06T22:34:54.575+0000] {processor.py:161} INFO - Started process (PID=470) to work on /home/airflow/.local/lib/python3.12/site-packages/airflow/example_dags/example_skip_dag.py
[2026-03-06T22:34:54.576+0000] {processor.py:830} INFO - Processing file /home/airflow/.local/lib/python3.12/site-packages/airflow/example_dags/example_skip_dag.py for tasks to queue
[2026-03-06T22:34:54.579+0000] {logging_mixin.py:188} INFO - [2026-03-06T22:34:54.579+0000] {dagbag.py:545} INFO - Filling up the DagBag from /home/airflow/.local/lib/python3.12/site-packages/airflow/example_dags/example_skip_dag.py
[2026-03-06T22:34:54.588+0000] {processor.py:840} INFO - DAG(s) 'example_skip_dag' retrieved from /home/airflow/.local/lib/python3.12/site-packages/airflow/example_dags/example_skip_dag.py
[2026-03-06T22:34:54.617+0000] {logging_mixin.py:188} INFO - [2026-03-06T22:34:54.617+0000] {dag.py:3096} INFO - Sync 1 DAGs
[2026-03-06T22:34:54.648+0000] {logging_mixin.py:188} INFO - [2026-03-06T22:34:54.648+0000] {dag.py:3954} INFO - Setting next_dagrun for example_skip_dag to 2026-03-05 00:00:00+00:00, run_after=2026-03-06 00:00:00+00:00
[2026-03-06T22:34:54.685+0000] {processor.py:183} INFO - Processing /home/airflow/.local/lib/python3.12/site-packages/airflow/example_dags/example_skip_dag.py took 0.117 seconds
[2026-03-06T22:35:24.913+0000] {processor.py:161} INFO - Started process (PID=528) to work on /home/airflow/.local/lib/python3.12/site-packages/airflow/example_dags/example_skip_dag.py
[2026-03-06T22:35:24.914+0000] {processor.py:830} INFO - Processing file /home/airflow/.local/lib/python3.12/site-packages/airflow/example_dags/example_skip_dag.py for tasks to queue
[2026-03-06T22:35:24.918+0000] {logging_mixin.py:188} INFO - [2026-03-06T22:35:24.917+0000] {dagbag.py:545} INFO - Filling up the DagBag from /home/airflow/.local/lib/python3.12/site-packages/airflow/example_dags/example_skip_dag.py
[2026-03-06T22:35:24.930+0000] {processor.py:840} INFO - DAG(s) 'example_skip_dag' retrieved from /home/airflow/.local/lib/python3.12/site-packages/airflow/example_dags/example_skip_dag.py
[2026-03-06T22:35:24.965+0000] {logging_mixin.py:188} INFO - [2026-03-06T22:35:24.964+0000] {dag.py:3096} INFO - Sync 1 DAGs
[2026-03-06T22:35:25.005+0000] {logging_mixin.py:188} INFO - [2026-03-06T22:35:25.004+0000] {dag.py:3954} INFO - Setting next_dagrun for example_skip_dag to 2026-03-05 00:00:00+00:00, run_after=2026-03-06 00:00:00+00:00
[2026-03-06T22:35:25.046+0000] {processor.py:183} INFO - Processing /home/airflow/.local/lib/python3.12/site-packages/airflow/example_dags/example_skip_dag.py took 0.140 seconds
[2026-03-06T22:35:55.169+0000] {processor.py:161} INFO - Started process (PID=586) to work on /home/airflow/.local/lib/python3.12/site-packages/airflow/example_dags/example_skip_dag.py
[2026-03-06T22:35:55.171+0000] {processor.py:830} INFO - Processing file /home/airflow/.local/lib/python3.12/site-packages/airflow/example_dags/example_skip_dag.py for tasks to queue
[2026-03-06T22:35:55.174+0000] {logging_mixin.py:188} INFO - [2026-03-06T22:35:55.173+0000] {dagbag.py:545} INFO - Filling up the DagBag from /home/airflow/.local/lib/python3.12/site-packages/airflow/example_dags/example_skip_dag.py
[2026-03-06T22:35:55.186+0000] {processor.py:840} INFO - DAG(s) 'example_skip_dag' retrieved from /home/airflow/.local/lib/python3.12/site-packages/airflow/example_dags/example_skip_dag.py
[2026-03-06T22:35:55.220+0000] {logging_mixin.py:188} INFO - [2026-03-06T22:35:55.220+0000] {dag.py:3096} INFO - Sync 1 DAGs
[2026-03-06T22:35:55.252+0000] {logging_mixin.py:188} INFO - [2026-03-06T22:35:55.252+0000] {dag.py:3954} INFO - Setting next_dagrun for example_skip_dag to 2026-03-05 00:00:00+00:00, run_after=2026-03-06 00:00:00+00:00
[2026-03-06T22:35:55.283+0000] {processor.py:183} INFO - Processing /home/airflow/.local/lib/python3.12/site-packages/airflow/example_dags/example_skip_dag.py took 0.127 seconds
[2026-03-06T22:36:25.723+0000] {processor.py:161} INFO - Started process (PID=644) to work on /home/airflow/.local/lib/python3.12/site-packages/airflow/example_dags/example_skip_dag.py
[2026-03-06T22:36:25.725+0000] {processor.py:830} INFO - Processing file /home/airflow/.local/lib/python3.12/site-packages/airflow/example_dags/example_skip_dag.py for tasks to queue
[2026-03-06T22:36:25.728+0000] {logging_mixin.py:188} INFO - [2026-03-06T22:36:25.727+0000] {dagbag.py:545} INFO - Filling up the DagBag from /home/airflow/.local/lib/python3.12/site-packages/airflow/example_dags/example_skip_dag.py
[2026-03-06T22:36:25.738+0000] {processor.py:840} INFO - DAG(s) 'example_skip_dag' retrieved from /home/airflow/.local/lib/python3.12/site-packages/airflow/example_dags/example_skip_dag.py
[2026-03-06T22:36:25.762+0000] {logging_mixin.py:188} INFO - [2026-03-06T22:36:25.762+0000] {dag.py:3096} INFO - Sync 1 DAGs
[2026-03-06T22:36:25.790+0000] {logging_mixin.py:188} INFO - [2026-03-06T22:36:25.790+0000] {dag.py:3954} INFO - Setting next_dagrun for example_skip_dag to 2026-03-05 00:00:00+00:00, run_after=2026-03-06 00:00:00+00:00
[2026-03-06T22:36:25.815+0000] {processor.py:183} INFO - Processing /home/airflow/.local/lib/python3.12/site-packages/airflow/example_dags/example_skip_dag.py took 0.106 seconds
[2026-03-06T22:36:56.186+0000] {processor.py:161} INFO - Started process (PID=702) to work on /home/airflow/.local/lib/python3.12/site-packages/airflow/example_dags/example_skip_dag.py
[2026-03-06T22:36:56.188+0000] {processor.py:830} INFO - Processing file /home/airflow/.local/lib/python3.12/site-packages/airflow/example_dags/example_skip_dag.py for tasks to queue
[2026-03-06T22:36:56.191+0000] {logging_mixin.py:188} INFO - [2026-03-06T22:36:56.190+0000] {dagbag.py:545} INFO - Filling up the DagBag from /home/airflow/.local/lib/python3.12/site-packages/airflow/example_dags/example_skip_dag.py
[2026-03-06T22:36:56.200+0000] {processor.py:840} INFO - DAG(s) 'example_skip_dag' retrieved from /home/airflow/.local/lib/python3.12/site-packages/airflow/example_dags/example_skip_dag.py
[2026-03-06T22:36:56.225+0000] {logging_mixin.py:188} INFO - [2026-03-06T22:36:56.225+0000] {dag.py:3096} INFO - Sync 1 DAGs
[2026-03-06T22:36:56.262+0000] {logging_mixin.py:188} INFO - [2026-03-06T22:36:56.262+0000] {dag.py:3954} INFO - Setting next_dagrun for example_skip_dag to 2026-03-05 00:00:00+00:00, run_after=2026-03-06 00:00:00+00:00
[2026-03-06T22:36:56.286+0000] {processor.py:183} INFO - Processing /home/airflow/.local/lib/python3.12/site-packages/airflow/example_dags/example_skip_dag.py took 0.108 seconds
[2026-03-06T22:37:26.627+0000] {processor.py:161} INFO - Started process (PID=760) to work on /home/airflow/.local/lib/python3.12/site-packages/airflow/example_dags/example_skip_dag.py
[2026-03-06T22:37:26.628+0000] {processor.py:830} INFO - Processing file /home/airflow/.local/lib/python3.12/site-packages/airflow/example_dags/example_skip_dag.py for tasks to queue
[2026-03-06T22:37:26.631+0000] {logging_mixin.py:188} INFO - [2026-03-06T22:37:26.630+0000] {dagbag.py:545} INFO - Filling up the DagBag from /home/airflow/.local/lib/python3.12/site-packages/airflow/example_dags/example_skip_dag.py
[2026-03-06T22:37:26.639+0000] {processor.py:840} INFO - DAG(s) 'example_skip_dag' retrieved from /home/airflow/.local/lib/python3.12/site-packages/airflow/example_dags/example_skip_dag.py
[2026-03-06T22:37:26.664+0000] {logging_mixin.py:188} INFO - [2026-03-06T22:37:26.663+0000] {dag.py:3096} INFO - Sync 1 DAGs
[2026-03-06T22:37:26.691+0000] {logging_mixin.py:188} INFO - [2026-03-06T22:37:26.691+0000] {dag.py:3954} INFO - Setting next_dagrun for example_skip_dag to 2026-03-05 00:00:00+00:00, run_after=2026-03-06 00:00:00+00:00
[2026-03-06T22:37:26.717+0000] {processor.py:183} INFO - Processing /home/airflow/.local/lib/python3.12/site-packages/airflow/example_dags/example_skip_dag.py took 0.098 seconds
[2026-03-06T22:37:56.766+0000] {processor.py:161} INFO - Started process (PID=818) to work on /home/airflow/.local/lib/python3.12/site-packages/airflow/example_dags/example_skip_dag.py
[2026-03-06T22:37:56.767+0000] {processor.py:830} INFO - Processing file /home/airflow/.local/lib/python3.12/site-packages/airflow/example_dags/example_skip_dag.py for tasks to queue
[2026-03-06T22:37:56.770+0000] {logging_mixin.py:188} INFO - [2026-03-06T22:37:56.770+0000] {dagbag.py:545} INFO - Filling up the DagBag from /home/airflow/.local/lib/python3.12/site-packages/airflow/example_dags/example_skip_dag.py
[2026-03-06T22:37:56.778+0000] {processor.py:840} INFO - DAG(s) 'example_skip_dag' retrieved from /home/airflow/.local/lib/python3.12/site-packages/airflow/example_dags/example_skip_dag.py
[2026-03-06T22:37:56.802+0000] {logging_mixin.py:188} INFO - [2026-03-06T22:37:56.801+0000] {dag.py:3096} INFO - Sync 1 DAGs
[2026-03-06T22:37:56.828+0000] {logging_mixin.py:188} INFO - [2026-03-06T22:37:56.828+0000] {dag.py:3954} INFO - Setting next_dagrun for example_skip_dag to 2026-03-05 00:00:00+00:00, run_after=2026-03-06 00:00:00+00:00
[2026-03-06T22:37:56.856+0000] {processor.py:183} INFO - Processing /home/airflow/.local/lib/python3.12/site-packages/airflow/example_dags/example_skip_dag.py took 0.096 seconds
[2026-03-06T22:38:26.903+0000] {processor.py:161} INFO - Started process (PID=875) to work on /home/airflow/.local/lib/python3.12/site-packages/airflow/example_dags/example_skip_dag.py
[2026-03-06T22:38:26.905+0000] {processor.py:830} INFO - Processing file /home/airflow/.local/lib/python3.12/site-packages/airflow/example_dags/example_skip_dag.py for tasks to queue
[2026-03-06T22:38:26.907+0000] {logging_mixin.py:188} INFO - [2026-03-06T22:38:26.907+0000] {dagbag.py:545} INFO - Filling up the DagBag from /home/airflow/.local/lib/python3.12/site-packages/airflow/example_dags/example_skip_dag.py
[2026-03-06T22:38:26.917+0000] {processor.py:840} INFO - DAG(s) 'example_skip_dag' retrieved from /home/airflow/.local/lib/python3.12/site-packages/airflow/example_dags/example_skip_dag.py
[2026-03-06T22:38:26.941+0000] {logging_mixin.py:188} INFO - [2026-03-06T22:38:26.941+0000] {dag.py:3096} INFO - Sync 1 DAGs
[2026-03-06T22:38:26.969+0000] {logging_mixin.py:188} INFO - [2026-03-06T22:38:26.969+0000] {dag.py:3954} INFO - Setting next_dagrun for example_skip_dag to 2026-03-05 00:00:00+00:00, run_after=2026-03-06 00:00:00+00:00
[2026-03-06T22:38:26.997+0000] {processor.py:183} INFO - Processing /home/airflow/.local/lib/python3.12/site-packages/airflow/example_dags/example_skip_dag.py took 0.101 seconds
[2026-03-06T22:38:57.744+0000] {processor.py:161} INFO - Started process (PID=934) to work on /home/airflow/.local/lib/python3.12/site-packages/airflow/example_dags/example_skip_dag.py
[2026-03-06T22:38:57.745+0000] {processor.py:830} INFO - Processing file /home/airflow/.local/lib/python3.12/site-packages/airflow/example_dags/example_skip_dag.py for tasks to queue
[2026-03-06T22:38:57.748+0000] {logging_mixin.py:188} INFO - [2026-03-06T22:38:57.748+0000] {dagbag.py:545} INFO - Filling up the DagBag from /home/airflow/.local/lib/python3.12/site-packages/airflow/example_dags/example_skip_dag.py
[2026-03-06T22:38:57.756+0000] {processor.py:840} INFO - DAG(s) 'example_skip_dag' retrieved from /home/airflow/.local/lib/python3.12/site-packages/airflow/example_dags/example_skip_dag.py
[2026-03-06T22:38:57.780+0000] {logging_mixin.py:188} INFO - [2026-03-06T22:38:57.780+0000] {dag.py:3096} INFO - Sync 1 DAGs
[2026-03-06T22:38:57.807+0000] {logging_mixin.py:188} INFO - [2026-03-06T22:38:57.807+0000] {dag.py:3954} INFO - Setting next_dagrun for example_skip_dag to 2026-03-05 00:00:00+00:00, run_after=2026-03-06 00:00:00+00:00
[2026-03-06T22:38:57.833+0000] {processor.py:183} INFO - Processing /home/airflow/.local/lib/python3.12/site-packages/airflow/example_dags/example_skip_dag.py took 0.095 seconds
[2026-03-06T22:39:27.906+0000] {processor.py:161} INFO - Started process (PID=991) to work on /home/airflow/.local/lib/python3.12/site-packages/airflow/example_dags/example_skip_dag.py
[2026-03-06T22:39:27.907+0000] {processor.py:830} INFO - Processing file /home/airflow/.local/lib/python3.12/site-packages/airflow/example_dags/example_skip_dag.py for tasks to queue
[2026-03-06T22:39:27.909+0000] {logging_mixin.py:188} INFO - [2026-03-06T22:39:27.909+0000] {dagbag.py:545} INFO - Filling up the DagBag from /home/airflow/.local/lib/python3.12/site-packages/airflow/example_dags/example_skip_dag.py
[2026-03-06T22:39:27.918+0000] {processor.py:840} INFO - DAG(s) 'example_skip_dag' retrieved from /home/airflow/.local/lib/python3.12/site-packages/airflow/example_dags/example_skip_dag.py
[2026-03-06T22:39:27.951+0000] {logging_mixin.py:188} INFO - [2026-03-06T22:39:27.951+0000] {dag.py:3096} INFO - Sync 1 DAGs
[2026-03-06T22:39:27.978+0000] {logging_mixin.py:188} INFO - [2026-03-06T22:39:27.978+0000] {dag.py:3954} INFO - Setting next_dagrun for example_skip_dag to 2026-03-05 00:00:00+00:00, run_after=2026-03-06 00:00:00+00:00
[2026-03-06T22:39:28.004+0000] {processor.py:183} INFO - Processing /home/airflow/.local/lib/python3.12/site-packages/airflow/example_dags/example_skip_dag.py took 0.105 seconds
[2026-03-06T22:39:58.069+0000] {processor.py:161} INFO - Started process (PID=1049) to work on /home/airflow/.local/lib/python3.12/site-packages/airflow/example_dags/example_skip_dag.py
[2026-03-06T22:39:58.070+0000] {processor.py:830} INFO - Processing file /home/airflow/.local/lib/python3.12/site-packages/airflow/example_dags/example_skip_dag.py for tasks to queue
[2026-03-06T22:39:58.073+0000] {logging_mixin.py:188} INFO - [2026-03-06T22:39:58.072+0000] {dagbag.py:545} INFO - Filling up the DagBag from /home/airflow/.local/lib/python3.12/site-packages/airflow/example_dags/example_skip_dag.py
[2026-03-06T22:39:58.081+0000] {processor.py:840} INFO - DAG(s) 'example_skip_dag' retrieved from /home/airflow/.local/lib/python3.12/site-packages/airflow/example_dags/example_skip_dag.py
[2026-03-06T22:39:58.105+0000] {logging_mixin.py:188} INFO - [2026-03-06T22:39:58.104+0000] {dag.py:3096} INFO - Sync 1 DAGs
[2026-03-06T22:39:58.131+0000] {logging_mixin.py:188} INFO - [2026-03-06T22:39:58.131+0000] {dag.py:3954} INFO - Setting next_dagrun for example_skip_dag to 2026-03-05 00:00:00+00:00, run_after=2026-03-06 00:00:00+00:00
[2026-03-06T22:39:58.157+0000] {processor.py:183} INFO - Processing /home/airflow/.local/lib/python3.12/site-packages/airflow/example_dags/example_skip_dag.py took 0.095 seconds
[2026-03-06T22:40:28.379+0000] {processor.py:161} INFO - Started process (PID=1107) to work on /home/airflow/.local/lib/python3.12/site-packages/airflow/example_dags/example_skip_dag.py
[2026-03-06T22:40:28.380+0000] {processor.py:830} INFO - Processing file /home/airflow/.local/lib/python3.12/site-packages/airflow/example_dags/example_skip_dag.py for tasks to queue
[2026-03-06T22:40:28.384+0000] {logging_mixin.py:188} INFO - [2026-03-06T22:40:28.383+0000] {dagbag.py:545} INFO - Filling up the DagBag from /home/airflow/.local/lib/python3.12/site-packages/airflow/example_dags/example_skip_dag.py
[2026-03-06T22:40:28.395+0000] {processor.py:840} INFO - DAG(s) 'example_skip_dag' retrieved from /home/airflow/.local/lib/python3.12/site-packages/airflow/example_dags/example_skip_dag.py
[2026-03-06T22:40:28.420+0000] {logging_mixin.py:188} INFO - [2026-03-06T22:40:28.419+0000] {dag.py:3096} INFO - Sync 1 DAGs
[2026-03-06T22:40:28.446+0000] {logging_mixin.py:188} INFO - [2026-03-06T22:40:28.446+0000] {dag.py:3954} INFO - Setting next_dagrun for example_skip_dag to 2026-03-05 00:00:00+00:00, run_after=2026-03-06 00:00:00+00:00
[2026-03-06T22:40:28.471+0000] {processor.py:183} INFO - Processing /home/airflow/.local/lib/python3.12/site-packages/airflow/example_dags/example_skip_dag.py took 0.103 seconds
[2026-03-06T22:40:58.745+0000] {processor.py:161} INFO - Started process (PID=1165) to work on /home/airflow/.local/lib/python3.12/site-packages/airflow/example_dags/example_skip_dag.py
[2026-03-06T22:40:58.747+0000] {processor.py:830} INFO - Processing file /home/airflow/.local/lib/python3.12/site-packages/airflow/example_dags/example_skip_dag.py for tasks to queue
[2026-03-06T22:40:58.750+0000] {logging_mixin.py:188} INFO - [2026-03-06T22:40:58.749+0000] {dagbag.py:545} INFO - Filling up the DagBag from /home/airflow/.local/lib/python3.12/site-packages/airflow/example_dags/example_skip_dag.py
[2026-03-06T22:40:58.760+0000] {processor.py:840} INFO - DAG(s) 'example_skip_dag' retrieved from /home/airflow/.local/lib/python3.12/site-packages/airflow/example_dags/example_skip_dag.py
[2026-03-06T22:40:58.785+0000] {logging_mixin.py:188} INFO - [2026-03-06T22:40:58.784+0000] {dag.py:3096} INFO - Sync 1 DAGs
[2026-03-06T22:40:58.812+0000] {logging_mixin.py:188} INFO - [2026-03-06T22:40:58.812+0000] {dag.py:3954} INFO - Setting next_dagrun for example_skip_dag to 2026-03-05 00:00:00+00:00, run_after=2026-03-06 00:00:00+00:00
[2026-03-06T22:40:58.843+0000] {processor.py:183} INFO - Processing /home/airflow/.local/lib/python3.12/site-packages/airflow/example_dags/example_skip_dag.py took 0.108 seconds
