[2026-03-06T22:30:50.711+0000] {processor.py:161} INFO - Started process (PID=105) to work on /home/airflow/.local/lib/python3.12/site-packages/airflow/example_dags/example_python_operator.py
[2026-03-06T22:30:50.712+0000] {processor.py:830} INFO - Processing file /home/airflow/.local/lib/python3.12/site-packages/airflow/example_dags/example_python_operator.py for tasks to queue
[2026-03-06T22:30:50.715+0000] {logging_mixin.py:188} INFO - [2026-03-06T22:30:50.714+0000] {dagbag.py:545} INFO - Filling up the DagBag from /home/airflow/.local/lib/python3.12/site-packages/airflow/example_dags/example_python_operator.py
[2026-03-06T22:30:50.735+0000] {processor.py:840} INFO - DAG(s) 'example_python_operator' retrieved from /home/airflow/.local/lib/python3.12/site-packages/airflow/example_dags/example_python_operator.py
[2026-03-06T22:30:50.923+0000] {logging_mixin.py:188} INFO - [2026-03-06T22:30:50.922+0000] {override.py:1829} INFO - Created Permission View: can delete on DAG:example_python_operator
[2026-03-06T22:30:50.940+0000] {logging_mixin.py:188} INFO - [2026-03-06T22:30:50.940+0000] {override.py:1829} INFO - Created Permission View: can read on DAG:example_python_operator
[2026-03-06T22:30:50.956+0000] {logging_mixin.py:188} INFO - [2026-03-06T22:30:50.955+0000] {override.py:1829} INFO - Created Permission View: can edit on DAG:example_python_operator
[2026-03-06T22:30:50.957+0000] {logging_mixin.py:188} INFO - [2026-03-06T22:30:50.956+0000] {dag.py:3096} INFO - Sync 1 DAGs
[2026-03-06T22:30:50.971+0000] {logging_mixin.py:188} INFO - [2026-03-06T22:30:50.971+0000] {dag.py:3118} INFO - Creating ORM DAG for example_python_operator
[2026-03-06T22:30:50.973+0000] {logging_mixin.py:188} INFO - [2026-03-06T22:30:50.972+0000] {dag.py:3954} INFO - Setting next_dagrun for example_python_operator to None, run_after=None
[2026-03-06T22:30:50.994+0000] {processor.py:183} INFO - Processing /home/airflow/.local/lib/python3.12/site-packages/airflow/example_dags/example_python_operator.py took 0.291 seconds
[2026-03-06T22:31:22.812+0000] {processor.py:161} INFO - Started process (PID=85) to work on /home/airflow/.local/lib/python3.12/site-packages/airflow/example_dags/example_python_operator.py
[2026-03-06T22:31:22.814+0000] {processor.py:830} INFO - Processing file /home/airflow/.local/lib/python3.12/site-packages/airflow/example_dags/example_python_operator.py for tasks to queue
[2026-03-06T22:31:22.817+0000] {logging_mixin.py:188} INFO - [2026-03-06T22:31:22.817+0000] {dagbag.py:545} INFO - Filling up the DagBag from /home/airflow/.local/lib/python3.12/site-packages/airflow/example_dags/example_python_operator.py
[2026-03-06T22:31:22.833+0000] {processor.py:840} INFO - DAG(s) 'example_python_operator' retrieved from /home/airflow/.local/lib/python3.12/site-packages/airflow/example_dags/example_python_operator.py
[2026-03-06T22:31:23.004+0000] {logging_mixin.py:188} INFO - [2026-03-06T22:31:23.004+0000] {dag.py:3096} INFO - Sync 1 DAGs
[2026-03-06T22:31:23.020+0000] {logging_mixin.py:188} INFO - [2026-03-06T22:31:23.019+0000] {dag.py:3954} INFO - Setting next_dagrun for example_python_operator to None, run_after=None
[2026-03-06T22:31:23.059+0000] {processor.py:183} INFO - Processing /home/airflow/.local/lib/python3.12/site-packages/airflow/example_dags/example_python_operator.py took 0.257 seconds
[2026-03-06T22:31:53.140+0000] {processor.py:161} INFO - Started process (PID=143) to work on /home/airflow/.local/lib/python3.12/site-packages/airflow/example_dags/example_python_operator.py
[2026-03-06T22:31:53.141+0000] {processor.py:830} INFO - Processing file /home/airflow/.local/lib/python3.12/site-packages/airflow/example_dags/example_python_operator.py for tasks to queue
[2026-03-06T22:31:53.144+0000] {logging_mixin.py:188} INFO - [2026-03-06T22:31:53.144+0000] {dagbag.py:545} INFO - Filling up the DagBag from /home/airflow/.local/lib/python3.12/site-packages/airflow/example_dags/example_python_operator.py
[2026-03-06T22:31:53.158+0000] {processor.py:840} INFO - DAG(s) 'example_python_operator' retrieved from /home/airflow/.local/lib/python3.12/site-packages/airflow/example_dags/example_python_operator.py
[2026-03-06T22:31:53.189+0000] {logging_mixin.py:188} INFO - [2026-03-06T22:31:53.189+0000] {dag.py:3096} INFO - Sync 1 DAGs
[2026-03-06T22:31:53.209+0000] {logging_mixin.py:188} INFO - [2026-03-06T22:31:53.208+0000] {dag.py:3954} INFO - Setting next_dagrun for example_python_operator to None, run_after=None
[2026-03-06T22:31:53.235+0000] {processor.py:183} INFO - Processing /home/airflow/.local/lib/python3.12/site-packages/airflow/example_dags/example_python_operator.py took 0.105 seconds
[2026-03-06T22:32:23.436+0000] {processor.py:161} INFO - Started process (PID=201) to work on /home/airflow/.local/lib/python3.12/site-packages/airflow/example_dags/example_python_operator.py
[2026-03-06T22:32:23.438+0000] {processor.py:830} INFO - Processing file /home/airflow/.local/lib/python3.12/site-packages/airflow/example_dags/example_python_operator.py for tasks to queue
[2026-03-06T22:32:23.441+0000] {logging_mixin.py:188} INFO - [2026-03-06T22:32:23.440+0000] {dagbag.py:545} INFO - Filling up the DagBag from /home/airflow/.local/lib/python3.12/site-packages/airflow/example_dags/example_python_operator.py
[2026-03-06T22:32:23.457+0000] {processor.py:840} INFO - DAG(s) 'example_python_operator' retrieved from /home/airflow/.local/lib/python3.12/site-packages/airflow/example_dags/example_python_operator.py
[2026-03-06T22:32:23.496+0000] {logging_mixin.py:188} INFO - [2026-03-06T22:32:23.496+0000] {dag.py:3096} INFO - Sync 1 DAGs
[2026-03-06T22:32:23.515+0000] {logging_mixin.py:188} INFO - [2026-03-06T22:32:23.515+0000] {dag.py:3954} INFO - Setting next_dagrun for example_python_operator to None, run_after=None
[2026-03-06T22:32:23.868+0000] {processor.py:183} INFO - Processing /home/airflow/.local/lib/python3.12/site-packages/airflow/example_dags/example_python_operator.py took 0.439 seconds
[2026-03-06T22:32:54.513+0000] {processor.py:161} INFO - Started process (PID=265) to work on /home/airflow/.local/lib/python3.12/site-packages/airflow/example_dags/example_python_operator.py
[2026-03-06T22:32:54.514+0000] {processor.py:830} INFO - Processing file /home/airflow/.local/lib/python3.12/site-packages/airflow/example_dags/example_python_operator.py for tasks to queue
[2026-03-06T22:32:54.517+0000] {logging_mixin.py:188} INFO - [2026-03-06T22:32:54.516+0000] {dagbag.py:545} INFO - Filling up the DagBag from /home/airflow/.local/lib/python3.12/site-packages/airflow/example_dags/example_python_operator.py
[2026-03-06T22:32:54.530+0000] {processor.py:840} INFO - DAG(s) 'example_python_operator' retrieved from /home/airflow/.local/lib/python3.12/site-packages/airflow/example_dags/example_python_operator.py
[2026-03-06T22:32:54.549+0000] {logging_mixin.py:188} INFO - [2026-03-06T22:32:54.548+0000] {dag.py:3096} INFO - Sync 1 DAGs
[2026-03-06T22:32:54.568+0000] {logging_mixin.py:188} INFO - [2026-03-06T22:32:54.568+0000] {dag.py:3954} INFO - Setting next_dagrun for example_python_operator to None, run_after=None
[2026-03-06T22:32:54.613+0000] {processor.py:183} INFO - Processing /home/airflow/.local/lib/python3.12/site-packages/airflow/example_dags/example_python_operator.py took 0.108 seconds
[2026-03-06T22:33:26.365+0000] {processor.py:161} INFO - Started process (PID=323) to work on /home/airflow/.local/lib/python3.12/site-packages/airflow/example_dags/example_python_operator.py
[2026-03-06T22:33:26.366+0000] {processor.py:830} INFO - Processing file /home/airflow/.local/lib/python3.12/site-packages/airflow/example_dags/example_python_operator.py for tasks to queue
[2026-03-06T22:33:26.369+0000] {logging_mixin.py:188} INFO - [2026-03-06T22:33:26.369+0000] {dagbag.py:545} INFO - Filling up the DagBag from /home/airflow/.local/lib/python3.12/site-packages/airflow/example_dags/example_python_operator.py
[2026-03-06T22:33:26.382+0000] {processor.py:840} INFO - DAG(s) 'example_python_operator' retrieved from /home/airflow/.local/lib/python3.12/site-packages/airflow/example_dags/example_python_operator.py
[2026-03-06T22:33:26.515+0000] {logging_mixin.py:188} INFO - [2026-03-06T22:33:26.515+0000] {dag.py:3096} INFO - Sync 1 DAGs
[2026-03-06T22:33:26.528+0000] {logging_mixin.py:188} INFO - [2026-03-06T22:33:26.528+0000] {dag.py:3954} INFO - Setting next_dagrun for example_python_operator to None, run_after=None
[2026-03-06T22:33:26.559+0000] {processor.py:183} INFO - Processing /home/airflow/.local/lib/python3.12/site-packages/airflow/example_dags/example_python_operator.py took 0.201 seconds
[2026-03-06T22:33:56.892+0000] {processor.py:161} INFO - Started process (PID=381) to work on /home/airflow/.local/lib/python3.12/site-packages/airflow/example_dags/example_python_operator.py
[2026-03-06T22:33:56.894+0000] {processor.py:830} INFO - Processing file /home/airflow/.local/lib/python3.12/site-packages/airflow/example_dags/example_python_operator.py for tasks to queue
[2026-03-06T22:33:56.897+0000] {logging_mixin.py:188} INFO - [2026-03-06T22:33:56.896+0000] {dagbag.py:545} INFO - Filling up the DagBag from /home/airflow/.local/lib/python3.12/site-packages/airflow/example_dags/example_python_operator.py
[2026-03-06T22:33:56.918+0000] {processor.py:840} INFO - DAG(s) 'example_python_operator' retrieved from /home/airflow/.local/lib/python3.12/site-packages/airflow/example_dags/example_python_operator.py
[2026-03-06T22:33:56.954+0000] {logging_mixin.py:188} INFO - [2026-03-06T22:33:56.953+0000] {dag.py:3096} INFO - Sync 1 DAGs
[2026-03-06T22:33:56.981+0000] {logging_mixin.py:188} INFO - [2026-03-06T22:33:56.981+0000] {dag.py:3954} INFO - Setting next_dagrun for example_python_operator to None, run_after=None
[2026-03-06T22:33:57.016+0000] {processor.py:183} INFO - Processing /home/airflow/.local/lib/python3.12/site-packages/airflow/example_dags/example_python_operator.py took 0.133 seconds
[2026-03-06T22:34:27.662+0000] {processor.py:161} INFO - Started process (PID=439) to work on /home/airflow/.local/lib/python3.12/site-packages/airflow/example_dags/example_python_operator.py
[2026-03-06T22:34:27.663+0000] {processor.py:830} INFO - Processing file /home/airflow/.local/lib/python3.12/site-packages/airflow/example_dags/example_python_operator.py for tasks to queue
[2026-03-06T22:34:27.666+0000] {logging_mixin.py:188} INFO - [2026-03-06T22:34:27.666+0000] {dagbag.py:545} INFO - Filling up the DagBag from /home/airflow/.local/lib/python3.12/site-packages/airflow/example_dags/example_python_operator.py
[2026-03-06T22:34:27.683+0000] {processor.py:840} INFO - DAG(s) 'example_python_operator' retrieved from /home/airflow/.local/lib/python3.12/site-packages/airflow/example_dags/example_python_operator.py
[2026-03-06T22:34:27.710+0000] {logging_mixin.py:188} INFO - [2026-03-06T22:34:27.709+0000] {dag.py:3096} INFO - Sync 1 DAGs
[2026-03-06T22:34:27.726+0000] {logging_mixin.py:188} INFO - [2026-03-06T22:34:27.726+0000] {dag.py:3954} INFO - Setting next_dagrun for example_python_operator to None, run_after=None
[2026-03-06T22:34:27.754+0000] {processor.py:183} INFO - Processing /home/airflow/.local/lib/python3.12/site-packages/airflow/example_dags/example_python_operator.py took 0.103 seconds
[2026-03-06T22:34:57.972+0000] {processor.py:161} INFO - Started process (PID=497) to work on /home/airflow/.local/lib/python3.12/site-packages/airflow/example_dags/example_python_operator.py
[2026-03-06T22:34:57.973+0000] {processor.py:830} INFO - Processing file /home/airflow/.local/lib/python3.12/site-packages/airflow/example_dags/example_python_operator.py for tasks to queue
[2026-03-06T22:34:57.976+0000] {logging_mixin.py:188} INFO - [2026-03-06T22:34:57.975+0000] {dagbag.py:545} INFO - Filling up the DagBag from /home/airflow/.local/lib/python3.12/site-packages/airflow/example_dags/example_python_operator.py
[2026-03-06T22:34:57.994+0000] {processor.py:840} INFO - DAG(s) 'example_python_operator' retrieved from /home/airflow/.local/lib/python3.12/site-packages/airflow/example_dags/example_python_operator.py
[2026-03-06T22:34:58.023+0000] {logging_mixin.py:188} INFO - [2026-03-06T22:34:58.023+0000] {dag.py:3096} INFO - Sync 1 DAGs
[2026-03-06T22:34:58.039+0000] {logging_mixin.py:188} INFO - [2026-03-06T22:34:58.039+0000] {dag.py:3954} INFO - Setting next_dagrun for example_python_operator to None, run_after=None
[2026-03-06T22:34:58.071+0000] {processor.py:183} INFO - Processing /home/airflow/.local/lib/python3.12/site-packages/airflow/example_dags/example_python_operator.py took 0.106 seconds
[2026-03-06T22:35:28.224+0000] {processor.py:161} INFO - Started process (PID=555) to work on /home/airflow/.local/lib/python3.12/site-packages/airflow/example_dags/example_python_operator.py
[2026-03-06T22:35:28.225+0000] {processor.py:830} INFO - Processing file /home/airflow/.local/lib/python3.12/site-packages/airflow/example_dags/example_python_operator.py for tasks to queue
[2026-03-06T22:35:28.229+0000] {logging_mixin.py:188} INFO - [2026-03-06T22:35:28.228+0000] {dagbag.py:545} INFO - Filling up the DagBag from /home/airflow/.local/lib/python3.12/site-packages/airflow/example_dags/example_python_operator.py
[2026-03-06T22:35:28.242+0000] {processor.py:840} INFO - DAG(s) 'example_python_operator' retrieved from /home/airflow/.local/lib/python3.12/site-packages/airflow/example_dags/example_python_operator.py
[2026-03-06T22:35:28.272+0000] {logging_mixin.py:188} INFO - [2026-03-06T22:35:28.271+0000] {dag.py:3096} INFO - Sync 1 DAGs
[2026-03-06T22:35:28.290+0000] {logging_mixin.py:188} INFO - [2026-03-06T22:35:28.289+0000] {dag.py:3954} INFO - Setting next_dagrun for example_python_operator to None, run_after=None
[2026-03-06T22:35:28.330+0000] {processor.py:183} INFO - Processing /home/airflow/.local/lib/python3.12/site-packages/airflow/example_dags/example_python_operator.py took 0.115 seconds
[2026-03-06T22:35:58.557+0000] {processor.py:161} INFO - Started process (PID=613) to work on /home/airflow/.local/lib/python3.12/site-packages/airflow/example_dags/example_python_operator.py
[2026-03-06T22:35:58.558+0000] {processor.py:830} INFO - Processing file /home/airflow/.local/lib/python3.12/site-packages/airflow/example_dags/example_python_operator.py for tasks to queue
[2026-03-06T22:35:58.562+0000] {logging_mixin.py:188} INFO - [2026-03-06T22:35:58.561+0000] {dagbag.py:545} INFO - Filling up the DagBag from /home/airflow/.local/lib/python3.12/site-packages/airflow/example_dags/example_python_operator.py
[2026-03-06T22:35:58.576+0000] {processor.py:840} INFO - DAG(s) 'example_python_operator' retrieved from /home/airflow/.local/lib/python3.12/site-packages/airflow/example_dags/example_python_operator.py
[2026-03-06T22:35:58.612+0000] {logging_mixin.py:188} INFO - [2026-03-06T22:35:58.611+0000] {dag.py:3096} INFO - Sync 1 DAGs
[2026-03-06T22:35:58.633+0000] {logging_mixin.py:188} INFO - [2026-03-06T22:35:58.632+0000] {dag.py:3954} INFO - Setting next_dagrun for example_python_operator to None, run_after=None
[2026-03-06T22:35:58.665+0000] {processor.py:183} INFO - Processing /home/airflow/.local/lib/python3.12/site-packages/airflow/example_dags/example_python_operator.py took 0.118 seconds
[2026-03-06T22:36:29.585+0000] {processor.py:161} INFO - Started process (PID=671) to work on /home/airflow/.local/lib/python3.12/site-packages/airflow/example_dags/example_python_operator.py
[2026-03-06T22:36:29.587+0000] {processor.py:830} INFO - Processing file /home/airflow/.local/lib/python3.12/site-packages/airflow/example_dags/example_python_operator.py for tasks to queue
[2026-03-06T22:36:29.589+0000] {logging_mixin.py:188} INFO - [2026-03-06T22:36:29.589+0000] {dagbag.py:545} INFO - Filling up the DagBag from /home/airflow/.local/lib/python3.12/site-packages/airflow/example_dags/example_python_operator.py
[2026-03-06T22:36:29.602+0000] {processor.py:840} INFO - DAG(s) 'example_python_operator' retrieved from /home/airflow/.local/lib/python3.12/site-packages/airflow/example_dags/example_python_operator.py
[2026-03-06T22:36:29.627+0000] {logging_mixin.py:188} INFO - [2026-03-06T22:36:29.627+0000] {dag.py:3096} INFO - Sync 1 DAGs
[2026-03-06T22:36:29.643+0000] {logging_mixin.py:188} INFO - [2026-03-06T22:36:29.643+0000] {dag.py:3954} INFO - Setting next_dagrun for example_python_operator to None, run_after=None
[2026-03-06T22:36:29.667+0000] {processor.py:183} INFO - Processing /home/airflow/.local/lib/python3.12/site-packages/airflow/example_dags/example_python_operator.py took 0.088 seconds
[2026-03-06T22:37:00.222+0000] {processor.py:161} INFO - Started process (PID=729) to work on /home/airflow/.local/lib/python3.12/site-packages/airflow/example_dags/example_python_operator.py
[2026-03-06T22:37:00.223+0000] {processor.py:830} INFO - Processing file /home/airflow/.local/lib/python3.12/site-packages/airflow/example_dags/example_python_operator.py for tasks to queue
[2026-03-06T22:37:00.226+0000] {logging_mixin.py:188} INFO - [2026-03-06T22:37:00.225+0000] {dagbag.py:545} INFO - Filling up the DagBag from /home/airflow/.local/lib/python3.12/site-packages/airflow/example_dags/example_python_operator.py
[2026-03-06T22:37:00.239+0000] {processor.py:840} INFO - DAG(s) 'example_python_operator' retrieved from /home/airflow/.local/lib/python3.12/site-packages/airflow/example_dags/example_python_operator.py
[2026-03-06T22:37:00.273+0000] {logging_mixin.py:188} INFO - [2026-03-06T22:37:00.273+0000] {dag.py:3096} INFO - Sync 1 DAGs
[2026-03-06T22:37:00.289+0000] {logging_mixin.py:188} INFO - [2026-03-06T22:37:00.289+0000] {dag.py:3954} INFO - Setting next_dagrun for example_python_operator to None, run_after=None
[2026-03-06T22:37:00.314+0000] {processor.py:183} INFO - Processing /home/airflow/.local/lib/python3.12/site-packages/airflow/example_dags/example_python_operator.py took 0.099 seconds
[2026-03-06T22:37:30.504+0000] {processor.py:161} INFO - Started process (PID=787) to work on /home/airflow/.local/lib/python3.12/site-packages/airflow/example_dags/example_python_operator.py
[2026-03-06T22:37:30.506+0000] {processor.py:830} INFO - Processing file /home/airflow/.local/lib/python3.12/site-packages/airflow/example_dags/example_python_operator.py for tasks to queue
[2026-03-06T22:37:30.509+0000] {logging_mixin.py:188} INFO - [2026-03-06T22:37:30.508+0000] {dagbag.py:545} INFO - Filling up the DagBag from /home/airflow/.local/lib/python3.12/site-packages/airflow/example_dags/example_python_operator.py
[2026-03-06T22:37:30.523+0000] {processor.py:840} INFO - DAG(s) 'example_python_operator' retrieved from /home/airflow/.local/lib/python3.12/site-packages/airflow/example_dags/example_python_operator.py
[2026-03-06T22:37:30.549+0000] {logging_mixin.py:188} INFO - [2026-03-06T22:37:30.549+0000] {dag.py:3096} INFO - Sync 1 DAGs
[2026-03-06T22:37:30.565+0000] {logging_mixin.py:188} INFO - [2026-03-06T22:37:30.565+0000] {dag.py:3954} INFO - Setting next_dagrun for example_python_operator to None, run_after=None
[2026-03-06T22:37:30.587+0000] {processor.py:183} INFO - Processing /home/airflow/.local/lib/python3.12/site-packages/airflow/example_dags/example_python_operator.py took 0.091 seconds
[2026-03-06T22:38:00.854+0000] {processor.py:161} INFO - Started process (PID=845) to work on /home/airflow/.local/lib/python3.12/site-packages/airflow/example_dags/example_python_operator.py
[2026-03-06T22:38:00.856+0000] {processor.py:830} INFO - Processing file /home/airflow/.local/lib/python3.12/site-packages/airflow/example_dags/example_python_operator.py for tasks to queue
[2026-03-06T22:38:00.859+0000] {logging_mixin.py:188} INFO - [2026-03-06T22:38:00.858+0000] {dagbag.py:545} INFO - Filling up the DagBag from /home/airflow/.local/lib/python3.12/site-packages/airflow/example_dags/example_python_operator.py
[2026-03-06T22:38:00.871+0000] {processor.py:840} INFO - DAG(s) 'example_python_operator' retrieved from /home/airflow/.local/lib/python3.12/site-packages/airflow/example_dags/example_python_operator.py
[2026-03-06T22:38:00.901+0000] {logging_mixin.py:188} INFO - [2026-03-06T22:38:00.901+0000] {dag.py:3096} INFO - Sync 1 DAGs
[2026-03-06T22:38:00.917+0000] {logging_mixin.py:188} INFO - [2026-03-06T22:38:00.916+0000] {dag.py:3954} INFO - Setting next_dagrun for example_python_operator to None, run_after=None
[2026-03-06T22:38:00.938+0000] {processor.py:183} INFO - Processing /home/airflow/.local/lib/python3.12/site-packages/airflow/example_dags/example_python_operator.py took 0.090 seconds
[2026-03-06T22:38:31.396+0000] {processor.py:161} INFO - Started process (PID=903) to work on /home/airflow/.local/lib/python3.12/site-packages/airflow/example_dags/example_python_operator.py
[2026-03-06T22:38:31.397+0000] {processor.py:830} INFO - Processing file /home/airflow/.local/lib/python3.12/site-packages/airflow/example_dags/example_python_operator.py for tasks to queue
[2026-03-06T22:38:31.400+0000] {logging_mixin.py:188} INFO - [2026-03-06T22:38:31.399+0000] {dagbag.py:545} INFO - Filling up the DagBag from /home/airflow/.local/lib/python3.12/site-packages/airflow/example_dags/example_python_operator.py
[2026-03-06T22:38:31.412+0000] {processor.py:840} INFO - DAG(s) 'example_python_operator' retrieved from /home/airflow/.local/lib/python3.12/site-packages/airflow/example_dags/example_python_operator.py
[2026-03-06T22:38:31.436+0000] {logging_mixin.py:188} INFO - [2026-03-06T22:38:31.436+0000] {dag.py:3096} INFO - Sync 1 DAGs
[2026-03-06T22:38:31.453+0000] {logging_mixin.py:188} INFO - [2026-03-06T22:38:31.452+0000] {dag.py:3954} INFO - Setting next_dagrun for example_python_operator to None, run_after=None
[2026-03-06T22:38:31.476+0000] {processor.py:183} INFO - Processing /home/airflow/.local/lib/python3.12/site-packages/airflow/example_dags/example_python_operator.py took 0.086 seconds
[2026-03-06T22:39:01.704+0000] {processor.py:161} INFO - Started process (PID=961) to work on /home/airflow/.local/lib/python3.12/site-packages/airflow/example_dags/example_python_operator.py
[2026-03-06T22:39:01.705+0000] {processor.py:830} INFO - Processing file /home/airflow/.local/lib/python3.12/site-packages/airflow/example_dags/example_python_operator.py for tasks to queue
[2026-03-06T22:39:01.708+0000] {logging_mixin.py:188} INFO - [2026-03-06T22:39:01.707+0000] {dagbag.py:545} INFO - Filling up the DagBag from /home/airflow/.local/lib/python3.12/site-packages/airflow/example_dags/example_python_operator.py
[2026-03-06T22:39:01.720+0000] {processor.py:840} INFO - DAG(s) 'example_python_operator' retrieved from /home/airflow/.local/lib/python3.12/site-packages/airflow/example_dags/example_python_operator.py
[2026-03-06T22:39:01.751+0000] {logging_mixin.py:188} INFO - [2026-03-06T22:39:01.751+0000] {dag.py:3096} INFO - Sync 1 DAGs
[2026-03-06T22:39:01.770+0000] {logging_mixin.py:188} INFO - [2026-03-06T22:39:01.769+0000] {dag.py:3954} INFO - Setting next_dagrun for example_python_operator to None, run_after=None
[2026-03-06T22:39:01.798+0000] {processor.py:183} INFO - Processing /home/airflow/.local/lib/python3.12/site-packages/airflow/example_dags/example_python_operator.py took 0.101 seconds
[2026-03-06T22:39:32.491+0000] {processor.py:161} INFO - Started process (PID=1019) to work on /home/airflow/.local/lib/python3.12/site-packages/airflow/example_dags/example_python_operator.py
[2026-03-06T22:39:32.494+0000] {processor.py:830} INFO - Processing file /home/airflow/.local/lib/python3.12/site-packages/airflow/example_dags/example_python_operator.py for tasks to queue
[2026-03-06T22:39:32.499+0000] {logging_mixin.py:188} INFO - [2026-03-06T22:39:32.499+0000] {dagbag.py:545} INFO - Filling up the DagBag from /home/airflow/.local/lib/python3.12/site-packages/airflow/example_dags/example_python_operator.py
[2026-03-06T22:39:32.534+0000] {processor.py:840} INFO - DAG(s) 'example_python_operator' retrieved from /home/airflow/.local/lib/python3.12/site-packages/airflow/example_dags/example_python_operator.py
[2026-03-06T22:39:32.565+0000] {logging_mixin.py:188} INFO - [2026-03-06T22:39:32.564+0000] {dag.py:3096} INFO - Sync 1 DAGs
[2026-03-06T22:39:32.583+0000] {logging_mixin.py:188} INFO - [2026-03-06T22:39:32.583+0000] {dag.py:3954} INFO - Setting next_dagrun for example_python_operator to None, run_after=None
[2026-03-06T22:39:32.609+0000] {processor.py:183} INFO - Processing /home/airflow/.local/lib/python3.12/site-packages/airflow/example_dags/example_python_operator.py took 0.128 seconds
[2026-03-06T22:40:03.265+0000] {processor.py:161} INFO - Started process (PID=1077) to work on /home/airflow/.local/lib/python3.12/site-packages/airflow/example_dags/example_python_operator.py
[2026-03-06T22:40:03.267+0000] {processor.py:830} INFO - Processing file /home/airflow/.local/lib/python3.12/site-packages/airflow/example_dags/example_python_operator.py for tasks to queue
[2026-03-06T22:40:03.270+0000] {logging_mixin.py:188} INFO - [2026-03-06T22:40:03.269+0000] {dagbag.py:545} INFO - Filling up the DagBag from /home/airflow/.local/lib/python3.12/site-packages/airflow/example_dags/example_python_operator.py
[2026-03-06T22:40:03.284+0000] {processor.py:840} INFO - DAG(s) 'example_python_operator' retrieved from /home/airflow/.local/lib/python3.12/site-packages/airflow/example_dags/example_python_operator.py
[2026-03-06T22:40:03.311+0000] {logging_mixin.py:188} INFO - [2026-03-06T22:40:03.311+0000] {dag.py:3096} INFO - Sync 1 DAGs
[2026-03-06T22:40:03.329+0000] {logging_mixin.py:188} INFO - [2026-03-06T22:40:03.328+0000] {dag.py:3954} INFO - Setting next_dagrun for example_python_operator to None, run_after=None
[2026-03-06T22:40:03.357+0000] {processor.py:183} INFO - Processing /home/airflow/.local/lib/python3.12/site-packages/airflow/example_dags/example_python_operator.py took 0.101 seconds
[2026-03-06T22:40:33.497+0000] {processor.py:161} INFO - Started process (PID=1135) to work on /home/airflow/.local/lib/python3.12/site-packages/airflow/example_dags/example_python_operator.py
[2026-03-06T22:40:33.499+0000] {processor.py:830} INFO - Processing file /home/airflow/.local/lib/python3.12/site-packages/airflow/example_dags/example_python_operator.py for tasks to queue
[2026-03-06T22:40:33.501+0000] {logging_mixin.py:188} INFO - [2026-03-06T22:40:33.501+0000] {dagbag.py:545} INFO - Filling up the DagBag from /home/airflow/.local/lib/python3.12/site-packages/airflow/example_dags/example_python_operator.py
[2026-03-06T22:40:33.514+0000] {processor.py:840} INFO - DAG(s) 'example_python_operator' retrieved from /home/airflow/.local/lib/python3.12/site-packages/airflow/example_dags/example_python_operator.py
[2026-03-06T22:40:33.541+0000] {logging_mixin.py:188} INFO - [2026-03-06T22:40:33.540+0000] {dag.py:3096} INFO - Sync 1 DAGs
[2026-03-06T22:40:33.559+0000] {logging_mixin.py:188} INFO - [2026-03-06T22:40:33.559+0000] {dag.py:3954} INFO - Setting next_dagrun for example_python_operator to None, run_after=None
[2026-03-06T22:40:33.582+0000] {processor.py:183} INFO - Processing /home/airflow/.local/lib/python3.12/site-packages/airflow/example_dags/example_python_operator.py took 0.093 seconds
[2026-03-06T22:41:04.080+0000] {processor.py:161} INFO - Started process (PID=1193) to work on /home/airflow/.local/lib/python3.12/site-packages/airflow/example_dags/example_python_operator.py
[2026-03-06T22:41:04.081+0000] {processor.py:830} INFO - Processing file /home/airflow/.local/lib/python3.12/site-packages/airflow/example_dags/example_python_operator.py for tasks to queue
[2026-03-06T22:41:04.084+0000] {logging_mixin.py:188} INFO - [2026-03-06T22:41:04.083+0000] {dagbag.py:545} INFO - Filling up the DagBag from /home/airflow/.local/lib/python3.12/site-packages/airflow/example_dags/example_python_operator.py
[2026-03-06T22:41:04.096+0000] {processor.py:840} INFO - DAG(s) 'example_python_operator' retrieved from /home/airflow/.local/lib/python3.12/site-packages/airflow/example_dags/example_python_operator.py
[2026-03-06T22:41:04.124+0000] {logging_mixin.py:188} INFO - [2026-03-06T22:41:04.124+0000] {dag.py:3096} INFO - Sync 1 DAGs
[2026-03-06T22:41:04.141+0000] {logging_mixin.py:188} INFO - [2026-03-06T22:41:04.140+0000] {dag.py:3954} INFO - Setting next_dagrun for example_python_operator to None, run_after=None
[2026-03-06T22:41:04.165+0000] {processor.py:183} INFO - Processing /home/airflow/.local/lib/python3.12/site-packages/airflow/example_dags/example_python_operator.py took 0.093 seconds
