[2026-03-06T22:30:50.246+0000] {processor.py:161} INFO - Started process (PID=102) to work on /home/airflow/.local/lib/python3.12/site-packages/airflow/example_dags/example_trigger_controller_dag.py
[2026-03-06T22:30:50.247+0000] {processor.py:830} INFO - Processing file /home/airflow/.local/lib/python3.12/site-packages/airflow/example_dags/example_trigger_controller_dag.py for tasks to queue
[2026-03-06T22:30:50.251+0000] {logging_mixin.py:188} INFO - [2026-03-06T22:30:50.251+0000] {dagbag.py:545} INFO - Filling up the DagBag from /home/airflow/.local/lib/python3.12/site-packages/airflow/example_dags/example_trigger_controller_dag.py
[2026-03-06T22:30:50.259+0000] {processor.py:840} INFO - DAG(s) 'example_trigger_controller_dag' retrieved from /home/airflow/.local/lib/python3.12/site-packages/airflow/example_dags/example_trigger_controller_dag.py
[2026-03-06T22:30:50.413+0000] {logging_mixin.py:188} INFO - [2026-03-06T22:30:50.412+0000] {override.py:1829} INFO - Created Permission View: can delete on DAG:example_trigger_controller_dag
[2026-03-06T22:30:50.431+0000] {logging_mixin.py:188} INFO - [2026-03-06T22:30:50.431+0000] {override.py:1829} INFO - Created Permission View: can read on DAG:example_trigger_controller_dag
[2026-03-06T22:30:50.448+0000] {logging_mixin.py:188} INFO - [2026-03-06T22:30:50.447+0000] {override.py:1829} INFO - Created Permission View: can edit on DAG:example_trigger_controller_dag
[2026-03-06T22:30:50.449+0000] {logging_mixin.py:188} INFO - [2026-03-06T22:30:50.449+0000] {dag.py:3096} INFO - Sync 1 DAGs
[2026-03-06T22:30:50.463+0000] {logging_mixin.py:188} INFO - [2026-03-06T22:30:50.463+0000] {dag.py:3118} INFO - Creating ORM DAG for example_trigger_controller_dag
[2026-03-06T22:30:50.475+0000] {logging_mixin.py:188} INFO - [2026-03-06T22:30:50.475+0000] {dag.py:3954} INFO - Setting next_dagrun for example_trigger_controller_dag to 2021-01-01 00:00:00+00:00, run_after=2021-01-01 00:00:00+00:00
[2026-03-06T22:30:50.495+0000] {processor.py:183} INFO - Processing /home/airflow/.local/lib/python3.12/site-packages/airflow/example_dags/example_trigger_controller_dag.py took 0.256 seconds
[2026-03-06T22:31:22.629+0000] {processor.py:161} INFO - Started process (PID=82) to work on /home/airflow/.local/lib/python3.12/site-packages/airflow/example_dags/example_trigger_controller_dag.py
[2026-03-06T22:31:22.631+0000] {processor.py:830} INFO - Processing file /home/airflow/.local/lib/python3.12/site-packages/airflow/example_dags/example_trigger_controller_dag.py for tasks to queue
[2026-03-06T22:31:22.635+0000] {logging_mixin.py:188} INFO - [2026-03-06T22:31:22.634+0000] {dagbag.py:545} INFO - Filling up the DagBag from /home/airflow/.local/lib/python3.12/site-packages/airflow/example_dags/example_trigger_controller_dag.py
[2026-03-06T22:31:22.641+0000] {processor.py:840} INFO - DAG(s) 'example_trigger_controller_dag' retrieved from /home/airflow/.local/lib/python3.12/site-packages/airflow/example_dags/example_trigger_controller_dag.py
[2026-03-06T22:31:22.672+0000] {logging_mixin.py:188} INFO - [2026-03-06T22:31:22.672+0000] {dag.py:3096} INFO - Sync 1 DAGs
[2026-03-06T22:31:22.713+0000] {logging_mixin.py:188} INFO - [2026-03-06T22:31:22.712+0000] {dag.py:3954} INFO - Setting next_dagrun for example_trigger_controller_dag to 2021-01-01 00:00:00+00:00, run_after=2021-01-01 00:00:00+00:00
[2026-03-06T22:31:22.752+0000] {processor.py:183} INFO - Processing /home/airflow/.local/lib/python3.12/site-packages/airflow/example_dags/example_trigger_controller_dag.py took 0.132 seconds
[2026-03-06T22:31:52.847+0000] {processor.py:161} INFO - Started process (PID=140) to work on /home/airflow/.local/lib/python3.12/site-packages/airflow/example_dags/example_trigger_controller_dag.py
[2026-03-06T22:31:52.848+0000] {processor.py:830} INFO - Processing file /home/airflow/.local/lib/python3.12/site-packages/airflow/example_dags/example_trigger_controller_dag.py for tasks to queue
[2026-03-06T22:31:52.851+0000] {logging_mixin.py:188} INFO - [2026-03-06T22:31:52.851+0000] {dagbag.py:545} INFO - Filling up the DagBag from /home/airflow/.local/lib/python3.12/site-packages/airflow/example_dags/example_trigger_controller_dag.py
[2026-03-06T22:31:52.857+0000] {processor.py:840} INFO - DAG(s) 'example_trigger_controller_dag' retrieved from /home/airflow/.local/lib/python3.12/site-packages/airflow/example_dags/example_trigger_controller_dag.py
[2026-03-06T22:31:52.886+0000] {logging_mixin.py:188} INFO - [2026-03-06T22:31:52.885+0000] {dag.py:3096} INFO - Sync 1 DAGs
[2026-03-06T22:31:52.919+0000] {logging_mixin.py:188} INFO - [2026-03-06T22:31:52.919+0000] {dag.py:3954} INFO - Setting next_dagrun for example_trigger_controller_dag to 2021-01-01 00:00:00+00:00, run_after=2021-01-01 00:00:00+00:00
[2026-03-06T22:31:52.956+0000] {processor.py:183} INFO - Processing /home/airflow/.local/lib/python3.12/site-packages/airflow/example_dags/example_trigger_controller_dag.py took 0.118 seconds
[2026-03-06T22:32:23.080+0000] {processor.py:161} INFO - Started process (PID=198) to work on /home/airflow/.local/lib/python3.12/site-packages/airflow/example_dags/example_trigger_controller_dag.py
[2026-03-06T22:32:23.081+0000] {processor.py:830} INFO - Processing file /home/airflow/.local/lib/python3.12/site-packages/airflow/example_dags/example_trigger_controller_dag.py for tasks to queue
[2026-03-06T22:32:23.084+0000] {logging_mixin.py:188} INFO - [2026-03-06T22:32:23.084+0000] {dagbag.py:545} INFO - Filling up the DagBag from /home/airflow/.local/lib/python3.12/site-packages/airflow/example_dags/example_trigger_controller_dag.py
[2026-03-06T22:32:23.090+0000] {processor.py:840} INFO - DAG(s) 'example_trigger_controller_dag' retrieved from /home/airflow/.local/lib/python3.12/site-packages/airflow/example_dags/example_trigger_controller_dag.py
[2026-03-06T22:32:23.114+0000] {logging_mixin.py:188} INFO - [2026-03-06T22:32:23.113+0000] {dag.py:3096} INFO - Sync 1 DAGs
[2026-03-06T22:32:23.142+0000] {logging_mixin.py:188} INFO - [2026-03-06T22:32:23.141+0000] {dag.py:3954} INFO - Setting next_dagrun for example_trigger_controller_dag to 2021-01-01 00:00:00+00:00, run_after=2021-01-01 00:00:00+00:00
[2026-03-06T22:32:23.179+0000] {processor.py:183} INFO - Processing /home/airflow/.local/lib/python3.12/site-packages/airflow/example_dags/example_trigger_controller_dag.py took 0.105 seconds
[2026-03-06T22:32:53.395+0000] {processor.py:161} INFO - Started process (PID=256) to work on /home/airflow/.local/lib/python3.12/site-packages/airflow/example_dags/example_trigger_controller_dag.py
[2026-03-06T22:32:53.396+0000] {processor.py:830} INFO - Processing file /home/airflow/.local/lib/python3.12/site-packages/airflow/example_dags/example_trigger_controller_dag.py for tasks to queue
[2026-03-06T22:32:53.399+0000] {logging_mixin.py:188} INFO - [2026-03-06T22:32:53.398+0000] {dagbag.py:545} INFO - Filling up the DagBag from /home/airflow/.local/lib/python3.12/site-packages/airflow/example_dags/example_trigger_controller_dag.py
[2026-03-06T22:32:53.405+0000] {processor.py:840} INFO - DAG(s) 'example_trigger_controller_dag' retrieved from /home/airflow/.local/lib/python3.12/site-packages/airflow/example_dags/example_trigger_controller_dag.py
[2026-03-06T22:32:53.417+0000] {logging_mixin.py:188} INFO - [2026-03-06T22:32:53.417+0000] {dag.py:3096} INFO - Sync 1 DAGs
[2026-03-06T22:32:53.444+0000] {logging_mixin.py:188} INFO - [2026-03-06T22:32:53.444+0000] {dag.py:3954} INFO - Setting next_dagrun for example_trigger_controller_dag to 2021-01-01 00:00:00+00:00, run_after=2021-01-01 00:00:00+00:00
[2026-03-06T22:32:53.467+0000] {processor.py:183} INFO - Processing /home/airflow/.local/lib/python3.12/site-packages/airflow/example_dags/example_trigger_controller_dag.py took 0.079 seconds
[2026-03-06T22:33:25.950+0000] {processor.py:161} INFO - Started process (PID=320) to work on /home/airflow/.local/lib/python3.12/site-packages/airflow/example_dags/example_trigger_controller_dag.py
[2026-03-06T22:33:25.951+0000] {processor.py:830} INFO - Processing file /home/airflow/.local/lib/python3.12/site-packages/airflow/example_dags/example_trigger_controller_dag.py for tasks to queue
[2026-03-06T22:33:25.954+0000] {logging_mixin.py:188} INFO - [2026-03-06T22:33:25.953+0000] {dagbag.py:545} INFO - Filling up the DagBag from /home/airflow/.local/lib/python3.12/site-packages/airflow/example_dags/example_trigger_controller_dag.py
[2026-03-06T22:33:25.962+0000] {processor.py:840} INFO - DAG(s) 'example_trigger_controller_dag' retrieved from /home/airflow/.local/lib/python3.12/site-packages/airflow/example_dags/example_trigger_controller_dag.py
[2026-03-06T22:33:26.116+0000] {logging_mixin.py:188} INFO - [2026-03-06T22:33:26.116+0000] {dag.py:3096} INFO - Sync 1 DAGs
[2026-03-06T22:33:26.146+0000] {logging_mixin.py:188} INFO - [2026-03-06T22:33:26.145+0000] {dag.py:3954} INFO - Setting next_dagrun for example_trigger_controller_dag to 2021-01-01 00:00:00+00:00, run_after=2021-01-01 00:00:00+00:00
[2026-03-06T22:33:26.173+0000] {processor.py:183} INFO - Processing /home/airflow/.local/lib/python3.12/site-packages/airflow/example_dags/example_trigger_controller_dag.py took 0.230 seconds
[2026-03-06T22:33:56.558+0000] {processor.py:161} INFO - Started process (PID=378) to work on /home/airflow/.local/lib/python3.12/site-packages/airflow/example_dags/example_trigger_controller_dag.py
[2026-03-06T22:33:56.562+0000] {processor.py:830} INFO - Processing file /home/airflow/.local/lib/python3.12/site-packages/airflow/example_dags/example_trigger_controller_dag.py for tasks to queue
[2026-03-06T22:33:56.566+0000] {logging_mixin.py:188} INFO - [2026-03-06T22:33:56.565+0000] {dagbag.py:545} INFO - Filling up the DagBag from /home/airflow/.local/lib/python3.12/site-packages/airflow/example_dags/example_trigger_controller_dag.py
[2026-03-06T22:33:56.577+0000] {processor.py:840} INFO - DAG(s) 'example_trigger_controller_dag' retrieved from /home/airflow/.local/lib/python3.12/site-packages/airflow/example_dags/example_trigger_controller_dag.py
[2026-03-06T22:33:56.620+0000] {logging_mixin.py:188} INFO - [2026-03-06T22:33:56.620+0000] {dag.py:3096} INFO - Sync 1 DAGs
[2026-03-06T22:33:56.669+0000] {logging_mixin.py:188} INFO - [2026-03-06T22:33:56.668+0000] {dag.py:3954} INFO - Setting next_dagrun for example_trigger_controller_dag to 2021-01-01 00:00:00+00:00, run_after=2021-01-01 00:00:00+00:00
[2026-03-06T22:33:56.739+0000] {processor.py:183} INFO - Processing /home/airflow/.local/lib/python3.12/site-packages/airflow/example_dags/example_trigger_controller_dag.py took 0.191 seconds
[2026-03-06T22:34:27.337+0000] {processor.py:161} INFO - Started process (PID=436) to work on /home/airflow/.local/lib/python3.12/site-packages/airflow/example_dags/example_trigger_controller_dag.py
[2026-03-06T22:34:27.339+0000] {processor.py:830} INFO - Processing file /home/airflow/.local/lib/python3.12/site-packages/airflow/example_dags/example_trigger_controller_dag.py for tasks to queue
[2026-03-06T22:34:27.342+0000] {logging_mixin.py:188} INFO - [2026-03-06T22:34:27.341+0000] {dagbag.py:545} INFO - Filling up the DagBag from /home/airflow/.local/lib/python3.12/site-packages/airflow/example_dags/example_trigger_controller_dag.py
[2026-03-06T22:34:27.350+0000] {processor.py:840} INFO - DAG(s) 'example_trigger_controller_dag' retrieved from /home/airflow/.local/lib/python3.12/site-packages/airflow/example_dags/example_trigger_controller_dag.py
[2026-03-06T22:34:27.383+0000] {logging_mixin.py:188} INFO - [2026-03-06T22:34:27.383+0000] {dag.py:3096} INFO - Sync 1 DAGs
[2026-03-06T22:34:27.422+0000] {logging_mixin.py:188} INFO - [2026-03-06T22:34:27.422+0000] {dag.py:3954} INFO - Setting next_dagrun for example_trigger_controller_dag to 2021-01-01 00:00:00+00:00, run_after=2021-01-01 00:00:00+00:00
[2026-03-06T22:34:27.467+0000] {processor.py:183} INFO - Processing /home/airflow/.local/lib/python3.12/site-packages/airflow/example_dags/example_trigger_controller_dag.py took 0.140 seconds
[2026-03-06T22:34:57.566+0000] {processor.py:161} INFO - Started process (PID=494) to work on /home/airflow/.local/lib/python3.12/site-packages/airflow/example_dags/example_trigger_controller_dag.py
[2026-03-06T22:34:57.568+0000] {processor.py:830} INFO - Processing file /home/airflow/.local/lib/python3.12/site-packages/airflow/example_dags/example_trigger_controller_dag.py for tasks to queue
[2026-03-06T22:34:57.571+0000] {logging_mixin.py:188} INFO - [2026-03-06T22:34:57.570+0000] {dagbag.py:545} INFO - Filling up the DagBag from /home/airflow/.local/lib/python3.12/site-packages/airflow/example_dags/example_trigger_controller_dag.py
[2026-03-06T22:34:57.578+0000] {processor.py:840} INFO - DAG(s) 'example_trigger_controller_dag' retrieved from /home/airflow/.local/lib/python3.12/site-packages/airflow/example_dags/example_trigger_controller_dag.py
[2026-03-06T22:34:57.607+0000] {logging_mixin.py:188} INFO - [2026-03-06T22:34:57.607+0000] {dag.py:3096} INFO - Sync 1 DAGs
[2026-03-06T22:34:57.644+0000] {logging_mixin.py:188} INFO - [2026-03-06T22:34:57.644+0000] {dag.py:3954} INFO - Setting next_dagrun for example_trigger_controller_dag to 2021-01-01 00:00:00+00:00, run_after=2021-01-01 00:00:00+00:00
[2026-03-06T22:34:57.688+0000] {processor.py:183} INFO - Processing /home/airflow/.local/lib/python3.12/site-packages/airflow/example_dags/example_trigger_controller_dag.py took 0.132 seconds
[2026-03-06T22:35:28.046+0000] {processor.py:161} INFO - Started process (PID=552) to work on /home/airflow/.local/lib/python3.12/site-packages/airflow/example_dags/example_trigger_controller_dag.py
[2026-03-06T22:35:28.047+0000] {processor.py:830} INFO - Processing file /home/airflow/.local/lib/python3.12/site-packages/airflow/example_dags/example_trigger_controller_dag.py for tasks to queue
[2026-03-06T22:35:28.050+0000] {logging_mixin.py:188} INFO - [2026-03-06T22:35:28.049+0000] {dagbag.py:545} INFO - Filling up the DagBag from /home/airflow/.local/lib/python3.12/site-packages/airflow/example_dags/example_trigger_controller_dag.py
[2026-03-06T22:35:28.057+0000] {processor.py:840} INFO - DAG(s) 'example_trigger_controller_dag' retrieved from /home/airflow/.local/lib/python3.12/site-packages/airflow/example_dags/example_trigger_controller_dag.py
[2026-03-06T22:35:28.082+0000] {logging_mixin.py:188} INFO - [2026-03-06T22:35:28.082+0000] {dag.py:3096} INFO - Sync 1 DAGs
[2026-03-06T22:35:28.112+0000] {logging_mixin.py:188} INFO - [2026-03-06T22:35:28.112+0000] {dag.py:3954} INFO - Setting next_dagrun for example_trigger_controller_dag to 2021-01-01 00:00:00+00:00, run_after=2021-01-01 00:00:00+00:00
[2026-03-06T22:35:28.152+0000] {processor.py:183} INFO - Processing /home/airflow/.local/lib/python3.12/site-packages/airflow/example_dags/example_trigger_controller_dag.py took 0.113 seconds
[2026-03-06T22:35:58.345+0000] {processor.py:161} INFO - Started process (PID=610) to work on /home/airflow/.local/lib/python3.12/site-packages/airflow/example_dags/example_trigger_controller_dag.py
[2026-03-06T22:35:58.347+0000] {processor.py:830} INFO - Processing file /home/airflow/.local/lib/python3.12/site-packages/airflow/example_dags/example_trigger_controller_dag.py for tasks to queue
[2026-03-06T22:35:58.350+0000] {logging_mixin.py:188} INFO - [2026-03-06T22:35:58.349+0000] {dagbag.py:545} INFO - Filling up the DagBag from /home/airflow/.local/lib/python3.12/site-packages/airflow/example_dags/example_trigger_controller_dag.py
[2026-03-06T22:35:58.360+0000] {processor.py:840} INFO - DAG(s) 'example_trigger_controller_dag' retrieved from /home/airflow/.local/lib/python3.12/site-packages/airflow/example_dags/example_trigger_controller_dag.py
[2026-03-06T22:35:58.389+0000] {logging_mixin.py:188} INFO - [2026-03-06T22:35:58.389+0000] {dag.py:3096} INFO - Sync 1 DAGs
[2026-03-06T22:35:58.434+0000] {logging_mixin.py:188} INFO - [2026-03-06T22:35:58.434+0000] {dag.py:3954} INFO - Setting next_dagrun for example_trigger_controller_dag to 2021-01-01 00:00:00+00:00, run_after=2021-01-01 00:00:00+00:00
[2026-03-06T22:35:58.480+0000] {processor.py:183} INFO - Processing /home/airflow/.local/lib/python3.12/site-packages/airflow/example_dags/example_trigger_controller_dag.py took 0.143 seconds
[2026-03-06T22:36:29.357+0000] {processor.py:161} INFO - Started process (PID=668) to work on /home/airflow/.local/lib/python3.12/site-packages/airflow/example_dags/example_trigger_controller_dag.py
[2026-03-06T22:36:29.358+0000] {processor.py:830} INFO - Processing file /home/airflow/.local/lib/python3.12/site-packages/airflow/example_dags/example_trigger_controller_dag.py for tasks to queue
[2026-03-06T22:36:29.360+0000] {logging_mixin.py:188} INFO - [2026-03-06T22:36:29.360+0000] {dagbag.py:545} INFO - Filling up the DagBag from /home/airflow/.local/lib/python3.12/site-packages/airflow/example_dags/example_trigger_controller_dag.py
[2026-03-06T22:36:29.371+0000] {processor.py:840} INFO - DAG(s) 'example_trigger_controller_dag' retrieved from /home/airflow/.local/lib/python3.12/site-packages/airflow/example_dags/example_trigger_controller_dag.py
[2026-03-06T22:36:29.393+0000] {logging_mixin.py:188} INFO - [2026-03-06T22:36:29.392+0000] {dag.py:3096} INFO - Sync 1 DAGs
[2026-03-06T22:36:29.419+0000] {logging_mixin.py:188} INFO - [2026-03-06T22:36:29.419+0000] {dag.py:3954} INFO - Setting next_dagrun for example_trigger_controller_dag to 2021-01-01 00:00:00+00:00, run_after=2021-01-01 00:00:00+00:00
[2026-03-06T22:36:29.443+0000] {processor.py:183} INFO - Processing /home/airflow/.local/lib/python3.12/site-packages/airflow/example_dags/example_trigger_controller_dag.py took 0.093 seconds
[2026-03-06T22:36:59.983+0000] {processor.py:161} INFO - Started process (PID=726) to work on /home/airflow/.local/lib/python3.12/site-packages/airflow/example_dags/example_trigger_controller_dag.py
[2026-03-06T22:36:59.984+0000] {processor.py:830} INFO - Processing file /home/airflow/.local/lib/python3.12/site-packages/airflow/example_dags/example_trigger_controller_dag.py for tasks to queue
[2026-03-06T22:36:59.987+0000] {logging_mixin.py:188} INFO - [2026-03-06T22:36:59.986+0000] {dagbag.py:545} INFO - Filling up the DagBag from /home/airflow/.local/lib/python3.12/site-packages/airflow/example_dags/example_trigger_controller_dag.py
[2026-03-06T22:36:59.993+0000] {processor.py:840} INFO - DAG(s) 'example_trigger_controller_dag' retrieved from /home/airflow/.local/lib/python3.12/site-packages/airflow/example_dags/example_trigger_controller_dag.py
[2026-03-06T22:37:00.024+0000] {logging_mixin.py:188} INFO - [2026-03-06T22:37:00.023+0000] {dag.py:3096} INFO - Sync 1 DAGs
[2026-03-06T22:37:00.061+0000] {logging_mixin.py:188} INFO - [2026-03-06T22:37:00.061+0000] {dag.py:3954} INFO - Setting next_dagrun for example_trigger_controller_dag to 2021-01-01 00:00:00+00:00, run_after=2021-01-01 00:00:00+00:00
[2026-03-06T22:37:00.089+0000] {processor.py:183} INFO - Processing /home/airflow/.local/lib/python3.12/site-packages/airflow/example_dags/example_trigger_controller_dag.py took 0.113 seconds
[2026-03-06T22:37:30.255+0000] {processor.py:161} INFO - Started process (PID=784) to work on /home/airflow/.local/lib/python3.12/site-packages/airflow/example_dags/example_trigger_controller_dag.py
[2026-03-06T22:37:30.256+0000] {processor.py:830} INFO - Processing file /home/airflow/.local/lib/python3.12/site-packages/airflow/example_dags/example_trigger_controller_dag.py for tasks to queue
[2026-03-06T22:37:30.259+0000] {logging_mixin.py:188} INFO - [2026-03-06T22:37:30.259+0000] {dagbag.py:545} INFO - Filling up the DagBag from /home/airflow/.local/lib/python3.12/site-packages/airflow/example_dags/example_trigger_controller_dag.py
[2026-03-06T22:37:30.266+0000] {processor.py:840} INFO - DAG(s) 'example_trigger_controller_dag' retrieved from /home/airflow/.local/lib/python3.12/site-packages/airflow/example_dags/example_trigger_controller_dag.py
[2026-03-06T22:37:30.299+0000] {logging_mixin.py:188} INFO - [2026-03-06T22:37:30.299+0000] {dag.py:3096} INFO - Sync 1 DAGs
[2026-03-06T22:37:30.328+0000] {logging_mixin.py:188} INFO - [2026-03-06T22:37:30.328+0000] {dag.py:3954} INFO - Setting next_dagrun for example_trigger_controller_dag to 2021-01-01 00:00:00+00:00, run_after=2021-01-01 00:00:00+00:00
[2026-03-06T22:37:30.352+0000] {processor.py:183} INFO - Processing /home/airflow/.local/lib/python3.12/site-packages/airflow/example_dags/example_trigger_controller_dag.py took 0.107 seconds
[2026-03-06T22:38:00.628+0000] {processor.py:161} INFO - Started process (PID=842) to work on /home/airflow/.local/lib/python3.12/site-packages/airflow/example_dags/example_trigger_controller_dag.py
[2026-03-06T22:38:00.629+0000] {processor.py:830} INFO - Processing file /home/airflow/.local/lib/python3.12/site-packages/airflow/example_dags/example_trigger_controller_dag.py for tasks to queue
[2026-03-06T22:38:00.632+0000] {logging_mixin.py:188} INFO - [2026-03-06T22:38:00.631+0000] {dagbag.py:545} INFO - Filling up the DagBag from /home/airflow/.local/lib/python3.12/site-packages/airflow/example_dags/example_trigger_controller_dag.py
[2026-03-06T22:38:00.638+0000] {processor.py:840} INFO - DAG(s) 'example_trigger_controller_dag' retrieved from /home/airflow/.local/lib/python3.12/site-packages/airflow/example_dags/example_trigger_controller_dag.py
[2026-03-06T22:38:00.659+0000] {logging_mixin.py:188} INFO - [2026-03-06T22:38:00.659+0000] {dag.py:3096} INFO - Sync 1 DAGs
[2026-03-06T22:38:00.685+0000] {logging_mixin.py:188} INFO - [2026-03-06T22:38:00.685+0000] {dag.py:3954} INFO - Setting next_dagrun for example_trigger_controller_dag to 2021-01-01 00:00:00+00:00, run_after=2021-01-01 00:00:00+00:00
[2026-03-06T22:38:00.708+0000] {processor.py:183} INFO - Processing /home/airflow/.local/lib/python3.12/site-packages/airflow/example_dags/example_trigger_controller_dag.py took 0.086 seconds
[2026-03-06T22:38:31.171+0000] {processor.py:161} INFO - Started process (PID=900) to work on /home/airflow/.local/lib/python3.12/site-packages/airflow/example_dags/example_trigger_controller_dag.py
[2026-03-06T22:38:31.173+0000] {processor.py:830} INFO - Processing file /home/airflow/.local/lib/python3.12/site-packages/airflow/example_dags/example_trigger_controller_dag.py for tasks to queue
[2026-03-06T22:38:31.175+0000] {logging_mixin.py:188} INFO - [2026-03-06T22:38:31.175+0000] {dagbag.py:545} INFO - Filling up the DagBag from /home/airflow/.local/lib/python3.12/site-packages/airflow/example_dags/example_trigger_controller_dag.py
[2026-03-06T22:38:31.181+0000] {processor.py:840} INFO - DAG(s) 'example_trigger_controller_dag' retrieved from /home/airflow/.local/lib/python3.12/site-packages/airflow/example_dags/example_trigger_controller_dag.py
[2026-03-06T22:38:31.202+0000] {logging_mixin.py:188} INFO - [2026-03-06T22:38:31.202+0000] {dag.py:3096} INFO - Sync 1 DAGs
[2026-03-06T22:38:31.229+0000] {logging_mixin.py:188} INFO - [2026-03-06T22:38:31.229+0000] {dag.py:3954} INFO - Setting next_dagrun for example_trigger_controller_dag to 2021-01-01 00:00:00+00:00, run_after=2021-01-01 00:00:00+00:00
[2026-03-06T22:38:31.255+0000] {processor.py:183} INFO - Processing /home/airflow/.local/lib/python3.12/site-packages/airflow/example_dags/example_trigger_controller_dag.py took 0.090 seconds
[2026-03-06T22:39:01.475+0000] {processor.py:161} INFO - Started process (PID=958) to work on /home/airflow/.local/lib/python3.12/site-packages/airflow/example_dags/example_trigger_controller_dag.py
[2026-03-06T22:39:01.476+0000] {processor.py:830} INFO - Processing file /home/airflow/.local/lib/python3.12/site-packages/airflow/example_dags/example_trigger_controller_dag.py for tasks to queue
[2026-03-06T22:39:01.479+0000] {logging_mixin.py:188} INFO - [2026-03-06T22:39:01.478+0000] {dagbag.py:545} INFO - Filling up the DagBag from /home/airflow/.local/lib/python3.12/site-packages/airflow/example_dags/example_trigger_controller_dag.py
[2026-03-06T22:39:01.484+0000] {processor.py:840} INFO - DAG(s) 'example_trigger_controller_dag' retrieved from /home/airflow/.local/lib/python3.12/site-packages/airflow/example_dags/example_trigger_controller_dag.py
[2026-03-06T22:39:01.506+0000] {logging_mixin.py:188} INFO - [2026-03-06T22:39:01.505+0000] {dag.py:3096} INFO - Sync 1 DAGs
[2026-03-06T22:39:01.531+0000] {logging_mixin.py:188} INFO - [2026-03-06T22:39:01.530+0000] {dag.py:3954} INFO - Setting next_dagrun for example_trigger_controller_dag to 2021-01-01 00:00:00+00:00, run_after=2021-01-01 00:00:00+00:00
[2026-03-06T22:39:01.556+0000] {processor.py:183} INFO - Processing /home/airflow/.local/lib/python3.12/site-packages/airflow/example_dags/example_trigger_controller_dag.py took 0.088 seconds
[2026-03-06T22:39:32.176+0000] {processor.py:161} INFO - Started process (PID=1016) to work on /home/airflow/.local/lib/python3.12/site-packages/airflow/example_dags/example_trigger_controller_dag.py
[2026-03-06T22:39:32.179+0000] {processor.py:830} INFO - Processing file /home/airflow/.local/lib/python3.12/site-packages/airflow/example_dags/example_trigger_controller_dag.py for tasks to queue
[2026-03-06T22:39:32.182+0000] {logging_mixin.py:188} INFO - [2026-03-06T22:39:32.182+0000] {dagbag.py:545} INFO - Filling up the DagBag from /home/airflow/.local/lib/python3.12/site-packages/airflow/example_dags/example_trigger_controller_dag.py
[2026-03-06T22:39:32.190+0000] {processor.py:840} INFO - DAG(s) 'example_trigger_controller_dag' retrieved from /home/airflow/.local/lib/python3.12/site-packages/airflow/example_dags/example_trigger_controller_dag.py
[2026-03-06T22:39:32.217+0000] {logging_mixin.py:188} INFO - [2026-03-06T22:39:32.217+0000] {dag.py:3096} INFO - Sync 1 DAGs
[2026-03-06T22:39:32.246+0000] {logging_mixin.py:188} INFO - [2026-03-06T22:39:32.246+0000] {dag.py:3954} INFO - Setting next_dagrun for example_trigger_controller_dag to 2021-01-01 00:00:00+00:00, run_after=2021-01-01 00:00:00+00:00
[2026-03-06T22:39:32.276+0000] {processor.py:183} INFO - Processing /home/airflow/.local/lib/python3.12/site-packages/airflow/example_dags/example_trigger_controller_dag.py took 0.111 seconds
[2026-03-06T22:40:03.032+0000] {processor.py:161} INFO - Started process (PID=1074) to work on /home/airflow/.local/lib/python3.12/site-packages/airflow/example_dags/example_trigger_controller_dag.py
[2026-03-06T22:40:03.033+0000] {processor.py:830} INFO - Processing file /home/airflow/.local/lib/python3.12/site-packages/airflow/example_dags/example_trigger_controller_dag.py for tasks to queue
[2026-03-06T22:40:03.035+0000] {logging_mixin.py:188} INFO - [2026-03-06T22:40:03.035+0000] {dagbag.py:545} INFO - Filling up the DagBag from /home/airflow/.local/lib/python3.12/site-packages/airflow/example_dags/example_trigger_controller_dag.py
[2026-03-06T22:40:03.041+0000] {processor.py:840} INFO - DAG(s) 'example_trigger_controller_dag' retrieved from /home/airflow/.local/lib/python3.12/site-packages/airflow/example_dags/example_trigger_controller_dag.py
[2026-03-06T22:40:03.063+0000] {logging_mixin.py:188} INFO - [2026-03-06T22:40:03.062+0000] {dag.py:3096} INFO - Sync 1 DAGs
[2026-03-06T22:40:03.089+0000] {logging_mixin.py:188} INFO - [2026-03-06T22:40:03.089+0000] {dag.py:3954} INFO - Setting next_dagrun for example_trigger_controller_dag to 2021-01-01 00:00:00+00:00, run_after=2021-01-01 00:00:00+00:00
[2026-03-06T22:40:03.113+0000] {processor.py:183} INFO - Processing /home/airflow/.local/lib/python3.12/site-packages/airflow/example_dags/example_trigger_controller_dag.py took 0.088 seconds
[2026-03-06T22:40:33.352+0000] {processor.py:161} INFO - Started process (PID=1132) to work on /home/airflow/.local/lib/python3.12/site-packages/airflow/example_dags/example_trigger_controller_dag.py
[2026-03-06T22:40:33.353+0000] {processor.py:830} INFO - Processing file /home/airflow/.local/lib/python3.12/site-packages/airflow/example_dags/example_trigger_controller_dag.py for tasks to queue
[2026-03-06T22:40:33.356+0000] {logging_mixin.py:188} INFO - [2026-03-06T22:40:33.355+0000] {dagbag.py:545} INFO - Filling up the DagBag from /home/airflow/.local/lib/python3.12/site-packages/airflow/example_dags/example_trigger_controller_dag.py
[2026-03-06T22:40:33.362+0000] {processor.py:840} INFO - DAG(s) 'example_trigger_controller_dag' retrieved from /home/airflow/.local/lib/python3.12/site-packages/airflow/example_dags/example_trigger_controller_dag.py
[2026-03-06T22:40:33.388+0000] {logging_mixin.py:188} INFO - [2026-03-06T22:40:33.388+0000] {dag.py:3096} INFO - Sync 1 DAGs
[2026-03-06T22:40:33.419+0000] {logging_mixin.py:188} INFO - [2026-03-06T22:40:33.418+0000] {dag.py:3954} INFO - Setting next_dagrun for example_trigger_controller_dag to 2021-01-01 00:00:00+00:00, run_after=2021-01-01 00:00:00+00:00
[2026-03-06T22:40:33.450+0000] {processor.py:183} INFO - Processing /home/airflow/.local/lib/python3.12/site-packages/airflow/example_dags/example_trigger_controller_dag.py took 0.105 seconds
[2026-03-06T22:41:03.811+0000] {processor.py:161} INFO - Started process (PID=1190) to work on /home/airflow/.local/lib/python3.12/site-packages/airflow/example_dags/example_trigger_controller_dag.py
[2026-03-06T22:41:03.812+0000] {processor.py:830} INFO - Processing file /home/airflow/.local/lib/python3.12/site-packages/airflow/example_dags/example_trigger_controller_dag.py for tasks to queue
[2026-03-06T22:41:03.815+0000] {logging_mixin.py:188} INFO - [2026-03-06T22:41:03.815+0000] {dagbag.py:545} INFO - Filling up the DagBag from /home/airflow/.local/lib/python3.12/site-packages/airflow/example_dags/example_trigger_controller_dag.py
[2026-03-06T22:41:03.821+0000] {processor.py:840} INFO - DAG(s) 'example_trigger_controller_dag' retrieved from /home/airflow/.local/lib/python3.12/site-packages/airflow/example_dags/example_trigger_controller_dag.py
[2026-03-06T22:41:03.847+0000] {logging_mixin.py:188} INFO - [2026-03-06T22:41:03.846+0000] {dag.py:3096} INFO - Sync 1 DAGs
[2026-03-06T22:41:03.874+0000] {logging_mixin.py:188} INFO - [2026-03-06T22:41:03.874+0000] {dag.py:3954} INFO - Setting next_dagrun for example_trigger_controller_dag to 2021-01-01 00:00:00+00:00, run_after=2021-01-01 00:00:00+00:00
[2026-03-06T22:41:03.906+0000] {processor.py:183} INFO - Processing /home/airflow/.local/lib/python3.12/site-packages/airflow/example_dags/example_trigger_controller_dag.py took 0.102 seconds
