[2026-03-06T22:30:46.312+0000] {processor.py:161} INFO - Started process (PID=81) to work on /home/airflow/.local/lib/python3.12/site-packages/airflow/example_dags/example_complex.py
[2026-03-06T22:30:46.313+0000] {processor.py:830} INFO - Processing file /home/airflow/.local/lib/python3.12/site-packages/airflow/example_dags/example_complex.py for tasks to queue
[2026-03-06T22:30:46.316+0000] {logging_mixin.py:188} INFO - [2026-03-06T22:30:46.316+0000] {dagbag.py:545} INFO - Filling up the DagBag from /home/airflow/.local/lib/python3.12/site-packages/airflow/example_dags/example_complex.py
[2026-03-06T22:30:46.339+0000] {processor.py:840} INFO - DAG(s) 'example_complex' retrieved from /home/airflow/.local/lib/python3.12/site-packages/airflow/example_dags/example_complex.py
[2026-03-06T22:30:46.532+0000] {logging_mixin.py:188} INFO - [2026-03-06T22:30:46.531+0000] {override.py:1829} INFO - Created Permission View: can delete on DAG:example_complex
[2026-03-06T22:30:46.548+0000] {logging_mixin.py:188} INFO - [2026-03-06T22:30:46.548+0000] {override.py:1829} INFO - Created Permission View: can read on DAG:example_complex
[2026-03-06T22:30:46.556+0000] {logging_mixin.py:188} INFO - [2026-03-06T22:30:46.556+0000] {override.py:1829} INFO - Created Permission View: can edit on DAG:example_complex
[2026-03-06T22:30:46.557+0000] {logging_mixin.py:188} INFO - [2026-03-06T22:30:46.557+0000] {dag.py:3096} INFO - Sync 1 DAGs
[2026-03-06T22:30:46.577+0000] {logging_mixin.py:188} INFO - [2026-03-06T22:30:46.577+0000] {dag.py:3118} INFO - Creating ORM DAG for example_complex
[2026-03-06T22:30:46.579+0000] {logging_mixin.py:188} INFO - [2026-03-06T22:30:46.578+0000] {dag.py:3954} INFO - Setting next_dagrun for example_complex to None, run_after=None
[2026-03-06T22:30:46.611+0000] {processor.py:183} INFO - Processing /home/airflow/.local/lib/python3.12/site-packages/airflow/example_dags/example_complex.py took 0.310 seconds
[2026-03-06T22:31:20.428+0000] {processor.py:161} INFO - Started process (PID=61) to work on /home/airflow/.local/lib/python3.12/site-packages/airflow/example_dags/example_complex.py
[2026-03-06T22:31:20.429+0000] {processor.py:830} INFO - Processing file /home/airflow/.local/lib/python3.12/site-packages/airflow/example_dags/example_complex.py for tasks to queue
[2026-03-06T22:31:20.433+0000] {logging_mixin.py:188} INFO - [2026-03-06T22:31:20.432+0000] {dagbag.py:545} INFO - Filling up the DagBag from /home/airflow/.local/lib/python3.12/site-packages/airflow/example_dags/example_complex.py
[2026-03-06T22:31:20.452+0000] {processor.py:840} INFO - DAG(s) 'example_complex' retrieved from /home/airflow/.local/lib/python3.12/site-packages/airflow/example_dags/example_complex.py
[2026-03-06T22:31:20.510+0000] {logging_mixin.py:188} INFO - [2026-03-06T22:31:20.509+0000] {dag.py:3096} INFO - Sync 1 DAGs
[2026-03-06T22:31:20.529+0000] {logging_mixin.py:188} INFO - [2026-03-06T22:31:20.529+0000] {dag.py:3954} INFO - Setting next_dagrun for example_complex to None, run_after=None
[2026-03-06T22:31:20.561+0000] {processor.py:183} INFO - Processing /home/airflow/.local/lib/python3.12/site-packages/airflow/example_dags/example_complex.py took 0.140 seconds
[2026-03-06T22:31:51.065+0000] {processor.py:161} INFO - Started process (PID=119) to work on /home/airflow/.local/lib/python3.12/site-packages/airflow/example_dags/example_complex.py
[2026-03-06T22:31:51.066+0000] {processor.py:830} INFO - Processing file /home/airflow/.local/lib/python3.12/site-packages/airflow/example_dags/example_complex.py for tasks to queue
[2026-03-06T22:31:51.070+0000] {logging_mixin.py:188} INFO - [2026-03-06T22:31:51.070+0000] {dagbag.py:545} INFO - Filling up the DagBag from /home/airflow/.local/lib/python3.12/site-packages/airflow/example_dags/example_complex.py
[2026-03-06T22:31:51.093+0000] {processor.py:840} INFO - DAG(s) 'example_complex' retrieved from /home/airflow/.local/lib/python3.12/site-packages/airflow/example_dags/example_complex.py
[2026-03-06T22:31:51.154+0000] {logging_mixin.py:188} INFO - [2026-03-06T22:31:51.153+0000] {dag.py:3096} INFO - Sync 1 DAGs
[2026-03-06T22:31:51.185+0000] {logging_mixin.py:188} INFO - [2026-03-06T22:31:51.184+0000] {dag.py:3954} INFO - Setting next_dagrun for example_complex to None, run_after=None
[2026-03-06T22:31:51.248+0000] {processor.py:183} INFO - Processing /home/airflow/.local/lib/python3.12/site-packages/airflow/example_dags/example_complex.py took 0.195 seconds
[2026-03-06T22:32:21.299+0000] {processor.py:161} INFO - Started process (PID=177) to work on /home/airflow/.local/lib/python3.12/site-packages/airflow/example_dags/example_complex.py
[2026-03-06T22:32:21.300+0000] {processor.py:830} INFO - Processing file /home/airflow/.local/lib/python3.12/site-packages/airflow/example_dags/example_complex.py for tasks to queue
[2026-03-06T22:32:21.303+0000] {logging_mixin.py:188} INFO - [2026-03-06T22:32:21.303+0000] {dagbag.py:545} INFO - Filling up the DagBag from /home/airflow/.local/lib/python3.12/site-packages/airflow/example_dags/example_complex.py
[2026-03-06T22:32:21.322+0000] {processor.py:840} INFO - DAG(s) 'example_complex' retrieved from /home/airflow/.local/lib/python3.12/site-packages/airflow/example_dags/example_complex.py
[2026-03-06T22:32:21.367+0000] {logging_mixin.py:188} INFO - [2026-03-06T22:32:21.367+0000] {dag.py:3096} INFO - Sync 1 DAGs
[2026-03-06T22:32:21.387+0000] {logging_mixin.py:188} INFO - [2026-03-06T22:32:21.386+0000] {dag.py:3954} INFO - Setting next_dagrun for example_complex to None, run_after=None
[2026-03-06T22:32:21.411+0000] {processor.py:183} INFO - Processing /home/airflow/.local/lib/python3.12/site-packages/airflow/example_dags/example_complex.py took 0.123 seconds
[2026-03-06T22:32:51.696+0000] {processor.py:161} INFO - Started process (PID=235) to work on /home/airflow/.local/lib/python3.12/site-packages/airflow/example_dags/example_complex.py
[2026-03-06T22:32:51.697+0000] {processor.py:830} INFO - Processing file /home/airflow/.local/lib/python3.12/site-packages/airflow/example_dags/example_complex.py for tasks to queue
[2026-03-06T22:32:51.700+0000] {logging_mixin.py:188} INFO - [2026-03-06T22:32:51.699+0000] {dagbag.py:545} INFO - Filling up the DagBag from /home/airflow/.local/lib/python3.12/site-packages/airflow/example_dags/example_complex.py
[2026-03-06T22:32:51.712+0000] {processor.py:840} INFO - DAG(s) 'example_complex' retrieved from /home/airflow/.local/lib/python3.12/site-packages/airflow/example_dags/example_complex.py
[2026-03-06T22:32:51.728+0000] {logging_mixin.py:188} INFO - [2026-03-06T22:32:51.728+0000] {dag.py:3096} INFO - Sync 1 DAGs
[2026-03-06T22:32:51.745+0000] {logging_mixin.py:188} INFO - [2026-03-06T22:32:51.745+0000] {dag.py:3954} INFO - Setting next_dagrun for example_complex to None, run_after=None
[2026-03-06T22:32:51.786+0000] {processor.py:183} INFO - Processing /home/airflow/.local/lib/python3.12/site-packages/airflow/example_dags/example_complex.py took 0.096 seconds
[2026-03-06T22:33:23.124+0000] {processor.py:161} INFO - Started process (PID=293) to work on /home/airflow/.local/lib/python3.12/site-packages/airflow/example_dags/example_complex.py
[2026-03-06T22:33:23.125+0000] {processor.py:830} INFO - Processing file /home/airflow/.local/lib/python3.12/site-packages/airflow/example_dags/example_complex.py for tasks to queue
[2026-03-06T22:33:23.128+0000] {logging_mixin.py:188} INFO - [2026-03-06T22:33:23.127+0000] {dagbag.py:545} INFO - Filling up the DagBag from /home/airflow/.local/lib/python3.12/site-packages/airflow/example_dags/example_complex.py
[2026-03-06T22:33:23.140+0000] {processor.py:840} INFO - DAG(s) 'example_complex' retrieved from /home/airflow/.local/lib/python3.12/site-packages/airflow/example_dags/example_complex.py
[2026-03-06T22:33:23.292+0000] {logging_mixin.py:188} INFO - [2026-03-06T22:33:23.292+0000] {dag.py:3096} INFO - Sync 1 DAGs
[2026-03-06T22:33:23.306+0000] {logging_mixin.py:188} INFO - [2026-03-06T22:33:23.306+0000] {dag.py:3954} INFO - Setting next_dagrun for example_complex to None, run_after=None
[2026-03-06T22:33:23.333+0000] {processor.py:183} INFO - Processing /home/airflow/.local/lib/python3.12/site-packages/airflow/example_dags/example_complex.py took 0.216 seconds
[2026-03-06T22:33:54.237+0000] {processor.py:161} INFO - Started process (PID=357) to work on /home/airflow/.local/lib/python3.12/site-packages/airflow/example_dags/example_complex.py
[2026-03-06T22:33:54.239+0000] {processor.py:830} INFO - Processing file /home/airflow/.local/lib/python3.12/site-packages/airflow/example_dags/example_complex.py for tasks to queue
[2026-03-06T22:33:54.242+0000] {logging_mixin.py:188} INFO - [2026-03-06T22:33:54.241+0000] {dagbag.py:545} INFO - Filling up the DagBag from /home/airflow/.local/lib/python3.12/site-packages/airflow/example_dags/example_complex.py
[2026-03-06T22:33:54.258+0000] {processor.py:840} INFO - DAG(s) 'example_complex' retrieved from /home/airflow/.local/lib/python3.12/site-packages/airflow/example_dags/example_complex.py
[2026-03-06T22:33:54.314+0000] {logging_mixin.py:188} INFO - [2026-03-06T22:33:54.313+0000] {dag.py:3096} INFO - Sync 1 DAGs
[2026-03-06T22:33:54.333+0000] {logging_mixin.py:188} INFO - [2026-03-06T22:33:54.333+0000] {dag.py:3954} INFO - Setting next_dagrun for example_complex to None, run_after=None
[2026-03-06T22:33:54.367+0000] {processor.py:183} INFO - Processing /home/airflow/.local/lib/python3.12/site-packages/airflow/example_dags/example_complex.py took 0.139 seconds
[2026-03-06T22:34:24.505+0000] {processor.py:161} INFO - Started process (PID=415) to work on /home/airflow/.local/lib/python3.12/site-packages/airflow/example_dags/example_complex.py
[2026-03-06T22:34:24.507+0000] {processor.py:830} INFO - Processing file /home/airflow/.local/lib/python3.12/site-packages/airflow/example_dags/example_complex.py for tasks to queue
[2026-03-06T22:34:24.509+0000] {logging_mixin.py:188} INFO - [2026-03-06T22:34:24.509+0000] {dagbag.py:545} INFO - Filling up the DagBag from /home/airflow/.local/lib/python3.12/site-packages/airflow/example_dags/example_complex.py
[2026-03-06T22:34:24.527+0000] {processor.py:840} INFO - DAG(s) 'example_complex' retrieved from /home/airflow/.local/lib/python3.12/site-packages/airflow/example_dags/example_complex.py
[2026-03-06T22:34:24.579+0000] {logging_mixin.py:188} INFO - [2026-03-06T22:34:24.578+0000] {dag.py:3096} INFO - Sync 1 DAGs
[2026-03-06T22:34:24.608+0000] {logging_mixin.py:188} INFO - [2026-03-06T22:34:24.608+0000] {dag.py:3954} INFO - Setting next_dagrun for example_complex to None, run_after=None
[2026-03-06T22:34:24.653+0000] {processor.py:183} INFO - Processing /home/airflow/.local/lib/python3.12/site-packages/airflow/example_dags/example_complex.py took 0.158 seconds
[2026-03-06T22:34:54.841+0000] {processor.py:161} INFO - Started process (PID=473) to work on /home/airflow/.local/lib/python3.12/site-packages/airflow/example_dags/example_complex.py
[2026-03-06T22:34:54.844+0000] {processor.py:830} INFO - Processing file /home/airflow/.local/lib/python3.12/site-packages/airflow/example_dags/example_complex.py for tasks to queue
[2026-03-06T22:34:54.847+0000] {logging_mixin.py:188} INFO - [2026-03-06T22:34:54.846+0000] {dagbag.py:545} INFO - Filling up the DagBag from /home/airflow/.local/lib/python3.12/site-packages/airflow/example_dags/example_complex.py
[2026-03-06T22:34:54.859+0000] {processor.py:840} INFO - DAG(s) 'example_complex' retrieved from /home/airflow/.local/lib/python3.12/site-packages/airflow/example_dags/example_complex.py
[2026-03-06T22:34:54.897+0000] {logging_mixin.py:188} INFO - [2026-03-06T22:34:54.897+0000] {dag.py:3096} INFO - Sync 1 DAGs
[2026-03-06T22:34:54.915+0000] {logging_mixin.py:188} INFO - [2026-03-06T22:34:54.914+0000] {dag.py:3954} INFO - Setting next_dagrun for example_complex to None, run_after=None
[2026-03-06T22:34:54.943+0000] {processor.py:183} INFO - Processing /home/airflow/.local/lib/python3.12/site-packages/airflow/example_dags/example_complex.py took 0.109 seconds
[2026-03-06T22:35:25.226+0000] {processor.py:161} INFO - Started process (PID=531) to work on /home/airflow/.local/lib/python3.12/site-packages/airflow/example_dags/example_complex.py
[2026-03-06T22:35:25.228+0000] {processor.py:830} INFO - Processing file /home/airflow/.local/lib/python3.12/site-packages/airflow/example_dags/example_complex.py for tasks to queue
[2026-03-06T22:35:25.231+0000] {logging_mixin.py:188} INFO - [2026-03-06T22:35:25.231+0000] {dagbag.py:545} INFO - Filling up the DagBag from /home/airflow/.local/lib/python3.12/site-packages/airflow/example_dags/example_complex.py
[2026-03-06T22:35:25.246+0000] {processor.py:840} INFO - DAG(s) 'example_complex' retrieved from /home/airflow/.local/lib/python3.12/site-packages/airflow/example_dags/example_complex.py
[2026-03-06T22:35:25.304+0000] {logging_mixin.py:188} INFO - [2026-03-06T22:35:25.304+0000] {dag.py:3096} INFO - Sync 1 DAGs
[2026-03-06T22:35:25.332+0000] {logging_mixin.py:188} INFO - [2026-03-06T22:35:25.332+0000] {dag.py:3954} INFO - Setting next_dagrun for example_complex to None, run_after=None
[2026-03-06T22:35:25.374+0000] {processor.py:183} INFO - Processing /home/airflow/.local/lib/python3.12/site-packages/airflow/example_dags/example_complex.py took 0.155 seconds
[2026-03-06T22:35:55.447+0000] {processor.py:161} INFO - Started process (PID=589) to work on /home/airflow/.local/lib/python3.12/site-packages/airflow/example_dags/example_complex.py
[2026-03-06T22:35:55.448+0000] {processor.py:830} INFO - Processing file /home/airflow/.local/lib/python3.12/site-packages/airflow/example_dags/example_complex.py for tasks to queue
[2026-03-06T22:35:55.451+0000] {logging_mixin.py:188} INFO - [2026-03-06T22:35:55.450+0000] {dagbag.py:545} INFO - Filling up the DagBag from /home/airflow/.local/lib/python3.12/site-packages/airflow/example_dags/example_complex.py
[2026-03-06T22:35:55.466+0000] {processor.py:840} INFO - DAG(s) 'example_complex' retrieved from /home/airflow/.local/lib/python3.12/site-packages/airflow/example_dags/example_complex.py
[2026-03-06T22:35:55.519+0000] {logging_mixin.py:188} INFO - [2026-03-06T22:35:55.518+0000] {dag.py:3096} INFO - Sync 1 DAGs
[2026-03-06T22:35:55.544+0000] {logging_mixin.py:188} INFO - [2026-03-06T22:35:55.544+0000] {dag.py:3954} INFO - Setting next_dagrun for example_complex to None, run_after=None
[2026-03-06T22:35:55.591+0000] {processor.py:183} INFO - Processing /home/airflow/.local/lib/python3.12/site-packages/airflow/example_dags/example_complex.py took 0.152 seconds
[2026-03-06T22:36:25.965+0000] {processor.py:161} INFO - Started process (PID=647) to work on /home/airflow/.local/lib/python3.12/site-packages/airflow/example_dags/example_complex.py
[2026-03-06T22:36:25.966+0000] {processor.py:830} INFO - Processing file /home/airflow/.local/lib/python3.12/site-packages/airflow/example_dags/example_complex.py for tasks to queue
[2026-03-06T22:36:25.968+0000] {logging_mixin.py:188} INFO - [2026-03-06T22:36:25.968+0000] {dagbag.py:545} INFO - Filling up the DagBag from /home/airflow/.local/lib/python3.12/site-packages/airflow/example_dags/example_complex.py
[2026-03-06T22:36:25.982+0000] {processor.py:840} INFO - DAG(s) 'example_complex' retrieved from /home/airflow/.local/lib/python3.12/site-packages/airflow/example_dags/example_complex.py
[2026-03-06T22:36:26.019+0000] {logging_mixin.py:188} INFO - [2026-03-06T22:36:26.019+0000] {dag.py:3096} INFO - Sync 1 DAGs
[2026-03-06T22:36:26.035+0000] {logging_mixin.py:188} INFO - [2026-03-06T22:36:26.035+0000] {dag.py:3954} INFO - Setting next_dagrun for example_complex to None, run_after=None
[2026-03-06T22:36:26.063+0000] {processor.py:183} INFO - Processing /home/airflow/.local/lib/python3.12/site-packages/airflow/example_dags/example_complex.py took 0.106 seconds
[2026-03-06T22:36:56.444+0000] {processor.py:161} INFO - Started process (PID=705) to work on /home/airflow/.local/lib/python3.12/site-packages/airflow/example_dags/example_complex.py
[2026-03-06T22:36:56.445+0000] {processor.py:830} INFO - Processing file /home/airflow/.local/lib/python3.12/site-packages/airflow/example_dags/example_complex.py for tasks to queue
[2026-03-06T22:36:56.448+0000] {logging_mixin.py:188} INFO - [2026-03-06T22:36:56.447+0000] {dagbag.py:545} INFO - Filling up the DagBag from /home/airflow/.local/lib/python3.12/site-packages/airflow/example_dags/example_complex.py
[2026-03-06T22:36:56.462+0000] {processor.py:840} INFO - DAG(s) 'example_complex' retrieved from /home/airflow/.local/lib/python3.12/site-packages/airflow/example_dags/example_complex.py
[2026-03-06T22:36:56.504+0000] {logging_mixin.py:188} INFO - [2026-03-06T22:36:56.504+0000] {dag.py:3096} INFO - Sync 1 DAGs
[2026-03-06T22:36:56.519+0000] {logging_mixin.py:188} INFO - [2026-03-06T22:36:56.519+0000] {dag.py:3954} INFO - Setting next_dagrun for example_complex to None, run_after=None
[2026-03-06T22:36:56.545+0000] {processor.py:183} INFO - Processing /home/airflow/.local/lib/python3.12/site-packages/airflow/example_dags/example_complex.py took 0.108 seconds
[2026-03-06T22:37:26.866+0000] {processor.py:161} INFO - Started process (PID=763) to work on /home/airflow/.local/lib/python3.12/site-packages/airflow/example_dags/example_complex.py
[2026-03-06T22:37:26.867+0000] {processor.py:830} INFO - Processing file /home/airflow/.local/lib/python3.12/site-packages/airflow/example_dags/example_complex.py for tasks to queue
[2026-03-06T22:37:26.870+0000] {logging_mixin.py:188} INFO - [2026-03-06T22:37:26.869+0000] {dagbag.py:545} INFO - Filling up the DagBag from /home/airflow/.local/lib/python3.12/site-packages/airflow/example_dags/example_complex.py
[2026-03-06T22:37:26.883+0000] {processor.py:840} INFO - DAG(s) 'example_complex' retrieved from /home/airflow/.local/lib/python3.12/site-packages/airflow/example_dags/example_complex.py
[2026-03-06T22:37:26.920+0000] {logging_mixin.py:188} INFO - [2026-03-06T22:37:26.920+0000] {dag.py:3096} INFO - Sync 1 DAGs
[2026-03-06T22:37:26.937+0000] {logging_mixin.py:188} INFO - [2026-03-06T22:37:26.937+0000] {dag.py:3954} INFO - Setting next_dagrun for example_complex to None, run_after=None
[2026-03-06T22:37:26.962+0000] {processor.py:183} INFO - Processing /home/airflow/.local/lib/python3.12/site-packages/airflow/example_dags/example_complex.py took 0.103 seconds
[2026-03-06T22:37:57.096+0000] {processor.py:161} INFO - Started process (PID=821) to work on /home/airflow/.local/lib/python3.12/site-packages/airflow/example_dags/example_complex.py
[2026-03-06T22:37:57.097+0000] {processor.py:830} INFO - Processing file /home/airflow/.local/lib/python3.12/site-packages/airflow/example_dags/example_complex.py for tasks to queue
[2026-03-06T22:37:57.099+0000] {logging_mixin.py:188} INFO - [2026-03-06T22:37:57.099+0000] {dagbag.py:545} INFO - Filling up the DagBag from /home/airflow/.local/lib/python3.12/site-packages/airflow/example_dags/example_complex.py
[2026-03-06T22:37:57.112+0000] {processor.py:840} INFO - DAG(s) 'example_complex' retrieved from /home/airflow/.local/lib/python3.12/site-packages/airflow/example_dags/example_complex.py
[2026-03-06T22:37:57.155+0000] {logging_mixin.py:188} INFO - [2026-03-06T22:37:57.155+0000] {dag.py:3096} INFO - Sync 1 DAGs
[2026-03-06T22:37:57.171+0000] {logging_mixin.py:188} INFO - [2026-03-06T22:37:57.171+0000] {dag.py:3954} INFO - Setting next_dagrun for example_complex to None, run_after=None
[2026-03-06T22:37:57.199+0000] {processor.py:183} INFO - Processing /home/airflow/.local/lib/python3.12/site-packages/airflow/example_dags/example_complex.py took 0.111 seconds
[2026-03-06T22:38:27.572+0000] {processor.py:161} INFO - Started process (PID=879) to work on /home/airflow/.local/lib/python3.12/site-packages/airflow/example_dags/example_complex.py
[2026-03-06T22:38:27.573+0000] {processor.py:830} INFO - Processing file /home/airflow/.local/lib/python3.12/site-packages/airflow/example_dags/example_complex.py for tasks to queue
[2026-03-06T22:38:27.575+0000] {logging_mixin.py:188} INFO - [2026-03-06T22:38:27.575+0000] {dagbag.py:545} INFO - Filling up the DagBag from /home/airflow/.local/lib/python3.12/site-packages/airflow/example_dags/example_complex.py
[2026-03-06T22:38:27.588+0000] {processor.py:840} INFO - DAG(s) 'example_complex' retrieved from /home/airflow/.local/lib/python3.12/site-packages/airflow/example_dags/example_complex.py
[2026-03-06T22:38:27.625+0000] {logging_mixin.py:188} INFO - [2026-03-06T22:38:27.625+0000] {dag.py:3096} INFO - Sync 1 DAGs
[2026-03-06T22:38:27.641+0000] {logging_mixin.py:188} INFO - [2026-03-06T22:38:27.641+0000] {dag.py:3954} INFO - Setting next_dagrun for example_complex to None, run_after=None
[2026-03-06T22:38:27.668+0000] {processor.py:183} INFO - Processing /home/airflow/.local/lib/python3.12/site-packages/airflow/example_dags/example_complex.py took 0.104 seconds
[2026-03-06T22:38:58.057+0000] {processor.py:161} INFO - Started process (PID=937) to work on /home/airflow/.local/lib/python3.12/site-packages/airflow/example_dags/example_complex.py
[2026-03-06T22:38:58.058+0000] {processor.py:830} INFO - Processing file /home/airflow/.local/lib/python3.12/site-packages/airflow/example_dags/example_complex.py for tasks to queue
[2026-03-06T22:38:58.060+0000] {logging_mixin.py:188} INFO - [2026-03-06T22:38:58.060+0000] {dagbag.py:545} INFO - Filling up the DagBag from /home/airflow/.local/lib/python3.12/site-packages/airflow/example_dags/example_complex.py
[2026-03-06T22:38:58.073+0000] {processor.py:840} INFO - DAG(s) 'example_complex' retrieved from /home/airflow/.local/lib/python3.12/site-packages/airflow/example_dags/example_complex.py
[2026-03-06T22:38:58.111+0000] {logging_mixin.py:188} INFO - [2026-03-06T22:38:58.111+0000] {dag.py:3096} INFO - Sync 1 DAGs
[2026-03-06T22:38:58.127+0000] {logging_mixin.py:188} INFO - [2026-03-06T22:38:58.127+0000] {dag.py:3954} INFO - Setting next_dagrun for example_complex to None, run_after=None
[2026-03-06T22:38:58.155+0000] {processor.py:183} INFO - Processing /home/airflow/.local/lib/python3.12/site-packages/airflow/example_dags/example_complex.py took 0.105 seconds
[2026-03-06T22:39:28.294+0000] {processor.py:161} INFO - Started process (PID=995) to work on /home/airflow/.local/lib/python3.12/site-packages/airflow/example_dags/example_complex.py
[2026-03-06T22:39:28.295+0000] {processor.py:830} INFO - Processing file /home/airflow/.local/lib/python3.12/site-packages/airflow/example_dags/example_complex.py for tasks to queue
[2026-03-06T22:39:28.298+0000] {logging_mixin.py:188} INFO - [2026-03-06T22:39:28.297+0000] {dagbag.py:545} INFO - Filling up the DagBag from /home/airflow/.local/lib/python3.12/site-packages/airflow/example_dags/example_complex.py
[2026-03-06T22:39:28.311+0000] {processor.py:840} INFO - DAG(s) 'example_complex' retrieved from /home/airflow/.local/lib/python3.12/site-packages/airflow/example_dags/example_complex.py
[2026-03-06T22:39:28.368+0000] {logging_mixin.py:188} INFO - [2026-03-06T22:39:28.368+0000] {dag.py:3096} INFO - Sync 1 DAGs
[2026-03-06T22:39:28.384+0000] {logging_mixin.py:188} INFO - [2026-03-06T22:39:28.384+0000] {dag.py:3954} INFO - Setting next_dagrun for example_complex to None, run_after=None
[2026-03-06T22:39:28.411+0000] {processor.py:183} INFO - Processing /home/airflow/.local/lib/python3.12/site-packages/airflow/example_dags/example_complex.py took 0.124 seconds
[2026-03-06T22:39:59.316+0000] {processor.py:161} INFO - Started process (PID=1053) to work on /home/airflow/.local/lib/python3.12/site-packages/airflow/example_dags/example_complex.py
[2026-03-06T22:39:59.318+0000] {processor.py:830} INFO - Processing file /home/airflow/.local/lib/python3.12/site-packages/airflow/example_dags/example_complex.py for tasks to queue
[2026-03-06T22:39:59.322+0000] {logging_mixin.py:188} INFO - [2026-03-06T22:39:59.321+0000] {dagbag.py:545} INFO - Filling up the DagBag from /home/airflow/.local/lib/python3.12/site-packages/airflow/example_dags/example_complex.py
[2026-03-06T22:39:59.339+0000] {processor.py:840} INFO - DAG(s) 'example_complex' retrieved from /home/airflow/.local/lib/python3.12/site-packages/airflow/example_dags/example_complex.py
[2026-03-06T22:39:59.379+0000] {logging_mixin.py:188} INFO - [2026-03-06T22:39:59.378+0000] {dag.py:3096} INFO - Sync 1 DAGs
[2026-03-06T22:39:59.394+0000] {logging_mixin.py:188} INFO - [2026-03-06T22:39:59.394+0000] {dag.py:3954} INFO - Setting next_dagrun for example_complex to None, run_after=None
[2026-03-06T22:39:59.420+0000] {processor.py:183} INFO - Processing /home/airflow/.local/lib/python3.12/site-packages/airflow/example_dags/example_complex.py took 0.115 seconds
[2026-03-06T22:40:29.617+0000] {processor.py:161} INFO - Started process (PID=1110) to work on /home/airflow/.local/lib/python3.12/site-packages/airflow/example_dags/example_complex.py
[2026-03-06T22:40:29.618+0000] {processor.py:830} INFO - Processing file /home/airflow/.local/lib/python3.12/site-packages/airflow/example_dags/example_complex.py for tasks to queue
[2026-03-06T22:40:29.621+0000] {logging_mixin.py:188} INFO - [2026-03-06T22:40:29.620+0000] {dagbag.py:545} INFO - Filling up the DagBag from /home/airflow/.local/lib/python3.12/site-packages/airflow/example_dags/example_complex.py
[2026-03-06T22:40:29.634+0000] {processor.py:840} INFO - DAG(s) 'example_complex' retrieved from /home/airflow/.local/lib/python3.12/site-packages/airflow/example_dags/example_complex.py
[2026-03-06T22:40:29.674+0000] {logging_mixin.py:188} INFO - [2026-03-06T22:40:29.674+0000] {dag.py:3096} INFO - Sync 1 DAGs
[2026-03-06T22:40:29.693+0000] {logging_mixin.py:188} INFO - [2026-03-06T22:40:29.692+0000] {dag.py:3954} INFO - Setting next_dagrun for example_complex to None, run_after=None
[2026-03-06T22:40:29.721+0000] {processor.py:183} INFO - Processing /home/airflow/.local/lib/python3.12/site-packages/airflow/example_dags/example_complex.py took 0.111 seconds
[2026-03-06T22:41:00.011+0000] {processor.py:161} INFO - Started process (PID=1168) to work on /home/airflow/.local/lib/python3.12/site-packages/airflow/example_dags/example_complex.py
[2026-03-06T22:41:00.013+0000] {processor.py:830} INFO - Processing file /home/airflow/.local/lib/python3.12/site-packages/airflow/example_dags/example_complex.py for tasks to queue
[2026-03-06T22:41:00.016+0000] {logging_mixin.py:188} INFO - [2026-03-06T22:41:00.015+0000] {dagbag.py:545} INFO - Filling up the DagBag from /home/airflow/.local/lib/python3.12/site-packages/airflow/example_dags/example_complex.py
[2026-03-06T22:41:00.034+0000] {processor.py:840} INFO - DAG(s) 'example_complex' retrieved from /home/airflow/.local/lib/python3.12/site-packages/airflow/example_dags/example_complex.py
[2026-03-06T22:41:00.071+0000] {logging_mixin.py:188} INFO - [2026-03-06T22:41:00.071+0000] {dag.py:3096} INFO - Sync 1 DAGs
[2026-03-06T22:41:00.087+0000] {logging_mixin.py:188} INFO - [2026-03-06T22:41:00.087+0000] {dag.py:3954} INFO - Setting next_dagrun for example_complex to None, run_after=None
[2026-03-06T22:41:00.113+0000] {processor.py:183} INFO - Processing /home/airflow/.local/lib/python3.12/site-packages/airflow/example_dags/example_complex.py took 0.111 seconds
