[2026-03-06T22:30:48.865+0000] {processor.py:161} INFO - Started process (PID=94) to work on /home/airflow/.local/lib/python3.12/site-packages/airflow/example_dags/example_datasets.py
[2026-03-06T22:30:48.866+0000] {processor.py:830} INFO - Processing file /home/airflow/.local/lib/python3.12/site-packages/airflow/example_dags/example_datasets.py for tasks to queue
[2026-03-06T22:30:48.869+0000] {logging_mixin.py:188} INFO - [2026-03-06T22:30:48.869+0000] {dagbag.py:545} INFO - Filling up the DagBag from /home/airflow/.local/lib/python3.12/site-packages/airflow/example_dags/example_datasets.py
[2026-03-06T22:30:48.923+0000] {processor.py:840} INFO - DAG(s) 'dataset_consumes_1', 'dataset_consumes_1_never_scheduled', 'dataset_produces_1', 'consume_1_or_2_with_dataset_expressions', 'dataset_consumes_unknown_never_scheduled', 'consume_1_or_both_2_and_3_with_dataset_expressions', 'consume_1_and_2_with_dataset_expressions', 'dataset_produces_2', 'conditional_dataset_and_time_based_timetable', 'dataset_consumes_1_and_2' retrieved from /home/airflow/.local/lib/python3.12/site-packages/airflow/example_dags/example_datasets.py
[2026-03-06T22:30:49.073+0000] {logging_mixin.py:188} INFO - [2026-03-06T22:30:49.072+0000] {override.py:1829} INFO - Created Permission View: can delete on DAG:dataset_consumes_1
[2026-03-06T22:30:49.087+0000] {logging_mixin.py:188} INFO - [2026-03-06T22:30:49.087+0000] {override.py:1829} INFO - Created Permission View: can read on DAG:dataset_consumes_1
[2026-03-06T22:30:49.097+0000] {logging_mixin.py:188} INFO - [2026-03-06T22:30:49.097+0000] {override.py:1829} INFO - Created Permission View: can edit on DAG:dataset_consumes_1
[2026-03-06T22:30:49.119+0000] {logging_mixin.py:188} INFO - [2026-03-06T22:30:49.119+0000] {override.py:1829} INFO - Created Permission View: can delete on DAG:dataset_consumes_1_never_scheduled
[2026-03-06T22:30:49.130+0000] {logging_mixin.py:188} INFO - [2026-03-06T22:30:49.129+0000] {override.py:1829} INFO - Created Permission View: can read on DAG:dataset_consumes_1_never_scheduled
[2026-03-06T22:30:49.140+0000] {logging_mixin.py:188} INFO - [2026-03-06T22:30:49.140+0000] {override.py:1829} INFO - Created Permission View: can edit on DAG:dataset_consumes_1_never_scheduled
[2026-03-06T22:30:49.159+0000] {logging_mixin.py:188} INFO - [2026-03-06T22:30:49.158+0000] {override.py:1829} INFO - Created Permission View: can delete on DAG:dataset_produces_1
[2026-03-06T22:30:49.168+0000] {logging_mixin.py:188} INFO - [2026-03-06T22:30:49.168+0000] {override.py:1829} INFO - Created Permission View: can read on DAG:dataset_produces_1
[2026-03-06T22:30:49.178+0000] {logging_mixin.py:188} INFO - [2026-03-06T22:30:49.178+0000] {override.py:1829} INFO - Created Permission View: can edit on DAG:dataset_produces_1
[2026-03-06T22:30:49.199+0000] {logging_mixin.py:188} INFO - [2026-03-06T22:30:49.198+0000] {override.py:1829} INFO - Created Permission View: can delete on DAG:consume_1_or_2_with_dataset_expressions
[2026-03-06T22:30:49.212+0000] {logging_mixin.py:188} INFO - [2026-03-06T22:30:49.212+0000] {override.py:1829} INFO - Created Permission View: can read on DAG:consume_1_or_2_with_dataset_expressions
[2026-03-06T22:30:49.228+0000] {logging_mixin.py:188} INFO - [2026-03-06T22:30:49.228+0000] {override.py:1829} INFO - Created Permission View: can edit on DAG:consume_1_or_2_with_dataset_expressions
[2026-03-06T22:30:49.252+0000] {logging_mixin.py:188} INFO - [2026-03-06T22:30:49.251+0000] {override.py:1829} INFO - Created Permission View: can delete on DAG:dataset_consumes_unknown_never_scheduled
[2026-03-06T22:30:49.260+0000] {logging_mixin.py:188} INFO - [2026-03-06T22:30:49.259+0000] {override.py:1829} INFO - Created Permission View: can read on DAG:dataset_consumes_unknown_never_scheduled
[2026-03-06T22:30:49.270+0000] {logging_mixin.py:188} INFO - [2026-03-06T22:30:49.270+0000] {override.py:1829} INFO - Created Permission View: can edit on DAG:dataset_consumes_unknown_never_scheduled
[2026-03-06T22:30:49.294+0000] {logging_mixin.py:188} INFO - [2026-03-06T22:30:49.293+0000] {override.py:1829} INFO - Created Permission View: can delete on DAG:consume_1_or_both_2_and_3_with_dataset_expressions
[2026-03-06T22:30:49.304+0000] {logging_mixin.py:188} INFO - [2026-03-06T22:30:49.303+0000] {override.py:1829} INFO - Created Permission View: can read on DAG:consume_1_or_both_2_and_3_with_dataset_expressions
[2026-03-06T22:30:49.316+0000] {logging_mixin.py:188} INFO - [2026-03-06T22:30:49.316+0000] {override.py:1829} INFO - Created Permission View: can edit on DAG:consume_1_or_both_2_and_3_with_dataset_expressions
[2026-03-06T22:30:49.332+0000] {logging_mixin.py:188} INFO - [2026-03-06T22:30:49.332+0000] {override.py:1829} INFO - Created Permission View: can delete on DAG:consume_1_and_2_with_dataset_expressions
[2026-03-06T22:30:49.343+0000] {logging_mixin.py:188} INFO - [2026-03-06T22:30:49.342+0000] {override.py:1829} INFO - Created Permission View: can read on DAG:consume_1_and_2_with_dataset_expressions
[2026-03-06T22:30:49.351+0000] {logging_mixin.py:188} INFO - [2026-03-06T22:30:49.350+0000] {override.py:1829} INFO - Created Permission View: can edit on DAG:consume_1_and_2_with_dataset_expressions
[2026-03-06T22:30:49.368+0000] {logging_mixin.py:188} INFO - [2026-03-06T22:30:49.368+0000] {override.py:1829} INFO - Created Permission View: can delete on DAG:dataset_produces_2
[2026-03-06T22:30:49.377+0000] {logging_mixin.py:188} INFO - [2026-03-06T22:30:49.377+0000] {override.py:1829} INFO - Created Permission View: can read on DAG:dataset_produces_2
[2026-03-06T22:30:49.387+0000] {logging_mixin.py:188} INFO - [2026-03-06T22:30:49.387+0000] {override.py:1829} INFO - Created Permission View: can edit on DAG:dataset_produces_2
[2026-03-06T22:30:49.402+0000] {logging_mixin.py:188} INFO - [2026-03-06T22:30:49.402+0000] {override.py:1829} INFO - Created Permission View: can delete on DAG:conditional_dataset_and_time_based_timetable
[2026-03-06T22:30:49.410+0000] {logging_mixin.py:188} INFO - [2026-03-06T22:30:49.410+0000] {override.py:1829} INFO - Created Permission View: can read on DAG:conditional_dataset_and_time_based_timetable
[2026-03-06T22:30:49.421+0000] {logging_mixin.py:188} INFO - [2026-03-06T22:30:49.420+0000] {override.py:1829} INFO - Created Permission View: can edit on DAG:conditional_dataset_and_time_based_timetable
[2026-03-06T22:30:49.440+0000] {logging_mixin.py:188} INFO - [2026-03-06T22:30:49.440+0000] {override.py:1829} INFO - Created Permission View: can delete on DAG:dataset_consumes_1_and_2
[2026-03-06T22:30:49.449+0000] {logging_mixin.py:188} INFO - [2026-03-06T22:30:49.448+0000] {override.py:1829} INFO - Created Permission View: can read on DAG:dataset_consumes_1_and_2
[2026-03-06T22:30:49.458+0000] {logging_mixin.py:188} INFO - [2026-03-06T22:30:49.457+0000] {override.py:1829} INFO - Created Permission View: can edit on DAG:dataset_consumes_1_and_2
[2026-03-06T22:30:49.459+0000] {logging_mixin.py:188} INFO - [2026-03-06T22:30:49.458+0000] {dag.py:3096} INFO - Sync 10 DAGs
[2026-03-06T22:30:49.473+0000] {logging_mixin.py:188} INFO - [2026-03-06T22:30:49.472+0000] {dag.py:3118} INFO - Creating ORM DAG for dataset_produces_2
[2026-03-06T22:30:49.474+0000] {logging_mixin.py:188} INFO - [2026-03-06T22:30:49.474+0000] {dag.py:3118} INFO - Creating ORM DAG for dataset_produces_1
[2026-03-06T22:30:49.475+0000] {logging_mixin.py:188} INFO - [2026-03-06T22:30:49.475+0000] {dag.py:3118} INFO - Creating ORM DAG for dataset_consumes_1_and_2
[2026-03-06T22:30:49.476+0000] {logging_mixin.py:188} INFO - [2026-03-06T22:30:49.476+0000] {dag.py:3118} INFO - Creating ORM DAG for dataset_consumes_1
[2026-03-06T22:30:49.477+0000] {logging_mixin.py:188} INFO - [2026-03-06T22:30:49.477+0000] {dag.py:3118} INFO - Creating ORM DAG for conditional_dataset_and_time_based_timetable
[2026-03-06T22:30:49.479+0000] {logging_mixin.py:188} INFO - [2026-03-06T22:30:49.478+0000] {dag.py:3118} INFO - Creating ORM DAG for dataset_consumes_1_never_scheduled
[2026-03-06T22:30:49.480+0000] {logging_mixin.py:188} INFO - [2026-03-06T22:30:49.479+0000] {dag.py:3118} INFO - Creating ORM DAG for consume_1_and_2_with_dataset_expressions
[2026-03-06T22:30:49.481+0000] {logging_mixin.py:188} INFO - [2026-03-06T22:30:49.481+0000] {dag.py:3118} INFO - Creating ORM DAG for consume_1_or_both_2_and_3_with_dataset_expressions
[2026-03-06T22:30:49.482+0000] {logging_mixin.py:188} INFO - [2026-03-06T22:30:49.482+0000] {dag.py:3118} INFO - Creating ORM DAG for dataset_consumes_unknown_never_scheduled
[2026-03-06T22:30:49.484+0000] {logging_mixin.py:188} INFO - [2026-03-06T22:30:49.483+0000] {dag.py:3118} INFO - Creating ORM DAG for consume_1_or_2_with_dataset_expressions
[2026-03-06T22:30:49.498+0000] {logging_mixin.py:188} INFO - [2026-03-06T22:30:49.498+0000] {dag.py:3954} INFO - Setting next_dagrun for conditional_dataset_and_time_based_timetable to 2026-03-04 01:00:00+00:00, run_after=2026-03-04 01:00:00+00:00
[2026-03-06T22:30:49.499+0000] {logging_mixin.py:188} INFO - [2026-03-06T22:30:49.499+0000] {dag.py:3954} INFO - Setting next_dagrun for consume_1_and_2_with_dataset_expressions to None, run_after=None
[2026-03-06T22:30:49.500+0000] {logging_mixin.py:188} INFO - [2026-03-06T22:30:49.500+0000] {dag.py:3954} INFO - Setting next_dagrun for consume_1_or_2_with_dataset_expressions to None, run_after=None
[2026-03-06T22:30:49.501+0000] {logging_mixin.py:188} INFO - [2026-03-06T22:30:49.501+0000] {dag.py:3954} INFO - Setting next_dagrun for consume_1_or_both_2_and_3_with_dataset_expressions to None, run_after=None
[2026-03-06T22:30:49.502+0000] {logging_mixin.py:188} INFO - [2026-03-06T22:30:49.502+0000] {dag.py:3954} INFO - Setting next_dagrun for dataset_consumes_1 to None, run_after=None
[2026-03-06T22:30:49.503+0000] {logging_mixin.py:188} INFO - [2026-03-06T22:30:49.503+0000] {dag.py:3954} INFO - Setting next_dagrun for dataset_consumes_1_and_2 to None, run_after=None
[2026-03-06T22:30:49.504+0000] {logging_mixin.py:188} INFO - [2026-03-06T22:30:49.504+0000] {dag.py:3954} INFO - Setting next_dagrun for dataset_consumes_1_never_scheduled to None, run_after=None
[2026-03-06T22:30:49.506+0000] {logging_mixin.py:188} INFO - [2026-03-06T22:30:49.505+0000] {dag.py:3954} INFO - Setting next_dagrun for dataset_consumes_unknown_never_scheduled to None, run_after=None
[2026-03-06T22:30:49.508+0000] {logging_mixin.py:188} INFO - [2026-03-06T22:30:49.508+0000] {dag.py:3954} INFO - Setting next_dagrun for dataset_produces_1 to 2026-03-05 00:00:00+00:00, run_after=2026-03-06 00:00:00+00:00
[2026-03-06T22:30:49.509+0000] {logging_mixin.py:188} INFO - [2026-03-06T22:30:49.509+0000] {dag.py:3954} INFO - Setting next_dagrun for dataset_produces_2 to None, run_after=None
[2026-03-06T22:30:49.578+0000] {processor.py:183} INFO - Processing /home/airflow/.local/lib/python3.12/site-packages/airflow/example_dags/example_datasets.py took 0.722 seconds
[2026-03-06T22:31:21.681+0000] {processor.py:161} INFO - Started process (PID=74) to work on /home/airflow/.local/lib/python3.12/site-packages/airflow/example_dags/example_datasets.py
[2026-03-06T22:31:21.682+0000] {processor.py:830} INFO - Processing file /home/airflow/.local/lib/python3.12/site-packages/airflow/example_dags/example_datasets.py for tasks to queue
[2026-03-06T22:31:21.685+0000] {logging_mixin.py:188} INFO - [2026-03-06T22:31:21.685+0000] {dagbag.py:545} INFO - Filling up the DagBag from /home/airflow/.local/lib/python3.12/site-packages/airflow/example_dags/example_datasets.py
[2026-03-06T22:31:21.716+0000] {processor.py:840} INFO - DAG(s) 'consume_1_or_2_with_dataset_expressions', 'dataset_produces_1', 'dataset_consumes_unknown_never_scheduled', 'dataset_consumes_1_never_scheduled', 'consume_1_or_both_2_and_3_with_dataset_expressions', 'dataset_consumes_1_and_2', 'dataset_produces_2', 'dataset_consumes_1', 'conditional_dataset_and_time_based_timetable', 'consume_1_and_2_with_dataset_expressions' retrieved from /home/airflow/.local/lib/python3.12/site-packages/airflow/example_dags/example_datasets.py
[2026-03-06T22:31:21.853+0000] {logging_mixin.py:188} INFO - [2026-03-06T22:31:21.852+0000] {dag.py:3096} INFO - Sync 10 DAGs
[2026-03-06T22:31:21.959+0000] {logging_mixin.py:188} INFO - [2026-03-06T22:31:21.958+0000] {dag.py:3954} INFO - Setting next_dagrun for conditional_dataset_and_time_based_timetable to 2026-03-04 01:00:00+00:00, run_after=2026-03-04 01:00:00+00:00
[2026-03-06T22:31:21.971+0000] {logging_mixin.py:188} INFO - [2026-03-06T22:31:21.970+0000] {dag.py:3954} INFO - Setting next_dagrun for consume_1_and_2_with_dataset_expressions to None, run_after=None
[2026-03-06T22:31:21.979+0000] {logging_mixin.py:188} INFO - [2026-03-06T22:31:21.979+0000] {dag.py:3954} INFO - Setting next_dagrun for consume_1_or_2_with_dataset_expressions to None, run_after=None
[2026-03-06T22:31:21.984+0000] {logging_mixin.py:188} INFO - [2026-03-06T22:31:21.983+0000] {dag.py:3954} INFO - Setting next_dagrun for consume_1_or_both_2_and_3_with_dataset_expressions to None, run_after=None
[2026-03-06T22:31:21.988+0000] {logging_mixin.py:188} INFO - [2026-03-06T22:31:21.987+0000] {dag.py:3954} INFO - Setting next_dagrun for dataset_consumes_1 to None, run_after=None
[2026-03-06T22:31:21.993+0000] {logging_mixin.py:188} INFO - [2026-03-06T22:31:21.993+0000] {dag.py:3954} INFO - Setting next_dagrun for dataset_consumes_1_and_2 to None, run_after=None
[2026-03-06T22:31:21.997+0000] {logging_mixin.py:188} INFO - [2026-03-06T22:31:21.996+0000] {dag.py:3954} INFO - Setting next_dagrun for dataset_consumes_1_never_scheduled to None, run_after=None
[2026-03-06T22:31:22.003+0000] {logging_mixin.py:188} INFO - [2026-03-06T22:31:22.003+0000] {dag.py:3954} INFO - Setting next_dagrun for dataset_consumes_unknown_never_scheduled to None, run_after=None
[2026-03-06T22:31:22.013+0000] {logging_mixin.py:188} INFO - [2026-03-06T22:31:22.013+0000] {dag.py:3954} INFO - Setting next_dagrun for dataset_produces_1 to 2026-03-05 00:00:00+00:00, run_after=2026-03-06 00:00:00+00:00
[2026-03-06T22:31:22.016+0000] {logging_mixin.py:188} INFO - [2026-03-06T22:31:22.016+0000] {dag.py:3954} INFO - Setting next_dagrun for dataset_produces_2 to None, run_after=None
[2026-03-06T22:31:22.096+0000] {processor.py:183} INFO - Processing /home/airflow/.local/lib/python3.12/site-packages/airflow/example_dags/example_datasets.py took 0.423 seconds
[2026-03-06T22:31:52.138+0000] {processor.py:161} INFO - Started process (PID=132) to work on /home/airflow/.local/lib/python3.12/site-packages/airflow/example_dags/example_datasets.py
[2026-03-06T22:31:52.139+0000] {processor.py:830} INFO - Processing file /home/airflow/.local/lib/python3.12/site-packages/airflow/example_dags/example_datasets.py for tasks to queue
[2026-03-06T22:31:52.141+0000] {logging_mixin.py:188} INFO - [2026-03-06T22:31:52.141+0000] {dagbag.py:545} INFO - Filling up the DagBag from /home/airflow/.local/lib/python3.12/site-packages/airflow/example_dags/example_datasets.py
[2026-03-06T22:31:52.159+0000] {processor.py:840} INFO - DAG(s) 'dataset_consumes_1_never_scheduled', 'dataset_consumes_1', 'dataset_consumes_unknown_never_scheduled', 'dataset_consumes_1_and_2', 'consume_1_or_2_with_dataset_expressions', 'conditional_dataset_and_time_based_timetable', 'dataset_produces_2', 'consume_1_or_both_2_and_3_with_dataset_expressions', 'consume_1_and_2_with_dataset_expressions', 'dataset_produces_1' retrieved from /home/airflow/.local/lib/python3.12/site-packages/airflow/example_dags/example_datasets.py
[2026-03-06T22:31:52.231+0000] {logging_mixin.py:188} INFO - [2026-03-06T22:31:52.231+0000] {dag.py:3096} INFO - Sync 10 DAGs
[2026-03-06T22:31:52.268+0000] {logging_mixin.py:188} INFO - [2026-03-06T22:31:52.268+0000] {dag.py:3954} INFO - Setting next_dagrun for conditional_dataset_and_time_based_timetable to 2026-03-04 01:00:00+00:00, run_after=2026-03-04 01:00:00+00:00
[2026-03-06T22:31:52.274+0000] {logging_mixin.py:188} INFO - [2026-03-06T22:31:52.273+0000] {dag.py:3954} INFO - Setting next_dagrun for consume_1_and_2_with_dataset_expressions to None, run_after=None
[2026-03-06T22:31:52.276+0000] {logging_mixin.py:188} INFO - [2026-03-06T22:31:52.275+0000] {dag.py:3954} INFO - Setting next_dagrun for consume_1_or_2_with_dataset_expressions to None, run_after=None
[2026-03-06T22:31:52.279+0000] {logging_mixin.py:188} INFO - [2026-03-06T22:31:52.278+0000] {dag.py:3954} INFO - Setting next_dagrun for consume_1_or_both_2_and_3_with_dataset_expressions to None, run_after=None
[2026-03-06T22:31:52.283+0000] {logging_mixin.py:188} INFO - [2026-03-06T22:31:52.282+0000] {dag.py:3954} INFO - Setting next_dagrun for dataset_consumes_1 to None, run_after=None
[2026-03-06T22:31:52.285+0000] {logging_mixin.py:188} INFO - [2026-03-06T22:31:52.284+0000] {dag.py:3954} INFO - Setting next_dagrun for dataset_consumes_1_and_2 to None, run_after=None
[2026-03-06T22:31:52.287+0000] {logging_mixin.py:188} INFO - [2026-03-06T22:31:52.286+0000] {dag.py:3954} INFO - Setting next_dagrun for dataset_consumes_1_never_scheduled to None, run_after=None
[2026-03-06T22:31:52.289+0000] {logging_mixin.py:188} INFO - [2026-03-06T22:31:52.288+0000] {dag.py:3954} INFO - Setting next_dagrun for dataset_consumes_unknown_never_scheduled to None, run_after=None
[2026-03-06T22:31:52.292+0000] {logging_mixin.py:188} INFO - [2026-03-06T22:31:52.292+0000] {dag.py:3954} INFO - Setting next_dagrun for dataset_produces_1 to 2026-03-05 00:00:00+00:00, run_after=2026-03-06 00:00:00+00:00
[2026-03-06T22:31:52.295+0000] {logging_mixin.py:188} INFO - [2026-03-06T22:31:52.294+0000] {dag.py:3954} INFO - Setting next_dagrun for dataset_produces_2 to None, run_after=None
[2026-03-06T22:31:52.358+0000] {processor.py:183} INFO - Processing /home/airflow/.local/lib/python3.12/site-packages/airflow/example_dags/example_datasets.py took 0.227 seconds
[2026-03-06T22:32:22.412+0000] {processor.py:161} INFO - Started process (PID=190) to work on /home/airflow/.local/lib/python3.12/site-packages/airflow/example_dags/example_datasets.py
[2026-03-06T22:32:22.413+0000] {processor.py:830} INFO - Processing file /home/airflow/.local/lib/python3.12/site-packages/airflow/example_dags/example_datasets.py for tasks to queue
[2026-03-06T22:32:22.416+0000] {logging_mixin.py:188} INFO - [2026-03-06T22:32:22.415+0000] {dagbag.py:545} INFO - Filling up the DagBag from /home/airflow/.local/lib/python3.12/site-packages/airflow/example_dags/example_datasets.py
[2026-03-06T22:32:22.433+0000] {processor.py:840} INFO - DAG(s) 'dataset_consumes_1', 'dataset_produces_2', 'consume_1_or_2_with_dataset_expressions', 'dataset_consumes_unknown_never_scheduled', 'dataset_produces_1', 'dataset_consumes_1_never_scheduled', 'consume_1_or_both_2_and_3_with_dataset_expressions', 'conditional_dataset_and_time_based_timetable', 'consume_1_and_2_with_dataset_expressions', 'dataset_consumes_1_and_2' retrieved from /home/airflow/.local/lib/python3.12/site-packages/airflow/example_dags/example_datasets.py
[2026-03-06T22:32:22.491+0000] {logging_mixin.py:188} INFO - [2026-03-06T22:32:22.491+0000] {dag.py:3096} INFO - Sync 10 DAGs
[2026-03-06T22:32:22.529+0000] {logging_mixin.py:188} INFO - [2026-03-06T22:32:22.529+0000] {dag.py:3954} INFO - Setting next_dagrun for conditional_dataset_and_time_based_timetable to 2026-03-04 01:00:00+00:00, run_after=2026-03-04 01:00:00+00:00
[2026-03-06T22:32:22.534+0000] {logging_mixin.py:188} INFO - [2026-03-06T22:32:22.534+0000] {dag.py:3954} INFO - Setting next_dagrun for consume_1_and_2_with_dataset_expressions to None, run_after=None
[2026-03-06T22:32:22.536+0000] {logging_mixin.py:188} INFO - [2026-03-06T22:32:22.536+0000] {dag.py:3954} INFO - Setting next_dagrun for consume_1_or_2_with_dataset_expressions to None, run_after=None
[2026-03-06T22:32:22.539+0000] {logging_mixin.py:188} INFO - [2026-03-06T22:32:22.538+0000] {dag.py:3954} INFO - Setting next_dagrun for consume_1_or_both_2_and_3_with_dataset_expressions to None, run_after=None
[2026-03-06T22:32:22.541+0000] {logging_mixin.py:188} INFO - [2026-03-06T22:32:22.541+0000] {dag.py:3954} INFO - Setting next_dagrun for dataset_consumes_1 to None, run_after=None
[2026-03-06T22:32:22.543+0000] {logging_mixin.py:188} INFO - [2026-03-06T22:32:22.543+0000] {dag.py:3954} INFO - Setting next_dagrun for dataset_consumes_1_and_2 to None, run_after=None
[2026-03-06T22:32:22.546+0000] {logging_mixin.py:188} INFO - [2026-03-06T22:32:22.546+0000] {dag.py:3954} INFO - Setting next_dagrun for dataset_consumes_1_never_scheduled to None, run_after=None
[2026-03-06T22:32:22.549+0000] {logging_mixin.py:188} INFO - [2026-03-06T22:32:22.549+0000] {dag.py:3954} INFO - Setting next_dagrun for dataset_consumes_unknown_never_scheduled to None, run_after=None
[2026-03-06T22:32:22.553+0000] {logging_mixin.py:188} INFO - [2026-03-06T22:32:22.552+0000] {dag.py:3954} INFO - Setting next_dagrun for dataset_produces_1 to 2026-03-05 00:00:00+00:00, run_after=2026-03-06 00:00:00+00:00
[2026-03-06T22:32:22.554+0000] {logging_mixin.py:188} INFO - [2026-03-06T22:32:22.554+0000] {dag.py:3954} INFO - Setting next_dagrun for dataset_produces_2 to None, run_after=None
[2026-03-06T22:32:22.606+0000] {processor.py:183} INFO - Processing /home/airflow/.local/lib/python3.12/site-packages/airflow/example_dags/example_datasets.py took 0.203 seconds
[2026-03-06T22:32:52.652+0000] {processor.py:161} INFO - Started process (PID=248) to work on /home/airflow/.local/lib/python3.12/site-packages/airflow/example_dags/example_datasets.py
[2026-03-06T22:32:52.653+0000] {processor.py:830} INFO - Processing file /home/airflow/.local/lib/python3.12/site-packages/airflow/example_dags/example_datasets.py for tasks to queue
[2026-03-06T22:32:52.656+0000] {logging_mixin.py:188} INFO - [2026-03-06T22:32:52.656+0000] {dagbag.py:545} INFO - Filling up the DagBag from /home/airflow/.local/lib/python3.12/site-packages/airflow/example_dags/example_datasets.py
[2026-03-06T22:32:52.676+0000] {processor.py:840} INFO - DAG(s) 'consume_1_or_2_with_dataset_expressions', 'conditional_dataset_and_time_based_timetable', 'consume_1_or_both_2_and_3_with_dataset_expressions', 'dataset_produces_2', 'dataset_consumes_unknown_never_scheduled', 'consume_1_and_2_with_dataset_expressions', 'dataset_consumes_1', 'dataset_produces_1', 'dataset_consumes_1_never_scheduled', 'dataset_consumes_1_and_2' retrieved from /home/airflow/.local/lib/python3.12/site-packages/airflow/example_dags/example_datasets.py
[2026-03-06T22:32:52.696+0000] {logging_mixin.py:188} INFO - [2026-03-06T22:32:52.695+0000] {dag.py:3096} INFO - Sync 10 DAGs
[2026-03-06T22:32:52.734+0000] {logging_mixin.py:188} INFO - [2026-03-06T22:32:52.733+0000] {dag.py:3954} INFO - Setting next_dagrun for conditional_dataset_and_time_based_timetable to 2026-03-04 01:00:00+00:00, run_after=2026-03-04 01:00:00+00:00
[2026-03-06T22:32:52.739+0000] {logging_mixin.py:188} INFO - [2026-03-06T22:32:52.738+0000] {dag.py:3954} INFO - Setting next_dagrun for consume_1_and_2_with_dataset_expressions to None, run_after=None
[2026-03-06T22:32:52.741+0000] {logging_mixin.py:188} INFO - [2026-03-06T22:32:52.741+0000] {dag.py:3954} INFO - Setting next_dagrun for consume_1_or_2_with_dataset_expressions to None, run_after=None
[2026-03-06T22:32:52.744+0000] {logging_mixin.py:188} INFO - [2026-03-06T22:32:52.743+0000] {dag.py:3954} INFO - Setting next_dagrun for consume_1_or_both_2_and_3_with_dataset_expressions to None, run_after=None
[2026-03-06T22:32:52.746+0000] {logging_mixin.py:188} INFO - [2026-03-06T22:32:52.746+0000] {dag.py:3954} INFO - Setting next_dagrun for dataset_consumes_1 to None, run_after=None
[2026-03-06T22:32:52.748+0000] {logging_mixin.py:188} INFO - [2026-03-06T22:32:52.748+0000] {dag.py:3954} INFO - Setting next_dagrun for dataset_consumes_1_and_2 to None, run_after=None
[2026-03-06T22:32:52.750+0000] {logging_mixin.py:188} INFO - [2026-03-06T22:32:52.750+0000] {dag.py:3954} INFO - Setting next_dagrun for dataset_consumes_1_never_scheduled to None, run_after=None
[2026-03-06T22:32:52.752+0000] {logging_mixin.py:188} INFO - [2026-03-06T22:32:52.752+0000] {dag.py:3954} INFO - Setting next_dagrun for dataset_consumes_unknown_never_scheduled to None, run_after=None
[2026-03-06T22:32:52.757+0000] {logging_mixin.py:188} INFO - [2026-03-06T22:32:52.757+0000] {dag.py:3954} INFO - Setting next_dagrun for dataset_produces_1 to 2026-03-05 00:00:00+00:00, run_after=2026-03-06 00:00:00+00:00
[2026-03-06T22:32:52.759+0000] {logging_mixin.py:188} INFO - [2026-03-06T22:32:52.759+0000] {dag.py:3954} INFO - Setting next_dagrun for dataset_produces_2 to None, run_after=None
[2026-03-06T22:32:52.825+0000] {processor.py:183} INFO - Processing /home/airflow/.local/lib/python3.12/site-packages/airflow/example_dags/example_datasets.py took 0.181 seconds
[2026-03-06T22:33:24.870+0000] {processor.py:161} INFO - Started process (PID=312) to work on /home/airflow/.local/lib/python3.12/site-packages/airflow/example_dags/example_datasets.py
[2026-03-06T22:33:24.872+0000] {processor.py:830} INFO - Processing file /home/airflow/.local/lib/python3.12/site-packages/airflow/example_dags/example_datasets.py for tasks to queue
[2026-03-06T22:33:24.875+0000] {logging_mixin.py:188} INFO - [2026-03-06T22:33:24.874+0000] {dagbag.py:545} INFO - Filling up the DagBag from /home/airflow/.local/lib/python3.12/site-packages/airflow/example_dags/example_datasets.py
[2026-03-06T22:33:24.895+0000] {processor.py:840} INFO - DAG(s) 'dataset_produces_2', 'dataset_consumes_1_and_2', 'consume_1_and_2_with_dataset_expressions', 'dataset_consumes_1', 'dataset_consumes_unknown_never_scheduled', 'consume_1_or_2_with_dataset_expressions', 'dataset_produces_1', 'consume_1_or_both_2_and_3_with_dataset_expressions', 'conditional_dataset_and_time_based_timetable', 'dataset_consumes_1_never_scheduled' retrieved from /home/airflow/.local/lib/python3.12/site-packages/airflow/example_dags/example_datasets.py
[2026-03-06T22:33:25.190+0000] {logging_mixin.py:188} INFO - [2026-03-06T22:33:25.190+0000] {dag.py:3096} INFO - Sync 10 DAGs
[2026-03-06T22:33:25.229+0000] {logging_mixin.py:188} INFO - [2026-03-06T22:33:25.229+0000] {dag.py:3954} INFO - Setting next_dagrun for conditional_dataset_and_time_based_timetable to 2026-03-04 01:00:00+00:00, run_after=2026-03-04 01:00:00+00:00
[2026-03-06T22:33:25.234+0000] {logging_mixin.py:188} INFO - [2026-03-06T22:33:25.234+0000] {dag.py:3954} INFO - Setting next_dagrun for consume_1_and_2_with_dataset_expressions to None, run_after=None
[2026-03-06T22:33:25.237+0000] {logging_mixin.py:188} INFO - [2026-03-06T22:33:25.236+0000] {dag.py:3954} INFO - Setting next_dagrun for consume_1_or_2_with_dataset_expressions to None, run_after=None
[2026-03-06T22:33:25.239+0000] {logging_mixin.py:188} INFO - [2026-03-06T22:33:25.238+0000] {dag.py:3954} INFO - Setting next_dagrun for consume_1_or_both_2_and_3_with_dataset_expressions to None, run_after=None
[2026-03-06T22:33:25.241+0000] {logging_mixin.py:188} INFO - [2026-03-06T22:33:25.241+0000] {dag.py:3954} INFO - Setting next_dagrun for dataset_consumes_1 to None, run_after=None
[2026-03-06T22:33:25.243+0000] {logging_mixin.py:188} INFO - [2026-03-06T22:33:25.243+0000] {dag.py:3954} INFO - Setting next_dagrun for dataset_consumes_1_and_2 to None, run_after=None
[2026-03-06T22:33:25.245+0000] {logging_mixin.py:188} INFO - [2026-03-06T22:33:25.245+0000] {dag.py:3954} INFO - Setting next_dagrun for dataset_consumes_1_never_scheduled to None, run_after=None
[2026-03-06T22:33:25.247+0000] {logging_mixin.py:188} INFO - [2026-03-06T22:33:25.247+0000] {dag.py:3954} INFO - Setting next_dagrun for dataset_consumes_unknown_never_scheduled to None, run_after=None
[2026-03-06T22:33:25.252+0000] {logging_mixin.py:188} INFO - [2026-03-06T22:33:25.252+0000] {dag.py:3954} INFO - Setting next_dagrun for dataset_produces_1 to 2026-03-05 00:00:00+00:00, run_after=2026-03-06 00:00:00+00:00
[2026-03-06T22:33:25.254+0000] {logging_mixin.py:188} INFO - [2026-03-06T22:33:25.254+0000] {dag.py:3954} INFO - Setting next_dagrun for dataset_produces_2 to None, run_after=None
[2026-03-06T22:33:25.304+0000] {processor.py:183} INFO - Processing /home/airflow/.local/lib/python3.12/site-packages/airflow/example_dags/example_datasets.py took 0.440 seconds
[2026-03-06T22:33:55.349+0000] {processor.py:161} INFO - Started process (PID=371) to work on /home/airflow/.local/lib/python3.12/site-packages/airflow/example_dags/example_datasets.py
[2026-03-06T22:33:55.351+0000] {processor.py:830} INFO - Processing file /home/airflow/.local/lib/python3.12/site-packages/airflow/example_dags/example_datasets.py for tasks to queue
[2026-03-06T22:33:55.353+0000] {logging_mixin.py:188} INFO - [2026-03-06T22:33:55.353+0000] {dagbag.py:545} INFO - Filling up the DagBag from /home/airflow/.local/lib/python3.12/site-packages/airflow/example_dags/example_datasets.py
[2026-03-06T22:33:55.376+0000] {processor.py:840} INFO - DAG(s) 'consume_1_or_both_2_and_3_with_dataset_expressions', 'consume_1_or_2_with_dataset_expressions', 'dataset_consumes_1_and_2', 'conditional_dataset_and_time_based_timetable', 'dataset_consumes_unknown_never_scheduled', 'dataset_consumes_1_never_scheduled', 'consume_1_and_2_with_dataset_expressions', 'dataset_consumes_1', 'dataset_produces_1', 'dataset_produces_2' retrieved from /home/airflow/.local/lib/python3.12/site-packages/airflow/example_dags/example_datasets.py
[2026-03-06T22:33:55.466+0000] {logging_mixin.py:188} INFO - [2026-03-06T22:33:55.465+0000] {dag.py:3096} INFO - Sync 10 DAGs
[2026-03-06T22:33:55.505+0000] {logging_mixin.py:188} INFO - [2026-03-06T22:33:55.504+0000] {dag.py:3954} INFO - Setting next_dagrun for conditional_dataset_and_time_based_timetable to 2026-03-04 01:00:00+00:00, run_after=2026-03-04 01:00:00+00:00
[2026-03-06T22:33:55.510+0000] {logging_mixin.py:188} INFO - [2026-03-06T22:33:55.510+0000] {dag.py:3954} INFO - Setting next_dagrun for consume_1_and_2_with_dataset_expressions to None, run_after=None
[2026-03-06T22:33:55.513+0000] {logging_mixin.py:188} INFO - [2026-03-06T22:33:55.513+0000] {dag.py:3954} INFO - Setting next_dagrun for consume_1_or_2_with_dataset_expressions to None, run_after=None
[2026-03-06T22:33:55.520+0000] {logging_mixin.py:188} INFO - [2026-03-06T22:33:55.519+0000] {dag.py:3954} INFO - Setting next_dagrun for consume_1_or_both_2_and_3_with_dataset_expressions to None, run_after=None
[2026-03-06T22:33:55.524+0000] {logging_mixin.py:188} INFO - [2026-03-06T22:33:55.523+0000] {dag.py:3954} INFO - Setting next_dagrun for dataset_consumes_1 to None, run_after=None
[2026-03-06T22:33:55.527+0000] {logging_mixin.py:188} INFO - [2026-03-06T22:33:55.527+0000] {dag.py:3954} INFO - Setting next_dagrun for dataset_consumes_1_and_2 to None, run_after=None
[2026-03-06T22:33:55.533+0000] {logging_mixin.py:188} INFO - [2026-03-06T22:33:55.533+0000] {dag.py:3954} INFO - Setting next_dagrun for dataset_consumes_1_never_scheduled to None, run_after=None
[2026-03-06T22:33:55.537+0000] {logging_mixin.py:188} INFO - [2026-03-06T22:33:55.537+0000] {dag.py:3954} INFO - Setting next_dagrun for dataset_consumes_unknown_never_scheduled to None, run_after=None
[2026-03-06T22:33:55.544+0000] {logging_mixin.py:188} INFO - [2026-03-06T22:33:55.543+0000] {dag.py:3954} INFO - Setting next_dagrun for dataset_produces_1 to 2026-03-05 00:00:00+00:00, run_after=2026-03-06 00:00:00+00:00
[2026-03-06T22:33:55.550+0000] {logging_mixin.py:188} INFO - [2026-03-06T22:33:55.549+0000] {dag.py:3954} INFO - Setting next_dagrun for dataset_produces_2 to None, run_after=None
[2026-03-06T22:33:55.632+0000] {processor.py:183} INFO - Processing /home/airflow/.local/lib/python3.12/site-packages/airflow/example_dags/example_datasets.py took 0.291 seconds
[2026-03-06T22:34:25.706+0000] {processor.py:161} INFO - Started process (PID=429) to work on /home/airflow/.local/lib/python3.12/site-packages/airflow/example_dags/example_datasets.py
[2026-03-06T22:34:25.707+0000] {processor.py:830} INFO - Processing file /home/airflow/.local/lib/python3.12/site-packages/airflow/example_dags/example_datasets.py for tasks to queue
[2026-03-06T22:34:25.711+0000] {logging_mixin.py:188} INFO - [2026-03-06T22:34:25.710+0000] {dagbag.py:545} INFO - Filling up the DagBag from /home/airflow/.local/lib/python3.12/site-packages/airflow/example_dags/example_datasets.py
[2026-03-06T22:34:25.728+0000] {processor.py:840} INFO - DAG(s) 'dataset_consumes_unknown_never_scheduled', 'dataset_produces_2', 'dataset_consumes_1', 'dataset_produces_1', 'consume_1_and_2_with_dataset_expressions', 'dataset_consumes_1_and_2', 'conditional_dataset_and_time_based_timetable', 'dataset_consumes_1_never_scheduled', 'consume_1_or_2_with_dataset_expressions', 'consume_1_or_both_2_and_3_with_dataset_expressions' retrieved from /home/airflow/.local/lib/python3.12/site-packages/airflow/example_dags/example_datasets.py
[2026-03-06T22:34:25.787+0000] {logging_mixin.py:188} INFO - [2026-03-06T22:34:25.787+0000] {dag.py:3096} INFO - Sync 10 DAGs
[2026-03-06T22:34:25.818+0000] {logging_mixin.py:188} INFO - [2026-03-06T22:34:25.818+0000] {dag.py:3954} INFO - Setting next_dagrun for conditional_dataset_and_time_based_timetable to 2026-03-04 01:00:00+00:00, run_after=2026-03-04 01:00:00+00:00
[2026-03-06T22:34:25.823+0000] {logging_mixin.py:188} INFO - [2026-03-06T22:34:25.823+0000] {dag.py:3954} INFO - Setting next_dagrun for consume_1_and_2_with_dataset_expressions to None, run_after=None
[2026-03-06T22:34:25.825+0000] {logging_mixin.py:188} INFO - [2026-03-06T22:34:25.825+0000] {dag.py:3954} INFO - Setting next_dagrun for consume_1_or_2_with_dataset_expressions to None, run_after=None
[2026-03-06T22:34:25.827+0000] {logging_mixin.py:188} INFO - [2026-03-06T22:34:25.827+0000] {dag.py:3954} INFO - Setting next_dagrun for consume_1_or_both_2_and_3_with_dataset_expressions to None, run_after=None
[2026-03-06T22:34:25.829+0000] {logging_mixin.py:188} INFO - [2026-03-06T22:34:25.829+0000] {dag.py:3954} INFO - Setting next_dagrun for dataset_consumes_1 to None, run_after=None
[2026-03-06T22:34:25.831+0000] {logging_mixin.py:188} INFO - [2026-03-06T22:34:25.830+0000] {dag.py:3954} INFO - Setting next_dagrun for dataset_consumes_1_and_2 to None, run_after=None
[2026-03-06T22:34:25.832+0000] {logging_mixin.py:188} INFO - [2026-03-06T22:34:25.832+0000] {dag.py:3954} INFO - Setting next_dagrun for dataset_consumes_1_never_scheduled to None, run_after=None
[2026-03-06T22:34:25.834+0000] {logging_mixin.py:188} INFO - [2026-03-06T22:34:25.834+0000] {dag.py:3954} INFO - Setting next_dagrun for dataset_consumes_unknown_never_scheduled to None, run_after=None
[2026-03-06T22:34:25.837+0000] {logging_mixin.py:188} INFO - [2026-03-06T22:34:25.837+0000] {dag.py:3954} INFO - Setting next_dagrun for dataset_produces_1 to 2026-03-05 00:00:00+00:00, run_after=2026-03-06 00:00:00+00:00
[2026-03-06T22:34:25.839+0000] {logging_mixin.py:188} INFO - [2026-03-06T22:34:25.839+0000] {dag.py:3954} INFO - Setting next_dagrun for dataset_produces_2 to None, run_after=None
[2026-03-06T22:34:25.877+0000] {processor.py:183} INFO - Processing /home/airflow/.local/lib/python3.12/site-packages/airflow/example_dags/example_datasets.py took 0.180 seconds
[2026-03-06T22:34:55.910+0000] {processor.py:161} INFO - Started process (PID=487) to work on /home/airflow/.local/lib/python3.12/site-packages/airflow/example_dags/example_datasets.py
[2026-03-06T22:34:55.912+0000] {processor.py:830} INFO - Processing file /home/airflow/.local/lib/python3.12/site-packages/airflow/example_dags/example_datasets.py for tasks to queue
[2026-03-06T22:34:55.916+0000] {logging_mixin.py:188} INFO - [2026-03-06T22:34:55.915+0000] {dagbag.py:545} INFO - Filling up the DagBag from /home/airflow/.local/lib/python3.12/site-packages/airflow/example_dags/example_datasets.py
[2026-03-06T22:34:55.943+0000] {processor.py:840} INFO - DAG(s) 'consume_1_or_both_2_and_3_with_dataset_expressions', 'consume_1_and_2_with_dataset_expressions', 'consume_1_or_2_with_dataset_expressions', 'dataset_consumes_1_never_scheduled', 'conditional_dataset_and_time_based_timetable', 'dataset_consumes_1_and_2', 'dataset_produces_1', 'dataset_produces_2', 'dataset_consumes_unknown_never_scheduled', 'dataset_consumes_1' retrieved from /home/airflow/.local/lib/python3.12/site-packages/airflow/example_dags/example_datasets.py
[2026-03-06T22:34:56.063+0000] {logging_mixin.py:188} INFO - [2026-03-06T22:34:56.063+0000] {dag.py:3096} INFO - Sync 10 DAGs
[2026-03-06T22:34:56.104+0000] {logging_mixin.py:188} INFO - [2026-03-06T22:34:56.103+0000] {dag.py:3954} INFO - Setting next_dagrun for conditional_dataset_and_time_based_timetable to 2026-03-04 01:00:00+00:00, run_after=2026-03-04 01:00:00+00:00
[2026-03-06T22:34:56.110+0000] {logging_mixin.py:188} INFO - [2026-03-06T22:34:56.110+0000] {dag.py:3954} INFO - Setting next_dagrun for consume_1_and_2_with_dataset_expressions to None, run_after=None
[2026-03-06T22:34:56.113+0000] {logging_mixin.py:188} INFO - [2026-03-06T22:34:56.113+0000] {dag.py:3954} INFO - Setting next_dagrun for consume_1_or_2_with_dataset_expressions to None, run_after=None
[2026-03-06T22:34:56.115+0000] {logging_mixin.py:188} INFO - [2026-03-06T22:34:56.115+0000] {dag.py:3954} INFO - Setting next_dagrun for consume_1_or_both_2_and_3_with_dataset_expressions to None, run_after=None
[2026-03-06T22:34:56.118+0000] {logging_mixin.py:188} INFO - [2026-03-06T22:34:56.118+0000] {dag.py:3954} INFO - Setting next_dagrun for dataset_consumes_1 to None, run_after=None
[2026-03-06T22:34:56.121+0000] {logging_mixin.py:188} INFO - [2026-03-06T22:34:56.121+0000] {dag.py:3954} INFO - Setting next_dagrun for dataset_consumes_1_and_2 to None, run_after=None
[2026-03-06T22:34:56.124+0000] {logging_mixin.py:188} INFO - [2026-03-06T22:34:56.123+0000] {dag.py:3954} INFO - Setting next_dagrun for dataset_consumes_1_never_scheduled to None, run_after=None
[2026-03-06T22:34:56.127+0000] {logging_mixin.py:188} INFO - [2026-03-06T22:34:56.126+0000] {dag.py:3954} INFO - Setting next_dagrun for dataset_consumes_unknown_never_scheduled to None, run_after=None
[2026-03-06T22:34:56.131+0000] {logging_mixin.py:188} INFO - [2026-03-06T22:34:56.131+0000] {dag.py:3954} INFO - Setting next_dagrun for dataset_produces_1 to 2026-03-05 00:00:00+00:00, run_after=2026-03-06 00:00:00+00:00
[2026-03-06T22:34:56.133+0000] {logging_mixin.py:188} INFO - [2026-03-06T22:34:56.133+0000] {dag.py:3954} INFO - Setting next_dagrun for dataset_produces_2 to None, run_after=None
[2026-03-06T22:34:56.184+0000] {processor.py:183} INFO - Processing /home/airflow/.local/lib/python3.12/site-packages/airflow/example_dags/example_datasets.py took 0.283 seconds
[2026-03-06T22:35:26.274+0000] {processor.py:161} INFO - Started process (PID=544) to work on /home/airflow/.local/lib/python3.12/site-packages/airflow/example_dags/example_datasets.py
[2026-03-06T22:35:26.275+0000] {processor.py:830} INFO - Processing file /home/airflow/.local/lib/python3.12/site-packages/airflow/example_dags/example_datasets.py for tasks to queue
[2026-03-06T22:35:26.279+0000] {logging_mixin.py:188} INFO - [2026-03-06T22:35:26.278+0000] {dagbag.py:545} INFO - Filling up the DagBag from /home/airflow/.local/lib/python3.12/site-packages/airflow/example_dags/example_datasets.py
[2026-03-06T22:35:26.301+0000] {processor.py:840} INFO - DAG(s) 'dataset_produces_2', 'dataset_consumes_1', 'dataset_produces_1', 'consume_1_or_both_2_and_3_with_dataset_expressions', 'consume_1_or_2_with_dataset_expressions', 'dataset_consumes_unknown_never_scheduled', 'dataset_consumes_1_and_2', 'conditional_dataset_and_time_based_timetable', 'consume_1_and_2_with_dataset_expressions', 'dataset_consumes_1_never_scheduled' retrieved from /home/airflow/.local/lib/python3.12/site-packages/airflow/example_dags/example_datasets.py
[2026-03-06T22:35:26.373+0000] {logging_mixin.py:188} INFO - [2026-03-06T22:35:26.373+0000] {dag.py:3096} INFO - Sync 10 DAGs
[2026-03-06T22:35:26.420+0000] {logging_mixin.py:188} INFO - [2026-03-06T22:35:26.420+0000] {dag.py:3954} INFO - Setting next_dagrun for conditional_dataset_and_time_based_timetable to 2026-03-04 01:00:00+00:00, run_after=2026-03-04 01:00:00+00:00
[2026-03-06T22:35:26.427+0000] {logging_mixin.py:188} INFO - [2026-03-06T22:35:26.427+0000] {dag.py:3954} INFO - Setting next_dagrun for consume_1_and_2_with_dataset_expressions to None, run_after=None
[2026-03-06T22:35:26.430+0000] {logging_mixin.py:188} INFO - [2026-03-06T22:35:26.430+0000] {dag.py:3954} INFO - Setting next_dagrun for consume_1_or_2_with_dataset_expressions to None, run_after=None
[2026-03-06T22:35:26.435+0000] {logging_mixin.py:188} INFO - [2026-03-06T22:35:26.435+0000] {dag.py:3954} INFO - Setting next_dagrun for consume_1_or_both_2_and_3_with_dataset_expressions to None, run_after=None
[2026-03-06T22:35:26.437+0000] {logging_mixin.py:188} INFO - [2026-03-06T22:35:26.437+0000] {dag.py:3954} INFO - Setting next_dagrun for dataset_consumes_1 to None, run_after=None
[2026-03-06T22:35:26.440+0000] {logging_mixin.py:188} INFO - [2026-03-06T22:35:26.439+0000] {dag.py:3954} INFO - Setting next_dagrun for dataset_consumes_1_and_2 to None, run_after=None
[2026-03-06T22:35:26.442+0000] {logging_mixin.py:188} INFO - [2026-03-06T22:35:26.442+0000] {dag.py:3954} INFO - Setting next_dagrun for dataset_consumes_1_never_scheduled to None, run_after=None
[2026-03-06T22:35:26.447+0000] {logging_mixin.py:188} INFO - [2026-03-06T22:35:26.447+0000] {dag.py:3954} INFO - Setting next_dagrun for dataset_consumes_unknown_never_scheduled to None, run_after=None
[2026-03-06T22:35:26.451+0000] {logging_mixin.py:188} INFO - [2026-03-06T22:35:26.451+0000] {dag.py:3954} INFO - Setting next_dagrun for dataset_produces_1 to 2026-03-05 00:00:00+00:00, run_after=2026-03-06 00:00:00+00:00
[2026-03-06T22:35:26.454+0000] {logging_mixin.py:188} INFO - [2026-03-06T22:35:26.453+0000] {dag.py:3954} INFO - Setting next_dagrun for dataset_produces_2 to None, run_after=None
[2026-03-06T22:35:26.505+0000] {processor.py:183} INFO - Processing /home/airflow/.local/lib/python3.12/site-packages/airflow/example_dags/example_datasets.py took 0.238 seconds
[2026-03-06T22:35:56.559+0000] {processor.py:161} INFO - Started process (PID=602) to work on /home/airflow/.local/lib/python3.12/site-packages/airflow/example_dags/example_datasets.py
[2026-03-06T22:35:56.560+0000] {processor.py:830} INFO - Processing file /home/airflow/.local/lib/python3.12/site-packages/airflow/example_dags/example_datasets.py for tasks to queue
[2026-03-06T22:35:56.563+0000] {logging_mixin.py:188} INFO - [2026-03-06T22:35:56.563+0000] {dagbag.py:545} INFO - Filling up the DagBag from /home/airflow/.local/lib/python3.12/site-packages/airflow/example_dags/example_datasets.py
[2026-03-06T22:35:56.582+0000] {processor.py:840} INFO - DAG(s) 'consume_1_or_2_with_dataset_expressions', 'dataset_produces_2', 'dataset_consumes_1_and_2', 'dataset_consumes_unknown_never_scheduled', 'conditional_dataset_and_time_based_timetable', 'consume_1_and_2_with_dataset_expressions', 'consume_1_or_both_2_and_3_with_dataset_expressions', 'dataset_consumes_1', 'dataset_consumes_1_never_scheduled', 'dataset_produces_1' retrieved from /home/airflow/.local/lib/python3.12/site-packages/airflow/example_dags/example_datasets.py
[2026-03-06T22:35:56.643+0000] {logging_mixin.py:188} INFO - [2026-03-06T22:35:56.643+0000] {dag.py:3096} INFO - Sync 10 DAGs
[2026-03-06T22:35:56.675+0000] {logging_mixin.py:188} INFO - [2026-03-06T22:35:56.675+0000] {dag.py:3954} INFO - Setting next_dagrun for conditional_dataset_and_time_based_timetable to 2026-03-04 01:00:00+00:00, run_after=2026-03-04 01:00:00+00:00
[2026-03-06T22:35:56.681+0000] {logging_mixin.py:188} INFO - [2026-03-06T22:35:56.680+0000] {dag.py:3954} INFO - Setting next_dagrun for consume_1_and_2_with_dataset_expressions to None, run_after=None
[2026-03-06T22:35:56.683+0000] {logging_mixin.py:188} INFO - [2026-03-06T22:35:56.683+0000] {dag.py:3954} INFO - Setting next_dagrun for consume_1_or_2_with_dataset_expressions to None, run_after=None
[2026-03-06T22:35:56.686+0000] {logging_mixin.py:188} INFO - [2026-03-06T22:35:56.685+0000] {dag.py:3954} INFO - Setting next_dagrun for consume_1_or_both_2_and_3_with_dataset_expressions to None, run_after=None
[2026-03-06T22:35:56.688+0000] {logging_mixin.py:188} INFO - [2026-03-06T22:35:56.688+0000] {dag.py:3954} INFO - Setting next_dagrun for dataset_consumes_1 to None, run_after=None
[2026-03-06T22:35:56.690+0000] {logging_mixin.py:188} INFO - [2026-03-06T22:35:56.690+0000] {dag.py:3954} INFO - Setting next_dagrun for dataset_consumes_1_and_2 to None, run_after=None
[2026-03-06T22:35:56.693+0000] {logging_mixin.py:188} INFO - [2026-03-06T22:35:56.692+0000] {dag.py:3954} INFO - Setting next_dagrun for dataset_consumes_1_never_scheduled to None, run_after=None
[2026-03-06T22:35:56.695+0000] {logging_mixin.py:188} INFO - [2026-03-06T22:35:56.694+0000] {dag.py:3954} INFO - Setting next_dagrun for dataset_consumes_unknown_never_scheduled to None, run_after=None
[2026-03-06T22:35:56.698+0000] {logging_mixin.py:188} INFO - [2026-03-06T22:35:56.698+0000] {dag.py:3954} INFO - Setting next_dagrun for dataset_produces_1 to 2026-03-05 00:00:00+00:00, run_after=2026-03-06 00:00:00+00:00
[2026-03-06T22:35:56.701+0000] {logging_mixin.py:188} INFO - [2026-03-06T22:35:56.700+0000] {dag.py:3954} INFO - Setting next_dagrun for dataset_produces_2 to None, run_after=None
[2026-03-06T22:35:56.749+0000] {processor.py:183} INFO - Processing /home/airflow/.local/lib/python3.12/site-packages/airflow/example_dags/example_datasets.py took 0.197 seconds
[2026-03-06T22:36:26.790+0000] {processor.py:161} INFO - Started process (PID=660) to work on /home/airflow/.local/lib/python3.12/site-packages/airflow/example_dags/example_datasets.py
[2026-03-06T22:36:26.791+0000] {processor.py:830} INFO - Processing file /home/airflow/.local/lib/python3.12/site-packages/airflow/example_dags/example_datasets.py for tasks to queue
[2026-03-06T22:36:26.794+0000] {logging_mixin.py:188} INFO - [2026-03-06T22:36:26.793+0000] {dagbag.py:545} INFO - Filling up the DagBag from /home/airflow/.local/lib/python3.12/site-packages/airflow/example_dags/example_datasets.py
[2026-03-06T22:36:26.811+0000] {processor.py:840} INFO - DAG(s) 'dataset_produces_1', 'dataset_consumes_1_and_2', 'dataset_produces_2', 'consume_1_or_both_2_and_3_with_dataset_expressions', 'consume_1_or_2_with_dataset_expressions', 'conditional_dataset_and_time_based_timetable', 'consume_1_and_2_with_dataset_expressions', 'dataset_consumes_1_never_scheduled', 'dataset_consumes_1', 'dataset_consumes_unknown_never_scheduled' retrieved from /home/airflow/.local/lib/python3.12/site-packages/airflow/example_dags/example_datasets.py
[2026-03-06T22:36:26.869+0000] {logging_mixin.py:188} INFO - [2026-03-06T22:36:26.868+0000] {dag.py:3096} INFO - Sync 10 DAGs
[2026-03-06T22:36:26.902+0000] {logging_mixin.py:188} INFO - [2026-03-06T22:36:26.901+0000] {dag.py:3954} INFO - Setting next_dagrun for conditional_dataset_and_time_based_timetable to 2026-03-04 01:00:00+00:00, run_after=2026-03-04 01:00:00+00:00
[2026-03-06T22:36:26.909+0000] {logging_mixin.py:188} INFO - [2026-03-06T22:36:26.908+0000] {dag.py:3954} INFO - Setting next_dagrun for consume_1_and_2_with_dataset_expressions to None, run_after=None
[2026-03-06T22:36:26.911+0000] {logging_mixin.py:188} INFO - [2026-03-06T22:36:26.911+0000] {dag.py:3954} INFO - Setting next_dagrun for consume_1_or_2_with_dataset_expressions to None, run_after=None
[2026-03-06T22:36:26.913+0000] {logging_mixin.py:188} INFO - [2026-03-06T22:36:26.913+0000] {dag.py:3954} INFO - Setting next_dagrun for consume_1_or_both_2_and_3_with_dataset_expressions to None, run_after=None
[2026-03-06T22:36:26.915+0000] {logging_mixin.py:188} INFO - [2026-03-06T22:36:26.915+0000] {dag.py:3954} INFO - Setting next_dagrun for dataset_consumes_1 to None, run_after=None
[2026-03-06T22:36:26.918+0000] {logging_mixin.py:188} INFO - [2026-03-06T22:36:26.918+0000] {dag.py:3954} INFO - Setting next_dagrun for dataset_consumes_1_and_2 to None, run_after=None
[2026-03-06T22:36:26.921+0000] {logging_mixin.py:188} INFO - [2026-03-06T22:36:26.920+0000] {dag.py:3954} INFO - Setting next_dagrun for dataset_consumes_1_never_scheduled to None, run_after=None
[2026-03-06T22:36:26.924+0000] {logging_mixin.py:188} INFO - [2026-03-06T22:36:26.924+0000] {dag.py:3954} INFO - Setting next_dagrun for dataset_consumes_unknown_never_scheduled to None, run_after=None
[2026-03-06T22:36:26.928+0000] {logging_mixin.py:188} INFO - [2026-03-06T22:36:26.928+0000] {dag.py:3954} INFO - Setting next_dagrun for dataset_produces_1 to 2026-03-05 00:00:00+00:00, run_after=2026-03-06 00:00:00+00:00
[2026-03-06T22:36:26.931+0000] {logging_mixin.py:188} INFO - [2026-03-06T22:36:26.930+0000] {dag.py:3954} INFO - Setting next_dagrun for dataset_produces_2 to None, run_after=None
[2026-03-06T22:36:26.975+0000] {processor.py:183} INFO - Processing /home/airflow/.local/lib/python3.12/site-packages/airflow/example_dags/example_datasets.py took 0.192 seconds
[2026-03-06T22:36:57.373+0000] {processor.py:161} INFO - Started process (PID=718) to work on /home/airflow/.local/lib/python3.12/site-packages/airflow/example_dags/example_datasets.py
[2026-03-06T22:36:57.375+0000] {processor.py:830} INFO - Processing file /home/airflow/.local/lib/python3.12/site-packages/airflow/example_dags/example_datasets.py for tasks to queue
[2026-03-06T22:36:57.377+0000] {logging_mixin.py:188} INFO - [2026-03-06T22:36:57.377+0000] {dagbag.py:545} INFO - Filling up the DagBag from /home/airflow/.local/lib/python3.12/site-packages/airflow/example_dags/example_datasets.py
[2026-03-06T22:36:57.397+0000] {processor.py:840} INFO - DAG(s) 'conditional_dataset_and_time_based_timetable', 'dataset_produces_2', 'consume_1_or_both_2_and_3_with_dataset_expressions', 'consume_1_or_2_with_dataset_expressions', 'dataset_consumes_1_never_scheduled', 'consume_1_and_2_with_dataset_expressions', 'dataset_produces_1', 'dataset_consumes_1_and_2', 'dataset_consumes_unknown_never_scheduled', 'dataset_consumes_1' retrieved from /home/airflow/.local/lib/python3.12/site-packages/airflow/example_dags/example_datasets.py
[2026-03-06T22:36:57.466+0000] {logging_mixin.py:188} INFO - [2026-03-06T22:36:57.466+0000] {dag.py:3096} INFO - Sync 10 DAGs
[2026-03-06T22:36:57.500+0000] {logging_mixin.py:188} INFO - [2026-03-06T22:36:57.500+0000] {dag.py:3954} INFO - Setting next_dagrun for conditional_dataset_and_time_based_timetable to 2026-03-04 01:00:00+00:00, run_after=2026-03-04 01:00:00+00:00
[2026-03-06T22:36:57.506+0000] {logging_mixin.py:188} INFO - [2026-03-06T22:36:57.506+0000] {dag.py:3954} INFO - Setting next_dagrun for consume_1_and_2_with_dataset_expressions to None, run_after=None
[2026-03-06T22:36:57.509+0000] {logging_mixin.py:188} INFO - [2026-03-06T22:36:57.508+0000] {dag.py:3954} INFO - Setting next_dagrun for consume_1_or_2_with_dataset_expressions to None, run_after=None
[2026-03-06T22:36:57.511+0000] {logging_mixin.py:188} INFO - [2026-03-06T22:36:57.510+0000] {dag.py:3954} INFO - Setting next_dagrun for consume_1_or_both_2_and_3_with_dataset_expressions to None, run_after=None
[2026-03-06T22:36:57.513+0000] {logging_mixin.py:188} INFO - [2026-03-06T22:36:57.513+0000] {dag.py:3954} INFO - Setting next_dagrun for dataset_consumes_1 to None, run_after=None
[2026-03-06T22:36:57.516+0000] {logging_mixin.py:188} INFO - [2026-03-06T22:36:57.515+0000] {dag.py:3954} INFO - Setting next_dagrun for dataset_consumes_1_and_2 to None, run_after=None
[2026-03-06T22:36:57.518+0000] {logging_mixin.py:188} INFO - [2026-03-06T22:36:57.518+0000] {dag.py:3954} INFO - Setting next_dagrun for dataset_consumes_1_never_scheduled to None, run_after=None
[2026-03-06T22:36:57.521+0000] {logging_mixin.py:188} INFO - [2026-03-06T22:36:57.520+0000] {dag.py:3954} INFO - Setting next_dagrun for dataset_consumes_unknown_never_scheduled to None, run_after=None
[2026-03-06T22:36:57.525+0000] {logging_mixin.py:188} INFO - [2026-03-06T22:36:57.525+0000] {dag.py:3954} INFO - Setting next_dagrun for dataset_produces_1 to 2026-03-05 00:00:00+00:00, run_after=2026-03-06 00:00:00+00:00
[2026-03-06T22:36:57.527+0000] {logging_mixin.py:188} INFO - [2026-03-06T22:36:57.527+0000] {dag.py:3954} INFO - Setting next_dagrun for dataset_produces_2 to None, run_after=None
[2026-03-06T22:36:57.589+0000] {processor.py:183} INFO - Processing /home/airflow/.local/lib/python3.12/site-packages/airflow/example_dags/example_datasets.py took 0.224 seconds
[2026-03-06T22:37:27.684+0000] {processor.py:161} INFO - Started process (PID=776) to work on /home/airflow/.local/lib/python3.12/site-packages/airflow/example_dags/example_datasets.py
[2026-03-06T22:37:27.685+0000] {processor.py:830} INFO - Processing file /home/airflow/.local/lib/python3.12/site-packages/airflow/example_dags/example_datasets.py for tasks to queue
[2026-03-06T22:37:27.688+0000] {logging_mixin.py:188} INFO - [2026-03-06T22:37:27.687+0000] {dagbag.py:545} INFO - Filling up the DagBag from /home/airflow/.local/lib/python3.12/site-packages/airflow/example_dags/example_datasets.py
[2026-03-06T22:37:27.704+0000] {processor.py:840} INFO - DAG(s) 'consume_1_or_both_2_and_3_with_dataset_expressions', 'consume_1_or_2_with_dataset_expressions', 'consume_1_and_2_with_dataset_expressions', 'dataset_consumes_1_and_2', 'dataset_produces_2', 'dataset_consumes_unknown_never_scheduled', 'dataset_produces_1', 'dataset_consumes_1_never_scheduled', 'conditional_dataset_and_time_based_timetable', 'dataset_consumes_1' retrieved from /home/airflow/.local/lib/python3.12/site-packages/airflow/example_dags/example_datasets.py
[2026-03-06T22:37:27.769+0000] {logging_mixin.py:188} INFO - [2026-03-06T22:37:27.768+0000] {dag.py:3096} INFO - Sync 10 DAGs
[2026-03-06T22:37:27.800+0000] {logging_mixin.py:188} INFO - [2026-03-06T22:37:27.800+0000] {dag.py:3954} INFO - Setting next_dagrun for conditional_dataset_and_time_based_timetable to 2026-03-04 01:00:00+00:00, run_after=2026-03-04 01:00:00+00:00
[2026-03-06T22:37:27.805+0000] {logging_mixin.py:188} INFO - [2026-03-06T22:37:27.805+0000] {dag.py:3954} INFO - Setting next_dagrun for consume_1_and_2_with_dataset_expressions to None, run_after=None
[2026-03-06T22:37:27.808+0000] {logging_mixin.py:188} INFO - [2026-03-06T22:37:27.807+0000] {dag.py:3954} INFO - Setting next_dagrun for consume_1_or_2_with_dataset_expressions to None, run_after=None
[2026-03-06T22:37:27.810+0000] {logging_mixin.py:188} INFO - [2026-03-06T22:37:27.809+0000] {dag.py:3954} INFO - Setting next_dagrun for consume_1_or_both_2_and_3_with_dataset_expressions to None, run_after=None
[2026-03-06T22:37:27.812+0000] {logging_mixin.py:188} INFO - [2026-03-06T22:37:27.811+0000] {dag.py:3954} INFO - Setting next_dagrun for dataset_consumes_1 to None, run_after=None
[2026-03-06T22:37:27.813+0000] {logging_mixin.py:188} INFO - [2026-03-06T22:37:27.813+0000] {dag.py:3954} INFO - Setting next_dagrun for dataset_consumes_1_and_2 to None, run_after=None
[2026-03-06T22:37:27.815+0000] {logging_mixin.py:188} INFO - [2026-03-06T22:37:27.815+0000] {dag.py:3954} INFO - Setting next_dagrun for dataset_consumes_1_never_scheduled to None, run_after=None
[2026-03-06T22:37:27.817+0000] {logging_mixin.py:188} INFO - [2026-03-06T22:37:27.817+0000] {dag.py:3954} INFO - Setting next_dagrun for dataset_consumes_unknown_never_scheduled to None, run_after=None
[2026-03-06T22:37:27.821+0000] {logging_mixin.py:188} INFO - [2026-03-06T22:37:27.821+0000] {dag.py:3954} INFO - Setting next_dagrun for dataset_produces_1 to 2026-03-05 00:00:00+00:00, run_after=2026-03-06 00:00:00+00:00
[2026-03-06T22:37:27.823+0000] {logging_mixin.py:188} INFO - [2026-03-06T22:37:27.823+0000] {dag.py:3954} INFO - Setting next_dagrun for dataset_produces_2 to None, run_after=None
[2026-03-06T22:37:27.868+0000] {processor.py:183} INFO - Processing /home/airflow/.local/lib/python3.12/site-packages/airflow/example_dags/example_datasets.py took 0.191 seconds
[2026-03-06T22:37:58.076+0000] {processor.py:161} INFO - Started process (PID=835) to work on /home/airflow/.local/lib/python3.12/site-packages/airflow/example_dags/example_datasets.py
[2026-03-06T22:37:58.078+0000] {processor.py:830} INFO - Processing file /home/airflow/.local/lib/python3.12/site-packages/airflow/example_dags/example_datasets.py for tasks to queue
[2026-03-06T22:37:58.080+0000] {logging_mixin.py:188} INFO - [2026-03-06T22:37:58.080+0000] {dagbag.py:545} INFO - Filling up the DagBag from /home/airflow/.local/lib/python3.12/site-packages/airflow/example_dags/example_datasets.py
[2026-03-06T22:37:58.098+0000] {processor.py:840} INFO - DAG(s) 'conditional_dataset_and_time_based_timetable', 'dataset_produces_1', 'dataset_produces_2', 'dataset_consumes_1_never_scheduled', 'consume_1_or_2_with_dataset_expressions', 'dataset_consumes_unknown_never_scheduled', 'dataset_consumes_1', 'dataset_consumes_1_and_2', 'consume_1_and_2_with_dataset_expressions', 'consume_1_or_both_2_and_3_with_dataset_expressions' retrieved from /home/airflow/.local/lib/python3.12/site-packages/airflow/example_dags/example_datasets.py
[2026-03-06T22:37:58.154+0000] {logging_mixin.py:188} INFO - [2026-03-06T22:37:58.154+0000] {dag.py:3096} INFO - Sync 10 DAGs
[2026-03-06T22:37:58.185+0000] {logging_mixin.py:188} INFO - [2026-03-06T22:37:58.185+0000] {dag.py:3954} INFO - Setting next_dagrun for conditional_dataset_and_time_based_timetable to 2026-03-04 01:00:00+00:00, run_after=2026-03-04 01:00:00+00:00
[2026-03-06T22:37:58.191+0000] {logging_mixin.py:188} INFO - [2026-03-06T22:37:58.190+0000] {dag.py:3954} INFO - Setting next_dagrun for consume_1_and_2_with_dataset_expressions to None, run_after=None
[2026-03-06T22:37:58.193+0000] {logging_mixin.py:188} INFO - [2026-03-06T22:37:58.193+0000] {dag.py:3954} INFO - Setting next_dagrun for consume_1_or_2_with_dataset_expressions to None, run_after=None
[2026-03-06T22:37:58.195+0000] {logging_mixin.py:188} INFO - [2026-03-06T22:37:58.195+0000] {dag.py:3954} INFO - Setting next_dagrun for consume_1_or_both_2_and_3_with_dataset_expressions to None, run_after=None
[2026-03-06T22:37:58.198+0000] {logging_mixin.py:188} INFO - [2026-03-06T22:37:58.197+0000] {dag.py:3954} INFO - Setting next_dagrun for dataset_consumes_1 to None, run_after=None
[2026-03-06T22:37:58.200+0000] {logging_mixin.py:188} INFO - [2026-03-06T22:37:58.200+0000] {dag.py:3954} INFO - Setting next_dagrun for dataset_consumes_1_and_2 to None, run_after=None
[2026-03-06T22:37:58.202+0000] {logging_mixin.py:188} INFO - [2026-03-06T22:37:58.202+0000] {dag.py:3954} INFO - Setting next_dagrun for dataset_consumes_1_never_scheduled to None, run_after=None
[2026-03-06T22:37:58.205+0000] {logging_mixin.py:188} INFO - [2026-03-06T22:37:58.205+0000] {dag.py:3954} INFO - Setting next_dagrun for dataset_consumes_unknown_never_scheduled to None, run_after=None
[2026-03-06T22:37:58.210+0000] {logging_mixin.py:188} INFO - [2026-03-06T22:37:58.209+0000] {dag.py:3954} INFO - Setting next_dagrun for dataset_produces_1 to 2026-03-05 00:00:00+00:00, run_after=2026-03-06 00:00:00+00:00
[2026-03-06T22:37:58.212+0000] {logging_mixin.py:188} INFO - [2026-03-06T22:37:58.212+0000] {dag.py:3954} INFO - Setting next_dagrun for dataset_produces_2 to None, run_after=None
[2026-03-06T22:37:58.257+0000] {processor.py:183} INFO - Processing /home/airflow/.local/lib/python3.12/site-packages/airflow/example_dags/example_datasets.py took 0.187 seconds
[2026-03-06T22:38:28.552+0000] {processor.py:161} INFO - Started process (PID=892) to work on /home/airflow/.local/lib/python3.12/site-packages/airflow/example_dags/example_datasets.py
[2026-03-06T22:38:28.553+0000] {processor.py:830} INFO - Processing file /home/airflow/.local/lib/python3.12/site-packages/airflow/example_dags/example_datasets.py for tasks to queue
[2026-03-06T22:38:28.556+0000] {logging_mixin.py:188} INFO - [2026-03-06T22:38:28.555+0000] {dagbag.py:545} INFO - Filling up the DagBag from /home/airflow/.local/lib/python3.12/site-packages/airflow/example_dags/example_datasets.py
[2026-03-06T22:38:28.579+0000] {processor.py:840} INFO - DAG(s) 'dataset_produces_2', 'dataset_consumes_1', 'consume_1_and_2_with_dataset_expressions', 'dataset_consumes_1_never_scheduled', 'dataset_consumes_unknown_never_scheduled', 'conditional_dataset_and_time_based_timetable', 'dataset_produces_1', 'dataset_consumes_1_and_2', 'consume_1_or_both_2_and_3_with_dataset_expressions', 'consume_1_or_2_with_dataset_expressions' retrieved from /home/airflow/.local/lib/python3.12/site-packages/airflow/example_dags/example_datasets.py
[2026-03-06T22:38:28.641+0000] {logging_mixin.py:188} INFO - [2026-03-06T22:38:28.641+0000] {dag.py:3096} INFO - Sync 10 DAGs
[2026-03-06T22:38:28.673+0000] {logging_mixin.py:188} INFO - [2026-03-06T22:38:28.672+0000] {dag.py:3954} INFO - Setting next_dagrun for conditional_dataset_and_time_based_timetable to 2026-03-04 01:00:00+00:00, run_after=2026-03-04 01:00:00+00:00
[2026-03-06T22:38:28.680+0000] {logging_mixin.py:188} INFO - [2026-03-06T22:38:28.680+0000] {dag.py:3954} INFO - Setting next_dagrun for consume_1_and_2_with_dataset_expressions to None, run_after=None
[2026-03-06T22:38:28.682+0000] {logging_mixin.py:188} INFO - [2026-03-06T22:38:28.682+0000] {dag.py:3954} INFO - Setting next_dagrun for consume_1_or_2_with_dataset_expressions to None, run_after=None
[2026-03-06T22:38:28.685+0000] {logging_mixin.py:188} INFO - [2026-03-06T22:38:28.684+0000] {dag.py:3954} INFO - Setting next_dagrun for consume_1_or_both_2_and_3_with_dataset_expressions to None, run_after=None
[2026-03-06T22:38:28.687+0000] {logging_mixin.py:188} INFO - [2026-03-06T22:38:28.687+0000] {dag.py:3954} INFO - Setting next_dagrun for dataset_consumes_1 to None, run_after=None
[2026-03-06T22:38:28.690+0000] {logging_mixin.py:188} INFO - [2026-03-06T22:38:28.689+0000] {dag.py:3954} INFO - Setting next_dagrun for dataset_consumes_1_and_2 to None, run_after=None
[2026-03-06T22:38:28.692+0000] {logging_mixin.py:188} INFO - [2026-03-06T22:38:28.692+0000] {dag.py:3954} INFO - Setting next_dagrun for dataset_consumes_1_never_scheduled to None, run_after=None
[2026-03-06T22:38:28.694+0000] {logging_mixin.py:188} INFO - [2026-03-06T22:38:28.693+0000] {dag.py:3954} INFO - Setting next_dagrun for dataset_consumes_unknown_never_scheduled to None, run_after=None
[2026-03-06T22:38:28.699+0000] {logging_mixin.py:188} INFO - [2026-03-06T22:38:28.698+0000] {dag.py:3954} INFO - Setting next_dagrun for dataset_produces_1 to 2026-03-05 00:00:00+00:00, run_after=2026-03-06 00:00:00+00:00
[2026-03-06T22:38:28.702+0000] {logging_mixin.py:188} INFO - [2026-03-06T22:38:28.701+0000] {dag.py:3954} INFO - Setting next_dagrun for dataset_produces_2 to None, run_after=None
[2026-03-06T22:38:28.748+0000] {processor.py:183} INFO - Processing /home/airflow/.local/lib/python3.12/site-packages/airflow/example_dags/example_datasets.py took 0.204 seconds
[2026-03-06T22:38:58.910+0000] {processor.py:161} INFO - Started process (PID=950) to work on /home/airflow/.local/lib/python3.12/site-packages/airflow/example_dags/example_datasets.py
[2026-03-06T22:38:58.911+0000] {processor.py:830} INFO - Processing file /home/airflow/.local/lib/python3.12/site-packages/airflow/example_dags/example_datasets.py for tasks to queue
[2026-03-06T22:38:58.915+0000] {logging_mixin.py:188} INFO - [2026-03-06T22:38:58.914+0000] {dagbag.py:545} INFO - Filling up the DagBag from /home/airflow/.local/lib/python3.12/site-packages/airflow/example_dags/example_datasets.py
[2026-03-06T22:38:58.933+0000] {processor.py:840} INFO - DAG(s) 'dataset_produces_2', 'conditional_dataset_and_time_based_timetable', 'dataset_produces_1', 'consume_1_or_both_2_and_3_with_dataset_expressions', 'dataset_consumes_1_never_scheduled', 'consume_1_or_2_with_dataset_expressions', 'dataset_consumes_unknown_never_scheduled', 'dataset_consumes_1', 'dataset_consumes_1_and_2', 'consume_1_and_2_with_dataset_expressions' retrieved from /home/airflow/.local/lib/python3.12/site-packages/airflow/example_dags/example_datasets.py
[2026-03-06T22:38:58.989+0000] {logging_mixin.py:188} INFO - [2026-03-06T22:38:58.989+0000] {dag.py:3096} INFO - Sync 10 DAGs
[2026-03-06T22:38:59.022+0000] {logging_mixin.py:188} INFO - [2026-03-06T22:38:59.021+0000] {dag.py:3954} INFO - Setting next_dagrun for conditional_dataset_and_time_based_timetable to 2026-03-04 01:00:00+00:00, run_after=2026-03-04 01:00:00+00:00
[2026-03-06T22:38:59.027+0000] {logging_mixin.py:188} INFO - [2026-03-06T22:38:59.026+0000] {dag.py:3954} INFO - Setting next_dagrun for consume_1_and_2_with_dataset_expressions to None, run_after=None
[2026-03-06T22:38:59.029+0000] {logging_mixin.py:188} INFO - [2026-03-06T22:38:59.029+0000] {dag.py:3954} INFO - Setting next_dagrun for consume_1_or_2_with_dataset_expressions to None, run_after=None
[2026-03-06T22:38:59.031+0000] {logging_mixin.py:188} INFO - [2026-03-06T22:38:59.031+0000] {dag.py:3954} INFO - Setting next_dagrun for consume_1_or_both_2_and_3_with_dataset_expressions to None, run_after=None
[2026-03-06T22:38:59.034+0000] {logging_mixin.py:188} INFO - [2026-03-06T22:38:59.033+0000] {dag.py:3954} INFO - Setting next_dagrun for dataset_consumes_1 to None, run_after=None
[2026-03-06T22:38:59.036+0000] {logging_mixin.py:188} INFO - [2026-03-06T22:38:59.035+0000] {dag.py:3954} INFO - Setting next_dagrun for dataset_consumes_1_and_2 to None, run_after=None
[2026-03-06T22:38:59.038+0000] {logging_mixin.py:188} INFO - [2026-03-06T22:38:59.037+0000] {dag.py:3954} INFO - Setting next_dagrun for dataset_consumes_1_never_scheduled to None, run_after=None
[2026-03-06T22:38:59.040+0000] {logging_mixin.py:188} INFO - [2026-03-06T22:38:59.040+0000] {dag.py:3954} INFO - Setting next_dagrun for dataset_consumes_unknown_never_scheduled to None, run_after=None
[2026-03-06T22:38:59.044+0000] {logging_mixin.py:188} INFO - [2026-03-06T22:38:59.043+0000] {dag.py:3954} INFO - Setting next_dagrun for dataset_produces_1 to 2026-03-05 00:00:00+00:00, run_after=2026-03-06 00:00:00+00:00
[2026-03-06T22:38:59.046+0000] {logging_mixin.py:188} INFO - [2026-03-06T22:38:59.045+0000] {dag.py:3954} INFO - Setting next_dagrun for dataset_produces_2 to None, run_after=None
[2026-03-06T22:38:59.086+0000] {processor.py:183} INFO - Processing /home/airflow/.local/lib/python3.12/site-packages/airflow/example_dags/example_datasets.py took 0.185 seconds
[2026-03-06T22:39:29.517+0000] {processor.py:161} INFO - Started process (PID=1008) to work on /home/airflow/.local/lib/python3.12/site-packages/airflow/example_dags/example_datasets.py
[2026-03-06T22:39:29.518+0000] {processor.py:830} INFO - Processing file /home/airflow/.local/lib/python3.12/site-packages/airflow/example_dags/example_datasets.py for tasks to queue
[2026-03-06T22:39:29.521+0000] {logging_mixin.py:188} INFO - [2026-03-06T22:39:29.521+0000] {dagbag.py:545} INFO - Filling up the DagBag from /home/airflow/.local/lib/python3.12/site-packages/airflow/example_dags/example_datasets.py
[2026-03-06T22:39:29.539+0000] {processor.py:840} INFO - DAG(s) 'conditional_dataset_and_time_based_timetable', 'dataset_produces_2', 'consume_1_or_both_2_and_3_with_dataset_expressions', 'dataset_produces_1', 'dataset_consumes_1', 'dataset_consumes_1_and_2', 'dataset_consumes_1_never_scheduled', 'dataset_consumes_unknown_never_scheduled', 'consume_1_or_2_with_dataset_expressions', 'consume_1_and_2_with_dataset_expressions' retrieved from /home/airflow/.local/lib/python3.12/site-packages/airflow/example_dags/example_datasets.py
[2026-03-06T22:39:29.599+0000] {logging_mixin.py:188} INFO - [2026-03-06T22:39:29.599+0000] {dag.py:3096} INFO - Sync 10 DAGs
[2026-03-06T22:39:29.630+0000] {logging_mixin.py:188} INFO - [2026-03-06T22:39:29.630+0000] {dag.py:3954} INFO - Setting next_dagrun for conditional_dataset_and_time_based_timetable to 2026-03-04 01:00:00+00:00, run_after=2026-03-04 01:00:00+00:00
[2026-03-06T22:39:29.635+0000] {logging_mixin.py:188} INFO - [2026-03-06T22:39:29.635+0000] {dag.py:3954} INFO - Setting next_dagrun for consume_1_and_2_with_dataset_expressions to None, run_after=None
[2026-03-06T22:39:29.638+0000] {logging_mixin.py:188} INFO - [2026-03-06T22:39:29.637+0000] {dag.py:3954} INFO - Setting next_dagrun for consume_1_or_2_with_dataset_expressions to None, run_after=None
[2026-03-06T22:39:29.640+0000] {logging_mixin.py:188} INFO - [2026-03-06T22:39:29.639+0000] {dag.py:3954} INFO - Setting next_dagrun for consume_1_or_both_2_and_3_with_dataset_expressions to None, run_after=None
[2026-03-06T22:39:29.642+0000] {logging_mixin.py:188} INFO - [2026-03-06T22:39:29.641+0000] {dag.py:3954} INFO - Setting next_dagrun for dataset_consumes_1 to None, run_after=None
[2026-03-06T22:39:29.644+0000] {logging_mixin.py:188} INFO - [2026-03-06T22:39:29.643+0000] {dag.py:3954} INFO - Setting next_dagrun for dataset_consumes_1_and_2 to None, run_after=None
[2026-03-06T22:39:29.646+0000] {logging_mixin.py:188} INFO - [2026-03-06T22:39:29.645+0000] {dag.py:3954} INFO - Setting next_dagrun for dataset_consumes_1_never_scheduled to None, run_after=None
[2026-03-06T22:39:29.648+0000] {logging_mixin.py:188} INFO - [2026-03-06T22:39:29.647+0000] {dag.py:3954} INFO - Setting next_dagrun for dataset_consumes_unknown_never_scheduled to None, run_after=None
[2026-03-06T22:39:29.651+0000] {logging_mixin.py:188} INFO - [2026-03-06T22:39:29.651+0000] {dag.py:3954} INFO - Setting next_dagrun for dataset_produces_1 to 2026-03-05 00:00:00+00:00, run_after=2026-03-06 00:00:00+00:00
[2026-03-06T22:39:29.654+0000] {logging_mixin.py:188} INFO - [2026-03-06T22:39:29.654+0000] {dag.py:3954} INFO - Setting next_dagrun for dataset_produces_2 to None, run_after=None
[2026-03-06T22:39:29.703+0000] {processor.py:183} INFO - Processing /home/airflow/.local/lib/python3.12/site-packages/airflow/example_dags/example_datasets.py took 0.193 seconds
[2026-03-06T22:40:00.422+0000] {processor.py:161} INFO - Started process (PID=1066) to work on /home/airflow/.local/lib/python3.12/site-packages/airflow/example_dags/example_datasets.py
[2026-03-06T22:40:00.423+0000] {processor.py:830} INFO - Processing file /home/airflow/.local/lib/python3.12/site-packages/airflow/example_dags/example_datasets.py for tasks to queue
[2026-03-06T22:40:00.426+0000] {logging_mixin.py:188} INFO - [2026-03-06T22:40:00.426+0000] {dagbag.py:545} INFO - Filling up the DagBag from /home/airflow/.local/lib/python3.12/site-packages/airflow/example_dags/example_datasets.py
[2026-03-06T22:40:00.451+0000] {processor.py:840} INFO - DAG(s) 'dataset_consumes_1_and_2', 'conditional_dataset_and_time_based_timetable', 'dataset_produces_2', 'consume_1_or_both_2_and_3_with_dataset_expressions', 'dataset_consumes_unknown_never_scheduled', 'dataset_consumes_1_never_scheduled', 'dataset_produces_1', 'consume_1_and_2_with_dataset_expressions', 'consume_1_or_2_with_dataset_expressions', 'dataset_consumes_1' retrieved from /home/airflow/.local/lib/python3.12/site-packages/airflow/example_dags/example_datasets.py
[2026-03-06T22:40:00.532+0000] {logging_mixin.py:188} INFO - [2026-03-06T22:40:00.532+0000] {dag.py:3096} INFO - Sync 10 DAGs
[2026-03-06T22:40:00.571+0000] {logging_mixin.py:188} INFO - [2026-03-06T22:40:00.571+0000] {dag.py:3954} INFO - Setting next_dagrun for conditional_dataset_and_time_based_timetable to 2026-03-04 01:00:00+00:00, run_after=2026-03-04 01:00:00+00:00
[2026-03-06T22:40:00.578+0000] {logging_mixin.py:188} INFO - [2026-03-06T22:40:00.578+0000] {dag.py:3954} INFO - Setting next_dagrun for consume_1_and_2_with_dataset_expressions to None, run_after=None
[2026-03-06T22:40:00.581+0000] {logging_mixin.py:188} INFO - [2026-03-06T22:40:00.580+0000] {dag.py:3954} INFO - Setting next_dagrun for consume_1_or_2_with_dataset_expressions to None, run_after=None
[2026-03-06T22:40:00.583+0000] {logging_mixin.py:188} INFO - [2026-03-06T22:40:00.583+0000] {dag.py:3954} INFO - Setting next_dagrun for consume_1_or_both_2_and_3_with_dataset_expressions to None, run_after=None
[2026-03-06T22:40:00.586+0000] {logging_mixin.py:188} INFO - [2026-03-06T22:40:00.585+0000] {dag.py:3954} INFO - Setting next_dagrun for dataset_consumes_1 to None, run_after=None
[2026-03-06T22:40:00.588+0000] {logging_mixin.py:188} INFO - [2026-03-06T22:40:00.588+0000] {dag.py:3954} INFO - Setting next_dagrun for dataset_consumes_1_and_2 to None, run_after=None
[2026-03-06T22:40:00.591+0000] {logging_mixin.py:188} INFO - [2026-03-06T22:40:00.591+0000] {dag.py:3954} INFO - Setting next_dagrun for dataset_consumes_1_never_scheduled to None, run_after=None
[2026-03-06T22:40:00.594+0000] {logging_mixin.py:188} INFO - [2026-03-06T22:40:00.593+0000] {dag.py:3954} INFO - Setting next_dagrun for dataset_consumes_unknown_never_scheduled to None, run_after=None
[2026-03-06T22:40:00.598+0000] {logging_mixin.py:188} INFO - [2026-03-06T22:40:00.598+0000] {dag.py:3954} INFO - Setting next_dagrun for dataset_produces_1 to 2026-03-05 00:00:00+00:00, run_after=2026-03-06 00:00:00+00:00
[2026-03-06T22:40:00.602+0000] {logging_mixin.py:188} INFO - [2026-03-06T22:40:00.602+0000] {dag.py:3954} INFO - Setting next_dagrun for dataset_produces_2 to None, run_after=None
[2026-03-06T22:40:00.653+0000] {processor.py:183} INFO - Processing /home/airflow/.local/lib/python3.12/site-packages/airflow/example_dags/example_datasets.py took 0.238 seconds
[2026-03-06T22:40:30.773+0000] {processor.py:161} INFO - Started process (PID=1124) to work on /home/airflow/.local/lib/python3.12/site-packages/airflow/example_dags/example_datasets.py
[2026-03-06T22:40:30.774+0000] {processor.py:830} INFO - Processing file /home/airflow/.local/lib/python3.12/site-packages/airflow/example_dags/example_datasets.py for tasks to queue
[2026-03-06T22:40:30.778+0000] {logging_mixin.py:188} INFO - [2026-03-06T22:40:30.778+0000] {dagbag.py:545} INFO - Filling up the DagBag from /home/airflow/.local/lib/python3.12/site-packages/airflow/example_dags/example_datasets.py
[2026-03-06T22:40:30.799+0000] {processor.py:840} INFO - DAG(s) 'dataset_consumes_1_never_scheduled', 'consume_1_or_2_with_dataset_expressions', 'consume_1_or_both_2_and_3_with_dataset_expressions', 'dataset_consumes_1', 'conditional_dataset_and_time_based_timetable', 'dataset_consumes_unknown_never_scheduled', 'dataset_produces_2', 'dataset_produces_1', 'dataset_consumes_1_and_2', 'consume_1_and_2_with_dataset_expressions' retrieved from /home/airflow/.local/lib/python3.12/site-packages/airflow/example_dags/example_datasets.py
[2026-03-06T22:40:30.857+0000] {logging_mixin.py:188} INFO - [2026-03-06T22:40:30.856+0000] {dag.py:3096} INFO - Sync 10 DAGs
[2026-03-06T22:40:30.887+0000] {logging_mixin.py:188} INFO - [2026-03-06T22:40:30.886+0000] {dag.py:3954} INFO - Setting next_dagrun for conditional_dataset_and_time_based_timetable to 2026-03-04 01:00:00+00:00, run_after=2026-03-04 01:00:00+00:00
[2026-03-06T22:40:30.897+0000] {logging_mixin.py:188} INFO - [2026-03-06T22:40:30.896+0000] {dag.py:3954} INFO - Setting next_dagrun for consume_1_and_2_with_dataset_expressions to None, run_after=None
[2026-03-06T22:40:30.900+0000] {logging_mixin.py:188} INFO - [2026-03-06T22:40:30.900+0000] {dag.py:3954} INFO - Setting next_dagrun for consume_1_or_2_with_dataset_expressions to None, run_after=None
[2026-03-06T22:40:30.907+0000] {logging_mixin.py:188} INFO - [2026-03-06T22:40:30.907+0000] {dag.py:3954} INFO - Setting next_dagrun for consume_1_or_both_2_and_3_with_dataset_expressions to None, run_after=None
[2026-03-06T22:40:30.910+0000] {logging_mixin.py:188} INFO - [2026-03-06T22:40:30.910+0000] {dag.py:3954} INFO - Setting next_dagrun for dataset_consumes_1 to None, run_after=None
[2026-03-06T22:40:30.913+0000] {logging_mixin.py:188} INFO - [2026-03-06T22:40:30.913+0000] {dag.py:3954} INFO - Setting next_dagrun for dataset_consumes_1_and_2 to None, run_after=None
[2026-03-06T22:40:30.917+0000] {logging_mixin.py:188} INFO - [2026-03-06T22:40:30.916+0000] {dag.py:3954} INFO - Setting next_dagrun for dataset_consumes_1_never_scheduled to None, run_after=None
[2026-03-06T22:40:30.920+0000] {logging_mixin.py:188} INFO - [2026-03-06T22:40:30.920+0000] {dag.py:3954} INFO - Setting next_dagrun for dataset_consumes_unknown_never_scheduled to None, run_after=None
[2026-03-06T22:40:30.926+0000] {logging_mixin.py:188} INFO - [2026-03-06T22:40:30.926+0000] {dag.py:3954} INFO - Setting next_dagrun for dataset_produces_1 to 2026-03-05 00:00:00+00:00, run_after=2026-03-06 00:00:00+00:00
[2026-03-06T22:40:30.931+0000] {logging_mixin.py:188} INFO - [2026-03-06T22:40:30.930+0000] {dag.py:3954} INFO - Setting next_dagrun for dataset_produces_2 to None, run_after=None
[2026-03-06T22:40:30.987+0000] {processor.py:183} INFO - Processing /home/airflow/.local/lib/python3.12/site-packages/airflow/example_dags/example_datasets.py took 0.222 seconds
[2026-03-06T22:41:01.161+0000] {processor.py:161} INFO - Started process (PID=1182) to work on /home/airflow/.local/lib/python3.12/site-packages/airflow/example_dags/example_datasets.py
[2026-03-06T22:41:01.163+0000] {processor.py:830} INFO - Processing file /home/airflow/.local/lib/python3.12/site-packages/airflow/example_dags/example_datasets.py for tasks to queue
[2026-03-06T22:41:01.166+0000] {logging_mixin.py:188} INFO - [2026-03-06T22:41:01.165+0000] {dagbag.py:545} INFO - Filling up the DagBag from /home/airflow/.local/lib/python3.12/site-packages/airflow/example_dags/example_datasets.py
[2026-03-06T22:41:01.189+0000] {processor.py:840} INFO - DAG(s) 'dataset_consumes_unknown_never_scheduled', 'dataset_consumes_1', 'dataset_consumes_1_and_2', 'consume_1_or_2_with_dataset_expressions', 'conditional_dataset_and_time_based_timetable', 'dataset_produces_1', 'consume_1_or_both_2_and_3_with_dataset_expressions', 'dataset_produces_2', 'dataset_consumes_1_never_scheduled', 'consume_1_and_2_with_dataset_expressions' retrieved from /home/airflow/.local/lib/python3.12/site-packages/airflow/example_dags/example_datasets.py
[2026-03-06T22:41:01.252+0000] {logging_mixin.py:188} INFO - [2026-03-06T22:41:01.252+0000] {dag.py:3096} INFO - Sync 10 DAGs
[2026-03-06T22:41:01.292+0000] {logging_mixin.py:188} INFO - [2026-03-06T22:41:01.292+0000] {dag.py:3954} INFO - Setting next_dagrun for conditional_dataset_and_time_based_timetable to 2026-03-04 01:00:00+00:00, run_after=2026-03-04 01:00:00+00:00
[2026-03-06T22:41:01.298+0000] {logging_mixin.py:188} INFO - [2026-03-06T22:41:01.298+0000] {dag.py:3954} INFO - Setting next_dagrun for consume_1_and_2_with_dataset_expressions to None, run_after=None
[2026-03-06T22:41:01.300+0000] {logging_mixin.py:188} INFO - [2026-03-06T22:41:01.300+0000] {dag.py:3954} INFO - Setting next_dagrun for consume_1_or_2_with_dataset_expressions to None, run_after=None
[2026-03-06T22:41:01.303+0000] {logging_mixin.py:188} INFO - [2026-03-06T22:41:01.303+0000] {dag.py:3954} INFO - Setting next_dagrun for consume_1_or_both_2_and_3_with_dataset_expressions to None, run_after=None
[2026-03-06T22:41:01.306+0000] {logging_mixin.py:188} INFO - [2026-03-06T22:41:01.306+0000] {dag.py:3954} INFO - Setting next_dagrun for dataset_consumes_1 to None, run_after=None
[2026-03-06T22:41:01.309+0000] {logging_mixin.py:188} INFO - [2026-03-06T22:41:01.309+0000] {dag.py:3954} INFO - Setting next_dagrun for dataset_consumes_1_and_2 to None, run_after=None
[2026-03-06T22:41:01.312+0000] {logging_mixin.py:188} INFO - [2026-03-06T22:41:01.312+0000] {dag.py:3954} INFO - Setting next_dagrun for dataset_consumes_1_never_scheduled to None, run_after=None
[2026-03-06T22:41:01.315+0000] {logging_mixin.py:188} INFO - [2026-03-06T22:41:01.315+0000] {dag.py:3954} INFO - Setting next_dagrun for dataset_consumes_unknown_never_scheduled to None, run_after=None
[2026-03-06T22:41:01.320+0000] {logging_mixin.py:188} INFO - [2026-03-06T22:41:01.319+0000] {dag.py:3954} INFO - Setting next_dagrun for dataset_produces_1 to 2026-03-05 00:00:00+00:00, run_after=2026-03-06 00:00:00+00:00
[2026-03-06T22:41:01.322+0000] {logging_mixin.py:188} INFO - [2026-03-06T22:41:01.322+0000] {dag.py:3954} INFO - Setting next_dagrun for dataset_produces_2 to None, run_after=None
[2026-03-06T22:41:01.366+0000] {processor.py:183} INFO - Processing /home/airflow/.local/lib/python3.12/site-packages/airflow/example_dags/example_datasets.py took 0.215 seconds
