[2026-03-06T22:30:41.963+0000] {processor.py:161} INFO - Started process (PID=67) to work on /home/airflow/.local/lib/python3.12/site-packages/airflow/example_dags/example_xcom.py
[2026-03-06T22:30:41.964+0000] {processor.py:830} INFO - Processing file /home/airflow/.local/lib/python3.12/site-packages/airflow/example_dags/example_xcom.py for tasks to queue
[2026-03-06T22:30:41.967+0000] {logging_mixin.py:188} INFO - [2026-03-06T22:30:41.967+0000] {dagbag.py:545} INFO - Filling up the DagBag from /home/airflow/.local/lib/python3.12/site-packages/airflow/example_dags/example_xcom.py
[2026-03-06T22:30:42.046+0000] {processor.py:840} INFO - DAG(s) 'example_xcom' retrieved from /home/airflow/.local/lib/python3.12/site-packages/airflow/example_dags/example_xcom.py
[2026-03-06T22:30:44.021+0000] {logging_mixin.py:188} INFO - [2026-03-06T22:30:44.020+0000] {override.py:1829} INFO - Created Permission View: can delete on DAG:example_xcom
[2026-03-06T22:30:44.049+0000] {logging_mixin.py:188} INFO - [2026-03-06T22:30:44.049+0000] {override.py:1829} INFO - Created Permission View: can read on DAG:example_xcom
[2026-03-06T22:30:44.063+0000] {logging_mixin.py:188} INFO - [2026-03-06T22:30:44.063+0000] {override.py:1829} INFO - Created Permission View: can edit on DAG:example_xcom
[2026-03-06T22:30:44.064+0000] {logging_mixin.py:188} INFO - [2026-03-06T22:30:44.064+0000] {dag.py:3096} INFO - Sync 1 DAGs
[2026-03-06T22:30:44.082+0000] {logging_mixin.py:188} INFO - [2026-03-06T22:30:44.081+0000] {dag.py:3118} INFO - Creating ORM DAG for example_xcom
[2026-03-06T22:30:44.100+0000] {logging_mixin.py:188} INFO - [2026-03-06T22:30:44.099+0000] {dag.py:3954} INFO - Setting next_dagrun for example_xcom to 2021-01-01 00:00:00+00:00, run_after=2021-01-01 00:00:00+00:00
[2026-03-06T22:30:44.139+0000] {processor.py:183} INFO - Processing /home/airflow/.local/lib/python3.12/site-packages/airflow/example_dags/example_xcom.py took 2.186 seconds
[2026-03-06T22:31:19.147+0000] {processor.py:161} INFO - Started process (PID=47) to work on /home/airflow/.local/lib/python3.12/site-packages/airflow/example_dags/example_xcom.py
[2026-03-06T22:31:19.148+0000] {processor.py:830} INFO - Processing file /home/airflow/.local/lib/python3.12/site-packages/airflow/example_dags/example_xcom.py for tasks to queue
[2026-03-06T22:31:19.151+0000] {logging_mixin.py:188} INFO - [2026-03-06T22:31:19.151+0000] {dagbag.py:545} INFO - Filling up the DagBag from /home/airflow/.local/lib/python3.12/site-packages/airflow/example_dags/example_xcom.py
[2026-03-06T22:31:19.166+0000] {processor.py:840} INFO - DAG(s) 'example_xcom' retrieved from /home/airflow/.local/lib/python3.12/site-packages/airflow/example_dags/example_xcom.py
[2026-03-06T22:31:19.229+0000] {logging_mixin.py:188} INFO - [2026-03-06T22:31:19.228+0000] {dag.py:3096} INFO - Sync 1 DAGs
[2026-03-06T22:31:19.260+0000] {logging_mixin.py:188} INFO - [2026-03-06T22:31:19.260+0000] {dag.py:3954} INFO - Setting next_dagrun for example_xcom to 2021-01-01 00:00:00+00:00, run_after=2021-01-01 00:00:00+00:00
[2026-03-06T22:31:19.296+0000] {processor.py:183} INFO - Processing /home/airflow/.local/lib/python3.12/site-packages/airflow/example_dags/example_xcom.py took 0.158 seconds
[2026-03-06T22:31:49.407+0000] {processor.py:161} INFO - Started process (PID=105) to work on /home/airflow/.local/lib/python3.12/site-packages/airflow/example_dags/example_xcom.py
[2026-03-06T22:31:49.409+0000] {processor.py:830} INFO - Processing file /home/airflow/.local/lib/python3.12/site-packages/airflow/example_dags/example_xcom.py for tasks to queue
[2026-03-06T22:31:49.412+0000] {logging_mixin.py:188} INFO - [2026-03-06T22:31:49.412+0000] {dagbag.py:545} INFO - Filling up the DagBag from /home/airflow/.local/lib/python3.12/site-packages/airflow/example_dags/example_xcom.py
[2026-03-06T22:31:49.422+0000] {processor.py:840} INFO - DAG(s) 'example_xcom' retrieved from /home/airflow/.local/lib/python3.12/site-packages/airflow/example_dags/example_xcom.py
[2026-03-06T22:31:49.446+0000] {logging_mixin.py:188} INFO - [2026-03-06T22:31:49.446+0000] {dag.py:3096} INFO - Sync 1 DAGs
[2026-03-06T22:31:49.475+0000] {logging_mixin.py:188} INFO - [2026-03-06T22:31:49.474+0000] {dag.py:3954} INFO - Setting next_dagrun for example_xcom to 2021-01-01 00:00:00+00:00, run_after=2021-01-01 00:00:00+00:00
[2026-03-06T22:31:49.500+0000] {processor.py:183} INFO - Processing /home/airflow/.local/lib/python3.12/site-packages/airflow/example_dags/example_xcom.py took 0.105 seconds
[2026-03-06T22:32:20.043+0000] {processor.py:161} INFO - Started process (PID=163) to work on /home/airflow/.local/lib/python3.12/site-packages/airflow/example_dags/example_xcom.py
[2026-03-06T22:32:20.044+0000] {processor.py:830} INFO - Processing file /home/airflow/.local/lib/python3.12/site-packages/airflow/example_dags/example_xcom.py for tasks to queue
[2026-03-06T22:32:20.047+0000] {logging_mixin.py:188} INFO - [2026-03-06T22:32:20.047+0000] {dagbag.py:545} INFO - Filling up the DagBag from /home/airflow/.local/lib/python3.12/site-packages/airflow/example_dags/example_xcom.py
[2026-03-06T22:32:20.058+0000] {processor.py:840} INFO - DAG(s) 'example_xcom' retrieved from /home/airflow/.local/lib/python3.12/site-packages/airflow/example_dags/example_xcom.py
[2026-03-06T22:32:20.086+0000] {logging_mixin.py:188} INFO - [2026-03-06T22:32:20.086+0000] {dag.py:3096} INFO - Sync 1 DAGs
[2026-03-06T22:32:20.118+0000] {logging_mixin.py:188} INFO - [2026-03-06T22:32:20.117+0000] {dag.py:3954} INFO - Setting next_dagrun for example_xcom to 2021-01-01 00:00:00+00:00, run_after=2021-01-01 00:00:00+00:00
[2026-03-06T22:32:20.148+0000] {processor.py:183} INFO - Processing /home/airflow/.local/lib/python3.12/site-packages/airflow/example_dags/example_xcom.py took 0.111 seconds
[2026-03-06T22:32:50.465+0000] {processor.py:161} INFO - Started process (PID=221) to work on /home/airflow/.local/lib/python3.12/site-packages/airflow/example_dags/example_xcom.py
[2026-03-06T22:32:50.466+0000] {processor.py:830} INFO - Processing file /home/airflow/.local/lib/python3.12/site-packages/airflow/example_dags/example_xcom.py for tasks to queue
[2026-03-06T22:32:50.469+0000] {logging_mixin.py:188} INFO - [2026-03-06T22:32:50.469+0000] {dagbag.py:545} INFO - Filling up the DagBag from /home/airflow/.local/lib/python3.12/site-packages/airflow/example_dags/example_xcom.py
[2026-03-06T22:32:50.480+0000] {processor.py:840} INFO - DAG(s) 'example_xcom' retrieved from /home/airflow/.local/lib/python3.12/site-packages/airflow/example_dags/example_xcom.py
[2026-03-06T22:32:50.494+0000] {logging_mixin.py:188} INFO - [2026-03-06T22:32:50.494+0000] {dag.py:3096} INFO - Sync 1 DAGs
[2026-03-06T22:32:50.525+0000] {logging_mixin.py:188} INFO - [2026-03-06T22:32:50.525+0000] {dag.py:3954} INFO - Setting next_dagrun for example_xcom to 2021-01-01 00:00:00+00:00, run_after=2021-01-01 00:00:00+00:00
[2026-03-06T22:32:50.570+0000] {processor.py:183} INFO - Processing /home/airflow/.local/lib/python3.12/site-packages/airflow/example_dags/example_xcom.py took 0.112 seconds
[2026-03-06T22:33:21.036+0000] {processor.py:161} INFO - Started process (PID=279) to work on /home/airflow/.local/lib/python3.12/site-packages/airflow/example_dags/example_xcom.py
[2026-03-06T22:33:21.037+0000] {processor.py:830} INFO - Processing file /home/airflow/.local/lib/python3.12/site-packages/airflow/example_dags/example_xcom.py for tasks to queue
[2026-03-06T22:33:21.040+0000] {logging_mixin.py:188} INFO - [2026-03-06T22:33:21.040+0000] {dagbag.py:545} INFO - Filling up the DagBag from /home/airflow/.local/lib/python3.12/site-packages/airflow/example_dags/example_xcom.py
[2026-03-06T22:33:21.050+0000] {processor.py:840} INFO - DAG(s) 'example_xcom' retrieved from /home/airflow/.local/lib/python3.12/site-packages/airflow/example_dags/example_xcom.py
[2026-03-06T22:33:21.187+0000] {logging_mixin.py:188} INFO - [2026-03-06T22:33:21.187+0000] {dag.py:3096} INFO - Sync 1 DAGs
[2026-03-06T22:33:21.214+0000] {logging_mixin.py:188} INFO - [2026-03-06T22:33:21.214+0000] {dag.py:3954} INFO - Setting next_dagrun for example_xcom to 2021-01-01 00:00:00+00:00, run_after=2021-01-01 00:00:00+00:00
[2026-03-06T22:33:21.253+0000] {processor.py:183} INFO - Processing /home/airflow/.local/lib/python3.12/site-packages/airflow/example_dags/example_xcom.py took 0.223 seconds
[2026-03-06T22:33:51.651+0000] {processor.py:161} INFO - Started process (PID=337) to work on /home/airflow/.local/lib/python3.12/site-packages/airflow/example_dags/example_xcom.py
[2026-03-06T22:33:51.652+0000] {processor.py:830} INFO - Processing file /home/airflow/.local/lib/python3.12/site-packages/airflow/example_dags/example_xcom.py for tasks to queue
[2026-03-06T22:33:51.656+0000] {logging_mixin.py:188} INFO - [2026-03-06T22:33:51.655+0000] {dagbag.py:545} INFO - Filling up the DagBag from /home/airflow/.local/lib/python3.12/site-packages/airflow/example_dags/example_xcom.py
[2026-03-06T22:33:51.668+0000] {processor.py:840} INFO - DAG(s) 'example_xcom' retrieved from /home/airflow/.local/lib/python3.12/site-packages/airflow/example_dags/example_xcom.py
[2026-03-06T22:33:51.698+0000] {logging_mixin.py:188} INFO - [2026-03-06T22:33:51.697+0000] {dag.py:3096} INFO - Sync 1 DAGs
[2026-03-06T22:33:51.731+0000] {logging_mixin.py:188} INFO - [2026-03-06T22:33:51.730+0000] {dag.py:3954} INFO - Setting next_dagrun for example_xcom to 2021-01-01 00:00:00+00:00, run_after=2021-01-01 00:00:00+00:00
[2026-03-06T22:33:51.769+0000] {processor.py:183} INFO - Processing /home/airflow/.local/lib/python3.12/site-packages/airflow/example_dags/example_xcom.py took 0.128 seconds
[2026-03-06T22:34:21.898+0000] {processor.py:161} INFO - Started process (PID=395) to work on /home/airflow/.local/lib/python3.12/site-packages/airflow/example_dags/example_xcom.py
[2026-03-06T22:34:21.899+0000] {processor.py:830} INFO - Processing file /home/airflow/.local/lib/python3.12/site-packages/airflow/example_dags/example_xcom.py for tasks to queue
[2026-03-06T22:34:21.902+0000] {logging_mixin.py:188} INFO - [2026-03-06T22:34:21.902+0000] {dagbag.py:545} INFO - Filling up the DagBag from /home/airflow/.local/lib/python3.12/site-packages/airflow/example_dags/example_xcom.py
[2026-03-06T22:34:21.914+0000] {processor.py:840} INFO - DAG(s) 'example_xcom' retrieved from /home/airflow/.local/lib/python3.12/site-packages/airflow/example_dags/example_xcom.py
[2026-03-06T22:34:21.946+0000] {logging_mixin.py:188} INFO - [2026-03-06T22:34:21.945+0000] {dag.py:3096} INFO - Sync 1 DAGs
[2026-03-06T22:34:21.977+0000] {logging_mixin.py:188} INFO - [2026-03-06T22:34:21.977+0000] {dag.py:3954} INFO - Setting next_dagrun for example_xcom to 2021-01-01 00:00:00+00:00, run_after=2021-01-01 00:00:00+00:00
[2026-03-06T22:34:22.013+0000] {processor.py:183} INFO - Processing /home/airflow/.local/lib/python3.12/site-packages/airflow/example_dags/example_xcom.py took 0.128 seconds
[2026-03-06T22:34:52.394+0000] {processor.py:161} INFO - Started process (PID=453) to work on /home/airflow/.local/lib/python3.12/site-packages/airflow/example_dags/example_xcom.py
[2026-03-06T22:34:52.396+0000] {processor.py:830} INFO - Processing file /home/airflow/.local/lib/python3.12/site-packages/airflow/example_dags/example_xcom.py for tasks to queue
[2026-03-06T22:34:52.400+0000] {logging_mixin.py:188} INFO - [2026-03-06T22:34:52.399+0000] {dagbag.py:545} INFO - Filling up the DagBag from /home/airflow/.local/lib/python3.12/site-packages/airflow/example_dags/example_xcom.py
[2026-03-06T22:34:52.422+0000] {processor.py:840} INFO - DAG(s) 'example_xcom' retrieved from /home/airflow/.local/lib/python3.12/site-packages/airflow/example_dags/example_xcom.py
[2026-03-06T22:34:52.465+0000] {logging_mixin.py:188} INFO - [2026-03-06T22:34:52.465+0000] {dag.py:3096} INFO - Sync 1 DAGs
[2026-03-06T22:34:52.512+0000] {logging_mixin.py:188} INFO - [2026-03-06T22:34:52.511+0000] {dag.py:3954} INFO - Setting next_dagrun for example_xcom to 2021-01-01 00:00:00+00:00, run_after=2021-01-01 00:00:00+00:00
[2026-03-06T22:34:52.548+0000] {processor.py:183} INFO - Processing /home/airflow/.local/lib/python3.12/site-packages/airflow/example_dags/example_xcom.py took 0.164 seconds
[2026-03-06T22:35:22.939+0000] {processor.py:161} INFO - Started process (PID=511) to work on /home/airflow/.local/lib/python3.12/site-packages/airflow/example_dags/example_xcom.py
[2026-03-06T22:35:22.940+0000] {processor.py:830} INFO - Processing file /home/airflow/.local/lib/python3.12/site-packages/airflow/example_dags/example_xcom.py for tasks to queue
[2026-03-06T22:35:22.944+0000] {logging_mixin.py:188} INFO - [2026-03-06T22:35:22.943+0000] {dagbag.py:545} INFO - Filling up the DagBag from /home/airflow/.local/lib/python3.12/site-packages/airflow/example_dags/example_xcom.py
[2026-03-06T22:35:22.954+0000] {processor.py:840} INFO - DAG(s) 'example_xcom' retrieved from /home/airflow/.local/lib/python3.12/site-packages/airflow/example_dags/example_xcom.py
[2026-03-06T22:35:22.985+0000] {logging_mixin.py:188} INFO - [2026-03-06T22:35:22.984+0000] {dag.py:3096} INFO - Sync 1 DAGs
[2026-03-06T22:35:23.013+0000] {logging_mixin.py:188} INFO - [2026-03-06T22:35:23.013+0000] {dag.py:3954} INFO - Setting next_dagrun for example_xcom to 2021-01-01 00:00:00+00:00, run_after=2021-01-01 00:00:00+00:00
[2026-03-06T22:35:23.047+0000] {processor.py:183} INFO - Processing /home/airflow/.local/lib/python3.12/site-packages/airflow/example_dags/example_xcom.py took 0.115 seconds
[2026-03-06T22:35:53.140+0000] {processor.py:161} INFO - Started process (PID=569) to work on /home/airflow/.local/lib/python3.12/site-packages/airflow/example_dags/example_xcom.py
[2026-03-06T22:35:53.141+0000] {processor.py:830} INFO - Processing file /home/airflow/.local/lib/python3.12/site-packages/airflow/example_dags/example_xcom.py for tasks to queue
[2026-03-06T22:35:53.144+0000] {logging_mixin.py:188} INFO - [2026-03-06T22:35:53.143+0000] {dagbag.py:545} INFO - Filling up the DagBag from /home/airflow/.local/lib/python3.12/site-packages/airflow/example_dags/example_xcom.py
[2026-03-06T22:35:53.158+0000] {processor.py:840} INFO - DAG(s) 'example_xcom' retrieved from /home/airflow/.local/lib/python3.12/site-packages/airflow/example_dags/example_xcom.py
[2026-03-06T22:35:53.194+0000] {logging_mixin.py:188} INFO - [2026-03-06T22:35:53.194+0000] {dag.py:3096} INFO - Sync 1 DAGs
[2026-03-06T22:35:53.229+0000] {logging_mixin.py:188} INFO - [2026-03-06T22:35:53.229+0000] {dag.py:3954} INFO - Setting next_dagrun for example_xcom to 2021-01-01 00:00:00+00:00, run_after=2021-01-01 00:00:00+00:00
[2026-03-06T22:35:53.265+0000] {processor.py:183} INFO - Processing /home/airflow/.local/lib/python3.12/site-packages/airflow/example_dags/example_xcom.py took 0.134 seconds
[2026-03-06T22:36:23.596+0000] {processor.py:161} INFO - Started process (PID=627) to work on /home/airflow/.local/lib/python3.12/site-packages/airflow/example_dags/example_xcom.py
[2026-03-06T22:36:23.598+0000] {processor.py:830} INFO - Processing file /home/airflow/.local/lib/python3.12/site-packages/airflow/example_dags/example_xcom.py for tasks to queue
[2026-03-06T22:36:23.601+0000] {logging_mixin.py:188} INFO - [2026-03-06T22:36:23.600+0000] {dagbag.py:545} INFO - Filling up the DagBag from /home/airflow/.local/lib/python3.12/site-packages/airflow/example_dags/example_xcom.py
[2026-03-06T22:36:23.616+0000] {processor.py:840} INFO - DAG(s) 'example_xcom' retrieved from /home/airflow/.local/lib/python3.12/site-packages/airflow/example_dags/example_xcom.py
[2026-03-06T22:36:23.643+0000] {logging_mixin.py:188} INFO - [2026-03-06T22:36:23.642+0000] {dag.py:3096} INFO - Sync 1 DAGs
[2026-03-06T22:36:23.671+0000] {logging_mixin.py:188} INFO - [2026-03-06T22:36:23.670+0000] {dag.py:3954} INFO - Setting next_dagrun for example_xcom to 2021-01-01 00:00:00+00:00, run_after=2021-01-01 00:00:00+00:00
[2026-03-06T22:36:23.696+0000] {processor.py:183} INFO - Processing /home/airflow/.local/lib/python3.12/site-packages/airflow/example_dags/example_xcom.py took 0.114 seconds
[2026-03-06T22:36:53.907+0000] {processor.py:161} INFO - Started process (PID=685) to work on /home/airflow/.local/lib/python3.12/site-packages/airflow/example_dags/example_xcom.py
[2026-03-06T22:36:53.909+0000] {processor.py:830} INFO - Processing file /home/airflow/.local/lib/python3.12/site-packages/airflow/example_dags/example_xcom.py for tasks to queue
[2026-03-06T22:36:53.913+0000] {logging_mixin.py:188} INFO - [2026-03-06T22:36:53.912+0000] {dagbag.py:545} INFO - Filling up the DagBag from /home/airflow/.local/lib/python3.12/site-packages/airflow/example_dags/example_xcom.py
[2026-03-06T22:36:53.928+0000] {processor.py:840} INFO - DAG(s) 'example_xcom' retrieved from /home/airflow/.local/lib/python3.12/site-packages/airflow/example_dags/example_xcom.py
[2026-03-06T22:36:53.964+0000] {logging_mixin.py:188} INFO - [2026-03-06T22:36:53.963+0000] {dag.py:3096} INFO - Sync 1 DAGs
[2026-03-06T22:36:54.040+0000] {logging_mixin.py:188} INFO - [2026-03-06T22:36:54.040+0000] {dag.py:3954} INFO - Setting next_dagrun for example_xcom to 2021-01-01 00:00:00+00:00, run_after=2021-01-01 00:00:00+00:00
[2026-03-06T22:36:54.064+0000] {processor.py:183} INFO - Processing /home/airflow/.local/lib/python3.12/site-packages/airflow/example_dags/example_xcom.py took 0.166 seconds
[2026-03-06T22:37:24.538+0000] {processor.py:161} INFO - Started process (PID=749) to work on /home/airflow/.local/lib/python3.12/site-packages/airflow/example_dags/example_xcom.py
[2026-03-06T22:37:24.539+0000] {processor.py:830} INFO - Processing file /home/airflow/.local/lib/python3.12/site-packages/airflow/example_dags/example_xcom.py for tasks to queue
[2026-03-06T22:37:24.542+0000] {logging_mixin.py:188} INFO - [2026-03-06T22:37:24.542+0000] {dagbag.py:545} INFO - Filling up the DagBag from /home/airflow/.local/lib/python3.12/site-packages/airflow/example_dags/example_xcom.py
[2026-03-06T22:37:24.557+0000] {processor.py:840} INFO - DAG(s) 'example_xcom' retrieved from /home/airflow/.local/lib/python3.12/site-packages/airflow/example_dags/example_xcom.py
[2026-03-06T22:37:24.588+0000] {logging_mixin.py:188} INFO - [2026-03-06T22:37:24.588+0000] {dag.py:3096} INFO - Sync 1 DAGs
[2026-03-06T22:37:24.617+0000] {logging_mixin.py:188} INFO - [2026-03-06T22:37:24.616+0000] {dag.py:3954} INFO - Setting next_dagrun for example_xcom to 2021-01-01 00:00:00+00:00, run_after=2021-01-01 00:00:00+00:00
[2026-03-06T22:37:24.646+0000] {processor.py:183} INFO - Processing /home/airflow/.local/lib/python3.12/site-packages/airflow/example_dags/example_xcom.py took 0.115 seconds
[2026-03-06T22:37:54.916+0000] {processor.py:161} INFO - Started process (PID=807) to work on /home/airflow/.local/lib/python3.12/site-packages/airflow/example_dags/example_xcom.py
[2026-03-06T22:37:54.918+0000] {processor.py:830} INFO - Processing file /home/airflow/.local/lib/python3.12/site-packages/airflow/example_dags/example_xcom.py for tasks to queue
[2026-03-06T22:37:54.922+0000] {logging_mixin.py:188} INFO - [2026-03-06T22:37:54.921+0000] {dagbag.py:545} INFO - Filling up the DagBag from /home/airflow/.local/lib/python3.12/site-packages/airflow/example_dags/example_xcom.py
[2026-03-06T22:37:54.935+0000] {processor.py:840} INFO - DAG(s) 'example_xcom' retrieved from /home/airflow/.local/lib/python3.12/site-packages/airflow/example_dags/example_xcom.py
[2026-03-06T22:37:54.961+0000] {logging_mixin.py:188} INFO - [2026-03-06T22:37:54.961+0000] {dag.py:3096} INFO - Sync 1 DAGs
[2026-03-06T22:37:54.998+0000] {logging_mixin.py:188} INFO - [2026-03-06T22:37:54.997+0000] {dag.py:3954} INFO - Setting next_dagrun for example_xcom to 2021-01-01 00:00:00+00:00, run_after=2021-01-01 00:00:00+00:00
[2026-03-06T22:37:55.029+0000] {processor.py:183} INFO - Processing /home/airflow/.local/lib/python3.12/site-packages/airflow/example_dags/example_xcom.py took 0.126 seconds
[2026-03-06T22:38:25.241+0000] {processor.py:161} INFO - Started process (PID=865) to work on /home/airflow/.local/lib/python3.12/site-packages/airflow/example_dags/example_xcom.py
[2026-03-06T22:38:25.243+0000] {processor.py:830} INFO - Processing file /home/airflow/.local/lib/python3.12/site-packages/airflow/example_dags/example_xcom.py for tasks to queue
[2026-03-06T22:38:25.246+0000] {logging_mixin.py:188} INFO - [2026-03-06T22:38:25.246+0000] {dagbag.py:545} INFO - Filling up the DagBag from /home/airflow/.local/lib/python3.12/site-packages/airflow/example_dags/example_xcom.py
[2026-03-06T22:38:25.257+0000] {processor.py:840} INFO - DAG(s) 'example_xcom' retrieved from /home/airflow/.local/lib/python3.12/site-packages/airflow/example_dags/example_xcom.py
[2026-03-06T22:38:25.283+0000] {logging_mixin.py:188} INFO - [2026-03-06T22:38:25.282+0000] {dag.py:3096} INFO - Sync 1 DAGs
[2026-03-06T22:38:25.310+0000] {logging_mixin.py:188} INFO - [2026-03-06T22:38:25.310+0000] {dag.py:3954} INFO - Setting next_dagrun for example_xcom to 2021-01-01 00:00:00+00:00, run_after=2021-01-01 00:00:00+00:00
[2026-03-06T22:38:25.335+0000] {processor.py:183} INFO - Processing /home/airflow/.local/lib/python3.12/site-packages/airflow/example_dags/example_xcom.py took 0.104 seconds
[2026-03-06T22:38:55.810+0000] {processor.py:161} INFO - Started process (PID=923) to work on /home/airflow/.local/lib/python3.12/site-packages/airflow/example_dags/example_xcom.py
[2026-03-06T22:38:55.813+0000] {processor.py:830} INFO - Processing file /home/airflow/.local/lib/python3.12/site-packages/airflow/example_dags/example_xcom.py for tasks to queue
[2026-03-06T22:38:55.817+0000] {logging_mixin.py:188} INFO - [2026-03-06T22:38:55.816+0000] {dagbag.py:545} INFO - Filling up the DagBag from /home/airflow/.local/lib/python3.12/site-packages/airflow/example_dags/example_xcom.py
[2026-03-06T22:38:55.830+0000] {processor.py:840} INFO - DAG(s) 'example_xcom' retrieved from /home/airflow/.local/lib/python3.12/site-packages/airflow/example_dags/example_xcom.py
[2026-03-06T22:38:55.872+0000] {logging_mixin.py:188} INFO - [2026-03-06T22:38:55.871+0000] {dag.py:3096} INFO - Sync 1 DAGs
[2026-03-06T22:38:55.909+0000] {logging_mixin.py:188} INFO - [2026-03-06T22:38:55.909+0000] {dag.py:3954} INFO - Setting next_dagrun for example_xcom to 2021-01-01 00:00:00+00:00, run_after=2021-01-01 00:00:00+00:00
[2026-03-06T22:38:55.944+0000] {processor.py:183} INFO - Processing /home/airflow/.local/lib/python3.12/site-packages/airflow/example_dags/example_xcom.py took 0.148 seconds
[2026-03-06T22:39:26.189+0000] {processor.py:161} INFO - Started process (PID=981) to work on /home/airflow/.local/lib/python3.12/site-packages/airflow/example_dags/example_xcom.py
[2026-03-06T22:39:26.191+0000] {processor.py:830} INFO - Processing file /home/airflow/.local/lib/python3.12/site-packages/airflow/example_dags/example_xcom.py for tasks to queue
[2026-03-06T22:39:26.194+0000] {logging_mixin.py:188} INFO - [2026-03-06T22:39:26.194+0000] {dagbag.py:545} INFO - Filling up the DagBag from /home/airflow/.local/lib/python3.12/site-packages/airflow/example_dags/example_xcom.py
[2026-03-06T22:39:26.210+0000] {processor.py:840} INFO - DAG(s) 'example_xcom' retrieved from /home/airflow/.local/lib/python3.12/site-packages/airflow/example_dags/example_xcom.py
[2026-03-06T22:39:26.237+0000] {logging_mixin.py:188} INFO - [2026-03-06T22:39:26.237+0000] {dag.py:3096} INFO - Sync 1 DAGs
[2026-03-06T22:39:26.264+0000] {logging_mixin.py:188} INFO - [2026-03-06T22:39:26.264+0000] {dag.py:3954} INFO - Setting next_dagrun for example_xcom to 2021-01-01 00:00:00+00:00, run_after=2021-01-01 00:00:00+00:00
[2026-03-06T22:39:26.289+0000] {processor.py:183} INFO - Processing /home/airflow/.local/lib/python3.12/site-packages/airflow/example_dags/example_xcom.py took 0.112 seconds
[2026-03-06T22:39:56.436+0000] {processor.py:161} INFO - Started process (PID=1039) to work on /home/airflow/.local/lib/python3.12/site-packages/airflow/example_dags/example_xcom.py
[2026-03-06T22:39:56.437+0000] {processor.py:830} INFO - Processing file /home/airflow/.local/lib/python3.12/site-packages/airflow/example_dags/example_xcom.py for tasks to queue
[2026-03-06T22:39:56.440+0000] {logging_mixin.py:188} INFO - [2026-03-06T22:39:56.440+0000] {dagbag.py:545} INFO - Filling up the DagBag from /home/airflow/.local/lib/python3.12/site-packages/airflow/example_dags/example_xcom.py
[2026-03-06T22:39:56.452+0000] {processor.py:840} INFO - DAG(s) 'example_xcom' retrieved from /home/airflow/.local/lib/python3.12/site-packages/airflow/example_dags/example_xcom.py
[2026-03-06T22:39:56.478+0000] {logging_mixin.py:188} INFO - [2026-03-06T22:39:56.477+0000] {dag.py:3096} INFO - Sync 1 DAGs
[2026-03-06T22:39:56.505+0000] {logging_mixin.py:188} INFO - [2026-03-06T22:39:56.505+0000] {dag.py:3954} INFO - Setting next_dagrun for example_xcom to 2021-01-01 00:00:00+00:00, run_after=2021-01-01 00:00:00+00:00
[2026-03-06T22:39:56.530+0000] {processor.py:183} INFO - Processing /home/airflow/.local/lib/python3.12/site-packages/airflow/example_dags/example_xcom.py took 0.105 seconds
[2026-03-06T22:40:26.685+0000] {processor.py:161} INFO - Started process (PID=1097) to work on /home/airflow/.local/lib/python3.12/site-packages/airflow/example_dags/example_xcom.py
[2026-03-06T22:40:26.687+0000] {processor.py:830} INFO - Processing file /home/airflow/.local/lib/python3.12/site-packages/airflow/example_dags/example_xcom.py for tasks to queue
[2026-03-06T22:40:26.689+0000] {logging_mixin.py:188} INFO - [2026-03-06T22:40:26.689+0000] {dagbag.py:545} INFO - Filling up the DagBag from /home/airflow/.local/lib/python3.12/site-packages/airflow/example_dags/example_xcom.py
[2026-03-06T22:40:26.702+0000] {processor.py:840} INFO - DAG(s) 'example_xcom' retrieved from /home/airflow/.local/lib/python3.12/site-packages/airflow/example_dags/example_xcom.py
[2026-03-06T22:40:26.732+0000] {logging_mixin.py:188} INFO - [2026-03-06T22:40:26.731+0000] {dag.py:3096} INFO - Sync 1 DAGs
[2026-03-06T22:40:26.765+0000] {logging_mixin.py:188} INFO - [2026-03-06T22:40:26.764+0000] {dag.py:3954} INFO - Setting next_dagrun for example_xcom to 2021-01-01 00:00:00+00:00, run_after=2021-01-01 00:00:00+00:00
[2026-03-06T22:40:26.792+0000] {processor.py:183} INFO - Processing /home/airflow/.local/lib/python3.12/site-packages/airflow/example_dags/example_xcom.py took 0.113 seconds
[2026-03-06T22:40:57.102+0000] {processor.py:161} INFO - Started process (PID=1155) to work on /home/airflow/.local/lib/python3.12/site-packages/airflow/example_dags/example_xcom.py
[2026-03-06T22:40:57.103+0000] {processor.py:830} INFO - Processing file /home/airflow/.local/lib/python3.12/site-packages/airflow/example_dags/example_xcom.py for tasks to queue
[2026-03-06T22:40:57.106+0000] {logging_mixin.py:188} INFO - [2026-03-06T22:40:57.105+0000] {dagbag.py:545} INFO - Filling up the DagBag from /home/airflow/.local/lib/python3.12/site-packages/airflow/example_dags/example_xcom.py
[2026-03-06T22:40:57.116+0000] {processor.py:840} INFO - DAG(s) 'example_xcom' retrieved from /home/airflow/.local/lib/python3.12/site-packages/airflow/example_dags/example_xcom.py
[2026-03-06T22:40:57.145+0000] {logging_mixin.py:188} INFO - [2026-03-06T22:40:57.144+0000] {dag.py:3096} INFO - Sync 1 DAGs
[2026-03-06T22:40:57.173+0000] {logging_mixin.py:188} INFO - [2026-03-06T22:40:57.173+0000] {dag.py:3954} INFO - Setting next_dagrun for example_xcom to 2021-01-01 00:00:00+00:00, run_after=2021-01-01 00:00:00+00:00
[2026-03-06T22:40:57.199+0000] {processor.py:183} INFO - Processing /home/airflow/.local/lib/python3.12/site-packages/airflow/example_dags/example_xcom.py took 0.104 seconds
