[2026-03-06T22:30:51.560+0000] {processor.py:161} INFO - Started process (PID=111) to work on /home/airflow/.local/lib/python3.12/site-packages/airflow/example_dags/example_python_decorator.py
[2026-03-06T22:30:51.561+0000] {processor.py:830} INFO - Processing file /home/airflow/.local/lib/python3.12/site-packages/airflow/example_dags/example_python_decorator.py for tasks to queue
[2026-03-06T22:30:51.564+0000] {logging_mixin.py:188} INFO - [2026-03-06T22:30:51.563+0000] {dagbag.py:545} INFO - Filling up the DagBag from /home/airflow/.local/lib/python3.12/site-packages/airflow/example_dags/example_python_decorator.py
[2026-03-06T22:30:51.586+0000] {processor.py:840} INFO - DAG(s) 'example_python_decorator' retrieved from /home/airflow/.local/lib/python3.12/site-packages/airflow/example_dags/example_python_decorator.py
[2026-03-06T22:30:51.743+0000] {logging_mixin.py:188} INFO - [2026-03-06T22:30:51.742+0000] {override.py:1829} INFO - Created Permission View: can delete on DAG:example_python_decorator
[2026-03-06T22:30:51.759+0000] {logging_mixin.py:188} INFO - [2026-03-06T22:30:51.758+0000] {override.py:1829} INFO - Created Permission View: can read on DAG:example_python_decorator
[2026-03-06T22:30:51.768+0000] {logging_mixin.py:188} INFO - [2026-03-06T22:30:51.767+0000] {override.py:1829} INFO - Created Permission View: can edit on DAG:example_python_decorator
[2026-03-06T22:30:51.768+0000] {logging_mixin.py:188} INFO - [2026-03-06T22:30:51.768+0000] {dag.py:3096} INFO - Sync 1 DAGs
[2026-03-06T22:30:51.787+0000] {logging_mixin.py:188} INFO - [2026-03-06T22:30:51.787+0000] {dag.py:3118} INFO - Creating ORM DAG for example_python_decorator
[2026-03-06T22:30:51.789+0000] {logging_mixin.py:188} INFO - [2026-03-06T22:30:51.788+0000] {dag.py:3954} INFO - Setting next_dagrun for example_python_decorator to None, run_after=None
[2026-03-06T22:30:51.816+0000] {processor.py:183} INFO - Processing /home/airflow/.local/lib/python3.12/site-packages/airflow/example_dags/example_python_decorator.py took 0.265 seconds
[2026-03-06T22:31:23.420+0000] {processor.py:161} INFO - Started process (PID=97) to work on /home/airflow/.local/lib/python3.12/site-packages/airflow/example_dags/example_python_decorator.py
[2026-03-06T22:31:23.422+0000] {processor.py:830} INFO - Processing file /home/airflow/.local/lib/python3.12/site-packages/airflow/example_dags/example_python_decorator.py for tasks to queue
[2026-03-06T22:31:23.427+0000] {logging_mixin.py:188} INFO - [2026-03-06T22:31:23.426+0000] {dagbag.py:545} INFO - Filling up the DagBag from /home/airflow/.local/lib/python3.12/site-packages/airflow/example_dags/example_python_decorator.py
[2026-03-06T22:31:23.450+0000] {processor.py:840} INFO - DAG(s) 'example_python_decorator' retrieved from /home/airflow/.local/lib/python3.12/site-packages/airflow/example_dags/example_python_decorator.py
[2026-03-06T22:31:23.652+0000] {logging_mixin.py:188} INFO - [2026-03-06T22:31:23.651+0000] {dag.py:3096} INFO - Sync 1 DAGs
[2026-03-06T22:31:23.678+0000] {logging_mixin.py:188} INFO - [2026-03-06T22:31:23.677+0000] {dag.py:3954} INFO - Setting next_dagrun for example_python_decorator to None, run_after=None
[2026-03-06T22:31:23.737+0000] {processor.py:183} INFO - Processing /home/airflow/.local/lib/python3.12/site-packages/airflow/example_dags/example_python_decorator.py took 0.328 seconds
[2026-03-06T22:31:54.636+0000] {processor.py:161} INFO - Started process (PID=155) to work on /home/airflow/.local/lib/python3.12/site-packages/airflow/example_dags/example_python_decorator.py
[2026-03-06T22:31:54.638+0000] {processor.py:830} INFO - Processing file /home/airflow/.local/lib/python3.12/site-packages/airflow/example_dags/example_python_decorator.py for tasks to queue
[2026-03-06T22:31:54.641+0000] {logging_mixin.py:188} INFO - [2026-03-06T22:31:54.640+0000] {dagbag.py:545} INFO - Filling up the DagBag from /home/airflow/.local/lib/python3.12/site-packages/airflow/example_dags/example_python_decorator.py
[2026-03-06T22:31:54.659+0000] {processor.py:840} INFO - DAG(s) 'example_python_decorator' retrieved from /home/airflow/.local/lib/python3.12/site-packages/airflow/example_dags/example_python_decorator.py
[2026-03-06T22:31:54.690+0000] {logging_mixin.py:188} INFO - [2026-03-06T22:31:54.690+0000] {dag.py:3096} INFO - Sync 1 DAGs
[2026-03-06T22:31:54.710+0000] {logging_mixin.py:188} INFO - [2026-03-06T22:31:54.709+0000] {dag.py:3954} INFO - Setting next_dagrun for example_python_decorator to None, run_after=None
[2026-03-06T22:31:54.755+0000] {processor.py:183} INFO - Processing /home/airflow/.local/lib/python3.12/site-packages/airflow/example_dags/example_python_decorator.py took 0.126 seconds
[2026-03-06T22:32:25.410+0000] {processor.py:161} INFO - Started process (PID=213) to work on /home/airflow/.local/lib/python3.12/site-packages/airflow/example_dags/example_python_decorator.py
[2026-03-06T22:32:25.413+0000] {processor.py:830} INFO - Processing file /home/airflow/.local/lib/python3.12/site-packages/airflow/example_dags/example_python_decorator.py for tasks to queue
[2026-03-06T22:32:25.415+0000] {logging_mixin.py:188} INFO - [2026-03-06T22:32:25.415+0000] {dagbag.py:545} INFO - Filling up the DagBag from /home/airflow/.local/lib/python3.12/site-packages/airflow/example_dags/example_python_decorator.py
[2026-03-06T22:32:25.433+0000] {processor.py:840} INFO - DAG(s) 'example_python_decorator' retrieved from /home/airflow/.local/lib/python3.12/site-packages/airflow/example_dags/example_python_decorator.py
[2026-03-06T22:32:25.469+0000] {logging_mixin.py:188} INFO - [2026-03-06T22:32:25.469+0000] {dag.py:3096} INFO - Sync 1 DAGs
[2026-03-06T22:32:25.487+0000] {logging_mixin.py:188} INFO - [2026-03-06T22:32:25.487+0000] {dag.py:3954} INFO - Setting next_dagrun for example_python_decorator to None, run_after=None
[2026-03-06T22:32:25.526+0000] {processor.py:183} INFO - Processing /home/airflow/.local/lib/python3.12/site-packages/airflow/example_dags/example_python_decorator.py took 0.123 seconds
[2026-03-06T22:32:56.028+0000] {processor.py:161} INFO - Started process (PID=271) to work on /home/airflow/.local/lib/python3.12/site-packages/airflow/example_dags/example_python_decorator.py
[2026-03-06T22:32:56.029+0000] {processor.py:830} INFO - Processing file /home/airflow/.local/lib/python3.12/site-packages/airflow/example_dags/example_python_decorator.py for tasks to queue
[2026-03-06T22:32:56.033+0000] {logging_mixin.py:188} INFO - [2026-03-06T22:32:56.032+0000] {dagbag.py:545} INFO - Filling up the DagBag from /home/airflow/.local/lib/python3.12/site-packages/airflow/example_dags/example_python_decorator.py
[2026-03-06T22:32:56.059+0000] {processor.py:840} INFO - DAG(s) 'example_python_decorator' retrieved from /home/airflow/.local/lib/python3.12/site-packages/airflow/example_dags/example_python_decorator.py
[2026-03-06T22:32:56.079+0000] {logging_mixin.py:188} INFO - [2026-03-06T22:32:56.079+0000] {dag.py:3096} INFO - Sync 1 DAGs
[2026-03-06T22:32:56.101+0000] {logging_mixin.py:188} INFO - [2026-03-06T22:32:56.101+0000] {dag.py:3954} INFO - Setting next_dagrun for example_python_decorator to None, run_after=None
[2026-03-06T22:32:56.152+0000] {processor.py:183} INFO - Processing /home/airflow/.local/lib/python3.12/site-packages/airflow/example_dags/example_python_decorator.py took 0.135 seconds
[2026-03-06T22:33:27.021+0000] {processor.py:161} INFO - Started process (PID=329) to work on /home/airflow/.local/lib/python3.12/site-packages/airflow/example_dags/example_python_decorator.py
[2026-03-06T22:33:27.022+0000] {processor.py:830} INFO - Processing file /home/airflow/.local/lib/python3.12/site-packages/airflow/example_dags/example_python_decorator.py for tasks to queue
[2026-03-06T22:33:27.025+0000] {logging_mixin.py:188} INFO - [2026-03-06T22:33:27.024+0000] {dagbag.py:545} INFO - Filling up the DagBag from /home/airflow/.local/lib/python3.12/site-packages/airflow/example_dags/example_python_decorator.py
[2026-03-06T22:33:27.041+0000] {processor.py:840} INFO - DAG(s) 'example_python_decorator' retrieved from /home/airflow/.local/lib/python3.12/site-packages/airflow/example_dags/example_python_decorator.py
[2026-03-06T22:33:27.172+0000] {logging_mixin.py:188} INFO - [2026-03-06T22:33:27.172+0000] {dag.py:3096} INFO - Sync 1 DAGs
[2026-03-06T22:33:27.190+0000] {logging_mixin.py:188} INFO - [2026-03-06T22:33:27.190+0000] {dag.py:3954} INFO - Setting next_dagrun for example_python_decorator to None, run_after=None
[2026-03-06T22:33:27.229+0000] {processor.py:183} INFO - Processing /home/airflow/.local/lib/python3.12/site-packages/airflow/example_dags/example_python_decorator.py took 0.215 seconds
[2026-03-06T22:33:57.364+0000] {processor.py:161} INFO - Started process (PID=387) to work on /home/airflow/.local/lib/python3.12/site-packages/airflow/example_dags/example_python_decorator.py
[2026-03-06T22:33:57.365+0000] {processor.py:830} INFO - Processing file /home/airflow/.local/lib/python3.12/site-packages/airflow/example_dags/example_python_decorator.py for tasks to queue
[2026-03-06T22:33:57.368+0000] {logging_mixin.py:188} INFO - [2026-03-06T22:33:57.367+0000] {dagbag.py:545} INFO - Filling up the DagBag from /home/airflow/.local/lib/python3.12/site-packages/airflow/example_dags/example_python_decorator.py
[2026-03-06T22:33:57.388+0000] {processor.py:840} INFO - DAG(s) 'example_python_decorator' retrieved from /home/airflow/.local/lib/python3.12/site-packages/airflow/example_dags/example_python_decorator.py
[2026-03-06T22:33:57.421+0000] {logging_mixin.py:188} INFO - [2026-03-06T22:33:57.421+0000] {dag.py:3096} INFO - Sync 1 DAGs
[2026-03-06T22:33:57.438+0000] {logging_mixin.py:188} INFO - [2026-03-06T22:33:57.438+0000] {dag.py:3954} INFO - Setting next_dagrun for example_python_decorator to None, run_after=None
[2026-03-06T22:33:57.469+0000] {processor.py:183} INFO - Processing /home/airflow/.local/lib/python3.12/site-packages/airflow/example_dags/example_python_decorator.py took 0.117 seconds
[2026-03-06T22:34:28.162+0000] {processor.py:161} INFO - Started process (PID=445) to work on /home/airflow/.local/lib/python3.12/site-packages/airflow/example_dags/example_python_decorator.py
[2026-03-06T22:34:28.164+0000] {processor.py:830} INFO - Processing file /home/airflow/.local/lib/python3.12/site-packages/airflow/example_dags/example_python_decorator.py for tasks to queue
[2026-03-06T22:34:28.169+0000] {logging_mixin.py:188} INFO - [2026-03-06T22:34:28.168+0000] {dagbag.py:545} INFO - Filling up the DagBag from /home/airflow/.local/lib/python3.12/site-packages/airflow/example_dags/example_python_decorator.py
[2026-03-06T22:34:28.199+0000] {processor.py:840} INFO - DAG(s) 'example_python_decorator' retrieved from /home/airflow/.local/lib/python3.12/site-packages/airflow/example_dags/example_python_decorator.py
[2026-03-06T22:34:28.248+0000] {logging_mixin.py:188} INFO - [2026-03-06T22:34:28.247+0000] {dag.py:3096} INFO - Sync 1 DAGs
[2026-03-06T22:34:28.277+0000] {logging_mixin.py:188} INFO - [2026-03-06T22:34:28.276+0000] {dag.py:3954} INFO - Setting next_dagrun for example_python_decorator to None, run_after=None
[2026-03-06T22:34:28.319+0000] {processor.py:183} INFO - Processing /home/airflow/.local/lib/python3.12/site-packages/airflow/example_dags/example_python_decorator.py took 0.165 seconds
[2026-03-06T22:34:58.446+0000] {processor.py:161} INFO - Started process (PID=503) to work on /home/airflow/.local/lib/python3.12/site-packages/airflow/example_dags/example_python_decorator.py
[2026-03-06T22:34:58.450+0000] {processor.py:830} INFO - Processing file /home/airflow/.local/lib/python3.12/site-packages/airflow/example_dags/example_python_decorator.py for tasks to queue
[2026-03-06T22:34:58.453+0000] {logging_mixin.py:188} INFO - [2026-03-06T22:34:58.453+0000] {dagbag.py:545} INFO - Filling up the DagBag from /home/airflow/.local/lib/python3.12/site-packages/airflow/example_dags/example_python_decorator.py
[2026-03-06T22:34:58.473+0000] {processor.py:840} INFO - DAG(s) 'example_python_decorator' retrieved from /home/airflow/.local/lib/python3.12/site-packages/airflow/example_dags/example_python_decorator.py
[2026-03-06T22:34:58.514+0000] {logging_mixin.py:188} INFO - [2026-03-06T22:34:58.514+0000] {dag.py:3096} INFO - Sync 1 DAGs
[2026-03-06T22:34:58.536+0000] {logging_mixin.py:188} INFO - [2026-03-06T22:34:58.536+0000] {dag.py:3954} INFO - Setting next_dagrun for example_python_decorator to None, run_after=None
[2026-03-06T22:34:58.577+0000] {processor.py:183} INFO - Processing /home/airflow/.local/lib/python3.12/site-packages/airflow/example_dags/example_python_decorator.py took 0.140 seconds
[2026-03-06T22:35:28.734+0000] {processor.py:161} INFO - Started process (PID=563) to work on /home/airflow/.local/lib/python3.12/site-packages/airflow/example_dags/example_python_decorator.py
[2026-03-06T22:35:28.736+0000] {processor.py:830} INFO - Processing file /home/airflow/.local/lib/python3.12/site-packages/airflow/example_dags/example_python_decorator.py for tasks to queue
[2026-03-06T22:35:28.738+0000] {logging_mixin.py:188} INFO - [2026-03-06T22:35:28.738+0000] {dagbag.py:545} INFO - Filling up the DagBag from /home/airflow/.local/lib/python3.12/site-packages/airflow/example_dags/example_python_decorator.py
[2026-03-06T22:35:28.755+0000] {processor.py:840} INFO - DAG(s) 'example_python_decorator' retrieved from /home/airflow/.local/lib/python3.12/site-packages/airflow/example_dags/example_python_decorator.py
[2026-03-06T22:35:28.786+0000] {logging_mixin.py:188} INFO - [2026-03-06T22:35:28.785+0000] {dag.py:3096} INFO - Sync 1 DAGs
[2026-03-06T22:35:28.803+0000] {logging_mixin.py:188} INFO - [2026-03-06T22:35:28.803+0000] {dag.py:3954} INFO - Setting next_dagrun for example_python_decorator to None, run_after=None
[2026-03-06T22:35:28.848+0000] {processor.py:183} INFO - Processing /home/airflow/.local/lib/python3.12/site-packages/airflow/example_dags/example_python_decorator.py took 0.121 seconds
[2026-03-06T22:35:59.067+0000] {processor.py:161} INFO - Started process (PID=619) to work on /home/airflow/.local/lib/python3.12/site-packages/airflow/example_dags/example_python_decorator.py
[2026-03-06T22:35:59.069+0000] {processor.py:830} INFO - Processing file /home/airflow/.local/lib/python3.12/site-packages/airflow/example_dags/example_python_decorator.py for tasks to queue
[2026-03-06T22:35:59.072+0000] {logging_mixin.py:188} INFO - [2026-03-06T22:35:59.071+0000] {dagbag.py:545} INFO - Filling up the DagBag from /home/airflow/.local/lib/python3.12/site-packages/airflow/example_dags/example_python_decorator.py
[2026-03-06T22:35:59.091+0000] {processor.py:840} INFO - DAG(s) 'example_python_decorator' retrieved from /home/airflow/.local/lib/python3.12/site-packages/airflow/example_dags/example_python_decorator.py
[2026-03-06T22:35:59.119+0000] {logging_mixin.py:188} INFO - [2026-03-06T22:35:59.119+0000] {dag.py:3096} INFO - Sync 1 DAGs
[2026-03-06T22:35:59.139+0000] {logging_mixin.py:188} INFO - [2026-03-06T22:35:59.138+0000] {dag.py:3954} INFO - Setting next_dagrun for example_python_decorator to None, run_after=None
[2026-03-06T22:35:59.168+0000] {processor.py:183} INFO - Processing /home/airflow/.local/lib/python3.12/site-packages/airflow/example_dags/example_python_decorator.py took 0.110 seconds
[2026-03-06T22:36:29.941+0000] {processor.py:161} INFO - Started process (PID=677) to work on /home/airflow/.local/lib/python3.12/site-packages/airflow/example_dags/example_python_decorator.py
[2026-03-06T22:36:29.943+0000] {processor.py:830} INFO - Processing file /home/airflow/.local/lib/python3.12/site-packages/airflow/example_dags/example_python_decorator.py for tasks to queue
[2026-03-06T22:36:29.946+0000] {logging_mixin.py:188} INFO - [2026-03-06T22:36:29.945+0000] {dagbag.py:545} INFO - Filling up the DagBag from /home/airflow/.local/lib/python3.12/site-packages/airflow/example_dags/example_python_decorator.py
[2026-03-06T22:36:29.963+0000] {processor.py:840} INFO - DAG(s) 'example_python_decorator' retrieved from /home/airflow/.local/lib/python3.12/site-packages/airflow/example_dags/example_python_decorator.py
[2026-03-06T22:36:29.993+0000] {logging_mixin.py:188} INFO - [2026-03-06T22:36:29.993+0000] {dag.py:3096} INFO - Sync 1 DAGs
[2026-03-06T22:36:30.016+0000] {logging_mixin.py:188} INFO - [2026-03-06T22:36:30.015+0000] {dag.py:3954} INFO - Setting next_dagrun for example_python_decorator to None, run_after=None
[2026-03-06T22:36:30.044+0000] {processor.py:183} INFO - Processing /home/airflow/.local/lib/python3.12/site-packages/airflow/example_dags/example_python_decorator.py took 0.111 seconds
[2026-03-06T22:37:00.571+0000] {processor.py:161} INFO - Started process (PID=735) to work on /home/airflow/.local/lib/python3.12/site-packages/airflow/example_dags/example_python_decorator.py
[2026-03-06T22:37:00.572+0000] {processor.py:830} INFO - Processing file /home/airflow/.local/lib/python3.12/site-packages/airflow/example_dags/example_python_decorator.py for tasks to queue
[2026-03-06T22:37:00.575+0000] {logging_mixin.py:188} INFO - [2026-03-06T22:37:00.575+0000] {dagbag.py:545} INFO - Filling up the DagBag from /home/airflow/.local/lib/python3.12/site-packages/airflow/example_dags/example_python_decorator.py
[2026-03-06T22:37:00.594+0000] {processor.py:840} INFO - DAG(s) 'example_python_decorator' retrieved from /home/airflow/.local/lib/python3.12/site-packages/airflow/example_dags/example_python_decorator.py
[2026-03-06T22:37:00.622+0000] {logging_mixin.py:188} INFO - [2026-03-06T22:37:00.621+0000] {dag.py:3096} INFO - Sync 1 DAGs
[2026-03-06T22:37:00.639+0000] {logging_mixin.py:188} INFO - [2026-03-06T22:37:00.639+0000] {dag.py:3954} INFO - Setting next_dagrun for example_python_decorator to None, run_after=None
[2026-03-06T22:37:00.665+0000] {processor.py:183} INFO - Processing /home/airflow/.local/lib/python3.12/site-packages/airflow/example_dags/example_python_decorator.py took 0.101 seconds
[2026-03-06T22:37:30.935+0000] {processor.py:161} INFO - Started process (PID=793) to work on /home/airflow/.local/lib/python3.12/site-packages/airflow/example_dags/example_python_decorator.py
[2026-03-06T22:37:30.937+0000] {processor.py:830} INFO - Processing file /home/airflow/.local/lib/python3.12/site-packages/airflow/example_dags/example_python_decorator.py for tasks to queue
[2026-03-06T22:37:30.940+0000] {logging_mixin.py:188} INFO - [2026-03-06T22:37:30.939+0000] {dagbag.py:545} INFO - Filling up the DagBag from /home/airflow/.local/lib/python3.12/site-packages/airflow/example_dags/example_python_decorator.py
[2026-03-06T22:37:30.961+0000] {processor.py:840} INFO - DAG(s) 'example_python_decorator' retrieved from /home/airflow/.local/lib/python3.12/site-packages/airflow/example_dags/example_python_decorator.py
[2026-03-06T22:37:30.988+0000] {logging_mixin.py:188} INFO - [2026-03-06T22:37:30.988+0000] {dag.py:3096} INFO - Sync 1 DAGs
[2026-03-06T22:37:31.004+0000] {logging_mixin.py:188} INFO - [2026-03-06T22:37:31.003+0000] {dag.py:3954} INFO - Setting next_dagrun for example_python_decorator to None, run_after=None
[2026-03-06T22:37:31.027+0000] {processor.py:183} INFO - Processing /home/airflow/.local/lib/python3.12/site-packages/airflow/example_dags/example_python_decorator.py took 0.099 seconds
[2026-03-06T22:38:01.295+0000] {processor.py:161} INFO - Started process (PID=851) to work on /home/airflow/.local/lib/python3.12/site-packages/airflow/example_dags/example_python_decorator.py
[2026-03-06T22:38:01.297+0000] {processor.py:830} INFO - Processing file /home/airflow/.local/lib/python3.12/site-packages/airflow/example_dags/example_python_decorator.py for tasks to queue
[2026-03-06T22:38:01.300+0000] {logging_mixin.py:188} INFO - [2026-03-06T22:38:01.300+0000] {dagbag.py:545} INFO - Filling up the DagBag from /home/airflow/.local/lib/python3.12/site-packages/airflow/example_dags/example_python_decorator.py
[2026-03-06T22:38:01.323+0000] {processor.py:840} INFO - DAG(s) 'example_python_decorator' retrieved from /home/airflow/.local/lib/python3.12/site-packages/airflow/example_dags/example_python_decorator.py
[2026-03-06T22:38:01.351+0000] {logging_mixin.py:188} INFO - [2026-03-06T22:38:01.350+0000] {dag.py:3096} INFO - Sync 1 DAGs
[2026-03-06T22:38:01.366+0000] {logging_mixin.py:188} INFO - [2026-03-06T22:38:01.366+0000] {dag.py:3954} INFO - Setting next_dagrun for example_python_decorator to None, run_after=None
[2026-03-06T22:38:01.391+0000] {processor.py:183} INFO - Processing /home/airflow/.local/lib/python3.12/site-packages/airflow/example_dags/example_python_decorator.py took 0.105 seconds
[2026-03-06T22:38:31.827+0000] {processor.py:161} INFO - Started process (PID=909) to work on /home/airflow/.local/lib/python3.12/site-packages/airflow/example_dags/example_python_decorator.py
[2026-03-06T22:38:31.828+0000] {processor.py:830} INFO - Processing file /home/airflow/.local/lib/python3.12/site-packages/airflow/example_dags/example_python_decorator.py for tasks to queue
[2026-03-06T22:38:31.831+0000] {logging_mixin.py:188} INFO - [2026-03-06T22:38:31.830+0000] {dagbag.py:545} INFO - Filling up the DagBag from /home/airflow/.local/lib/python3.12/site-packages/airflow/example_dags/example_python_decorator.py
[2026-03-06T22:38:31.847+0000] {processor.py:840} INFO - DAG(s) 'example_python_decorator' retrieved from /home/airflow/.local/lib/python3.12/site-packages/airflow/example_dags/example_python_decorator.py
[2026-03-06T22:38:31.876+0000] {logging_mixin.py:188} INFO - [2026-03-06T22:38:31.875+0000] {dag.py:3096} INFO - Sync 1 DAGs
[2026-03-06T22:38:31.892+0000] {logging_mixin.py:188} INFO - [2026-03-06T22:38:31.891+0000] {dag.py:3954} INFO - Setting next_dagrun for example_python_decorator to None, run_after=None
[2026-03-06T22:38:31.918+0000] {processor.py:183} INFO - Processing /home/airflow/.local/lib/python3.12/site-packages/airflow/example_dags/example_python_decorator.py took 0.098 seconds
[2026-03-06T22:39:02.169+0000] {processor.py:161} INFO - Started process (PID=967) to work on /home/airflow/.local/lib/python3.12/site-packages/airflow/example_dags/example_python_decorator.py
[2026-03-06T22:39:02.171+0000] {processor.py:830} INFO - Processing file /home/airflow/.local/lib/python3.12/site-packages/airflow/example_dags/example_python_decorator.py for tasks to queue
[2026-03-06T22:39:02.173+0000] {logging_mixin.py:188} INFO - [2026-03-06T22:39:02.173+0000] {dagbag.py:545} INFO - Filling up the DagBag from /home/airflow/.local/lib/python3.12/site-packages/airflow/example_dags/example_python_decorator.py
[2026-03-06T22:39:02.188+0000] {processor.py:840} INFO - DAG(s) 'example_python_decorator' retrieved from /home/airflow/.local/lib/python3.12/site-packages/airflow/example_dags/example_python_decorator.py
[2026-03-06T22:39:02.213+0000] {logging_mixin.py:188} INFO - [2026-03-06T22:39:02.213+0000] {dag.py:3096} INFO - Sync 1 DAGs
[2026-03-06T22:39:02.228+0000] {logging_mixin.py:188} INFO - [2026-03-06T22:39:02.228+0000] {dag.py:3954} INFO - Setting next_dagrun for example_python_decorator to None, run_after=None
[2026-03-06T22:39:02.252+0000] {processor.py:183} INFO - Processing /home/airflow/.local/lib/python3.12/site-packages/airflow/example_dags/example_python_decorator.py took 0.091 seconds
[2026-03-06T22:39:32.994+0000] {processor.py:161} INFO - Started process (PID=1025) to work on /home/airflow/.local/lib/python3.12/site-packages/airflow/example_dags/example_python_decorator.py
[2026-03-06T22:39:32.995+0000] {processor.py:830} INFO - Processing file /home/airflow/.local/lib/python3.12/site-packages/airflow/example_dags/example_python_decorator.py for tasks to queue
[2026-03-06T22:39:32.998+0000] {logging_mixin.py:188} INFO - [2026-03-06T22:39:32.997+0000] {dagbag.py:545} INFO - Filling up the DagBag from /home/airflow/.local/lib/python3.12/site-packages/airflow/example_dags/example_python_decorator.py
[2026-03-06T22:39:33.017+0000] {processor.py:840} INFO - DAG(s) 'example_python_decorator' retrieved from /home/airflow/.local/lib/python3.12/site-packages/airflow/example_dags/example_python_decorator.py
[2026-03-06T22:39:33.045+0000] {logging_mixin.py:188} INFO - [2026-03-06T22:39:33.045+0000] {dag.py:3096} INFO - Sync 1 DAGs
[2026-03-06T22:39:33.063+0000] {logging_mixin.py:188} INFO - [2026-03-06T22:39:33.063+0000] {dag.py:3954} INFO - Setting next_dagrun for example_python_decorator to None, run_after=None
[2026-03-06T22:39:33.095+0000] {processor.py:183} INFO - Processing /home/airflow/.local/lib/python3.12/site-packages/airflow/example_dags/example_python_decorator.py took 0.109 seconds
[2026-03-06T22:40:03.652+0000] {processor.py:161} INFO - Started process (PID=1083) to work on /home/airflow/.local/lib/python3.12/site-packages/airflow/example_dags/example_python_decorator.py
[2026-03-06T22:40:03.654+0000] {processor.py:830} INFO - Processing file /home/airflow/.local/lib/python3.12/site-packages/airflow/example_dags/example_python_decorator.py for tasks to queue
[2026-03-06T22:40:03.656+0000] {logging_mixin.py:188} INFO - [2026-03-06T22:40:03.656+0000] {dagbag.py:545} INFO - Filling up the DagBag from /home/airflow/.local/lib/python3.12/site-packages/airflow/example_dags/example_python_decorator.py
[2026-03-06T22:40:03.673+0000] {processor.py:840} INFO - DAG(s) 'example_python_decorator' retrieved from /home/airflow/.local/lib/python3.12/site-packages/airflow/example_dags/example_python_decorator.py
[2026-03-06T22:40:03.704+0000] {logging_mixin.py:188} INFO - [2026-03-06T22:40:03.704+0000] {dag.py:3096} INFO - Sync 1 DAGs
[2026-03-06T22:40:03.721+0000] {logging_mixin.py:188} INFO - [2026-03-06T22:40:03.721+0000] {dag.py:3954} INFO - Setting next_dagrun for example_python_decorator to None, run_after=None
[2026-03-06T22:40:03.747+0000] {processor.py:183} INFO - Processing /home/airflow/.local/lib/python3.12/site-packages/airflow/example_dags/example_python_decorator.py took 0.102 seconds
[2026-03-06T22:40:34.013+0000] {processor.py:161} INFO - Started process (PID=1141) to work on /home/airflow/.local/lib/python3.12/site-packages/airflow/example_dags/example_python_decorator.py
[2026-03-06T22:40:34.015+0000] {processor.py:830} INFO - Processing file /home/airflow/.local/lib/python3.12/site-packages/airflow/example_dags/example_python_decorator.py for tasks to queue
[2026-03-06T22:40:34.019+0000] {logging_mixin.py:188} INFO - [2026-03-06T22:40:34.018+0000] {dagbag.py:545} INFO - Filling up the DagBag from /home/airflow/.local/lib/python3.12/site-packages/airflow/example_dags/example_python_decorator.py
[2026-03-06T22:40:34.046+0000] {processor.py:840} INFO - DAG(s) 'example_python_decorator' retrieved from /home/airflow/.local/lib/python3.12/site-packages/airflow/example_dags/example_python_decorator.py
[2026-03-06T22:40:34.081+0000] {logging_mixin.py:188} INFO - [2026-03-06T22:40:34.081+0000] {dag.py:3096} INFO - Sync 1 DAGs
[2026-03-06T22:40:34.100+0000] {logging_mixin.py:188} INFO - [2026-03-06T22:40:34.100+0000] {dag.py:3954} INFO - Setting next_dagrun for example_python_decorator to None, run_after=None
[2026-03-06T22:40:34.129+0000] {processor.py:183} INFO - Processing /home/airflow/.local/lib/python3.12/site-packages/airflow/example_dags/example_python_decorator.py took 0.127 seconds
[2026-03-06T22:41:04.413+0000] {processor.py:161} INFO - Started process (PID=1199) to work on /home/airflow/.local/lib/python3.12/site-packages/airflow/example_dags/example_python_decorator.py
[2026-03-06T22:41:04.414+0000] {processor.py:830} INFO - Processing file /home/airflow/.local/lib/python3.12/site-packages/airflow/example_dags/example_python_decorator.py for tasks to queue
[2026-03-06T22:41:04.416+0000] {logging_mixin.py:188} INFO - [2026-03-06T22:41:04.416+0000] {dagbag.py:545} INFO - Filling up the DagBag from /home/airflow/.local/lib/python3.12/site-packages/airflow/example_dags/example_python_decorator.py
[2026-03-06T22:41:04.432+0000] {processor.py:840} INFO - DAG(s) 'example_python_decorator' retrieved from /home/airflow/.local/lib/python3.12/site-packages/airflow/example_dags/example_python_decorator.py
[2026-03-06T22:41:04.465+0000] {logging_mixin.py:188} INFO - [2026-03-06T22:41:04.465+0000] {dag.py:3096} INFO - Sync 1 DAGs
[2026-03-06T22:41:04.485+0000] {logging_mixin.py:188} INFO - [2026-03-06T22:41:04.485+0000] {dag.py:3954} INFO - Setting next_dagrun for example_python_decorator to None, run_after=None
[2026-03-06T22:41:04.523+0000] {processor.py:183} INFO - Processing /home/airflow/.local/lib/python3.12/site-packages/airflow/example_dags/example_python_decorator.py took 0.118 seconds
