[2026-03-06T22:30:45.133+0000] {processor.py:161} INFO - Started process (PID=73) to work on /home/airflow/.local/lib/python3.12/site-packages/airflow/example_dags/example_bash_decorator.py
[2026-03-06T22:30:45.134+0000] {processor.py:830} INFO - Processing file /home/airflow/.local/lib/python3.12/site-packages/airflow/example_dags/example_bash_decorator.py for tasks to queue
[2026-03-06T22:30:45.138+0000] {logging_mixin.py:188} INFO - [2026-03-06T22:30:45.137+0000] {dagbag.py:545} INFO - Filling up the DagBag from /home/airflow/.local/lib/python3.12/site-packages/airflow/example_dags/example_bash_decorator.py
[2026-03-06T22:30:45.173+0000] {processor.py:840} INFO - DAG(s) 'example_bash_decorator' retrieved from /home/airflow/.local/lib/python3.12/site-packages/airflow/example_dags/example_bash_decorator.py
[2026-03-06T22:30:45.320+0000] {logging_mixin.py:188} INFO - [2026-03-06T22:30:45.319+0000] {override.py:1829} INFO - Created Permission View: can delete on DAG:example_bash_decorator
[2026-03-06T22:30:45.333+0000] {logging_mixin.py:188} INFO - [2026-03-06T22:30:45.332+0000] {override.py:1829} INFO - Created Permission View: can read on DAG:example_bash_decorator
[2026-03-06T22:30:45.341+0000] {logging_mixin.py:188} INFO - [2026-03-06T22:30:45.341+0000] {override.py:1829} INFO - Created Permission View: can edit on DAG:example_bash_decorator
[2026-03-06T22:30:45.342+0000] {logging_mixin.py:188} INFO - [2026-03-06T22:30:45.342+0000] {dag.py:3096} INFO - Sync 1 DAGs
[2026-03-06T22:30:45.357+0000] {logging_mixin.py:188} INFO - [2026-03-06T22:30:45.356+0000] {dag.py:3118} INFO - Creating ORM DAG for example_bash_decorator
[2026-03-06T22:30:45.358+0000] {logging_mixin.py:188} INFO - [2026-03-06T22:30:45.358+0000] {dag.py:3954} INFO - Setting next_dagrun for example_bash_decorator to None, run_after=None
[2026-03-06T22:30:45.379+0000] {processor.py:183} INFO - Processing /home/airflow/.local/lib/python3.12/site-packages/airflow/example_dags/example_bash_decorator.py took 0.253 seconds
[2026-03-06T22:31:19.772+0000] {processor.py:161} INFO - Started process (PID=53) to work on /home/airflow/.local/lib/python3.12/site-packages/airflow/example_dags/example_bash_decorator.py
[2026-03-06T22:31:19.774+0000] {processor.py:830} INFO - Processing file /home/airflow/.local/lib/python3.12/site-packages/airflow/example_dags/example_bash_decorator.py for tasks to queue
[2026-03-06T22:31:19.776+0000] {logging_mixin.py:188} INFO - [2026-03-06T22:31:19.776+0000] {dagbag.py:545} INFO - Filling up the DagBag from /home/airflow/.local/lib/python3.12/site-packages/airflow/example_dags/example_bash_decorator.py
[2026-03-06T22:31:19.796+0000] {processor.py:840} INFO - DAG(s) 'example_bash_decorator' retrieved from /home/airflow/.local/lib/python3.12/site-packages/airflow/example_dags/example_bash_decorator.py
[2026-03-06T22:31:19.947+0000] {logging_mixin.py:188} INFO - [2026-03-06T22:31:19.947+0000] {dag.py:3096} INFO - Sync 1 DAGs
[2026-03-06T22:31:19.965+0000] {logging_mixin.py:188} INFO - [2026-03-06T22:31:19.964+0000] {dag.py:3954} INFO - Setting next_dagrun for example_bash_decorator to None, run_after=None
[2026-03-06T22:31:20.003+0000] {processor.py:183} INFO - Processing /home/airflow/.local/lib/python3.12/site-packages/airflow/example_dags/example_bash_decorator.py took 0.237 seconds
[2026-03-06T22:31:50.320+0000] {processor.py:161} INFO - Started process (PID=111) to work on /home/airflow/.local/lib/python3.12/site-packages/airflow/example_dags/example_bash_decorator.py
[2026-03-06T22:31:50.321+0000] {processor.py:830} INFO - Processing file /home/airflow/.local/lib/python3.12/site-packages/airflow/example_dags/example_bash_decorator.py for tasks to queue
[2026-03-06T22:31:50.326+0000] {logging_mixin.py:188} INFO - [2026-03-06T22:31:50.325+0000] {dagbag.py:545} INFO - Filling up the DagBag from /home/airflow/.local/lib/python3.12/site-packages/airflow/example_dags/example_bash_decorator.py
[2026-03-06T22:31:50.353+0000] {processor.py:840} INFO - DAG(s) 'example_bash_decorator' retrieved from /home/airflow/.local/lib/python3.12/site-packages/airflow/example_dags/example_bash_decorator.py
[2026-03-06T22:31:50.391+0000] {logging_mixin.py:188} INFO - [2026-03-06T22:31:50.391+0000] {dag.py:3096} INFO - Sync 1 DAGs
[2026-03-06T22:31:50.410+0000] {logging_mixin.py:188} INFO - [2026-03-06T22:31:50.409+0000] {dag.py:3954} INFO - Setting next_dagrun for example_bash_decorator to None, run_after=None
[2026-03-06T22:31:50.453+0000] {processor.py:183} INFO - Processing /home/airflow/.local/lib/python3.12/site-packages/airflow/example_dags/example_bash_decorator.py took 0.142 seconds
[2026-03-06T22:32:20.744+0000] {processor.py:161} INFO - Started process (PID=169) to work on /home/airflow/.local/lib/python3.12/site-packages/airflow/example_dags/example_bash_decorator.py
[2026-03-06T22:32:20.745+0000] {processor.py:830} INFO - Processing file /home/airflow/.local/lib/python3.12/site-packages/airflow/example_dags/example_bash_decorator.py for tasks to queue
[2026-03-06T22:32:20.748+0000] {logging_mixin.py:188} INFO - [2026-03-06T22:32:20.748+0000] {dagbag.py:545} INFO - Filling up the DagBag from /home/airflow/.local/lib/python3.12/site-packages/airflow/example_dags/example_bash_decorator.py
[2026-03-06T22:32:20.765+0000] {processor.py:840} INFO - DAG(s) 'example_bash_decorator' retrieved from /home/airflow/.local/lib/python3.12/site-packages/airflow/example_dags/example_bash_decorator.py
[2026-03-06T22:32:20.799+0000] {logging_mixin.py:188} INFO - [2026-03-06T22:32:20.799+0000] {dag.py:3096} INFO - Sync 1 DAGs
[2026-03-06T22:32:20.815+0000] {logging_mixin.py:188} INFO - [2026-03-06T22:32:20.815+0000] {dag.py:3954} INFO - Setting next_dagrun for example_bash_decorator to None, run_after=None
[2026-03-06T22:32:20.851+0000] {processor.py:183} INFO - Processing /home/airflow/.local/lib/python3.12/site-packages/airflow/example_dags/example_bash_decorator.py took 0.113 seconds
[2026-03-06T22:32:51.036+0000] {processor.py:161} INFO - Started process (PID=227) to work on /home/airflow/.local/lib/python3.12/site-packages/airflow/example_dags/example_bash_decorator.py
[2026-03-06T22:32:51.037+0000] {processor.py:830} INFO - Processing file /home/airflow/.local/lib/python3.12/site-packages/airflow/example_dags/example_bash_decorator.py for tasks to queue
[2026-03-06T22:32:51.040+0000] {logging_mixin.py:188} INFO - [2026-03-06T22:32:51.039+0000] {dagbag.py:545} INFO - Filling up the DagBag from /home/airflow/.local/lib/python3.12/site-packages/airflow/example_dags/example_bash_decorator.py
[2026-03-06T22:32:51.061+0000] {processor.py:840} INFO - DAG(s) 'example_bash_decorator' retrieved from /home/airflow/.local/lib/python3.12/site-packages/airflow/example_dags/example_bash_decorator.py
[2026-03-06T22:32:51.076+0000] {logging_mixin.py:188} INFO - [2026-03-06T22:32:51.076+0000] {dag.py:3096} INFO - Sync 1 DAGs
[2026-03-06T22:32:51.101+0000] {logging_mixin.py:188} INFO - [2026-03-06T22:32:51.100+0000] {dag.py:3954} INFO - Setting next_dagrun for example_bash_decorator to None, run_after=None
[2026-03-06T22:32:51.133+0000] {processor.py:183} INFO - Processing /home/airflow/.local/lib/python3.12/site-packages/airflow/example_dags/example_bash_decorator.py took 0.104 seconds
[2026-03-06T22:33:21.926+0000] {processor.py:161} INFO - Started process (PID=285) to work on /home/airflow/.local/lib/python3.12/site-packages/airflow/example_dags/example_bash_decorator.py
[2026-03-06T22:33:21.929+0000] {processor.py:830} INFO - Processing file /home/airflow/.local/lib/python3.12/site-packages/airflow/example_dags/example_bash_decorator.py for tasks to queue
[2026-03-06T22:33:21.935+0000] {logging_mixin.py:188} INFO - [2026-03-06T22:33:21.933+0000] {dagbag.py:545} INFO - Filling up the DagBag from /home/airflow/.local/lib/python3.12/site-packages/airflow/example_dags/example_bash_decorator.py
[2026-03-06T22:33:21.976+0000] {processor.py:840} INFO - DAG(s) 'example_bash_decorator' retrieved from /home/airflow/.local/lib/python3.12/site-packages/airflow/example_dags/example_bash_decorator.py
[2026-03-06T22:33:22.192+0000] {logging_mixin.py:188} INFO - [2026-03-06T22:33:22.192+0000] {dag.py:3096} INFO - Sync 1 DAGs
[2026-03-06T22:33:22.208+0000] {logging_mixin.py:188} INFO - [2026-03-06T22:33:22.208+0000] {dag.py:3954} INFO - Setting next_dagrun for example_bash_decorator to None, run_after=None
[2026-03-06T22:33:22.242+0000] {processor.py:183} INFO - Processing /home/airflow/.local/lib/python3.12/site-packages/airflow/example_dags/example_bash_decorator.py took 0.327 seconds
[2026-03-06T22:33:52.380+0000] {processor.py:161} INFO - Started process (PID=343) to work on /home/airflow/.local/lib/python3.12/site-packages/airflow/example_dags/example_bash_decorator.py
[2026-03-06T22:33:52.381+0000] {processor.py:830} INFO - Processing file /home/airflow/.local/lib/python3.12/site-packages/airflow/example_dags/example_bash_decorator.py for tasks to queue
[2026-03-06T22:33:52.385+0000] {logging_mixin.py:188} INFO - [2026-03-06T22:33:52.384+0000] {dagbag.py:545} INFO - Filling up the DagBag from /home/airflow/.local/lib/python3.12/site-packages/airflow/example_dags/example_bash_decorator.py
[2026-03-06T22:33:52.402+0000] {processor.py:840} INFO - DAG(s) 'example_bash_decorator' retrieved from /home/airflow/.local/lib/python3.12/site-packages/airflow/example_dags/example_bash_decorator.py
[2026-03-06T22:33:52.430+0000] {logging_mixin.py:188} INFO - [2026-03-06T22:33:52.430+0000] {dag.py:3096} INFO - Sync 1 DAGs
[2026-03-06T22:33:52.447+0000] {logging_mixin.py:188} INFO - [2026-03-06T22:33:52.447+0000] {dag.py:3954} INFO - Setting next_dagrun for example_bash_decorator to None, run_after=None
[2026-03-06T22:33:52.472+0000] {processor.py:183} INFO - Processing /home/airflow/.local/lib/python3.12/site-packages/airflow/example_dags/example_bash_decorator.py took 0.099 seconds
[2026-03-06T22:34:22.745+0000] {processor.py:161} INFO - Started process (PID=401) to work on /home/airflow/.local/lib/python3.12/site-packages/airflow/example_dags/example_bash_decorator.py
[2026-03-06T22:34:22.746+0000] {processor.py:830} INFO - Processing file /home/airflow/.local/lib/python3.12/site-packages/airflow/example_dags/example_bash_decorator.py for tasks to queue
[2026-03-06T22:34:22.750+0000] {logging_mixin.py:188} INFO - [2026-03-06T22:34:22.749+0000] {dagbag.py:545} INFO - Filling up the DagBag from /home/airflow/.local/lib/python3.12/site-packages/airflow/example_dags/example_bash_decorator.py
[2026-03-06T22:34:22.771+0000] {processor.py:840} INFO - DAG(s) 'example_bash_decorator' retrieved from /home/airflow/.local/lib/python3.12/site-packages/airflow/example_dags/example_bash_decorator.py
[2026-03-06T22:34:22.803+0000] {logging_mixin.py:188} INFO - [2026-03-06T22:34:22.802+0000] {dag.py:3096} INFO - Sync 1 DAGs
[2026-03-06T22:34:22.820+0000] {logging_mixin.py:188} INFO - [2026-03-06T22:34:22.820+0000] {dag.py:3954} INFO - Setting next_dagrun for example_bash_decorator to None, run_after=None
[2026-03-06T22:34:22.847+0000] {processor.py:183} INFO - Processing /home/airflow/.local/lib/python3.12/site-packages/airflow/example_dags/example_bash_decorator.py took 0.112 seconds
[2026-03-06T22:34:53.049+0000] {processor.py:161} INFO - Started process (PID=459) to work on /home/airflow/.local/lib/python3.12/site-packages/airflow/example_dags/example_bash_decorator.py
[2026-03-06T22:34:53.051+0000] {processor.py:830} INFO - Processing file /home/airflow/.local/lib/python3.12/site-packages/airflow/example_dags/example_bash_decorator.py for tasks to queue
[2026-03-06T22:34:53.054+0000] {logging_mixin.py:188} INFO - [2026-03-06T22:34:53.054+0000] {dagbag.py:545} INFO - Filling up the DagBag from /home/airflow/.local/lib/python3.12/site-packages/airflow/example_dags/example_bash_decorator.py
[2026-03-06T22:34:53.075+0000] {processor.py:840} INFO - DAG(s) 'example_bash_decorator' retrieved from /home/airflow/.local/lib/python3.12/site-packages/airflow/example_dags/example_bash_decorator.py
[2026-03-06T22:34:53.107+0000] {logging_mixin.py:188} INFO - [2026-03-06T22:34:53.107+0000] {dag.py:3096} INFO - Sync 1 DAGs
[2026-03-06T22:34:53.132+0000] {logging_mixin.py:188} INFO - [2026-03-06T22:34:53.132+0000] {dag.py:3954} INFO - Setting next_dagrun for example_bash_decorator to None, run_after=None
[2026-03-06T22:34:53.175+0000] {processor.py:183} INFO - Processing /home/airflow/.local/lib/python3.12/site-packages/airflow/example_dags/example_bash_decorator.py took 0.134 seconds
[2026-03-06T22:35:23.462+0000] {processor.py:161} INFO - Started process (PID=517) to work on /home/airflow/.local/lib/python3.12/site-packages/airflow/example_dags/example_bash_decorator.py
[2026-03-06T22:35:23.463+0000] {processor.py:830} INFO - Processing file /home/airflow/.local/lib/python3.12/site-packages/airflow/example_dags/example_bash_decorator.py for tasks to queue
[2026-03-06T22:35:23.466+0000] {logging_mixin.py:188} INFO - [2026-03-06T22:35:23.465+0000] {dagbag.py:545} INFO - Filling up the DagBag from /home/airflow/.local/lib/python3.12/site-packages/airflow/example_dags/example_bash_decorator.py
[2026-03-06T22:35:23.483+0000] {processor.py:840} INFO - DAG(s) 'example_bash_decorator' retrieved from /home/airflow/.local/lib/python3.12/site-packages/airflow/example_dags/example_bash_decorator.py
[2026-03-06T22:35:23.513+0000] {logging_mixin.py:188} INFO - [2026-03-06T22:35:23.512+0000] {dag.py:3096} INFO - Sync 1 DAGs
[2026-03-06T22:35:23.529+0000] {logging_mixin.py:188} INFO - [2026-03-06T22:35:23.529+0000] {dag.py:3954} INFO - Setting next_dagrun for example_bash_decorator to None, run_after=None
[2026-03-06T22:35:23.559+0000] {processor.py:183} INFO - Processing /home/airflow/.local/lib/python3.12/site-packages/airflow/example_dags/example_bash_decorator.py took 0.108 seconds
[2026-03-06T22:35:53.647+0000] {processor.py:161} INFO - Started process (PID=574) to work on /home/airflow/.local/lib/python3.12/site-packages/airflow/example_dags/example_bash_decorator.py
[2026-03-06T22:35:53.648+0000] {processor.py:830} INFO - Processing file /home/airflow/.local/lib/python3.12/site-packages/airflow/example_dags/example_bash_decorator.py for tasks to queue
[2026-03-06T22:35:53.651+0000] {logging_mixin.py:188} INFO - [2026-03-06T22:35:53.650+0000] {dagbag.py:545} INFO - Filling up the DagBag from /home/airflow/.local/lib/python3.12/site-packages/airflow/example_dags/example_bash_decorator.py
[2026-03-06T22:35:53.667+0000] {processor.py:840} INFO - DAG(s) 'example_bash_decorator' retrieved from /home/airflow/.local/lib/python3.12/site-packages/airflow/example_dags/example_bash_decorator.py
[2026-03-06T22:35:53.694+0000] {logging_mixin.py:188} INFO - [2026-03-06T22:35:53.694+0000] {dag.py:3096} INFO - Sync 1 DAGs
[2026-03-06T22:35:53.710+0000] {logging_mixin.py:188} INFO - [2026-03-06T22:35:53.709+0000] {dag.py:3954} INFO - Setting next_dagrun for example_bash_decorator to None, run_after=None
[2026-03-06T22:35:53.732+0000] {processor.py:183} INFO - Processing /home/airflow/.local/lib/python3.12/site-packages/airflow/example_dags/example_bash_decorator.py took 0.092 seconds
[2026-03-06T22:36:24.007+0000] {processor.py:161} INFO - Started process (PID=632) to work on /home/airflow/.local/lib/python3.12/site-packages/airflow/example_dags/example_bash_decorator.py
[2026-03-06T22:36:24.008+0000] {processor.py:830} INFO - Processing file /home/airflow/.local/lib/python3.12/site-packages/airflow/example_dags/example_bash_decorator.py for tasks to queue
[2026-03-06T22:36:24.011+0000] {logging_mixin.py:188} INFO - [2026-03-06T22:36:24.010+0000] {dagbag.py:545} INFO - Filling up the DagBag from /home/airflow/.local/lib/python3.12/site-packages/airflow/example_dags/example_bash_decorator.py
[2026-03-06T22:36:24.027+0000] {processor.py:840} INFO - DAG(s) 'example_bash_decorator' retrieved from /home/airflow/.local/lib/python3.12/site-packages/airflow/example_dags/example_bash_decorator.py
[2026-03-06T22:36:24.067+0000] {logging_mixin.py:188} INFO - [2026-03-06T22:36:24.066+0000] {dag.py:3096} INFO - Sync 1 DAGs
[2026-03-06T22:36:24.087+0000] {logging_mixin.py:188} INFO - [2026-03-06T22:36:24.087+0000] {dag.py:3954} INFO - Setting next_dagrun for example_bash_decorator to None, run_after=None
[2026-03-06T22:36:24.113+0000] {processor.py:183} INFO - Processing /home/airflow/.local/lib/python3.12/site-packages/airflow/example_dags/example_bash_decorator.py took 0.114 seconds
[2026-03-06T22:36:54.300+0000] {processor.py:161} INFO - Started process (PID=696) to work on /home/airflow/.local/lib/python3.12/site-packages/airflow/example_dags/example_bash_decorator.py
[2026-03-06T22:36:54.301+0000] {processor.py:830} INFO - Processing file /home/airflow/.local/lib/python3.12/site-packages/airflow/example_dags/example_bash_decorator.py for tasks to queue
[2026-03-06T22:36:54.303+0000] {logging_mixin.py:188} INFO - [2026-03-06T22:36:54.303+0000] {dagbag.py:545} INFO - Filling up the DagBag from /home/airflow/.local/lib/python3.12/site-packages/airflow/example_dags/example_bash_decorator.py
[2026-03-06T22:36:54.319+0000] {processor.py:840} INFO - DAG(s) 'example_bash_decorator' retrieved from /home/airflow/.local/lib/python3.12/site-packages/airflow/example_dags/example_bash_decorator.py
[2026-03-06T22:36:54.345+0000] {logging_mixin.py:188} INFO - [2026-03-06T22:36:54.345+0000] {dag.py:3096} INFO - Sync 1 DAGs
[2026-03-06T22:36:54.361+0000] {logging_mixin.py:188} INFO - [2026-03-06T22:36:54.361+0000] {dag.py:3954} INFO - Setting next_dagrun for example_bash_decorator to None, run_after=None
[2026-03-06T22:36:54.384+0000] {processor.py:183} INFO - Processing /home/airflow/.local/lib/python3.12/site-packages/airflow/example_dags/example_bash_decorator.py took 0.090 seconds
[2026-03-06T22:37:24.858+0000] {processor.py:161} INFO - Started process (PID=754) to work on /home/airflow/.local/lib/python3.12/site-packages/airflow/example_dags/example_bash_decorator.py
[2026-03-06T22:37:24.859+0000] {processor.py:830} INFO - Processing file /home/airflow/.local/lib/python3.12/site-packages/airflow/example_dags/example_bash_decorator.py for tasks to queue
[2026-03-06T22:37:24.861+0000] {logging_mixin.py:188} INFO - [2026-03-06T22:37:24.861+0000] {dagbag.py:545} INFO - Filling up the DagBag from /home/airflow/.local/lib/python3.12/site-packages/airflow/example_dags/example_bash_decorator.py
[2026-03-06T22:37:24.878+0000] {processor.py:840} INFO - DAG(s) 'example_bash_decorator' retrieved from /home/airflow/.local/lib/python3.12/site-packages/airflow/example_dags/example_bash_decorator.py
[2026-03-06T22:37:24.908+0000] {logging_mixin.py:188} INFO - [2026-03-06T22:37:24.908+0000] {dag.py:3096} INFO - Sync 1 DAGs
[2026-03-06T22:37:24.925+0000] {logging_mixin.py:188} INFO - [2026-03-06T22:37:24.924+0000] {dag.py:3954} INFO - Setting next_dagrun for example_bash_decorator to None, run_after=None
[2026-03-06T22:37:24.950+0000] {processor.py:183} INFO - Processing /home/airflow/.local/lib/python3.12/site-packages/airflow/example_dags/example_bash_decorator.py took 0.100 seconds
[2026-03-06T22:37:55.310+0000] {processor.py:161} INFO - Started process (PID=812) to work on /home/airflow/.local/lib/python3.12/site-packages/airflow/example_dags/example_bash_decorator.py
[2026-03-06T22:37:55.312+0000] {processor.py:830} INFO - Processing file /home/airflow/.local/lib/python3.12/site-packages/airflow/example_dags/example_bash_decorator.py for tasks to queue
[2026-03-06T22:37:55.317+0000] {logging_mixin.py:188} INFO - [2026-03-06T22:37:55.316+0000] {dagbag.py:545} INFO - Filling up the DagBag from /home/airflow/.local/lib/python3.12/site-packages/airflow/example_dags/example_bash_decorator.py
[2026-03-06T22:37:55.335+0000] {processor.py:840} INFO - DAG(s) 'example_bash_decorator' retrieved from /home/airflow/.local/lib/python3.12/site-packages/airflow/example_dags/example_bash_decorator.py
[2026-03-06T22:37:55.366+0000] {logging_mixin.py:188} INFO - [2026-03-06T22:37:55.365+0000] {dag.py:3096} INFO - Sync 1 DAGs
[2026-03-06T22:37:55.386+0000] {logging_mixin.py:188} INFO - [2026-03-06T22:37:55.386+0000] {dag.py:3954} INFO - Setting next_dagrun for example_bash_decorator to None, run_after=None
[2026-03-06T22:37:55.410+0000] {processor.py:183} INFO - Processing /home/airflow/.local/lib/python3.12/site-packages/airflow/example_dags/example_bash_decorator.py took 0.108 seconds
[2026-03-06T22:38:25.609+0000] {processor.py:161} INFO - Started process (PID=870) to work on /home/airflow/.local/lib/python3.12/site-packages/airflow/example_dags/example_bash_decorator.py
[2026-03-06T22:38:25.610+0000] {processor.py:830} INFO - Processing file /home/airflow/.local/lib/python3.12/site-packages/airflow/example_dags/example_bash_decorator.py for tasks to queue
[2026-03-06T22:38:25.613+0000] {logging_mixin.py:188} INFO - [2026-03-06T22:38:25.613+0000] {dagbag.py:545} INFO - Filling up the DagBag from /home/airflow/.local/lib/python3.12/site-packages/airflow/example_dags/example_bash_decorator.py
[2026-03-06T22:38:25.631+0000] {processor.py:840} INFO - DAG(s) 'example_bash_decorator' retrieved from /home/airflow/.local/lib/python3.12/site-packages/airflow/example_dags/example_bash_decorator.py
[2026-03-06T22:38:25.661+0000] {logging_mixin.py:188} INFO - [2026-03-06T22:38:25.661+0000] {dag.py:3096} INFO - Sync 1 DAGs
[2026-03-06T22:38:25.677+0000] {logging_mixin.py:188} INFO - [2026-03-06T22:38:25.676+0000] {dag.py:3954} INFO - Setting next_dagrun for example_bash_decorator to None, run_after=None
[2026-03-06T22:38:25.701+0000] {processor.py:183} INFO - Processing /home/airflow/.local/lib/python3.12/site-packages/airflow/example_dags/example_bash_decorator.py took 0.100 seconds
[2026-03-06T22:38:56.304+0000] {processor.py:161} INFO - Started process (PID=928) to work on /home/airflow/.local/lib/python3.12/site-packages/airflow/example_dags/example_bash_decorator.py
[2026-03-06T22:38:56.308+0000] {processor.py:830} INFO - Processing file /home/airflow/.local/lib/python3.12/site-packages/airflow/example_dags/example_bash_decorator.py for tasks to queue
[2026-03-06T22:38:56.311+0000] {logging_mixin.py:188} INFO - [2026-03-06T22:38:56.311+0000] {dagbag.py:545} INFO - Filling up the DagBag from /home/airflow/.local/lib/python3.12/site-packages/airflow/example_dags/example_bash_decorator.py
[2026-03-06T22:38:56.331+0000] {processor.py:840} INFO - DAG(s) 'example_bash_decorator' retrieved from /home/airflow/.local/lib/python3.12/site-packages/airflow/example_dags/example_bash_decorator.py
[2026-03-06T22:38:56.370+0000] {logging_mixin.py:188} INFO - [2026-03-06T22:38:56.369+0000] {dag.py:3096} INFO - Sync 1 DAGs
[2026-03-06T22:38:56.389+0000] {logging_mixin.py:188} INFO - [2026-03-06T22:38:56.389+0000] {dag.py:3954} INFO - Setting next_dagrun for example_bash_decorator to None, run_after=None
[2026-03-06T22:38:56.416+0000] {processor.py:183} INFO - Processing /home/airflow/.local/lib/python3.12/site-packages/airflow/example_dags/example_bash_decorator.py took 0.119 seconds
[2026-03-06T22:39:26.559+0000] {processor.py:161} INFO - Started process (PID=986) to work on /home/airflow/.local/lib/python3.12/site-packages/airflow/example_dags/example_bash_decorator.py
[2026-03-06T22:39:26.560+0000] {processor.py:830} INFO - Processing file /home/airflow/.local/lib/python3.12/site-packages/airflow/example_dags/example_bash_decorator.py for tasks to queue
[2026-03-06T22:39:26.563+0000] {logging_mixin.py:188} INFO - [2026-03-06T22:39:26.562+0000] {dagbag.py:545} INFO - Filling up the DagBag from /home/airflow/.local/lib/python3.12/site-packages/airflow/example_dags/example_bash_decorator.py
[2026-03-06T22:39:26.579+0000] {processor.py:840} INFO - DAG(s) 'example_bash_decorator' retrieved from /home/airflow/.local/lib/python3.12/site-packages/airflow/example_dags/example_bash_decorator.py
[2026-03-06T22:39:26.607+0000] {logging_mixin.py:188} INFO - [2026-03-06T22:39:26.606+0000] {dag.py:3096} INFO - Sync 1 DAGs
[2026-03-06T22:39:26.628+0000] {logging_mixin.py:188} INFO - [2026-03-06T22:39:26.628+0000] {dag.py:3954} INFO - Setting next_dagrun for example_bash_decorator to None, run_after=None
[2026-03-06T22:39:26.653+0000] {processor.py:183} INFO - Processing /home/airflow/.local/lib/python3.12/site-packages/airflow/example_dags/example_bash_decorator.py took 0.102 seconds
[2026-03-06T22:39:56.793+0000] {processor.py:161} INFO - Started process (PID=1044) to work on /home/airflow/.local/lib/python3.12/site-packages/airflow/example_dags/example_bash_decorator.py
[2026-03-06T22:39:56.795+0000] {processor.py:830} INFO - Processing file /home/airflow/.local/lib/python3.12/site-packages/airflow/example_dags/example_bash_decorator.py for tasks to queue
[2026-03-06T22:39:56.797+0000] {logging_mixin.py:188} INFO - [2026-03-06T22:39:56.797+0000] {dagbag.py:545} INFO - Filling up the DagBag from /home/airflow/.local/lib/python3.12/site-packages/airflow/example_dags/example_bash_decorator.py
[2026-03-06T22:39:56.814+0000] {processor.py:840} INFO - DAG(s) 'example_bash_decorator' retrieved from /home/airflow/.local/lib/python3.12/site-packages/airflow/example_dags/example_bash_decorator.py
[2026-03-06T22:39:56.840+0000] {logging_mixin.py:188} INFO - [2026-03-06T22:39:56.840+0000] {dag.py:3096} INFO - Sync 1 DAGs
[2026-03-06T22:39:56.857+0000] {logging_mixin.py:188} INFO - [2026-03-06T22:39:56.857+0000] {dag.py:3954} INFO - Setting next_dagrun for example_bash_decorator to None, run_after=None
[2026-03-06T22:39:56.880+0000] {processor.py:183} INFO - Processing /home/airflow/.local/lib/python3.12/site-packages/airflow/example_dags/example_bash_decorator.py took 0.094 seconds
[2026-03-06T22:40:27.086+0000] {processor.py:161} INFO - Started process (PID=1102) to work on /home/airflow/.local/lib/python3.12/site-packages/airflow/example_dags/example_bash_decorator.py
[2026-03-06T22:40:27.087+0000] {processor.py:830} INFO - Processing file /home/airflow/.local/lib/python3.12/site-packages/airflow/example_dags/example_bash_decorator.py for tasks to queue
[2026-03-06T22:40:27.090+0000] {logging_mixin.py:188} INFO - [2026-03-06T22:40:27.089+0000] {dagbag.py:545} INFO - Filling up the DagBag from /home/airflow/.local/lib/python3.12/site-packages/airflow/example_dags/example_bash_decorator.py
[2026-03-06T22:40:27.109+0000] {processor.py:840} INFO - DAG(s) 'example_bash_decorator' retrieved from /home/airflow/.local/lib/python3.12/site-packages/airflow/example_dags/example_bash_decorator.py
[2026-03-06T22:40:27.139+0000] {logging_mixin.py:188} INFO - [2026-03-06T22:40:27.139+0000] {dag.py:3096} INFO - Sync 1 DAGs
[2026-03-06T22:40:27.157+0000] {logging_mixin.py:188} INFO - [2026-03-06T22:40:27.157+0000] {dag.py:3954} INFO - Setting next_dagrun for example_bash_decorator to None, run_after=None
[2026-03-06T22:40:27.192+0000] {processor.py:183} INFO - Processing /home/airflow/.local/lib/python3.12/site-packages/airflow/example_dags/example_bash_decorator.py took 0.113 seconds
[2026-03-06T22:40:57.480+0000] {processor.py:161} INFO - Started process (PID=1160) to work on /home/airflow/.local/lib/python3.12/site-packages/airflow/example_dags/example_bash_decorator.py
[2026-03-06T22:40:57.481+0000] {processor.py:830} INFO - Processing file /home/airflow/.local/lib/python3.12/site-packages/airflow/example_dags/example_bash_decorator.py for tasks to queue
[2026-03-06T22:40:57.483+0000] {logging_mixin.py:188} INFO - [2026-03-06T22:40:57.483+0000] {dagbag.py:545} INFO - Filling up the DagBag from /home/airflow/.local/lib/python3.12/site-packages/airflow/example_dags/example_bash_decorator.py
[2026-03-06T22:40:57.502+0000] {processor.py:840} INFO - DAG(s) 'example_bash_decorator' retrieved from /home/airflow/.local/lib/python3.12/site-packages/airflow/example_dags/example_bash_decorator.py
[2026-03-06T22:40:57.531+0000] {logging_mixin.py:188} INFO - [2026-03-06T22:40:57.530+0000] {dag.py:3096} INFO - Sync 1 DAGs
[2026-03-06T22:40:57.548+0000] {logging_mixin.py:188} INFO - [2026-03-06T22:40:57.548+0000] {dag.py:3954} INFO - Setting next_dagrun for example_bash_decorator to None, run_after=None
[2026-03-06T22:40:57.572+0000] {processor.py:183} INFO - Processing /home/airflow/.local/lib/python3.12/site-packages/airflow/example_dags/example_bash_decorator.py took 0.100 seconds
