[2026-03-06T22:30:47.881+0000] {processor.py:161} INFO - Started process (PID=88) to work on /home/airflow/.local/lib/python3.12/site-packages/airflow/example_dags/example_xcomargs.py
[2026-03-06T22:30:47.882+0000] {processor.py:830} INFO - Processing file /home/airflow/.local/lib/python3.12/site-packages/airflow/example_dags/example_xcomargs.py for tasks to queue
[2026-03-06T22:30:47.885+0000] {logging_mixin.py:188} INFO - [2026-03-06T22:30:47.884+0000] {dagbag.py:545} INFO - Filling up the DagBag from /home/airflow/.local/lib/python3.12/site-packages/airflow/example_dags/example_xcomargs.py
[2026-03-06T22:30:47.899+0000] {processor.py:840} INFO - DAG(s) 'example_xcom_args_with_operators', 'example_xcom_args' retrieved from /home/airflow/.local/lib/python3.12/site-packages/airflow/example_dags/example_xcomargs.py
[2026-03-06T22:30:48.047+0000] {logging_mixin.py:188} INFO - [2026-03-06T22:30:48.044+0000] {override.py:1829} INFO - Created Permission View: can delete on DAG:example_xcom_args_with_operators
[2026-03-06T22:30:48.063+0000] {logging_mixin.py:188} INFO - [2026-03-06T22:30:48.062+0000] {override.py:1829} INFO - Created Permission View: can read on DAG:example_xcom_args_with_operators
[2026-03-06T22:30:48.073+0000] {logging_mixin.py:188} INFO - [2026-03-06T22:30:48.073+0000] {override.py:1829} INFO - Created Permission View: can edit on DAG:example_xcom_args_with_operators
[2026-03-06T22:30:48.118+0000] {logging_mixin.py:188} INFO - [2026-03-06T22:30:48.118+0000] {override.py:1829} INFO - Created Permission View: can delete on DAG:example_xcom_args
[2026-03-06T22:30:48.129+0000] {logging_mixin.py:188} INFO - [2026-03-06T22:30:48.129+0000] {override.py:1829} INFO - Created Permission View: can read on DAG:example_xcom_args
[2026-03-06T22:30:48.143+0000] {logging_mixin.py:188} INFO - [2026-03-06T22:30:48.142+0000] {override.py:1829} INFO - Created Permission View: can edit on DAG:example_xcom_args
[2026-03-06T22:30:48.144+0000] {logging_mixin.py:188} INFO - [2026-03-06T22:30:48.143+0000] {dag.py:3096} INFO - Sync 2 DAGs
[2026-03-06T22:30:48.158+0000] {logging_mixin.py:188} INFO - [2026-03-06T22:30:48.158+0000] {dag.py:3118} INFO - Creating ORM DAG for example_xcom_args_with_operators
[2026-03-06T22:30:48.160+0000] {logging_mixin.py:188} INFO - [2026-03-06T22:30:48.160+0000] {dag.py:3118} INFO - Creating ORM DAG for example_xcom_args
[2026-03-06T22:30:48.161+0000] {logging_mixin.py:188} INFO - [2026-03-06T22:30:48.161+0000] {dag.py:3954} INFO - Setting next_dagrun for example_xcom_args to None, run_after=None
[2026-03-06T22:30:48.163+0000] {logging_mixin.py:188} INFO - [2026-03-06T22:30:48.162+0000] {dag.py:3954} INFO - Setting next_dagrun for example_xcom_args_with_operators to None, run_after=None
[2026-03-06T22:30:48.191+0000] {processor.py:183} INFO - Processing /home/airflow/.local/lib/python3.12/site-packages/airflow/example_dags/example_xcomargs.py took 0.317 seconds
[2026-03-06T22:31:21.152+0000] {processor.py:161} INFO - Started process (PID=68) to work on /home/airflow/.local/lib/python3.12/site-packages/airflow/example_dags/example_xcomargs.py
[2026-03-06T22:31:21.153+0000] {processor.py:830} INFO - Processing file /home/airflow/.local/lib/python3.12/site-packages/airflow/example_dags/example_xcomargs.py for tasks to queue
[2026-03-06T22:31:21.157+0000] {logging_mixin.py:188} INFO - [2026-03-06T22:31:21.156+0000] {dagbag.py:545} INFO - Filling up the DagBag from /home/airflow/.local/lib/python3.12/site-packages/airflow/example_dags/example_xcomargs.py
[2026-03-06T22:31:21.173+0000] {processor.py:840} INFO - DAG(s) 'example_xcom_args', 'example_xcom_args_with_operators' retrieved from /home/airflow/.local/lib/python3.12/site-packages/airflow/example_dags/example_xcomargs.py
[2026-03-06T22:31:21.213+0000] {logging_mixin.py:188} INFO - [2026-03-06T22:31:21.212+0000] {dag.py:3096} INFO - Sync 2 DAGs
[2026-03-06T22:31:21.233+0000] {logging_mixin.py:188} INFO - [2026-03-06T22:31:21.233+0000] {dag.py:3954} INFO - Setting next_dagrun for example_xcom_args to None, run_after=None
[2026-03-06T22:31:21.240+0000] {logging_mixin.py:188} INFO - [2026-03-06T22:31:21.240+0000] {dag.py:3954} INFO - Setting next_dagrun for example_xcom_args_with_operators to None, run_after=None
[2026-03-06T22:31:21.271+0000] {processor.py:183} INFO - Processing /home/airflow/.local/lib/python3.12/site-packages/airflow/example_dags/example_xcomargs.py took 0.126 seconds
[2026-03-06T22:31:51.670+0000] {processor.py:161} INFO - Started process (PID=126) to work on /home/airflow/.local/lib/python3.12/site-packages/airflow/example_dags/example_xcomargs.py
[2026-03-06T22:31:51.671+0000] {processor.py:830} INFO - Processing file /home/airflow/.local/lib/python3.12/site-packages/airflow/example_dags/example_xcomargs.py for tasks to queue
[2026-03-06T22:31:51.676+0000] {logging_mixin.py:188} INFO - [2026-03-06T22:31:51.675+0000] {dagbag.py:545} INFO - Filling up the DagBag from /home/airflow/.local/lib/python3.12/site-packages/airflow/example_dags/example_xcomargs.py
[2026-03-06T22:31:51.685+0000] {processor.py:840} INFO - DAG(s) 'example_xcom_args_with_operators', 'example_xcom_args' retrieved from /home/airflow/.local/lib/python3.12/site-packages/airflow/example_dags/example_xcomargs.py
[2026-03-06T22:31:51.715+0000] {logging_mixin.py:188} INFO - [2026-03-06T22:31:51.715+0000] {dag.py:3096} INFO - Sync 2 DAGs
[2026-03-06T22:31:51.737+0000] {logging_mixin.py:188} INFO - [2026-03-06T22:31:51.737+0000] {dag.py:3954} INFO - Setting next_dagrun for example_xcom_args to None, run_after=None
[2026-03-06T22:31:51.744+0000] {logging_mixin.py:188} INFO - [2026-03-06T22:31:51.743+0000] {dag.py:3954} INFO - Setting next_dagrun for example_xcom_args_with_operators to None, run_after=None
[2026-03-06T22:31:51.774+0000] {processor.py:183} INFO - Processing /home/airflow/.local/lib/python3.12/site-packages/airflow/example_dags/example_xcomargs.py took 0.112 seconds
[2026-03-06T22:32:21.989+0000] {processor.py:161} INFO - Started process (PID=184) to work on /home/airflow/.local/lib/python3.12/site-packages/airflow/example_dags/example_xcomargs.py
[2026-03-06T22:32:21.990+0000] {processor.py:830} INFO - Processing file /home/airflow/.local/lib/python3.12/site-packages/airflow/example_dags/example_xcomargs.py for tasks to queue
[2026-03-06T22:32:21.993+0000] {logging_mixin.py:188} INFO - [2026-03-06T22:32:21.993+0000] {dagbag.py:545} INFO - Filling up the DagBag from /home/airflow/.local/lib/python3.12/site-packages/airflow/example_dags/example_xcomargs.py
[2026-03-06T22:32:22.007+0000] {processor.py:840} INFO - DAG(s) 'example_xcom_args', 'example_xcom_args_with_operators' retrieved from /home/airflow/.local/lib/python3.12/site-packages/airflow/example_dags/example_xcomargs.py
[2026-03-06T22:32:22.035+0000] {logging_mixin.py:188} INFO - [2026-03-06T22:32:22.034+0000] {dag.py:3096} INFO - Sync 2 DAGs
[2026-03-06T22:32:22.051+0000] {logging_mixin.py:188} INFO - [2026-03-06T22:32:22.051+0000] {dag.py:3954} INFO - Setting next_dagrun for example_xcom_args to None, run_after=None
[2026-03-06T22:32:22.058+0000] {logging_mixin.py:188} INFO - [2026-03-06T22:32:22.058+0000] {dag.py:3954} INFO - Setting next_dagrun for example_xcom_args_with_operators to None, run_after=None
[2026-03-06T22:32:22.097+0000] {processor.py:183} INFO - Processing /home/airflow/.local/lib/python3.12/site-packages/airflow/example_dags/example_xcomargs.py took 0.115 seconds
[2026-03-06T22:32:52.313+0000] {processor.py:161} INFO - Started process (PID=242) to work on /home/airflow/.local/lib/python3.12/site-packages/airflow/example_dags/example_xcomargs.py
[2026-03-06T22:32:52.314+0000] {processor.py:830} INFO - Processing file /home/airflow/.local/lib/python3.12/site-packages/airflow/example_dags/example_xcomargs.py for tasks to queue
[2026-03-06T22:32:52.317+0000] {logging_mixin.py:188} INFO - [2026-03-06T22:32:52.316+0000] {dagbag.py:545} INFO - Filling up the DagBag from /home/airflow/.local/lib/python3.12/site-packages/airflow/example_dags/example_xcomargs.py
[2026-03-06T22:32:52.327+0000] {processor.py:840} INFO - DAG(s) 'example_xcom_args_with_operators', 'example_xcom_args' retrieved from /home/airflow/.local/lib/python3.12/site-packages/airflow/example_dags/example_xcomargs.py
[2026-03-06T22:32:52.344+0000] {logging_mixin.py:188} INFO - [2026-03-06T22:32:52.344+0000] {dag.py:3096} INFO - Sync 2 DAGs
[2026-03-06T22:32:52.362+0000] {logging_mixin.py:188} INFO - [2026-03-06T22:32:52.362+0000] {dag.py:3954} INFO - Setting next_dagrun for example_xcom_args to None, run_after=None
[2026-03-06T22:32:52.367+0000] {logging_mixin.py:188} INFO - [2026-03-06T22:32:52.367+0000] {dag.py:3954} INFO - Setting next_dagrun for example_xcom_args_with_operators to None, run_after=None
[2026-03-06T22:32:52.395+0000] {processor.py:183} INFO - Processing /home/airflow/.local/lib/python3.12/site-packages/airflow/example_dags/example_xcomargs.py took 0.088 seconds
[2026-03-06T22:33:24.102+0000] {processor.py:161} INFO - Started process (PID=306) to work on /home/airflow/.local/lib/python3.12/site-packages/airflow/example_dags/example_xcomargs.py
[2026-03-06T22:33:24.103+0000] {processor.py:830} INFO - Processing file /home/airflow/.local/lib/python3.12/site-packages/airflow/example_dags/example_xcomargs.py for tasks to queue
[2026-03-06T22:33:24.108+0000] {logging_mixin.py:188} INFO - [2026-03-06T22:33:24.108+0000] {dagbag.py:545} INFO - Filling up the DagBag from /home/airflow/.local/lib/python3.12/site-packages/airflow/example_dags/example_xcomargs.py
[2026-03-06T22:33:24.119+0000] {processor.py:840} INFO - DAG(s) 'example_xcom_args_with_operators', 'example_xcom_args' retrieved from /home/airflow/.local/lib/python3.12/site-packages/airflow/example_dags/example_xcomargs.py
[2026-03-06T22:33:24.285+0000] {logging_mixin.py:188} INFO - [2026-03-06T22:33:24.284+0000] {dag.py:3096} INFO - Sync 2 DAGs
[2026-03-06T22:33:24.301+0000] {logging_mixin.py:188} INFO - [2026-03-06T22:33:24.301+0000] {dag.py:3954} INFO - Setting next_dagrun for example_xcom_args to None, run_after=None
[2026-03-06T22:33:24.305+0000] {logging_mixin.py:188} INFO - [2026-03-06T22:33:24.305+0000] {dag.py:3954} INFO - Setting next_dagrun for example_xcom_args_with_operators to None, run_after=None
[2026-03-06T22:33:24.333+0000] {processor.py:183} INFO - Processing /home/airflow/.local/lib/python3.12/site-packages/airflow/example_dags/example_xcomargs.py took 0.237 seconds
[2026-03-06T22:33:54.756+0000] {processor.py:161} INFO - Started process (PID=364) to work on /home/airflow/.local/lib/python3.12/site-packages/airflow/example_dags/example_xcomargs.py
[2026-03-06T22:33:54.758+0000] {processor.py:830} INFO - Processing file /home/airflow/.local/lib/python3.12/site-packages/airflow/example_dags/example_xcomargs.py for tasks to queue
[2026-03-06T22:33:54.762+0000] {logging_mixin.py:188} INFO - [2026-03-06T22:33:54.760+0000] {dagbag.py:545} INFO - Filling up the DagBag from /home/airflow/.local/lib/python3.12/site-packages/airflow/example_dags/example_xcomargs.py
[2026-03-06T22:33:54.775+0000] {processor.py:840} INFO - DAG(s) 'example_xcom_args_with_operators', 'example_xcom_args' retrieved from /home/airflow/.local/lib/python3.12/site-packages/airflow/example_dags/example_xcomargs.py
[2026-03-06T22:33:54.814+0000] {logging_mixin.py:188} INFO - [2026-03-06T22:33:54.814+0000] {dag.py:3096} INFO - Sync 2 DAGs
[2026-03-06T22:33:54.837+0000] {logging_mixin.py:188} INFO - [2026-03-06T22:33:54.837+0000] {dag.py:3954} INFO - Setting next_dagrun for example_xcom_args to None, run_after=None
[2026-03-06T22:33:54.843+0000] {logging_mixin.py:188} INFO - [2026-03-06T22:33:54.843+0000] {dag.py:3954} INFO - Setting next_dagrun for example_xcom_args_with_operators to None, run_after=None
[2026-03-06T22:33:54.870+0000] {processor.py:183} INFO - Processing /home/airflow/.local/lib/python3.12/site-packages/airflow/example_dags/example_xcomargs.py took 0.124 seconds
[2026-03-06T22:34:25.054+0000] {processor.py:161} INFO - Started process (PID=422) to work on /home/airflow/.local/lib/python3.12/site-packages/airflow/example_dags/example_xcomargs.py
[2026-03-06T22:34:25.055+0000] {processor.py:830} INFO - Processing file /home/airflow/.local/lib/python3.12/site-packages/airflow/example_dags/example_xcomargs.py for tasks to queue
[2026-03-06T22:34:25.058+0000] {logging_mixin.py:188} INFO - [2026-03-06T22:34:25.057+0000] {dagbag.py:545} INFO - Filling up the DagBag from /home/airflow/.local/lib/python3.12/site-packages/airflow/example_dags/example_xcomargs.py
[2026-03-06T22:34:25.073+0000] {processor.py:840} INFO - DAG(s) 'example_xcom_args', 'example_xcom_args_with_operators' retrieved from /home/airflow/.local/lib/python3.12/site-packages/airflow/example_dags/example_xcomargs.py
[2026-03-06T22:34:25.110+0000] {logging_mixin.py:188} INFO - [2026-03-06T22:34:25.109+0000] {dag.py:3096} INFO - Sync 2 DAGs
[2026-03-06T22:34:25.127+0000] {logging_mixin.py:188} INFO - [2026-03-06T22:34:25.127+0000] {dag.py:3954} INFO - Setting next_dagrun for example_xcom_args to None, run_after=None
[2026-03-06T22:34:25.132+0000] {logging_mixin.py:188} INFO - [2026-03-06T22:34:25.132+0000] {dag.py:3954} INFO - Setting next_dagrun for example_xcom_args_with_operators to None, run_after=None
[2026-03-06T22:34:25.158+0000] {processor.py:183} INFO - Processing /home/airflow/.local/lib/python3.12/site-packages/airflow/example_dags/example_xcomargs.py took 0.111 seconds
[2026-03-06T22:34:55.298+0000] {processor.py:161} INFO - Started process (PID=480) to work on /home/airflow/.local/lib/python3.12/site-packages/airflow/example_dags/example_xcomargs.py
[2026-03-06T22:34:55.299+0000] {processor.py:830} INFO - Processing file /home/airflow/.local/lib/python3.12/site-packages/airflow/example_dags/example_xcomargs.py for tasks to queue
[2026-03-06T22:34:55.302+0000] {logging_mixin.py:188} INFO - [2026-03-06T22:34:55.301+0000] {dagbag.py:545} INFO - Filling up the DagBag from /home/airflow/.local/lib/python3.12/site-packages/airflow/example_dags/example_xcomargs.py
[2026-03-06T22:34:55.312+0000] {processor.py:840} INFO - DAG(s) 'example_xcom_args_with_operators', 'example_xcom_args' retrieved from /home/airflow/.local/lib/python3.12/site-packages/airflow/example_dags/example_xcomargs.py
[2026-03-06T22:34:55.339+0000] {logging_mixin.py:188} INFO - [2026-03-06T22:34:55.339+0000] {dag.py:3096} INFO - Sync 2 DAGs
[2026-03-06T22:34:55.356+0000] {logging_mixin.py:188} INFO - [2026-03-06T22:34:55.356+0000] {dag.py:3954} INFO - Setting next_dagrun for example_xcom_args to None, run_after=None
[2026-03-06T22:34:55.362+0000] {logging_mixin.py:188} INFO - [2026-03-06T22:34:55.361+0000] {dag.py:3954} INFO - Setting next_dagrun for example_xcom_args_with_operators to None, run_after=None
[2026-03-06T22:34:55.385+0000] {processor.py:183} INFO - Processing /home/airflow/.local/lib/python3.12/site-packages/airflow/example_dags/example_xcomargs.py took 0.094 seconds
[2026-03-06T22:35:25.785+0000] {processor.py:161} INFO - Started process (PID=538) to work on /home/airflow/.local/lib/python3.12/site-packages/airflow/example_dags/example_xcomargs.py
[2026-03-06T22:35:25.787+0000] {processor.py:830} INFO - Processing file /home/airflow/.local/lib/python3.12/site-packages/airflow/example_dags/example_xcomargs.py for tasks to queue
[2026-03-06T22:35:25.790+0000] {logging_mixin.py:188} INFO - [2026-03-06T22:35:25.789+0000] {dagbag.py:545} INFO - Filling up the DagBag from /home/airflow/.local/lib/python3.12/site-packages/airflow/example_dags/example_xcomargs.py
[2026-03-06T22:35:25.804+0000] {processor.py:840} INFO - DAG(s) 'example_xcom_args', 'example_xcom_args_with_operators' retrieved from /home/airflow/.local/lib/python3.12/site-packages/airflow/example_dags/example_xcomargs.py
[2026-03-06T22:35:25.843+0000] {logging_mixin.py:188} INFO - [2026-03-06T22:35:25.842+0000] {dag.py:3096} INFO - Sync 2 DAGs
[2026-03-06T22:35:25.864+0000] {logging_mixin.py:188} INFO - [2026-03-06T22:35:25.864+0000] {dag.py:3954} INFO - Setting next_dagrun for example_xcom_args to None, run_after=None
[2026-03-06T22:35:25.871+0000] {logging_mixin.py:188} INFO - [2026-03-06T22:35:25.870+0000] {dag.py:3954} INFO - Setting next_dagrun for example_xcom_args_with_operators to None, run_after=None
[2026-03-06T22:35:25.902+0000] {processor.py:183} INFO - Processing /home/airflow/.local/lib/python3.12/site-packages/airflow/example_dags/example_xcomargs.py took 0.126 seconds
[2026-03-06T22:35:56.079+0000] {processor.py:161} INFO - Started process (PID=596) to work on /home/airflow/.local/lib/python3.12/site-packages/airflow/example_dags/example_xcomargs.py
[2026-03-06T22:35:56.082+0000] {processor.py:830} INFO - Processing file /home/airflow/.local/lib/python3.12/site-packages/airflow/example_dags/example_xcomargs.py for tasks to queue
[2026-03-06T22:35:56.086+0000] {logging_mixin.py:188} INFO - [2026-03-06T22:35:56.085+0000] {dagbag.py:545} INFO - Filling up the DagBag from /home/airflow/.local/lib/python3.12/site-packages/airflow/example_dags/example_xcomargs.py
[2026-03-06T22:35:56.103+0000] {processor.py:840} INFO - DAG(s) 'example_xcom_args', 'example_xcom_args_with_operators' retrieved from /home/airflow/.local/lib/python3.12/site-packages/airflow/example_dags/example_xcomargs.py
[2026-03-06T22:35:56.153+0000] {logging_mixin.py:188} INFO - [2026-03-06T22:35:56.152+0000] {dag.py:3096} INFO - Sync 2 DAGs
[2026-03-06T22:35:56.178+0000] {logging_mixin.py:188} INFO - [2026-03-06T22:35:56.177+0000] {dag.py:3954} INFO - Setting next_dagrun for example_xcom_args to None, run_after=None
[2026-03-06T22:35:56.187+0000] {logging_mixin.py:188} INFO - [2026-03-06T22:35:56.187+0000] {dag.py:3954} INFO - Setting next_dagrun for example_xcom_args_with_operators to None, run_after=None
[2026-03-06T22:35:56.219+0000] {processor.py:183} INFO - Processing /home/airflow/.local/lib/python3.12/site-packages/airflow/example_dags/example_xcomargs.py took 0.150 seconds
[2026-03-06T22:36:26.400+0000] {processor.py:161} INFO - Started process (PID=654) to work on /home/airflow/.local/lib/python3.12/site-packages/airflow/example_dags/example_xcomargs.py
[2026-03-06T22:36:26.401+0000] {processor.py:830} INFO - Processing file /home/airflow/.local/lib/python3.12/site-packages/airflow/example_dags/example_xcomargs.py for tasks to queue
[2026-03-06T22:36:26.404+0000] {logging_mixin.py:188} INFO - [2026-03-06T22:36:26.403+0000] {dagbag.py:545} INFO - Filling up the DagBag from /home/airflow/.local/lib/python3.12/site-packages/airflow/example_dags/example_xcomargs.py
[2026-03-06T22:36:26.414+0000] {processor.py:840} INFO - DAG(s) 'example_xcom_args', 'example_xcom_args_with_operators' retrieved from /home/airflow/.local/lib/python3.12/site-packages/airflow/example_dags/example_xcomargs.py
[2026-03-06T22:36:26.442+0000] {logging_mixin.py:188} INFO - [2026-03-06T22:36:26.442+0000] {dag.py:3096} INFO - Sync 2 DAGs
[2026-03-06T22:36:26.459+0000] {logging_mixin.py:188} INFO - [2026-03-06T22:36:26.459+0000] {dag.py:3954} INFO - Setting next_dagrun for example_xcom_args to None, run_after=None
[2026-03-06T22:36:26.465+0000] {logging_mixin.py:188} INFO - [2026-03-06T22:36:26.465+0000] {dag.py:3954} INFO - Setting next_dagrun for example_xcom_args_with_operators to None, run_after=None
[2026-03-06T22:36:26.487+0000] {processor.py:183} INFO - Processing /home/airflow/.local/lib/python3.12/site-packages/airflow/example_dags/example_xcomargs.py took 0.093 seconds
[2026-03-06T22:36:56.897+0000] {processor.py:161} INFO - Started process (PID=712) to work on /home/airflow/.local/lib/python3.12/site-packages/airflow/example_dags/example_xcomargs.py
[2026-03-06T22:36:56.898+0000] {processor.py:830} INFO - Processing file /home/airflow/.local/lib/python3.12/site-packages/airflow/example_dags/example_xcomargs.py for tasks to queue
[2026-03-06T22:36:56.901+0000] {logging_mixin.py:188} INFO - [2026-03-06T22:36:56.900+0000] {dagbag.py:545} INFO - Filling up the DagBag from /home/airflow/.local/lib/python3.12/site-packages/airflow/example_dags/example_xcomargs.py
[2026-03-06T22:36:56.913+0000] {processor.py:840} INFO - DAG(s) 'example_xcom_args', 'example_xcom_args_with_operators' retrieved from /home/airflow/.local/lib/python3.12/site-packages/airflow/example_dags/example_xcomargs.py
[2026-03-06T22:36:56.951+0000] {logging_mixin.py:188} INFO - [2026-03-06T22:36:56.951+0000] {dag.py:3096} INFO - Sync 2 DAGs
[2026-03-06T22:36:56.975+0000] {logging_mixin.py:188} INFO - [2026-03-06T22:36:56.974+0000] {dag.py:3954} INFO - Setting next_dagrun for example_xcom_args to None, run_after=None
[2026-03-06T22:36:56.982+0000] {logging_mixin.py:188} INFO - [2026-03-06T22:36:56.982+0000] {dag.py:3954} INFO - Setting next_dagrun for example_xcom_args_with_operators to None, run_after=None
[2026-03-06T22:36:57.011+0000] {processor.py:183} INFO - Processing /home/airflow/.local/lib/python3.12/site-packages/airflow/example_dags/example_xcomargs.py took 0.121 seconds
[2026-03-06T22:37:27.280+0000] {processor.py:161} INFO - Started process (PID=770) to work on /home/airflow/.local/lib/python3.12/site-packages/airflow/example_dags/example_xcomargs.py
[2026-03-06T22:37:27.281+0000] {processor.py:830} INFO - Processing file /home/airflow/.local/lib/python3.12/site-packages/airflow/example_dags/example_xcomargs.py for tasks to queue
[2026-03-06T22:37:27.284+0000] {logging_mixin.py:188} INFO - [2026-03-06T22:37:27.283+0000] {dagbag.py:545} INFO - Filling up the DagBag from /home/airflow/.local/lib/python3.12/site-packages/airflow/example_dags/example_xcomargs.py
[2026-03-06T22:37:27.293+0000] {processor.py:840} INFO - DAG(s) 'example_xcom_args', 'example_xcom_args_with_operators' retrieved from /home/airflow/.local/lib/python3.12/site-packages/airflow/example_dags/example_xcomargs.py
[2026-03-06T22:37:27.327+0000] {logging_mixin.py:188} INFO - [2026-03-06T22:37:27.327+0000] {dag.py:3096} INFO - Sync 2 DAGs
[2026-03-06T22:37:27.345+0000] {logging_mixin.py:188} INFO - [2026-03-06T22:37:27.345+0000] {dag.py:3954} INFO - Setting next_dagrun for example_xcom_args to None, run_after=None
[2026-03-06T22:37:27.350+0000] {logging_mixin.py:188} INFO - [2026-03-06T22:37:27.350+0000] {dag.py:3954} INFO - Setting next_dagrun for example_xcom_args_with_operators to None, run_after=None
[2026-03-06T22:37:27.371+0000] {processor.py:183} INFO - Processing /home/airflow/.local/lib/python3.12/site-packages/airflow/example_dags/example_xcomargs.py took 0.097 seconds
[2026-03-06T22:37:57.564+0000] {processor.py:161} INFO - Started process (PID=828) to work on /home/airflow/.local/lib/python3.12/site-packages/airflow/example_dags/example_xcomargs.py
[2026-03-06T22:37:57.566+0000] {processor.py:830} INFO - Processing file /home/airflow/.local/lib/python3.12/site-packages/airflow/example_dags/example_xcomargs.py for tasks to queue
[2026-03-06T22:37:57.568+0000] {logging_mixin.py:188} INFO - [2026-03-06T22:37:57.568+0000] {dagbag.py:545} INFO - Filling up the DagBag from /home/airflow/.local/lib/python3.12/site-packages/airflow/example_dags/example_xcomargs.py
[2026-03-06T22:37:57.579+0000] {processor.py:840} INFO - DAG(s) 'example_xcom_args_with_operators', 'example_xcom_args' retrieved from /home/airflow/.local/lib/python3.12/site-packages/airflow/example_dags/example_xcomargs.py
[2026-03-06T22:37:57.606+0000] {logging_mixin.py:188} INFO - [2026-03-06T22:37:57.606+0000] {dag.py:3096} INFO - Sync 2 DAGs
[2026-03-06T22:37:57.624+0000] {logging_mixin.py:188} INFO - [2026-03-06T22:37:57.624+0000] {dag.py:3954} INFO - Setting next_dagrun for example_xcom_args to None, run_after=None
[2026-03-06T22:37:57.630+0000] {logging_mixin.py:188} INFO - [2026-03-06T22:37:57.629+0000] {dag.py:3954} INFO - Setting next_dagrun for example_xcom_args_with_operators to None, run_after=None
[2026-03-06T22:37:57.651+0000] {processor.py:183} INFO - Processing /home/airflow/.local/lib/python3.12/site-packages/airflow/example_dags/example_xcomargs.py took 0.093 seconds
[2026-03-06T22:38:28.113+0000] {processor.py:161} INFO - Started process (PID=886) to work on /home/airflow/.local/lib/python3.12/site-packages/airflow/example_dags/example_xcomargs.py
[2026-03-06T22:38:28.114+0000] {processor.py:830} INFO - Processing file /home/airflow/.local/lib/python3.12/site-packages/airflow/example_dags/example_xcomargs.py for tasks to queue
[2026-03-06T22:38:28.118+0000] {logging_mixin.py:188} INFO - [2026-03-06T22:38:28.117+0000] {dagbag.py:545} INFO - Filling up the DagBag from /home/airflow/.local/lib/python3.12/site-packages/airflow/example_dags/example_xcomargs.py
[2026-03-06T22:38:28.131+0000] {processor.py:840} INFO - DAG(s) 'example_xcom_args', 'example_xcom_args_with_operators' retrieved from /home/airflow/.local/lib/python3.12/site-packages/airflow/example_dags/example_xcomargs.py
[2026-03-06T22:38:28.166+0000] {logging_mixin.py:188} INFO - [2026-03-06T22:38:28.165+0000] {dag.py:3096} INFO - Sync 2 DAGs
[2026-03-06T22:38:28.186+0000] {logging_mixin.py:188} INFO - [2026-03-06T22:38:28.186+0000] {dag.py:3954} INFO - Setting next_dagrun for example_xcom_args to None, run_after=None
[2026-03-06T22:38:28.192+0000] {logging_mixin.py:188} INFO - [2026-03-06T22:38:28.192+0000] {dag.py:3954} INFO - Setting next_dagrun for example_xcom_args_with_operators to None, run_after=None
[2026-03-06T22:38:28.217+0000] {processor.py:183} INFO - Processing /home/airflow/.local/lib/python3.12/site-packages/airflow/example_dags/example_xcomargs.py took 0.114 seconds
[2026-03-06T22:38:58.516+0000] {processor.py:161} INFO - Started process (PID=944) to work on /home/airflow/.local/lib/python3.12/site-packages/airflow/example_dags/example_xcomargs.py
[2026-03-06T22:38:58.517+0000] {processor.py:830} INFO - Processing file /home/airflow/.local/lib/python3.12/site-packages/airflow/example_dags/example_xcomargs.py for tasks to queue
[2026-03-06T22:38:58.520+0000] {logging_mixin.py:188} INFO - [2026-03-06T22:38:58.519+0000] {dagbag.py:545} INFO - Filling up the DagBag from /home/airflow/.local/lib/python3.12/site-packages/airflow/example_dags/example_xcomargs.py
[2026-03-06T22:38:58.530+0000] {processor.py:840} INFO - DAG(s) 'example_xcom_args', 'example_xcom_args_with_operators' retrieved from /home/airflow/.local/lib/python3.12/site-packages/airflow/example_dags/example_xcomargs.py
[2026-03-06T22:38:58.558+0000] {logging_mixin.py:188} INFO - [2026-03-06T22:38:58.558+0000] {dag.py:3096} INFO - Sync 2 DAGs
[2026-03-06T22:38:58.576+0000] {logging_mixin.py:188} INFO - [2026-03-06T22:38:58.576+0000] {dag.py:3954} INFO - Setting next_dagrun for example_xcom_args to None, run_after=None
[2026-03-06T22:38:58.582+0000] {logging_mixin.py:188} INFO - [2026-03-06T22:38:58.581+0000] {dag.py:3954} INFO - Setting next_dagrun for example_xcom_args_with_operators to None, run_after=None
[2026-03-06T22:38:58.602+0000] {processor.py:183} INFO - Processing /home/airflow/.local/lib/python3.12/site-packages/airflow/example_dags/example_xcomargs.py took 0.093 seconds
[2026-03-06T22:39:29.117+0000] {processor.py:161} INFO - Started process (PID=1002) to work on /home/airflow/.local/lib/python3.12/site-packages/airflow/example_dags/example_xcomargs.py
[2026-03-06T22:39:29.118+0000] {processor.py:830} INFO - Processing file /home/airflow/.local/lib/python3.12/site-packages/airflow/example_dags/example_xcomargs.py for tasks to queue
[2026-03-06T22:39:29.121+0000] {logging_mixin.py:188} INFO - [2026-03-06T22:39:29.120+0000] {dagbag.py:545} INFO - Filling up the DagBag from /home/airflow/.local/lib/python3.12/site-packages/airflow/example_dags/example_xcomargs.py
[2026-03-06T22:39:29.132+0000] {processor.py:840} INFO - DAG(s) 'example_xcom_args_with_operators', 'example_xcom_args' retrieved from /home/airflow/.local/lib/python3.12/site-packages/airflow/example_dags/example_xcomargs.py
[2026-03-06T22:39:29.168+0000] {logging_mixin.py:188} INFO - [2026-03-06T22:39:29.168+0000] {dag.py:3096} INFO - Sync 2 DAGs
[2026-03-06T22:39:29.185+0000] {logging_mixin.py:188} INFO - [2026-03-06T22:39:29.185+0000] {dag.py:3954} INFO - Setting next_dagrun for example_xcom_args to None, run_after=None
[2026-03-06T22:39:29.191+0000] {logging_mixin.py:188} INFO - [2026-03-06T22:39:29.191+0000] {dag.py:3954} INFO - Setting next_dagrun for example_xcom_args_with_operators to None, run_after=None
[2026-03-06T22:39:29.219+0000] {processor.py:183} INFO - Processing /home/airflow/.local/lib/python3.12/site-packages/airflow/example_dags/example_xcomargs.py took 0.109 seconds
[2026-03-06T22:39:59.959+0000] {processor.py:161} INFO - Started process (PID=1060) to work on /home/airflow/.local/lib/python3.12/site-packages/airflow/example_dags/example_xcomargs.py
[2026-03-06T22:39:59.960+0000] {processor.py:830} INFO - Processing file /home/airflow/.local/lib/python3.12/site-packages/airflow/example_dags/example_xcomargs.py for tasks to queue
[2026-03-06T22:39:59.963+0000] {logging_mixin.py:188} INFO - [2026-03-06T22:39:59.962+0000] {dagbag.py:545} INFO - Filling up the DagBag from /home/airflow/.local/lib/python3.12/site-packages/airflow/example_dags/example_xcomargs.py
[2026-03-06T22:39:59.974+0000] {processor.py:840} INFO - DAG(s) 'example_xcom_args_with_operators', 'example_xcom_args' retrieved from /home/airflow/.local/lib/python3.12/site-packages/airflow/example_dags/example_xcomargs.py
[2026-03-06T22:40:00.007+0000] {logging_mixin.py:188} INFO - [2026-03-06T22:40:00.007+0000] {dag.py:3096} INFO - Sync 2 DAGs
[2026-03-06T22:40:00.025+0000] {logging_mixin.py:188} INFO - [2026-03-06T22:40:00.025+0000] {dag.py:3954} INFO - Setting next_dagrun for example_xcom_args to None, run_after=None
[2026-03-06T22:40:00.030+0000] {logging_mixin.py:188} INFO - [2026-03-06T22:40:00.030+0000] {dag.py:3954} INFO - Setting next_dagrun for example_xcom_args_with_operators to None, run_after=None
[2026-03-06T22:40:00.058+0000] {processor.py:183} INFO - Processing /home/airflow/.local/lib/python3.12/site-packages/airflow/example_dags/example_xcomargs.py took 0.107 seconds
[2026-03-06T22:40:30.333+0000] {processor.py:161} INFO - Started process (PID=1118) to work on /home/airflow/.local/lib/python3.12/site-packages/airflow/example_dags/example_xcomargs.py
[2026-03-06T22:40:30.334+0000] {processor.py:830} INFO - Processing file /home/airflow/.local/lib/python3.12/site-packages/airflow/example_dags/example_xcomargs.py for tasks to queue
[2026-03-06T22:40:30.337+0000] {logging_mixin.py:188} INFO - [2026-03-06T22:40:30.336+0000] {dagbag.py:545} INFO - Filling up the DagBag from /home/airflow/.local/lib/python3.12/site-packages/airflow/example_dags/example_xcomargs.py
[2026-03-06T22:40:30.352+0000] {processor.py:840} INFO - DAG(s) 'example_xcom_args_with_operators', 'example_xcom_args' retrieved from /home/airflow/.local/lib/python3.12/site-packages/airflow/example_dags/example_xcomargs.py
[2026-03-06T22:40:30.386+0000] {logging_mixin.py:188} INFO - [2026-03-06T22:40:30.385+0000] {dag.py:3096} INFO - Sync 2 DAGs
[2026-03-06T22:40:30.405+0000] {logging_mixin.py:188} INFO - [2026-03-06T22:40:30.405+0000] {dag.py:3954} INFO - Setting next_dagrun for example_xcom_args to None, run_after=None
[2026-03-06T22:40:30.412+0000] {logging_mixin.py:188} INFO - [2026-03-06T22:40:30.411+0000] {dag.py:3954} INFO - Setting next_dagrun for example_xcom_args_with_operators to None, run_after=None
[2026-03-06T22:40:30.436+0000] {processor.py:183} INFO - Processing /home/airflow/.local/lib/python3.12/site-packages/airflow/example_dags/example_xcomargs.py took 0.112 seconds
[2026-03-06T22:41:00.765+0000] {processor.py:161} INFO - Started process (PID=1176) to work on /home/airflow/.local/lib/python3.12/site-packages/airflow/example_dags/example_xcomargs.py
[2026-03-06T22:41:00.768+0000] {processor.py:830} INFO - Processing file /home/airflow/.local/lib/python3.12/site-packages/airflow/example_dags/example_xcomargs.py for tasks to queue
[2026-03-06T22:41:00.770+0000] {logging_mixin.py:188} INFO - [2026-03-06T22:41:00.770+0000] {dagbag.py:545} INFO - Filling up the DagBag from /home/airflow/.local/lib/python3.12/site-packages/airflow/example_dags/example_xcomargs.py
[2026-03-06T22:41:00.781+0000] {processor.py:840} INFO - DAG(s) 'example_xcom_args', 'example_xcom_args_with_operators' retrieved from /home/airflow/.local/lib/python3.12/site-packages/airflow/example_dags/example_xcomargs.py
[2026-03-06T22:41:00.812+0000] {logging_mixin.py:188} INFO - [2026-03-06T22:41:00.812+0000] {dag.py:3096} INFO - Sync 2 DAGs
[2026-03-06T22:41:00.830+0000] {logging_mixin.py:188} INFO - [2026-03-06T22:41:00.830+0000] {dag.py:3954} INFO - Setting next_dagrun for example_xcom_args to None, run_after=None
[2026-03-06T22:41:00.835+0000] {logging_mixin.py:188} INFO - [2026-03-06T22:41:00.835+0000] {dag.py:3954} INFO - Setting next_dagrun for example_xcom_args_with_operators to None, run_after=None
[2026-03-06T22:41:00.859+0000] {processor.py:183} INFO - Processing /home/airflow/.local/lib/python3.12/site-packages/airflow/example_dags/example_xcomargs.py took 0.101 seconds
