[2026-03-06T22:30:44.795+0000] {processor.py:161} INFO - Started process (PID=72) to work on /home/airflow/.local/lib/python3.12/site-packages/airflow/example_dags/example_external_task_marker_dag.py
[2026-03-06T22:30:44.797+0000] {processor.py:830} INFO - Processing file /home/airflow/.local/lib/python3.12/site-packages/airflow/example_dags/example_external_task_marker_dag.py for tasks to queue
[2026-03-06T22:30:44.800+0000] {logging_mixin.py:188} INFO - [2026-03-06T22:30:44.799+0000] {dagbag.py:545} INFO - Filling up the DagBag from /home/airflow/.local/lib/python3.12/site-packages/airflow/example_dags/example_external_task_marker_dag.py
[2026-03-06T22:30:44.824+0000] {processor.py:840} INFO - DAG(s) 'example_external_task_marker_parent', 'example_external_task_marker_child' retrieved from /home/airflow/.local/lib/python3.12/site-packages/airflow/example_dags/example_external_task_marker_dag.py
[2026-03-06T22:30:44.972+0000] {logging_mixin.py:188} INFO - [2026-03-06T22:30:44.972+0000] {override.py:1829} INFO - Created Permission View: can delete on DAG:example_external_task_marker_parent
[2026-03-06T22:30:44.992+0000] {logging_mixin.py:188} INFO - [2026-03-06T22:30:44.991+0000] {override.py:1829} INFO - Created Permission View: can read on DAG:example_external_task_marker_parent
[2026-03-06T22:30:45.001+0000] {logging_mixin.py:188} INFO - [2026-03-06T22:30:45.000+0000] {override.py:1829} INFO - Created Permission View: can edit on DAG:example_external_task_marker_parent
[2026-03-06T22:30:45.022+0000] {logging_mixin.py:188} INFO - [2026-03-06T22:30:45.022+0000] {override.py:1829} INFO - Created Permission View: can delete on DAG:example_external_task_marker_child
[2026-03-06T22:30:45.031+0000] {logging_mixin.py:188} INFO - [2026-03-06T22:30:45.030+0000] {override.py:1829} INFO - Created Permission View: can read on DAG:example_external_task_marker_child
[2026-03-06T22:30:45.044+0000] {logging_mixin.py:188} INFO - [2026-03-06T22:30:45.044+0000] {override.py:1829} INFO - Created Permission View: can edit on DAG:example_external_task_marker_child
[2026-03-06T22:30:45.045+0000] {logging_mixin.py:188} INFO - [2026-03-06T22:30:45.044+0000] {dag.py:3096} INFO - Sync 2 DAGs
[2026-03-06T22:30:45.063+0000] {logging_mixin.py:188} INFO - [2026-03-06T22:30:45.062+0000] {dag.py:3118} INFO - Creating ORM DAG for example_external_task_marker_child
[2026-03-06T22:30:45.068+0000] {logging_mixin.py:188} INFO - [2026-03-06T22:30:45.067+0000] {dag.py:3118} INFO - Creating ORM DAG for example_external_task_marker_parent
[2026-03-06T22:30:45.071+0000] {logging_mixin.py:188} INFO - [2026-03-06T22:30:45.071+0000] {dag.py:3954} INFO - Setting next_dagrun for example_external_task_marker_child to None, run_after=None
[2026-03-06T22:30:45.073+0000] {logging_mixin.py:188} INFO - [2026-03-06T22:30:45.073+0000] {dag.py:3954} INFO - Setting next_dagrun for example_external_task_marker_parent to None, run_after=None
[2026-03-06T22:30:45.096+0000] {processor.py:183} INFO - Processing /home/airflow/.local/lib/python3.12/site-packages/airflow/example_dags/example_external_task_marker_dag.py took 0.310 seconds
[2026-03-06T22:31:19.638+0000] {processor.py:161} INFO - Started process (PID=52) to work on /home/airflow/.local/lib/python3.12/site-packages/airflow/example_dags/example_external_task_marker_dag.py
[2026-03-06T22:31:19.640+0000] {processor.py:830} INFO - Processing file /home/airflow/.local/lib/python3.12/site-packages/airflow/example_dags/example_external_task_marker_dag.py for tasks to queue
[2026-03-06T22:31:19.644+0000] {logging_mixin.py:188} INFO - [2026-03-06T22:31:19.643+0000] {dagbag.py:545} INFO - Filling up the DagBag from /home/airflow/.local/lib/python3.12/site-packages/airflow/example_dags/example_external_task_marker_dag.py
[2026-03-06T22:31:19.657+0000] {processor.py:840} INFO - DAG(s) 'example_external_task_marker_child', 'example_external_task_marker_parent' retrieved from /home/airflow/.local/lib/python3.12/site-packages/airflow/example_dags/example_external_task_marker_dag.py
[2026-03-06T22:31:19.690+0000] {logging_mixin.py:188} INFO - [2026-03-06T22:31:19.689+0000] {dag.py:3096} INFO - Sync 2 DAGs
[2026-03-06T22:31:19.716+0000] {logging_mixin.py:188} INFO - [2026-03-06T22:31:19.716+0000] {dag.py:3954} INFO - Setting next_dagrun for example_external_task_marker_child to None, run_after=None
[2026-03-06T22:31:19.722+0000] {logging_mixin.py:188} INFO - [2026-03-06T22:31:19.721+0000] {dag.py:3954} INFO - Setting next_dagrun for example_external_task_marker_parent to None, run_after=None
[2026-03-06T22:31:19.744+0000] {processor.py:183} INFO - Processing /home/airflow/.local/lib/python3.12/site-packages/airflow/example_dags/example_external_task_marker_dag.py took 0.115 seconds
[2026-03-06T22:31:49.777+0000] {processor.py:161} INFO - Started process (PID=109) to work on /home/airflow/.local/lib/python3.12/site-packages/airflow/example_dags/example_external_task_marker_dag.py
[2026-03-06T22:31:49.779+0000] {processor.py:830} INFO - Processing file /home/airflow/.local/lib/python3.12/site-packages/airflow/example_dags/example_external_task_marker_dag.py for tasks to queue
[2026-03-06T22:31:49.781+0000] {logging_mixin.py:188} INFO - [2026-03-06T22:31:49.781+0000] {dagbag.py:545} INFO - Filling up the DagBag from /home/airflow/.local/lib/python3.12/site-packages/airflow/example_dags/example_external_task_marker_dag.py
[2026-03-06T22:31:49.788+0000] {processor.py:840} INFO - DAG(s) 'example_external_task_marker_parent', 'example_external_task_marker_child' retrieved from /home/airflow/.local/lib/python3.12/site-packages/airflow/example_dags/example_external_task_marker_dag.py
[2026-03-06T22:31:49.815+0000] {logging_mixin.py:188} INFO - [2026-03-06T22:31:49.815+0000] {dag.py:3096} INFO - Sync 2 DAGs
[2026-03-06T22:31:49.832+0000] {logging_mixin.py:188} INFO - [2026-03-06T22:31:49.832+0000] {dag.py:3954} INFO - Setting next_dagrun for example_external_task_marker_child to None, run_after=None
[2026-03-06T22:31:49.837+0000] {logging_mixin.py:188} INFO - [2026-03-06T22:31:49.837+0000] {dag.py:3954} INFO - Setting next_dagrun for example_external_task_marker_parent to None, run_after=None
[2026-03-06T22:31:49.870+0000] {processor.py:183} INFO - Processing /home/airflow/.local/lib/python3.12/site-packages/airflow/example_dags/example_external_task_marker_dag.py took 0.101 seconds
[2026-03-06T22:32:20.320+0000] {processor.py:161} INFO - Started process (PID=167) to work on /home/airflow/.local/lib/python3.12/site-packages/airflow/example_dags/example_external_task_marker_dag.py
[2026-03-06T22:32:20.322+0000] {processor.py:830} INFO - Processing file /home/airflow/.local/lib/python3.12/site-packages/airflow/example_dags/example_external_task_marker_dag.py for tasks to queue
[2026-03-06T22:32:20.324+0000] {logging_mixin.py:188} INFO - [2026-03-06T22:32:20.324+0000] {dagbag.py:545} INFO - Filling up the DagBag from /home/airflow/.local/lib/python3.12/site-packages/airflow/example_dags/example_external_task_marker_dag.py
[2026-03-06T22:32:20.332+0000] {processor.py:840} INFO - DAG(s) 'example_external_task_marker_child', 'example_external_task_marker_parent' retrieved from /home/airflow/.local/lib/python3.12/site-packages/airflow/example_dags/example_external_task_marker_dag.py
[2026-03-06T22:32:20.364+0000] {logging_mixin.py:188} INFO - [2026-03-06T22:32:20.363+0000] {dag.py:3096} INFO - Sync 2 DAGs
[2026-03-06T22:32:20.383+0000] {logging_mixin.py:188} INFO - [2026-03-06T22:32:20.383+0000] {dag.py:3954} INFO - Setting next_dagrun for example_external_task_marker_child to None, run_after=None
[2026-03-06T22:32:20.388+0000] {logging_mixin.py:188} INFO - [2026-03-06T22:32:20.388+0000] {dag.py:3954} INFO - Setting next_dagrun for example_external_task_marker_parent to None, run_after=None
[2026-03-06T22:32:20.412+0000] {processor.py:183} INFO - Processing /home/airflow/.local/lib/python3.12/site-packages/airflow/example_dags/example_external_task_marker_dag.py took 0.100 seconds
[2026-03-06T22:32:50.722+0000] {processor.py:161} INFO - Started process (PID=225) to work on /home/airflow/.local/lib/python3.12/site-packages/airflow/example_dags/example_external_task_marker_dag.py
[2026-03-06T22:32:50.724+0000] {processor.py:830} INFO - Processing file /home/airflow/.local/lib/python3.12/site-packages/airflow/example_dags/example_external_task_marker_dag.py for tasks to queue
[2026-03-06T22:32:50.727+0000] {logging_mixin.py:188} INFO - [2026-03-06T22:32:50.726+0000] {dagbag.py:545} INFO - Filling up the DagBag from /home/airflow/.local/lib/python3.12/site-packages/airflow/example_dags/example_external_task_marker_dag.py
[2026-03-06T22:32:50.736+0000] {processor.py:840} INFO - DAG(s) 'example_external_task_marker_parent', 'example_external_task_marker_child' retrieved from /home/airflow/.local/lib/python3.12/site-packages/airflow/example_dags/example_external_task_marker_dag.py
[2026-03-06T22:32:50.758+0000] {logging_mixin.py:188} INFO - [2026-03-06T22:32:50.757+0000] {dag.py:3096} INFO - Sync 2 DAGs
[2026-03-06T22:32:50.780+0000] {logging_mixin.py:188} INFO - [2026-03-06T22:32:50.780+0000] {dag.py:3954} INFO - Setting next_dagrun for example_external_task_marker_child to None, run_after=None
[2026-03-06T22:32:50.785+0000] {logging_mixin.py:188} INFO - [2026-03-06T22:32:50.785+0000] {dag.py:3954} INFO - Setting next_dagrun for example_external_task_marker_parent to None, run_after=None
[2026-03-06T22:32:50.813+0000] {processor.py:183} INFO - Processing /home/airflow/.local/lib/python3.12/site-packages/airflow/example_dags/example_external_task_marker_dag.py took 0.099 seconds
[2026-03-06T22:33:21.811+0000] {processor.py:161} INFO - Started process (PID=284) to work on /home/airflow/.local/lib/python3.12/site-packages/airflow/example_dags/example_external_task_marker_dag.py
[2026-03-06T22:33:21.812+0000] {processor.py:830} INFO - Processing file /home/airflow/.local/lib/python3.12/site-packages/airflow/example_dags/example_external_task_marker_dag.py for tasks to queue
[2026-03-06T22:33:21.815+0000] {logging_mixin.py:188} INFO - [2026-03-06T22:33:21.815+0000] {dagbag.py:545} INFO - Filling up the DagBag from /home/airflow/.local/lib/python3.12/site-packages/airflow/example_dags/example_external_task_marker_dag.py
[2026-03-06T22:33:21.823+0000] {processor.py:840} INFO - DAG(s) 'example_external_task_marker_child', 'example_external_task_marker_parent' retrieved from /home/airflow/.local/lib/python3.12/site-packages/airflow/example_dags/example_external_task_marker_dag.py
[2026-03-06T22:33:22.098+0000] {logging_mixin.py:188} INFO - [2026-03-06T22:33:22.097+0000] {dag.py:3096} INFO - Sync 2 DAGs
[2026-03-06T22:33:22.117+0000] {logging_mixin.py:188} INFO - [2026-03-06T22:33:22.116+0000] {dag.py:3954} INFO - Setting next_dagrun for example_external_task_marker_child to None, run_after=None
[2026-03-06T22:33:22.122+0000] {logging_mixin.py:188} INFO - [2026-03-06T22:33:22.121+0000] {dag.py:3954} INFO - Setting next_dagrun for example_external_task_marker_parent to None, run_after=None
[2026-03-06T22:33:22.155+0000] {processor.py:183} INFO - Processing /home/airflow/.local/lib/python3.12/site-packages/airflow/example_dags/example_external_task_marker_dag.py took 0.350 seconds
[2026-03-06T22:33:52.245+0000] {processor.py:161} INFO - Started process (PID=342) to work on /home/airflow/.local/lib/python3.12/site-packages/airflow/example_dags/example_external_task_marker_dag.py
[2026-03-06T22:33:52.246+0000] {processor.py:830} INFO - Processing file /home/airflow/.local/lib/python3.12/site-packages/airflow/example_dags/example_external_task_marker_dag.py for tasks to queue
[2026-03-06T22:33:52.249+0000] {logging_mixin.py:188} INFO - [2026-03-06T22:33:52.248+0000] {dagbag.py:545} INFO - Filling up the DagBag from /home/airflow/.local/lib/python3.12/site-packages/airflow/example_dags/example_external_task_marker_dag.py
[2026-03-06T22:33:52.263+0000] {processor.py:840} INFO - DAG(s) 'example_external_task_marker_child', 'example_external_task_marker_parent' retrieved from /home/airflow/.local/lib/python3.12/site-packages/airflow/example_dags/example_external_task_marker_dag.py
[2026-03-06T22:33:52.295+0000] {logging_mixin.py:188} INFO - [2026-03-06T22:33:52.295+0000] {dag.py:3096} INFO - Sync 2 DAGs
[2026-03-06T22:33:52.314+0000] {logging_mixin.py:188} INFO - [2026-03-06T22:33:52.314+0000] {dag.py:3954} INFO - Setting next_dagrun for example_external_task_marker_child to None, run_after=None
[2026-03-06T22:33:52.321+0000] {logging_mixin.py:188} INFO - [2026-03-06T22:33:52.321+0000] {dag.py:3954} INFO - Setting next_dagrun for example_external_task_marker_parent to None, run_after=None
[2026-03-06T22:33:52.351+0000] {processor.py:183} INFO - Processing /home/airflow/.local/lib/python3.12/site-packages/airflow/example_dags/example_external_task_marker_dag.py took 0.114 seconds
[2026-03-06T22:34:22.736+0000] {processor.py:161} INFO - Started process (PID=400) to work on /home/airflow/.local/lib/python3.12/site-packages/airflow/example_dags/example_external_task_marker_dag.py
[2026-03-06T22:34:22.737+0000] {processor.py:830} INFO - Processing file /home/airflow/.local/lib/python3.12/site-packages/airflow/example_dags/example_external_task_marker_dag.py for tasks to queue
[2026-03-06T22:34:22.741+0000] {logging_mixin.py:188} INFO - [2026-03-06T22:34:22.740+0000] {dagbag.py:545} INFO - Filling up the DagBag from /home/airflow/.local/lib/python3.12/site-packages/airflow/example_dags/example_external_task_marker_dag.py
[2026-03-06T22:34:22.751+0000] {processor.py:840} INFO - DAG(s) 'example_external_task_marker_child', 'example_external_task_marker_parent' retrieved from /home/airflow/.local/lib/python3.12/site-packages/airflow/example_dags/example_external_task_marker_dag.py
[2026-03-06T22:34:22.785+0000] {logging_mixin.py:188} INFO - [2026-03-06T22:34:22.784+0000] {dag.py:3096} INFO - Sync 2 DAGs
[2026-03-06T22:34:22.801+0000] {logging_mixin.py:188} INFO - [2026-03-06T22:34:22.801+0000] {dag.py:3954} INFO - Setting next_dagrun for example_external_task_marker_child to None, run_after=None
[2026-03-06T22:34:22.806+0000] {logging_mixin.py:188} INFO - [2026-03-06T22:34:22.806+0000] {dag.py:3954} INFO - Setting next_dagrun for example_external_task_marker_parent to None, run_after=None
[2026-03-06T22:34:22.832+0000] {processor.py:183} INFO - Processing /home/airflow/.local/lib/python3.12/site-packages/airflow/example_dags/example_external_task_marker_dag.py took 0.106 seconds
[2026-03-06T22:34:52.890+0000] {processor.py:161} INFO - Started process (PID=458) to work on /home/airflow/.local/lib/python3.12/site-packages/airflow/example_dags/example_external_task_marker_dag.py
[2026-03-06T22:34:52.891+0000] {processor.py:830} INFO - Processing file /home/airflow/.local/lib/python3.12/site-packages/airflow/example_dags/example_external_task_marker_dag.py for tasks to queue
[2026-03-06T22:34:52.894+0000] {logging_mixin.py:188} INFO - [2026-03-06T22:34:52.893+0000] {dagbag.py:545} INFO - Filling up the DagBag from /home/airflow/.local/lib/python3.12/site-packages/airflow/example_dags/example_external_task_marker_dag.py
[2026-03-06T22:34:52.902+0000] {processor.py:840} INFO - DAG(s) 'example_external_task_marker_parent', 'example_external_task_marker_child' retrieved from /home/airflow/.local/lib/python3.12/site-packages/airflow/example_dags/example_external_task_marker_dag.py
[2026-03-06T22:34:52.944+0000] {logging_mixin.py:188} INFO - [2026-03-06T22:34:52.944+0000] {dag.py:3096} INFO - Sync 2 DAGs
[2026-03-06T22:34:52.970+0000] {logging_mixin.py:188} INFO - [2026-03-06T22:34:52.970+0000] {dag.py:3954} INFO - Setting next_dagrun for example_external_task_marker_child to None, run_after=None
[2026-03-06T22:34:52.978+0000] {logging_mixin.py:188} INFO - [2026-03-06T22:34:52.977+0000] {dag.py:3954} INFO - Setting next_dagrun for example_external_task_marker_parent to None, run_after=None
[2026-03-06T22:34:53.014+0000] {processor.py:183} INFO - Processing /home/airflow/.local/lib/python3.12/site-packages/airflow/example_dags/example_external_task_marker_dag.py took 0.133 seconds
[2026-03-06T22:35:23.332+0000] {processor.py:161} INFO - Started process (PID=516) to work on /home/airflow/.local/lib/python3.12/site-packages/airflow/example_dags/example_external_task_marker_dag.py
[2026-03-06T22:35:23.333+0000] {processor.py:830} INFO - Processing file /home/airflow/.local/lib/python3.12/site-packages/airflow/example_dags/example_external_task_marker_dag.py for tasks to queue
[2026-03-06T22:35:23.337+0000] {logging_mixin.py:188} INFO - [2026-03-06T22:35:23.336+0000] {dagbag.py:545} INFO - Filling up the DagBag from /home/airflow/.local/lib/python3.12/site-packages/airflow/example_dags/example_external_task_marker_dag.py
[2026-03-06T22:35:23.345+0000] {processor.py:840} INFO - DAG(s) 'example_external_task_marker_child', 'example_external_task_marker_parent' retrieved from /home/airflow/.local/lib/python3.12/site-packages/airflow/example_dags/example_external_task_marker_dag.py
[2026-03-06T22:35:23.373+0000] {logging_mixin.py:188} INFO - [2026-03-06T22:35:23.373+0000] {dag.py:3096} INFO - Sync 2 DAGs
[2026-03-06T22:35:23.390+0000] {logging_mixin.py:188} INFO - [2026-03-06T22:35:23.390+0000] {dag.py:3954} INFO - Setting next_dagrun for example_external_task_marker_child to None, run_after=None
[2026-03-06T22:35:23.398+0000] {logging_mixin.py:188} INFO - [2026-03-06T22:35:23.398+0000] {dag.py:3954} INFO - Setting next_dagrun for example_external_task_marker_parent to None, run_after=None
[2026-03-06T22:35:23.428+0000] {processor.py:183} INFO - Processing /home/airflow/.local/lib/python3.12/site-packages/airflow/example_dags/example_external_task_marker_dag.py took 0.105 seconds
[2026-03-06T22:35:53.536+0000] {processor.py:161} INFO - Started process (PID=573) to work on /home/airflow/.local/lib/python3.12/site-packages/airflow/example_dags/example_external_task_marker_dag.py
[2026-03-06T22:35:53.537+0000] {processor.py:830} INFO - Processing file /home/airflow/.local/lib/python3.12/site-packages/airflow/example_dags/example_external_task_marker_dag.py for tasks to queue
[2026-03-06T22:35:53.539+0000] {logging_mixin.py:188} INFO - [2026-03-06T22:35:53.539+0000] {dagbag.py:545} INFO - Filling up the DagBag from /home/airflow/.local/lib/python3.12/site-packages/airflow/example_dags/example_external_task_marker_dag.py
[2026-03-06T22:35:53.547+0000] {processor.py:840} INFO - DAG(s) 'example_external_task_marker_child', 'example_external_task_marker_parent' retrieved from /home/airflow/.local/lib/python3.12/site-packages/airflow/example_dags/example_external_task_marker_dag.py
[2026-03-06T22:35:53.578+0000] {logging_mixin.py:188} INFO - [2026-03-06T22:35:53.577+0000] {dag.py:3096} INFO - Sync 2 DAGs
[2026-03-06T22:35:53.596+0000] {logging_mixin.py:188} INFO - [2026-03-06T22:35:53.595+0000] {dag.py:3954} INFO - Setting next_dagrun for example_external_task_marker_child to None, run_after=None
[2026-03-06T22:35:53.601+0000] {logging_mixin.py:188} INFO - [2026-03-06T22:35:53.601+0000] {dag.py:3954} INFO - Setting next_dagrun for example_external_task_marker_parent to None, run_after=None
[2026-03-06T22:35:53.621+0000] {processor.py:183} INFO - Processing /home/airflow/.local/lib/python3.12/site-packages/airflow/example_dags/example_external_task_marker_dag.py took 0.093 seconds
[2026-03-06T22:36:23.998+0000] {processor.py:161} INFO - Started process (PID=631) to work on /home/airflow/.local/lib/python3.12/site-packages/airflow/example_dags/example_external_task_marker_dag.py
[2026-03-06T22:36:23.999+0000] {processor.py:830} INFO - Processing file /home/airflow/.local/lib/python3.12/site-packages/airflow/example_dags/example_external_task_marker_dag.py for tasks to queue
[2026-03-06T22:36:24.002+0000] {logging_mixin.py:188} INFO - [2026-03-06T22:36:24.002+0000] {dagbag.py:545} INFO - Filling up the DagBag from /home/airflow/.local/lib/python3.12/site-packages/airflow/example_dags/example_external_task_marker_dag.py
[2026-03-06T22:36:24.010+0000] {processor.py:840} INFO - DAG(s) 'example_external_task_marker_parent', 'example_external_task_marker_child' retrieved from /home/airflow/.local/lib/python3.12/site-packages/airflow/example_dags/example_external_task_marker_dag.py
[2026-03-06T22:36:24.042+0000] {logging_mixin.py:188} INFO - [2026-03-06T22:36:24.041+0000] {dag.py:3096} INFO - Sync 2 DAGs
[2026-03-06T22:36:24.066+0000] {logging_mixin.py:188} INFO - [2026-03-06T22:36:24.065+0000] {dag.py:3954} INFO - Setting next_dagrun for example_external_task_marker_child to None, run_after=None
[2026-03-06T22:36:24.071+0000] {logging_mixin.py:188} INFO - [2026-03-06T22:36:24.071+0000] {dag.py:3954} INFO - Setting next_dagrun for example_external_task_marker_parent to None, run_after=None
[2026-03-06T22:36:24.098+0000] {processor.py:183} INFO - Processing /home/airflow/.local/lib/python3.12/site-packages/airflow/example_dags/example_external_task_marker_dag.py took 0.109 seconds
[2026-03-06T22:36:54.192+0000] {processor.py:161} INFO - Started process (PID=689) to work on /home/airflow/.local/lib/python3.12/site-packages/airflow/example_dags/example_external_task_marker_dag.py
[2026-03-06T22:36:54.193+0000] {processor.py:830} INFO - Processing file /home/airflow/.local/lib/python3.12/site-packages/airflow/example_dags/example_external_task_marker_dag.py for tasks to queue
[2026-03-06T22:36:54.196+0000] {logging_mixin.py:188} INFO - [2026-03-06T22:36:54.195+0000] {dagbag.py:545} INFO - Filling up the DagBag from /home/airflow/.local/lib/python3.12/site-packages/airflow/example_dags/example_external_task_marker_dag.py
[2026-03-06T22:36:54.203+0000] {processor.py:840} INFO - DAG(s) 'example_external_task_marker_parent', 'example_external_task_marker_child' retrieved from /home/airflow/.local/lib/python3.12/site-packages/airflow/example_dags/example_external_task_marker_dag.py
[2026-03-06T22:36:54.232+0000] {logging_mixin.py:188} INFO - [2026-03-06T22:36:54.231+0000] {dag.py:3096} INFO - Sync 2 DAGs
[2026-03-06T22:36:54.248+0000] {logging_mixin.py:188} INFO - [2026-03-06T22:36:54.248+0000] {dag.py:3954} INFO - Setting next_dagrun for example_external_task_marker_child to None, run_after=None
[2026-03-06T22:36:54.253+0000] {logging_mixin.py:188} INFO - [2026-03-06T22:36:54.253+0000] {dag.py:3954} INFO - Setting next_dagrun for example_external_task_marker_parent to None, run_after=None
[2026-03-06T22:36:54.275+0000] {processor.py:183} INFO - Processing /home/airflow/.local/lib/python3.12/site-packages/airflow/example_dags/example_external_task_marker_dag.py took 0.089 seconds
[2026-03-06T22:37:24.807+0000] {processor.py:161} INFO - Started process (PID=753) to work on /home/airflow/.local/lib/python3.12/site-packages/airflow/example_dags/example_external_task_marker_dag.py
[2026-03-06T22:37:24.811+0000] {processor.py:830} INFO - Processing file /home/airflow/.local/lib/python3.12/site-packages/airflow/example_dags/example_external_task_marker_dag.py for tasks to queue
[2026-03-06T22:37:24.815+0000] {logging_mixin.py:188} INFO - [2026-03-06T22:37:24.814+0000] {dagbag.py:545} INFO - Filling up the DagBag from /home/airflow/.local/lib/python3.12/site-packages/airflow/example_dags/example_external_task_marker_dag.py
[2026-03-06T22:37:24.827+0000] {processor.py:840} INFO - DAG(s) 'example_external_task_marker_child', 'example_external_task_marker_parent' retrieved from /home/airflow/.local/lib/python3.12/site-packages/airflow/example_dags/example_external_task_marker_dag.py
[2026-03-06T22:37:24.855+0000] {logging_mixin.py:188} INFO - [2026-03-06T22:37:24.855+0000] {dag.py:3096} INFO - Sync 2 DAGs
[2026-03-06T22:37:24.873+0000] {logging_mixin.py:188} INFO - [2026-03-06T22:37:24.873+0000] {dag.py:3954} INFO - Setting next_dagrun for example_external_task_marker_child to None, run_after=None
[2026-03-06T22:37:24.878+0000] {logging_mixin.py:188} INFO - [2026-03-06T22:37:24.878+0000] {dag.py:3954} INFO - Setting next_dagrun for example_external_task_marker_parent to None, run_after=None
[2026-03-06T22:37:24.900+0000] {processor.py:183} INFO - Processing /home/airflow/.local/lib/python3.12/site-packages/airflow/example_dags/example_external_task_marker_dag.py took 0.103 seconds
[2026-03-06T22:37:55.302+0000] {processor.py:161} INFO - Started process (PID=811) to work on /home/airflow/.local/lib/python3.12/site-packages/airflow/example_dags/example_external_task_marker_dag.py
[2026-03-06T22:37:55.303+0000] {processor.py:830} INFO - Processing file /home/airflow/.local/lib/python3.12/site-packages/airflow/example_dags/example_external_task_marker_dag.py for tasks to queue
[2026-03-06T22:37:55.306+0000] {logging_mixin.py:188} INFO - [2026-03-06T22:37:55.305+0000] {dagbag.py:545} INFO - Filling up the DagBag from /home/airflow/.local/lib/python3.12/site-packages/airflow/example_dags/example_external_task_marker_dag.py
[2026-03-06T22:37:55.318+0000] {processor.py:840} INFO - DAG(s) 'example_external_task_marker_parent', 'example_external_task_marker_child' retrieved from /home/airflow/.local/lib/python3.12/site-packages/airflow/example_dags/example_external_task_marker_dag.py
[2026-03-06T22:37:55.347+0000] {logging_mixin.py:188} INFO - [2026-03-06T22:37:55.346+0000] {dag.py:3096} INFO - Sync 2 DAGs
[2026-03-06T22:37:55.364+0000] {logging_mixin.py:188} INFO - [2026-03-06T22:37:55.363+0000] {dag.py:3954} INFO - Setting next_dagrun for example_external_task_marker_child to None, run_after=None
[2026-03-06T22:37:55.371+0000] {logging_mixin.py:188} INFO - [2026-03-06T22:37:55.370+0000] {dag.py:3954} INFO - Setting next_dagrun for example_external_task_marker_parent to None, run_after=None
[2026-03-06T22:37:55.397+0000] {processor.py:183} INFO - Processing /home/airflow/.local/lib/python3.12/site-packages/airflow/example_dags/example_external_task_marker_dag.py took 0.102 seconds
[2026-03-06T22:38:25.497+0000] {processor.py:161} INFO - Started process (PID=869) to work on /home/airflow/.local/lib/python3.12/site-packages/airflow/example_dags/example_external_task_marker_dag.py
[2026-03-06T22:38:25.498+0000] {processor.py:830} INFO - Processing file /home/airflow/.local/lib/python3.12/site-packages/airflow/example_dags/example_external_task_marker_dag.py for tasks to queue
[2026-03-06T22:38:25.500+0000] {logging_mixin.py:188} INFO - [2026-03-06T22:38:25.500+0000] {dagbag.py:545} INFO - Filling up the DagBag from /home/airflow/.local/lib/python3.12/site-packages/airflow/example_dags/example_external_task_marker_dag.py
[2026-03-06T22:38:25.510+0000] {processor.py:840} INFO - DAG(s) 'example_external_task_marker_parent', 'example_external_task_marker_child' retrieved from /home/airflow/.local/lib/python3.12/site-packages/airflow/example_dags/example_external_task_marker_dag.py
[2026-03-06T22:38:25.547+0000] {logging_mixin.py:188} INFO - [2026-03-06T22:38:25.547+0000] {dag.py:3096} INFO - Sync 2 DAGs
[2026-03-06T22:38:25.565+0000] {logging_mixin.py:188} INFO - [2026-03-06T22:38:25.564+0000] {dag.py:3954} INFO - Setting next_dagrun for example_external_task_marker_child to None, run_after=None
[2026-03-06T22:38:25.570+0000] {logging_mixin.py:188} INFO - [2026-03-06T22:38:25.570+0000] {dag.py:3954} INFO - Setting next_dagrun for example_external_task_marker_parent to None, run_after=None
[2026-03-06T22:38:25.594+0000] {processor.py:183} INFO - Processing /home/airflow/.local/lib/python3.12/site-packages/airflow/example_dags/example_external_task_marker_dag.py took 0.105 seconds
[2026-03-06T22:38:56.196+0000] {processor.py:161} INFO - Started process (PID=927) to work on /home/airflow/.local/lib/python3.12/site-packages/airflow/example_dags/example_external_task_marker_dag.py
[2026-03-06T22:38:56.198+0000] {processor.py:830} INFO - Processing file /home/airflow/.local/lib/python3.12/site-packages/airflow/example_dags/example_external_task_marker_dag.py for tasks to queue
[2026-03-06T22:38:56.201+0000] {logging_mixin.py:188} INFO - [2026-03-06T22:38:56.200+0000] {dagbag.py:545} INFO - Filling up the DagBag from /home/airflow/.local/lib/python3.12/site-packages/airflow/example_dags/example_external_task_marker_dag.py
[2026-03-06T22:38:56.211+0000] {processor.py:840} INFO - DAG(s) 'example_external_task_marker_parent', 'example_external_task_marker_child' retrieved from /home/airflow/.local/lib/python3.12/site-packages/airflow/example_dags/example_external_task_marker_dag.py
[2026-03-06T22:38:56.244+0000] {logging_mixin.py:188} INFO - [2026-03-06T22:38:56.243+0000] {dag.py:3096} INFO - Sync 2 DAGs
[2026-03-06T22:38:56.261+0000] {logging_mixin.py:188} INFO - [2026-03-06T22:38:56.261+0000] {dag.py:3954} INFO - Setting next_dagrun for example_external_task_marker_child to None, run_after=None
[2026-03-06T22:38:56.266+0000] {logging_mixin.py:188} INFO - [2026-03-06T22:38:56.266+0000] {dag.py:3954} INFO - Setting next_dagrun for example_external_task_marker_parent to None, run_after=None
[2026-03-06T22:38:56.292+0000] {processor.py:183} INFO - Processing /home/airflow/.local/lib/python3.12/site-packages/airflow/example_dags/example_external_task_marker_dag.py took 0.106 seconds
[2026-03-06T22:39:26.551+0000] {processor.py:161} INFO - Started process (PID=985) to work on /home/airflow/.local/lib/python3.12/site-packages/airflow/example_dags/example_external_task_marker_dag.py
[2026-03-06T22:39:26.553+0000] {processor.py:830} INFO - Processing file /home/airflow/.local/lib/python3.12/site-packages/airflow/example_dags/example_external_task_marker_dag.py for tasks to queue
[2026-03-06T22:39:26.555+0000] {logging_mixin.py:188} INFO - [2026-03-06T22:39:26.555+0000] {dagbag.py:545} INFO - Filling up the DagBag from /home/airflow/.local/lib/python3.12/site-packages/airflow/example_dags/example_external_task_marker_dag.py
[2026-03-06T22:39:26.563+0000] {processor.py:840} INFO - DAG(s) 'example_external_task_marker_child', 'example_external_task_marker_parent' retrieved from /home/airflow/.local/lib/python3.12/site-packages/airflow/example_dags/example_external_task_marker_dag.py
[2026-03-06T22:39:26.590+0000] {logging_mixin.py:188} INFO - [2026-03-06T22:39:26.590+0000] {dag.py:3096} INFO - Sync 2 DAGs
[2026-03-06T22:39:26.606+0000] {logging_mixin.py:188} INFO - [2026-03-06T22:39:26.606+0000] {dag.py:3954} INFO - Setting next_dagrun for example_external_task_marker_child to None, run_after=None
[2026-03-06T22:39:26.613+0000] {logging_mixin.py:188} INFO - [2026-03-06T22:39:26.612+0000] {dag.py:3954} INFO - Setting next_dagrun for example_external_task_marker_parent to None, run_after=None
[2026-03-06T22:39:26.638+0000] {processor.py:183} INFO - Processing /home/airflow/.local/lib/python3.12/site-packages/airflow/example_dags/example_external_task_marker_dag.py took 0.094 seconds
[2026-03-06T22:39:56.787+0000] {processor.py:161} INFO - Started process (PID=1043) to work on /home/airflow/.local/lib/python3.12/site-packages/airflow/example_dags/example_external_task_marker_dag.py
[2026-03-06T22:39:56.788+0000] {processor.py:830} INFO - Processing file /home/airflow/.local/lib/python3.12/site-packages/airflow/example_dags/example_external_task_marker_dag.py for tasks to queue
[2026-03-06T22:39:56.790+0000] {logging_mixin.py:188} INFO - [2026-03-06T22:39:56.790+0000] {dagbag.py:545} INFO - Filling up the DagBag from /home/airflow/.local/lib/python3.12/site-packages/airflow/example_dags/example_external_task_marker_dag.py
[2026-03-06T22:39:56.798+0000] {processor.py:840} INFO - DAG(s) 'example_external_task_marker_parent', 'example_external_task_marker_child' retrieved from /home/airflow/.local/lib/python3.12/site-packages/airflow/example_dags/example_external_task_marker_dag.py
[2026-03-06T22:39:56.826+0000] {logging_mixin.py:188} INFO - [2026-03-06T22:39:56.826+0000] {dag.py:3096} INFO - Sync 2 DAGs
[2026-03-06T22:39:56.843+0000] {logging_mixin.py:188} INFO - [2026-03-06T22:39:56.842+0000] {dag.py:3954} INFO - Setting next_dagrun for example_external_task_marker_child to None, run_after=None
[2026-03-06T22:39:56.848+0000] {logging_mixin.py:188} INFO - [2026-03-06T22:39:56.847+0000] {dag.py:3954} INFO - Setting next_dagrun for example_external_task_marker_parent to None, run_after=None
[2026-03-06T22:39:56.870+0000] {processor.py:183} INFO - Processing /home/airflow/.local/lib/python3.12/site-packages/airflow/example_dags/example_external_task_marker_dag.py took 0.090 seconds
[2026-03-06T22:40:26.970+0000] {processor.py:161} INFO - Started process (PID=1101) to work on /home/airflow/.local/lib/python3.12/site-packages/airflow/example_dags/example_external_task_marker_dag.py
[2026-03-06T22:40:26.972+0000] {processor.py:830} INFO - Processing file /home/airflow/.local/lib/python3.12/site-packages/airflow/example_dags/example_external_task_marker_dag.py for tasks to queue
[2026-03-06T22:40:26.975+0000] {logging_mixin.py:188} INFO - [2026-03-06T22:40:26.975+0000] {dagbag.py:545} INFO - Filling up the DagBag from /home/airflow/.local/lib/python3.12/site-packages/airflow/example_dags/example_external_task_marker_dag.py
[2026-03-06T22:40:26.986+0000] {processor.py:840} INFO - DAG(s) 'example_external_task_marker_child', 'example_external_task_marker_parent' retrieved from /home/airflow/.local/lib/python3.12/site-packages/airflow/example_dags/example_external_task_marker_dag.py
[2026-03-06T22:40:27.017+0000] {logging_mixin.py:188} INFO - [2026-03-06T22:40:27.017+0000] {dag.py:3096} INFO - Sync 2 DAGs
[2026-03-06T22:40:27.035+0000] {logging_mixin.py:188} INFO - [2026-03-06T22:40:27.035+0000] {dag.py:3954} INFO - Setting next_dagrun for example_external_task_marker_child to None, run_after=None
[2026-03-06T22:40:27.041+0000] {logging_mixin.py:188} INFO - [2026-03-06T22:40:27.040+0000] {dag.py:3954} INFO - Setting next_dagrun for example_external_task_marker_parent to None, run_after=None
[2026-03-06T22:40:27.070+0000] {processor.py:183} INFO - Processing /home/airflow/.local/lib/python3.12/site-packages/airflow/example_dags/example_external_task_marker_dag.py took 0.108 seconds
[2026-03-06T22:40:57.370+0000] {processor.py:161} INFO - Started process (PID=1159) to work on /home/airflow/.local/lib/python3.12/site-packages/airflow/example_dags/example_external_task_marker_dag.py
[2026-03-06T22:40:57.371+0000] {processor.py:830} INFO - Processing file /home/airflow/.local/lib/python3.12/site-packages/airflow/example_dags/example_external_task_marker_dag.py for tasks to queue
[2026-03-06T22:40:57.374+0000] {logging_mixin.py:188} INFO - [2026-03-06T22:40:57.374+0000] {dagbag.py:545} INFO - Filling up the DagBag from /home/airflow/.local/lib/python3.12/site-packages/airflow/example_dags/example_external_task_marker_dag.py
[2026-03-06T22:40:57.383+0000] {processor.py:840} INFO - DAG(s) 'example_external_task_marker_child', 'example_external_task_marker_parent' retrieved from /home/airflow/.local/lib/python3.12/site-packages/airflow/example_dags/example_external_task_marker_dag.py
[2026-03-06T22:40:57.411+0000] {logging_mixin.py:188} INFO - [2026-03-06T22:40:57.411+0000] {dag.py:3096} INFO - Sync 2 DAGs
[2026-03-06T22:40:57.429+0000] {logging_mixin.py:188} INFO - [2026-03-06T22:40:57.429+0000] {dag.py:3954} INFO - Setting next_dagrun for example_external_task_marker_child to None, run_after=None
[2026-03-06T22:40:57.434+0000] {logging_mixin.py:188} INFO - [2026-03-06T22:40:57.434+0000] {dag.py:3954} INFO - Setting next_dagrun for example_external_task_marker_parent to None, run_after=None
[2026-03-06T22:40:57.456+0000] {processor.py:183} INFO - Processing /home/airflow/.local/lib/python3.12/site-packages/airflow/example_dags/example_external_task_marker_dag.py took 0.096 seconds
