[2026-03-06T22:30:51.396+0000] {processor.py:161} INFO - Started process (PID=110) to work on /home/airflow/.local/lib/python3.12/site-packages/airflow/example_dags/example_trigger_target_dag.py
[2026-03-06T22:30:51.397+0000] {processor.py:830} INFO - Processing file /home/airflow/.local/lib/python3.12/site-packages/airflow/example_dags/example_trigger_target_dag.py for tasks to queue
[2026-03-06T22:30:51.400+0000] {logging_mixin.py:188} INFO - [2026-03-06T22:30:51.399+0000] {dagbag.py:545} INFO - Filling up the DagBag from /home/airflow/.local/lib/python3.12/site-packages/airflow/example_dags/example_trigger_target_dag.py
[2026-03-06T22:30:51.408+0000] {processor.py:840} INFO - DAG(s) 'example_trigger_target_dag' retrieved from /home/airflow/.local/lib/python3.12/site-packages/airflow/example_dags/example_trigger_target_dag.py
[2026-03-06T22:30:51.557+0000] {logging_mixin.py:188} INFO - [2026-03-06T22:30:51.557+0000] {override.py:1829} INFO - Created Permission View: can delete on DAG:example_trigger_target_dag
[2026-03-06T22:30:51.575+0000] {logging_mixin.py:188} INFO - [2026-03-06T22:30:51.575+0000] {override.py:1829} INFO - Created Permission View: can read on DAG:example_trigger_target_dag
[2026-03-06T22:30:51.587+0000] {logging_mixin.py:188} INFO - [2026-03-06T22:30:51.586+0000] {override.py:1829} INFO - Created Permission View: can edit on DAG:example_trigger_target_dag
[2026-03-06T22:30:51.588+0000] {logging_mixin.py:188} INFO - [2026-03-06T22:30:51.587+0000] {dag.py:3096} INFO - Sync 1 DAGs
[2026-03-06T22:30:51.603+0000] {logging_mixin.py:188} INFO - [2026-03-06T22:30:51.602+0000] {dag.py:3118} INFO - Creating ORM DAG for example_trigger_target_dag
[2026-03-06T22:30:51.604+0000] {logging_mixin.py:188} INFO - [2026-03-06T22:30:51.604+0000] {dag.py:3954} INFO - Setting next_dagrun for example_trigger_target_dag to None, run_after=None
[2026-03-06T22:30:51.625+0000] {processor.py:183} INFO - Processing /home/airflow/.local/lib/python3.12/site-packages/airflow/example_dags/example_trigger_target_dag.py took 0.235 seconds
[2026-03-06T22:31:23.301+0000] {processor.py:161} INFO - Started process (PID=90) to work on /home/airflow/.local/lib/python3.12/site-packages/airflow/example_dags/example_trigger_target_dag.py
[2026-03-06T22:31:23.302+0000] {processor.py:830} INFO - Processing file /home/airflow/.local/lib/python3.12/site-packages/airflow/example_dags/example_trigger_target_dag.py for tasks to queue
[2026-03-06T22:31:23.306+0000] {logging_mixin.py:188} INFO - [2026-03-06T22:31:23.306+0000] {dagbag.py:545} INFO - Filling up the DagBag from /home/airflow/.local/lib/python3.12/site-packages/airflow/example_dags/example_trigger_target_dag.py
[2026-03-06T22:31:23.319+0000] {processor.py:840} INFO - DAG(s) 'example_trigger_target_dag' retrieved from /home/airflow/.local/lib/python3.12/site-packages/airflow/example_dags/example_trigger_target_dag.py
[2026-03-06T22:31:23.353+0000] {logging_mixin.py:188} INFO - [2026-03-06T22:31:23.352+0000] {dag.py:3096} INFO - Sync 1 DAGs
[2026-03-06T22:31:23.378+0000] {logging_mixin.py:188} INFO - [2026-03-06T22:31:23.377+0000] {dag.py:3954} INFO - Setting next_dagrun for example_trigger_target_dag to None, run_after=None
[2026-03-06T22:31:23.429+0000] {processor.py:183} INFO - Processing /home/airflow/.local/lib/python3.12/site-packages/airflow/example_dags/example_trigger_target_dag.py took 0.136 seconds
[2026-03-06T22:31:53.518+0000] {processor.py:161} INFO - Started process (PID=154) to work on /home/airflow/.local/lib/python3.12/site-packages/airflow/example_dags/example_trigger_target_dag.py
[2026-03-06T22:31:53.519+0000] {processor.py:830} INFO - Processing file /home/airflow/.local/lib/python3.12/site-packages/airflow/example_dags/example_trigger_target_dag.py for tasks to queue
[2026-03-06T22:31:53.522+0000] {logging_mixin.py:188} INFO - [2026-03-06T22:31:53.521+0000] {dagbag.py:545} INFO - Filling up the DagBag from /home/airflow/.local/lib/python3.12/site-packages/airflow/example_dags/example_trigger_target_dag.py
[2026-03-06T22:31:53.533+0000] {processor.py:840} INFO - DAG(s) 'example_trigger_target_dag' retrieved from /home/airflow/.local/lib/python3.12/site-packages/airflow/example_dags/example_trigger_target_dag.py
[2026-03-06T22:31:53.562+0000] {logging_mixin.py:188} INFO - [2026-03-06T22:31:53.561+0000] {dag.py:3096} INFO - Sync 1 DAGs
[2026-03-06T22:31:53.580+0000] {logging_mixin.py:188} INFO - [2026-03-06T22:31:53.579+0000] {dag.py:3954} INFO - Setting next_dagrun for example_trigger_target_dag to None, run_after=None
[2026-03-06T22:31:53.610+0000] {processor.py:183} INFO - Processing /home/airflow/.local/lib/python3.12/site-packages/airflow/example_dags/example_trigger_target_dag.py took 0.101 seconds
[2026-03-06T22:32:24.398+0000] {processor.py:161} INFO - Started process (PID=212) to work on /home/airflow/.local/lib/python3.12/site-packages/airflow/example_dags/example_trigger_target_dag.py
[2026-03-06T22:32:24.399+0000] {processor.py:830} INFO - Processing file /home/airflow/.local/lib/python3.12/site-packages/airflow/example_dags/example_trigger_target_dag.py for tasks to queue
[2026-03-06T22:32:24.402+0000] {logging_mixin.py:188} INFO - [2026-03-06T22:32:24.402+0000] {dagbag.py:545} INFO - Filling up the DagBag from /home/airflow/.local/lib/python3.12/site-packages/airflow/example_dags/example_trigger_target_dag.py
[2026-03-06T22:32:24.413+0000] {processor.py:840} INFO - DAG(s) 'example_trigger_target_dag' retrieved from /home/airflow/.local/lib/python3.12/site-packages/airflow/example_dags/example_trigger_target_dag.py
[2026-03-06T22:32:24.436+0000] {logging_mixin.py:188} INFO - [2026-03-06T22:32:24.436+0000] {dag.py:3096} INFO - Sync 1 DAGs
[2026-03-06T22:32:24.453+0000] {logging_mixin.py:188} INFO - [2026-03-06T22:32:24.453+0000] {dag.py:3954} INFO - Setting next_dagrun for example_trigger_target_dag to None, run_after=None
[2026-03-06T22:32:24.489+0000] {processor.py:183} INFO - Processing /home/airflow/.local/lib/python3.12/site-packages/airflow/example_dags/example_trigger_target_dag.py took 0.097 seconds
[2026-03-06T22:32:54.880+0000] {processor.py:161} INFO - Started process (PID=270) to work on /home/airflow/.local/lib/python3.12/site-packages/airflow/example_dags/example_trigger_target_dag.py
[2026-03-06T22:32:54.881+0000] {processor.py:830} INFO - Processing file /home/airflow/.local/lib/python3.12/site-packages/airflow/example_dags/example_trigger_target_dag.py for tasks to queue
[2026-03-06T22:32:54.883+0000] {logging_mixin.py:188} INFO - [2026-03-06T22:32:54.883+0000] {dagbag.py:545} INFO - Filling up the DagBag from /home/airflow/.local/lib/python3.12/site-packages/airflow/example_dags/example_trigger_target_dag.py
[2026-03-06T22:32:54.891+0000] {processor.py:840} INFO - DAG(s) 'example_trigger_target_dag' retrieved from /home/airflow/.local/lib/python3.12/site-packages/airflow/example_dags/example_trigger_target_dag.py
[2026-03-06T22:32:54.912+0000] {logging_mixin.py:188} INFO - [2026-03-06T22:32:54.912+0000] {dag.py:3096} INFO - Sync 1 DAGs
[2026-03-06T22:32:54.932+0000] {logging_mixin.py:188} INFO - [2026-03-06T22:32:54.931+0000] {dag.py:3954} INFO - Setting next_dagrun for example_trigger_target_dag to None, run_after=None
[2026-03-06T22:32:54.988+0000] {processor.py:183} INFO - Processing /home/airflow/.local/lib/python3.12/site-packages/airflow/example_dags/example_trigger_target_dag.py took 0.116 seconds
[2026-03-06T22:33:26.898+0000] {processor.py:161} INFO - Started process (PID=328) to work on /home/airflow/.local/lib/python3.12/site-packages/airflow/example_dags/example_trigger_target_dag.py
[2026-03-06T22:33:26.899+0000] {processor.py:830} INFO - Processing file /home/airflow/.local/lib/python3.12/site-packages/airflow/example_dags/example_trigger_target_dag.py for tasks to queue
[2026-03-06T22:33:26.902+0000] {logging_mixin.py:188} INFO - [2026-03-06T22:33:26.902+0000] {dagbag.py:545} INFO - Filling up the DagBag from /home/airflow/.local/lib/python3.12/site-packages/airflow/example_dags/example_trigger_target_dag.py
[2026-03-06T22:33:26.910+0000] {processor.py:840} INFO - DAG(s) 'example_trigger_target_dag' retrieved from /home/airflow/.local/lib/python3.12/site-packages/airflow/example_dags/example_trigger_target_dag.py
[2026-03-06T22:33:27.053+0000] {logging_mixin.py:188} INFO - [2026-03-06T22:33:27.053+0000] {dag.py:3096} INFO - Sync 1 DAGs
[2026-03-06T22:33:27.067+0000] {logging_mixin.py:188} INFO - [2026-03-06T22:33:27.066+0000] {dag.py:3954} INFO - Setting next_dagrun for example_trigger_target_dag to None, run_after=None
[2026-03-06T22:33:27.099+0000] {processor.py:183} INFO - Processing /home/airflow/.local/lib/python3.12/site-packages/airflow/example_dags/example_trigger_target_dag.py took 0.209 seconds
[2026-03-06T22:33:57.341+0000] {processor.py:161} INFO - Started process (PID=386) to work on /home/airflow/.local/lib/python3.12/site-packages/airflow/example_dags/example_trigger_target_dag.py
[2026-03-06T22:33:57.342+0000] {processor.py:830} INFO - Processing file /home/airflow/.local/lib/python3.12/site-packages/airflow/example_dags/example_trigger_target_dag.py for tasks to queue
[2026-03-06T22:33:57.346+0000] {logging_mixin.py:188} INFO - [2026-03-06T22:33:57.345+0000] {dagbag.py:545} INFO - Filling up the DagBag from /home/airflow/.local/lib/python3.12/site-packages/airflow/example_dags/example_trigger_target_dag.py
[2026-03-06T22:33:57.358+0000] {processor.py:840} INFO - DAG(s) 'example_trigger_target_dag' retrieved from /home/airflow/.local/lib/python3.12/site-packages/airflow/example_dags/example_trigger_target_dag.py
[2026-03-06T22:33:57.387+0000] {logging_mixin.py:188} INFO - [2026-03-06T22:33:57.386+0000] {dag.py:3096} INFO - Sync 1 DAGs
[2026-03-06T22:33:57.409+0000] {logging_mixin.py:188} INFO - [2026-03-06T22:33:57.409+0000] {dag.py:3954} INFO - Setting next_dagrun for example_trigger_target_dag to None, run_after=None
[2026-03-06T22:33:57.439+0000] {processor.py:183} INFO - Processing /home/airflow/.local/lib/python3.12/site-packages/airflow/example_dags/example_trigger_target_dag.py took 0.109 seconds
[2026-03-06T22:34:28.143+0000] {processor.py:161} INFO - Started process (PID=444) to work on /home/airflow/.local/lib/python3.12/site-packages/airflow/example_dags/example_trigger_target_dag.py
[2026-03-06T22:34:28.144+0000] {processor.py:830} INFO - Processing file /home/airflow/.local/lib/python3.12/site-packages/airflow/example_dags/example_trigger_target_dag.py for tasks to queue
[2026-03-06T22:34:28.149+0000] {logging_mixin.py:188} INFO - [2026-03-06T22:34:28.148+0000] {dagbag.py:545} INFO - Filling up the DagBag from /home/airflow/.local/lib/python3.12/site-packages/airflow/example_dags/example_trigger_target_dag.py
[2026-03-06T22:34:28.161+0000] {processor.py:840} INFO - DAG(s) 'example_trigger_target_dag' retrieved from /home/airflow/.local/lib/python3.12/site-packages/airflow/example_dags/example_trigger_target_dag.py
[2026-03-06T22:34:28.196+0000] {logging_mixin.py:188} INFO - [2026-03-06T22:34:28.195+0000] {dag.py:3096} INFO - Sync 1 DAGs
[2026-03-06T22:34:28.227+0000] {logging_mixin.py:188} INFO - [2026-03-06T22:34:28.227+0000] {dag.py:3954} INFO - Setting next_dagrun for example_trigger_target_dag to None, run_after=None
[2026-03-06T22:34:28.274+0000] {processor.py:183} INFO - Processing /home/airflow/.local/lib/python3.12/site-packages/airflow/example_dags/example_trigger_target_dag.py took 0.141 seconds
[2026-03-06T22:34:58.335+0000] {processor.py:161} INFO - Started process (PID=502) to work on /home/airflow/.local/lib/python3.12/site-packages/airflow/example_dags/example_trigger_target_dag.py
[2026-03-06T22:34:58.337+0000] {processor.py:830} INFO - Processing file /home/airflow/.local/lib/python3.12/site-packages/airflow/example_dags/example_trigger_target_dag.py for tasks to queue
[2026-03-06T22:34:58.339+0000] {logging_mixin.py:188} INFO - [2026-03-06T22:34:58.339+0000] {dagbag.py:545} INFO - Filling up the DagBag from /home/airflow/.local/lib/python3.12/site-packages/airflow/example_dags/example_trigger_target_dag.py
[2026-03-06T22:34:58.346+0000] {processor.py:840} INFO - DAG(s) 'example_trigger_target_dag' retrieved from /home/airflow/.local/lib/python3.12/site-packages/airflow/example_dags/example_trigger_target_dag.py
[2026-03-06T22:34:58.369+0000] {logging_mixin.py:188} INFO - [2026-03-06T22:34:58.369+0000] {dag.py:3096} INFO - Sync 1 DAGs
[2026-03-06T22:34:58.385+0000] {logging_mixin.py:188} INFO - [2026-03-06T22:34:58.385+0000] {dag.py:3954} INFO - Setting next_dagrun for example_trigger_target_dag to None, run_after=None
[2026-03-06T22:34:58.417+0000] {processor.py:183} INFO - Processing /home/airflow/.local/lib/python3.12/site-packages/airflow/example_dags/example_trigger_target_dag.py took 0.088 seconds
[2026-03-06T22:35:28.596+0000] {processor.py:161} INFO - Started process (PID=560) to work on /home/airflow/.local/lib/python3.12/site-packages/airflow/example_dags/example_trigger_target_dag.py
[2026-03-06T22:35:28.597+0000] {processor.py:830} INFO - Processing file /home/airflow/.local/lib/python3.12/site-packages/airflow/example_dags/example_trigger_target_dag.py for tasks to queue
[2026-03-06T22:35:28.600+0000] {logging_mixin.py:188} INFO - [2026-03-06T22:35:28.600+0000] {dagbag.py:545} INFO - Filling up the DagBag from /home/airflow/.local/lib/python3.12/site-packages/airflow/example_dags/example_trigger_target_dag.py
[2026-03-06T22:35:28.610+0000] {processor.py:840} INFO - DAG(s) 'example_trigger_target_dag' retrieved from /home/airflow/.local/lib/python3.12/site-packages/airflow/example_dags/example_trigger_target_dag.py
[2026-03-06T22:35:28.636+0000] {logging_mixin.py:188} INFO - [2026-03-06T22:35:28.636+0000] {dag.py:3096} INFO - Sync 1 DAGs
[2026-03-06T22:35:28.656+0000] {logging_mixin.py:188} INFO - [2026-03-06T22:35:28.656+0000] {dag.py:3954} INFO - Setting next_dagrun for example_trigger_target_dag to None, run_after=None
[2026-03-06T22:35:28.702+0000] {processor.py:183} INFO - Processing /home/airflow/.local/lib/python3.12/site-packages/airflow/example_dags/example_trigger_target_dag.py took 0.116 seconds
[2026-03-06T22:35:58.964+0000] {processor.py:161} INFO - Started process (PID=618) to work on /home/airflow/.local/lib/python3.12/site-packages/airflow/example_dags/example_trigger_target_dag.py
[2026-03-06T22:35:58.965+0000] {processor.py:830} INFO - Processing file /home/airflow/.local/lib/python3.12/site-packages/airflow/example_dags/example_trigger_target_dag.py for tasks to queue
[2026-03-06T22:35:58.967+0000] {logging_mixin.py:188} INFO - [2026-03-06T22:35:58.967+0000] {dagbag.py:545} INFO - Filling up the DagBag from /home/airflow/.local/lib/python3.12/site-packages/airflow/example_dags/example_trigger_target_dag.py
[2026-03-06T22:35:58.975+0000] {processor.py:840} INFO - DAG(s) 'example_trigger_target_dag' retrieved from /home/airflow/.local/lib/python3.12/site-packages/airflow/example_dags/example_trigger_target_dag.py
[2026-03-06T22:35:58.997+0000] {logging_mixin.py:188} INFO - [2026-03-06T22:35:58.996+0000] {dag.py:3096} INFO - Sync 1 DAGs
[2026-03-06T22:35:59.013+0000] {logging_mixin.py:188} INFO - [2026-03-06T22:35:59.013+0000] {dag.py:3954} INFO - Setting next_dagrun for example_trigger_target_dag to None, run_after=None
[2026-03-06T22:35:59.040+0000] {processor.py:183} INFO - Processing /home/airflow/.local/lib/python3.12/site-packages/airflow/example_dags/example_trigger_target_dag.py took 0.083 seconds
[2026-03-06T22:36:29.922+0000] {processor.py:161} INFO - Started process (PID=676) to work on /home/airflow/.local/lib/python3.12/site-packages/airflow/example_dags/example_trigger_target_dag.py
[2026-03-06T22:36:29.924+0000] {processor.py:830} INFO - Processing file /home/airflow/.local/lib/python3.12/site-packages/airflow/example_dags/example_trigger_target_dag.py for tasks to queue
[2026-03-06T22:36:29.926+0000] {logging_mixin.py:188} INFO - [2026-03-06T22:36:29.925+0000] {dagbag.py:545} INFO - Filling up the DagBag from /home/airflow/.local/lib/python3.12/site-packages/airflow/example_dags/example_trigger_target_dag.py
[2026-03-06T22:36:29.934+0000] {processor.py:840} INFO - DAG(s) 'example_trigger_target_dag' retrieved from /home/airflow/.local/lib/python3.12/site-packages/airflow/example_dags/example_trigger_target_dag.py
[2026-03-06T22:36:29.958+0000] {logging_mixin.py:188} INFO - [2026-03-06T22:36:29.958+0000] {dag.py:3096} INFO - Sync 1 DAGs
[2026-03-06T22:36:29.978+0000] {logging_mixin.py:188} INFO - [2026-03-06T22:36:29.978+0000] {dag.py:3954} INFO - Setting next_dagrun for example_trigger_target_dag to None, run_after=None
[2026-03-06T22:36:30.009+0000] {processor.py:183} INFO - Processing /home/airflow/.local/lib/python3.12/site-packages/airflow/example_dags/example_trigger_target_dag.py took 0.094 seconds
[2026-03-06T22:37:00.499+0000] {processor.py:161} INFO - Started process (PID=734) to work on /home/airflow/.local/lib/python3.12/site-packages/airflow/example_dags/example_trigger_target_dag.py
[2026-03-06T22:37:00.500+0000] {processor.py:830} INFO - Processing file /home/airflow/.local/lib/python3.12/site-packages/airflow/example_dags/example_trigger_target_dag.py for tasks to queue
[2026-03-06T22:37:00.502+0000] {logging_mixin.py:188} INFO - [2026-03-06T22:37:00.502+0000] {dagbag.py:545} INFO - Filling up the DagBag from /home/airflow/.local/lib/python3.12/site-packages/airflow/example_dags/example_trigger_target_dag.py
[2026-03-06T22:37:00.510+0000] {processor.py:840} INFO - DAG(s) 'example_trigger_target_dag' retrieved from /home/airflow/.local/lib/python3.12/site-packages/airflow/example_dags/example_trigger_target_dag.py
[2026-03-06T22:37:00.533+0000] {logging_mixin.py:188} INFO - [2026-03-06T22:37:00.533+0000] {dag.py:3096} INFO - Sync 1 DAGs
[2026-03-06T22:37:00.550+0000] {logging_mixin.py:188} INFO - [2026-03-06T22:37:00.550+0000] {dag.py:3954} INFO - Setting next_dagrun for example_trigger_target_dag to None, run_after=None
[2026-03-06T22:37:00.576+0000] {processor.py:183} INFO - Processing /home/airflow/.local/lib/python3.12/site-packages/airflow/example_dags/example_trigger_target_dag.py took 0.087 seconds
[2026-03-06T22:37:30.853+0000] {processor.py:161} INFO - Started process (PID=792) to work on /home/airflow/.local/lib/python3.12/site-packages/airflow/example_dags/example_trigger_target_dag.py
[2026-03-06T22:37:30.854+0000] {processor.py:830} INFO - Processing file /home/airflow/.local/lib/python3.12/site-packages/airflow/example_dags/example_trigger_target_dag.py for tasks to queue
[2026-03-06T22:37:30.857+0000] {logging_mixin.py:188} INFO - [2026-03-06T22:37:30.857+0000] {dagbag.py:545} INFO - Filling up the DagBag from /home/airflow/.local/lib/python3.12/site-packages/airflow/example_dags/example_trigger_target_dag.py
[2026-03-06T22:37:30.865+0000] {processor.py:840} INFO - DAG(s) 'example_trigger_target_dag' retrieved from /home/airflow/.local/lib/python3.12/site-packages/airflow/example_dags/example_trigger_target_dag.py
[2026-03-06T22:37:30.887+0000] {logging_mixin.py:188} INFO - [2026-03-06T22:37:30.887+0000] {dag.py:3096} INFO - Sync 1 DAGs
[2026-03-06T22:37:30.907+0000] {logging_mixin.py:188} INFO - [2026-03-06T22:37:30.906+0000] {dag.py:3954} INFO - Setting next_dagrun for example_trigger_target_dag to None, run_after=None
[2026-03-06T22:37:30.934+0000] {processor.py:183} INFO - Processing /home/airflow/.local/lib/python3.12/site-packages/airflow/example_dags/example_trigger_target_dag.py took 0.088 seconds
[2026-03-06T22:38:01.213+0000] {processor.py:161} INFO - Started process (PID=850) to work on /home/airflow/.local/lib/python3.12/site-packages/airflow/example_dags/example_trigger_target_dag.py
[2026-03-06T22:38:01.215+0000] {processor.py:830} INFO - Processing file /home/airflow/.local/lib/python3.12/site-packages/airflow/example_dags/example_trigger_target_dag.py for tasks to queue
[2026-03-06T22:38:01.218+0000] {logging_mixin.py:188} INFO - [2026-03-06T22:38:01.217+0000] {dagbag.py:545} INFO - Filling up the DagBag from /home/airflow/.local/lib/python3.12/site-packages/airflow/example_dags/example_trigger_target_dag.py
[2026-03-06T22:38:01.227+0000] {processor.py:840} INFO - DAG(s) 'example_trigger_target_dag' retrieved from /home/airflow/.local/lib/python3.12/site-packages/airflow/example_dags/example_trigger_target_dag.py
[2026-03-06T22:38:01.250+0000] {logging_mixin.py:188} INFO - [2026-03-06T22:38:01.250+0000] {dag.py:3096} INFO - Sync 1 DAGs
[2026-03-06T22:38:01.267+0000] {logging_mixin.py:188} INFO - [2026-03-06T22:38:01.267+0000] {dag.py:3954} INFO - Setting next_dagrun for example_trigger_target_dag to None, run_after=None
[2026-03-06T22:38:01.294+0000] {processor.py:183} INFO - Processing /home/airflow/.local/lib/python3.12/site-packages/airflow/example_dags/example_trigger_target_dag.py took 0.089 seconds
[2026-03-06T22:38:31.728+0000] {processor.py:161} INFO - Started process (PID=908) to work on /home/airflow/.local/lib/python3.12/site-packages/airflow/example_dags/example_trigger_target_dag.py
[2026-03-06T22:38:31.730+0000] {processor.py:830} INFO - Processing file /home/airflow/.local/lib/python3.12/site-packages/airflow/example_dags/example_trigger_target_dag.py for tasks to queue
[2026-03-06T22:38:31.732+0000] {logging_mixin.py:188} INFO - [2026-03-06T22:38:31.732+0000] {dagbag.py:545} INFO - Filling up the DagBag from /home/airflow/.local/lib/python3.12/site-packages/airflow/example_dags/example_trigger_target_dag.py
[2026-03-06T22:38:31.739+0000] {processor.py:840} INFO - DAG(s) 'example_trigger_target_dag' retrieved from /home/airflow/.local/lib/python3.12/site-packages/airflow/example_dags/example_trigger_target_dag.py
[2026-03-06T22:38:31.761+0000] {logging_mixin.py:188} INFO - [2026-03-06T22:38:31.761+0000] {dag.py:3096} INFO - Sync 1 DAGs
[2026-03-06T22:38:31.778+0000] {logging_mixin.py:188} INFO - [2026-03-06T22:38:31.777+0000] {dag.py:3954} INFO - Setting next_dagrun for example_trigger_target_dag to None, run_after=None
[2026-03-06T22:38:31.802+0000] {processor.py:183} INFO - Processing /home/airflow/.local/lib/python3.12/site-packages/airflow/example_dags/example_trigger_target_dag.py took 0.080 seconds
[2026-03-06T22:39:02.066+0000] {processor.py:161} INFO - Started process (PID=966) to work on /home/airflow/.local/lib/python3.12/site-packages/airflow/example_dags/example_trigger_target_dag.py
[2026-03-06T22:39:02.069+0000] {processor.py:830} INFO - Processing file /home/airflow/.local/lib/python3.12/site-packages/airflow/example_dags/example_trigger_target_dag.py for tasks to queue
[2026-03-06T22:39:02.072+0000] {logging_mixin.py:188} INFO - [2026-03-06T22:39:02.072+0000] {dagbag.py:545} INFO - Filling up the DagBag from /home/airflow/.local/lib/python3.12/site-packages/airflow/example_dags/example_trigger_target_dag.py
[2026-03-06T22:39:02.080+0000] {processor.py:840} INFO - DAG(s) 'example_trigger_target_dag' retrieved from /home/airflow/.local/lib/python3.12/site-packages/airflow/example_dags/example_trigger_target_dag.py
[2026-03-06T22:39:02.103+0000] {logging_mixin.py:188} INFO - [2026-03-06T22:39:02.103+0000] {dag.py:3096} INFO - Sync 1 DAGs
[2026-03-06T22:39:02.121+0000] {logging_mixin.py:188} INFO - [2026-03-06T22:39:02.121+0000] {dag.py:3954} INFO - Setting next_dagrun for example_trigger_target_dag to None, run_after=None
[2026-03-06T22:39:02.146+0000] {processor.py:183} INFO - Processing /home/airflow/.local/lib/python3.12/site-packages/airflow/example_dags/example_trigger_target_dag.py took 0.088 seconds
[2026-03-06T22:39:32.890+0000] {processor.py:161} INFO - Started process (PID=1024) to work on /home/airflow/.local/lib/python3.12/site-packages/airflow/example_dags/example_trigger_target_dag.py
[2026-03-06T22:39:32.891+0000] {processor.py:830} INFO - Processing file /home/airflow/.local/lib/python3.12/site-packages/airflow/example_dags/example_trigger_target_dag.py for tasks to queue
[2026-03-06T22:39:32.894+0000] {logging_mixin.py:188} INFO - [2026-03-06T22:39:32.893+0000] {dagbag.py:545} INFO - Filling up the DagBag from /home/airflow/.local/lib/python3.12/site-packages/airflow/example_dags/example_trigger_target_dag.py
[2026-03-06T22:39:32.901+0000] {processor.py:840} INFO - DAG(s) 'example_trigger_target_dag' retrieved from /home/airflow/.local/lib/python3.12/site-packages/airflow/example_dags/example_trigger_target_dag.py
[2026-03-06T22:39:32.925+0000] {logging_mixin.py:188} INFO - [2026-03-06T22:39:32.925+0000] {dag.py:3096} INFO - Sync 1 DAGs
[2026-03-06T22:39:32.942+0000] {logging_mixin.py:188} INFO - [2026-03-06T22:39:32.941+0000] {dag.py:3954} INFO - Setting next_dagrun for example_trigger_target_dag to None, run_after=None
[2026-03-06T22:39:32.967+0000] {processor.py:183} INFO - Processing /home/airflow/.local/lib/python3.12/site-packages/airflow/example_dags/example_trigger_target_dag.py took 0.084 seconds
[2026-03-06T22:40:03.595+0000] {processor.py:161} INFO - Started process (PID=1082) to work on /home/airflow/.local/lib/python3.12/site-packages/airflow/example_dags/example_trigger_target_dag.py
[2026-03-06T22:40:03.596+0000] {processor.py:830} INFO - Processing file /home/airflow/.local/lib/python3.12/site-packages/airflow/example_dags/example_trigger_target_dag.py for tasks to queue
[2026-03-06T22:40:03.599+0000] {logging_mixin.py:188} INFO - [2026-03-06T22:40:03.599+0000] {dagbag.py:545} INFO - Filling up the DagBag from /home/airflow/.local/lib/python3.12/site-packages/airflow/example_dags/example_trigger_target_dag.py
[2026-03-06T22:40:03.607+0000] {processor.py:840} INFO - DAG(s) 'example_trigger_target_dag' retrieved from /home/airflow/.local/lib/python3.12/site-packages/airflow/example_dags/example_trigger_target_dag.py
[2026-03-06T22:40:03.634+0000] {logging_mixin.py:188} INFO - [2026-03-06T22:40:03.634+0000] {dag.py:3096} INFO - Sync 1 DAGs
[2026-03-06T22:40:03.652+0000] {logging_mixin.py:188} INFO - [2026-03-06T22:40:03.652+0000] {dag.py:3954} INFO - Setting next_dagrun for example_trigger_target_dag to None, run_after=None
[2026-03-06T22:40:03.680+0000] {processor.py:183} INFO - Processing /home/airflow/.local/lib/python3.12/site-packages/airflow/example_dags/example_trigger_target_dag.py took 0.095 seconds
[2026-03-06T22:40:33.867+0000] {processor.py:161} INFO - Started process (PID=1140) to work on /home/airflow/.local/lib/python3.12/site-packages/airflow/example_dags/example_trigger_target_dag.py
[2026-03-06T22:40:33.869+0000] {processor.py:830} INFO - Processing file /home/airflow/.local/lib/python3.12/site-packages/airflow/example_dags/example_trigger_target_dag.py for tasks to queue
[2026-03-06T22:40:33.872+0000] {logging_mixin.py:188} INFO - [2026-03-06T22:40:33.871+0000] {dagbag.py:545} INFO - Filling up the DagBag from /home/airflow/.local/lib/python3.12/site-packages/airflow/example_dags/example_trigger_target_dag.py
[2026-03-06T22:40:33.882+0000] {processor.py:840} INFO - DAG(s) 'example_trigger_target_dag' retrieved from /home/airflow/.local/lib/python3.12/site-packages/airflow/example_dags/example_trigger_target_dag.py
[2026-03-06T22:40:33.919+0000] {logging_mixin.py:188} INFO - [2026-03-06T22:40:33.919+0000] {dag.py:3096} INFO - Sync 1 DAGs
[2026-03-06T22:40:33.943+0000] {logging_mixin.py:188} INFO - [2026-03-06T22:40:33.942+0000] {dag.py:3954} INFO - Setting next_dagrun for example_trigger_target_dag to None, run_after=None
[2026-03-06T22:40:33.976+0000] {processor.py:183} INFO - Processing /home/airflow/.local/lib/python3.12/site-packages/airflow/example_dags/example_trigger_target_dag.py took 0.117 seconds
[2026-03-06T22:41:04.379+0000] {processor.py:161} INFO - Started process (PID=1198) to work on /home/airflow/.local/lib/python3.12/site-packages/airflow/example_dags/example_trigger_target_dag.py
[2026-03-06T22:41:04.380+0000] {processor.py:830} INFO - Processing file /home/airflow/.local/lib/python3.12/site-packages/airflow/example_dags/example_trigger_target_dag.py for tasks to queue
[2026-03-06T22:41:04.383+0000] {logging_mixin.py:188} INFO - [2026-03-06T22:41:04.382+0000] {dagbag.py:545} INFO - Filling up the DagBag from /home/airflow/.local/lib/python3.12/site-packages/airflow/example_dags/example_trigger_target_dag.py
[2026-03-06T22:41:04.392+0000] {processor.py:840} INFO - DAG(s) 'example_trigger_target_dag' retrieved from /home/airflow/.local/lib/python3.12/site-packages/airflow/example_dags/example_trigger_target_dag.py
[2026-03-06T22:41:04.415+0000] {logging_mixin.py:188} INFO - [2026-03-06T22:41:04.415+0000] {dag.py:3096} INFO - Sync 1 DAGs
[2026-03-06T22:41:04.432+0000] {logging_mixin.py:188} INFO - [2026-03-06T22:41:04.432+0000] {dag.py:3954} INFO - Setting next_dagrun for example_trigger_target_dag to None, run_after=None
[2026-03-06T22:41:04.459+0000] {processor.py:183} INFO - Processing /home/airflow/.local/lib/python3.12/site-packages/airflow/example_dags/example_trigger_target_dag.py took 0.088 seconds
