[2026-03-06T22:30:51.133+0000] {processor.py:161} INFO - Started process (PID=108) to work on /home/airflow/.local/lib/python3.12/site-packages/airflow/example_dags/example_branch_labels.py
[2026-03-06T22:30:51.134+0000] {processor.py:830} INFO - Processing file /home/airflow/.local/lib/python3.12/site-packages/airflow/example_dags/example_branch_labels.py for tasks to queue
[2026-03-06T22:30:51.138+0000] {logging_mixin.py:188} INFO - [2026-03-06T22:30:51.137+0000] {dagbag.py:545} INFO - Filling up the DagBag from /home/airflow/.local/lib/python3.12/site-packages/airflow/example_dags/example_branch_labels.py
[2026-03-06T22:30:51.148+0000] {processor.py:840} INFO - DAG(s) 'example_branch_labels' retrieved from /home/airflow/.local/lib/python3.12/site-packages/airflow/example_dags/example_branch_labels.py
[2026-03-06T22:30:51.299+0000] {logging_mixin.py:188} INFO - [2026-03-06T22:30:51.298+0000] {override.py:1829} INFO - Created Permission View: can delete on DAG:example_branch_labels
[2026-03-06T22:30:51.315+0000] {logging_mixin.py:188} INFO - [2026-03-06T22:30:51.314+0000] {override.py:1829} INFO - Created Permission View: can read on DAG:example_branch_labels
[2026-03-06T22:30:51.323+0000] {logging_mixin.py:188} INFO - [2026-03-06T22:30:51.323+0000] {override.py:1829} INFO - Created Permission View: can edit on DAG:example_branch_labels
[2026-03-06T22:30:51.324+0000] {logging_mixin.py:188} INFO - [2026-03-06T22:30:51.324+0000] {dag.py:3096} INFO - Sync 1 DAGs
[2026-03-06T22:30:51.338+0000] {logging_mixin.py:188} INFO - [2026-03-06T22:30:51.338+0000] {dag.py:3118} INFO - Creating ORM DAG for example_branch_labels
[2026-03-06T22:30:51.353+0000] {logging_mixin.py:188} INFO - [2026-03-06T22:30:51.352+0000] {dag.py:3954} INFO - Setting next_dagrun for example_branch_labels to 2026-03-05 00:00:00+00:00, run_after=2026-03-06 00:00:00+00:00
[2026-03-06T22:30:51.370+0000] {processor.py:183} INFO - Processing /home/airflow/.local/lib/python3.12/site-packages/airflow/example_dags/example_branch_labels.py took 0.244 seconds
[2026-03-06T22:31:23.117+0000] {processor.py:161} INFO - Started process (PID=88) to work on /home/airflow/.local/lib/python3.12/site-packages/airflow/example_dags/example_branch_labels.py
[2026-03-06T22:31:23.118+0000] {processor.py:830} INFO - Processing file /home/airflow/.local/lib/python3.12/site-packages/airflow/example_dags/example_branch_labels.py for tasks to queue
[2026-03-06T22:31:23.122+0000] {logging_mixin.py:188} INFO - [2026-03-06T22:31:23.121+0000] {dagbag.py:545} INFO - Filling up the DagBag from /home/airflow/.local/lib/python3.12/site-packages/airflow/example_dags/example_branch_labels.py
[2026-03-06T22:31:23.139+0000] {processor.py:840} INFO - DAG(s) 'example_branch_labels' retrieved from /home/airflow/.local/lib/python3.12/site-packages/airflow/example_dags/example_branch_labels.py
[2026-03-06T22:31:23.181+0000] {logging_mixin.py:188} INFO - [2026-03-06T22:31:23.180+0000] {dag.py:3096} INFO - Sync 1 DAGs
[2026-03-06T22:31:23.223+0000] {logging_mixin.py:188} INFO - [2026-03-06T22:31:23.222+0000] {dag.py:3954} INFO - Setting next_dagrun for example_branch_labels to 2026-03-05 00:00:00+00:00, run_after=2026-03-06 00:00:00+00:00
[2026-03-06T22:31:23.266+0000] {processor.py:183} INFO - Processing /home/airflow/.local/lib/python3.12/site-packages/airflow/example_dags/example_branch_labels.py took 0.161 seconds
[2026-03-06T22:31:53.378+0000] {processor.py:161} INFO - Started process (PID=146) to work on /home/airflow/.local/lib/python3.12/site-packages/airflow/example_dags/example_branch_labels.py
[2026-03-06T22:31:53.379+0000] {processor.py:830} INFO - Processing file /home/airflow/.local/lib/python3.12/site-packages/airflow/example_dags/example_branch_labels.py for tasks to queue
[2026-03-06T22:31:53.381+0000] {logging_mixin.py:188} INFO - [2026-03-06T22:31:53.381+0000] {dagbag.py:545} INFO - Filling up the DagBag from /home/airflow/.local/lib/python3.12/site-packages/airflow/example_dags/example_branch_labels.py
[2026-03-06T22:31:53.391+0000] {processor.py:840} INFO - DAG(s) 'example_branch_labels' retrieved from /home/airflow/.local/lib/python3.12/site-packages/airflow/example_dags/example_branch_labels.py
[2026-03-06T22:31:53.424+0000] {logging_mixin.py:188} INFO - [2026-03-06T22:31:53.424+0000] {dag.py:3096} INFO - Sync 1 DAGs
[2026-03-06T22:31:53.456+0000] {logging_mixin.py:188} INFO - [2026-03-06T22:31:53.455+0000] {dag.py:3954} INFO - Setting next_dagrun for example_branch_labels to 2026-03-05 00:00:00+00:00, run_after=2026-03-06 00:00:00+00:00
[2026-03-06T22:31:53.484+0000] {processor.py:183} INFO - Processing /home/airflow/.local/lib/python3.12/site-packages/airflow/example_dags/example_branch_labels.py took 0.113 seconds
[2026-03-06T22:32:24.128+0000] {processor.py:161} INFO - Started process (PID=210) to work on /home/airflow/.local/lib/python3.12/site-packages/airflow/example_dags/example_branch_labels.py
[2026-03-06T22:32:24.130+0000] {processor.py:830} INFO - Processing file /home/airflow/.local/lib/python3.12/site-packages/airflow/example_dags/example_branch_labels.py for tasks to queue
[2026-03-06T22:32:24.134+0000] {logging_mixin.py:188} INFO - [2026-03-06T22:32:24.133+0000] {dagbag.py:545} INFO - Filling up the DagBag from /home/airflow/.local/lib/python3.12/site-packages/airflow/example_dags/example_branch_labels.py
[2026-03-06T22:32:24.144+0000] {processor.py:840} INFO - DAG(s) 'example_branch_labels' retrieved from /home/airflow/.local/lib/python3.12/site-packages/airflow/example_dags/example_branch_labels.py
[2026-03-06T22:32:24.175+0000] {logging_mixin.py:188} INFO - [2026-03-06T22:32:24.175+0000] {dag.py:3096} INFO - Sync 1 DAGs
[2026-03-06T22:32:24.207+0000] {logging_mixin.py:188} INFO - [2026-03-06T22:32:24.207+0000] {dag.py:3954} INFO - Setting next_dagrun for example_branch_labels to 2026-03-05 00:00:00+00:00, run_after=2026-03-06 00:00:00+00:00
[2026-03-06T22:32:24.267+0000] {processor.py:183} INFO - Processing /home/airflow/.local/lib/python3.12/site-packages/airflow/example_dags/example_branch_labels.py took 0.149 seconds
[2026-03-06T22:32:54.754+0000] {processor.py:161} INFO - Started process (PID=268) to work on /home/airflow/.local/lib/python3.12/site-packages/airflow/example_dags/example_branch_labels.py
[2026-03-06T22:32:54.756+0000] {processor.py:830} INFO - Processing file /home/airflow/.local/lib/python3.12/site-packages/airflow/example_dags/example_branch_labels.py for tasks to queue
[2026-03-06T22:32:54.759+0000] {logging_mixin.py:188} INFO - [2026-03-06T22:32:54.758+0000] {dagbag.py:545} INFO - Filling up the DagBag from /home/airflow/.local/lib/python3.12/site-packages/airflow/example_dags/example_branch_labels.py
[2026-03-06T22:32:54.771+0000] {processor.py:840} INFO - DAG(s) 'example_branch_labels' retrieved from /home/airflow/.local/lib/python3.12/site-packages/airflow/example_dags/example_branch_labels.py
[2026-03-06T22:32:54.790+0000] {logging_mixin.py:188} INFO - [2026-03-06T22:32:54.790+0000] {dag.py:3096} INFO - Sync 1 DAGs
[2026-03-06T22:32:54.824+0000] {logging_mixin.py:188} INFO - [2026-03-06T22:32:54.824+0000] {dag.py:3954} INFO - Setting next_dagrun for example_branch_labels to 2026-03-05 00:00:00+00:00, run_after=2026-03-06 00:00:00+00:00
[2026-03-06T22:32:54.851+0000] {processor.py:183} INFO - Processing /home/airflow/.local/lib/python3.12/site-packages/airflow/example_dags/example_branch_labels.py took 0.105 seconds
[2026-03-06T22:33:26.667+0000] {processor.py:161} INFO - Started process (PID=326) to work on /home/airflow/.local/lib/python3.12/site-packages/airflow/example_dags/example_branch_labels.py
[2026-03-06T22:33:26.668+0000] {processor.py:830} INFO - Processing file /home/airflow/.local/lib/python3.12/site-packages/airflow/example_dags/example_branch_labels.py for tasks to queue
[2026-03-06T22:33:26.671+0000] {logging_mixin.py:188} INFO - [2026-03-06T22:33:26.670+0000] {dagbag.py:545} INFO - Filling up the DagBag from /home/airflow/.local/lib/python3.12/site-packages/airflow/example_dags/example_branch_labels.py
[2026-03-06T22:33:26.680+0000] {processor.py:840} INFO - DAG(s) 'example_branch_labels' retrieved from /home/airflow/.local/lib/python3.12/site-packages/airflow/example_dags/example_branch_labels.py
[2026-03-06T22:33:26.812+0000] {logging_mixin.py:188} INFO - [2026-03-06T22:33:26.812+0000] {dag.py:3096} INFO - Sync 1 DAGs
[2026-03-06T22:33:26.837+0000] {logging_mixin.py:188} INFO - [2026-03-06T22:33:26.837+0000] {dag.py:3954} INFO - Setting next_dagrun for example_branch_labels to 2026-03-05 00:00:00+00:00, run_after=2026-03-06 00:00:00+00:00
[2026-03-06T22:33:26.869+0000] {processor.py:183} INFO - Processing /home/airflow/.local/lib/python3.12/site-packages/airflow/example_dags/example_branch_labels.py took 0.208 seconds
[2026-03-06T22:33:57.166+0000] {processor.py:161} INFO - Started process (PID=384) to work on /home/airflow/.local/lib/python3.12/site-packages/airflow/example_dags/example_branch_labels.py
[2026-03-06T22:33:57.167+0000] {processor.py:830} INFO - Processing file /home/airflow/.local/lib/python3.12/site-packages/airflow/example_dags/example_branch_labels.py for tasks to queue
[2026-03-06T22:33:57.171+0000] {logging_mixin.py:188} INFO - [2026-03-06T22:33:57.170+0000] {dagbag.py:545} INFO - Filling up the DagBag from /home/airflow/.local/lib/python3.12/site-packages/airflow/example_dags/example_branch_labels.py
[2026-03-06T22:33:57.185+0000] {processor.py:840} INFO - DAG(s) 'example_branch_labels' retrieved from /home/airflow/.local/lib/python3.12/site-packages/airflow/example_dags/example_branch_labels.py
[2026-03-06T22:33:57.221+0000] {logging_mixin.py:188} INFO - [2026-03-06T22:33:57.220+0000] {dag.py:3096} INFO - Sync 1 DAGs
[2026-03-06T22:33:57.264+0000] {logging_mixin.py:188} INFO - [2026-03-06T22:33:57.263+0000] {dag.py:3954} INFO - Setting next_dagrun for example_branch_labels to 2026-03-05 00:00:00+00:00, run_after=2026-03-06 00:00:00+00:00
[2026-03-06T22:33:57.302+0000] {processor.py:183} INFO - Processing /home/airflow/.local/lib/python3.12/site-packages/airflow/example_dags/example_branch_labels.py took 0.146 seconds
[2026-03-06T22:34:27.960+0000] {processor.py:161} INFO - Started process (PID=442) to work on /home/airflow/.local/lib/python3.12/site-packages/airflow/example_dags/example_branch_labels.py
[2026-03-06T22:34:27.962+0000] {processor.py:830} INFO - Processing file /home/airflow/.local/lib/python3.12/site-packages/airflow/example_dags/example_branch_labels.py for tasks to queue
[2026-03-06T22:34:27.966+0000] {logging_mixin.py:188} INFO - [2026-03-06T22:34:27.965+0000] {dagbag.py:545} INFO - Filling up the DagBag from /home/airflow/.local/lib/python3.12/site-packages/airflow/example_dags/example_branch_labels.py
[2026-03-06T22:34:27.982+0000] {processor.py:840} INFO - DAG(s) 'example_branch_labels' retrieved from /home/airflow/.local/lib/python3.12/site-packages/airflow/example_dags/example_branch_labels.py
[2026-03-06T22:34:28.015+0000] {logging_mixin.py:188} INFO - [2026-03-06T22:34:28.014+0000] {dag.py:3096} INFO - Sync 1 DAGs
[2026-03-06T22:34:28.062+0000] {logging_mixin.py:188} INFO - [2026-03-06T22:34:28.061+0000] {dag.py:3954} INFO - Setting next_dagrun for example_branch_labels to 2026-03-05 00:00:00+00:00, run_after=2026-03-06 00:00:00+00:00
[2026-03-06T22:34:28.100+0000] {processor.py:183} INFO - Processing /home/airflow/.local/lib/python3.12/site-packages/airflow/example_dags/example_branch_labels.py took 0.149 seconds
[2026-03-06T22:34:58.210+0000] {processor.py:161} INFO - Started process (PID=500) to work on /home/airflow/.local/lib/python3.12/site-packages/airflow/example_dags/example_branch_labels.py
[2026-03-06T22:34:58.211+0000] {processor.py:830} INFO - Processing file /home/airflow/.local/lib/python3.12/site-packages/airflow/example_dags/example_branch_labels.py for tasks to queue
[2026-03-06T22:34:58.213+0000] {logging_mixin.py:188} INFO - [2026-03-06T22:34:58.213+0000] {dagbag.py:545} INFO - Filling up the DagBag from /home/airflow/.local/lib/python3.12/site-packages/airflow/example_dags/example_branch_labels.py
[2026-03-06T22:34:58.225+0000] {processor.py:840} INFO - DAG(s) 'example_branch_labels' retrieved from /home/airflow/.local/lib/python3.12/site-packages/airflow/example_dags/example_branch_labels.py
[2026-03-06T22:34:58.254+0000] {logging_mixin.py:188} INFO - [2026-03-06T22:34:58.254+0000] {dag.py:3096} INFO - Sync 1 DAGs
[2026-03-06T22:34:58.287+0000] {logging_mixin.py:188} INFO - [2026-03-06T22:34:58.287+0000] {dag.py:3954} INFO - Setting next_dagrun for example_branch_labels to 2026-03-05 00:00:00+00:00, run_after=2026-03-06 00:00:00+00:00
[2026-03-06T22:34:58.313+0000] {processor.py:183} INFO - Processing /home/airflow/.local/lib/python3.12/site-packages/airflow/example_dags/example_branch_labels.py took 0.111 seconds
[2026-03-06T22:35:28.449+0000] {processor.py:161} INFO - Started process (PID=558) to work on /home/airflow/.local/lib/python3.12/site-packages/airflow/example_dags/example_branch_labels.py
[2026-03-06T22:35:28.451+0000] {processor.py:830} INFO - Processing file /home/airflow/.local/lib/python3.12/site-packages/airflow/example_dags/example_branch_labels.py for tasks to queue
[2026-03-06T22:35:28.454+0000] {logging_mixin.py:188} INFO - [2026-03-06T22:35:28.453+0000] {dagbag.py:545} INFO - Filling up the DagBag from /home/airflow/.local/lib/python3.12/site-packages/airflow/example_dags/example_branch_labels.py
[2026-03-06T22:35:28.464+0000] {processor.py:840} INFO - DAG(s) 'example_branch_labels' retrieved from /home/airflow/.local/lib/python3.12/site-packages/airflow/example_dags/example_branch_labels.py
[2026-03-06T22:35:28.491+0000] {logging_mixin.py:188} INFO - [2026-03-06T22:35:28.491+0000] {dag.py:3096} INFO - Sync 1 DAGs
[2026-03-06T22:35:28.524+0000] {logging_mixin.py:188} INFO - [2026-03-06T22:35:28.524+0000] {dag.py:3954} INFO - Setting next_dagrun for example_branch_labels to 2026-03-05 00:00:00+00:00, run_after=2026-03-06 00:00:00+00:00
[2026-03-06T22:35:28.563+0000] {processor.py:183} INFO - Processing /home/airflow/.local/lib/python3.12/site-packages/airflow/example_dags/example_branch_labels.py took 0.121 seconds
[2026-03-06T22:35:58.813+0000] {processor.py:161} INFO - Started process (PID=616) to work on /home/airflow/.local/lib/python3.12/site-packages/airflow/example_dags/example_branch_labels.py
[2026-03-06T22:35:58.814+0000] {processor.py:830} INFO - Processing file /home/airflow/.local/lib/python3.12/site-packages/airflow/example_dags/example_branch_labels.py for tasks to queue
[2026-03-06T22:35:58.816+0000] {logging_mixin.py:188} INFO - [2026-03-06T22:35:58.816+0000] {dagbag.py:545} INFO - Filling up the DagBag from /home/airflow/.local/lib/python3.12/site-packages/airflow/example_dags/example_branch_labels.py
[2026-03-06T22:35:58.828+0000] {processor.py:840} INFO - DAG(s) 'example_branch_labels' retrieved from /home/airflow/.local/lib/python3.12/site-packages/airflow/example_dags/example_branch_labels.py
[2026-03-06T22:35:58.858+0000] {logging_mixin.py:188} INFO - [2026-03-06T22:35:58.857+0000] {dag.py:3096} INFO - Sync 1 DAGs
[2026-03-06T22:35:58.900+0000] {logging_mixin.py:188} INFO - [2026-03-06T22:35:58.900+0000] {dag.py:3954} INFO - Setting next_dagrun for example_branch_labels to 2026-03-05 00:00:00+00:00, run_after=2026-03-06 00:00:00+00:00
[2026-03-06T22:35:58.934+0000] {processor.py:183} INFO - Processing /home/airflow/.local/lib/python3.12/site-packages/airflow/example_dags/example_branch_labels.py took 0.129 seconds
[2026-03-06T22:36:29.807+0000] {processor.py:161} INFO - Started process (PID=674) to work on /home/airflow/.local/lib/python3.12/site-packages/airflow/example_dags/example_branch_labels.py
[2026-03-06T22:36:29.808+0000] {processor.py:830} INFO - Processing file /home/airflow/.local/lib/python3.12/site-packages/airflow/example_dags/example_branch_labels.py for tasks to queue
[2026-03-06T22:36:29.811+0000] {logging_mixin.py:188} INFO - [2026-03-06T22:36:29.811+0000] {dagbag.py:545} INFO - Filling up the DagBag from /home/airflow/.local/lib/python3.12/site-packages/airflow/example_dags/example_branch_labels.py
[2026-03-06T22:36:29.821+0000] {processor.py:840} INFO - DAG(s) 'example_branch_labels' retrieved from /home/airflow/.local/lib/python3.12/site-packages/airflow/example_dags/example_branch_labels.py
[2026-03-06T22:36:29.847+0000] {logging_mixin.py:188} INFO - [2026-03-06T22:36:29.847+0000] {dag.py:3096} INFO - Sync 1 DAGs
[2026-03-06T22:36:29.881+0000] {logging_mixin.py:188} INFO - [2026-03-06T22:36:29.880+0000] {dag.py:3954} INFO - Setting next_dagrun for example_branch_labels to 2026-03-05 00:00:00+00:00, run_after=2026-03-06 00:00:00+00:00
[2026-03-06T22:36:29.908+0000] {processor.py:183} INFO - Processing /home/airflow/.local/lib/python3.12/site-packages/airflow/example_dags/example_branch_labels.py took 0.109 seconds
[2026-03-06T22:37:00.360+0000] {processor.py:161} INFO - Started process (PID=732) to work on /home/airflow/.local/lib/python3.12/site-packages/airflow/example_dags/example_branch_labels.py
[2026-03-06T22:37:00.361+0000] {processor.py:830} INFO - Processing file /home/airflow/.local/lib/python3.12/site-packages/airflow/example_dags/example_branch_labels.py for tasks to queue
[2026-03-06T22:37:00.364+0000] {logging_mixin.py:188} INFO - [2026-03-06T22:37:00.364+0000] {dagbag.py:545} INFO - Filling up the DagBag from /home/airflow/.local/lib/python3.12/site-packages/airflow/example_dags/example_branch_labels.py
[2026-03-06T22:37:00.374+0000] {processor.py:840} INFO - DAG(s) 'example_branch_labels' retrieved from /home/airflow/.local/lib/python3.12/site-packages/airflow/example_dags/example_branch_labels.py
[2026-03-06T22:37:00.408+0000] {logging_mixin.py:188} INFO - [2026-03-06T22:37:00.408+0000] {dag.py:3096} INFO - Sync 1 DAGs
[2026-03-06T22:37:00.442+0000] {logging_mixin.py:188} INFO - [2026-03-06T22:37:00.442+0000] {dag.py:3954} INFO - Setting next_dagrun for example_branch_labels to 2026-03-05 00:00:00+00:00, run_after=2026-03-06 00:00:00+00:00
[2026-03-06T22:37:00.469+0000] {processor.py:183} INFO - Processing /home/airflow/.local/lib/python3.12/site-packages/airflow/example_dags/example_branch_labels.py took 0.116 seconds
[2026-03-06T22:37:30.734+0000] {processor.py:161} INFO - Started process (PID=790) to work on /home/airflow/.local/lib/python3.12/site-packages/airflow/example_dags/example_branch_labels.py
[2026-03-06T22:37:30.735+0000] {processor.py:830} INFO - Processing file /home/airflow/.local/lib/python3.12/site-packages/airflow/example_dags/example_branch_labels.py for tasks to queue
[2026-03-06T22:37:30.738+0000] {logging_mixin.py:188} INFO - [2026-03-06T22:37:30.737+0000] {dagbag.py:545} INFO - Filling up the DagBag from /home/airflow/.local/lib/python3.12/site-packages/airflow/example_dags/example_branch_labels.py
[2026-03-06T22:37:30.748+0000] {processor.py:840} INFO - DAG(s) 'example_branch_labels' retrieved from /home/airflow/.local/lib/python3.12/site-packages/airflow/example_dags/example_branch_labels.py
[2026-03-06T22:37:30.773+0000] {logging_mixin.py:188} INFO - [2026-03-06T22:37:30.773+0000] {dag.py:3096} INFO - Sync 1 DAGs
[2026-03-06T22:37:30.802+0000] {logging_mixin.py:188} INFO - [2026-03-06T22:37:30.802+0000] {dag.py:3954} INFO - Setting next_dagrun for example_branch_labels to 2026-03-05 00:00:00+00:00, run_after=2026-03-06 00:00:00+00:00
[2026-03-06T22:37:30.825+0000] {processor.py:183} INFO - Processing /home/airflow/.local/lib/python3.12/site-packages/airflow/example_dags/example_branch_labels.py took 0.099 seconds
[2026-03-06T22:38:01.087+0000] {processor.py:161} INFO - Started process (PID=848) to work on /home/airflow/.local/lib/python3.12/site-packages/airflow/example_dags/example_branch_labels.py
[2026-03-06T22:38:01.088+0000] {processor.py:830} INFO - Processing file /home/airflow/.local/lib/python3.12/site-packages/airflow/example_dags/example_branch_labels.py for tasks to queue
[2026-03-06T22:38:01.091+0000] {logging_mixin.py:188} INFO - [2026-03-06T22:38:01.091+0000] {dagbag.py:545} INFO - Filling up the DagBag from /home/airflow/.local/lib/python3.12/site-packages/airflow/example_dags/example_branch_labels.py
[2026-03-06T22:38:01.101+0000] {processor.py:840} INFO - DAG(s) 'example_branch_labels' retrieved from /home/airflow/.local/lib/python3.12/site-packages/airflow/example_dags/example_branch_labels.py
[2026-03-06T22:38:01.127+0000] {logging_mixin.py:188} INFO - [2026-03-06T22:38:01.127+0000] {dag.py:3096} INFO - Sync 1 DAGs
[2026-03-06T22:38:01.156+0000] {logging_mixin.py:188} INFO - [2026-03-06T22:38:01.156+0000] {dag.py:3954} INFO - Setting next_dagrun for example_branch_labels to 2026-03-05 00:00:00+00:00, run_after=2026-03-06 00:00:00+00:00
[2026-03-06T22:38:01.181+0000] {processor.py:183} INFO - Processing /home/airflow/.local/lib/python3.12/site-packages/airflow/example_dags/example_branch_labels.py took 0.102 seconds
[2026-03-06T22:38:31.607+0000] {processor.py:161} INFO - Started process (PID=906) to work on /home/airflow/.local/lib/python3.12/site-packages/airflow/example_dags/example_branch_labels.py
[2026-03-06T22:38:31.608+0000] {processor.py:830} INFO - Processing file /home/airflow/.local/lib/python3.12/site-packages/airflow/example_dags/example_branch_labels.py for tasks to queue
[2026-03-06T22:38:31.610+0000] {logging_mixin.py:188} INFO - [2026-03-06T22:38:31.610+0000] {dagbag.py:545} INFO - Filling up the DagBag from /home/airflow/.local/lib/python3.12/site-packages/airflow/example_dags/example_branch_labels.py
[2026-03-06T22:38:31.620+0000] {processor.py:840} INFO - DAG(s) 'example_branch_labels' retrieved from /home/airflow/.local/lib/python3.12/site-packages/airflow/example_dags/example_branch_labels.py
[2026-03-06T22:38:31.646+0000] {logging_mixin.py:188} INFO - [2026-03-06T22:38:31.646+0000] {dag.py:3096} INFO - Sync 1 DAGs
[2026-03-06T22:38:31.679+0000] {logging_mixin.py:188} INFO - [2026-03-06T22:38:31.679+0000] {dag.py:3954} INFO - Setting next_dagrun for example_branch_labels to 2026-03-05 00:00:00+00:00, run_after=2026-03-06 00:00:00+00:00
[2026-03-06T22:38:31.702+0000] {processor.py:183} INFO - Processing /home/airflow/.local/lib/python3.12/site-packages/airflow/example_dags/example_branch_labels.py took 0.102 seconds
[2026-03-06T22:39:01.947+0000] {processor.py:161} INFO - Started process (PID=964) to work on /home/airflow/.local/lib/python3.12/site-packages/airflow/example_dags/example_branch_labels.py
[2026-03-06T22:39:01.949+0000] {processor.py:830} INFO - Processing file /home/airflow/.local/lib/python3.12/site-packages/airflow/example_dags/example_branch_labels.py for tasks to queue
[2026-03-06T22:39:01.951+0000] {logging_mixin.py:188} INFO - [2026-03-06T22:39:01.951+0000] {dagbag.py:545} INFO - Filling up the DagBag from /home/airflow/.local/lib/python3.12/site-packages/airflow/example_dags/example_branch_labels.py
[2026-03-06T22:39:01.960+0000] {processor.py:840} INFO - DAG(s) 'example_branch_labels' retrieved from /home/airflow/.local/lib/python3.12/site-packages/airflow/example_dags/example_branch_labels.py
[2026-03-06T22:39:01.986+0000] {logging_mixin.py:188} INFO - [2026-03-06T22:39:01.986+0000] {dag.py:3096} INFO - Sync 1 DAGs
[2026-03-06T22:39:02.013+0000] {logging_mixin.py:188} INFO - [2026-03-06T22:39:02.013+0000] {dag.py:3954} INFO - Setting next_dagrun for example_branch_labels to 2026-03-05 00:00:00+00:00, run_after=2026-03-06 00:00:00+00:00
[2026-03-06T22:39:02.036+0000] {processor.py:183} INFO - Processing /home/airflow/.local/lib/python3.12/site-packages/airflow/example_dags/example_branch_labels.py took 0.095 seconds
[2026-03-06T22:39:32.758+0000] {processor.py:161} INFO - Started process (PID=1022) to work on /home/airflow/.local/lib/python3.12/site-packages/airflow/example_dags/example_branch_labels.py
[2026-03-06T22:39:32.759+0000] {processor.py:830} INFO - Processing file /home/airflow/.local/lib/python3.12/site-packages/airflow/example_dags/example_branch_labels.py for tasks to queue
[2026-03-06T22:39:32.762+0000] {logging_mixin.py:188} INFO - [2026-03-06T22:39:32.762+0000] {dagbag.py:545} INFO - Filling up the DagBag from /home/airflow/.local/lib/python3.12/site-packages/airflow/example_dags/example_branch_labels.py
[2026-03-06T22:39:32.772+0000] {processor.py:840} INFO - DAG(s) 'example_branch_labels' retrieved from /home/airflow/.local/lib/python3.12/site-packages/airflow/example_dags/example_branch_labels.py
[2026-03-06T22:39:32.802+0000] {logging_mixin.py:188} INFO - [2026-03-06T22:39:32.802+0000] {dag.py:3096} INFO - Sync 1 DAGs
[2026-03-06T22:39:32.835+0000] {logging_mixin.py:188} INFO - [2026-03-06T22:39:32.835+0000] {dag.py:3954} INFO - Setting next_dagrun for example_branch_labels to 2026-03-05 00:00:00+00:00, run_after=2026-03-06 00:00:00+00:00
[2026-03-06T22:39:32.863+0000] {processor.py:183} INFO - Processing /home/airflow/.local/lib/python3.12/site-packages/airflow/example_dags/example_branch_labels.py took 0.112 seconds
[2026-03-06T22:40:03.424+0000] {processor.py:161} INFO - Started process (PID=1080) to work on /home/airflow/.local/lib/python3.12/site-packages/airflow/example_dags/example_branch_labels.py
[2026-03-06T22:40:03.426+0000] {processor.py:830} INFO - Processing file /home/airflow/.local/lib/python3.12/site-packages/airflow/example_dags/example_branch_labels.py for tasks to queue
[2026-03-06T22:40:03.429+0000] {logging_mixin.py:188} INFO - [2026-03-06T22:40:03.429+0000] {dagbag.py:545} INFO - Filling up the DagBag from /home/airflow/.local/lib/python3.12/site-packages/airflow/example_dags/example_branch_labels.py
[2026-03-06T22:40:03.442+0000] {processor.py:840} INFO - DAG(s) 'example_branch_labels' retrieved from /home/airflow/.local/lib/python3.12/site-packages/airflow/example_dags/example_branch_labels.py
[2026-03-06T22:40:03.480+0000] {logging_mixin.py:188} INFO - [2026-03-06T22:40:03.479+0000] {dag.py:3096} INFO - Sync 1 DAGs
[2026-03-06T22:40:03.533+0000] {logging_mixin.py:188} INFO - [2026-03-06T22:40:03.533+0000] {dag.py:3954} INFO - Setting next_dagrun for example_branch_labels to 2026-03-05 00:00:00+00:00, run_after=2026-03-06 00:00:00+00:00
[2026-03-06T22:40:03.559+0000] {processor.py:183} INFO - Processing /home/airflow/.local/lib/python3.12/site-packages/airflow/example_dags/example_branch_labels.py took 0.144 seconds
[2026-03-06T22:40:33.734+0000] {processor.py:161} INFO - Started process (PID=1138) to work on /home/airflow/.local/lib/python3.12/site-packages/airflow/example_dags/example_branch_labels.py
[2026-03-06T22:40:33.735+0000] {processor.py:830} INFO - Processing file /home/airflow/.local/lib/python3.12/site-packages/airflow/example_dags/example_branch_labels.py for tasks to queue
[2026-03-06T22:40:33.738+0000] {logging_mixin.py:188} INFO - [2026-03-06T22:40:33.737+0000] {dagbag.py:545} INFO - Filling up the DagBag from /home/airflow/.local/lib/python3.12/site-packages/airflow/example_dags/example_branch_labels.py
[2026-03-06T22:40:33.747+0000] {processor.py:840} INFO - DAG(s) 'example_branch_labels' retrieved from /home/airflow/.local/lib/python3.12/site-packages/airflow/example_dags/example_branch_labels.py
[2026-03-06T22:40:33.777+0000] {logging_mixin.py:188} INFO - [2026-03-06T22:40:33.776+0000] {dag.py:3096} INFO - Sync 1 DAGs
[2026-03-06T22:40:33.808+0000] {logging_mixin.py:188} INFO - [2026-03-06T22:40:33.807+0000] {dag.py:3954} INFO - Setting next_dagrun for example_branch_labels to 2026-03-05 00:00:00+00:00, run_after=2026-03-06 00:00:00+00:00
[2026-03-06T22:40:33.832+0000] {processor.py:183} INFO - Processing /home/airflow/.local/lib/python3.12/site-packages/airflow/example_dags/example_branch_labels.py took 0.104 seconds
[2026-03-06T22:41:04.256+0000] {processor.py:161} INFO - Started process (PID=1196) to work on /home/airflow/.local/lib/python3.12/site-packages/airflow/example_dags/example_branch_labels.py
[2026-03-06T22:41:04.257+0000] {processor.py:830} INFO - Processing file /home/airflow/.local/lib/python3.12/site-packages/airflow/example_dags/example_branch_labels.py for tasks to queue
[2026-03-06T22:41:04.260+0000] {logging_mixin.py:188} INFO - [2026-03-06T22:41:04.259+0000] {dagbag.py:545} INFO - Filling up the DagBag from /home/airflow/.local/lib/python3.12/site-packages/airflow/example_dags/example_branch_labels.py
[2026-03-06T22:41:04.269+0000] {processor.py:840} INFO - DAG(s) 'example_branch_labels' retrieved from /home/airflow/.local/lib/python3.12/site-packages/airflow/example_dags/example_branch_labels.py
[2026-03-06T22:41:04.295+0000] {logging_mixin.py:188} INFO - [2026-03-06T22:41:04.295+0000] {dag.py:3096} INFO - Sync 1 DAGs
[2026-03-06T22:41:04.328+0000] {logging_mixin.py:188} INFO - [2026-03-06T22:41:04.327+0000] {dag.py:3954} INFO - Setting next_dagrun for example_branch_labels to 2026-03-05 00:00:00+00:00, run_after=2026-03-06 00:00:00+00:00
[2026-03-06T22:41:04.352+0000] {processor.py:183} INFO - Processing /home/airflow/.local/lib/python3.12/site-packages/airflow/example_dags/example_branch_labels.py took 0.103 seconds
