[2026-03-06T22:30:49.022+0000] {processor.py:161} INFO - Started process (PID=95) to work on /home/airflow/.local/lib/python3.12/site-packages/airflow/example_dags/tutorial_taskflow_api.py
[2026-03-06T22:30:49.024+0000] {processor.py:830} INFO - Processing file /home/airflow/.local/lib/python3.12/site-packages/airflow/example_dags/tutorial_taskflow_api.py for tasks to queue
[2026-03-06T22:30:49.027+0000] {logging_mixin.py:188} INFO - [2026-03-06T22:30:49.026+0000] {dagbag.py:545} INFO - Filling up the DagBag from /home/airflow/.local/lib/python3.12/site-packages/airflow/example_dags/tutorial_taskflow_api.py
[2026-03-06T22:30:49.040+0000] {processor.py:840} INFO - DAG(s) 'tutorial_taskflow_api' retrieved from /home/airflow/.local/lib/python3.12/site-packages/airflow/example_dags/tutorial_taskflow_api.py
[2026-03-06T22:30:49.190+0000] {logging_mixin.py:188} INFO - [2026-03-06T22:30:49.189+0000] {override.py:1829} INFO - Created Permission View: can delete on DAG:tutorial_taskflow_api
[2026-03-06T22:30:49.205+0000] {logging_mixin.py:188} INFO - [2026-03-06T22:30:49.204+0000] {override.py:1829} INFO - Created Permission View: can read on DAG:tutorial_taskflow_api
[2026-03-06T22:30:49.214+0000] {logging_mixin.py:188} INFO - [2026-03-06T22:30:49.214+0000] {override.py:1829} INFO - Created Permission View: can edit on DAG:tutorial_taskflow_api
[2026-03-06T22:30:49.215+0000] {logging_mixin.py:188} INFO - [2026-03-06T22:30:49.215+0000] {dag.py:3096} INFO - Sync 1 DAGs
[2026-03-06T22:30:49.229+0000] {logging_mixin.py:188} INFO - [2026-03-06T22:30:49.228+0000] {dag.py:3118} INFO - Creating ORM DAG for tutorial_taskflow_api
[2026-03-06T22:30:49.230+0000] {logging_mixin.py:188} INFO - [2026-03-06T22:30:49.230+0000] {dag.py:3954} INFO - Setting next_dagrun for tutorial_taskflow_api to None, run_after=None
[2026-03-06T22:30:49.259+0000] {processor.py:183} INFO - Processing /home/airflow/.local/lib/python3.12/site-packages/airflow/example_dags/tutorial_taskflow_api.py took 0.246 seconds
[2026-03-06T22:31:21.772+0000] {processor.py:161} INFO - Started process (PID=75) to work on /home/airflow/.local/lib/python3.12/site-packages/airflow/example_dags/tutorial_taskflow_api.py
[2026-03-06T22:31:21.775+0000] {processor.py:830} INFO - Processing file /home/airflow/.local/lib/python3.12/site-packages/airflow/example_dags/tutorial_taskflow_api.py for tasks to queue
[2026-03-06T22:31:21.779+0000] {logging_mixin.py:188} INFO - [2026-03-06T22:31:21.779+0000] {dagbag.py:545} INFO - Filling up the DagBag from /home/airflow/.local/lib/python3.12/site-packages/airflow/example_dags/tutorial_taskflow_api.py
[2026-03-06T22:31:21.801+0000] {processor.py:840} INFO - DAG(s) 'tutorial_taskflow_api' retrieved from /home/airflow/.local/lib/python3.12/site-packages/airflow/example_dags/tutorial_taskflow_api.py
[2026-03-06T22:31:21.873+0000] {logging_mixin.py:188} INFO - [2026-03-06T22:31:21.872+0000] {dag.py:3096} INFO - Sync 1 DAGs
[2026-03-06T22:31:21.950+0000] {logging_mixin.py:188} INFO - [2026-03-06T22:31:21.949+0000] {dag.py:3954} INFO - Setting next_dagrun for tutorial_taskflow_api to None, run_after=None
[2026-03-06T22:31:22.016+0000] {processor.py:183} INFO - Processing /home/airflow/.local/lib/python3.12/site-packages/airflow/example_dags/tutorial_taskflow_api.py took 0.256 seconds
[2026-03-06T22:31:52.180+0000] {processor.py:161} INFO - Started process (PID=133) to work on /home/airflow/.local/lib/python3.12/site-packages/airflow/example_dags/tutorial_taskflow_api.py
[2026-03-06T22:31:52.181+0000] {processor.py:830} INFO - Processing file /home/airflow/.local/lib/python3.12/site-packages/airflow/example_dags/tutorial_taskflow_api.py for tasks to queue
[2026-03-06T22:31:52.185+0000] {logging_mixin.py:188} INFO - [2026-03-06T22:31:52.184+0000] {dagbag.py:545} INFO - Filling up the DagBag from /home/airflow/.local/lib/python3.12/site-packages/airflow/example_dags/tutorial_taskflow_api.py
[2026-03-06T22:31:52.197+0000] {processor.py:840} INFO - DAG(s) 'tutorial_taskflow_api' retrieved from /home/airflow/.local/lib/python3.12/site-packages/airflow/example_dags/tutorial_taskflow_api.py
[2026-03-06T22:31:52.229+0000] {logging_mixin.py:188} INFO - [2026-03-06T22:31:52.228+0000] {dag.py:3096} INFO - Sync 1 DAGs
[2026-03-06T22:31:52.246+0000] {logging_mixin.py:188} INFO - [2026-03-06T22:31:52.246+0000] {dag.py:3954} INFO - Setting next_dagrun for tutorial_taskflow_api to None, run_after=None
[2026-03-06T22:31:52.275+0000] {processor.py:183} INFO - Processing /home/airflow/.local/lib/python3.12/site-packages/airflow/example_dags/tutorial_taskflow_api.py took 0.102 seconds
[2026-03-06T22:32:22.520+0000] {processor.py:161} INFO - Started process (PID=191) to work on /home/airflow/.local/lib/python3.12/site-packages/airflow/example_dags/tutorial_taskflow_api.py
[2026-03-06T22:32:22.521+0000] {processor.py:830} INFO - Processing file /home/airflow/.local/lib/python3.12/site-packages/airflow/example_dags/tutorial_taskflow_api.py for tasks to queue
[2026-03-06T22:32:22.524+0000] {logging_mixin.py:188} INFO - [2026-03-06T22:32:22.523+0000] {dagbag.py:545} INFO - Filling up the DagBag from /home/airflow/.local/lib/python3.12/site-packages/airflow/example_dags/tutorial_taskflow_api.py
[2026-03-06T22:32:22.533+0000] {processor.py:840} INFO - DAG(s) 'tutorial_taskflow_api' retrieved from /home/airflow/.local/lib/python3.12/site-packages/airflow/example_dags/tutorial_taskflow_api.py
[2026-03-06T22:32:22.562+0000] {logging_mixin.py:188} INFO - [2026-03-06T22:32:22.561+0000] {dag.py:3096} INFO - Sync 1 DAGs
[2026-03-06T22:32:22.581+0000] {logging_mixin.py:188} INFO - [2026-03-06T22:32:22.581+0000] {dag.py:3954} INFO - Setting next_dagrun for tutorial_taskflow_api to None, run_after=None
[2026-03-06T22:32:22.607+0000] {processor.py:183} INFO - Processing /home/airflow/.local/lib/python3.12/site-packages/airflow/example_dags/tutorial_taskflow_api.py took 0.094 seconds
[2026-03-06T22:32:52.786+0000] {processor.py:161} INFO - Started process (PID=249) to work on /home/airflow/.local/lib/python3.12/site-packages/airflow/example_dags/tutorial_taskflow_api.py
[2026-03-06T22:32:52.787+0000] {processor.py:830} INFO - Processing file /home/airflow/.local/lib/python3.12/site-packages/airflow/example_dags/tutorial_taskflow_api.py for tasks to queue
[2026-03-06T22:32:52.790+0000] {logging_mixin.py:188} INFO - [2026-03-06T22:32:52.789+0000] {dagbag.py:545} INFO - Filling up the DagBag from /home/airflow/.local/lib/python3.12/site-packages/airflow/example_dags/tutorial_taskflow_api.py
[2026-03-06T22:32:52.798+0000] {processor.py:840} INFO - DAG(s) 'tutorial_taskflow_api' retrieved from /home/airflow/.local/lib/python3.12/site-packages/airflow/example_dags/tutorial_taskflow_api.py
[2026-03-06T22:32:52.810+0000] {logging_mixin.py:188} INFO - [2026-03-06T22:32:52.810+0000] {dag.py:3096} INFO - Sync 1 DAGs
[2026-03-06T22:32:52.826+0000] {logging_mixin.py:188} INFO - [2026-03-06T22:32:52.826+0000] {dag.py:3954} INFO - Setting next_dagrun for tutorial_taskflow_api to None, run_after=None
[2026-03-06T22:32:52.854+0000] {processor.py:183} INFO - Processing /home/airflow/.local/lib/python3.12/site-packages/airflow/example_dags/tutorial_taskflow_api.py took 0.077 seconds
[2026-03-06T22:33:24.942+0000] {processor.py:161} INFO - Started process (PID=313) to work on /home/airflow/.local/lib/python3.12/site-packages/airflow/example_dags/tutorial_taskflow_api.py
[2026-03-06T22:33:24.943+0000] {processor.py:830} INFO - Processing file /home/airflow/.local/lib/python3.12/site-packages/airflow/example_dags/tutorial_taskflow_api.py for tasks to queue
[2026-03-06T22:33:24.946+0000] {logging_mixin.py:188} INFO - [2026-03-06T22:33:24.946+0000] {dagbag.py:545} INFO - Filling up the DagBag from /home/airflow/.local/lib/python3.12/site-packages/airflow/example_dags/tutorial_taskflow_api.py
[2026-03-06T22:33:24.954+0000] {processor.py:840} INFO - DAG(s) 'tutorial_taskflow_api' retrieved from /home/airflow/.local/lib/python3.12/site-packages/airflow/example_dags/tutorial_taskflow_api.py
[2026-03-06T22:33:25.108+0000] {logging_mixin.py:188} INFO - [2026-03-06T22:33:25.107+0000] {dag.py:3096} INFO - Sync 1 DAGs
[2026-03-06T22:33:25.125+0000] {logging_mixin.py:188} INFO - [2026-03-06T22:33:25.125+0000] {dag.py:3954} INFO - Setting next_dagrun for tutorial_taskflow_api to None, run_after=None
[2026-03-06T22:33:25.157+0000] {processor.py:183} INFO - Processing /home/airflow/.local/lib/python3.12/site-packages/airflow/example_dags/tutorial_taskflow_api.py took 0.222 seconds
[2026-03-06T22:33:55.225+0000] {processor.py:161} INFO - Started process (PID=370) to work on /home/airflow/.local/lib/python3.12/site-packages/airflow/example_dags/tutorial_taskflow_api.py
[2026-03-06T22:33:55.226+0000] {processor.py:830} INFO - Processing file /home/airflow/.local/lib/python3.12/site-packages/airflow/example_dags/tutorial_taskflow_api.py for tasks to queue
[2026-03-06T22:33:55.229+0000] {logging_mixin.py:188} INFO - [2026-03-06T22:33:55.229+0000] {dagbag.py:545} INFO - Filling up the DagBag from /home/airflow/.local/lib/python3.12/site-packages/airflow/example_dags/tutorial_taskflow_api.py
[2026-03-06T22:33:55.239+0000] {processor.py:840} INFO - DAG(s) 'tutorial_taskflow_api' retrieved from /home/airflow/.local/lib/python3.12/site-packages/airflow/example_dags/tutorial_taskflow_api.py
[2026-03-06T22:33:55.264+0000] {logging_mixin.py:188} INFO - [2026-03-06T22:33:55.264+0000] {dag.py:3096} INFO - Sync 1 DAGs
[2026-03-06T22:33:55.289+0000] {logging_mixin.py:188} INFO - [2026-03-06T22:33:55.288+0000] {dag.py:3954} INFO - Setting next_dagrun for tutorial_taskflow_api to None, run_after=None
[2026-03-06T22:33:55.320+0000] {processor.py:183} INFO - Processing /home/airflow/.local/lib/python3.12/site-packages/airflow/example_dags/tutorial_taskflow_api.py took 0.102 seconds
[2026-03-06T22:34:25.565+0000] {processor.py:161} INFO - Started process (PID=428) to work on /home/airflow/.local/lib/python3.12/site-packages/airflow/example_dags/tutorial_taskflow_api.py
[2026-03-06T22:34:25.566+0000] {processor.py:830} INFO - Processing file /home/airflow/.local/lib/python3.12/site-packages/airflow/example_dags/tutorial_taskflow_api.py for tasks to queue
[2026-03-06T22:34:25.569+0000] {logging_mixin.py:188} INFO - [2026-03-06T22:34:25.568+0000] {dagbag.py:545} INFO - Filling up the DagBag from /home/airflow/.local/lib/python3.12/site-packages/airflow/example_dags/tutorial_taskflow_api.py
[2026-03-06T22:34:25.577+0000] {processor.py:840} INFO - DAG(s) 'tutorial_taskflow_api' retrieved from /home/airflow/.local/lib/python3.12/site-packages/airflow/example_dags/tutorial_taskflow_api.py
[2026-03-06T22:34:25.607+0000] {logging_mixin.py:188} INFO - [2026-03-06T22:34:25.606+0000] {dag.py:3096} INFO - Sync 1 DAGs
[2026-03-06T22:34:25.628+0000] {logging_mixin.py:188} INFO - [2026-03-06T22:34:25.628+0000] {dag.py:3954} INFO - Setting next_dagrun for tutorial_taskflow_api to None, run_after=None
[2026-03-06T22:34:25.679+0000] {processor.py:183} INFO - Processing /home/airflow/.local/lib/python3.12/site-packages/airflow/example_dags/tutorial_taskflow_api.py took 0.123 seconds
[2026-03-06T22:34:55.843+0000] {processor.py:161} INFO - Started process (PID=486) to work on /home/airflow/.local/lib/python3.12/site-packages/airflow/example_dags/tutorial_taskflow_api.py
[2026-03-06T22:34:55.844+0000] {processor.py:830} INFO - Processing file /home/airflow/.local/lib/python3.12/site-packages/airflow/example_dags/tutorial_taskflow_api.py for tasks to queue
[2026-03-06T22:34:55.848+0000] {logging_mixin.py:188} INFO - [2026-03-06T22:34:55.847+0000] {dagbag.py:545} INFO - Filling up the DagBag from /home/airflow/.local/lib/python3.12/site-packages/airflow/example_dags/tutorial_taskflow_api.py
[2026-03-06T22:34:55.859+0000] {processor.py:840} INFO - DAG(s) 'tutorial_taskflow_api' retrieved from /home/airflow/.local/lib/python3.12/site-packages/airflow/example_dags/tutorial_taskflow_api.py
[2026-03-06T22:34:55.892+0000] {logging_mixin.py:188} INFO - [2026-03-06T22:34:55.891+0000] {dag.py:3096} INFO - Sync 1 DAGs
[2026-03-06T22:34:55.919+0000] {logging_mixin.py:188} INFO - [2026-03-06T22:34:55.918+0000] {dag.py:3954} INFO - Setting next_dagrun for tutorial_taskflow_api to None, run_after=None
[2026-03-06T22:34:55.966+0000] {processor.py:183} INFO - Processing /home/airflow/.local/lib/python3.12/site-packages/airflow/example_dags/tutorial_taskflow_api.py took 0.133 seconds
[2026-03-06T22:35:26.330+0000] {processor.py:161} INFO - Started process (PID=545) to work on /home/airflow/.local/lib/python3.12/site-packages/airflow/example_dags/tutorial_taskflow_api.py
[2026-03-06T22:35:26.331+0000] {processor.py:830} INFO - Processing file /home/airflow/.local/lib/python3.12/site-packages/airflow/example_dags/tutorial_taskflow_api.py for tasks to queue
[2026-03-06T22:35:26.335+0000] {logging_mixin.py:188} INFO - [2026-03-06T22:35:26.334+0000] {dagbag.py:545} INFO - Filling up the DagBag from /home/airflow/.local/lib/python3.12/site-packages/airflow/example_dags/tutorial_taskflow_api.py
[2026-03-06T22:35:26.345+0000] {processor.py:840} INFO - DAG(s) 'tutorial_taskflow_api' retrieved from /home/airflow/.local/lib/python3.12/site-packages/airflow/example_dags/tutorial_taskflow_api.py
[2026-03-06T22:35:26.371+0000] {logging_mixin.py:188} INFO - [2026-03-06T22:35:26.371+0000] {dag.py:3096} INFO - Sync 1 DAGs
[2026-03-06T22:35:26.395+0000] {logging_mixin.py:188} INFO - [2026-03-06T22:35:26.394+0000] {dag.py:3954} INFO - Setting next_dagrun for tutorial_taskflow_api to None, run_after=None
[2026-03-06T22:35:26.422+0000] {processor.py:183} INFO - Processing /home/airflow/.local/lib/python3.12/site-packages/airflow/example_dags/tutorial_taskflow_api.py took 0.103 seconds
[2026-03-06T22:35:56.603+0000] {processor.py:161} INFO - Started process (PID=603) to work on /home/airflow/.local/lib/python3.12/site-packages/airflow/example_dags/tutorial_taskflow_api.py
[2026-03-06T22:35:56.604+0000] {processor.py:830} INFO - Processing file /home/airflow/.local/lib/python3.12/site-packages/airflow/example_dags/tutorial_taskflow_api.py for tasks to queue
[2026-03-06T22:35:56.607+0000] {logging_mixin.py:188} INFO - [2026-03-06T22:35:56.606+0000] {dagbag.py:545} INFO - Filling up the DagBag from /home/airflow/.local/lib/python3.12/site-packages/airflow/example_dags/tutorial_taskflow_api.py
[2026-03-06T22:35:56.615+0000] {processor.py:840} INFO - DAG(s) 'tutorial_taskflow_api' retrieved from /home/airflow/.local/lib/python3.12/site-packages/airflow/example_dags/tutorial_taskflow_api.py
[2026-03-06T22:35:56.640+0000] {logging_mixin.py:188} INFO - [2026-03-06T22:35:56.640+0000] {dag.py:3096} INFO - Sync 1 DAGs
[2026-03-06T22:35:56.657+0000] {logging_mixin.py:188} INFO - [2026-03-06T22:35:56.657+0000] {dag.py:3954} INFO - Setting next_dagrun for tutorial_taskflow_api to None, run_after=None
[2026-03-06T22:35:56.681+0000] {processor.py:183} INFO - Processing /home/airflow/.local/lib/python3.12/site-packages/airflow/example_dags/tutorial_taskflow_api.py took 0.085 seconds
[2026-03-06T22:36:26.831+0000] {processor.py:161} INFO - Started process (PID=661) to work on /home/airflow/.local/lib/python3.12/site-packages/airflow/example_dags/tutorial_taskflow_api.py
[2026-03-06T22:36:26.832+0000] {processor.py:830} INFO - Processing file /home/airflow/.local/lib/python3.12/site-packages/airflow/example_dags/tutorial_taskflow_api.py for tasks to queue
[2026-03-06T22:36:26.835+0000] {logging_mixin.py:188} INFO - [2026-03-06T22:36:26.834+0000] {dagbag.py:545} INFO - Filling up the DagBag from /home/airflow/.local/lib/python3.12/site-packages/airflow/example_dags/tutorial_taskflow_api.py
[2026-03-06T22:36:26.843+0000] {processor.py:840} INFO - DAG(s) 'tutorial_taskflow_api' retrieved from /home/airflow/.local/lib/python3.12/site-packages/airflow/example_dags/tutorial_taskflow_api.py
[2026-03-06T22:36:26.865+0000] {logging_mixin.py:188} INFO - [2026-03-06T22:36:26.864+0000] {dag.py:3096} INFO - Sync 1 DAGs
[2026-03-06T22:36:26.880+0000] {logging_mixin.py:188} INFO - [2026-03-06T22:36:26.880+0000] {dag.py:3954} INFO - Setting next_dagrun for tutorial_taskflow_api to None, run_after=None
[2026-03-06T22:36:26.905+0000] {processor.py:183} INFO - Processing /home/airflow/.local/lib/python3.12/site-packages/airflow/example_dags/tutorial_taskflow_api.py took 0.081 seconds
[2026-03-06T22:36:57.416+0000] {processor.py:161} INFO - Started process (PID=719) to work on /home/airflow/.local/lib/python3.12/site-packages/airflow/example_dags/tutorial_taskflow_api.py
[2026-03-06T22:36:57.417+0000] {processor.py:830} INFO - Processing file /home/airflow/.local/lib/python3.12/site-packages/airflow/example_dags/tutorial_taskflow_api.py for tasks to queue
[2026-03-06T22:36:57.420+0000] {logging_mixin.py:188} INFO - [2026-03-06T22:36:57.419+0000] {dagbag.py:545} INFO - Filling up the DagBag from /home/airflow/.local/lib/python3.12/site-packages/airflow/example_dags/tutorial_taskflow_api.py
[2026-03-06T22:36:57.430+0000] {processor.py:840} INFO - DAG(s) 'tutorial_taskflow_api' retrieved from /home/airflow/.local/lib/python3.12/site-packages/airflow/example_dags/tutorial_taskflow_api.py
[2026-03-06T22:36:57.459+0000] {logging_mixin.py:188} INFO - [2026-03-06T22:36:57.459+0000] {dag.py:3096} INFO - Sync 1 DAGs
[2026-03-06T22:36:57.479+0000] {logging_mixin.py:188} INFO - [2026-03-06T22:36:57.479+0000] {dag.py:3954} INFO - Setting next_dagrun for tutorial_taskflow_api to None, run_after=None
[2026-03-06T22:36:57.511+0000] {processor.py:183} INFO - Processing /home/airflow/.local/lib/python3.12/site-packages/airflow/example_dags/tutorial_taskflow_api.py took 0.102 seconds
[2026-03-06T22:37:27.739+0000] {processor.py:161} INFO - Started process (PID=777) to work on /home/airflow/.local/lib/python3.12/site-packages/airflow/example_dags/tutorial_taskflow_api.py
[2026-03-06T22:37:27.741+0000] {processor.py:830} INFO - Processing file /home/airflow/.local/lib/python3.12/site-packages/airflow/example_dags/tutorial_taskflow_api.py for tasks to queue
[2026-03-06T22:37:27.743+0000] {logging_mixin.py:188} INFO - [2026-03-06T22:37:27.743+0000] {dagbag.py:545} INFO - Filling up the DagBag from /home/airflow/.local/lib/python3.12/site-packages/airflow/example_dags/tutorial_taskflow_api.py
[2026-03-06T22:37:27.751+0000] {processor.py:840} INFO - DAG(s) 'tutorial_taskflow_api' retrieved from /home/airflow/.local/lib/python3.12/site-packages/airflow/example_dags/tutorial_taskflow_api.py
[2026-03-06T22:37:27.774+0000] {logging_mixin.py:188} INFO - [2026-03-06T22:37:27.774+0000] {dag.py:3096} INFO - Sync 1 DAGs
[2026-03-06T22:37:27.791+0000] {logging_mixin.py:188} INFO - [2026-03-06T22:37:27.790+0000] {dag.py:3954} INFO - Setting next_dagrun for tutorial_taskflow_api to None, run_after=None
[2026-03-06T22:37:27.817+0000] {processor.py:183} INFO - Processing /home/airflow/.local/lib/python3.12/site-packages/airflow/example_dags/tutorial_taskflow_api.py took 0.087 seconds
[2026-03-06T22:37:57.958+0000] {processor.py:161} INFO - Started process (PID=834) to work on /home/airflow/.local/lib/python3.12/site-packages/airflow/example_dags/tutorial_taskflow_api.py
[2026-03-06T22:37:57.959+0000] {processor.py:830} INFO - Processing file /home/airflow/.local/lib/python3.12/site-packages/airflow/example_dags/tutorial_taskflow_api.py for tasks to queue
[2026-03-06T22:37:57.962+0000] {logging_mixin.py:188} INFO - [2026-03-06T22:37:57.961+0000] {dagbag.py:545} INFO - Filling up the DagBag from /home/airflow/.local/lib/python3.12/site-packages/airflow/example_dags/tutorial_taskflow_api.py
[2026-03-06T22:37:57.971+0000] {processor.py:840} INFO - DAG(s) 'tutorial_taskflow_api' retrieved from /home/airflow/.local/lib/python3.12/site-packages/airflow/example_dags/tutorial_taskflow_api.py
[2026-03-06T22:37:57.999+0000] {logging_mixin.py:188} INFO - [2026-03-06T22:37:57.999+0000] {dag.py:3096} INFO - Sync 1 DAGs
[2026-03-06T22:37:58.020+0000] {logging_mixin.py:188} INFO - [2026-03-06T22:37:58.020+0000] {dag.py:3954} INFO - Setting next_dagrun for tutorial_taskflow_api to None, run_after=None
[2026-03-06T22:37:58.049+0000] {processor.py:183} INFO - Processing /home/airflow/.local/lib/python3.12/site-packages/airflow/example_dags/tutorial_taskflow_api.py took 0.098 seconds
[2026-03-06T22:38:28.604+0000] {processor.py:161} INFO - Started process (PID=893) to work on /home/airflow/.local/lib/python3.12/site-packages/airflow/example_dags/tutorial_taskflow_api.py
[2026-03-06T22:38:28.605+0000] {processor.py:830} INFO - Processing file /home/airflow/.local/lib/python3.12/site-packages/airflow/example_dags/tutorial_taskflow_api.py for tasks to queue
[2026-03-06T22:38:28.608+0000] {logging_mixin.py:188} INFO - [2026-03-06T22:38:28.608+0000] {dagbag.py:545} INFO - Filling up the DagBag from /home/airflow/.local/lib/python3.12/site-packages/airflow/example_dags/tutorial_taskflow_api.py
[2026-03-06T22:38:28.616+0000] {processor.py:840} INFO - DAG(s) 'tutorial_taskflow_api' retrieved from /home/airflow/.local/lib/python3.12/site-packages/airflow/example_dags/tutorial_taskflow_api.py
[2026-03-06T22:38:28.639+0000] {logging_mixin.py:188} INFO - [2026-03-06T22:38:28.638+0000] {dag.py:3096} INFO - Sync 1 DAGs
[2026-03-06T22:38:28.655+0000] {logging_mixin.py:188} INFO - [2026-03-06T22:38:28.655+0000] {dag.py:3954} INFO - Setting next_dagrun for tutorial_taskflow_api to None, run_after=None
[2026-03-06T22:38:28.683+0000] {processor.py:183} INFO - Processing /home/airflow/.local/lib/python3.12/site-packages/airflow/example_dags/tutorial_taskflow_api.py took 0.086 seconds
[2026-03-06T22:38:58.927+0000] {processor.py:161} INFO - Started process (PID=951) to work on /home/airflow/.local/lib/python3.12/site-packages/airflow/example_dags/tutorial_taskflow_api.py
[2026-03-06T22:38:58.928+0000] {processor.py:830} INFO - Processing file /home/airflow/.local/lib/python3.12/site-packages/airflow/example_dags/tutorial_taskflow_api.py for tasks to queue
[2026-03-06T22:38:58.931+0000] {logging_mixin.py:188} INFO - [2026-03-06T22:38:58.930+0000] {dagbag.py:545} INFO - Filling up the DagBag from /home/airflow/.local/lib/python3.12/site-packages/airflow/example_dags/tutorial_taskflow_api.py
[2026-03-06T22:38:58.939+0000] {processor.py:840} INFO - DAG(s) 'tutorial_taskflow_api' retrieved from /home/airflow/.local/lib/python3.12/site-packages/airflow/example_dags/tutorial_taskflow_api.py
[2026-03-06T22:38:58.963+0000] {logging_mixin.py:188} INFO - [2026-03-06T22:38:58.962+0000] {dag.py:3096} INFO - Sync 1 DAGs
[2026-03-06T22:38:58.979+0000] {logging_mixin.py:188} INFO - [2026-03-06T22:38:58.978+0000] {dag.py:3954} INFO - Setting next_dagrun for tutorial_taskflow_api to None, run_after=None
[2026-03-06T22:38:59.002+0000] {processor.py:183} INFO - Processing /home/airflow/.local/lib/python3.12/site-packages/airflow/example_dags/tutorial_taskflow_api.py took 0.082 seconds
[2026-03-06T22:39:29.563+0000] {processor.py:161} INFO - Started process (PID=1009) to work on /home/airflow/.local/lib/python3.12/site-packages/airflow/example_dags/tutorial_taskflow_api.py
[2026-03-06T22:39:29.564+0000] {processor.py:830} INFO - Processing file /home/airflow/.local/lib/python3.12/site-packages/airflow/example_dags/tutorial_taskflow_api.py for tasks to queue
[2026-03-06T22:39:29.568+0000] {logging_mixin.py:188} INFO - [2026-03-06T22:39:29.567+0000] {dagbag.py:545} INFO - Filling up the DagBag from /home/airflow/.local/lib/python3.12/site-packages/airflow/example_dags/tutorial_taskflow_api.py
[2026-03-06T22:39:29.578+0000] {processor.py:840} INFO - DAG(s) 'tutorial_taskflow_api' retrieved from /home/airflow/.local/lib/python3.12/site-packages/airflow/example_dags/tutorial_taskflow_api.py
[2026-03-06T22:39:29.603+0000] {logging_mixin.py:188} INFO - [2026-03-06T22:39:29.602+0000] {dag.py:3096} INFO - Sync 1 DAGs
[2026-03-06T22:39:29.619+0000] {logging_mixin.py:188} INFO - [2026-03-06T22:39:29.618+0000] {dag.py:3954} INFO - Setting next_dagrun for tutorial_taskflow_api to None, run_after=None
[2026-03-06T22:39:29.648+0000] {processor.py:183} INFO - Processing /home/airflow/.local/lib/python3.12/site-packages/airflow/example_dags/tutorial_taskflow_api.py took 0.092 seconds
[2026-03-06T22:40:00.471+0000] {processor.py:161} INFO - Started process (PID=1067) to work on /home/airflow/.local/lib/python3.12/site-packages/airflow/example_dags/tutorial_taskflow_api.py
[2026-03-06T22:40:00.473+0000] {processor.py:830} INFO - Processing file /home/airflow/.local/lib/python3.12/site-packages/airflow/example_dags/tutorial_taskflow_api.py for tasks to queue
[2026-03-06T22:40:00.477+0000] {logging_mixin.py:188} INFO - [2026-03-06T22:40:00.476+0000] {dagbag.py:545} INFO - Filling up the DagBag from /home/airflow/.local/lib/python3.12/site-packages/airflow/example_dags/tutorial_taskflow_api.py
[2026-03-06T22:40:00.489+0000] {processor.py:840} INFO - DAG(s) 'tutorial_taskflow_api' retrieved from /home/airflow/.local/lib/python3.12/site-packages/airflow/example_dags/tutorial_taskflow_api.py
[2026-03-06T22:40:00.513+0000] {logging_mixin.py:188} INFO - [2026-03-06T22:40:00.512+0000] {dag.py:3096} INFO - Sync 1 DAGs
[2026-03-06T22:40:00.529+0000] {logging_mixin.py:188} INFO - [2026-03-06T22:40:00.529+0000] {dag.py:3954} INFO - Setting next_dagrun for tutorial_taskflow_api to None, run_after=None
[2026-03-06T22:40:00.555+0000] {processor.py:183} INFO - Processing /home/airflow/.local/lib/python3.12/site-packages/airflow/example_dags/tutorial_taskflow_api.py took 0.093 seconds
[2026-03-06T22:40:30.810+0000] {processor.py:161} INFO - Started process (PID=1125) to work on /home/airflow/.local/lib/python3.12/site-packages/airflow/example_dags/tutorial_taskflow_api.py
[2026-03-06T22:40:30.812+0000] {processor.py:830} INFO - Processing file /home/airflow/.local/lib/python3.12/site-packages/airflow/example_dags/tutorial_taskflow_api.py for tasks to queue
[2026-03-06T22:40:30.814+0000] {logging_mixin.py:188} INFO - [2026-03-06T22:40:30.814+0000] {dagbag.py:545} INFO - Filling up the DagBag from /home/airflow/.local/lib/python3.12/site-packages/airflow/example_dags/tutorial_taskflow_api.py
[2026-03-06T22:40:30.822+0000] {processor.py:840} INFO - DAG(s) 'tutorial_taskflow_api' retrieved from /home/airflow/.local/lib/python3.12/site-packages/airflow/example_dags/tutorial_taskflow_api.py
[2026-03-06T22:40:30.845+0000] {logging_mixin.py:188} INFO - [2026-03-06T22:40:30.844+0000] {dag.py:3096} INFO - Sync 1 DAGs
[2026-03-06T22:40:30.861+0000] {logging_mixin.py:188} INFO - [2026-03-06T22:40:30.861+0000] {dag.py:3954} INFO - Setting next_dagrun for tutorial_taskflow_api to None, run_after=None
[2026-03-06T22:40:30.884+0000] {processor.py:183} INFO - Processing /home/airflow/.local/lib/python3.12/site-packages/airflow/example_dags/tutorial_taskflow_api.py took 0.082 seconds
[2026-03-06T22:41:01.283+0000] {processor.py:161} INFO - Started process (PID=1183) to work on /home/airflow/.local/lib/python3.12/site-packages/airflow/example_dags/tutorial_taskflow_api.py
[2026-03-06T22:41:01.284+0000] {processor.py:830} INFO - Processing file /home/airflow/.local/lib/python3.12/site-packages/airflow/example_dags/tutorial_taskflow_api.py for tasks to queue
[2026-03-06T22:41:01.287+0000] {logging_mixin.py:188} INFO - [2026-03-06T22:41:01.286+0000] {dagbag.py:545} INFO - Filling up the DagBag from /home/airflow/.local/lib/python3.12/site-packages/airflow/example_dags/tutorial_taskflow_api.py
[2026-03-06T22:41:01.296+0000] {processor.py:840} INFO - DAG(s) 'tutorial_taskflow_api' retrieved from /home/airflow/.local/lib/python3.12/site-packages/airflow/example_dags/tutorial_taskflow_api.py
[2026-03-06T22:41:01.326+0000] {logging_mixin.py:188} INFO - [2026-03-06T22:41:01.326+0000] {dag.py:3096} INFO - Sync 1 DAGs
[2026-03-06T22:41:01.343+0000] {logging_mixin.py:188} INFO - [2026-03-06T22:41:01.343+0000] {dag.py:3954} INFO - Setting next_dagrun for tutorial_taskflow_api to None, run_after=None
[2026-03-06T22:41:01.368+0000] {processor.py:183} INFO - Processing /home/airflow/.local/lib/python3.12/site-packages/airflow/example_dags/tutorial_taskflow_api.py took 0.094 seconds
