[2026-03-06T22:30:44.510+0000] {processor.py:161} INFO - Started process (PID=71) to work on /home/airflow/.local/lib/python3.12/site-packages/airflow/example_dags/tutorial_dag.py
[2026-03-06T22:30:44.511+0000] {processor.py:830} INFO - Processing file /home/airflow/.local/lib/python3.12/site-packages/airflow/example_dags/tutorial_dag.py for tasks to queue
[2026-03-06T22:30:44.514+0000] {logging_mixin.py:188} INFO - [2026-03-06T22:30:44.513+0000] {dagbag.py:545} INFO - Filling up the DagBag from /home/airflow/.local/lib/python3.12/site-packages/airflow/example_dags/tutorial_dag.py
[2026-03-06T22:30:44.525+0000] {processor.py:840} INFO - DAG(s) 'tutorial_dag' retrieved from /home/airflow/.local/lib/python3.12/site-packages/airflow/example_dags/tutorial_dag.py
[2026-03-06T22:30:44.671+0000] {logging_mixin.py:188} INFO - [2026-03-06T22:30:44.670+0000] {override.py:1829} INFO - Created Permission View: can delete on DAG:tutorial_dag
[2026-03-06T22:30:44.691+0000] {logging_mixin.py:188} INFO - [2026-03-06T22:30:44.690+0000] {override.py:1829} INFO - Created Permission View: can read on DAG:tutorial_dag
[2026-03-06T22:30:44.703+0000] {logging_mixin.py:188} INFO - [2026-03-06T22:30:44.703+0000] {override.py:1829} INFO - Created Permission View: can edit on DAG:tutorial_dag
[2026-03-06T22:30:44.704+0000] {logging_mixin.py:188} INFO - [2026-03-06T22:30:44.704+0000] {dag.py:3096} INFO - Sync 1 DAGs
[2026-03-06T22:30:44.719+0000] {logging_mixin.py:188} INFO - [2026-03-06T22:30:44.719+0000] {dag.py:3118} INFO - Creating ORM DAG for tutorial_dag
[2026-03-06T22:30:44.720+0000] {logging_mixin.py:188} INFO - [2026-03-06T22:30:44.720+0000] {dag.py:3954} INFO - Setting next_dagrun for tutorial_dag to None, run_after=None
[2026-03-06T22:30:44.743+0000] {processor.py:183} INFO - Processing /home/airflow/.local/lib/python3.12/site-packages/airflow/example_dags/tutorial_dag.py took 0.241 seconds
[2026-03-06T22:31:19.498+0000] {processor.py:161} INFO - Started process (PID=51) to work on /home/airflow/.local/lib/python3.12/site-packages/airflow/example_dags/tutorial_dag.py
[2026-03-06T22:31:19.499+0000] {processor.py:830} INFO - Processing file /home/airflow/.local/lib/python3.12/site-packages/airflow/example_dags/tutorial_dag.py for tasks to queue
[2026-03-06T22:31:19.501+0000] {logging_mixin.py:188} INFO - [2026-03-06T22:31:19.501+0000] {dagbag.py:545} INFO - Filling up the DagBag from /home/airflow/.local/lib/python3.12/site-packages/airflow/example_dags/tutorial_dag.py
[2026-03-06T22:31:19.512+0000] {processor.py:840} INFO - DAG(s) 'tutorial_dag' retrieved from /home/airflow/.local/lib/python3.12/site-packages/airflow/example_dags/tutorial_dag.py
[2026-03-06T22:31:19.545+0000] {logging_mixin.py:188} INFO - [2026-03-06T22:31:19.544+0000] {dag.py:3096} INFO - Sync 1 DAGs
[2026-03-06T22:31:19.570+0000] {logging_mixin.py:188} INFO - [2026-03-06T22:31:19.569+0000] {dag.py:3954} INFO - Setting next_dagrun for tutorial_dag to None, run_after=None
[2026-03-06T22:31:19.603+0000] {processor.py:183} INFO - Processing /home/airflow/.local/lib/python3.12/site-packages/airflow/example_dags/tutorial_dag.py took 0.112 seconds
[2026-03-06T22:31:49.673+0000] {processor.py:161} INFO - Started process (PID=108) to work on /home/airflow/.local/lib/python3.12/site-packages/airflow/example_dags/tutorial_dag.py
[2026-03-06T22:31:49.675+0000] {processor.py:830} INFO - Processing file /home/airflow/.local/lib/python3.12/site-packages/airflow/example_dags/tutorial_dag.py for tasks to queue
[2026-03-06T22:31:49.677+0000] {logging_mixin.py:188} INFO - [2026-03-06T22:31:49.677+0000] {dagbag.py:545} INFO - Filling up the DagBag from /home/airflow/.local/lib/python3.12/site-packages/airflow/example_dags/tutorial_dag.py
[2026-03-06T22:31:49.684+0000] {processor.py:840} INFO - DAG(s) 'tutorial_dag' retrieved from /home/airflow/.local/lib/python3.12/site-packages/airflow/example_dags/tutorial_dag.py
[2026-03-06T22:31:49.707+0000] {logging_mixin.py:188} INFO - [2026-03-06T22:31:49.707+0000] {dag.py:3096} INFO - Sync 1 DAGs
[2026-03-06T22:31:49.723+0000] {logging_mixin.py:188} INFO - [2026-03-06T22:31:49.723+0000] {dag.py:3954} INFO - Setting next_dagrun for tutorial_dag to None, run_after=None
[2026-03-06T22:31:49.751+0000] {processor.py:183} INFO - Processing /home/airflow/.local/lib/python3.12/site-packages/airflow/example_dags/tutorial_dag.py took 0.086 seconds
[2026-03-06T22:32:20.314+0000] {processor.py:161} INFO - Started process (PID=166) to work on /home/airflow/.local/lib/python3.12/site-packages/airflow/example_dags/tutorial_dag.py
[2026-03-06T22:32:20.316+0000] {processor.py:830} INFO - Processing file /home/airflow/.local/lib/python3.12/site-packages/airflow/example_dags/tutorial_dag.py for tasks to queue
[2026-03-06T22:32:20.318+0000] {logging_mixin.py:188} INFO - [2026-03-06T22:32:20.317+0000] {dagbag.py:545} INFO - Filling up the DagBag from /home/airflow/.local/lib/python3.12/site-packages/airflow/example_dags/tutorial_dag.py
[2026-03-06T22:32:20.325+0000] {processor.py:840} INFO - DAG(s) 'tutorial_dag' retrieved from /home/airflow/.local/lib/python3.12/site-packages/airflow/example_dags/tutorial_dag.py
[2026-03-06T22:32:20.352+0000] {logging_mixin.py:188} INFO - [2026-03-06T22:32:20.352+0000] {dag.py:3096} INFO - Sync 1 DAGs
[2026-03-06T22:32:20.370+0000] {logging_mixin.py:188} INFO - [2026-03-06T22:32:20.369+0000] {dag.py:3954} INFO - Setting next_dagrun for tutorial_dag to None, run_after=None
[2026-03-06T22:32:20.406+0000] {processor.py:183} INFO - Processing /home/airflow/.local/lib/python3.12/site-packages/airflow/example_dags/tutorial_dag.py took 0.099 seconds
[2026-03-06T22:32:50.714+0000] {processor.py:161} INFO - Started process (PID=224) to work on /home/airflow/.local/lib/python3.12/site-packages/airflow/example_dags/tutorial_dag.py
[2026-03-06T22:32:50.715+0000] {processor.py:830} INFO - Processing file /home/airflow/.local/lib/python3.12/site-packages/airflow/example_dags/tutorial_dag.py for tasks to queue
[2026-03-06T22:32:50.718+0000] {logging_mixin.py:188} INFO - [2026-03-06T22:32:50.718+0000] {dagbag.py:545} INFO - Filling up the DagBag from /home/airflow/.local/lib/python3.12/site-packages/airflow/example_dags/tutorial_dag.py
[2026-03-06T22:32:50.727+0000] {processor.py:840} INFO - DAG(s) 'tutorial_dag' retrieved from /home/airflow/.local/lib/python3.12/site-packages/airflow/example_dags/tutorial_dag.py
[2026-03-06T22:32:50.742+0000] {logging_mixin.py:188} INFO - [2026-03-06T22:32:50.742+0000] {dag.py:3096} INFO - Sync 1 DAGs
[2026-03-06T22:32:50.766+0000] {logging_mixin.py:188} INFO - [2026-03-06T22:32:50.766+0000] {dag.py:3954} INFO - Setting next_dagrun for tutorial_dag to None, run_after=None
[2026-03-06T22:32:50.814+0000] {processor.py:183} INFO - Processing /home/airflow/.local/lib/python3.12/site-packages/airflow/example_dags/tutorial_dag.py took 0.107 seconds
[2026-03-06T22:33:21.555+0000] {processor.py:161} INFO - Started process (PID=283) to work on /home/airflow/.local/lib/python3.12/site-packages/airflow/example_dags/tutorial_dag.py
[2026-03-06T22:33:21.557+0000] {processor.py:830} INFO - Processing file /home/airflow/.local/lib/python3.12/site-packages/airflow/example_dags/tutorial_dag.py for tasks to queue
[2026-03-06T22:33:21.561+0000] {logging_mixin.py:188} INFO - [2026-03-06T22:33:21.560+0000] {dagbag.py:545} INFO - Filling up the DagBag from /home/airflow/.local/lib/python3.12/site-packages/airflow/example_dags/tutorial_dag.py
[2026-03-06T22:33:21.569+0000] {processor.py:840} INFO - DAG(s) 'tutorial_dag' retrieved from /home/airflow/.local/lib/python3.12/site-packages/airflow/example_dags/tutorial_dag.py
[2026-03-06T22:33:21.738+0000] {logging_mixin.py:188} INFO - [2026-03-06T22:33:21.737+0000] {dag.py:3096} INFO - Sync 1 DAGs
[2026-03-06T22:33:21.753+0000] {logging_mixin.py:188} INFO - [2026-03-06T22:33:21.753+0000] {dag.py:3954} INFO - Setting next_dagrun for tutorial_dag to None, run_after=None
[2026-03-06T22:33:21.781+0000] {processor.py:183} INFO - Processing /home/airflow/.local/lib/python3.12/site-packages/airflow/example_dags/tutorial_dag.py took 0.240 seconds
[2026-03-06T22:33:51.987+0000] {processor.py:161} INFO - Started process (PID=341) to work on /home/airflow/.local/lib/python3.12/site-packages/airflow/example_dags/tutorial_dag.py
[2026-03-06T22:33:51.988+0000] {processor.py:830} INFO - Processing file /home/airflow/.local/lib/python3.12/site-packages/airflow/example_dags/tutorial_dag.py for tasks to queue
[2026-03-06T22:33:51.991+0000] {logging_mixin.py:188} INFO - [2026-03-06T22:33:51.990+0000] {dagbag.py:545} INFO - Filling up the DagBag from /home/airflow/.local/lib/python3.12/site-packages/airflow/example_dags/tutorial_dag.py
[2026-03-06T22:33:52.000+0000] {processor.py:840} INFO - DAG(s) 'tutorial_dag' retrieved from /home/airflow/.local/lib/python3.12/site-packages/airflow/example_dags/tutorial_dag.py
[2026-03-06T22:33:52.028+0000] {logging_mixin.py:188} INFO - [2026-03-06T22:33:52.027+0000] {dag.py:3096} INFO - Sync 1 DAGs
[2026-03-06T22:33:52.046+0000] {logging_mixin.py:188} INFO - [2026-03-06T22:33:52.045+0000] {dag.py:3954} INFO - Setting next_dagrun for tutorial_dag to None, run_after=None
[2026-03-06T22:33:52.072+0000] {processor.py:183} INFO - Processing /home/airflow/.local/lib/python3.12/site-packages/airflow/example_dags/tutorial_dag.py took 0.098 seconds
[2026-03-06T22:34:22.184+0000] {processor.py:161} INFO - Started process (PID=398) to work on /home/airflow/.local/lib/python3.12/site-packages/airflow/example_dags/tutorial_dag.py
[2026-03-06T22:34:22.186+0000] {processor.py:830} INFO - Processing file /home/airflow/.local/lib/python3.12/site-packages/airflow/example_dags/tutorial_dag.py for tasks to queue
[2026-03-06T22:34:22.189+0000] {logging_mixin.py:188} INFO - [2026-03-06T22:34:22.189+0000] {dagbag.py:545} INFO - Filling up the DagBag from /home/airflow/.local/lib/python3.12/site-packages/airflow/example_dags/tutorial_dag.py
[2026-03-06T22:34:22.195+0000] {processor.py:840} INFO - DAG(s) 'tutorial_dag' retrieved from /home/airflow/.local/lib/python3.12/site-packages/airflow/example_dags/tutorial_dag.py
[2026-03-06T22:34:22.219+0000] {logging_mixin.py:188} INFO - [2026-03-06T22:34:22.219+0000] {dag.py:3096} INFO - Sync 1 DAGs
[2026-03-06T22:34:22.235+0000] {logging_mixin.py:188} INFO - [2026-03-06T22:34:22.235+0000] {dag.py:3954} INFO - Setting next_dagrun for tutorial_dag to None, run_after=None
[2026-03-06T22:34:22.262+0000] {processor.py:183} INFO - Processing /home/airflow/.local/lib/python3.12/site-packages/airflow/example_dags/tutorial_dag.py took 0.084 seconds
[2026-03-06T22:34:52.758+0000] {processor.py:161} INFO - Started process (PID=456) to work on /home/airflow/.local/lib/python3.12/site-packages/airflow/example_dags/tutorial_dag.py
[2026-03-06T22:34:52.759+0000] {processor.py:830} INFO - Processing file /home/airflow/.local/lib/python3.12/site-packages/airflow/example_dags/tutorial_dag.py for tasks to queue
[2026-03-06T22:34:52.762+0000] {logging_mixin.py:188} INFO - [2026-03-06T22:34:52.761+0000] {dagbag.py:545} INFO - Filling up the DagBag from /home/airflow/.local/lib/python3.12/site-packages/airflow/example_dags/tutorial_dag.py
[2026-03-06T22:34:52.769+0000] {processor.py:840} INFO - DAG(s) 'tutorial_dag' retrieved from /home/airflow/.local/lib/python3.12/site-packages/airflow/example_dags/tutorial_dag.py
[2026-03-06T22:34:52.798+0000] {logging_mixin.py:188} INFO - [2026-03-06T22:34:52.798+0000] {dag.py:3096} INFO - Sync 1 DAGs
[2026-03-06T22:34:52.816+0000] {logging_mixin.py:188} INFO - [2026-03-06T22:34:52.815+0000] {dag.py:3954} INFO - Setting next_dagrun for tutorial_dag to None, run_after=None
[2026-03-06T22:34:52.845+0000] {processor.py:183} INFO - Processing /home/airflow/.local/lib/python3.12/site-packages/airflow/example_dags/tutorial_dag.py took 0.095 seconds
[2026-03-06T22:35:23.216+0000] {processor.py:161} INFO - Started process (PID=514) to work on /home/airflow/.local/lib/python3.12/site-packages/airflow/example_dags/tutorial_dag.py
[2026-03-06T22:35:23.217+0000] {processor.py:830} INFO - Processing file /home/airflow/.local/lib/python3.12/site-packages/airflow/example_dags/tutorial_dag.py for tasks to queue
[2026-03-06T22:35:23.220+0000] {logging_mixin.py:188} INFO - [2026-03-06T22:35:23.219+0000] {dagbag.py:545} INFO - Filling up the DagBag from /home/airflow/.local/lib/python3.12/site-packages/airflow/example_dags/tutorial_dag.py
[2026-03-06T22:35:23.227+0000] {processor.py:840} INFO - DAG(s) 'tutorial_dag' retrieved from /home/airflow/.local/lib/python3.12/site-packages/airflow/example_dags/tutorial_dag.py
[2026-03-06T22:35:23.250+0000] {logging_mixin.py:188} INFO - [2026-03-06T22:35:23.250+0000] {dag.py:3096} INFO - Sync 1 DAGs
[2026-03-06T22:35:23.268+0000] {logging_mixin.py:188} INFO - [2026-03-06T22:35:23.267+0000] {dag.py:3954} INFO - Setting next_dagrun for tutorial_dag to None, run_after=None
[2026-03-06T22:35:23.299+0000] {processor.py:183} INFO - Processing /home/airflow/.local/lib/python3.12/site-packages/airflow/example_dags/tutorial_dag.py took 0.090 seconds
[2026-03-06T22:35:53.433+0000] {processor.py:161} INFO - Started process (PID=572) to work on /home/airflow/.local/lib/python3.12/site-packages/airflow/example_dags/tutorial_dag.py
[2026-03-06T22:35:53.434+0000] {processor.py:830} INFO - Processing file /home/airflow/.local/lib/python3.12/site-packages/airflow/example_dags/tutorial_dag.py for tasks to queue
[2026-03-06T22:35:53.436+0000] {logging_mixin.py:188} INFO - [2026-03-06T22:35:53.436+0000] {dagbag.py:545} INFO - Filling up the DagBag from /home/airflow/.local/lib/python3.12/site-packages/airflow/example_dags/tutorial_dag.py
[2026-03-06T22:35:53.443+0000] {processor.py:840} INFO - DAG(s) 'tutorial_dag' retrieved from /home/airflow/.local/lib/python3.12/site-packages/airflow/example_dags/tutorial_dag.py
[2026-03-06T22:35:53.469+0000] {logging_mixin.py:188} INFO - [2026-03-06T22:35:53.468+0000] {dag.py:3096} INFO - Sync 1 DAGs
[2026-03-06T22:35:53.485+0000] {logging_mixin.py:188} INFO - [2026-03-06T22:35:53.485+0000] {dag.py:3954} INFO - Setting next_dagrun for tutorial_dag to None, run_after=None
[2026-03-06T22:35:53.510+0000] {processor.py:183} INFO - Processing /home/airflow/.local/lib/python3.12/site-packages/airflow/example_dags/tutorial_dag.py took 0.084 seconds
[2026-03-06T22:36:23.868+0000] {processor.py:161} INFO - Started process (PID=630) to work on /home/airflow/.local/lib/python3.12/site-packages/airflow/example_dags/tutorial_dag.py
[2026-03-06T22:36:23.870+0000] {processor.py:830} INFO - Processing file /home/airflow/.local/lib/python3.12/site-packages/airflow/example_dags/tutorial_dag.py for tasks to queue
[2026-03-06T22:36:23.873+0000] {logging_mixin.py:188} INFO - [2026-03-06T22:36:23.872+0000] {dagbag.py:545} INFO - Filling up the DagBag from /home/airflow/.local/lib/python3.12/site-packages/airflow/example_dags/tutorial_dag.py
[2026-03-06T22:36:23.881+0000] {processor.py:840} INFO - DAG(s) 'tutorial_dag' retrieved from /home/airflow/.local/lib/python3.12/site-packages/airflow/example_dags/tutorial_dag.py
[2026-03-06T22:36:23.911+0000] {logging_mixin.py:188} INFO - [2026-03-06T22:36:23.910+0000] {dag.py:3096} INFO - Sync 1 DAGs
[2026-03-06T22:36:23.933+0000] {logging_mixin.py:188} INFO - [2026-03-06T22:36:23.932+0000] {dag.py:3954} INFO - Setting next_dagrun for tutorial_dag to None, run_after=None
[2026-03-06T22:36:23.968+0000] {processor.py:183} INFO - Processing /home/airflow/.local/lib/python3.12/site-packages/airflow/example_dags/tutorial_dag.py took 0.108 seconds
[2026-03-06T22:36:54.093+0000] {processor.py:161} INFO - Started process (PID=688) to work on /home/airflow/.local/lib/python3.12/site-packages/airflow/example_dags/tutorial_dag.py
[2026-03-06T22:36:54.094+0000] {processor.py:830} INFO - Processing file /home/airflow/.local/lib/python3.12/site-packages/airflow/example_dags/tutorial_dag.py for tasks to queue
[2026-03-06T22:36:54.096+0000] {logging_mixin.py:188} INFO - [2026-03-06T22:36:54.096+0000] {dagbag.py:545} INFO - Filling up the DagBag from /home/airflow/.local/lib/python3.12/site-packages/airflow/example_dags/tutorial_dag.py
[2026-03-06T22:36:54.102+0000] {processor.py:840} INFO - DAG(s) 'tutorial_dag' retrieved from /home/airflow/.local/lib/python3.12/site-packages/airflow/example_dags/tutorial_dag.py
[2026-03-06T22:36:54.125+0000] {logging_mixin.py:188} INFO - [2026-03-06T22:36:54.125+0000] {dag.py:3096} INFO - Sync 1 DAGs
[2026-03-06T22:36:54.143+0000] {logging_mixin.py:188} INFO - [2026-03-06T22:36:54.143+0000] {dag.py:3954} INFO - Setting next_dagrun for tutorial_dag to None, run_after=None
[2026-03-06T22:36:54.167+0000] {processor.py:183} INFO - Processing /home/airflow/.local/lib/python3.12/site-packages/airflow/example_dags/tutorial_dag.py took 0.081 seconds
[2026-03-06T22:37:24.693+0000] {processor.py:161} INFO - Started process (PID=752) to work on /home/airflow/.local/lib/python3.12/site-packages/airflow/example_dags/tutorial_dag.py
[2026-03-06T22:37:24.694+0000] {processor.py:830} INFO - Processing file /home/airflow/.local/lib/python3.12/site-packages/airflow/example_dags/tutorial_dag.py for tasks to queue
[2026-03-06T22:37:24.696+0000] {logging_mixin.py:188} INFO - [2026-03-06T22:37:24.696+0000] {dagbag.py:545} INFO - Filling up the DagBag from /home/airflow/.local/lib/python3.12/site-packages/airflow/example_dags/tutorial_dag.py
[2026-03-06T22:37:24.703+0000] {processor.py:840} INFO - DAG(s) 'tutorial_dag' retrieved from /home/airflow/.local/lib/python3.12/site-packages/airflow/example_dags/tutorial_dag.py
[2026-03-06T22:37:24.729+0000] {logging_mixin.py:188} INFO - [2026-03-06T22:37:24.728+0000] {dag.py:3096} INFO - Sync 1 DAGs
[2026-03-06T22:37:24.748+0000] {logging_mixin.py:188} INFO - [2026-03-06T22:37:24.747+0000] {dag.py:3954} INFO - Setting next_dagrun for tutorial_dag to None, run_after=None
[2026-03-06T22:37:24.775+0000] {processor.py:183} INFO - Processing /home/airflow/.local/lib/python3.12/site-packages/airflow/example_dags/tutorial_dag.py took 0.090 seconds
[2026-03-06T22:37:55.203+0000] {processor.py:161} INFO - Started process (PID=810) to work on /home/airflow/.local/lib/python3.12/site-packages/airflow/example_dags/tutorial_dag.py
[2026-03-06T22:37:55.204+0000] {processor.py:830} INFO - Processing file /home/airflow/.local/lib/python3.12/site-packages/airflow/example_dags/tutorial_dag.py for tasks to queue
[2026-03-06T22:37:55.207+0000] {logging_mixin.py:188} INFO - [2026-03-06T22:37:55.206+0000] {dagbag.py:545} INFO - Filling up the DagBag from /home/airflow/.local/lib/python3.12/site-packages/airflow/example_dags/tutorial_dag.py
[2026-03-06T22:37:55.213+0000] {processor.py:840} INFO - DAG(s) 'tutorial_dag' retrieved from /home/airflow/.local/lib/python3.12/site-packages/airflow/example_dags/tutorial_dag.py
[2026-03-06T22:37:55.235+0000] {logging_mixin.py:188} INFO - [2026-03-06T22:37:55.235+0000] {dag.py:3096} INFO - Sync 1 DAGs
[2026-03-06T22:37:55.251+0000] {logging_mixin.py:188} INFO - [2026-03-06T22:37:55.251+0000] {dag.py:3954} INFO - Setting next_dagrun for tutorial_dag to None, run_after=None
[2026-03-06T22:37:55.276+0000] {processor.py:183} INFO - Processing /home/airflow/.local/lib/python3.12/site-packages/airflow/example_dags/tutorial_dag.py took 0.081 seconds
[2026-03-06T22:38:25.490+0000] {processor.py:161} INFO - Started process (PID=868) to work on /home/airflow/.local/lib/python3.12/site-packages/airflow/example_dags/tutorial_dag.py
[2026-03-06T22:38:25.491+0000] {processor.py:830} INFO - Processing file /home/airflow/.local/lib/python3.12/site-packages/airflow/example_dags/tutorial_dag.py for tasks to queue
[2026-03-06T22:38:25.494+0000] {logging_mixin.py:188} INFO - [2026-03-06T22:38:25.493+0000] {dagbag.py:545} INFO - Filling up the DagBag from /home/airflow/.local/lib/python3.12/site-packages/airflow/example_dags/tutorial_dag.py
[2026-03-06T22:38:25.501+0000] {processor.py:840} INFO - DAG(s) 'tutorial_dag' retrieved from /home/airflow/.local/lib/python3.12/site-packages/airflow/example_dags/tutorial_dag.py
[2026-03-06T22:38:25.535+0000] {logging_mixin.py:188} INFO - [2026-03-06T22:38:25.535+0000] {dag.py:3096} INFO - Sync 1 DAGs
[2026-03-06T22:38:25.552+0000] {logging_mixin.py:188} INFO - [2026-03-06T22:38:25.551+0000] {dag.py:3954} INFO - Setting next_dagrun for tutorial_dag to None, run_after=None
[2026-03-06T22:38:25.579+0000] {processor.py:183} INFO - Processing /home/airflow/.local/lib/python3.12/site-packages/airflow/example_dags/tutorial_dag.py took 0.095 seconds
[2026-03-06T22:38:56.188+0000] {processor.py:161} INFO - Started process (PID=926) to work on /home/airflow/.local/lib/python3.12/site-packages/airflow/example_dags/tutorial_dag.py
[2026-03-06T22:38:56.189+0000] {processor.py:830} INFO - Processing file /home/airflow/.local/lib/python3.12/site-packages/airflow/example_dags/tutorial_dag.py for tasks to queue
[2026-03-06T22:38:56.192+0000] {logging_mixin.py:188} INFO - [2026-03-06T22:38:56.192+0000] {dagbag.py:545} INFO - Filling up the DagBag from /home/airflow/.local/lib/python3.12/site-packages/airflow/example_dags/tutorial_dag.py
[2026-03-06T22:38:56.201+0000] {processor.py:840} INFO - DAG(s) 'tutorial_dag' retrieved from /home/airflow/.local/lib/python3.12/site-packages/airflow/example_dags/tutorial_dag.py
[2026-03-06T22:38:56.227+0000] {logging_mixin.py:188} INFO - [2026-03-06T22:38:56.227+0000] {dag.py:3096} INFO - Sync 1 DAGs
[2026-03-06T22:38:56.249+0000] {logging_mixin.py:188} INFO - [2026-03-06T22:38:56.248+0000] {dag.py:3954} INFO - Setting next_dagrun for tutorial_dag to None, run_after=None
[2026-03-06T22:38:56.275+0000] {processor.py:183} INFO - Processing /home/airflow/.local/lib/python3.12/site-packages/airflow/example_dags/tutorial_dag.py took 0.096 seconds
[2026-03-06T22:39:26.452+0000] {processor.py:161} INFO - Started process (PID=984) to work on /home/airflow/.local/lib/python3.12/site-packages/airflow/example_dags/tutorial_dag.py
[2026-03-06T22:39:26.453+0000] {processor.py:830} INFO - Processing file /home/airflow/.local/lib/python3.12/site-packages/airflow/example_dags/tutorial_dag.py for tasks to queue
[2026-03-06T22:39:26.456+0000] {logging_mixin.py:188} INFO - [2026-03-06T22:39:26.456+0000] {dagbag.py:545} INFO - Filling up the DagBag from /home/airflow/.local/lib/python3.12/site-packages/airflow/example_dags/tutorial_dag.py
[2026-03-06T22:39:26.462+0000] {processor.py:840} INFO - DAG(s) 'tutorial_dag' retrieved from /home/airflow/.local/lib/python3.12/site-packages/airflow/example_dags/tutorial_dag.py
[2026-03-06T22:39:26.487+0000] {logging_mixin.py:188} INFO - [2026-03-06T22:39:26.486+0000] {dag.py:3096} INFO - Sync 1 DAGs
[2026-03-06T22:39:26.503+0000] {logging_mixin.py:188} INFO - [2026-03-06T22:39:26.503+0000] {dag.py:3954} INFO - Setting next_dagrun for tutorial_dag to None, run_after=None
[2026-03-06T22:39:26.527+0000] {processor.py:183} INFO - Processing /home/airflow/.local/lib/python3.12/site-packages/airflow/example_dags/tutorial_dag.py took 0.082 seconds
[2026-03-06T22:39:56.687+0000] {processor.py:161} INFO - Started process (PID=1042) to work on /home/airflow/.local/lib/python3.12/site-packages/airflow/example_dags/tutorial_dag.py
[2026-03-06T22:39:56.689+0000] {processor.py:830} INFO - Processing file /home/airflow/.local/lib/python3.12/site-packages/airflow/example_dags/tutorial_dag.py for tasks to queue
[2026-03-06T22:39:56.692+0000] {logging_mixin.py:188} INFO - [2026-03-06T22:39:56.691+0000] {dagbag.py:545} INFO - Filling up the DagBag from /home/airflow/.local/lib/python3.12/site-packages/airflow/example_dags/tutorial_dag.py
[2026-03-06T22:39:56.698+0000] {processor.py:840} INFO - DAG(s) 'tutorial_dag' retrieved from /home/airflow/.local/lib/python3.12/site-packages/airflow/example_dags/tutorial_dag.py
[2026-03-06T22:39:56.720+0000] {logging_mixin.py:188} INFO - [2026-03-06T22:39:56.720+0000] {dag.py:3096} INFO - Sync 1 DAGs
[2026-03-06T22:39:56.737+0000] {logging_mixin.py:188} INFO - [2026-03-06T22:39:56.737+0000] {dag.py:3954} INFO - Setting next_dagrun for tutorial_dag to None, run_after=None
[2026-03-06T22:39:56.762+0000] {processor.py:183} INFO - Processing /home/airflow/.local/lib/python3.12/site-packages/airflow/example_dags/tutorial_dag.py took 0.081 seconds
[2026-03-06T22:40:26.962+0000] {processor.py:161} INFO - Started process (PID=1100) to work on /home/airflow/.local/lib/python3.12/site-packages/airflow/example_dags/tutorial_dag.py
[2026-03-06T22:40:26.963+0000] {processor.py:830} INFO - Processing file /home/airflow/.local/lib/python3.12/site-packages/airflow/example_dags/tutorial_dag.py for tasks to queue
[2026-03-06T22:40:26.966+0000] {logging_mixin.py:188} INFO - [2026-03-06T22:40:26.966+0000] {dagbag.py:545} INFO - Filling up the DagBag from /home/airflow/.local/lib/python3.12/site-packages/airflow/example_dags/tutorial_dag.py
[2026-03-06T22:40:26.973+0000] {processor.py:840} INFO - DAG(s) 'tutorial_dag' retrieved from /home/airflow/.local/lib/python3.12/site-packages/airflow/example_dags/tutorial_dag.py
[2026-03-06T22:40:27.001+0000] {logging_mixin.py:188} INFO - [2026-03-06T22:40:27.001+0000] {dag.py:3096} INFO - Sync 1 DAGs
[2026-03-06T22:40:27.024+0000] {logging_mixin.py:188} INFO - [2026-03-06T22:40:27.024+0000] {dag.py:3954} INFO - Setting next_dagrun for tutorial_dag to None, run_after=None
[2026-03-06T22:40:27.053+0000] {processor.py:183} INFO - Processing /home/airflow/.local/lib/python3.12/site-packages/airflow/example_dags/tutorial_dag.py took 0.098 seconds
[2026-03-06T22:40:57.362+0000] {processor.py:161} INFO - Started process (PID=1158) to work on /home/airflow/.local/lib/python3.12/site-packages/airflow/example_dags/tutorial_dag.py
[2026-03-06T22:40:57.363+0000] {processor.py:830} INFO - Processing file /home/airflow/.local/lib/python3.12/site-packages/airflow/example_dags/tutorial_dag.py for tasks to queue
[2026-03-06T22:40:57.367+0000] {logging_mixin.py:188} INFO - [2026-03-06T22:40:57.366+0000] {dagbag.py:545} INFO - Filling up the DagBag from /home/airflow/.local/lib/python3.12/site-packages/airflow/example_dags/tutorial_dag.py
[2026-03-06T22:40:57.376+0000] {processor.py:840} INFO - DAG(s) 'tutorial_dag' retrieved from /home/airflow/.local/lib/python3.12/site-packages/airflow/example_dags/tutorial_dag.py
[2026-03-06T22:40:57.406+0000] {logging_mixin.py:188} INFO - [2026-03-06T22:40:57.406+0000] {dag.py:3096} INFO - Sync 1 DAGs
[2026-03-06T22:40:57.423+0000] {logging_mixin.py:188} INFO - [2026-03-06T22:40:57.423+0000] {dag.py:3954} INFO - Setting next_dagrun for tutorial_dag to None, run_after=None
[2026-03-06T22:40:57.452+0000] {processor.py:183} INFO - Processing /home/airflow/.local/lib/python3.12/site-packages/airflow/example_dags/tutorial_dag.py took 0.099 seconds
