[2026-03-06T22:30:51.657+0000] {processor.py:161} INFO - Started process (PID=112) to work on /home/airflow/.local/lib/python3.12/site-packages/airflow/example_dags/tutorial.py
[2026-03-06T22:30:51.659+0000] {processor.py:830} INFO - Processing file /home/airflow/.local/lib/python3.12/site-packages/airflow/example_dags/tutorial.py for tasks to queue
[2026-03-06T22:30:51.661+0000] {logging_mixin.py:188} INFO - [2026-03-06T22:30:51.661+0000] {dagbag.py:545} INFO - Filling up the DagBag from /home/airflow/.local/lib/python3.12/site-packages/airflow/example_dags/tutorial.py
[2026-03-06T22:30:51.669+0000] {processor.py:840} INFO - DAG(s) 'tutorial' retrieved from /home/airflow/.local/lib/python3.12/site-packages/airflow/example_dags/tutorial.py
[2026-03-06T22:30:51.812+0000] {logging_mixin.py:188} INFO - [2026-03-06T22:30:51.811+0000] {override.py:1829} INFO - Created Permission View: can delete on DAG:tutorial
[2026-03-06T22:30:51.829+0000] {logging_mixin.py:188} INFO - [2026-03-06T22:30:51.829+0000] {override.py:1829} INFO - Created Permission View: can read on DAG:tutorial
[2026-03-06T22:30:51.842+0000] {logging_mixin.py:188} INFO - [2026-03-06T22:30:51.842+0000] {override.py:1829} INFO - Created Permission View: can edit on DAG:tutorial
[2026-03-06T22:30:51.843+0000] {logging_mixin.py:188} INFO - [2026-03-06T22:30:51.843+0000] {dag.py:3096} INFO - Sync 1 DAGs
[2026-03-06T22:30:51.858+0000] {logging_mixin.py:188} INFO - [2026-03-06T22:30:51.858+0000] {dag.py:3118} INFO - Creating ORM DAG for tutorial
[2026-03-06T22:30:51.871+0000] {logging_mixin.py:188} INFO - [2026-03-06T22:30:51.871+0000] {dag.py:3954} INFO - Setting next_dagrun for tutorial to 2026-03-05 00:00:00+00:00, run_after=2026-03-06 00:00:00+00:00
[2026-03-06T22:30:51.901+0000] {processor.py:183} INFO - Processing /home/airflow/.local/lib/python3.12/site-packages/airflow/example_dags/tutorial.py took 0.253 seconds
[2026-03-06T22:31:23.469+0000] {processor.py:161} INFO - Started process (PID=98) to work on /home/airflow/.local/lib/python3.12/site-packages/airflow/example_dags/tutorial.py
[2026-03-06T22:31:23.470+0000] {processor.py:830} INFO - Processing file /home/airflow/.local/lib/python3.12/site-packages/airflow/example_dags/tutorial.py for tasks to queue
[2026-03-06T22:31:23.474+0000] {logging_mixin.py:188} INFO - [2026-03-06T22:31:23.473+0000] {dagbag.py:545} INFO - Filling up the DagBag from /home/airflow/.local/lib/python3.12/site-packages/airflow/example_dags/tutorial.py
[2026-03-06T22:31:23.483+0000] {processor.py:840} INFO - DAG(s) 'tutorial' retrieved from /home/airflow/.local/lib/python3.12/site-packages/airflow/example_dags/tutorial.py
[2026-03-06T22:31:23.528+0000] {logging_mixin.py:188} INFO - [2026-03-06T22:31:23.527+0000] {dag.py:3096} INFO - Sync 1 DAGs
[2026-03-06T22:31:23.577+0000] {logging_mixin.py:188} INFO - [2026-03-06T22:31:23.577+0000] {dag.py:3954} INFO - Setting next_dagrun for tutorial to 2026-03-05 00:00:00+00:00, run_after=2026-03-06 00:00:00+00:00
[2026-03-06T22:31:23.618+0000] {processor.py:183} INFO - Processing /home/airflow/.local/lib/python3.12/site-packages/airflow/example_dags/tutorial.py took 0.160 seconds
[2026-03-06T22:31:54.647+0000] {processor.py:161} INFO - Started process (PID=156) to work on /home/airflow/.local/lib/python3.12/site-packages/airflow/example_dags/tutorial.py
[2026-03-06T22:31:54.649+0000] {processor.py:830} INFO - Processing file /home/airflow/.local/lib/python3.12/site-packages/airflow/example_dags/tutorial.py for tasks to queue
[2026-03-06T22:31:54.652+0000] {logging_mixin.py:188} INFO - [2026-03-06T22:31:54.652+0000] {dagbag.py:545} INFO - Filling up the DagBag from /home/airflow/.local/lib/python3.12/site-packages/airflow/example_dags/tutorial.py
[2026-03-06T22:31:54.660+0000] {processor.py:840} INFO - DAG(s) 'tutorial' retrieved from /home/airflow/.local/lib/python3.12/site-packages/airflow/example_dags/tutorial.py
[2026-03-06T22:31:54.687+0000] {logging_mixin.py:188} INFO - [2026-03-06T22:31:54.687+0000] {dag.py:3096} INFO - Sync 1 DAGs
[2026-03-06T22:31:54.722+0000] {logging_mixin.py:188} INFO - [2026-03-06T22:31:54.721+0000] {dag.py:3954} INFO - Setting next_dagrun for tutorial to 2026-03-05 00:00:00+00:00, run_after=2026-03-06 00:00:00+00:00
[2026-03-06T22:31:54.755+0000] {processor.py:183} INFO - Processing /home/airflow/.local/lib/python3.12/site-packages/airflow/example_dags/tutorial.py took 0.116 seconds
[2026-03-06T22:32:25.418+0000] {processor.py:161} INFO - Started process (PID=214) to work on /home/airflow/.local/lib/python3.12/site-packages/airflow/example_dags/tutorial.py
[2026-03-06T22:32:25.419+0000] {processor.py:830} INFO - Processing file /home/airflow/.local/lib/python3.12/site-packages/airflow/example_dags/tutorial.py for tasks to queue
[2026-03-06T22:32:25.422+0000] {logging_mixin.py:188} INFO - [2026-03-06T22:32:25.421+0000] {dagbag.py:545} INFO - Filling up the DagBag from /home/airflow/.local/lib/python3.12/site-packages/airflow/example_dags/tutorial.py
[2026-03-06T22:32:25.429+0000] {processor.py:840} INFO - DAG(s) 'tutorial' retrieved from /home/airflow/.local/lib/python3.12/site-packages/airflow/example_dags/tutorial.py
[2026-03-06T22:32:25.455+0000] {logging_mixin.py:188} INFO - [2026-03-06T22:32:25.454+0000] {dag.py:3096} INFO - Sync 1 DAGs
[2026-03-06T22:32:25.483+0000] {logging_mixin.py:188} INFO - [2026-03-06T22:32:25.483+0000] {dag.py:3954} INFO - Setting next_dagrun for tutorial to 2026-03-05 00:00:00+00:00, run_after=2026-03-06 00:00:00+00:00
[2026-03-06T22:32:25.525+0000] {processor.py:183} INFO - Processing /home/airflow/.local/lib/python3.12/site-packages/airflow/example_dags/tutorial.py took 0.116 seconds
[2026-03-06T22:32:56.041+0000] {processor.py:161} INFO - Started process (PID=272) to work on /home/airflow/.local/lib/python3.12/site-packages/airflow/example_dags/tutorial.py
[2026-03-06T22:32:56.043+0000] {processor.py:830} INFO - Processing file /home/airflow/.local/lib/python3.12/site-packages/airflow/example_dags/tutorial.py for tasks to queue
[2026-03-06T22:32:56.046+0000] {logging_mixin.py:188} INFO - [2026-03-06T22:32:56.045+0000] {dagbag.py:545} INFO - Filling up the DagBag from /home/airflow/.local/lib/python3.12/site-packages/airflow/example_dags/tutorial.py
[2026-03-06T22:32:56.056+0000] {processor.py:840} INFO - DAG(s) 'tutorial' retrieved from /home/airflow/.local/lib/python3.12/site-packages/airflow/example_dags/tutorial.py
[2026-03-06T22:32:56.080+0000] {logging_mixin.py:188} INFO - [2026-03-06T22:32:56.080+0000] {dag.py:3096} INFO - Sync 1 DAGs
[2026-03-06T22:32:56.121+0000] {logging_mixin.py:188} INFO - [2026-03-06T22:32:56.120+0000] {dag.py:3954} INFO - Setting next_dagrun for tutorial to 2026-03-05 00:00:00+00:00, run_after=2026-03-06 00:00:00+00:00
[2026-03-06T22:32:56.159+0000] {processor.py:183} INFO - Processing /home/airflow/.local/lib/python3.12/site-packages/airflow/example_dags/tutorial.py took 0.130 seconds
[2026-03-06T22:33:27.124+0000] {processor.py:161} INFO - Started process (PID=330) to work on /home/airflow/.local/lib/python3.12/site-packages/airflow/example_dags/tutorial.py
[2026-03-06T22:33:27.126+0000] {processor.py:830} INFO - Processing file /home/airflow/.local/lib/python3.12/site-packages/airflow/example_dags/tutorial.py for tasks to queue
[2026-03-06T22:33:27.128+0000] {logging_mixin.py:188} INFO - [2026-03-06T22:33:27.127+0000] {dagbag.py:545} INFO - Filling up the DagBag from /home/airflow/.local/lib/python3.12/site-packages/airflow/example_dags/tutorial.py
[2026-03-06T22:33:27.136+0000] {processor.py:840} INFO - DAG(s) 'tutorial' retrieved from /home/airflow/.local/lib/python3.12/site-packages/airflow/example_dags/tutorial.py
[2026-03-06T22:33:27.274+0000] {logging_mixin.py:188} INFO - [2026-03-06T22:33:27.273+0000] {dag.py:3096} INFO - Sync 1 DAGs
[2026-03-06T22:33:27.304+0000] {logging_mixin.py:188} INFO - [2026-03-06T22:33:27.304+0000] {dag.py:3954} INFO - Setting next_dagrun for tutorial to 2026-03-05 00:00:00+00:00, run_after=2026-03-06 00:00:00+00:00
[2026-03-06T22:33:27.338+0000] {processor.py:183} INFO - Processing /home/airflow/.local/lib/python3.12/site-packages/airflow/example_dags/tutorial.py took 0.220 seconds
[2026-03-06T22:33:57.508+0000] {processor.py:161} INFO - Started process (PID=389) to work on /home/airflow/.local/lib/python3.12/site-packages/airflow/example_dags/tutorial.py
[2026-03-06T22:33:57.509+0000] {processor.py:830} INFO - Processing file /home/airflow/.local/lib/python3.12/site-packages/airflow/example_dags/tutorial.py for tasks to queue
[2026-03-06T22:33:57.513+0000] {logging_mixin.py:188} INFO - [2026-03-06T22:33:57.512+0000] {dagbag.py:545} INFO - Filling up the DagBag from /home/airflow/.local/lib/python3.12/site-packages/airflow/example_dags/tutorial.py
[2026-03-06T22:33:57.523+0000] {processor.py:840} INFO - DAG(s) 'tutorial' retrieved from /home/airflow/.local/lib/python3.12/site-packages/airflow/example_dags/tutorial.py
[2026-03-06T22:33:57.558+0000] {logging_mixin.py:188} INFO - [2026-03-06T22:33:57.557+0000] {dag.py:3096} INFO - Sync 1 DAGs
[2026-03-06T22:33:57.592+0000] {logging_mixin.py:188} INFO - [2026-03-06T22:33:57.592+0000] {dag.py:3954} INFO - Setting next_dagrun for tutorial to 2026-03-05 00:00:00+00:00, run_after=2026-03-06 00:00:00+00:00
[2026-03-06T22:33:57.634+0000] {processor.py:183} INFO - Processing /home/airflow/.local/lib/python3.12/site-packages/airflow/example_dags/tutorial.py took 0.136 seconds
[2026-03-06T22:34:28.412+0000] {processor.py:161} INFO - Started process (PID=449) to work on /home/airflow/.local/lib/python3.12/site-packages/airflow/example_dags/tutorial.py
[2026-03-06T22:34:28.416+0000] {processor.py:830} INFO - Processing file /home/airflow/.local/lib/python3.12/site-packages/airflow/example_dags/tutorial.py for tasks to queue
[2026-03-06T22:34:28.420+0000] {logging_mixin.py:188} INFO - [2026-03-06T22:34:28.419+0000] {dagbag.py:545} INFO - Filling up the DagBag from /home/airflow/.local/lib/python3.12/site-packages/airflow/example_dags/tutorial.py
[2026-03-06T22:34:28.431+0000] {processor.py:840} INFO - DAG(s) 'tutorial' retrieved from /home/airflow/.local/lib/python3.12/site-packages/airflow/example_dags/tutorial.py
[2026-03-06T22:34:28.472+0000] {logging_mixin.py:188} INFO - [2026-03-06T22:34:28.472+0000] {dag.py:3096} INFO - Sync 1 DAGs
[2026-03-06T22:34:28.524+0000] {logging_mixin.py:188} INFO - [2026-03-06T22:34:28.523+0000] {dag.py:3954} INFO - Setting next_dagrun for tutorial to 2026-03-05 00:00:00+00:00, run_after=2026-03-06 00:00:00+00:00
[2026-03-06T22:34:28.552+0000] {processor.py:183} INFO - Processing /home/airflow/.local/lib/python3.12/site-packages/airflow/example_dags/tutorial.py took 0.152 seconds
[2026-03-06T22:34:58.614+0000] {processor.py:161} INFO - Started process (PID=507) to work on /home/airflow/.local/lib/python3.12/site-packages/airflow/example_dags/tutorial.py
[2026-03-06T22:34:58.616+0000] {processor.py:830} INFO - Processing file /home/airflow/.local/lib/python3.12/site-packages/airflow/example_dags/tutorial.py for tasks to queue
[2026-03-06T22:34:58.619+0000] {logging_mixin.py:188} INFO - [2026-03-06T22:34:58.618+0000] {dagbag.py:545} INFO - Filling up the DagBag from /home/airflow/.local/lib/python3.12/site-packages/airflow/example_dags/tutorial.py
[2026-03-06T22:34:58.627+0000] {processor.py:840} INFO - DAG(s) 'tutorial' retrieved from /home/airflow/.local/lib/python3.12/site-packages/airflow/example_dags/tutorial.py
[2026-03-06T22:34:58.653+0000] {logging_mixin.py:188} INFO - [2026-03-06T22:34:58.652+0000] {dag.py:3096} INFO - Sync 1 DAGs
[2026-03-06T22:34:58.686+0000] {logging_mixin.py:188} INFO - [2026-03-06T22:34:58.686+0000] {dag.py:3954} INFO - Setting next_dagrun for tutorial to 2026-03-05 00:00:00+00:00, run_after=2026-03-06 00:00:00+00:00
[2026-03-06T22:34:58.713+0000] {processor.py:183} INFO - Processing /home/airflow/.local/lib/python3.12/site-packages/airflow/example_dags/tutorial.py took 0.106 seconds
[2026-03-06T22:35:28.855+0000] {processor.py:161} INFO - Started process (PID=566) to work on /home/airflow/.local/lib/python3.12/site-packages/airflow/example_dags/tutorial.py
[2026-03-06T22:35:28.856+0000] {processor.py:830} INFO - Processing file /home/airflow/.local/lib/python3.12/site-packages/airflow/example_dags/tutorial.py for tasks to queue
[2026-03-06T22:35:28.859+0000] {logging_mixin.py:188} INFO - [2026-03-06T22:35:28.858+0000] {dagbag.py:545} INFO - Filling up the DagBag from /home/airflow/.local/lib/python3.12/site-packages/airflow/example_dags/tutorial.py
[2026-03-06T22:35:28.867+0000] {processor.py:840} INFO - DAG(s) 'tutorial' retrieved from /home/airflow/.local/lib/python3.12/site-packages/airflow/example_dags/tutorial.py
[2026-03-06T22:35:28.890+0000] {logging_mixin.py:188} INFO - [2026-03-06T22:35:28.889+0000] {dag.py:3096} INFO - Sync 1 DAGs
[2026-03-06T22:35:28.919+0000] {logging_mixin.py:188} INFO - [2026-03-06T22:35:28.918+0000] {dag.py:3954} INFO - Setting next_dagrun for tutorial to 2026-03-05 00:00:00+00:00, run_after=2026-03-06 00:00:00+00:00
[2026-03-06T22:35:28.962+0000] {processor.py:183} INFO - Processing /home/airflow/.local/lib/python3.12/site-packages/airflow/example_dags/tutorial.py took 0.115 seconds
[2026-03-06T22:35:59.240+0000] {processor.py:161} INFO - Started process (PID=624) to work on /home/airflow/.local/lib/python3.12/site-packages/airflow/example_dags/tutorial.py
[2026-03-06T22:35:59.241+0000] {processor.py:830} INFO - Processing file /home/airflow/.local/lib/python3.12/site-packages/airflow/example_dags/tutorial.py for tasks to queue
[2026-03-06T22:35:59.245+0000] {logging_mixin.py:188} INFO - [2026-03-06T22:35:59.244+0000] {dagbag.py:545} INFO - Filling up the DagBag from /home/airflow/.local/lib/python3.12/site-packages/airflow/example_dags/tutorial.py
[2026-03-06T22:35:59.254+0000] {processor.py:840} INFO - DAG(s) 'tutorial' retrieved from /home/airflow/.local/lib/python3.12/site-packages/airflow/example_dags/tutorial.py
[2026-03-06T22:35:59.281+0000] {logging_mixin.py:188} INFO - [2026-03-06T22:35:59.281+0000] {dag.py:3096} INFO - Sync 1 DAGs
[2026-03-06T22:35:59.312+0000] {logging_mixin.py:188} INFO - [2026-03-06T22:35:59.312+0000] {dag.py:3954} INFO - Setting next_dagrun for tutorial to 2026-03-05 00:00:00+00:00, run_after=2026-03-06 00:00:00+00:00
[2026-03-06T22:35:59.337+0000] {processor.py:183} INFO - Processing /home/airflow/.local/lib/python3.12/site-packages/airflow/example_dags/tutorial.py took 0.106 seconds
[2026-03-06T22:36:30.103+0000] {processor.py:161} INFO - Started process (PID=680) to work on /home/airflow/.local/lib/python3.12/site-packages/airflow/example_dags/tutorial.py
[2026-03-06T22:36:30.105+0000] {processor.py:830} INFO - Processing file /home/airflow/.local/lib/python3.12/site-packages/airflow/example_dags/tutorial.py for tasks to queue
[2026-03-06T22:36:30.108+0000] {logging_mixin.py:188} INFO - [2026-03-06T22:36:30.108+0000] {dagbag.py:545} INFO - Filling up the DagBag from /home/airflow/.local/lib/python3.12/site-packages/airflow/example_dags/tutorial.py
[2026-03-06T22:36:30.118+0000] {processor.py:840} INFO - DAG(s) 'tutorial' retrieved from /home/airflow/.local/lib/python3.12/site-packages/airflow/example_dags/tutorial.py
[2026-03-06T22:36:30.145+0000] {logging_mixin.py:188} INFO - [2026-03-06T22:36:30.145+0000] {dag.py:3096} INFO - Sync 1 DAGs
[2026-03-06T22:36:30.179+0000] {logging_mixin.py:188} INFO - [2026-03-06T22:36:30.178+0000] {dag.py:3954} INFO - Setting next_dagrun for tutorial to 2026-03-05 00:00:00+00:00, run_after=2026-03-06 00:00:00+00:00
[2026-03-06T22:36:30.208+0000] {processor.py:183} INFO - Processing /home/airflow/.local/lib/python3.12/site-packages/airflow/example_dags/tutorial.py took 0.112 seconds
[2026-03-06T22:37:00.605+0000] {processor.py:161} INFO - Started process (PID=736) to work on /home/airflow/.local/lib/python3.12/site-packages/airflow/example_dags/tutorial.py
[2026-03-06T22:37:00.607+0000] {processor.py:830} INFO - Processing file /home/airflow/.local/lib/python3.12/site-packages/airflow/example_dags/tutorial.py for tasks to queue
[2026-03-06T22:37:00.609+0000] {logging_mixin.py:188} INFO - [2026-03-06T22:37:00.609+0000] {dagbag.py:545} INFO - Filling up the DagBag from /home/airflow/.local/lib/python3.12/site-packages/airflow/example_dags/tutorial.py
[2026-03-06T22:37:00.617+0000] {processor.py:840} INFO - DAG(s) 'tutorial' retrieved from /home/airflow/.local/lib/python3.12/site-packages/airflow/example_dags/tutorial.py
[2026-03-06T22:37:00.642+0000] {logging_mixin.py:188} INFO - [2026-03-06T22:37:00.641+0000] {dag.py:3096} INFO - Sync 1 DAGs
[2026-03-06T22:37:00.673+0000] {logging_mixin.py:188} INFO - [2026-03-06T22:37:00.673+0000] {dag.py:3954} INFO - Setting next_dagrun for tutorial to 2026-03-05 00:00:00+00:00, run_after=2026-03-06 00:00:00+00:00
[2026-03-06T22:37:00.701+0000] {processor.py:183} INFO - Processing /home/airflow/.local/lib/python3.12/site-packages/airflow/example_dags/tutorial.py took 0.104 seconds
[2026-03-06T22:37:30.967+0000] {processor.py:161} INFO - Started process (PID=794) to work on /home/airflow/.local/lib/python3.12/site-packages/airflow/example_dags/tutorial.py
[2026-03-06T22:37:30.968+0000] {processor.py:830} INFO - Processing file /home/airflow/.local/lib/python3.12/site-packages/airflow/example_dags/tutorial.py for tasks to queue
[2026-03-06T22:37:30.971+0000] {logging_mixin.py:188} INFO - [2026-03-06T22:37:30.971+0000] {dagbag.py:545} INFO - Filling up the DagBag from /home/airflow/.local/lib/python3.12/site-packages/airflow/example_dags/tutorial.py
[2026-03-06T22:37:30.979+0000] {processor.py:840} INFO - DAG(s) 'tutorial' retrieved from /home/airflow/.local/lib/python3.12/site-packages/airflow/example_dags/tutorial.py
[2026-03-06T22:37:31.001+0000] {logging_mixin.py:188} INFO - [2026-03-06T22:37:31.001+0000] {dag.py:3096} INFO - Sync 1 DAGs
[2026-03-06T22:37:31.030+0000] {logging_mixin.py:188} INFO - [2026-03-06T22:37:31.030+0000] {dag.py:3954} INFO - Setting next_dagrun for tutorial to 2026-03-05 00:00:00+00:00, run_after=2026-03-06 00:00:00+00:00
[2026-03-06T22:37:31.054+0000] {processor.py:183} INFO - Processing /home/airflow/.local/lib/python3.12/site-packages/airflow/example_dags/tutorial.py took 0.094 seconds
[2026-03-06T22:38:01.327+0000] {processor.py:161} INFO - Started process (PID=852) to work on /home/airflow/.local/lib/python3.12/site-packages/airflow/example_dags/tutorial.py
[2026-03-06T22:38:01.328+0000] {processor.py:830} INFO - Processing file /home/airflow/.local/lib/python3.12/site-packages/airflow/example_dags/tutorial.py for tasks to queue
[2026-03-06T22:38:01.331+0000] {logging_mixin.py:188} INFO - [2026-03-06T22:38:01.330+0000] {dagbag.py:545} INFO - Filling up the DagBag from /home/airflow/.local/lib/python3.12/site-packages/airflow/example_dags/tutorial.py
[2026-03-06T22:38:01.339+0000] {processor.py:840} INFO - DAG(s) 'tutorial' retrieved from /home/airflow/.local/lib/python3.12/site-packages/airflow/example_dags/tutorial.py
[2026-03-06T22:38:01.362+0000] {logging_mixin.py:188} INFO - [2026-03-06T22:38:01.361+0000] {dag.py:3096} INFO - Sync 1 DAGs
[2026-03-06T22:38:01.389+0000] {logging_mixin.py:188} INFO - [2026-03-06T22:38:01.388+0000] {dag.py:3954} INFO - Setting next_dagrun for tutorial to 2026-03-05 00:00:00+00:00, run_after=2026-03-06 00:00:00+00:00
[2026-03-06T22:38:01.413+0000] {processor.py:183} INFO - Processing /home/airflow/.local/lib/python3.12/site-packages/airflow/example_dags/tutorial.py took 0.094 seconds
[2026-03-06T22:38:31.833+0000] {processor.py:161} INFO - Started process (PID=910) to work on /home/airflow/.local/lib/python3.12/site-packages/airflow/example_dags/tutorial.py
[2026-03-06T22:38:31.834+0000] {processor.py:830} INFO - Processing file /home/airflow/.local/lib/python3.12/site-packages/airflow/example_dags/tutorial.py for tasks to queue
[2026-03-06T22:38:31.836+0000] {logging_mixin.py:188} INFO - [2026-03-06T22:38:31.836+0000] {dagbag.py:545} INFO - Filling up the DagBag from /home/airflow/.local/lib/python3.12/site-packages/airflow/example_dags/tutorial.py
[2026-03-06T22:38:31.844+0000] {processor.py:840} INFO - DAG(s) 'tutorial' retrieved from /home/airflow/.local/lib/python3.12/site-packages/airflow/example_dags/tutorial.py
[2026-03-06T22:38:31.869+0000] {logging_mixin.py:188} INFO - [2026-03-06T22:38:31.868+0000] {dag.py:3096} INFO - Sync 1 DAGs
[2026-03-06T22:38:31.896+0000] {logging_mixin.py:188} INFO - [2026-03-06T22:38:31.896+0000] {dag.py:3954} INFO - Setting next_dagrun for tutorial to 2026-03-05 00:00:00+00:00, run_after=2026-03-06 00:00:00+00:00
[2026-03-06T22:38:31.920+0000] {processor.py:183} INFO - Processing /home/airflow/.local/lib/python3.12/site-packages/airflow/example_dags/tutorial.py took 0.095 seconds
[2026-03-06T22:39:02.279+0000] {processor.py:161} INFO - Started process (PID=968) to work on /home/airflow/.local/lib/python3.12/site-packages/airflow/example_dags/tutorial.py
[2026-03-06T22:39:02.280+0000] {processor.py:830} INFO - Processing file /home/airflow/.local/lib/python3.12/site-packages/airflow/example_dags/tutorial.py for tasks to queue
[2026-03-06T22:39:02.283+0000] {logging_mixin.py:188} INFO - [2026-03-06T22:39:02.282+0000] {dagbag.py:545} INFO - Filling up the DagBag from /home/airflow/.local/lib/python3.12/site-packages/airflow/example_dags/tutorial.py
[2026-03-06T22:39:02.292+0000] {processor.py:840} INFO - DAG(s) 'tutorial' retrieved from /home/airflow/.local/lib/python3.12/site-packages/airflow/example_dags/tutorial.py
[2026-03-06T22:39:02.323+0000] {logging_mixin.py:188} INFO - [2026-03-06T22:39:02.322+0000] {dag.py:3096} INFO - Sync 1 DAGs
[2026-03-06T22:39:02.365+0000] {logging_mixin.py:188} INFO - [2026-03-06T22:39:02.364+0000] {dag.py:3954} INFO - Setting next_dagrun for tutorial to 2026-03-05 00:00:00+00:00, run_after=2026-03-06 00:00:00+00:00
[2026-03-06T22:39:02.407+0000] {processor.py:183} INFO - Processing /home/airflow/.local/lib/python3.12/site-packages/airflow/example_dags/tutorial.py took 0.137 seconds
[2026-03-06T22:39:32.999+0000] {processor.py:161} INFO - Started process (PID=1026) to work on /home/airflow/.local/lib/python3.12/site-packages/airflow/example_dags/tutorial.py
[2026-03-06T22:39:33.001+0000] {processor.py:830} INFO - Processing file /home/airflow/.local/lib/python3.12/site-packages/airflow/example_dags/tutorial.py for tasks to queue
[2026-03-06T22:39:33.004+0000] {logging_mixin.py:188} INFO - [2026-03-06T22:39:33.003+0000] {dagbag.py:545} INFO - Filling up the DagBag from /home/airflow/.local/lib/python3.12/site-packages/airflow/example_dags/tutorial.py
[2026-03-06T22:39:33.014+0000] {processor.py:840} INFO - DAG(s) 'tutorial' retrieved from /home/airflow/.local/lib/python3.12/site-packages/airflow/example_dags/tutorial.py
[2026-03-06T22:39:33.041+0000] {logging_mixin.py:188} INFO - [2026-03-06T22:39:33.041+0000] {dag.py:3096} INFO - Sync 1 DAGs
[2026-03-06T22:39:33.073+0000] {logging_mixin.py:188} INFO - [2026-03-06T22:39:33.072+0000] {dag.py:3954} INFO - Setting next_dagrun for tutorial to 2026-03-05 00:00:00+00:00, run_after=2026-03-06 00:00:00+00:00
[2026-03-06T22:39:33.099+0000] {processor.py:183} INFO - Processing /home/airflow/.local/lib/python3.12/site-packages/airflow/example_dags/tutorial.py took 0.108 seconds
[2026-03-06T22:40:03.708+0000] {processor.py:161} INFO - Started process (PID=1084) to work on /home/airflow/.local/lib/python3.12/site-packages/airflow/example_dags/tutorial.py
[2026-03-06T22:40:03.710+0000] {processor.py:830} INFO - Processing file /home/airflow/.local/lib/python3.12/site-packages/airflow/example_dags/tutorial.py for tasks to queue
[2026-03-06T22:40:03.712+0000] {logging_mixin.py:188} INFO - [2026-03-06T22:40:03.712+0000] {dagbag.py:545} INFO - Filling up the DagBag from /home/airflow/.local/lib/python3.12/site-packages/airflow/example_dags/tutorial.py
[2026-03-06T22:40:03.720+0000] {processor.py:840} INFO - DAG(s) 'tutorial' retrieved from /home/airflow/.local/lib/python3.12/site-packages/airflow/example_dags/tutorial.py
[2026-03-06T22:40:03.743+0000] {logging_mixin.py:188} INFO - [2026-03-06T22:40:03.742+0000] {dag.py:3096} INFO - Sync 1 DAGs
[2026-03-06T22:40:03.772+0000] {logging_mixin.py:188} INFO - [2026-03-06T22:40:03.772+0000] {dag.py:3954} INFO - Setting next_dagrun for tutorial to 2026-03-05 00:00:00+00:00, run_after=2026-03-06 00:00:00+00:00
[2026-03-06T22:40:03.800+0000] {processor.py:183} INFO - Processing /home/airflow/.local/lib/python3.12/site-packages/airflow/example_dags/tutorial.py took 0.099 seconds
[2026-03-06T22:40:34.160+0000] {processor.py:161} INFO - Started process (PID=1142) to work on /home/airflow/.local/lib/python3.12/site-packages/airflow/example_dags/tutorial.py
[2026-03-06T22:40:34.161+0000] {processor.py:830} INFO - Processing file /home/airflow/.local/lib/python3.12/site-packages/airflow/example_dags/tutorial.py for tasks to queue
[2026-03-06T22:40:34.164+0000] {logging_mixin.py:188} INFO - [2026-03-06T22:40:34.163+0000] {dagbag.py:545} INFO - Filling up the DagBag from /home/airflow/.local/lib/python3.12/site-packages/airflow/example_dags/tutorial.py
[2026-03-06T22:40:34.172+0000] {processor.py:840} INFO - DAG(s) 'tutorial' retrieved from /home/airflow/.local/lib/python3.12/site-packages/airflow/example_dags/tutorial.py
[2026-03-06T22:40:34.203+0000] {logging_mixin.py:188} INFO - [2026-03-06T22:40:34.203+0000] {dag.py:3096} INFO - Sync 1 DAGs
[2026-03-06T22:40:34.233+0000] {logging_mixin.py:188} INFO - [2026-03-06T22:40:34.233+0000] {dag.py:3954} INFO - Setting next_dagrun for tutorial to 2026-03-05 00:00:00+00:00, run_after=2026-03-06 00:00:00+00:00
[2026-03-06T22:40:34.264+0000] {processor.py:183} INFO - Processing /home/airflow/.local/lib/python3.12/site-packages/airflow/example_dags/tutorial.py took 0.111 seconds
[2026-03-06T22:41:04.490+0000] {processor.py:161} INFO - Started process (PID=1200) to work on /home/airflow/.local/lib/python3.12/site-packages/airflow/example_dags/tutorial.py
[2026-03-06T22:41:04.492+0000] {processor.py:830} INFO - Processing file /home/airflow/.local/lib/python3.12/site-packages/airflow/example_dags/tutorial.py for tasks to queue
[2026-03-06T22:41:04.496+0000] {logging_mixin.py:188} INFO - [2026-03-06T22:41:04.495+0000] {dagbag.py:545} INFO - Filling up the DagBag from /home/airflow/.local/lib/python3.12/site-packages/airflow/example_dags/tutorial.py
[2026-03-06T22:41:04.506+0000] {processor.py:840} INFO - DAG(s) 'tutorial' retrieved from /home/airflow/.local/lib/python3.12/site-packages/airflow/example_dags/tutorial.py
[2026-03-06T22:41:04.547+0000] {logging_mixin.py:188} INFO - [2026-03-06T22:41:04.547+0000] {dag.py:3096} INFO - Sync 1 DAGs
[2026-03-06T22:41:04.589+0000] {logging_mixin.py:188} INFO - [2026-03-06T22:41:04.589+0000] {dag.py:3954} INFO - Setting next_dagrun for tutorial to 2026-03-05 00:00:00+00:00, run_after=2026-03-06 00:00:00+00:00
[2026-03-06T22:41:04.626+0000] {processor.py:183} INFO - Processing /home/airflow/.local/lib/python3.12/site-packages/airflow/example_dags/tutorial.py took 0.144 seconds
