[2026-03-06T22:30:47.582+0000] {processor.py:161} INFO - Started process (PID=85) to work on /home/airflow/.local/lib/python3.12/site-packages/airflow/example_dags/tutorial_objectstorage.py
[2026-03-06T22:30:47.584+0000] {processor.py:830} INFO - Processing file /home/airflow/.local/lib/python3.12/site-packages/airflow/example_dags/tutorial_objectstorage.py for tasks to queue
[2026-03-06T22:30:47.586+0000] {logging_mixin.py:188} INFO - [2026-03-06T22:30:47.586+0000] {dagbag.py:545} INFO - Filling up the DagBag from /home/airflow/.local/lib/python3.12/site-packages/airflow/example_dags/tutorial_objectstorage.py
[2026-03-06T22:30:47.603+0000] {processor.py:840} INFO - DAG(s) 'tutorial_objectstorage' retrieved from /home/airflow/.local/lib/python3.12/site-packages/airflow/example_dags/tutorial_objectstorage.py
[2026-03-06T22:30:47.758+0000] {logging_mixin.py:188} INFO - [2026-03-06T22:30:47.757+0000] {override.py:1829} INFO - Created Permission View: can delete on DAG:tutorial_objectstorage
[2026-03-06T22:30:47.773+0000] {logging_mixin.py:188} INFO - [2026-03-06T22:30:47.773+0000] {override.py:1829} INFO - Created Permission View: can read on DAG:tutorial_objectstorage
[2026-03-06T22:30:47.784+0000] {logging_mixin.py:188} INFO - [2026-03-06T22:30:47.784+0000] {override.py:1829} INFO - Created Permission View: can edit on DAG:tutorial_objectstorage
[2026-03-06T22:30:47.785+0000] {logging_mixin.py:188} INFO - [2026-03-06T22:30:47.785+0000] {dag.py:3096} INFO - Sync 1 DAGs
[2026-03-06T22:30:47.801+0000] {logging_mixin.py:188} INFO - [2026-03-06T22:30:47.801+0000] {dag.py:3118} INFO - Creating ORM DAG for tutorial_objectstorage
[2026-03-06T22:30:47.803+0000] {logging_mixin.py:188} INFO - [2026-03-06T22:30:47.802+0000] {dag.py:3954} INFO - Setting next_dagrun for tutorial_objectstorage to None, run_after=None
[2026-03-06T22:30:47.827+0000] {processor.py:183} INFO - Processing /home/airflow/.local/lib/python3.12/site-packages/airflow/example_dags/tutorial_objectstorage.py took 0.254 seconds
[2026-03-06T22:31:20.901+0000] {processor.py:161} INFO - Started process (PID=65) to work on /home/airflow/.local/lib/python3.12/site-packages/airflow/example_dags/tutorial_objectstorage.py
[2026-03-06T22:31:20.902+0000] {processor.py:830} INFO - Processing file /home/airflow/.local/lib/python3.12/site-packages/airflow/example_dags/tutorial_objectstorage.py for tasks to queue
[2026-03-06T22:31:20.905+0000] {logging_mixin.py:188} INFO - [2026-03-06T22:31:20.904+0000] {dagbag.py:545} INFO - Filling up the DagBag from /home/airflow/.local/lib/python3.12/site-packages/airflow/example_dags/tutorial_objectstorage.py
[2026-03-06T22:31:20.917+0000] {processor.py:840} INFO - DAG(s) 'tutorial_objectstorage' retrieved from /home/airflow/.local/lib/python3.12/site-packages/airflow/example_dags/tutorial_objectstorage.py
[2026-03-06T22:31:20.942+0000] {logging_mixin.py:188} INFO - [2026-03-06T22:31:20.941+0000] {dag.py:3096} INFO - Sync 1 DAGs
[2026-03-06T22:31:20.958+0000] {logging_mixin.py:188} INFO - [2026-03-06T22:31:20.958+0000] {dag.py:3954} INFO - Setting next_dagrun for tutorial_objectstorage to None, run_after=None
[2026-03-06T22:31:20.986+0000] {processor.py:183} INFO - Processing /home/airflow/.local/lib/python3.12/site-packages/airflow/example_dags/tutorial_objectstorage.py took 0.092 seconds
[2026-03-06T22:31:51.426+0000] {processor.py:161} INFO - Started process (PID=123) to work on /home/airflow/.local/lib/python3.12/site-packages/airflow/example_dags/tutorial_objectstorage.py
[2026-03-06T22:31:51.427+0000] {processor.py:830} INFO - Processing file /home/airflow/.local/lib/python3.12/site-packages/airflow/example_dags/tutorial_objectstorage.py for tasks to queue
[2026-03-06T22:31:51.431+0000] {logging_mixin.py:188} INFO - [2026-03-06T22:31:51.430+0000] {dagbag.py:545} INFO - Filling up the DagBag from /home/airflow/.local/lib/python3.12/site-packages/airflow/example_dags/tutorial_objectstorage.py
[2026-03-06T22:31:51.443+0000] {processor.py:840} INFO - DAG(s) 'tutorial_objectstorage' retrieved from /home/airflow/.local/lib/python3.12/site-packages/airflow/example_dags/tutorial_objectstorage.py
[2026-03-06T22:31:51.475+0000] {logging_mixin.py:188} INFO - [2026-03-06T22:31:51.474+0000] {dag.py:3096} INFO - Sync 1 DAGs
[2026-03-06T22:31:51.491+0000] {logging_mixin.py:188} INFO - [2026-03-06T22:31:51.490+0000] {dag.py:3954} INFO - Setting next_dagrun for tutorial_objectstorage to None, run_after=None
[2026-03-06T22:31:51.527+0000] {processor.py:183} INFO - Processing /home/airflow/.local/lib/python3.12/site-packages/airflow/example_dags/tutorial_objectstorage.py took 0.108 seconds
[2026-03-06T22:32:21.724+0000] {processor.py:161} INFO - Started process (PID=181) to work on /home/airflow/.local/lib/python3.12/site-packages/airflow/example_dags/tutorial_objectstorage.py
[2026-03-06T22:32:21.726+0000] {processor.py:830} INFO - Processing file /home/airflow/.local/lib/python3.12/site-packages/airflow/example_dags/tutorial_objectstorage.py for tasks to queue
[2026-03-06T22:32:21.729+0000] {logging_mixin.py:188} INFO - [2026-03-06T22:32:21.728+0000] {dagbag.py:545} INFO - Filling up the DagBag from /home/airflow/.local/lib/python3.12/site-packages/airflow/example_dags/tutorial_objectstorage.py
[2026-03-06T22:32:21.741+0000] {processor.py:840} INFO - DAG(s) 'tutorial_objectstorage' retrieved from /home/airflow/.local/lib/python3.12/site-packages/airflow/example_dags/tutorial_objectstorage.py
[2026-03-06T22:32:21.766+0000] {logging_mixin.py:188} INFO - [2026-03-06T22:32:21.766+0000] {dag.py:3096} INFO - Sync 1 DAGs
[2026-03-06T22:32:21.784+0000] {logging_mixin.py:188} INFO - [2026-03-06T22:32:21.784+0000] {dag.py:3954} INFO - Setting next_dagrun for tutorial_objectstorage to None, run_after=None
[2026-03-06T22:32:21.828+0000] {processor.py:183} INFO - Processing /home/airflow/.local/lib/python3.12/site-packages/airflow/example_dags/tutorial_objectstorage.py took 0.111 seconds
[2026-03-06T22:32:52.082+0000] {processor.py:161} INFO - Started process (PID=239) to work on /home/airflow/.local/lib/python3.12/site-packages/airflow/example_dags/tutorial_objectstorage.py
[2026-03-06T22:32:52.083+0000] {processor.py:830} INFO - Processing file /home/airflow/.local/lib/python3.12/site-packages/airflow/example_dags/tutorial_objectstorage.py for tasks to queue
[2026-03-06T22:32:52.085+0000] {logging_mixin.py:188} INFO - [2026-03-06T22:32:52.085+0000] {dagbag.py:545} INFO - Filling up the DagBag from /home/airflow/.local/lib/python3.12/site-packages/airflow/example_dags/tutorial_objectstorage.py
[2026-03-06T22:32:52.094+0000] {processor.py:840} INFO - DAG(s) 'tutorial_objectstorage' retrieved from /home/airflow/.local/lib/python3.12/site-packages/airflow/example_dags/tutorial_objectstorage.py
[2026-03-06T22:32:52.109+0000] {logging_mixin.py:188} INFO - [2026-03-06T22:32:52.109+0000] {dag.py:3096} INFO - Sync 1 DAGs
[2026-03-06T22:32:52.126+0000] {logging_mixin.py:188} INFO - [2026-03-06T22:32:52.125+0000] {dag.py:3954} INFO - Setting next_dagrun for tutorial_objectstorage to None, run_after=None
[2026-03-06T22:32:52.158+0000] {processor.py:183} INFO - Processing /home/airflow/.local/lib/python3.12/site-packages/airflow/example_dags/tutorial_objectstorage.py took 0.082 seconds
[2026-03-06T22:33:23.595+0000] {processor.py:161} INFO - Started process (PID=297) to work on /home/airflow/.local/lib/python3.12/site-packages/airflow/example_dags/tutorial_objectstorage.py
[2026-03-06T22:33:23.596+0000] {processor.py:830} INFO - Processing file /home/airflow/.local/lib/python3.12/site-packages/airflow/example_dags/tutorial_objectstorage.py for tasks to queue
[2026-03-06T22:33:23.599+0000] {logging_mixin.py:188} INFO - [2026-03-06T22:33:23.598+0000] {dagbag.py:545} INFO - Filling up the DagBag from /home/airflow/.local/lib/python3.12/site-packages/airflow/example_dags/tutorial_objectstorage.py
[2026-03-06T22:33:23.608+0000] {processor.py:840} INFO - DAG(s) 'tutorial_objectstorage' retrieved from /home/airflow/.local/lib/python3.12/site-packages/airflow/example_dags/tutorial_objectstorage.py
[2026-03-06T22:33:23.759+0000] {logging_mixin.py:188} INFO - [2026-03-06T22:33:23.759+0000] {dag.py:3096} INFO - Sync 1 DAGs
[2026-03-06T22:33:23.776+0000] {logging_mixin.py:188} INFO - [2026-03-06T22:33:23.776+0000] {dag.py:3954} INFO - Setting next_dagrun for tutorial_objectstorage to None, run_after=None
[2026-03-06T22:33:23.808+0000] {processor.py:183} INFO - Processing /home/airflow/.local/lib/python3.12/site-packages/airflow/example_dags/tutorial_objectstorage.py took 0.219 seconds
[2026-03-06T22:33:54.535+0000] {processor.py:161} INFO - Started process (PID=361) to work on /home/airflow/.local/lib/python3.12/site-packages/airflow/example_dags/tutorial_objectstorage.py
[2026-03-06T22:33:54.536+0000] {processor.py:830} INFO - Processing file /home/airflow/.local/lib/python3.12/site-packages/airflow/example_dags/tutorial_objectstorage.py for tasks to queue
[2026-03-06T22:33:54.539+0000] {logging_mixin.py:188} INFO - [2026-03-06T22:33:54.539+0000] {dagbag.py:545} INFO - Filling up the DagBag from /home/airflow/.local/lib/python3.12/site-packages/airflow/example_dags/tutorial_objectstorage.py
[2026-03-06T22:33:54.553+0000] {processor.py:840} INFO - DAG(s) 'tutorial_objectstorage' retrieved from /home/airflow/.local/lib/python3.12/site-packages/airflow/example_dags/tutorial_objectstorage.py
[2026-03-06T22:33:54.586+0000] {logging_mixin.py:188} INFO - [2026-03-06T22:33:54.585+0000] {dag.py:3096} INFO - Sync 1 DAGs
[2026-03-06T22:33:54.609+0000] {logging_mixin.py:188} INFO - [2026-03-06T22:33:54.609+0000] {dag.py:3954} INFO - Setting next_dagrun for tutorial_objectstorage to None, run_after=None
[2026-03-06T22:33:54.649+0000] {processor.py:183} INFO - Processing /home/airflow/.local/lib/python3.12/site-packages/airflow/example_dags/tutorial_objectstorage.py took 0.121 seconds
[2026-03-06T22:34:24.862+0000] {processor.py:161} INFO - Started process (PID=419) to work on /home/airflow/.local/lib/python3.12/site-packages/airflow/example_dags/tutorial_objectstorage.py
[2026-03-06T22:34:24.863+0000] {processor.py:830} INFO - Processing file /home/airflow/.local/lib/python3.12/site-packages/airflow/example_dags/tutorial_objectstorage.py for tasks to queue
[2026-03-06T22:34:24.866+0000] {logging_mixin.py:188} INFO - [2026-03-06T22:34:24.866+0000] {dagbag.py:545} INFO - Filling up the DagBag from /home/airflow/.local/lib/python3.12/site-packages/airflow/example_dags/tutorial_objectstorage.py
[2026-03-06T22:34:24.878+0000] {processor.py:840} INFO - DAG(s) 'tutorial_objectstorage' retrieved from /home/airflow/.local/lib/python3.12/site-packages/airflow/example_dags/tutorial_objectstorage.py
[2026-03-06T22:34:24.902+0000] {logging_mixin.py:188} INFO - [2026-03-06T22:34:24.901+0000] {dag.py:3096} INFO - Sync 1 DAGs
[2026-03-06T22:34:24.920+0000] {logging_mixin.py:188} INFO - [2026-03-06T22:34:24.920+0000] {dag.py:3954} INFO - Setting next_dagrun for tutorial_objectstorage to None, run_after=None
[2026-03-06T22:34:24.958+0000] {processor.py:183} INFO - Processing /home/airflow/.local/lib/python3.12/site-packages/airflow/example_dags/tutorial_objectstorage.py took 0.104 seconds
[2026-03-06T22:34:55.119+0000] {processor.py:161} INFO - Started process (PID=477) to work on /home/airflow/.local/lib/python3.12/site-packages/airflow/example_dags/tutorial_objectstorage.py
[2026-03-06T22:34:55.120+0000] {processor.py:830} INFO - Processing file /home/airflow/.local/lib/python3.12/site-packages/airflow/example_dags/tutorial_objectstorage.py for tasks to queue
[2026-03-06T22:34:55.123+0000] {logging_mixin.py:188} INFO - [2026-03-06T22:34:55.122+0000] {dagbag.py:545} INFO - Filling up the DagBag from /home/airflow/.local/lib/python3.12/site-packages/airflow/example_dags/tutorial_objectstorage.py
[2026-03-06T22:34:55.132+0000] {processor.py:840} INFO - DAG(s) 'tutorial_objectstorage' retrieved from /home/airflow/.local/lib/python3.12/site-packages/airflow/example_dags/tutorial_objectstorage.py
[2026-03-06T22:34:55.156+0000] {logging_mixin.py:188} INFO - [2026-03-06T22:34:55.156+0000] {dag.py:3096} INFO - Sync 1 DAGs
[2026-03-06T22:34:55.178+0000] {logging_mixin.py:188} INFO - [2026-03-06T22:34:55.177+0000] {dag.py:3954} INFO - Setting next_dagrun for tutorial_objectstorage to None, run_after=None
[2026-03-06T22:34:55.218+0000] {processor.py:183} INFO - Processing /home/airflow/.local/lib/python3.12/site-packages/airflow/example_dags/tutorial_objectstorage.py took 0.106 seconds
[2026-03-06T22:35:25.572+0000] {processor.py:161} INFO - Started process (PID=535) to work on /home/airflow/.local/lib/python3.12/site-packages/airflow/example_dags/tutorial_objectstorage.py
[2026-03-06T22:35:25.574+0000] {processor.py:830} INFO - Processing file /home/airflow/.local/lib/python3.12/site-packages/airflow/example_dags/tutorial_objectstorage.py for tasks to queue
[2026-03-06T22:35:25.578+0000] {logging_mixin.py:188} INFO - [2026-03-06T22:35:25.577+0000] {dagbag.py:545} INFO - Filling up the DagBag from /home/airflow/.local/lib/python3.12/site-packages/airflow/example_dags/tutorial_objectstorage.py
[2026-03-06T22:35:25.588+0000] {processor.py:840} INFO - DAG(s) 'tutorial_objectstorage' retrieved from /home/airflow/.local/lib/python3.12/site-packages/airflow/example_dags/tutorial_objectstorage.py
[2026-03-06T22:35:25.616+0000] {logging_mixin.py:188} INFO - [2026-03-06T22:35:25.616+0000] {dag.py:3096} INFO - Sync 1 DAGs
[2026-03-06T22:35:25.634+0000] {logging_mixin.py:188} INFO - [2026-03-06T22:35:25.634+0000] {dag.py:3954} INFO - Setting next_dagrun for tutorial_objectstorage to None, run_after=None
[2026-03-06T22:35:25.673+0000] {processor.py:183} INFO - Processing /home/airflow/.local/lib/python3.12/site-packages/airflow/example_dags/tutorial_objectstorage.py took 0.108 seconds
[2026-03-06T22:35:55.829+0000] {processor.py:161} INFO - Started process (PID=593) to work on /home/airflow/.local/lib/python3.12/site-packages/airflow/example_dags/tutorial_objectstorage.py
[2026-03-06T22:35:55.831+0000] {processor.py:830} INFO - Processing file /home/airflow/.local/lib/python3.12/site-packages/airflow/example_dags/tutorial_objectstorage.py for tasks to queue
[2026-03-06T22:35:55.834+0000] {logging_mixin.py:188} INFO - [2026-03-06T22:35:55.833+0000] {dagbag.py:545} INFO - Filling up the DagBag from /home/airflow/.local/lib/python3.12/site-packages/airflow/example_dags/tutorial_objectstorage.py
[2026-03-06T22:35:55.848+0000] {processor.py:840} INFO - DAG(s) 'tutorial_objectstorage' retrieved from /home/airflow/.local/lib/python3.12/site-packages/airflow/example_dags/tutorial_objectstorage.py
[2026-03-06T22:35:55.881+0000] {logging_mixin.py:188} INFO - [2026-03-06T22:35:55.880+0000] {dag.py:3096} INFO - Sync 1 DAGs
[2026-03-06T22:35:55.905+0000] {logging_mixin.py:188} INFO - [2026-03-06T22:35:55.904+0000] {dag.py:3954} INFO - Setting next_dagrun for tutorial_objectstorage to None, run_after=None
[2026-03-06T22:35:55.943+0000] {processor.py:183} INFO - Processing /home/airflow/.local/lib/python3.12/site-packages/airflow/example_dags/tutorial_objectstorage.py took 0.124 seconds
[2026-03-06T22:36:26.233+0000] {processor.py:161} INFO - Started process (PID=651) to work on /home/airflow/.local/lib/python3.12/site-packages/airflow/example_dags/tutorial_objectstorage.py
[2026-03-06T22:36:26.234+0000] {processor.py:830} INFO - Processing file /home/airflow/.local/lib/python3.12/site-packages/airflow/example_dags/tutorial_objectstorage.py for tasks to queue
[2026-03-06T22:36:26.236+0000] {logging_mixin.py:188} INFO - [2026-03-06T22:36:26.236+0000] {dagbag.py:545} INFO - Filling up the DagBag from /home/airflow/.local/lib/python3.12/site-packages/airflow/example_dags/tutorial_objectstorage.py
[2026-03-06T22:36:26.246+0000] {processor.py:840} INFO - DAG(s) 'tutorial_objectstorage' retrieved from /home/airflow/.local/lib/python3.12/site-packages/airflow/example_dags/tutorial_objectstorage.py
[2026-03-06T22:36:26.269+0000] {logging_mixin.py:188} INFO - [2026-03-06T22:36:26.269+0000] {dag.py:3096} INFO - Sync 1 DAGs
[2026-03-06T22:36:26.287+0000] {logging_mixin.py:188} INFO - [2026-03-06T22:36:26.287+0000] {dag.py:3954} INFO - Setting next_dagrun for tutorial_objectstorage to None, run_after=None
[2026-03-06T22:36:26.315+0000] {processor.py:183} INFO - Processing /home/airflow/.local/lib/python3.12/site-packages/airflow/example_dags/tutorial_objectstorage.py took 0.090 seconds
[2026-03-06T22:36:56.708+0000] {processor.py:161} INFO - Started process (PID=709) to work on /home/airflow/.local/lib/python3.12/site-packages/airflow/example_dags/tutorial_objectstorage.py
[2026-03-06T22:36:56.709+0000] {processor.py:830} INFO - Processing file /home/airflow/.local/lib/python3.12/site-packages/airflow/example_dags/tutorial_objectstorage.py for tasks to queue
[2026-03-06T22:36:56.712+0000] {logging_mixin.py:188} INFO - [2026-03-06T22:36:56.711+0000] {dagbag.py:545} INFO - Filling up the DagBag from /home/airflow/.local/lib/python3.12/site-packages/airflow/example_dags/tutorial_objectstorage.py
[2026-03-06T22:36:56.723+0000] {processor.py:840} INFO - DAG(s) 'tutorial_objectstorage' retrieved from /home/airflow/.local/lib/python3.12/site-packages/airflow/example_dags/tutorial_objectstorage.py
[2026-03-06T22:36:56.750+0000] {logging_mixin.py:188} INFO - [2026-03-06T22:36:56.749+0000] {dag.py:3096} INFO - Sync 1 DAGs
[2026-03-06T22:36:56.770+0000] {logging_mixin.py:188} INFO - [2026-03-06T22:36:56.770+0000] {dag.py:3954} INFO - Setting next_dagrun for tutorial_objectstorage to None, run_after=None
[2026-03-06T22:36:56.798+0000] {processor.py:183} INFO - Processing /home/airflow/.local/lib/python3.12/site-packages/airflow/example_dags/tutorial_objectstorage.py took 0.098 seconds
[2026-03-06T22:37:27.115+0000] {processor.py:161} INFO - Started process (PID=767) to work on /home/airflow/.local/lib/python3.12/site-packages/airflow/example_dags/tutorial_objectstorage.py
[2026-03-06T22:37:27.116+0000] {processor.py:830} INFO - Processing file /home/airflow/.local/lib/python3.12/site-packages/airflow/example_dags/tutorial_objectstorage.py for tasks to queue
[2026-03-06T22:37:27.119+0000] {logging_mixin.py:188} INFO - [2026-03-06T22:37:27.118+0000] {dagbag.py:545} INFO - Filling up the DagBag from /home/airflow/.local/lib/python3.12/site-packages/airflow/example_dags/tutorial_objectstorage.py
[2026-03-06T22:37:27.128+0000] {processor.py:840} INFO - DAG(s) 'tutorial_objectstorage' retrieved from /home/airflow/.local/lib/python3.12/site-packages/airflow/example_dags/tutorial_objectstorage.py
[2026-03-06T22:37:27.154+0000] {logging_mixin.py:188} INFO - [2026-03-06T22:37:27.153+0000] {dag.py:3096} INFO - Sync 1 DAGs
[2026-03-06T22:37:27.172+0000] {logging_mixin.py:188} INFO - [2026-03-06T22:37:27.171+0000] {dag.py:3954} INFO - Setting next_dagrun for tutorial_objectstorage to None, run_after=None
[2026-03-06T22:37:27.194+0000] {processor.py:183} INFO - Processing /home/airflow/.local/lib/python3.12/site-packages/airflow/example_dags/tutorial_objectstorage.py took 0.086 seconds
[2026-03-06T22:37:57.357+0000] {processor.py:161} INFO - Started process (PID=825) to work on /home/airflow/.local/lib/python3.12/site-packages/airflow/example_dags/tutorial_objectstorage.py
[2026-03-06T22:37:57.358+0000] {processor.py:830} INFO - Processing file /home/airflow/.local/lib/python3.12/site-packages/airflow/example_dags/tutorial_objectstorage.py for tasks to queue
[2026-03-06T22:37:57.360+0000] {logging_mixin.py:188} INFO - [2026-03-06T22:37:57.360+0000] {dagbag.py:545} INFO - Filling up the DagBag from /home/airflow/.local/lib/python3.12/site-packages/airflow/example_dags/tutorial_objectstorage.py
[2026-03-06T22:37:57.369+0000] {processor.py:840} INFO - DAG(s) 'tutorial_objectstorage' retrieved from /home/airflow/.local/lib/python3.12/site-packages/airflow/example_dags/tutorial_objectstorage.py
[2026-03-06T22:37:57.391+0000] {logging_mixin.py:188} INFO - [2026-03-06T22:37:57.391+0000] {dag.py:3096} INFO - Sync 1 DAGs
[2026-03-06T22:37:57.407+0000] {logging_mixin.py:188} INFO - [2026-03-06T22:37:57.407+0000] {dag.py:3954} INFO - Setting next_dagrun for tutorial_objectstorage to None, run_after=None
[2026-03-06T22:37:57.434+0000] {processor.py:183} INFO - Processing /home/airflow/.local/lib/python3.12/site-packages/airflow/example_dags/tutorial_objectstorage.py took 0.084 seconds
[2026-03-06T22:38:27.949+0000] {processor.py:161} INFO - Started process (PID=883) to work on /home/airflow/.local/lib/python3.12/site-packages/airflow/example_dags/tutorial_objectstorage.py
[2026-03-06T22:38:27.950+0000] {processor.py:830} INFO - Processing file /home/airflow/.local/lib/python3.12/site-packages/airflow/example_dags/tutorial_objectstorage.py for tasks to queue
[2026-03-06T22:38:27.954+0000] {logging_mixin.py:188} INFO - [2026-03-06T22:38:27.953+0000] {dagbag.py:545} INFO - Filling up the DagBag from /home/airflow/.local/lib/python3.12/site-packages/airflow/example_dags/tutorial_objectstorage.py
[2026-03-06T22:38:27.964+0000] {processor.py:840} INFO - DAG(s) 'tutorial_objectstorage' retrieved from /home/airflow/.local/lib/python3.12/site-packages/airflow/example_dags/tutorial_objectstorage.py
[2026-03-06T22:38:27.990+0000] {logging_mixin.py:188} INFO - [2026-03-06T22:38:27.990+0000] {dag.py:3096} INFO - Sync 1 DAGs
[2026-03-06T22:38:28.008+0000] {logging_mixin.py:188} INFO - [2026-03-06T22:38:28.008+0000] {dag.py:3954} INFO - Setting next_dagrun for tutorial_objectstorage to None, run_after=None
[2026-03-06T22:38:28.037+0000] {processor.py:183} INFO - Processing /home/airflow/.local/lib/python3.12/site-packages/airflow/example_dags/tutorial_objectstorage.py took 0.096 seconds
[2026-03-06T22:38:58.308+0000] {processor.py:161} INFO - Started process (PID=941) to work on /home/airflow/.local/lib/python3.12/site-packages/airflow/example_dags/tutorial_objectstorage.py
[2026-03-06T22:38:58.309+0000] {processor.py:830} INFO - Processing file /home/airflow/.local/lib/python3.12/site-packages/airflow/example_dags/tutorial_objectstorage.py for tasks to queue
[2026-03-06T22:38:58.312+0000] {logging_mixin.py:188} INFO - [2026-03-06T22:38:58.311+0000] {dagbag.py:545} INFO - Filling up the DagBag from /home/airflow/.local/lib/python3.12/site-packages/airflow/example_dags/tutorial_objectstorage.py
[2026-03-06T22:38:58.320+0000] {processor.py:840} INFO - DAG(s) 'tutorial_objectstorage' retrieved from /home/airflow/.local/lib/python3.12/site-packages/airflow/example_dags/tutorial_objectstorage.py
[2026-03-06T22:38:58.344+0000] {logging_mixin.py:188} INFO - [2026-03-06T22:38:58.344+0000] {dag.py:3096} INFO - Sync 1 DAGs
[2026-03-06T22:38:58.360+0000] {logging_mixin.py:188} INFO - [2026-03-06T22:38:58.359+0000] {dag.py:3954} INFO - Setting next_dagrun for tutorial_objectstorage to None, run_after=None
[2026-03-06T22:38:58.387+0000] {processor.py:183} INFO - Processing /home/airflow/.local/lib/python3.12/site-packages/airflow/example_dags/tutorial_objectstorage.py took 0.086 seconds
[2026-03-06T22:39:28.742+0000] {processor.py:161} INFO - Started process (PID=999) to work on /home/airflow/.local/lib/python3.12/site-packages/airflow/example_dags/tutorial_objectstorage.py
[2026-03-06T22:39:28.743+0000] {processor.py:830} INFO - Processing file /home/airflow/.local/lib/python3.12/site-packages/airflow/example_dags/tutorial_objectstorage.py for tasks to queue
[2026-03-06T22:39:28.746+0000] {logging_mixin.py:188} INFO - [2026-03-06T22:39:28.745+0000] {dagbag.py:545} INFO - Filling up the DagBag from /home/airflow/.local/lib/python3.12/site-packages/airflow/example_dags/tutorial_objectstorage.py
[2026-03-06T22:39:28.755+0000] {processor.py:840} INFO - DAG(s) 'tutorial_objectstorage' retrieved from /home/airflow/.local/lib/python3.12/site-packages/airflow/example_dags/tutorial_objectstorage.py
[2026-03-06T22:39:28.778+0000] {logging_mixin.py:188} INFO - [2026-03-06T22:39:28.778+0000] {dag.py:3096} INFO - Sync 1 DAGs
[2026-03-06T22:39:28.794+0000] {logging_mixin.py:188} INFO - [2026-03-06T22:39:28.794+0000] {dag.py:3954} INFO - Setting next_dagrun for tutorial_objectstorage to None, run_after=None
[2026-03-06T22:39:28.823+0000] {processor.py:183} INFO - Processing /home/airflow/.local/lib/python3.12/site-packages/airflow/example_dags/tutorial_objectstorage.py took 0.088 seconds
[2026-03-06T22:39:59.743+0000] {processor.py:161} INFO - Started process (PID=1057) to work on /home/airflow/.local/lib/python3.12/site-packages/airflow/example_dags/tutorial_objectstorage.py
[2026-03-06T22:39:59.744+0000] {processor.py:830} INFO - Processing file /home/airflow/.local/lib/python3.12/site-packages/airflow/example_dags/tutorial_objectstorage.py for tasks to queue
[2026-03-06T22:39:59.747+0000] {logging_mixin.py:188} INFO - [2026-03-06T22:39:59.746+0000] {dagbag.py:545} INFO - Filling up the DagBag from /home/airflow/.local/lib/python3.12/site-packages/airflow/example_dags/tutorial_objectstorage.py
[2026-03-06T22:39:59.755+0000] {processor.py:840} INFO - DAG(s) 'tutorial_objectstorage' retrieved from /home/airflow/.local/lib/python3.12/site-packages/airflow/example_dags/tutorial_objectstorage.py
[2026-03-06T22:39:59.778+0000] {logging_mixin.py:188} INFO - [2026-03-06T22:39:59.778+0000] {dag.py:3096} INFO - Sync 1 DAGs
[2026-03-06T22:39:59.793+0000] {logging_mixin.py:188} INFO - [2026-03-06T22:39:59.793+0000] {dag.py:3954} INFO - Setting next_dagrun for tutorial_objectstorage to None, run_after=None
[2026-03-06T22:39:59.817+0000] {processor.py:183} INFO - Processing /home/airflow/.local/lib/python3.12/site-packages/airflow/example_dags/tutorial_objectstorage.py took 0.081 seconds
[2026-03-06T22:40:30.070+0000] {processor.py:161} INFO - Started process (PID=1115) to work on /home/airflow/.local/lib/python3.12/site-packages/airflow/example_dags/tutorial_objectstorage.py
[2026-03-06T22:40:30.072+0000] {processor.py:830} INFO - Processing file /home/airflow/.local/lib/python3.12/site-packages/airflow/example_dags/tutorial_objectstorage.py for tasks to queue
[2026-03-06T22:40:30.075+0000] {logging_mixin.py:188} INFO - [2026-03-06T22:40:30.074+0000] {dagbag.py:545} INFO - Filling up the DagBag from /home/airflow/.local/lib/python3.12/site-packages/airflow/example_dags/tutorial_objectstorage.py
[2026-03-06T22:40:30.086+0000] {processor.py:840} INFO - DAG(s) 'tutorial_objectstorage' retrieved from /home/airflow/.local/lib/python3.12/site-packages/airflow/example_dags/tutorial_objectstorage.py
[2026-03-06T22:40:30.109+0000] {logging_mixin.py:188} INFO - [2026-03-06T22:40:30.109+0000] {dag.py:3096} INFO - Sync 1 DAGs
[2026-03-06T22:40:30.126+0000] {logging_mixin.py:188} INFO - [2026-03-06T22:40:30.126+0000] {dag.py:3954} INFO - Setting next_dagrun for tutorial_objectstorage to None, run_after=None
[2026-03-06T22:40:30.152+0000] {processor.py:183} INFO - Processing /home/airflow/.local/lib/python3.12/site-packages/airflow/example_dags/tutorial_objectstorage.py took 0.090 seconds
[2026-03-06T22:41:00.333+0000] {processor.py:161} INFO - Started process (PID=1173) to work on /home/airflow/.local/lib/python3.12/site-packages/airflow/example_dags/tutorial_objectstorage.py
[2026-03-06T22:41:00.334+0000] {processor.py:830} INFO - Processing file /home/airflow/.local/lib/python3.12/site-packages/airflow/example_dags/tutorial_objectstorage.py for tasks to queue
[2026-03-06T22:41:00.337+0000] {logging_mixin.py:188} INFO - [2026-03-06T22:41:00.336+0000] {dagbag.py:545} INFO - Filling up the DagBag from /home/airflow/.local/lib/python3.12/site-packages/airflow/example_dags/tutorial_objectstorage.py
[2026-03-06T22:41:00.348+0000] {processor.py:840} INFO - DAG(s) 'tutorial_objectstorage' retrieved from /home/airflow/.local/lib/python3.12/site-packages/airflow/example_dags/tutorial_objectstorage.py
[2026-03-06T22:41:00.369+0000] {logging_mixin.py:188} INFO - [2026-03-06T22:41:00.369+0000] {dag.py:3096} INFO - Sync 1 DAGs
[2026-03-06T22:41:00.385+0000] {logging_mixin.py:188} INFO - [2026-03-06T22:41:00.385+0000] {dag.py:3954} INFO - Setting next_dagrun for tutorial_objectstorage to None, run_after=None
[2026-03-06T22:41:00.418+0000] {processor.py:183} INFO - Processing /home/airflow/.local/lib/python3.12/site-packages/airflow/example_dags/tutorial_objectstorage.py took 0.092 seconds
