[2026-03-09T19:04:47.839+0000] {processor.py:161} INFO - Started process (PID=95) to work on /home/airflow/.local/lib/python3.12/site-packages/airflow/example_dags/example_latest_only_with_trigger.py
[2026-03-09T19:04:47.841+0000] {processor.py:830} INFO - Processing file /home/airflow/.local/lib/python3.12/site-packages/airflow/example_dags/example_latest_only_with_trigger.py for tasks to queue
[2026-03-09T19:04:47.848+0000] {logging_mixin.py:188} INFO - [2026-03-09T19:04:47.847+0000] {dagbag.py:545} INFO - Filling up the DagBag from /home/airflow/.local/lib/python3.12/site-packages/airflow/example_dags/example_latest_only_with_trigger.py
[2026-03-09T19:04:47.857+0000] {processor.py:840} INFO - DAG(s) 'latest_only_with_trigger' retrieved from /home/airflow/.local/lib/python3.12/site-packages/airflow/example_dags/example_latest_only_with_trigger.py
[2026-03-09T19:04:47.898+0000] {logging_mixin.py:188} INFO - [2026-03-09T19:04:47.898+0000] {dag.py:3096} INFO - Sync 1 DAGs
[2026-03-09T19:04:47.929+0000] {logging_mixin.py:188} INFO - [2026-03-09T19:04:47.929+0000] {dag.py:3954} INFO - Setting next_dagrun for latest_only_with_trigger to 2026-03-09 12:00:00+00:00, run_after=2026-03-09 16:00:00+00:00
[2026-03-09T19:04:47.964+0000] {processor.py:183} INFO - Processing /home/airflow/.local/lib/python3.12/site-packages/airflow/example_dags/example_latest_only_with_trigger.py took 0.137 seconds
[2026-03-09T19:05:18.052+0000] {processor.py:161} INFO - Started process (PID=153) to work on /home/airflow/.local/lib/python3.12/site-packages/airflow/example_dags/example_latest_only_with_trigger.py
[2026-03-09T19:05:18.053+0000] {processor.py:830} INFO - Processing file /home/airflow/.local/lib/python3.12/site-packages/airflow/example_dags/example_latest_only_with_trigger.py for tasks to queue
[2026-03-09T19:05:18.056+0000] {logging_mixin.py:188} INFO - [2026-03-09T19:05:18.056+0000] {dagbag.py:545} INFO - Filling up the DagBag from /home/airflow/.local/lib/python3.12/site-packages/airflow/example_dags/example_latest_only_with_trigger.py
[2026-03-09T19:05:18.063+0000] {processor.py:840} INFO - DAG(s) 'latest_only_with_trigger' retrieved from /home/airflow/.local/lib/python3.12/site-packages/airflow/example_dags/example_latest_only_with_trigger.py
[2026-03-09T19:05:18.084+0000] {logging_mixin.py:188} INFO - [2026-03-09T19:05:18.083+0000] {dag.py:3096} INFO - Sync 1 DAGs
[2026-03-09T19:05:18.110+0000] {logging_mixin.py:188} INFO - [2026-03-09T19:05:18.110+0000] {dag.py:3954} INFO - Setting next_dagrun for latest_only_with_trigger to 2026-03-09 12:00:00+00:00, run_after=2026-03-09 16:00:00+00:00
[2026-03-09T19:05:18.132+0000] {processor.py:183} INFO - Processing /home/airflow/.local/lib/python3.12/site-packages/airflow/example_dags/example_latest_only_with_trigger.py took 0.086 seconds
[2026-03-09T19:05:48.664+0000] {processor.py:161} INFO - Started process (PID=211) to work on /home/airflow/.local/lib/python3.12/site-packages/airflow/example_dags/example_latest_only_with_trigger.py
[2026-03-09T19:05:48.666+0000] {processor.py:830} INFO - Processing file /home/airflow/.local/lib/python3.12/site-packages/airflow/example_dags/example_latest_only_with_trigger.py for tasks to queue
[2026-03-09T19:05:48.668+0000] {logging_mixin.py:188} INFO - [2026-03-09T19:05:48.668+0000] {dagbag.py:545} INFO - Filling up the DagBag from /home/airflow/.local/lib/python3.12/site-packages/airflow/example_dags/example_latest_only_with_trigger.py
[2026-03-09T19:05:48.676+0000] {processor.py:840} INFO - DAG(s) 'latest_only_with_trigger' retrieved from /home/airflow/.local/lib/python3.12/site-packages/airflow/example_dags/example_latest_only_with_trigger.py
[2026-03-09T19:05:48.709+0000] {logging_mixin.py:188} INFO - [2026-03-09T19:05:48.709+0000] {dag.py:3096} INFO - Sync 1 DAGs
[2026-03-09T19:05:48.737+0000] {logging_mixin.py:188} INFO - [2026-03-09T19:05:48.737+0000] {dag.py:3954} INFO - Setting next_dagrun for latest_only_with_trigger to 2026-03-09 12:00:00+00:00, run_after=2026-03-09 16:00:00+00:00
[2026-03-09T19:05:48.764+0000] {processor.py:183} INFO - Processing /home/airflow/.local/lib/python3.12/site-packages/airflow/example_dags/example_latest_only_with_trigger.py took 0.107 seconds
[2026-03-09T19:06:19.174+0000] {processor.py:161} INFO - Started process (PID=269) to work on /home/airflow/.local/lib/python3.12/site-packages/airflow/example_dags/example_latest_only_with_trigger.py
[2026-03-09T19:06:19.175+0000] {processor.py:830} INFO - Processing file /home/airflow/.local/lib/python3.12/site-packages/airflow/example_dags/example_latest_only_with_trigger.py for tasks to queue
[2026-03-09T19:06:19.179+0000] {logging_mixin.py:188} INFO - [2026-03-09T19:06:19.178+0000] {dagbag.py:545} INFO - Filling up the DagBag from /home/airflow/.local/lib/python3.12/site-packages/airflow/example_dags/example_latest_only_with_trigger.py
[2026-03-09T19:06:19.191+0000] {processor.py:840} INFO - DAG(s) 'latest_only_with_trigger' retrieved from /home/airflow/.local/lib/python3.12/site-packages/airflow/example_dags/example_latest_only_with_trigger.py
[2026-03-09T19:06:19.217+0000] {logging_mixin.py:188} INFO - [2026-03-09T19:06:19.217+0000] {dag.py:3096} INFO - Sync 1 DAGs
[2026-03-09T19:06:19.244+0000] {logging_mixin.py:188} INFO - [2026-03-09T19:06:19.244+0000] {dag.py:3954} INFO - Setting next_dagrun for latest_only_with_trigger to 2026-03-09 12:00:00+00:00, run_after=2026-03-09 16:00:00+00:00
[2026-03-09T19:06:19.267+0000] {processor.py:183} INFO - Processing /home/airflow/.local/lib/python3.12/site-packages/airflow/example_dags/example_latest_only_with_trigger.py took 0.103 seconds
[2026-03-09T19:07:23.971+0000] {processor.py:161} INFO - Started process (PID=93) to work on /home/airflow/.local/lib/python3.12/site-packages/airflow/example_dags/example_latest_only_with_trigger.py
[2026-03-09T19:07:23.972+0000] {processor.py:830} INFO - Processing file /home/airflow/.local/lib/python3.12/site-packages/airflow/example_dags/example_latest_only_with_trigger.py for tasks to queue
[2026-03-09T19:07:23.976+0000] {logging_mixin.py:188} INFO - [2026-03-09T19:07:23.976+0000] {dagbag.py:545} INFO - Filling up the DagBag from /home/airflow/.local/lib/python3.12/site-packages/airflow/example_dags/example_latest_only_with_trigger.py
[2026-03-09T19:07:23.984+0000] {processor.py:840} INFO - DAG(s) 'latest_only_with_trigger' retrieved from /home/airflow/.local/lib/python3.12/site-packages/airflow/example_dags/example_latest_only_with_trigger.py
[2026-03-09T19:07:23.999+0000] {logging_mixin.py:188} INFO - [2026-03-09T19:07:23.999+0000] {dag.py:3096} INFO - Sync 1 DAGs
[2026-03-09T19:07:24.032+0000] {logging_mixin.py:188} INFO - [2026-03-09T19:07:24.031+0000] {dag.py:3954} INFO - Setting next_dagrun for latest_only_with_trigger to 2026-03-09 12:00:00+00:00, run_after=2026-03-09 16:00:00+00:00
[2026-03-09T19:07:24.068+0000] {processor.py:183} INFO - Processing /home/airflow/.local/lib/python3.12/site-packages/airflow/example_dags/example_latest_only_with_trigger.py took 0.105 seconds
[2026-03-09T19:07:55.000+0000] {processor.py:161} INFO - Started process (PID=153) to work on /home/airflow/.local/lib/python3.12/site-packages/airflow/example_dags/example_latest_only_with_trigger.py
[2026-03-09T19:07:55.001+0000] {processor.py:830} INFO - Processing file /home/airflow/.local/lib/python3.12/site-packages/airflow/example_dags/example_latest_only_with_trigger.py for tasks to queue
[2026-03-09T19:07:55.004+0000] {logging_mixin.py:188} INFO - [2026-03-09T19:07:55.004+0000] {dagbag.py:545} INFO - Filling up the DagBag from /home/airflow/.local/lib/python3.12/site-packages/airflow/example_dags/example_latest_only_with_trigger.py
[2026-03-09T19:07:55.017+0000] {processor.py:840} INFO - DAG(s) 'latest_only_with_trigger' retrieved from /home/airflow/.local/lib/python3.12/site-packages/airflow/example_dags/example_latest_only_with_trigger.py
[2026-03-09T19:07:55.164+0000] {logging_mixin.py:188} INFO - [2026-03-09T19:07:55.164+0000] {dag.py:3096} INFO - Sync 1 DAGs
[2026-03-09T19:07:55.195+0000] {logging_mixin.py:188} INFO - [2026-03-09T19:07:55.195+0000] {dag.py:3954} INFO - Setting next_dagrun for latest_only_with_trigger to 2026-03-09 12:00:00+00:00, run_after=2026-03-09 16:00:00+00:00
[2026-03-09T19:07:55.227+0000] {processor.py:183} INFO - Processing /home/airflow/.local/lib/python3.12/site-packages/airflow/example_dags/example_latest_only_with_trigger.py took 0.235 seconds
[2026-03-09T19:08:25.865+0000] {processor.py:161} INFO - Started process (PID=213) to work on /home/airflow/.local/lib/python3.12/site-packages/airflow/example_dags/example_latest_only_with_trigger.py
[2026-03-09T19:08:25.867+0000] {processor.py:830} INFO - Processing file /home/airflow/.local/lib/python3.12/site-packages/airflow/example_dags/example_latest_only_with_trigger.py for tasks to queue
[2026-03-09T19:08:25.869+0000] {logging_mixin.py:188} INFO - [2026-03-09T19:08:25.869+0000] {dagbag.py:545} INFO - Filling up the DagBag from /home/airflow/.local/lib/python3.12/site-packages/airflow/example_dags/example_latest_only_with_trigger.py
[2026-03-09T19:08:25.875+0000] {processor.py:840} INFO - DAG(s) 'latest_only_with_trigger' retrieved from /home/airflow/.local/lib/python3.12/site-packages/airflow/example_dags/example_latest_only_with_trigger.py
[2026-03-09T19:08:25.897+0000] {logging_mixin.py:188} INFO - [2026-03-09T19:08:25.897+0000] {dag.py:3096} INFO - Sync 1 DAGs
[2026-03-09T19:08:25.922+0000] {logging_mixin.py:188} INFO - [2026-03-09T19:08:25.922+0000] {dag.py:3954} INFO - Setting next_dagrun for latest_only_with_trigger to 2026-03-09 12:00:00+00:00, run_after=2026-03-09 16:00:00+00:00
[2026-03-09T19:08:25.945+0000] {processor.py:183} INFO - Processing /home/airflow/.local/lib/python3.12/site-packages/airflow/example_dags/example_latest_only_with_trigger.py took 0.086 seconds
[2026-03-09T19:08:56.572+0000] {processor.py:161} INFO - Started process (PID=273) to work on /home/airflow/.local/lib/python3.12/site-packages/airflow/example_dags/example_latest_only_with_trigger.py
[2026-03-09T19:08:56.573+0000] {processor.py:830} INFO - Processing file /home/airflow/.local/lib/python3.12/site-packages/airflow/example_dags/example_latest_only_with_trigger.py for tasks to queue
[2026-03-09T19:08:56.576+0000] {logging_mixin.py:188} INFO - [2026-03-09T19:08:56.575+0000] {dagbag.py:545} INFO - Filling up the DagBag from /home/airflow/.local/lib/python3.12/site-packages/airflow/example_dags/example_latest_only_with_trigger.py
[2026-03-09T19:08:56.584+0000] {processor.py:840} INFO - DAG(s) 'latest_only_with_trigger' retrieved from /home/airflow/.local/lib/python3.12/site-packages/airflow/example_dags/example_latest_only_with_trigger.py
[2026-03-09T19:08:56.611+0000] {logging_mixin.py:188} INFO - [2026-03-09T19:08:56.611+0000] {dag.py:3096} INFO - Sync 1 DAGs
[2026-03-09T19:08:56.639+0000] {logging_mixin.py:188} INFO - [2026-03-09T19:08:56.639+0000] {dag.py:3954} INFO - Setting next_dagrun for latest_only_with_trigger to 2026-03-09 12:00:00+00:00, run_after=2026-03-09 16:00:00+00:00
[2026-03-09T19:08:56.664+0000] {processor.py:183} INFO - Processing /home/airflow/.local/lib/python3.12/site-packages/airflow/example_dags/example_latest_only_with_trigger.py took 0.099 seconds
[2026-03-09T19:09:27.410+0000] {processor.py:161} INFO - Started process (PID=333) to work on /home/airflow/.local/lib/python3.12/site-packages/airflow/example_dags/example_latest_only_with_trigger.py
[2026-03-09T19:09:27.411+0000] {processor.py:830} INFO - Processing file /home/airflow/.local/lib/python3.12/site-packages/airflow/example_dags/example_latest_only_with_trigger.py for tasks to queue
[2026-03-09T19:09:27.413+0000] {logging_mixin.py:188} INFO - [2026-03-09T19:09:27.413+0000] {dagbag.py:545} INFO - Filling up the DagBag from /home/airflow/.local/lib/python3.12/site-packages/airflow/example_dags/example_latest_only_with_trigger.py
[2026-03-09T19:09:27.420+0000] {processor.py:840} INFO - DAG(s) 'latest_only_with_trigger' retrieved from /home/airflow/.local/lib/python3.12/site-packages/airflow/example_dags/example_latest_only_with_trigger.py
[2026-03-09T19:09:27.447+0000] {logging_mixin.py:188} INFO - [2026-03-09T19:09:27.446+0000] {dag.py:3096} INFO - Sync 1 DAGs
[2026-03-09T19:09:27.477+0000] {logging_mixin.py:188} INFO - [2026-03-09T19:09:27.476+0000] {dag.py:3954} INFO - Setting next_dagrun for latest_only_with_trigger to 2026-03-09 12:00:00+00:00, run_after=2026-03-09 16:00:00+00:00
[2026-03-09T19:09:27.506+0000] {processor.py:183} INFO - Processing /home/airflow/.local/lib/python3.12/site-packages/airflow/example_dags/example_latest_only_with_trigger.py took 0.104 seconds
[2026-03-09T19:09:57.920+0000] {processor.py:161} INFO - Started process (PID=393) to work on /home/airflow/.local/lib/python3.12/site-packages/airflow/example_dags/example_latest_only_with_trigger.py
[2026-03-09T19:09:57.922+0000] {processor.py:830} INFO - Processing file /home/airflow/.local/lib/python3.12/site-packages/airflow/example_dags/example_latest_only_with_trigger.py for tasks to queue
[2026-03-09T19:09:57.925+0000] {logging_mixin.py:188} INFO - [2026-03-09T19:09:57.924+0000] {dagbag.py:545} INFO - Filling up the DagBag from /home/airflow/.local/lib/python3.12/site-packages/airflow/example_dags/example_latest_only_with_trigger.py
[2026-03-09T19:09:57.933+0000] {processor.py:840} INFO - DAG(s) 'latest_only_with_trigger' retrieved from /home/airflow/.local/lib/python3.12/site-packages/airflow/example_dags/example_latest_only_with_trigger.py
[2026-03-09T19:09:57.960+0000] {logging_mixin.py:188} INFO - [2026-03-09T19:09:57.958+0000] {dag.py:3096} INFO - Sync 1 DAGs
[2026-03-09T19:09:57.991+0000] {logging_mixin.py:188} INFO - [2026-03-09T19:09:57.990+0000] {dag.py:3954} INFO - Setting next_dagrun for latest_only_with_trigger to 2026-03-09 12:00:00+00:00, run_after=2026-03-09 16:00:00+00:00
[2026-03-09T19:09:58.016+0000] {processor.py:183} INFO - Processing /home/airflow/.local/lib/python3.12/site-packages/airflow/example_dags/example_latest_only_with_trigger.py took 0.103 seconds
[2026-03-09T19:10:28.425+0000] {processor.py:161} INFO - Started process (PID=453) to work on /home/airflow/.local/lib/python3.12/site-packages/airflow/example_dags/example_latest_only_with_trigger.py
[2026-03-09T19:10:28.426+0000] {processor.py:830} INFO - Processing file /home/airflow/.local/lib/python3.12/site-packages/airflow/example_dags/example_latest_only_with_trigger.py for tasks to queue
[2026-03-09T19:10:28.428+0000] {logging_mixin.py:188} INFO - [2026-03-09T19:10:28.428+0000] {dagbag.py:545} INFO - Filling up the DagBag from /home/airflow/.local/lib/python3.12/site-packages/airflow/example_dags/example_latest_only_with_trigger.py
[2026-03-09T19:10:28.435+0000] {processor.py:840} INFO - DAG(s) 'latest_only_with_trigger' retrieved from /home/airflow/.local/lib/python3.12/site-packages/airflow/example_dags/example_latest_only_with_trigger.py
[2026-03-09T19:10:28.456+0000] {logging_mixin.py:188} INFO - [2026-03-09T19:10:28.456+0000] {dag.py:3096} INFO - Sync 1 DAGs
[2026-03-09T19:10:28.482+0000] {logging_mixin.py:188} INFO - [2026-03-09T19:10:28.482+0000] {dag.py:3954} INFO - Setting next_dagrun for latest_only_with_trigger to 2026-03-09 12:00:00+00:00, run_after=2026-03-09 16:00:00+00:00
[2026-03-09T19:10:28.505+0000] {processor.py:183} INFO - Processing /home/airflow/.local/lib/python3.12/site-packages/airflow/example_dags/example_latest_only_with_trigger.py took 0.086 seconds
[2026-03-09T19:10:58.857+0000] {processor.py:161} INFO - Started process (PID=513) to work on /home/airflow/.local/lib/python3.12/site-packages/airflow/example_dags/example_latest_only_with_trigger.py
[2026-03-09T19:10:58.858+0000] {processor.py:830} INFO - Processing file /home/airflow/.local/lib/python3.12/site-packages/airflow/example_dags/example_latest_only_with_trigger.py for tasks to queue
[2026-03-09T19:10:58.860+0000] {logging_mixin.py:188} INFO - [2026-03-09T19:10:58.860+0000] {dagbag.py:545} INFO - Filling up the DagBag from /home/airflow/.local/lib/python3.12/site-packages/airflow/example_dags/example_latest_only_with_trigger.py
[2026-03-09T19:10:58.867+0000] {processor.py:840} INFO - DAG(s) 'latest_only_with_trigger' retrieved from /home/airflow/.local/lib/python3.12/site-packages/airflow/example_dags/example_latest_only_with_trigger.py
[2026-03-09T19:10:58.891+0000] {logging_mixin.py:188} INFO - [2026-03-09T19:10:58.890+0000] {dag.py:3096} INFO - Sync 1 DAGs
[2026-03-09T19:10:58.919+0000] {logging_mixin.py:188} INFO - [2026-03-09T19:10:58.919+0000] {dag.py:3954} INFO - Setting next_dagrun for latest_only_with_trigger to 2026-03-09 12:00:00+00:00, run_after=2026-03-09 16:00:00+00:00
[2026-03-09T19:10:58.943+0000] {processor.py:183} INFO - Processing /home/airflow/.local/lib/python3.12/site-packages/airflow/example_dags/example_latest_only_with_trigger.py took 0.093 seconds
[2026-03-09T19:11:29.205+0000] {processor.py:161} INFO - Started process (PID=573) to work on /home/airflow/.local/lib/python3.12/site-packages/airflow/example_dags/example_latest_only_with_trigger.py
[2026-03-09T19:11:29.207+0000] {processor.py:830} INFO - Processing file /home/airflow/.local/lib/python3.12/site-packages/airflow/example_dags/example_latest_only_with_trigger.py for tasks to queue
[2026-03-09T19:11:29.210+0000] {logging_mixin.py:188} INFO - [2026-03-09T19:11:29.209+0000] {dagbag.py:545} INFO - Filling up the DagBag from /home/airflow/.local/lib/python3.12/site-packages/airflow/example_dags/example_latest_only_with_trigger.py
[2026-03-09T19:11:29.217+0000] {processor.py:840} INFO - DAG(s) 'latest_only_with_trigger' retrieved from /home/airflow/.local/lib/python3.12/site-packages/airflow/example_dags/example_latest_only_with_trigger.py
[2026-03-09T19:11:29.240+0000] {logging_mixin.py:188} INFO - [2026-03-09T19:11:29.239+0000] {dag.py:3096} INFO - Sync 1 DAGs
[2026-03-09T19:11:29.268+0000] {logging_mixin.py:188} INFO - [2026-03-09T19:11:29.268+0000] {dag.py:3954} INFO - Setting next_dagrun for latest_only_with_trigger to 2026-03-09 12:00:00+00:00, run_after=2026-03-09 16:00:00+00:00
[2026-03-09T19:11:29.297+0000] {processor.py:183} INFO - Processing /home/airflow/.local/lib/python3.12/site-packages/airflow/example_dags/example_latest_only_with_trigger.py took 0.099 seconds
[2026-03-09T19:12:00.315+0000] {processor.py:161} INFO - Started process (PID=633) to work on /home/airflow/.local/lib/python3.12/site-packages/airflow/example_dags/example_latest_only_with_trigger.py
[2026-03-09T19:12:00.319+0000] {processor.py:830} INFO - Processing file /home/airflow/.local/lib/python3.12/site-packages/airflow/example_dags/example_latest_only_with_trigger.py for tasks to queue
[2026-03-09T19:12:00.321+0000] {logging_mixin.py:188} INFO - [2026-03-09T19:12:00.321+0000] {dagbag.py:545} INFO - Filling up the DagBag from /home/airflow/.local/lib/python3.12/site-packages/airflow/example_dags/example_latest_only_with_trigger.py
[2026-03-09T19:12:00.328+0000] {processor.py:840} INFO - DAG(s) 'latest_only_with_trigger' retrieved from /home/airflow/.local/lib/python3.12/site-packages/airflow/example_dags/example_latest_only_with_trigger.py
[2026-03-09T19:12:00.352+0000] {logging_mixin.py:188} INFO - [2026-03-09T19:12:00.351+0000] {dag.py:3096} INFO - Sync 1 DAGs
[2026-03-09T19:12:00.377+0000] {logging_mixin.py:188} INFO - [2026-03-09T19:12:00.377+0000] {dag.py:3954} INFO - Setting next_dagrun for latest_only_with_trigger to 2026-03-09 12:00:00+00:00, run_after=2026-03-09 16:00:00+00:00
[2026-03-09T19:12:00.407+0000] {processor.py:183} INFO - Processing /home/airflow/.local/lib/python3.12/site-packages/airflow/example_dags/example_latest_only_with_trigger.py took 0.098 seconds
[2026-03-09T19:12:30.946+0000] {processor.py:161} INFO - Started process (PID=693) to work on /home/airflow/.local/lib/python3.12/site-packages/airflow/example_dags/example_latest_only_with_trigger.py
[2026-03-09T19:12:30.951+0000] {processor.py:830} INFO - Processing file /home/airflow/.local/lib/python3.12/site-packages/airflow/example_dags/example_latest_only_with_trigger.py for tasks to queue
[2026-03-09T19:12:30.953+0000] {logging_mixin.py:188} INFO - [2026-03-09T19:12:30.952+0000] {dagbag.py:545} INFO - Filling up the DagBag from /home/airflow/.local/lib/python3.12/site-packages/airflow/example_dags/example_latest_only_with_trigger.py
[2026-03-09T19:12:30.961+0000] {processor.py:840} INFO - DAG(s) 'latest_only_with_trigger' retrieved from /home/airflow/.local/lib/python3.12/site-packages/airflow/example_dags/example_latest_only_with_trigger.py
[2026-03-09T19:12:30.987+0000] {logging_mixin.py:188} INFO - [2026-03-09T19:12:30.987+0000] {dag.py:3096} INFO - Sync 1 DAGs
[2026-03-09T19:12:31.016+0000] {logging_mixin.py:188} INFO - [2026-03-09T19:12:31.015+0000] {dag.py:3954} INFO - Setting next_dagrun for latest_only_with_trigger to 2026-03-09 12:00:00+00:00, run_after=2026-03-09 16:00:00+00:00
[2026-03-09T19:12:31.046+0000] {processor.py:183} INFO - Processing /home/airflow/.local/lib/python3.12/site-packages/airflow/example_dags/example_latest_only_with_trigger.py took 0.106 seconds
[2026-03-09T19:13:01.565+0000] {processor.py:161} INFO - Started process (PID=752) to work on /home/airflow/.local/lib/python3.12/site-packages/airflow/example_dags/example_latest_only_with_trigger.py
[2026-03-09T19:13:01.566+0000] {processor.py:830} INFO - Processing file /home/airflow/.local/lib/python3.12/site-packages/airflow/example_dags/example_latest_only_with_trigger.py for tasks to queue
[2026-03-09T19:13:01.568+0000] {logging_mixin.py:188} INFO - [2026-03-09T19:13:01.568+0000] {dagbag.py:545} INFO - Filling up the DagBag from /home/airflow/.local/lib/python3.12/site-packages/airflow/example_dags/example_latest_only_with_trigger.py
[2026-03-09T19:13:01.575+0000] {processor.py:840} INFO - DAG(s) 'latest_only_with_trigger' retrieved from /home/airflow/.local/lib/python3.12/site-packages/airflow/example_dags/example_latest_only_with_trigger.py
[2026-03-09T19:13:01.600+0000] {logging_mixin.py:188} INFO - [2026-03-09T19:13:01.600+0000] {dag.py:3096} INFO - Sync 1 DAGs
[2026-03-09T19:13:01.626+0000] {logging_mixin.py:188} INFO - [2026-03-09T19:13:01.626+0000] {dag.py:3954} INFO - Setting next_dagrun for latest_only_with_trigger to 2026-03-09 12:00:00+00:00, run_after=2026-03-09 16:00:00+00:00
[2026-03-09T19:13:01.654+0000] {processor.py:183} INFO - Processing /home/airflow/.local/lib/python3.12/site-packages/airflow/example_dags/example_latest_only_with_trigger.py took 0.095 seconds
[2026-03-09T19:13:32.396+0000] {processor.py:161} INFO - Started process (PID=812) to work on /home/airflow/.local/lib/python3.12/site-packages/airflow/example_dags/example_latest_only_with_trigger.py
[2026-03-09T19:13:32.397+0000] {processor.py:830} INFO - Processing file /home/airflow/.local/lib/python3.12/site-packages/airflow/example_dags/example_latest_only_with_trigger.py for tasks to queue
[2026-03-09T19:13:32.400+0000] {logging_mixin.py:188} INFO - [2026-03-09T19:13:32.399+0000] {dagbag.py:545} INFO - Filling up the DagBag from /home/airflow/.local/lib/python3.12/site-packages/airflow/example_dags/example_latest_only_with_trigger.py
[2026-03-09T19:13:32.409+0000] {processor.py:840} INFO - DAG(s) 'latest_only_with_trigger' retrieved from /home/airflow/.local/lib/python3.12/site-packages/airflow/example_dags/example_latest_only_with_trigger.py
[2026-03-09T19:13:32.446+0000] {logging_mixin.py:188} INFO - [2026-03-09T19:13:32.446+0000] {dag.py:3096} INFO - Sync 1 DAGs
[2026-03-09T19:13:32.475+0000] {logging_mixin.py:188} INFO - [2026-03-09T19:13:32.474+0000] {dag.py:3954} INFO - Setting next_dagrun for latest_only_with_trigger to 2026-03-09 12:00:00+00:00, run_after=2026-03-09 16:00:00+00:00
[2026-03-09T19:13:32.501+0000] {processor.py:183} INFO - Processing /home/airflow/.local/lib/python3.12/site-packages/airflow/example_dags/example_latest_only_with_trigger.py took 0.114 seconds
[2026-03-09T19:14:02.850+0000] {processor.py:161} INFO - Started process (PID=872) to work on /home/airflow/.local/lib/python3.12/site-packages/airflow/example_dags/example_latest_only_with_trigger.py
[2026-03-09T19:14:02.851+0000] {processor.py:830} INFO - Processing file /home/airflow/.local/lib/python3.12/site-packages/airflow/example_dags/example_latest_only_with_trigger.py for tasks to queue
[2026-03-09T19:14:02.854+0000] {logging_mixin.py:188} INFO - [2026-03-09T19:14:02.853+0000] {dagbag.py:545} INFO - Filling up the DagBag from /home/airflow/.local/lib/python3.12/site-packages/airflow/example_dags/example_latest_only_with_trigger.py
[2026-03-09T19:14:02.862+0000] {processor.py:840} INFO - DAG(s) 'latest_only_with_trigger' retrieved from /home/airflow/.local/lib/python3.12/site-packages/airflow/example_dags/example_latest_only_with_trigger.py
[2026-03-09T19:14:02.888+0000] {logging_mixin.py:188} INFO - [2026-03-09T19:14:02.888+0000] {dag.py:3096} INFO - Sync 1 DAGs
[2026-03-09T19:14:02.920+0000] {logging_mixin.py:188} INFO - [2026-03-09T19:14:02.919+0000] {dag.py:3954} INFO - Setting next_dagrun for latest_only_with_trigger to 2026-03-09 12:00:00+00:00, run_after=2026-03-09 16:00:00+00:00
[2026-03-09T19:14:02.958+0000] {processor.py:183} INFO - Processing /home/airflow/.local/lib/python3.12/site-packages/airflow/example_dags/example_latest_only_with_trigger.py took 0.116 seconds
[2026-03-09T19:14:33.342+0000] {processor.py:161} INFO - Started process (PID=932) to work on /home/airflow/.local/lib/python3.12/site-packages/airflow/example_dags/example_latest_only_with_trigger.py
[2026-03-09T19:14:33.343+0000] {processor.py:830} INFO - Processing file /home/airflow/.local/lib/python3.12/site-packages/airflow/example_dags/example_latest_only_with_trigger.py for tasks to queue
[2026-03-09T19:14:33.345+0000] {logging_mixin.py:188} INFO - [2026-03-09T19:14:33.345+0000] {dagbag.py:545} INFO - Filling up the DagBag from /home/airflow/.local/lib/python3.12/site-packages/airflow/example_dags/example_latest_only_with_trigger.py
[2026-03-09T19:14:33.352+0000] {processor.py:840} INFO - DAG(s) 'latest_only_with_trigger' retrieved from /home/airflow/.local/lib/python3.12/site-packages/airflow/example_dags/example_latest_only_with_trigger.py
[2026-03-09T19:14:33.384+0000] {logging_mixin.py:188} INFO - [2026-03-09T19:14:33.383+0000] {dag.py:3096} INFO - Sync 1 DAGs
[2026-03-09T19:14:33.417+0000] {logging_mixin.py:188} INFO - [2026-03-09T19:14:33.417+0000] {dag.py:3954} INFO - Setting next_dagrun for latest_only_with_trigger to 2026-03-09 12:00:00+00:00, run_after=2026-03-09 16:00:00+00:00
[2026-03-09T19:14:33.444+0000] {processor.py:183} INFO - Processing /home/airflow/.local/lib/python3.12/site-packages/airflow/example_dags/example_latest_only_with_trigger.py took 0.110 seconds
[2026-03-09T19:15:03.703+0000] {processor.py:161} INFO - Started process (PID=992) to work on /home/airflow/.local/lib/python3.12/site-packages/airflow/example_dags/example_latest_only_with_trigger.py
[2026-03-09T19:15:03.704+0000] {processor.py:830} INFO - Processing file /home/airflow/.local/lib/python3.12/site-packages/airflow/example_dags/example_latest_only_with_trigger.py for tasks to queue
[2026-03-09T19:15:03.707+0000] {logging_mixin.py:188} INFO - [2026-03-09T19:15:03.707+0000] {dagbag.py:545} INFO - Filling up the DagBag from /home/airflow/.local/lib/python3.12/site-packages/airflow/example_dags/example_latest_only_with_trigger.py
[2026-03-09T19:15:03.714+0000] {processor.py:840} INFO - DAG(s) 'latest_only_with_trigger' retrieved from /home/airflow/.local/lib/python3.12/site-packages/airflow/example_dags/example_latest_only_with_trigger.py
[2026-03-09T19:15:03.741+0000] {logging_mixin.py:188} INFO - [2026-03-09T19:15:03.741+0000] {dag.py:3096} INFO - Sync 1 DAGs
[2026-03-09T19:15:03.771+0000] {logging_mixin.py:188} INFO - [2026-03-09T19:15:03.770+0000] {dag.py:3954} INFO - Setting next_dagrun for latest_only_with_trigger to 2026-03-09 12:00:00+00:00, run_after=2026-03-09 16:00:00+00:00
[2026-03-09T19:15:03.804+0000] {processor.py:183} INFO - Processing /home/airflow/.local/lib/python3.12/site-packages/airflow/example_dags/example_latest_only_with_trigger.py took 0.108 seconds
