[2026-03-09T19:04:44.646+0000] {processor.py:161} INFO - Started process (PID=63) to work on /home/airflow/.local/lib/python3.12/site-packages/airflow/example_dags/example_skip_dag.py
[2026-03-09T19:04:44.651+0000] {processor.py:830} INFO - Processing file /home/airflow/.local/lib/python3.12/site-packages/airflow/example_dags/example_skip_dag.py for tasks to queue
[2026-03-09T19:04:44.657+0000] {logging_mixin.py:188} INFO - [2026-03-09T19:04:44.656+0000] {dagbag.py:545} INFO - Filling up the DagBag from /home/airflow/.local/lib/python3.12/site-packages/airflow/example_dags/example_skip_dag.py
[2026-03-09T19:04:44.683+0000] {processor.py:840} INFO - DAG(s) 'example_skip_dag' retrieved from /home/airflow/.local/lib/python3.12/site-packages/airflow/example_dags/example_skip_dag.py
[2026-03-09T19:04:44.761+0000] {logging_mixin.py:188} INFO - [2026-03-09T19:04:44.761+0000] {dag.py:3096} INFO - Sync 1 DAGs
[2026-03-09T19:04:44.804+0000] {logging_mixin.py:188} INFO - [2026-03-09T19:04:44.803+0000] {dag.py:3954} INFO - Setting next_dagrun for example_skip_dag to 2026-03-08 00:00:00+00:00, run_after=2026-03-09 00:00:00+00:00
[2026-03-09T19:04:44.847+0000] {processor.py:183} INFO - Processing /home/airflow/.local/lib/python3.12/site-packages/airflow/example_dags/example_skip_dag.py took 0.221 seconds
[2026-03-09T19:05:15.134+0000] {processor.py:161} INFO - Started process (PID=121) to work on /home/airflow/.local/lib/python3.12/site-packages/airflow/example_dags/example_skip_dag.py
[2026-03-09T19:05:15.135+0000] {processor.py:830} INFO - Processing file /home/airflow/.local/lib/python3.12/site-packages/airflow/example_dags/example_skip_dag.py for tasks to queue
[2026-03-09T19:05:15.137+0000] {logging_mixin.py:188} INFO - [2026-03-09T19:05:15.137+0000] {dagbag.py:545} INFO - Filling up the DagBag from /home/airflow/.local/lib/python3.12/site-packages/airflow/example_dags/example_skip_dag.py
[2026-03-09T19:05:15.145+0000] {processor.py:840} INFO - DAG(s) 'example_skip_dag' retrieved from /home/airflow/.local/lib/python3.12/site-packages/airflow/example_dags/example_skip_dag.py
[2026-03-09T19:05:15.174+0000] {logging_mixin.py:188} INFO - [2026-03-09T19:05:15.173+0000] {dag.py:3096} INFO - Sync 1 DAGs
[2026-03-09T19:05:15.206+0000] {logging_mixin.py:188} INFO - [2026-03-09T19:05:15.206+0000] {dag.py:3954} INFO - Setting next_dagrun for example_skip_dag to 2026-03-08 00:00:00+00:00, run_after=2026-03-09 00:00:00+00:00
[2026-03-09T19:05:15.231+0000] {processor.py:183} INFO - Processing /home/airflow/.local/lib/python3.12/site-packages/airflow/example_dags/example_skip_dag.py took 0.105 seconds
[2026-03-09T19:05:45.442+0000] {processor.py:161} INFO - Started process (PID=179) to work on /home/airflow/.local/lib/python3.12/site-packages/airflow/example_dags/example_skip_dag.py
[2026-03-09T19:05:45.444+0000] {processor.py:830} INFO - Processing file /home/airflow/.local/lib/python3.12/site-packages/airflow/example_dags/example_skip_dag.py for tasks to queue
[2026-03-09T19:05:45.447+0000] {logging_mixin.py:188} INFO - [2026-03-09T19:05:45.446+0000] {dagbag.py:545} INFO - Filling up the DagBag from /home/airflow/.local/lib/python3.12/site-packages/airflow/example_dags/example_skip_dag.py
[2026-03-09T19:05:45.457+0000] {processor.py:840} INFO - DAG(s) 'example_skip_dag' retrieved from /home/airflow/.local/lib/python3.12/site-packages/airflow/example_dags/example_skip_dag.py
[2026-03-09T19:05:45.494+0000] {logging_mixin.py:188} INFO - [2026-03-09T19:05:45.493+0000] {dag.py:3096} INFO - Sync 1 DAGs
[2026-03-09T19:05:45.525+0000] {logging_mixin.py:188} INFO - [2026-03-09T19:05:45.524+0000] {dag.py:3954} INFO - Setting next_dagrun for example_skip_dag to 2026-03-08 00:00:00+00:00, run_after=2026-03-09 00:00:00+00:00
[2026-03-09T19:05:45.552+0000] {processor.py:183} INFO - Processing /home/airflow/.local/lib/python3.12/site-packages/airflow/example_dags/example_skip_dag.py took 0.119 seconds
[2026-03-09T19:06:15.785+0000] {processor.py:161} INFO - Started process (PID=237) to work on /home/airflow/.local/lib/python3.12/site-packages/airflow/example_dags/example_skip_dag.py
[2026-03-09T19:06:15.786+0000] {processor.py:830} INFO - Processing file /home/airflow/.local/lib/python3.12/site-packages/airflow/example_dags/example_skip_dag.py for tasks to queue
[2026-03-09T19:06:15.795+0000] {logging_mixin.py:188} INFO - [2026-03-09T19:06:15.795+0000] {dagbag.py:545} INFO - Filling up the DagBag from /home/airflow/.local/lib/python3.12/site-packages/airflow/example_dags/example_skip_dag.py
[2026-03-09T19:06:15.809+0000] {processor.py:840} INFO - DAG(s) 'example_skip_dag' retrieved from /home/airflow/.local/lib/python3.12/site-packages/airflow/example_dags/example_skip_dag.py
[2026-03-09T19:06:15.867+0000] {logging_mixin.py:188} INFO - [2026-03-09T19:06:15.866+0000] {dag.py:3096} INFO - Sync 1 DAGs
[2026-03-09T19:06:15.916+0000] {logging_mixin.py:188} INFO - [2026-03-09T19:06:15.916+0000] {dag.py:3954} INFO - Setting next_dagrun for example_skip_dag to 2026-03-08 00:00:00+00:00, run_after=2026-03-09 00:00:00+00:00
[2026-03-09T19:06:15.957+0000] {processor.py:183} INFO - Processing /home/airflow/.local/lib/python3.12/site-packages/airflow/example_dags/example_skip_dag.py took 0.185 seconds
[2026-03-09T19:07:20.702+0000] {processor.py:161} INFO - Started process (PID=67) to work on /home/airflow/.local/lib/python3.12/site-packages/airflow/example_dags/example_skip_dag.py
[2026-03-09T19:07:20.704+0000] {processor.py:830} INFO - Processing file /home/airflow/.local/lib/python3.12/site-packages/airflow/example_dags/example_skip_dag.py for tasks to queue
[2026-03-09T19:07:20.718+0000] {logging_mixin.py:188} INFO - [2026-03-09T19:07:20.714+0000] {dagbag.py:545} INFO - Filling up the DagBag from /home/airflow/.local/lib/python3.12/site-packages/airflow/example_dags/example_skip_dag.py
[2026-03-09T19:07:20.743+0000] {processor.py:840} INFO - DAG(s) 'example_skip_dag' retrieved from /home/airflow/.local/lib/python3.12/site-packages/airflow/example_dags/example_skip_dag.py
[2026-03-09T19:07:20.789+0000] {logging_mixin.py:188} INFO - [2026-03-09T19:07:20.788+0000] {dag.py:3096} INFO - Sync 1 DAGs
[2026-03-09T19:07:20.873+0000] {logging_mixin.py:188} INFO - [2026-03-09T19:07:20.873+0000] {dag.py:3954} INFO - Setting next_dagrun for example_skip_dag to 2026-03-08 00:00:00+00:00, run_after=2026-03-09 00:00:00+00:00
[2026-03-09T19:07:20.957+0000] {processor.py:183} INFO - Processing /home/airflow/.local/lib/python3.12/site-packages/airflow/example_dags/example_skip_dag.py took 0.268 seconds
[2026-03-09T19:07:51.609+0000] {processor.py:161} INFO - Started process (PID=127) to work on /home/airflow/.local/lib/python3.12/site-packages/airflow/example_dags/example_skip_dag.py
[2026-03-09T19:07:51.610+0000] {processor.py:830} INFO - Processing file /home/airflow/.local/lib/python3.12/site-packages/airflow/example_dags/example_skip_dag.py for tasks to queue
[2026-03-09T19:07:51.613+0000] {logging_mixin.py:188} INFO - [2026-03-09T19:07:51.612+0000] {dagbag.py:545} INFO - Filling up the DagBag from /home/airflow/.local/lib/python3.12/site-packages/airflow/example_dags/example_skip_dag.py
[2026-03-09T19:07:51.621+0000] {processor.py:840} INFO - DAG(s) 'example_skip_dag' retrieved from /home/airflow/.local/lib/python3.12/site-packages/airflow/example_dags/example_skip_dag.py
[2026-03-09T19:07:51.745+0000] {logging_mixin.py:188} INFO - [2026-03-09T19:07:51.744+0000] {dag.py:3096} INFO - Sync 1 DAGs
[2026-03-09T19:07:51.773+0000] {logging_mixin.py:188} INFO - [2026-03-09T19:07:51.773+0000] {dag.py:3954} INFO - Setting next_dagrun for example_skip_dag to 2026-03-08 00:00:00+00:00, run_after=2026-03-09 00:00:00+00:00
[2026-03-09T19:07:51.805+0000] {processor.py:183} INFO - Processing /home/airflow/.local/lib/python3.12/site-packages/airflow/example_dags/example_skip_dag.py took 0.203 seconds
[2026-03-09T19:08:21.939+0000] {processor.py:161} INFO - Started process (PID=187) to work on /home/airflow/.local/lib/python3.12/site-packages/airflow/example_dags/example_skip_dag.py
[2026-03-09T19:08:21.940+0000] {processor.py:830} INFO - Processing file /home/airflow/.local/lib/python3.12/site-packages/airflow/example_dags/example_skip_dag.py for tasks to queue
[2026-03-09T19:08:21.944+0000] {logging_mixin.py:188} INFO - [2026-03-09T19:08:21.943+0000] {dagbag.py:545} INFO - Filling up the DagBag from /home/airflow/.local/lib/python3.12/site-packages/airflow/example_dags/example_skip_dag.py
[2026-03-09T19:08:21.953+0000] {processor.py:840} INFO - DAG(s) 'example_skip_dag' retrieved from /home/airflow/.local/lib/python3.12/site-packages/airflow/example_dags/example_skip_dag.py
[2026-03-09T19:08:21.984+0000] {logging_mixin.py:188} INFO - [2026-03-09T19:08:21.984+0000] {dag.py:3096} INFO - Sync 1 DAGs
[2026-03-09T19:08:22.021+0000] {logging_mixin.py:188} INFO - [2026-03-09T19:08:22.021+0000] {dag.py:3954} INFO - Setting next_dagrun for example_skip_dag to 2026-03-08 00:00:00+00:00, run_after=2026-03-09 00:00:00+00:00
[2026-03-09T19:08:22.056+0000] {processor.py:183} INFO - Processing /home/airflow/.local/lib/python3.12/site-packages/airflow/example_dags/example_skip_dag.py took 0.123 seconds
[2026-03-09T19:08:52.782+0000] {processor.py:161} INFO - Started process (PID=247) to work on /home/airflow/.local/lib/python3.12/site-packages/airflow/example_dags/example_skip_dag.py
[2026-03-09T19:08:52.783+0000] {processor.py:830} INFO - Processing file /home/airflow/.local/lib/python3.12/site-packages/airflow/example_dags/example_skip_dag.py for tasks to queue
[2026-03-09T19:08:52.786+0000] {logging_mixin.py:188} INFO - [2026-03-09T19:08:52.785+0000] {dagbag.py:545} INFO - Filling up the DagBag from /home/airflow/.local/lib/python3.12/site-packages/airflow/example_dags/example_skip_dag.py
[2026-03-09T19:08:52.796+0000] {processor.py:840} INFO - DAG(s) 'example_skip_dag' retrieved from /home/airflow/.local/lib/python3.12/site-packages/airflow/example_dags/example_skip_dag.py
[2026-03-09T19:08:52.826+0000] {logging_mixin.py:188} INFO - [2026-03-09T19:08:52.826+0000] {dag.py:3096} INFO - Sync 1 DAGs
[2026-03-09T19:08:52.852+0000] {logging_mixin.py:188} INFO - [2026-03-09T19:08:52.852+0000] {dag.py:3954} INFO - Setting next_dagrun for example_skip_dag to 2026-03-08 00:00:00+00:00, run_after=2026-03-09 00:00:00+00:00
[2026-03-09T19:08:52.875+0000] {processor.py:183} INFO - Processing /home/airflow/.local/lib/python3.12/site-packages/airflow/example_dags/example_skip_dag.py took 0.100 seconds
[2026-03-09T19:09:23.479+0000] {processor.py:161} INFO - Started process (PID=307) to work on /home/airflow/.local/lib/python3.12/site-packages/airflow/example_dags/example_skip_dag.py
[2026-03-09T19:09:23.480+0000] {processor.py:830} INFO - Processing file /home/airflow/.local/lib/python3.12/site-packages/airflow/example_dags/example_skip_dag.py for tasks to queue
[2026-03-09T19:09:23.483+0000] {logging_mixin.py:188} INFO - [2026-03-09T19:09:23.482+0000] {dagbag.py:545} INFO - Filling up the DagBag from /home/airflow/.local/lib/python3.12/site-packages/airflow/example_dags/example_skip_dag.py
[2026-03-09T19:09:23.492+0000] {processor.py:840} INFO - DAG(s) 'example_skip_dag' retrieved from /home/airflow/.local/lib/python3.12/site-packages/airflow/example_dags/example_skip_dag.py
[2026-03-09T19:09:23.522+0000] {logging_mixin.py:188} INFO - [2026-03-09T19:09:23.521+0000] {dag.py:3096} INFO - Sync 1 DAGs
[2026-03-09T19:09:23.557+0000] {logging_mixin.py:188} INFO - [2026-03-09T19:09:23.557+0000] {dag.py:3954} INFO - Setting next_dagrun for example_skip_dag to 2026-03-08 00:00:00+00:00, run_after=2026-03-09 00:00:00+00:00
[2026-03-09T19:09:23.580+0000] {processor.py:183} INFO - Processing /home/airflow/.local/lib/python3.12/site-packages/airflow/example_dags/example_skip_dag.py took 0.108 seconds
[2026-03-09T19:09:54.046+0000] {processor.py:161} INFO - Started process (PID=367) to work on /home/airflow/.local/lib/python3.12/site-packages/airflow/example_dags/example_skip_dag.py
[2026-03-09T19:09:54.048+0000] {processor.py:830} INFO - Processing file /home/airflow/.local/lib/python3.12/site-packages/airflow/example_dags/example_skip_dag.py for tasks to queue
[2026-03-09T19:09:54.051+0000] {logging_mixin.py:188} INFO - [2026-03-09T19:09:54.050+0000] {dagbag.py:545} INFO - Filling up the DagBag from /home/airflow/.local/lib/python3.12/site-packages/airflow/example_dags/example_skip_dag.py
[2026-03-09T19:09:54.060+0000] {processor.py:840} INFO - DAG(s) 'example_skip_dag' retrieved from /home/airflow/.local/lib/python3.12/site-packages/airflow/example_dags/example_skip_dag.py
[2026-03-09T19:09:54.084+0000] {logging_mixin.py:188} INFO - [2026-03-09T19:09:54.083+0000] {dag.py:3096} INFO - Sync 1 DAGs
[2026-03-09T19:09:54.111+0000] {logging_mixin.py:188} INFO - [2026-03-09T19:09:54.111+0000] {dag.py:3954} INFO - Setting next_dagrun for example_skip_dag to 2026-03-08 00:00:00+00:00, run_after=2026-03-09 00:00:00+00:00
[2026-03-09T19:09:54.142+0000] {processor.py:183} INFO - Processing /home/airflow/.local/lib/python3.12/site-packages/airflow/example_dags/example_skip_dag.py took 0.103 seconds
[2026-03-09T19:10:24.386+0000] {processor.py:161} INFO - Started process (PID=427) to work on /home/airflow/.local/lib/python3.12/site-packages/airflow/example_dags/example_skip_dag.py
[2026-03-09T19:10:24.388+0000] {processor.py:830} INFO - Processing file /home/airflow/.local/lib/python3.12/site-packages/airflow/example_dags/example_skip_dag.py for tasks to queue
[2026-03-09T19:10:24.392+0000] {logging_mixin.py:188} INFO - [2026-03-09T19:10:24.392+0000] {dagbag.py:545} INFO - Filling up the DagBag from /home/airflow/.local/lib/python3.12/site-packages/airflow/example_dags/example_skip_dag.py
[2026-03-09T19:10:24.403+0000] {processor.py:840} INFO - DAG(s) 'example_skip_dag' retrieved from /home/airflow/.local/lib/python3.12/site-packages/airflow/example_dags/example_skip_dag.py
[2026-03-09T19:10:24.435+0000] {logging_mixin.py:188} INFO - [2026-03-09T19:10:24.434+0000] {dag.py:3096} INFO - Sync 1 DAGs
[2026-03-09T19:10:24.468+0000] {logging_mixin.py:188} INFO - [2026-03-09T19:10:24.468+0000] {dag.py:3954} INFO - Setting next_dagrun for example_skip_dag to 2026-03-08 00:00:00+00:00, run_after=2026-03-09 00:00:00+00:00
[2026-03-09T19:10:24.502+0000] {processor.py:183} INFO - Processing /home/airflow/.local/lib/python3.12/site-packages/airflow/example_dags/example_skip_dag.py took 0.127 seconds
[2026-03-09T19:10:54.828+0000] {processor.py:161} INFO - Started process (PID=487) to work on /home/airflow/.local/lib/python3.12/site-packages/airflow/example_dags/example_skip_dag.py
[2026-03-09T19:10:54.829+0000] {processor.py:830} INFO - Processing file /home/airflow/.local/lib/python3.12/site-packages/airflow/example_dags/example_skip_dag.py for tasks to queue
[2026-03-09T19:10:54.832+0000] {logging_mixin.py:188} INFO - [2026-03-09T19:10:54.831+0000] {dagbag.py:545} INFO - Filling up the DagBag from /home/airflow/.local/lib/python3.12/site-packages/airflow/example_dags/example_skip_dag.py
[2026-03-09T19:10:54.840+0000] {processor.py:840} INFO - DAG(s) 'example_skip_dag' retrieved from /home/airflow/.local/lib/python3.12/site-packages/airflow/example_dags/example_skip_dag.py
[2026-03-09T19:10:54.871+0000] {logging_mixin.py:188} INFO - [2026-03-09T19:10:54.871+0000] {dag.py:3096} INFO - Sync 1 DAGs
[2026-03-09T19:10:54.897+0000] {logging_mixin.py:188} INFO - [2026-03-09T19:10:54.897+0000] {dag.py:3954} INFO - Setting next_dagrun for example_skip_dag to 2026-03-08 00:00:00+00:00, run_after=2026-03-09 00:00:00+00:00
[2026-03-09T19:10:54.922+0000] {processor.py:183} INFO - Processing /home/airflow/.local/lib/python3.12/site-packages/airflow/example_dags/example_skip_dag.py took 0.101 seconds
[2026-03-09T19:11:25.034+0000] {processor.py:161} INFO - Started process (PID=545) to work on /home/airflow/.local/lib/python3.12/site-packages/airflow/example_dags/example_skip_dag.py
[2026-03-09T19:11:25.036+0000] {processor.py:830} INFO - Processing file /home/airflow/.local/lib/python3.12/site-packages/airflow/example_dags/example_skip_dag.py for tasks to queue
[2026-03-09T19:11:25.039+0000] {logging_mixin.py:188} INFO - [2026-03-09T19:11:25.038+0000] {dagbag.py:545} INFO - Filling up the DagBag from /home/airflow/.local/lib/python3.12/site-packages/airflow/example_dags/example_skip_dag.py
[2026-03-09T19:11:25.048+0000] {processor.py:840} INFO - DAG(s) 'example_skip_dag' retrieved from /home/airflow/.local/lib/python3.12/site-packages/airflow/example_dags/example_skip_dag.py
[2026-03-09T19:11:25.079+0000] {logging_mixin.py:188} INFO - [2026-03-09T19:11:25.078+0000] {dag.py:3096} INFO - Sync 1 DAGs
[2026-03-09T19:11:25.107+0000] {logging_mixin.py:188} INFO - [2026-03-09T19:11:25.107+0000] {dag.py:3954} INFO - Setting next_dagrun for example_skip_dag to 2026-03-08 00:00:00+00:00, run_after=2026-03-09 00:00:00+00:00
[2026-03-09T19:11:25.130+0000] {processor.py:183} INFO - Processing /home/airflow/.local/lib/python3.12/site-packages/airflow/example_dags/example_skip_dag.py took 0.105 seconds
[2026-03-09T19:11:55.332+0000] {processor.py:161} INFO - Started process (PID=605) to work on /home/airflow/.local/lib/python3.12/site-packages/airflow/example_dags/example_skip_dag.py
[2026-03-09T19:11:55.333+0000] {processor.py:830} INFO - Processing file /home/airflow/.local/lib/python3.12/site-packages/airflow/example_dags/example_skip_dag.py for tasks to queue
[2026-03-09T19:11:55.336+0000] {logging_mixin.py:188} INFO - [2026-03-09T19:11:55.336+0000] {dagbag.py:545} INFO - Filling up the DagBag from /home/airflow/.local/lib/python3.12/site-packages/airflow/example_dags/example_skip_dag.py
[2026-03-09T19:11:55.348+0000] {processor.py:840} INFO - DAG(s) 'example_skip_dag' retrieved from /home/airflow/.local/lib/python3.12/site-packages/airflow/example_dags/example_skip_dag.py
[2026-03-09T19:11:55.373+0000] {logging_mixin.py:188} INFO - [2026-03-09T19:11:55.372+0000] {dag.py:3096} INFO - Sync 1 DAGs
[2026-03-09T19:11:55.401+0000] {logging_mixin.py:188} INFO - [2026-03-09T19:11:55.401+0000] {dag.py:3954} INFO - Setting next_dagrun for example_skip_dag to 2026-03-08 00:00:00+00:00, run_after=2026-03-09 00:00:00+00:00
[2026-03-09T19:11:55.426+0000] {processor.py:183} INFO - Processing /home/airflow/.local/lib/python3.12/site-packages/airflow/example_dags/example_skip_dag.py took 0.101 seconds
[2026-03-09T19:12:25.816+0000] {processor.py:161} INFO - Started process (PID=665) to work on /home/airflow/.local/lib/python3.12/site-packages/airflow/example_dags/example_skip_dag.py
[2026-03-09T19:12:25.818+0000] {processor.py:830} INFO - Processing file /home/airflow/.local/lib/python3.12/site-packages/airflow/example_dags/example_skip_dag.py for tasks to queue
[2026-03-09T19:12:25.820+0000] {logging_mixin.py:188} INFO - [2026-03-09T19:12:25.820+0000] {dagbag.py:545} INFO - Filling up the DagBag from /home/airflow/.local/lib/python3.12/site-packages/airflow/example_dags/example_skip_dag.py
[2026-03-09T19:12:25.828+0000] {processor.py:840} INFO - DAG(s) 'example_skip_dag' retrieved from /home/airflow/.local/lib/python3.12/site-packages/airflow/example_dags/example_skip_dag.py
[2026-03-09T19:12:25.862+0000] {logging_mixin.py:188} INFO - [2026-03-09T19:12:25.862+0000] {dag.py:3096} INFO - Sync 1 DAGs
[2026-03-09T19:12:25.894+0000] {logging_mixin.py:188} INFO - [2026-03-09T19:12:25.894+0000] {dag.py:3954} INFO - Setting next_dagrun for example_skip_dag to 2026-03-08 00:00:00+00:00, run_after=2026-03-09 00:00:00+00:00
[2026-03-09T19:12:25.918+0000] {processor.py:183} INFO - Processing /home/airflow/.local/lib/python3.12/site-packages/airflow/example_dags/example_skip_dag.py took 0.110 seconds
[2026-03-09T19:12:55.964+0000] {processor.py:161} INFO - Started process (PID=723) to work on /home/airflow/.local/lib/python3.12/site-packages/airflow/example_dags/example_skip_dag.py
[2026-03-09T19:12:55.965+0000] {processor.py:830} INFO - Processing file /home/airflow/.local/lib/python3.12/site-packages/airflow/example_dags/example_skip_dag.py for tasks to queue
[2026-03-09T19:12:55.967+0000] {logging_mixin.py:188} INFO - [2026-03-09T19:12:55.967+0000] {dagbag.py:545} INFO - Filling up the DagBag from /home/airflow/.local/lib/python3.12/site-packages/airflow/example_dags/example_skip_dag.py
[2026-03-09T19:12:55.975+0000] {processor.py:840} INFO - DAG(s) 'example_skip_dag' retrieved from /home/airflow/.local/lib/python3.12/site-packages/airflow/example_dags/example_skip_dag.py
[2026-03-09T19:12:55.997+0000] {logging_mixin.py:188} INFO - [2026-03-09T19:12:55.997+0000] {dag.py:3096} INFO - Sync 1 DAGs
[2026-03-09T19:12:56.023+0000] {logging_mixin.py:188} INFO - [2026-03-09T19:12:56.023+0000] {dag.py:3954} INFO - Setting next_dagrun for example_skip_dag to 2026-03-08 00:00:00+00:00, run_after=2026-03-09 00:00:00+00:00
[2026-03-09T19:12:56.045+0000] {processor.py:183} INFO - Processing /home/airflow/.local/lib/python3.12/site-packages/airflow/example_dags/example_skip_dag.py took 0.087 seconds
[2026-03-09T19:13:26.176+0000] {processor.py:161} INFO - Started process (PID=783) to work on /home/airflow/.local/lib/python3.12/site-packages/airflow/example_dags/example_skip_dag.py
[2026-03-09T19:13:26.177+0000] {processor.py:830} INFO - Processing file /home/airflow/.local/lib/python3.12/site-packages/airflow/example_dags/example_skip_dag.py for tasks to queue
[2026-03-09T19:13:26.179+0000] {logging_mixin.py:188} INFO - [2026-03-09T19:13:26.179+0000] {dagbag.py:545} INFO - Filling up the DagBag from /home/airflow/.local/lib/python3.12/site-packages/airflow/example_dags/example_skip_dag.py
[2026-03-09T19:13:26.188+0000] {processor.py:840} INFO - DAG(s) 'example_skip_dag' retrieved from /home/airflow/.local/lib/python3.12/site-packages/airflow/example_dags/example_skip_dag.py
[2026-03-09T19:13:26.216+0000] {logging_mixin.py:188} INFO - [2026-03-09T19:13:26.215+0000] {dag.py:3096} INFO - Sync 1 DAGs
[2026-03-09T19:13:26.245+0000] {logging_mixin.py:188} INFO - [2026-03-09T19:13:26.245+0000] {dag.py:3954} INFO - Setting next_dagrun for example_skip_dag to 2026-03-08 00:00:00+00:00, run_after=2026-03-09 00:00:00+00:00
[2026-03-09T19:13:26.273+0000] {processor.py:183} INFO - Processing /home/airflow/.local/lib/python3.12/site-packages/airflow/example_dags/example_skip_dag.py took 0.104 seconds
[2026-03-09T19:13:56.403+0000] {processor.py:161} INFO - Started process (PID=843) to work on /home/airflow/.local/lib/python3.12/site-packages/airflow/example_dags/example_skip_dag.py
[2026-03-09T19:13:56.404+0000] {processor.py:830} INFO - Processing file /home/airflow/.local/lib/python3.12/site-packages/airflow/example_dags/example_skip_dag.py for tasks to queue
[2026-03-09T19:13:56.407+0000] {logging_mixin.py:188} INFO - [2026-03-09T19:13:56.407+0000] {dagbag.py:545} INFO - Filling up the DagBag from /home/airflow/.local/lib/python3.12/site-packages/airflow/example_dags/example_skip_dag.py
[2026-03-09T19:13:56.418+0000] {processor.py:840} INFO - DAG(s) 'example_skip_dag' retrieved from /home/airflow/.local/lib/python3.12/site-packages/airflow/example_dags/example_skip_dag.py
[2026-03-09T19:13:56.448+0000] {logging_mixin.py:188} INFO - [2026-03-09T19:13:56.448+0000] {dag.py:3096} INFO - Sync 1 DAGs
[2026-03-09T19:13:56.476+0000] {logging_mixin.py:188} INFO - [2026-03-09T19:13:56.476+0000] {dag.py:3954} INFO - Setting next_dagrun for example_skip_dag to 2026-03-08 00:00:00+00:00, run_after=2026-03-09 00:00:00+00:00
[2026-03-09T19:13:56.508+0000] {processor.py:183} INFO - Processing /home/airflow/.local/lib/python3.12/site-packages/airflow/example_dags/example_skip_dag.py took 0.113 seconds
[2026-03-09T19:14:26.974+0000] {processor.py:161} INFO - Started process (PID=903) to work on /home/airflow/.local/lib/python3.12/site-packages/airflow/example_dags/example_skip_dag.py
[2026-03-09T19:14:26.975+0000] {processor.py:830} INFO - Processing file /home/airflow/.local/lib/python3.12/site-packages/airflow/example_dags/example_skip_dag.py for tasks to queue
[2026-03-09T19:14:26.978+0000] {logging_mixin.py:188} INFO - [2026-03-09T19:14:26.977+0000] {dagbag.py:545} INFO - Filling up the DagBag from /home/airflow/.local/lib/python3.12/site-packages/airflow/example_dags/example_skip_dag.py
[2026-03-09T19:14:26.987+0000] {processor.py:840} INFO - DAG(s) 'example_skip_dag' retrieved from /home/airflow/.local/lib/python3.12/site-packages/airflow/example_dags/example_skip_dag.py
[2026-03-09T19:14:27.011+0000] {logging_mixin.py:188} INFO - [2026-03-09T19:14:27.010+0000] {dag.py:3096} INFO - Sync 1 DAGs
[2026-03-09T19:14:27.040+0000] {logging_mixin.py:188} INFO - [2026-03-09T19:14:27.039+0000] {dag.py:3954} INFO - Setting next_dagrun for example_skip_dag to 2026-03-08 00:00:00+00:00, run_after=2026-03-09 00:00:00+00:00
[2026-03-09T19:14:27.067+0000] {processor.py:183} INFO - Processing /home/airflow/.local/lib/python3.12/site-packages/airflow/example_dags/example_skip_dag.py took 0.100 seconds
[2026-03-09T19:14:57.279+0000] {processor.py:161} INFO - Started process (PID=963) to work on /home/airflow/.local/lib/python3.12/site-packages/airflow/example_dags/example_skip_dag.py
[2026-03-09T19:14:57.280+0000] {processor.py:830} INFO - Processing file /home/airflow/.local/lib/python3.12/site-packages/airflow/example_dags/example_skip_dag.py for tasks to queue
[2026-03-09T19:14:57.283+0000] {logging_mixin.py:188} INFO - [2026-03-09T19:14:57.282+0000] {dagbag.py:545} INFO - Filling up the DagBag from /home/airflow/.local/lib/python3.12/site-packages/airflow/example_dags/example_skip_dag.py
[2026-03-09T19:14:57.291+0000] {processor.py:840} INFO - DAG(s) 'example_skip_dag' retrieved from /home/airflow/.local/lib/python3.12/site-packages/airflow/example_dags/example_skip_dag.py
[2026-03-09T19:14:57.314+0000] {logging_mixin.py:188} INFO - [2026-03-09T19:14:57.314+0000] {dag.py:3096} INFO - Sync 1 DAGs
[2026-03-09T19:14:57.342+0000] {logging_mixin.py:188} INFO - [2026-03-09T19:14:57.342+0000] {dag.py:3954} INFO - Setting next_dagrun for example_skip_dag to 2026-03-08 00:00:00+00:00, run_after=2026-03-09 00:00:00+00:00
[2026-03-09T19:14:57.368+0000] {processor.py:183} INFO - Processing /home/airflow/.local/lib/python3.12/site-packages/airflow/example_dags/example_skip_dag.py took 0.096 seconds
[2026-03-09T19:15:27.933+0000] {processor.py:161} INFO - Started process (PID=1023) to work on /home/airflow/.local/lib/python3.12/site-packages/airflow/example_dags/example_skip_dag.py
[2026-03-09T19:15:27.934+0000] {processor.py:830} INFO - Processing file /home/airflow/.local/lib/python3.12/site-packages/airflow/example_dags/example_skip_dag.py for tasks to queue
[2026-03-09T19:15:27.937+0000] {logging_mixin.py:188} INFO - [2026-03-09T19:15:27.936+0000] {dagbag.py:545} INFO - Filling up the DagBag from /home/airflow/.local/lib/python3.12/site-packages/airflow/example_dags/example_skip_dag.py
[2026-03-09T19:15:27.946+0000] {processor.py:840} INFO - DAG(s) 'example_skip_dag' retrieved from /home/airflow/.local/lib/python3.12/site-packages/airflow/example_dags/example_skip_dag.py
[2026-03-09T19:15:27.975+0000] {logging_mixin.py:188} INFO - [2026-03-09T19:15:27.975+0000] {dag.py:3096} INFO - Sync 1 DAGs
[2026-03-09T19:15:28.008+0000] {logging_mixin.py:188} INFO - [2026-03-09T19:15:28.008+0000] {dag.py:3954} INFO - Setting next_dagrun for example_skip_dag to 2026-03-08 00:00:00+00:00, run_after=2026-03-09 00:00:00+00:00
[2026-03-09T19:15:28.034+0000] {processor.py:183} INFO - Processing /home/airflow/.local/lib/python3.12/site-packages/airflow/example_dags/example_skip_dag.py took 0.108 seconds
