[2026-03-09T19:04:47.923+0000] {processor.py:161} INFO - Started process (PID=96) to work on /home/airflow/.local/lib/python3.12/site-packages/airflow/example_dags/example_python_operator.py
[2026-03-09T19:04:47.925+0000] {processor.py:830} INFO - Processing file /home/airflow/.local/lib/python3.12/site-packages/airflow/example_dags/example_python_operator.py for tasks to queue
[2026-03-09T19:04:47.928+0000] {logging_mixin.py:188} INFO - [2026-03-09T19:04:47.928+0000] {dagbag.py:545} INFO - Filling up the DagBag from /home/airflow/.local/lib/python3.12/site-packages/airflow/example_dags/example_python_operator.py
[2026-03-09T19:04:47.947+0000] {processor.py:840} INFO - DAG(s) 'example_python_operator' retrieved from /home/airflow/.local/lib/python3.12/site-packages/airflow/example_dags/example_python_operator.py
[2026-03-09T19:04:48.137+0000] {logging_mixin.py:188} INFO - [2026-03-09T19:04:48.136+0000] {dag.py:3096} INFO - Sync 1 DAGs
[2026-03-09T19:04:48.154+0000] {logging_mixin.py:188} INFO - [2026-03-09T19:04:48.154+0000] {dag.py:3954} INFO - Setting next_dagrun for example_python_operator to None, run_after=None
[2026-03-09T19:04:48.190+0000] {processor.py:183} INFO - Processing /home/airflow/.local/lib/python3.12/site-packages/airflow/example_dags/example_python_operator.py took 0.276 seconds
[2026-03-09T19:05:19.081+0000] {processor.py:161} INFO - Started process (PID=154) to work on /home/airflow/.local/lib/python3.12/site-packages/airflow/example_dags/example_python_operator.py
[2026-03-09T19:05:19.082+0000] {processor.py:830} INFO - Processing file /home/airflow/.local/lib/python3.12/site-packages/airflow/example_dags/example_python_operator.py for tasks to queue
[2026-03-09T19:05:19.085+0000] {logging_mixin.py:188} INFO - [2026-03-09T19:05:19.084+0000] {dagbag.py:545} INFO - Filling up the DagBag from /home/airflow/.local/lib/python3.12/site-packages/airflow/example_dags/example_python_operator.py
[2026-03-09T19:05:19.098+0000] {processor.py:840} INFO - DAG(s) 'example_python_operator' retrieved from /home/airflow/.local/lib/python3.12/site-packages/airflow/example_dags/example_python_operator.py
[2026-03-09T19:05:19.126+0000] {logging_mixin.py:188} INFO - [2026-03-09T19:05:19.126+0000] {dag.py:3096} INFO - Sync 1 DAGs
[2026-03-09T19:05:19.143+0000] {logging_mixin.py:188} INFO - [2026-03-09T19:05:19.143+0000] {dag.py:3954} INFO - Setting next_dagrun for example_python_operator to None, run_after=None
[2026-03-09T19:05:19.172+0000] {processor.py:183} INFO - Processing /home/airflow/.local/lib/python3.12/site-packages/airflow/example_dags/example_python_operator.py took 0.098 seconds
[2026-03-09T19:05:49.739+0000] {processor.py:161} INFO - Started process (PID=212) to work on /home/airflow/.local/lib/python3.12/site-packages/airflow/example_dags/example_python_operator.py
[2026-03-09T19:05:49.742+0000] {processor.py:830} INFO - Processing file /home/airflow/.local/lib/python3.12/site-packages/airflow/example_dags/example_python_operator.py for tasks to queue
[2026-03-09T19:05:49.747+0000] {logging_mixin.py:188} INFO - [2026-03-09T19:05:49.746+0000] {dagbag.py:545} INFO - Filling up the DagBag from /home/airflow/.local/lib/python3.12/site-packages/airflow/example_dags/example_python_operator.py
[2026-03-09T19:05:49.765+0000] {processor.py:840} INFO - DAG(s) 'example_python_operator' retrieved from /home/airflow/.local/lib/python3.12/site-packages/airflow/example_dags/example_python_operator.py
[2026-03-09T19:05:49.790+0000] {logging_mixin.py:188} INFO - [2026-03-09T19:05:49.790+0000] {dag.py:3096} INFO - Sync 1 DAGs
[2026-03-09T19:05:49.808+0000] {logging_mixin.py:188} INFO - [2026-03-09T19:05:49.807+0000] {dag.py:3954} INFO - Setting next_dagrun for example_python_operator to None, run_after=None
[2026-03-09T19:05:49.832+0000] {processor.py:183} INFO - Processing /home/airflow/.local/lib/python3.12/site-packages/airflow/example_dags/example_python_operator.py took 0.103 seconds
[2026-03-09T19:06:20.241+0000] {processor.py:161} INFO - Started process (PID=270) to work on /home/airflow/.local/lib/python3.12/site-packages/airflow/example_dags/example_python_operator.py
[2026-03-09T19:06:20.244+0000] {processor.py:830} INFO - Processing file /home/airflow/.local/lib/python3.12/site-packages/airflow/example_dags/example_python_operator.py for tasks to queue
[2026-03-09T19:06:20.249+0000] {logging_mixin.py:188} INFO - [2026-03-09T19:06:20.248+0000] {dagbag.py:545} INFO - Filling up the DagBag from /home/airflow/.local/lib/python3.12/site-packages/airflow/example_dags/example_python_operator.py
[2026-03-09T19:06:20.274+0000] {processor.py:840} INFO - DAG(s) 'example_python_operator' retrieved from /home/airflow/.local/lib/python3.12/site-packages/airflow/example_dags/example_python_operator.py
[2026-03-09T19:06:20.320+0000] {logging_mixin.py:188} INFO - [2026-03-09T19:06:20.319+0000] {dag.py:3096} INFO - Sync 1 DAGs
[2026-03-09T19:06:20.347+0000] {logging_mixin.py:188} INFO - [2026-03-09T19:06:20.347+0000] {dag.py:3954} INFO - Setting next_dagrun for example_python_operator to None, run_after=None
[2026-03-09T19:06:20.390+0000] {processor.py:183} INFO - Processing /home/airflow/.local/lib/python3.12/site-packages/airflow/example_dags/example_python_operator.py took 0.170 seconds
[2026-03-09T19:07:23.976+0000] {processor.py:161} INFO - Started process (PID=94) to work on /home/airflow/.local/lib/python3.12/site-packages/airflow/example_dags/example_python_operator.py
[2026-03-09T19:07:23.978+0000] {processor.py:830} INFO - Processing file /home/airflow/.local/lib/python3.12/site-packages/airflow/example_dags/example_python_operator.py for tasks to queue
[2026-03-09T19:07:23.981+0000] {logging_mixin.py:188} INFO - [2026-03-09T19:07:23.980+0000] {dagbag.py:545} INFO - Filling up the DagBag from /home/airflow/.local/lib/python3.12/site-packages/airflow/example_dags/example_python_operator.py
[2026-03-09T19:07:23.996+0000] {processor.py:840} INFO - DAG(s) 'example_python_operator' retrieved from /home/airflow/.local/lib/python3.12/site-packages/airflow/example_dags/example_python_operator.py
[2026-03-09T19:07:24.016+0000] {logging_mixin.py:188} INFO - [2026-03-09T19:07:24.016+0000] {dag.py:3096} INFO - Sync 1 DAGs
[2026-03-09T19:07:24.036+0000] {logging_mixin.py:188} INFO - [2026-03-09T19:07:24.036+0000] {dag.py:3954} INFO - Setting next_dagrun for example_python_operator to None, run_after=None
[2026-03-09T19:07:24.072+0000] {processor.py:183} INFO - Processing /home/airflow/.local/lib/python3.12/site-packages/airflow/example_dags/example_python_operator.py took 0.103 seconds
[2026-03-09T19:07:55.247+0000] {processor.py:161} INFO - Started process (PID=154) to work on /home/airflow/.local/lib/python3.12/site-packages/airflow/example_dags/example_python_operator.py
[2026-03-09T19:07:55.251+0000] {processor.py:830} INFO - Processing file /home/airflow/.local/lib/python3.12/site-packages/airflow/example_dags/example_python_operator.py for tasks to queue
[2026-03-09T19:07:55.255+0000] {logging_mixin.py:188} INFO - [2026-03-09T19:07:55.255+0000] {dagbag.py:545} INFO - Filling up the DagBag from /home/airflow/.local/lib/python3.12/site-packages/airflow/example_dags/example_python_operator.py
[2026-03-09T19:07:55.275+0000] {processor.py:840} INFO - DAG(s) 'example_python_operator' retrieved from /home/airflow/.local/lib/python3.12/site-packages/airflow/example_dags/example_python_operator.py
[2026-03-09T19:07:55.422+0000] {logging_mixin.py:188} INFO - [2026-03-09T19:07:55.422+0000] {dag.py:3096} INFO - Sync 1 DAGs
[2026-03-09T19:07:55.437+0000] {logging_mixin.py:188} INFO - [2026-03-09T19:07:55.436+0000] {dag.py:3954} INFO - Setting next_dagrun for example_python_operator to None, run_after=None
[2026-03-09T19:07:55.472+0000] {processor.py:183} INFO - Processing /home/airflow/.local/lib/python3.12/site-packages/airflow/example_dags/example_python_operator.py took 0.232 seconds
[2026-03-09T19:08:25.974+0000] {processor.py:161} INFO - Started process (PID=214) to work on /home/airflow/.local/lib/python3.12/site-packages/airflow/example_dags/example_python_operator.py
[2026-03-09T19:08:25.975+0000] {processor.py:830} INFO - Processing file /home/airflow/.local/lib/python3.12/site-packages/airflow/example_dags/example_python_operator.py for tasks to queue
[2026-03-09T19:08:25.978+0000] {logging_mixin.py:188} INFO - [2026-03-09T19:08:25.978+0000] {dagbag.py:545} INFO - Filling up the DagBag from /home/airflow/.local/lib/python3.12/site-packages/airflow/example_dags/example_python_operator.py
[2026-03-09T19:08:25.991+0000] {processor.py:840} INFO - DAG(s) 'example_python_operator' retrieved from /home/airflow/.local/lib/python3.12/site-packages/airflow/example_dags/example_python_operator.py
[2026-03-09T19:08:26.015+0000] {logging_mixin.py:188} INFO - [2026-03-09T19:08:26.015+0000] {dag.py:3096} INFO - Sync 1 DAGs
[2026-03-09T19:08:26.036+0000] {logging_mixin.py:188} INFO - [2026-03-09T19:08:26.035+0000] {dag.py:3954} INFO - Setting next_dagrun for example_python_operator to None, run_after=None
[2026-03-09T19:08:26.066+0000] {processor.py:183} INFO - Processing /home/airflow/.local/lib/python3.12/site-packages/airflow/example_dags/example_python_operator.py took 0.101 seconds
[2026-03-09T19:08:56.679+0000] {processor.py:161} INFO - Started process (PID=274) to work on /home/airflow/.local/lib/python3.12/site-packages/airflow/example_dags/example_python_operator.py
[2026-03-09T19:08:56.680+0000] {processor.py:830} INFO - Processing file /home/airflow/.local/lib/python3.12/site-packages/airflow/example_dags/example_python_operator.py for tasks to queue
[2026-03-09T19:08:56.683+0000] {logging_mixin.py:188} INFO - [2026-03-09T19:08:56.683+0000] {dagbag.py:545} INFO - Filling up the DagBag from /home/airflow/.local/lib/python3.12/site-packages/airflow/example_dags/example_python_operator.py
[2026-03-09T19:08:56.696+0000] {processor.py:840} INFO - DAG(s) 'example_python_operator' retrieved from /home/airflow/.local/lib/python3.12/site-packages/airflow/example_dags/example_python_operator.py
[2026-03-09T19:08:56.727+0000] {logging_mixin.py:188} INFO - [2026-03-09T19:08:56.727+0000] {dag.py:3096} INFO - Sync 1 DAGs
[2026-03-09T19:08:56.743+0000] {logging_mixin.py:188} INFO - [2026-03-09T19:08:56.742+0000] {dag.py:3954} INFO - Setting next_dagrun for example_python_operator to None, run_after=None
[2026-03-09T19:08:56.771+0000] {processor.py:183} INFO - Processing /home/airflow/.local/lib/python3.12/site-packages/airflow/example_dags/example_python_operator.py took 0.098 seconds
[2026-03-09T19:09:27.418+0000] {processor.py:161} INFO - Started process (PID=334) to work on /home/airflow/.local/lib/python3.12/site-packages/airflow/example_dags/example_python_operator.py
[2026-03-09T19:09:27.419+0000] {processor.py:830} INFO - Processing file /home/airflow/.local/lib/python3.12/site-packages/airflow/example_dags/example_python_operator.py for tasks to queue
[2026-03-09T19:09:27.422+0000] {logging_mixin.py:188} INFO - [2026-03-09T19:09:27.421+0000] {dagbag.py:545} INFO - Filling up the DagBag from /home/airflow/.local/lib/python3.12/site-packages/airflow/example_dags/example_python_operator.py
[2026-03-09T19:09:27.436+0000] {processor.py:840} INFO - DAG(s) 'example_python_operator' retrieved from /home/airflow/.local/lib/python3.12/site-packages/airflow/example_dags/example_python_operator.py
[2026-03-09T19:09:27.466+0000] {logging_mixin.py:188} INFO - [2026-03-09T19:09:27.465+0000] {dag.py:3096} INFO - Sync 1 DAGs
[2026-03-09T19:09:27.483+0000] {logging_mixin.py:188} INFO - [2026-03-09T19:09:27.483+0000] {dag.py:3954} INFO - Setting next_dagrun for example_python_operator to None, run_after=None
[2026-03-09T19:09:27.511+0000] {processor.py:183} INFO - Processing /home/airflow/.local/lib/python3.12/site-packages/airflow/example_dags/example_python_operator.py took 0.101 seconds
[2026-03-09T19:09:57.930+0000] {processor.py:161} INFO - Started process (PID=394) to work on /home/airflow/.local/lib/python3.12/site-packages/airflow/example_dags/example_python_operator.py
[2026-03-09T19:09:57.932+0000] {processor.py:830} INFO - Processing file /home/airflow/.local/lib/python3.12/site-packages/airflow/example_dags/example_python_operator.py for tasks to queue
[2026-03-09T19:09:57.934+0000] {logging_mixin.py:188} INFO - [2026-03-09T19:09:57.934+0000] {dagbag.py:545} INFO - Filling up the DagBag from /home/airflow/.local/lib/python3.12/site-packages/airflow/example_dags/example_python_operator.py
[2026-03-09T19:09:57.947+0000] {processor.py:840} INFO - DAG(s) 'example_python_operator' retrieved from /home/airflow/.local/lib/python3.12/site-packages/airflow/example_dags/example_python_operator.py
[2026-03-09T19:09:57.980+0000] {logging_mixin.py:188} INFO - [2026-03-09T19:09:57.980+0000] {dag.py:3096} INFO - Sync 1 DAGs
[2026-03-09T19:09:57.995+0000] {logging_mixin.py:188} INFO - [2026-03-09T19:09:57.995+0000] {dag.py:3954} INFO - Setting next_dagrun for example_python_operator to None, run_after=None
[2026-03-09T19:09:58.021+0000] {processor.py:183} INFO - Processing /home/airflow/.local/lib/python3.12/site-packages/airflow/example_dags/example_python_operator.py took 0.100 seconds
[2026-03-09T19:10:28.529+0000] {processor.py:161} INFO - Started process (PID=454) to work on /home/airflow/.local/lib/python3.12/site-packages/airflow/example_dags/example_python_operator.py
[2026-03-09T19:10:28.530+0000] {processor.py:830} INFO - Processing file /home/airflow/.local/lib/python3.12/site-packages/airflow/example_dags/example_python_operator.py for tasks to queue
[2026-03-09T19:10:28.533+0000] {logging_mixin.py:188} INFO - [2026-03-09T19:10:28.532+0000] {dagbag.py:545} INFO - Filling up the DagBag from /home/airflow/.local/lib/python3.12/site-packages/airflow/example_dags/example_python_operator.py
[2026-03-09T19:10:28.546+0000] {processor.py:840} INFO - DAG(s) 'example_python_operator' retrieved from /home/airflow/.local/lib/python3.12/site-packages/airflow/example_dags/example_python_operator.py
[2026-03-09T19:10:28.573+0000] {logging_mixin.py:188} INFO - [2026-03-09T19:10:28.573+0000] {dag.py:3096} INFO - Sync 1 DAGs
[2026-03-09T19:10:28.590+0000] {logging_mixin.py:188} INFO - [2026-03-09T19:10:28.589+0000] {dag.py:3954} INFO - Setting next_dagrun for example_python_operator to None, run_after=None
[2026-03-09T19:10:28.616+0000] {processor.py:183} INFO - Processing /home/airflow/.local/lib/python3.12/site-packages/airflow/example_dags/example_python_operator.py took 0.094 seconds
[2026-03-09T19:10:58.865+0000] {processor.py:161} INFO - Started process (PID=514) to work on /home/airflow/.local/lib/python3.12/site-packages/airflow/example_dags/example_python_operator.py
[2026-03-09T19:10:58.867+0000] {processor.py:830} INFO - Processing file /home/airflow/.local/lib/python3.12/site-packages/airflow/example_dags/example_python_operator.py for tasks to queue
[2026-03-09T19:10:58.869+0000] {logging_mixin.py:188} INFO - [2026-03-09T19:10:58.869+0000] {dagbag.py:545} INFO - Filling up the DagBag from /home/airflow/.local/lib/python3.12/site-packages/airflow/example_dags/example_python_operator.py
[2026-03-09T19:10:58.881+0000] {processor.py:840} INFO - DAG(s) 'example_python_operator' retrieved from /home/airflow/.local/lib/python3.12/site-packages/airflow/example_dags/example_python_operator.py
[2026-03-09T19:10:58.908+0000] {logging_mixin.py:188} INFO - [2026-03-09T19:10:58.908+0000] {dag.py:3096} INFO - Sync 1 DAGs
[2026-03-09T19:10:58.924+0000] {logging_mixin.py:188} INFO - [2026-03-09T19:10:58.924+0000] {dag.py:3954} INFO - Setting next_dagrun for example_python_operator to None, run_after=None
[2026-03-09T19:10:58.948+0000] {processor.py:183} INFO - Processing /home/airflow/.local/lib/python3.12/site-packages/airflow/example_dags/example_python_operator.py took 0.090 seconds
[2026-03-09T19:11:29.310+0000] {processor.py:161} INFO - Started process (PID=574) to work on /home/airflow/.local/lib/python3.12/site-packages/airflow/example_dags/example_python_operator.py
[2026-03-09T19:11:29.312+0000] {processor.py:830} INFO - Processing file /home/airflow/.local/lib/python3.12/site-packages/airflow/example_dags/example_python_operator.py for tasks to queue
[2026-03-09T19:11:29.314+0000] {logging_mixin.py:188} INFO - [2026-03-09T19:11:29.314+0000] {dagbag.py:545} INFO - Filling up the DagBag from /home/airflow/.local/lib/python3.12/site-packages/airflow/example_dags/example_python_operator.py
[2026-03-09T19:11:29.326+0000] {processor.py:840} INFO - DAG(s) 'example_python_operator' retrieved from /home/airflow/.local/lib/python3.12/site-packages/airflow/example_dags/example_python_operator.py
[2026-03-09T19:11:29.353+0000] {logging_mixin.py:188} INFO - [2026-03-09T19:11:29.352+0000] {dag.py:3096} INFO - Sync 1 DAGs
[2026-03-09T19:11:29.367+0000] {logging_mixin.py:188} INFO - [2026-03-09T19:11:29.367+0000] {dag.py:3954} INFO - Setting next_dagrun for example_python_operator to None, run_after=None
[2026-03-09T19:11:29.396+0000] {processor.py:183} INFO - Processing /home/airflow/.local/lib/python3.12/site-packages/airflow/example_dags/example_python_operator.py took 0.092 seconds
[2026-03-09T19:12:00.323+0000] {processor.py:161} INFO - Started process (PID=634) to work on /home/airflow/.local/lib/python3.12/site-packages/airflow/example_dags/example_python_operator.py
[2026-03-09T19:12:00.325+0000] {processor.py:830} INFO - Processing file /home/airflow/.local/lib/python3.12/site-packages/airflow/example_dags/example_python_operator.py for tasks to queue
[2026-03-09T19:12:00.327+0000] {logging_mixin.py:188} INFO - [2026-03-09T19:12:00.327+0000] {dagbag.py:545} INFO - Filling up the DagBag from /home/airflow/.local/lib/python3.12/site-packages/airflow/example_dags/example_python_operator.py
[2026-03-09T19:12:00.340+0000] {processor.py:840} INFO - DAG(s) 'example_python_operator' retrieved from /home/airflow/.local/lib/python3.12/site-packages/airflow/example_dags/example_python_operator.py
[2026-03-09T19:12:00.366+0000] {logging_mixin.py:188} INFO - [2026-03-09T19:12:00.366+0000] {dag.py:3096} INFO - Sync 1 DAGs
[2026-03-09T19:12:00.383+0000] {logging_mixin.py:188} INFO - [2026-03-09T19:12:00.383+0000] {dag.py:3954} INFO - Setting next_dagrun for example_python_operator to None, run_after=None
[2026-03-09T19:12:00.409+0000] {processor.py:183} INFO - Processing /home/airflow/.local/lib/python3.12/site-packages/airflow/example_dags/example_python_operator.py took 0.093 seconds
[2026-03-09T19:12:30.955+0000] {processor.py:161} INFO - Started process (PID=694) to work on /home/airflow/.local/lib/python3.12/site-packages/airflow/example_dags/example_python_operator.py
[2026-03-09T19:12:30.956+0000] {processor.py:830} INFO - Processing file /home/airflow/.local/lib/python3.12/site-packages/airflow/example_dags/example_python_operator.py for tasks to queue
[2026-03-09T19:12:30.958+0000] {logging_mixin.py:188} INFO - [2026-03-09T19:12:30.958+0000] {dagbag.py:545} INFO - Filling up the DagBag from /home/airflow/.local/lib/python3.12/site-packages/airflow/example_dags/example_python_operator.py
[2026-03-09T19:12:30.973+0000] {processor.py:840} INFO - DAG(s) 'example_python_operator' retrieved from /home/airflow/.local/lib/python3.12/site-packages/airflow/example_dags/example_python_operator.py
[2026-03-09T19:12:31.000+0000] {logging_mixin.py:188} INFO - [2026-03-09T19:12:31.000+0000] {dag.py:3096} INFO - Sync 1 DAGs
[2026-03-09T19:12:31.019+0000] {logging_mixin.py:188} INFO - [2026-03-09T19:12:31.018+0000] {dag.py:3954} INFO - Setting next_dagrun for example_python_operator to None, run_after=None
[2026-03-09T19:12:31.047+0000] {processor.py:183} INFO - Processing /home/airflow/.local/lib/python3.12/site-packages/airflow/example_dags/example_python_operator.py took 0.100 seconds
[2026-03-09T19:13:01.573+0000] {processor.py:161} INFO - Started process (PID=753) to work on /home/airflow/.local/lib/python3.12/site-packages/airflow/example_dags/example_python_operator.py
[2026-03-09T19:13:01.574+0000] {processor.py:830} INFO - Processing file /home/airflow/.local/lib/python3.12/site-packages/airflow/example_dags/example_python_operator.py for tasks to queue
[2026-03-09T19:13:01.576+0000] {logging_mixin.py:188} INFO - [2026-03-09T19:13:01.575+0000] {dagbag.py:545} INFO - Filling up the DagBag from /home/airflow/.local/lib/python3.12/site-packages/airflow/example_dags/example_python_operator.py
[2026-03-09T19:13:01.591+0000] {processor.py:840} INFO - DAG(s) 'example_python_operator' retrieved from /home/airflow/.local/lib/python3.12/site-packages/airflow/example_dags/example_python_operator.py
[2026-03-09T19:13:01.617+0000] {logging_mixin.py:188} INFO - [2026-03-09T19:13:01.617+0000] {dag.py:3096} INFO - Sync 1 DAGs
[2026-03-09T19:13:01.633+0000] {logging_mixin.py:188} INFO - [2026-03-09T19:13:01.633+0000] {dag.py:3954} INFO - Setting next_dagrun for example_python_operator to None, run_after=None
[2026-03-09T19:13:01.658+0000] {processor.py:183} INFO - Processing /home/airflow/.local/lib/python3.12/site-packages/airflow/example_dags/example_python_operator.py took 0.093 seconds
[2026-03-09T19:13:32.407+0000] {processor.py:161} INFO - Started process (PID=813) to work on /home/airflow/.local/lib/python3.12/site-packages/airflow/example_dags/example_python_operator.py
[2026-03-09T19:13:32.409+0000] {processor.py:830} INFO - Processing file /home/airflow/.local/lib/python3.12/site-packages/airflow/example_dags/example_python_operator.py for tasks to queue
[2026-03-09T19:13:32.412+0000] {logging_mixin.py:188} INFO - [2026-03-09T19:13:32.412+0000] {dagbag.py:545} INFO - Filling up the DagBag from /home/airflow/.local/lib/python3.12/site-packages/airflow/example_dags/example_python_operator.py
[2026-03-09T19:13:32.427+0000] {processor.py:840} INFO - DAG(s) 'example_python_operator' retrieved from /home/airflow/.local/lib/python3.12/site-packages/airflow/example_dags/example_python_operator.py
[2026-03-09T19:13:32.456+0000] {logging_mixin.py:188} INFO - [2026-03-09T19:13:32.456+0000] {dag.py:3096} INFO - Sync 1 DAGs
[2026-03-09T19:13:32.472+0000] {logging_mixin.py:188} INFO - [2026-03-09T19:13:32.472+0000] {dag.py:3954} INFO - Setting next_dagrun for example_python_operator to None, run_after=None
[2026-03-09T19:13:32.499+0000] {processor.py:183} INFO - Processing /home/airflow/.local/lib/python3.12/site-packages/airflow/example_dags/example_python_operator.py took 0.101 seconds
[2026-03-09T19:14:02.857+0000] {processor.py:161} INFO - Started process (PID=873) to work on /home/airflow/.local/lib/python3.12/site-packages/airflow/example_dags/example_python_operator.py
[2026-03-09T19:14:02.858+0000] {processor.py:830} INFO - Processing file /home/airflow/.local/lib/python3.12/site-packages/airflow/example_dags/example_python_operator.py for tasks to queue
[2026-03-09T19:14:02.861+0000] {logging_mixin.py:188} INFO - [2026-03-09T19:14:02.860+0000] {dagbag.py:545} INFO - Filling up the DagBag from /home/airflow/.local/lib/python3.12/site-packages/airflow/example_dags/example_python_operator.py
[2026-03-09T19:14:02.874+0000] {processor.py:840} INFO - DAG(s) 'example_python_operator' retrieved from /home/airflow/.local/lib/python3.12/site-packages/airflow/example_dags/example_python_operator.py
[2026-03-09T19:14:02.902+0000] {logging_mixin.py:188} INFO - [2026-03-09T19:14:02.902+0000] {dag.py:3096} INFO - Sync 1 DAGs
[2026-03-09T19:14:02.921+0000] {logging_mixin.py:188} INFO - [2026-03-09T19:14:02.920+0000] {dag.py:3954} INFO - Setting next_dagrun for example_python_operator to None, run_after=None
[2026-03-09T19:14:02.956+0000] {processor.py:183} INFO - Processing /home/airflow/.local/lib/python3.12/site-packages/airflow/example_dags/example_python_operator.py took 0.106 seconds
[2026-03-09T19:14:33.350+0000] {processor.py:161} INFO - Started process (PID=933) to work on /home/airflow/.local/lib/python3.12/site-packages/airflow/example_dags/example_python_operator.py
[2026-03-09T19:14:33.351+0000] {processor.py:830} INFO - Processing file /home/airflow/.local/lib/python3.12/site-packages/airflow/example_dags/example_python_operator.py for tasks to queue
[2026-03-09T19:14:33.354+0000] {logging_mixin.py:188} INFO - [2026-03-09T19:14:33.353+0000] {dagbag.py:545} INFO - Filling up the DagBag from /home/airflow/.local/lib/python3.12/site-packages/airflow/example_dags/example_python_operator.py
[2026-03-09T19:14:33.369+0000] {processor.py:840} INFO - DAG(s) 'example_python_operator' retrieved from /home/airflow/.local/lib/python3.12/site-packages/airflow/example_dags/example_python_operator.py
[2026-03-09T19:14:33.401+0000] {logging_mixin.py:188} INFO - [2026-03-09T19:14:33.401+0000] {dag.py:3096} INFO - Sync 1 DAGs
[2026-03-09T19:14:33.417+0000] {logging_mixin.py:188} INFO - [2026-03-09T19:14:33.417+0000] {dag.py:3954} INFO - Setting next_dagrun for example_python_operator to None, run_after=None
[2026-03-09T19:14:33.444+0000] {processor.py:183} INFO - Processing /home/airflow/.local/lib/python3.12/site-packages/airflow/example_dags/example_python_operator.py took 0.101 seconds
[2026-03-09T19:15:03.731+0000] {processor.py:161} INFO - Started process (PID=993) to work on /home/airflow/.local/lib/python3.12/site-packages/airflow/example_dags/example_python_operator.py
[2026-03-09T19:15:03.733+0000] {processor.py:830} INFO - Processing file /home/airflow/.local/lib/python3.12/site-packages/airflow/example_dags/example_python_operator.py for tasks to queue
[2026-03-09T19:15:03.736+0000] {logging_mixin.py:188} INFO - [2026-03-09T19:15:03.735+0000] {dagbag.py:545} INFO - Filling up the DagBag from /home/airflow/.local/lib/python3.12/site-packages/airflow/example_dags/example_python_operator.py
[2026-03-09T19:15:03.753+0000] {processor.py:840} INFO - DAG(s) 'example_python_operator' retrieved from /home/airflow/.local/lib/python3.12/site-packages/airflow/example_dags/example_python_operator.py
[2026-03-09T19:15:03.783+0000] {logging_mixin.py:188} INFO - [2026-03-09T19:15:03.782+0000] {dag.py:3096} INFO - Sync 1 DAGs
[2026-03-09T19:15:03.800+0000] {logging_mixin.py:188} INFO - [2026-03-09T19:15:03.800+0000] {dag.py:3954} INFO - Setting next_dagrun for example_python_operator to None, run_after=None
[2026-03-09T19:15:03.828+0000] {processor.py:183} INFO - Processing /home/airflow/.local/lib/python3.12/site-packages/airflow/example_dags/example_python_operator.py took 0.106 seconds
