[2026-03-09T19:04:47.356+0000] {processor.py:161} INFO - Started process (PID=90) to work on /home/airflow/.local/lib/python3.12/site-packages/airflow/example_dags/example_short_circuit_operator.py
[2026-03-09T19:04:47.358+0000] {processor.py:830} INFO - Processing file /home/airflow/.local/lib/python3.12/site-packages/airflow/example_dags/example_short_circuit_operator.py for tasks to queue
[2026-03-09T19:04:47.361+0000] {logging_mixin.py:188} INFO - [2026-03-09T19:04:47.360+0000] {dagbag.py:545} INFO - Filling up the DagBag from /home/airflow/.local/lib/python3.12/site-packages/airflow/example_dags/example_short_circuit_operator.py
[2026-03-09T19:04:47.375+0000] {processor.py:840} INFO - DAG(s) 'example_short_circuit_operator' retrieved from /home/airflow/.local/lib/python3.12/site-packages/airflow/example_dags/example_short_circuit_operator.py
[2026-03-09T19:04:47.421+0000] {logging_mixin.py:188} INFO - [2026-03-09T19:04:47.420+0000] {dag.py:3096} INFO - Sync 1 DAGs
[2026-03-09T19:04:47.468+0000] {logging_mixin.py:188} INFO - [2026-03-09T19:04:47.467+0000] {dag.py:3954} INFO - Setting next_dagrun for example_short_circuit_operator to 2026-03-08 00:00:00+00:00, run_after=2026-03-09 00:00:00+00:00
[2026-03-09T19:04:47.495+0000] {processor.py:183} INFO - Processing /home/airflow/.local/lib/python3.12/site-packages/airflow/example_dags/example_short_circuit_operator.py took 0.146 seconds
[2026-03-09T19:05:17.581+0000] {processor.py:161} INFO - Started process (PID=148) to work on /home/airflow/.local/lib/python3.12/site-packages/airflow/example_dags/example_short_circuit_operator.py
[2026-03-09T19:05:17.582+0000] {processor.py:830} INFO - Processing file /home/airflow/.local/lib/python3.12/site-packages/airflow/example_dags/example_short_circuit_operator.py for tasks to queue
[2026-03-09T19:05:17.587+0000] {logging_mixin.py:188} INFO - [2026-03-09T19:05:17.586+0000] {dagbag.py:545} INFO - Filling up the DagBag from /home/airflow/.local/lib/python3.12/site-packages/airflow/example_dags/example_short_circuit_operator.py
[2026-03-09T19:05:17.597+0000] {processor.py:840} INFO - DAG(s) 'example_short_circuit_operator' retrieved from /home/airflow/.local/lib/python3.12/site-packages/airflow/example_dags/example_short_circuit_operator.py
[2026-03-09T19:05:17.634+0000] {logging_mixin.py:188} INFO - [2026-03-09T19:05:17.634+0000] {dag.py:3096} INFO - Sync 1 DAGs
[2026-03-09T19:05:17.669+0000] {logging_mixin.py:188} INFO - [2026-03-09T19:05:17.668+0000] {dag.py:3954} INFO - Setting next_dagrun for example_short_circuit_operator to 2026-03-08 00:00:00+00:00, run_after=2026-03-09 00:00:00+00:00
[2026-03-09T19:05:17.695+0000] {processor.py:183} INFO - Processing /home/airflow/.local/lib/python3.12/site-packages/airflow/example_dags/example_short_circuit_operator.py took 0.121 seconds
[2026-03-09T19:05:48.250+0000] {processor.py:161} INFO - Started process (PID=206) to work on /home/airflow/.local/lib/python3.12/site-packages/airflow/example_dags/example_short_circuit_operator.py
[2026-03-09T19:05:48.251+0000] {processor.py:830} INFO - Processing file /home/airflow/.local/lib/python3.12/site-packages/airflow/example_dags/example_short_circuit_operator.py for tasks to queue
[2026-03-09T19:05:48.254+0000] {logging_mixin.py:188} INFO - [2026-03-09T19:05:48.253+0000] {dagbag.py:545} INFO - Filling up the DagBag from /home/airflow/.local/lib/python3.12/site-packages/airflow/example_dags/example_short_circuit_operator.py
[2026-03-09T19:05:48.266+0000] {processor.py:840} INFO - DAG(s) 'example_short_circuit_operator' retrieved from /home/airflow/.local/lib/python3.12/site-packages/airflow/example_dags/example_short_circuit_operator.py
[2026-03-09T19:05:48.301+0000] {logging_mixin.py:188} INFO - [2026-03-09T19:05:48.301+0000] {dag.py:3096} INFO - Sync 1 DAGs
[2026-03-09T19:05:48.333+0000] {logging_mixin.py:188} INFO - [2026-03-09T19:05:48.333+0000] {dag.py:3954} INFO - Setting next_dagrun for example_short_circuit_operator to 2026-03-08 00:00:00+00:00, run_after=2026-03-09 00:00:00+00:00
[2026-03-09T19:05:48.366+0000] {processor.py:183} INFO - Processing /home/airflow/.local/lib/python3.12/site-packages/airflow/example_dags/example_short_circuit_operator.py took 0.125 seconds
[2026-03-09T19:06:18.697+0000] {processor.py:161} INFO - Started process (PID=264) to work on /home/airflow/.local/lib/python3.12/site-packages/airflow/example_dags/example_short_circuit_operator.py
[2026-03-09T19:06:18.699+0000] {processor.py:830} INFO - Processing file /home/airflow/.local/lib/python3.12/site-packages/airflow/example_dags/example_short_circuit_operator.py for tasks to queue
[2026-03-09T19:06:18.703+0000] {logging_mixin.py:188} INFO - [2026-03-09T19:06:18.702+0000] {dagbag.py:545} INFO - Filling up the DagBag from /home/airflow/.local/lib/python3.12/site-packages/airflow/example_dags/example_short_circuit_operator.py
[2026-03-09T19:06:18.716+0000] {processor.py:840} INFO - DAG(s) 'example_short_circuit_operator' retrieved from /home/airflow/.local/lib/python3.12/site-packages/airflow/example_dags/example_short_circuit_operator.py
[2026-03-09T19:06:18.766+0000] {logging_mixin.py:188} INFO - [2026-03-09T19:06:18.765+0000] {dag.py:3096} INFO - Sync 1 DAGs
[2026-03-09T19:06:18.796+0000] {logging_mixin.py:188} INFO - [2026-03-09T19:06:18.795+0000] {dag.py:3954} INFO - Setting next_dagrun for example_short_circuit_operator to 2026-03-08 00:00:00+00:00, run_after=2026-03-09 00:00:00+00:00
[2026-03-09T19:06:18.832+0000] {processor.py:183} INFO - Processing /home/airflow/.local/lib/python3.12/site-packages/airflow/example_dags/example_short_circuit_operator.py took 0.148 seconds
[2026-03-09T19:07:23.579+0000] {processor.py:161} INFO - Started process (PID=88) to work on /home/airflow/.local/lib/python3.12/site-packages/airflow/example_dags/example_short_circuit_operator.py
[2026-03-09T19:07:23.580+0000] {processor.py:830} INFO - Processing file /home/airflow/.local/lib/python3.12/site-packages/airflow/example_dags/example_short_circuit_operator.py for tasks to queue
[2026-03-09T19:07:23.586+0000] {logging_mixin.py:188} INFO - [2026-03-09T19:07:23.585+0000] {dagbag.py:545} INFO - Filling up the DagBag from /home/airflow/.local/lib/python3.12/site-packages/airflow/example_dags/example_short_circuit_operator.py
[2026-03-09T19:07:23.598+0000] {processor.py:840} INFO - DAG(s) 'example_short_circuit_operator' retrieved from /home/airflow/.local/lib/python3.12/site-packages/airflow/example_dags/example_short_circuit_operator.py
[2026-03-09T19:07:23.615+0000] {logging_mixin.py:188} INFO - [2026-03-09T19:07:23.615+0000] {dag.py:3096} INFO - Sync 1 DAGs
[2026-03-09T19:07:23.648+0000] {logging_mixin.py:188} INFO - [2026-03-09T19:07:23.647+0000] {dag.py:3954} INFO - Setting next_dagrun for example_short_circuit_operator to 2026-03-08 00:00:00+00:00, run_after=2026-03-09 00:00:00+00:00
[2026-03-09T19:07:23.687+0000] {processor.py:183} INFO - Processing /home/airflow/.local/lib/python3.12/site-packages/airflow/example_dags/example_short_circuit_operator.py took 0.123 seconds
[2026-03-09T19:07:54.323+0000] {processor.py:161} INFO - Started process (PID=148) to work on /home/airflow/.local/lib/python3.12/site-packages/airflow/example_dags/example_short_circuit_operator.py
[2026-03-09T19:07:54.325+0000] {processor.py:830} INFO - Processing file /home/airflow/.local/lib/python3.12/site-packages/airflow/example_dags/example_short_circuit_operator.py for tasks to queue
[2026-03-09T19:07:54.328+0000] {logging_mixin.py:188} INFO - [2026-03-09T19:07:54.327+0000] {dagbag.py:545} INFO - Filling up the DagBag from /home/airflow/.local/lib/python3.12/site-packages/airflow/example_dags/example_short_circuit_operator.py
[2026-03-09T19:07:54.348+0000] {processor.py:840} INFO - DAG(s) 'example_short_circuit_operator' retrieved from /home/airflow/.local/lib/python3.12/site-packages/airflow/example_dags/example_short_circuit_operator.py
[2026-03-09T19:07:54.533+0000] {logging_mixin.py:188} INFO - [2026-03-09T19:07:54.532+0000] {dag.py:3096} INFO - Sync 1 DAGs
[2026-03-09T19:07:54.564+0000] {logging_mixin.py:188} INFO - [2026-03-09T19:07:54.564+0000] {dag.py:3954} INFO - Setting next_dagrun for example_short_circuit_operator to 2026-03-08 00:00:00+00:00, run_after=2026-03-09 00:00:00+00:00
[2026-03-09T19:07:54.622+0000] {processor.py:183} INFO - Processing /home/airflow/.local/lib/python3.12/site-packages/airflow/example_dags/example_short_circuit_operator.py took 0.309 seconds
[2026-03-09T19:08:25.499+0000] {processor.py:161} INFO - Started process (PID=208) to work on /home/airflow/.local/lib/python3.12/site-packages/airflow/example_dags/example_short_circuit_operator.py
[2026-03-09T19:08:25.503+0000] {processor.py:830} INFO - Processing file /home/airflow/.local/lib/python3.12/site-packages/airflow/example_dags/example_short_circuit_operator.py for tasks to queue
[2026-03-09T19:08:25.507+0000] {logging_mixin.py:188} INFO - [2026-03-09T19:08:25.506+0000] {dagbag.py:545} INFO - Filling up the DagBag from /home/airflow/.local/lib/python3.12/site-packages/airflow/example_dags/example_short_circuit_operator.py
[2026-03-09T19:08:25.516+0000] {processor.py:840} INFO - DAG(s) 'example_short_circuit_operator' retrieved from /home/airflow/.local/lib/python3.12/site-packages/airflow/example_dags/example_short_circuit_operator.py
[2026-03-09T19:08:25.547+0000] {logging_mixin.py:188} INFO - [2026-03-09T19:08:25.546+0000] {dag.py:3096} INFO - Sync 1 DAGs
[2026-03-09T19:08:25.573+0000] {logging_mixin.py:188} INFO - [2026-03-09T19:08:25.572+0000] {dag.py:3954} INFO - Setting next_dagrun for example_short_circuit_operator to 2026-03-08 00:00:00+00:00, run_after=2026-03-09 00:00:00+00:00
[2026-03-09T19:08:25.598+0000] {processor.py:183} INFO - Processing /home/airflow/.local/lib/python3.12/site-packages/airflow/example_dags/example_short_circuit_operator.py took 0.106 seconds
[2026-03-09T19:08:56.291+0000] {processor.py:161} INFO - Started process (PID=268) to work on /home/airflow/.local/lib/python3.12/site-packages/airflow/example_dags/example_short_circuit_operator.py
[2026-03-09T19:08:56.296+0000] {processor.py:830} INFO - Processing file /home/airflow/.local/lib/python3.12/site-packages/airflow/example_dags/example_short_circuit_operator.py for tasks to queue
[2026-03-09T19:08:56.299+0000] {logging_mixin.py:188} INFO - [2026-03-09T19:08:56.298+0000] {dagbag.py:545} INFO - Filling up the DagBag from /home/airflow/.local/lib/python3.12/site-packages/airflow/example_dags/example_short_circuit_operator.py
[2026-03-09T19:08:56.312+0000] {processor.py:840} INFO - DAG(s) 'example_short_circuit_operator' retrieved from /home/airflow/.local/lib/python3.12/site-packages/airflow/example_dags/example_short_circuit_operator.py
[2026-03-09T19:08:56.343+0000] {logging_mixin.py:188} INFO - [2026-03-09T19:08:56.342+0000] {dag.py:3096} INFO - Sync 1 DAGs
[2026-03-09T19:08:56.372+0000] {logging_mixin.py:188} INFO - [2026-03-09T19:08:56.372+0000] {dag.py:3954} INFO - Setting next_dagrun for example_short_circuit_operator to 2026-03-08 00:00:00+00:00, run_after=2026-03-09 00:00:00+00:00
[2026-03-09T19:08:56.403+0000] {processor.py:183} INFO - Processing /home/airflow/.local/lib/python3.12/site-packages/airflow/example_dags/example_short_circuit_operator.py took 0.121 seconds
[2026-03-09T19:09:27.005+0000] {processor.py:161} INFO - Started process (PID=328) to work on /home/airflow/.local/lib/python3.12/site-packages/airflow/example_dags/example_short_circuit_operator.py
[2026-03-09T19:09:27.007+0000] {processor.py:830} INFO - Processing file /home/airflow/.local/lib/python3.12/site-packages/airflow/example_dags/example_short_circuit_operator.py for tasks to queue
[2026-03-09T19:09:27.010+0000] {logging_mixin.py:188} INFO - [2026-03-09T19:09:27.010+0000] {dagbag.py:545} INFO - Filling up the DagBag from /home/airflow/.local/lib/python3.12/site-packages/airflow/example_dags/example_short_circuit_operator.py
[2026-03-09T19:09:27.025+0000] {processor.py:840} INFO - DAG(s) 'example_short_circuit_operator' retrieved from /home/airflow/.local/lib/python3.12/site-packages/airflow/example_dags/example_short_circuit_operator.py
[2026-03-09T19:09:27.062+0000] {logging_mixin.py:188} INFO - [2026-03-09T19:09:27.061+0000] {dag.py:3096} INFO - Sync 1 DAGs
[2026-03-09T19:09:27.093+0000] {logging_mixin.py:188} INFO - [2026-03-09T19:09:27.093+0000] {dag.py:3954} INFO - Setting next_dagrun for example_short_circuit_operator to 2026-03-08 00:00:00+00:00, run_after=2026-03-09 00:00:00+00:00
[2026-03-09T19:09:27.123+0000] {processor.py:183} INFO - Processing /home/airflow/.local/lib/python3.12/site-packages/airflow/example_dags/example_short_circuit_operator.py took 0.129 seconds
[2026-03-09T19:09:57.547+0000] {processor.py:161} INFO - Started process (PID=388) to work on /home/airflow/.local/lib/python3.12/site-packages/airflow/example_dags/example_short_circuit_operator.py
[2026-03-09T19:09:57.550+0000] {processor.py:830} INFO - Processing file /home/airflow/.local/lib/python3.12/site-packages/airflow/example_dags/example_short_circuit_operator.py for tasks to queue
[2026-03-09T19:09:57.554+0000] {logging_mixin.py:188} INFO - [2026-03-09T19:09:57.554+0000] {dagbag.py:545} INFO - Filling up the DagBag from /home/airflow/.local/lib/python3.12/site-packages/airflow/example_dags/example_short_circuit_operator.py
[2026-03-09T19:09:57.565+0000] {processor.py:840} INFO - DAG(s) 'example_short_circuit_operator' retrieved from /home/airflow/.local/lib/python3.12/site-packages/airflow/example_dags/example_short_circuit_operator.py
[2026-03-09T19:09:57.598+0000] {logging_mixin.py:188} INFO - [2026-03-09T19:09:57.598+0000] {dag.py:3096} INFO - Sync 1 DAGs
[2026-03-09T19:09:57.629+0000] {logging_mixin.py:188} INFO - [2026-03-09T19:09:57.628+0000] {dag.py:3954} INFO - Setting next_dagrun for example_short_circuit_operator to 2026-03-08 00:00:00+00:00, run_after=2026-03-09 00:00:00+00:00
[2026-03-09T19:09:57.653+0000] {processor.py:183} INFO - Processing /home/airflow/.local/lib/python3.12/site-packages/airflow/example_dags/example_short_circuit_operator.py took 0.121 seconds
[2026-03-09T19:10:28.045+0000] {processor.py:161} INFO - Started process (PID=448) to work on /home/airflow/.local/lib/python3.12/site-packages/airflow/example_dags/example_short_circuit_operator.py
[2026-03-09T19:10:28.048+0000] {processor.py:830} INFO - Processing file /home/airflow/.local/lib/python3.12/site-packages/airflow/example_dags/example_short_circuit_operator.py for tasks to queue
[2026-03-09T19:10:28.050+0000] {logging_mixin.py:188} INFO - [2026-03-09T19:10:28.050+0000] {dagbag.py:545} INFO - Filling up the DagBag from /home/airflow/.local/lib/python3.12/site-packages/airflow/example_dags/example_short_circuit_operator.py
[2026-03-09T19:10:28.061+0000] {processor.py:840} INFO - DAG(s) 'example_short_circuit_operator' retrieved from /home/airflow/.local/lib/python3.12/site-packages/airflow/example_dags/example_short_circuit_operator.py
[2026-03-09T19:10:28.091+0000] {logging_mixin.py:188} INFO - [2026-03-09T19:10:28.091+0000] {dag.py:3096} INFO - Sync 1 DAGs
[2026-03-09T19:10:28.119+0000] {logging_mixin.py:188} INFO - [2026-03-09T19:10:28.119+0000] {dag.py:3954} INFO - Setting next_dagrun for example_short_circuit_operator to 2026-03-08 00:00:00+00:00, run_after=2026-03-09 00:00:00+00:00
[2026-03-09T19:10:28.147+0000] {processor.py:183} INFO - Processing /home/airflow/.local/lib/python3.12/site-packages/airflow/example_dags/example_short_circuit_operator.py took 0.108 seconds
[2026-03-09T19:10:58.478+0000] {processor.py:161} INFO - Started process (PID=508) to work on /home/airflow/.local/lib/python3.12/site-packages/airflow/example_dags/example_short_circuit_operator.py
[2026-03-09T19:10:58.480+0000] {processor.py:830} INFO - Processing file /home/airflow/.local/lib/python3.12/site-packages/airflow/example_dags/example_short_circuit_operator.py for tasks to queue
[2026-03-09T19:10:58.483+0000] {logging_mixin.py:188} INFO - [2026-03-09T19:10:58.482+0000] {dagbag.py:545} INFO - Filling up the DagBag from /home/airflow/.local/lib/python3.12/site-packages/airflow/example_dags/example_short_circuit_operator.py
[2026-03-09T19:10:58.493+0000] {processor.py:840} INFO - DAG(s) 'example_short_circuit_operator' retrieved from /home/airflow/.local/lib/python3.12/site-packages/airflow/example_dags/example_short_circuit_operator.py
[2026-03-09T19:10:58.522+0000] {logging_mixin.py:188} INFO - [2026-03-09T19:10:58.522+0000] {dag.py:3096} INFO - Sync 1 DAGs
[2026-03-09T19:10:58.552+0000] {logging_mixin.py:188} INFO - [2026-03-09T19:10:58.552+0000] {dag.py:3954} INFO - Setting next_dagrun for example_short_circuit_operator to 2026-03-08 00:00:00+00:00, run_after=2026-03-09 00:00:00+00:00
[2026-03-09T19:10:58.587+0000] {processor.py:183} INFO - Processing /home/airflow/.local/lib/python3.12/site-packages/airflow/example_dags/example_short_circuit_operator.py took 0.118 seconds
[2026-03-09T19:11:28.941+0000] {processor.py:161} INFO - Started process (PID=568) to work on /home/airflow/.local/lib/python3.12/site-packages/airflow/example_dags/example_short_circuit_operator.py
[2026-03-09T19:11:28.943+0000] {processor.py:830} INFO - Processing file /home/airflow/.local/lib/python3.12/site-packages/airflow/example_dags/example_short_circuit_operator.py for tasks to queue
[2026-03-09T19:11:28.947+0000] {logging_mixin.py:188} INFO - [2026-03-09T19:11:28.946+0000] {dagbag.py:545} INFO - Filling up the DagBag from /home/airflow/.local/lib/python3.12/site-packages/airflow/example_dags/example_short_circuit_operator.py
[2026-03-09T19:11:28.960+0000] {processor.py:840} INFO - DAG(s) 'example_short_circuit_operator' retrieved from /home/airflow/.local/lib/python3.12/site-packages/airflow/example_dags/example_short_circuit_operator.py
[2026-03-09T19:11:28.992+0000] {logging_mixin.py:188} INFO - [2026-03-09T19:11:28.992+0000] {dag.py:3096} INFO - Sync 1 DAGs
[2026-03-09T19:11:29.017+0000] {logging_mixin.py:188} INFO - [2026-03-09T19:11:29.017+0000] {dag.py:3954} INFO - Setting next_dagrun for example_short_circuit_operator to 2026-03-08 00:00:00+00:00, run_after=2026-03-09 00:00:00+00:00
[2026-03-09T19:11:29.048+0000] {processor.py:183} INFO - Processing /home/airflow/.local/lib/python3.12/site-packages/airflow/example_dags/example_short_circuit_operator.py took 0.120 seconds
[2026-03-09T19:11:59.940+0000] {processor.py:161} INFO - Started process (PID=628) to work on /home/airflow/.local/lib/python3.12/site-packages/airflow/example_dags/example_short_circuit_operator.py
[2026-03-09T19:11:59.942+0000] {processor.py:830} INFO - Processing file /home/airflow/.local/lib/python3.12/site-packages/airflow/example_dags/example_short_circuit_operator.py for tasks to queue
[2026-03-09T19:11:59.945+0000] {logging_mixin.py:188} INFO - [2026-03-09T19:11:59.944+0000] {dagbag.py:545} INFO - Filling up the DagBag from /home/airflow/.local/lib/python3.12/site-packages/airflow/example_dags/example_short_circuit_operator.py
[2026-03-09T19:11:59.954+0000] {processor.py:840} INFO - DAG(s) 'example_short_circuit_operator' retrieved from /home/airflow/.local/lib/python3.12/site-packages/airflow/example_dags/example_short_circuit_operator.py
[2026-03-09T19:11:59.991+0000] {logging_mixin.py:188} INFO - [2026-03-09T19:11:59.991+0000] {dag.py:3096} INFO - Sync 1 DAGs
[2026-03-09T19:12:00.019+0000] {logging_mixin.py:188} INFO - [2026-03-09T19:12:00.019+0000] {dag.py:3954} INFO - Setting next_dagrun for example_short_circuit_operator to 2026-03-08 00:00:00+00:00, run_after=2026-03-09 00:00:00+00:00
[2026-03-09T19:12:00.050+0000] {processor.py:183} INFO - Processing /home/airflow/.local/lib/python3.12/site-packages/airflow/example_dags/example_short_circuit_operator.py took 0.118 seconds
[2026-03-09T19:12:30.565+0000] {processor.py:161} INFO - Started process (PID=688) to work on /home/airflow/.local/lib/python3.12/site-packages/airflow/example_dags/example_short_circuit_operator.py
[2026-03-09T19:12:30.567+0000] {processor.py:830} INFO - Processing file /home/airflow/.local/lib/python3.12/site-packages/airflow/example_dags/example_short_circuit_operator.py for tasks to queue
[2026-03-09T19:12:30.569+0000] {logging_mixin.py:188} INFO - [2026-03-09T19:12:30.569+0000] {dagbag.py:545} INFO - Filling up the DagBag from /home/airflow/.local/lib/python3.12/site-packages/airflow/example_dags/example_short_circuit_operator.py
[2026-03-09T19:12:30.578+0000] {processor.py:840} INFO - DAG(s) 'example_short_circuit_operator' retrieved from /home/airflow/.local/lib/python3.12/site-packages/airflow/example_dags/example_short_circuit_operator.py
[2026-03-09T19:12:30.607+0000] {logging_mixin.py:188} INFO - [2026-03-09T19:12:30.607+0000] {dag.py:3096} INFO - Sync 1 DAGs
[2026-03-09T19:12:30.638+0000] {logging_mixin.py:188} INFO - [2026-03-09T19:12:30.637+0000] {dag.py:3954} INFO - Setting next_dagrun for example_short_circuit_operator to 2026-03-08 00:00:00+00:00, run_after=2026-03-09 00:00:00+00:00
[2026-03-09T19:12:30.671+0000] {processor.py:183} INFO - Processing /home/airflow/.local/lib/python3.12/site-packages/airflow/example_dags/example_short_circuit_operator.py took 0.112 seconds
[2026-03-09T19:13:01.207+0000] {processor.py:161} INFO - Started process (PID=747) to work on /home/airflow/.local/lib/python3.12/site-packages/airflow/example_dags/example_short_circuit_operator.py
[2026-03-09T19:13:01.209+0000] {processor.py:830} INFO - Processing file /home/airflow/.local/lib/python3.12/site-packages/airflow/example_dags/example_short_circuit_operator.py for tasks to queue
[2026-03-09T19:13:01.214+0000] {logging_mixin.py:188} INFO - [2026-03-09T19:13:01.213+0000] {dagbag.py:545} INFO - Filling up the DagBag from /home/airflow/.local/lib/python3.12/site-packages/airflow/example_dags/example_short_circuit_operator.py
[2026-03-09T19:13:01.229+0000] {processor.py:840} INFO - DAG(s) 'example_short_circuit_operator' retrieved from /home/airflow/.local/lib/python3.12/site-packages/airflow/example_dags/example_short_circuit_operator.py
[2026-03-09T19:13:01.255+0000] {logging_mixin.py:188} INFO - [2026-03-09T19:13:01.255+0000] {dag.py:3096} INFO - Sync 1 DAGs
[2026-03-09T19:13:01.285+0000] {logging_mixin.py:188} INFO - [2026-03-09T19:13:01.285+0000] {dag.py:3954} INFO - Setting next_dagrun for example_short_circuit_operator to 2026-03-08 00:00:00+00:00, run_after=2026-03-09 00:00:00+00:00
[2026-03-09T19:13:01.314+0000] {processor.py:183} INFO - Processing /home/airflow/.local/lib/python3.12/site-packages/airflow/example_dags/example_short_circuit_operator.py took 0.120 seconds
[2026-03-09T19:13:31.954+0000] {processor.py:161} INFO - Started process (PID=807) to work on /home/airflow/.local/lib/python3.12/site-packages/airflow/example_dags/example_short_circuit_operator.py
[2026-03-09T19:13:31.957+0000] {processor.py:830} INFO - Processing file /home/airflow/.local/lib/python3.12/site-packages/airflow/example_dags/example_short_circuit_operator.py for tasks to queue
[2026-03-09T19:13:31.961+0000] {logging_mixin.py:188} INFO - [2026-03-09T19:13:31.960+0000] {dagbag.py:545} INFO - Filling up the DagBag from /home/airflow/.local/lib/python3.12/site-packages/airflow/example_dags/example_short_circuit_operator.py
[2026-03-09T19:13:31.971+0000] {processor.py:840} INFO - DAG(s) 'example_short_circuit_operator' retrieved from /home/airflow/.local/lib/python3.12/site-packages/airflow/example_dags/example_short_circuit_operator.py
[2026-03-09T19:13:32.000+0000] {logging_mixin.py:188} INFO - [2026-03-09T19:13:32.000+0000] {dag.py:3096} INFO - Sync 1 DAGs
[2026-03-09T19:13:32.026+0000] {logging_mixin.py:188} INFO - [2026-03-09T19:13:32.026+0000] {dag.py:3954} INFO - Setting next_dagrun for example_short_circuit_operator to 2026-03-08 00:00:00+00:00, run_after=2026-03-09 00:00:00+00:00
[2026-03-09T19:13:32.053+0000] {processor.py:183} INFO - Processing /home/airflow/.local/lib/python3.12/site-packages/airflow/example_dags/example_short_circuit_operator.py took 0.116 seconds
[2026-03-09T19:14:02.460+0000] {processor.py:161} INFO - Started process (PID=867) to work on /home/airflow/.local/lib/python3.12/site-packages/airflow/example_dags/example_short_circuit_operator.py
[2026-03-09T19:14:02.461+0000] {processor.py:830} INFO - Processing file /home/airflow/.local/lib/python3.12/site-packages/airflow/example_dags/example_short_circuit_operator.py for tasks to queue
[2026-03-09T19:14:02.464+0000] {logging_mixin.py:188} INFO - [2026-03-09T19:14:02.463+0000] {dagbag.py:545} INFO - Filling up the DagBag from /home/airflow/.local/lib/python3.12/site-packages/airflow/example_dags/example_short_circuit_operator.py
[2026-03-09T19:14:02.475+0000] {processor.py:840} INFO - DAG(s) 'example_short_circuit_operator' retrieved from /home/airflow/.local/lib/python3.12/site-packages/airflow/example_dags/example_short_circuit_operator.py
[2026-03-09T19:14:02.507+0000] {logging_mixin.py:188} INFO - [2026-03-09T19:14:02.507+0000] {dag.py:3096} INFO - Sync 1 DAGs
[2026-03-09T19:14:02.534+0000] {logging_mixin.py:188} INFO - [2026-03-09T19:14:02.534+0000] {dag.py:3954} INFO - Setting next_dagrun for example_short_circuit_operator to 2026-03-08 00:00:00+00:00, run_after=2026-03-09 00:00:00+00:00
[2026-03-09T19:14:02.565+0000] {processor.py:183} INFO - Processing /home/airflow/.local/lib/python3.12/site-packages/airflow/example_dags/example_short_circuit_operator.py took 0.112 seconds
[2026-03-09T19:14:32.932+0000] {processor.py:161} INFO - Started process (PID=927) to work on /home/airflow/.local/lib/python3.12/site-packages/airflow/example_dags/example_short_circuit_operator.py
[2026-03-09T19:14:32.933+0000] {processor.py:830} INFO - Processing file /home/airflow/.local/lib/python3.12/site-packages/airflow/example_dags/example_short_circuit_operator.py for tasks to queue
[2026-03-09T19:14:32.936+0000] {logging_mixin.py:188} INFO - [2026-03-09T19:14:32.935+0000] {dagbag.py:545} INFO - Filling up the DagBag from /home/airflow/.local/lib/python3.12/site-packages/airflow/example_dags/example_short_circuit_operator.py
[2026-03-09T19:14:32.948+0000] {processor.py:840} INFO - DAG(s) 'example_short_circuit_operator' retrieved from /home/airflow/.local/lib/python3.12/site-packages/airflow/example_dags/example_short_circuit_operator.py
[2026-03-09T19:14:32.979+0000] {logging_mixin.py:188} INFO - [2026-03-09T19:14:32.978+0000] {dag.py:3096} INFO - Sync 1 DAGs
[2026-03-09T19:14:33.014+0000] {logging_mixin.py:188} INFO - [2026-03-09T19:14:33.014+0000] {dag.py:3954} INFO - Setting next_dagrun for example_short_circuit_operator to 2026-03-08 00:00:00+00:00, run_after=2026-03-09 00:00:00+00:00
[2026-03-09T19:14:33.043+0000] {processor.py:183} INFO - Processing /home/airflow/.local/lib/python3.12/site-packages/airflow/example_dags/example_short_circuit_operator.py took 0.120 seconds
[2026-03-09T19:15:03.286+0000] {processor.py:161} INFO - Started process (PID=987) to work on /home/airflow/.local/lib/python3.12/site-packages/airflow/example_dags/example_short_circuit_operator.py
[2026-03-09T19:15:03.288+0000] {processor.py:830} INFO - Processing file /home/airflow/.local/lib/python3.12/site-packages/airflow/example_dags/example_short_circuit_operator.py for tasks to queue
[2026-03-09T19:15:03.291+0000] {logging_mixin.py:188} INFO - [2026-03-09T19:15:03.290+0000] {dagbag.py:545} INFO - Filling up the DagBag from /home/airflow/.local/lib/python3.12/site-packages/airflow/example_dags/example_short_circuit_operator.py
[2026-03-09T19:15:03.303+0000] {processor.py:840} INFO - DAG(s) 'example_short_circuit_operator' retrieved from /home/airflow/.local/lib/python3.12/site-packages/airflow/example_dags/example_short_circuit_operator.py
[2026-03-09T19:15:03.348+0000] {logging_mixin.py:188} INFO - [2026-03-09T19:15:03.348+0000] {dag.py:3096} INFO - Sync 1 DAGs
[2026-03-09T19:15:03.382+0000] {logging_mixin.py:188} INFO - [2026-03-09T19:15:03.381+0000] {dag.py:3954} INFO - Setting next_dagrun for example_short_circuit_operator to 2026-03-08 00:00:00+00:00, run_after=2026-03-09 00:00:00+00:00
[2026-03-09T19:15:03.415+0000] {processor.py:183} INFO - Processing /home/airflow/.local/lib/python3.12/site-packages/airflow/example_dags/example_short_circuit_operator.py took 0.137 seconds
