[2026-03-09T19:04:45.937+0000] {processor.py:161} INFO - Started process (PID=77) to work on /home/airflow/.local/lib/python3.12/site-packages/airflow/example_dags/example_sensors.py
[2026-03-09T19:04:45.938+0000] {processor.py:830} INFO - Processing file /home/airflow/.local/lib/python3.12/site-packages/airflow/example_dags/example_sensors.py for tasks to queue
[2026-03-09T19:04:45.941+0000] {logging_mixin.py:188} INFO - [2026-03-09T19:04:45.940+0000] {dagbag.py:545} INFO - Filling up the DagBag from /home/airflow/.local/lib/python3.12/site-packages/airflow/example_dags/example_sensors.py
[2026-03-09T19:04:45.956+0000] {processor.py:840} INFO - DAG(s) 'example_sensors' retrieved from /home/airflow/.local/lib/python3.12/site-packages/airflow/example_dags/example_sensors.py
[2026-03-09T19:04:46.003+0000] {logging_mixin.py:188} INFO - [2026-03-09T19:04:46.002+0000] {dag.py:3096} INFO - Sync 1 DAGs
[2026-03-09T19:04:46.036+0000] {logging_mixin.py:188} INFO - [2026-03-09T19:04:46.036+0000] {dag.py:3954} INFO - Setting next_dagrun for example_sensors to None, run_after=None
[2026-03-09T19:04:46.072+0000] {processor.py:183} INFO - Processing /home/airflow/.local/lib/python3.12/site-packages/airflow/example_dags/example_sensors.py took 0.142 seconds
[2026-03-09T19:05:16.653+0000] {processor.py:161} INFO - Started process (PID=135) to work on /home/airflow/.local/lib/python3.12/site-packages/airflow/example_dags/example_sensors.py
[2026-03-09T19:05:16.654+0000] {processor.py:830} INFO - Processing file /home/airflow/.local/lib/python3.12/site-packages/airflow/example_dags/example_sensors.py for tasks to queue
[2026-03-09T19:05:16.657+0000] {logging_mixin.py:188} INFO - [2026-03-09T19:05:16.656+0000] {dagbag.py:545} INFO - Filling up the DagBag from /home/airflow/.local/lib/python3.12/site-packages/airflow/example_dags/example_sensors.py
[2026-03-09T19:05:16.667+0000] {processor.py:840} INFO - DAG(s) 'example_sensors' retrieved from /home/airflow/.local/lib/python3.12/site-packages/airflow/example_dags/example_sensors.py
[2026-03-09T19:05:16.695+0000] {logging_mixin.py:188} INFO - [2026-03-09T19:05:16.695+0000] {dag.py:3096} INFO - Sync 1 DAGs
[2026-03-09T19:05:16.711+0000] {logging_mixin.py:188} INFO - [2026-03-09T19:05:16.711+0000] {dag.py:3954} INFO - Setting next_dagrun for example_sensors to None, run_after=None
[2026-03-09T19:05:16.734+0000] {processor.py:183} INFO - Processing /home/airflow/.local/lib/python3.12/site-packages/airflow/example_dags/example_sensors.py took 0.087 seconds
[2026-03-09T19:05:47.147+0000] {processor.py:161} INFO - Started process (PID=193) to work on /home/airflow/.local/lib/python3.12/site-packages/airflow/example_dags/example_sensors.py
[2026-03-09T19:05:47.148+0000] {processor.py:830} INFO - Processing file /home/airflow/.local/lib/python3.12/site-packages/airflow/example_dags/example_sensors.py for tasks to queue
[2026-03-09T19:05:47.152+0000] {logging_mixin.py:188} INFO - [2026-03-09T19:05:47.151+0000] {dagbag.py:545} INFO - Filling up the DagBag from /home/airflow/.local/lib/python3.12/site-packages/airflow/example_dags/example_sensors.py
[2026-03-09T19:05:47.165+0000] {processor.py:840} INFO - DAG(s) 'example_sensors' retrieved from /home/airflow/.local/lib/python3.12/site-packages/airflow/example_dags/example_sensors.py
[2026-03-09T19:05:47.199+0000] {logging_mixin.py:188} INFO - [2026-03-09T19:05:47.199+0000] {dag.py:3096} INFO - Sync 1 DAGs
[2026-03-09T19:05:47.216+0000] {logging_mixin.py:188} INFO - [2026-03-09T19:05:47.216+0000] {dag.py:3954} INFO - Setting next_dagrun for example_sensors to None, run_after=None
[2026-03-09T19:05:47.248+0000] {processor.py:183} INFO - Processing /home/airflow/.local/lib/python3.12/site-packages/airflow/example_dags/example_sensors.py took 0.109 seconds
[2026-03-09T19:06:17.505+0000] {processor.py:161} INFO - Started process (PID=251) to work on /home/airflow/.local/lib/python3.12/site-packages/airflow/example_dags/example_sensors.py
[2026-03-09T19:06:17.508+0000] {processor.py:830} INFO - Processing file /home/airflow/.local/lib/python3.12/site-packages/airflow/example_dags/example_sensors.py for tasks to queue
[2026-03-09T19:06:17.511+0000] {logging_mixin.py:188} INFO - [2026-03-09T19:06:17.510+0000] {dagbag.py:545} INFO - Filling up the DagBag from /home/airflow/.local/lib/python3.12/site-packages/airflow/example_dags/example_sensors.py
[2026-03-09T19:06:17.522+0000] {processor.py:840} INFO - DAG(s) 'example_sensors' retrieved from /home/airflow/.local/lib/python3.12/site-packages/airflow/example_dags/example_sensors.py
[2026-03-09T19:06:17.555+0000] {logging_mixin.py:188} INFO - [2026-03-09T19:06:17.555+0000] {dag.py:3096} INFO - Sync 1 DAGs
[2026-03-09T19:06:17.574+0000] {logging_mixin.py:188} INFO - [2026-03-09T19:06:17.574+0000] {dag.py:3954} INFO - Setting next_dagrun for example_sensors to None, run_after=None
[2026-03-09T19:06:17.603+0000] {processor.py:183} INFO - Processing /home/airflow/.local/lib/python3.12/site-packages/airflow/example_dags/example_sensors.py took 0.106 seconds
[2026-03-09T19:07:22.358+0000] {processor.py:161} INFO - Started process (PID=75) to work on /home/airflow/.local/lib/python3.12/site-packages/airflow/example_dags/example_sensors.py
[2026-03-09T19:07:22.360+0000] {processor.py:830} INFO - Processing file /home/airflow/.local/lib/python3.12/site-packages/airflow/example_dags/example_sensors.py for tasks to queue
[2026-03-09T19:07:22.365+0000] {logging_mixin.py:188} INFO - [2026-03-09T19:07:22.364+0000] {dagbag.py:545} INFO - Filling up the DagBag from /home/airflow/.local/lib/python3.12/site-packages/airflow/example_dags/example_sensors.py
[2026-03-09T19:07:22.395+0000] {processor.py:840} INFO - DAG(s) 'example_sensors' retrieved from /home/airflow/.local/lib/python3.12/site-packages/airflow/example_dags/example_sensors.py
[2026-03-09T19:07:22.451+0000] {logging_mixin.py:188} INFO - [2026-03-09T19:07:22.448+0000] {dag.py:3096} INFO - Sync 1 DAGs
[2026-03-09T19:07:22.490+0000] {logging_mixin.py:188} INFO - [2026-03-09T19:07:22.490+0000] {dag.py:3954} INFO - Setting next_dagrun for example_sensors to None, run_after=None
[2026-03-09T19:07:22.567+0000] {processor.py:183} INFO - Processing /home/airflow/.local/lib/python3.12/site-packages/airflow/example_dags/example_sensors.py took 0.219 seconds
[2026-03-09T19:07:52.661+0000] {processor.py:161} INFO - Started process (PID=135) to work on /home/airflow/.local/lib/python3.12/site-packages/airflow/example_dags/example_sensors.py
[2026-03-09T19:07:52.662+0000] {processor.py:830} INFO - Processing file /home/airflow/.local/lib/python3.12/site-packages/airflow/example_dags/example_sensors.py for tasks to queue
[2026-03-09T19:07:52.665+0000] {logging_mixin.py:188} INFO - [2026-03-09T19:07:52.664+0000] {dagbag.py:545} INFO - Filling up the DagBag from /home/airflow/.local/lib/python3.12/site-packages/airflow/example_dags/example_sensors.py
[2026-03-09T19:07:52.678+0000] {processor.py:840} INFO - DAG(s) 'example_sensors' retrieved from /home/airflow/.local/lib/python3.12/site-packages/airflow/example_dags/example_sensors.py
[2026-03-09T19:07:52.826+0000] {logging_mixin.py:188} INFO - [2026-03-09T19:07:52.826+0000] {dag.py:3096} INFO - Sync 1 DAGs
[2026-03-09T19:07:52.842+0000] {logging_mixin.py:188} INFO - [2026-03-09T19:07:52.841+0000] {dag.py:3954} INFO - Setting next_dagrun for example_sensors to None, run_after=None
[2026-03-09T19:07:52.881+0000] {processor.py:183} INFO - Processing /home/airflow/.local/lib/python3.12/site-packages/airflow/example_dags/example_sensors.py took 0.226 seconds
[2026-03-09T19:08:23.571+0000] {processor.py:161} INFO - Started process (PID=195) to work on /home/airflow/.local/lib/python3.12/site-packages/airflow/example_dags/example_sensors.py
[2026-03-09T19:08:23.573+0000] {processor.py:830} INFO - Processing file /home/airflow/.local/lib/python3.12/site-packages/airflow/example_dags/example_sensors.py for tasks to queue
[2026-03-09T19:08:23.576+0000] {logging_mixin.py:188} INFO - [2026-03-09T19:08:23.575+0000] {dagbag.py:545} INFO - Filling up the DagBag from /home/airflow/.local/lib/python3.12/site-packages/airflow/example_dags/example_sensors.py
[2026-03-09T19:08:23.587+0000] {processor.py:840} INFO - DAG(s) 'example_sensors' retrieved from /home/airflow/.local/lib/python3.12/site-packages/airflow/example_dags/example_sensors.py
[2026-03-09T19:08:23.624+0000] {logging_mixin.py:188} INFO - [2026-03-09T19:08:23.624+0000] {dag.py:3096} INFO - Sync 1 DAGs
[2026-03-09T19:08:23.642+0000] {logging_mixin.py:188} INFO - [2026-03-09T19:08:23.642+0000] {dag.py:3954} INFO - Setting next_dagrun for example_sensors to None, run_after=None
[2026-03-09T19:08:23.673+0000] {processor.py:183} INFO - Processing /home/airflow/.local/lib/python3.12/site-packages/airflow/example_dags/example_sensors.py took 0.108 seconds
[2026-03-09T19:08:54.313+0000] {processor.py:161} INFO - Started process (PID=255) to work on /home/airflow/.local/lib/python3.12/site-packages/airflow/example_dags/example_sensors.py
[2026-03-09T19:08:54.314+0000] {processor.py:830} INFO - Processing file /home/airflow/.local/lib/python3.12/site-packages/airflow/example_dags/example_sensors.py for tasks to queue
[2026-03-09T19:08:54.317+0000] {logging_mixin.py:188} INFO - [2026-03-09T19:08:54.317+0000] {dagbag.py:545} INFO - Filling up the DagBag from /home/airflow/.local/lib/python3.12/site-packages/airflow/example_dags/example_sensors.py
[2026-03-09T19:08:54.330+0000] {processor.py:840} INFO - DAG(s) 'example_sensors' retrieved from /home/airflow/.local/lib/python3.12/site-packages/airflow/example_dags/example_sensors.py
[2026-03-09T19:08:54.366+0000] {logging_mixin.py:188} INFO - [2026-03-09T19:08:54.366+0000] {dag.py:3096} INFO - Sync 1 DAGs
[2026-03-09T19:08:54.387+0000] {logging_mixin.py:188} INFO - [2026-03-09T19:08:54.387+0000] {dag.py:3954} INFO - Setting next_dagrun for example_sensors to None, run_after=None
[2026-03-09T19:08:54.423+0000] {processor.py:183} INFO - Processing /home/airflow/.local/lib/python3.12/site-packages/airflow/example_dags/example_sensors.py took 0.118 seconds
[2026-03-09T19:09:25.081+0000] {processor.py:161} INFO - Started process (PID=315) to work on /home/airflow/.local/lib/python3.12/site-packages/airflow/example_dags/example_sensors.py
[2026-03-09T19:09:25.083+0000] {processor.py:830} INFO - Processing file /home/airflow/.local/lib/python3.12/site-packages/airflow/example_dags/example_sensors.py for tasks to queue
[2026-03-09T19:09:25.086+0000] {logging_mixin.py:188} INFO - [2026-03-09T19:09:25.085+0000] {dagbag.py:545} INFO - Filling up the DagBag from /home/airflow/.local/lib/python3.12/site-packages/airflow/example_dags/example_sensors.py
[2026-03-09T19:09:25.097+0000] {processor.py:840} INFO - DAG(s) 'example_sensors' retrieved from /home/airflow/.local/lib/python3.12/site-packages/airflow/example_dags/example_sensors.py
[2026-03-09T19:09:25.132+0000] {logging_mixin.py:188} INFO - [2026-03-09T19:09:25.131+0000] {dag.py:3096} INFO - Sync 1 DAGs
[2026-03-09T19:09:25.147+0000] {logging_mixin.py:188} INFO - [2026-03-09T19:09:25.147+0000] {dag.py:3954} INFO - Setting next_dagrun for example_sensors to None, run_after=None
[2026-03-09T19:09:25.177+0000] {processor.py:183} INFO - Processing /home/airflow/.local/lib/python3.12/site-packages/airflow/example_dags/example_sensors.py took 0.104 seconds
[2026-03-09T19:09:55.617+0000] {processor.py:161} INFO - Started process (PID=375) to work on /home/airflow/.local/lib/python3.12/site-packages/airflow/example_dags/example_sensors.py
[2026-03-09T19:09:55.618+0000] {processor.py:830} INFO - Processing file /home/airflow/.local/lib/python3.12/site-packages/airflow/example_dags/example_sensors.py for tasks to queue
[2026-03-09T19:09:55.621+0000] {logging_mixin.py:188} INFO - [2026-03-09T19:09:55.621+0000] {dagbag.py:545} INFO - Filling up the DagBag from /home/airflow/.local/lib/python3.12/site-packages/airflow/example_dags/example_sensors.py
[2026-03-09T19:09:55.633+0000] {processor.py:840} INFO - DAG(s) 'example_sensors' retrieved from /home/airflow/.local/lib/python3.12/site-packages/airflow/example_dags/example_sensors.py
[2026-03-09T19:09:55.673+0000] {logging_mixin.py:188} INFO - [2026-03-09T19:09:55.672+0000] {dag.py:3096} INFO - Sync 1 DAGs
[2026-03-09T19:09:55.689+0000] {logging_mixin.py:188} INFO - [2026-03-09T19:09:55.688+0000] {dag.py:3954} INFO - Setting next_dagrun for example_sensors to None, run_after=None
[2026-03-09T19:09:55.714+0000] {processor.py:183} INFO - Processing /home/airflow/.local/lib/python3.12/site-packages/airflow/example_dags/example_sensors.py took 0.105 seconds
[2026-03-09T19:10:26.109+0000] {processor.py:161} INFO - Started process (PID=435) to work on /home/airflow/.local/lib/python3.12/site-packages/airflow/example_dags/example_sensors.py
[2026-03-09T19:10:26.111+0000] {processor.py:830} INFO - Processing file /home/airflow/.local/lib/python3.12/site-packages/airflow/example_dags/example_sensors.py for tasks to queue
[2026-03-09T19:10:26.113+0000] {logging_mixin.py:188} INFO - [2026-03-09T19:10:26.112+0000] {dagbag.py:545} INFO - Filling up the DagBag from /home/airflow/.local/lib/python3.12/site-packages/airflow/example_dags/example_sensors.py
[2026-03-09T19:10:26.126+0000] {processor.py:840} INFO - DAG(s) 'example_sensors' retrieved from /home/airflow/.local/lib/python3.12/site-packages/airflow/example_dags/example_sensors.py
[2026-03-09T19:10:26.157+0000] {logging_mixin.py:188} INFO - [2026-03-09T19:10:26.157+0000] {dag.py:3096} INFO - Sync 1 DAGs
[2026-03-09T19:10:26.174+0000] {logging_mixin.py:188} INFO - [2026-03-09T19:10:26.173+0000] {dag.py:3954} INFO - Setting next_dagrun for example_sensors to None, run_after=None
[2026-03-09T19:10:26.210+0000] {processor.py:183} INFO - Processing /home/airflow/.local/lib/python3.12/site-packages/airflow/example_dags/example_sensors.py took 0.108 seconds
[2026-03-09T19:10:56.593+0000] {processor.py:161} INFO - Started process (PID=495) to work on /home/airflow/.local/lib/python3.12/site-packages/airflow/example_dags/example_sensors.py
[2026-03-09T19:10:56.594+0000] {processor.py:830} INFO - Processing file /home/airflow/.local/lib/python3.12/site-packages/airflow/example_dags/example_sensors.py for tasks to queue
[2026-03-09T19:10:56.597+0000] {logging_mixin.py:188} INFO - [2026-03-09T19:10:56.596+0000] {dagbag.py:545} INFO - Filling up the DagBag from /home/airflow/.local/lib/python3.12/site-packages/airflow/example_dags/example_sensors.py
[2026-03-09T19:10:56.611+0000] {processor.py:840} INFO - DAG(s) 'example_sensors' retrieved from /home/airflow/.local/lib/python3.12/site-packages/airflow/example_dags/example_sensors.py
[2026-03-09T19:10:56.654+0000] {logging_mixin.py:188} INFO - [2026-03-09T19:10:56.654+0000] {dag.py:3096} INFO - Sync 1 DAGs
[2026-03-09T19:10:56.674+0000] {logging_mixin.py:188} INFO - [2026-03-09T19:10:56.674+0000] {dag.py:3954} INFO - Setting next_dagrun for example_sensors to None, run_after=None
[2026-03-09T19:10:56.706+0000] {processor.py:183} INFO - Processing /home/airflow/.local/lib/python3.12/site-packages/airflow/example_dags/example_sensors.py took 0.119 seconds
[2026-03-09T19:11:27.031+0000] {processor.py:161} INFO - Started process (PID=555) to work on /home/airflow/.local/lib/python3.12/site-packages/airflow/example_dags/example_sensors.py
[2026-03-09T19:11:27.033+0000] {processor.py:830} INFO - Processing file /home/airflow/.local/lib/python3.12/site-packages/airflow/example_dags/example_sensors.py for tasks to queue
[2026-03-09T19:11:27.036+0000] {logging_mixin.py:188} INFO - [2026-03-09T19:11:27.035+0000] {dagbag.py:545} INFO - Filling up the DagBag from /home/airflow/.local/lib/python3.12/site-packages/airflow/example_dags/example_sensors.py
[2026-03-09T19:11:27.050+0000] {processor.py:840} INFO - DAG(s) 'example_sensors' retrieved from /home/airflow/.local/lib/python3.12/site-packages/airflow/example_dags/example_sensors.py
[2026-03-09T19:11:27.080+0000] {logging_mixin.py:188} INFO - [2026-03-09T19:11:27.079+0000] {dag.py:3096} INFO - Sync 1 DAGs
[2026-03-09T19:11:27.097+0000] {logging_mixin.py:188} INFO - [2026-03-09T19:11:27.096+0000] {dag.py:3954} INFO - Setting next_dagrun for example_sensors to None, run_after=None
[2026-03-09T19:11:27.126+0000] {processor.py:183} INFO - Processing /home/airflow/.local/lib/python3.12/site-packages/airflow/example_dags/example_sensors.py took 0.102 seconds
[2026-03-09T19:11:58.057+0000] {processor.py:161} INFO - Started process (PID=615) to work on /home/airflow/.local/lib/python3.12/site-packages/airflow/example_dags/example_sensors.py
[2026-03-09T19:11:58.058+0000] {processor.py:830} INFO - Processing file /home/airflow/.local/lib/python3.12/site-packages/airflow/example_dags/example_sensors.py for tasks to queue
[2026-03-09T19:11:58.061+0000] {logging_mixin.py:188} INFO - [2026-03-09T19:11:58.060+0000] {dagbag.py:545} INFO - Filling up the DagBag from /home/airflow/.local/lib/python3.12/site-packages/airflow/example_dags/example_sensors.py
[2026-03-09T19:11:58.076+0000] {processor.py:840} INFO - DAG(s) 'example_sensors' retrieved from /home/airflow/.local/lib/python3.12/site-packages/airflow/example_dags/example_sensors.py
[2026-03-09T19:11:58.108+0000] {logging_mixin.py:188} INFO - [2026-03-09T19:11:58.108+0000] {dag.py:3096} INFO - Sync 1 DAGs
[2026-03-09T19:11:58.125+0000] {logging_mixin.py:188} INFO - [2026-03-09T19:11:58.125+0000] {dag.py:3954} INFO - Setting next_dagrun for example_sensors to None, run_after=None
[2026-03-09T19:11:58.152+0000] {processor.py:183} INFO - Processing /home/airflow/.local/lib/python3.12/site-packages/airflow/example_dags/example_sensors.py took 0.101 seconds
[2026-03-09T19:12:28.692+0000] {processor.py:161} INFO - Started process (PID=675) to work on /home/airflow/.local/lib/python3.12/site-packages/airflow/example_dags/example_sensors.py
[2026-03-09T19:12:28.693+0000] {processor.py:830} INFO - Processing file /home/airflow/.local/lib/python3.12/site-packages/airflow/example_dags/example_sensors.py for tasks to queue
[2026-03-09T19:12:28.696+0000] {logging_mixin.py:188} INFO - [2026-03-09T19:12:28.695+0000] {dagbag.py:545} INFO - Filling up the DagBag from /home/airflow/.local/lib/python3.12/site-packages/airflow/example_dags/example_sensors.py
[2026-03-09T19:12:28.708+0000] {processor.py:840} INFO - DAG(s) 'example_sensors' retrieved from /home/airflow/.local/lib/python3.12/site-packages/airflow/example_dags/example_sensors.py
[2026-03-09T19:12:28.741+0000] {logging_mixin.py:188} INFO - [2026-03-09T19:12:28.741+0000] {dag.py:3096} INFO - Sync 1 DAGs
[2026-03-09T19:12:28.758+0000] {logging_mixin.py:188} INFO - [2026-03-09T19:12:28.758+0000] {dag.py:3954} INFO - Setting next_dagrun for example_sensors to None, run_after=None
[2026-03-09T19:12:28.789+0000] {processor.py:183} INFO - Processing /home/airflow/.local/lib/python3.12/site-packages/airflow/example_dags/example_sensors.py took 0.103 seconds
[2026-03-09T19:12:59.112+0000] {processor.py:161} INFO - Started process (PID=733) to work on /home/airflow/.local/lib/python3.12/site-packages/airflow/example_dags/example_sensors.py
[2026-03-09T19:12:59.114+0000] {processor.py:830} INFO - Processing file /home/airflow/.local/lib/python3.12/site-packages/airflow/example_dags/example_sensors.py for tasks to queue
[2026-03-09T19:12:59.117+0000] {logging_mixin.py:188} INFO - [2026-03-09T19:12:59.116+0000] {dagbag.py:545} INFO - Filling up the DagBag from /home/airflow/.local/lib/python3.12/site-packages/airflow/example_dags/example_sensors.py
[2026-03-09T19:12:59.130+0000] {processor.py:840} INFO - DAG(s) 'example_sensors' retrieved from /home/airflow/.local/lib/python3.12/site-packages/airflow/example_dags/example_sensors.py
[2026-03-09T19:12:59.159+0000] {logging_mixin.py:188} INFO - [2026-03-09T19:12:59.159+0000] {dag.py:3096} INFO - Sync 1 DAGs
[2026-03-09T19:12:59.175+0000] {logging_mixin.py:188} INFO - [2026-03-09T19:12:59.174+0000] {dag.py:3954} INFO - Setting next_dagrun for example_sensors to None, run_after=None
[2026-03-09T19:12:59.200+0000] {processor.py:183} INFO - Processing /home/airflow/.local/lib/python3.12/site-packages/airflow/example_dags/example_sensors.py took 0.096 seconds
[2026-03-09T19:13:29.731+0000] {processor.py:161} INFO - Started process (PID=792) to work on /home/airflow/.local/lib/python3.12/site-packages/airflow/example_dags/example_sensors.py
[2026-03-09T19:13:29.732+0000] {processor.py:830} INFO - Processing file /home/airflow/.local/lib/python3.12/site-packages/airflow/example_dags/example_sensors.py for tasks to queue
[2026-03-09T19:13:29.735+0000] {logging_mixin.py:188} INFO - [2026-03-09T19:13:29.734+0000] {dagbag.py:545} INFO - Filling up the DagBag from /home/airflow/.local/lib/python3.12/site-packages/airflow/example_dags/example_sensors.py
[2026-03-09T19:13:29.746+0000] {processor.py:840} INFO - DAG(s) 'example_sensors' retrieved from /home/airflow/.local/lib/python3.12/site-packages/airflow/example_dags/example_sensors.py
[2026-03-09T19:13:29.777+0000] {logging_mixin.py:188} INFO - [2026-03-09T19:13:29.776+0000] {dag.py:3096} INFO - Sync 1 DAGs
[2026-03-09T19:13:29.794+0000] {logging_mixin.py:188} INFO - [2026-03-09T19:13:29.793+0000] {dag.py:3954} INFO - Setting next_dagrun for example_sensors to None, run_after=None
[2026-03-09T19:13:29.818+0000] {processor.py:183} INFO - Processing /home/airflow/.local/lib/python3.12/site-packages/airflow/example_dags/example_sensors.py took 0.094 seconds
[2026-03-09T19:14:00.166+0000] {processor.py:161} INFO - Started process (PID=852) to work on /home/airflow/.local/lib/python3.12/site-packages/airflow/example_dags/example_sensors.py
[2026-03-09T19:14:00.168+0000] {processor.py:830} INFO - Processing file /home/airflow/.local/lib/python3.12/site-packages/airflow/example_dags/example_sensors.py for tasks to queue
[2026-03-09T19:14:00.170+0000] {logging_mixin.py:188} INFO - [2026-03-09T19:14:00.170+0000] {dagbag.py:545} INFO - Filling up the DagBag from /home/airflow/.local/lib/python3.12/site-packages/airflow/example_dags/example_sensors.py
[2026-03-09T19:14:00.186+0000] {processor.py:840} INFO - DAG(s) 'example_sensors' retrieved from /home/airflow/.local/lib/python3.12/site-packages/airflow/example_dags/example_sensors.py
[2026-03-09T19:14:00.224+0000] {logging_mixin.py:188} INFO - [2026-03-09T19:14:00.224+0000] {dag.py:3096} INFO - Sync 1 DAGs
[2026-03-09T19:14:00.247+0000] {logging_mixin.py:188} INFO - [2026-03-09T19:14:00.247+0000] {dag.py:3954} INFO - Setting next_dagrun for example_sensors to None, run_after=None
[2026-03-09T19:14:00.274+0000] {processor.py:183} INFO - Processing /home/airflow/.local/lib/python3.12/site-packages/airflow/example_dags/example_sensors.py took 0.116 seconds
[2026-03-09T19:14:30.664+0000] {processor.py:161} INFO - Started process (PID=912) to work on /home/airflow/.local/lib/python3.12/site-packages/airflow/example_dags/example_sensors.py
[2026-03-09T19:14:30.665+0000] {processor.py:830} INFO - Processing file /home/airflow/.local/lib/python3.12/site-packages/airflow/example_dags/example_sensors.py for tasks to queue
[2026-03-09T19:14:30.668+0000] {logging_mixin.py:188} INFO - [2026-03-09T19:14:30.668+0000] {dagbag.py:545} INFO - Filling up the DagBag from /home/airflow/.local/lib/python3.12/site-packages/airflow/example_dags/example_sensors.py
[2026-03-09T19:14:30.683+0000] {processor.py:840} INFO - DAG(s) 'example_sensors' retrieved from /home/airflow/.local/lib/python3.12/site-packages/airflow/example_dags/example_sensors.py
[2026-03-09T19:14:30.723+0000] {logging_mixin.py:188} INFO - [2026-03-09T19:14:30.722+0000] {dag.py:3096} INFO - Sync 1 DAGs
[2026-03-09T19:14:30.743+0000] {logging_mixin.py:188} INFO - [2026-03-09T19:14:30.743+0000] {dag.py:3954} INFO - Setting next_dagrun for example_sensors to None, run_after=None
[2026-03-09T19:14:30.776+0000] {processor.py:183} INFO - Processing /home/airflow/.local/lib/python3.12/site-packages/airflow/example_dags/example_sensors.py took 0.119 seconds
[2026-03-09T19:15:00.993+0000] {processor.py:161} INFO - Started process (PID=972) to work on /home/airflow/.local/lib/python3.12/site-packages/airflow/example_dags/example_sensors.py
[2026-03-09T19:15:00.994+0000] {processor.py:830} INFO - Processing file /home/airflow/.local/lib/python3.12/site-packages/airflow/example_dags/example_sensors.py for tasks to queue
[2026-03-09T19:15:00.998+0000] {logging_mixin.py:188} INFO - [2026-03-09T19:15:00.997+0000] {dagbag.py:545} INFO - Filling up the DagBag from /home/airflow/.local/lib/python3.12/site-packages/airflow/example_dags/example_sensors.py
[2026-03-09T19:15:01.014+0000] {processor.py:840} INFO - DAG(s) 'example_sensors' retrieved from /home/airflow/.local/lib/python3.12/site-packages/airflow/example_dags/example_sensors.py
[2026-03-09T19:15:01.047+0000] {logging_mixin.py:188} INFO - [2026-03-09T19:15:01.047+0000] {dag.py:3096} INFO - Sync 1 DAGs
[2026-03-09T19:15:01.063+0000] {logging_mixin.py:188} INFO - [2026-03-09T19:15:01.062+0000] {dag.py:3954} INFO - Setting next_dagrun for example_sensors to None, run_after=None
[2026-03-09T19:15:01.088+0000] {processor.py:183} INFO - Processing /home/airflow/.local/lib/python3.12/site-packages/airflow/example_dags/example_sensors.py took 0.104 seconds
