[2026-03-09T19:04:45.103+0000] {processor.py:161} INFO - Started process (PID=65) to work on /home/airflow/.local/lib/python3.12/site-packages/airflow/example_dags/example_kubernetes_executor.py
[2026-03-09T19:04:45.104+0000] {processor.py:830} INFO - Processing file /home/airflow/.local/lib/python3.12/site-packages/airflow/example_dags/example_kubernetes_executor.py for tasks to queue
[2026-03-09T19:04:45.107+0000] {logging_mixin.py:188} INFO - [2026-03-09T19:04:45.106+0000] {dagbag.py:545} INFO - Filling up the DagBag from /home/airflow/.local/lib/python3.12/site-packages/airflow/example_dags/example_kubernetes_executor.py
[2026-03-09T19:04:45.133+0000] {processor.py:840} INFO - DAG(s) 'example_kubernetes_executor' retrieved from /home/airflow/.local/lib/python3.12/site-packages/airflow/example_dags/example_kubernetes_executor.py
[2026-03-09T19:04:45.205+0000] {logging_mixin.py:188} INFO - [2026-03-09T19:04:45.204+0000] {dag.py:3096} INFO - Sync 1 DAGs
[2026-03-09T19:04:45.234+0000] {logging_mixin.py:188} INFO - [2026-03-09T19:04:45.233+0000] {dag.py:3954} INFO - Setting next_dagrun for example_kubernetes_executor to None, run_after=None
[2026-03-09T19:04:45.273+0000] {processor.py:183} INFO - Processing /home/airflow/.local/lib/python3.12/site-packages/airflow/example_dags/example_kubernetes_executor.py took 0.179 seconds
[2026-03-09T19:05:15.335+0000] {processor.py:161} INFO - Started process (PID=123) to work on /home/airflow/.local/lib/python3.12/site-packages/airflow/example_dags/example_kubernetes_executor.py
[2026-03-09T19:05:15.336+0000] {processor.py:830} INFO - Processing file /home/airflow/.local/lib/python3.12/site-packages/airflow/example_dags/example_kubernetes_executor.py for tasks to queue
[2026-03-09T19:05:15.339+0000] {logging_mixin.py:188} INFO - [2026-03-09T19:05:15.338+0000] {dagbag.py:545} INFO - Filling up the DagBag from /home/airflow/.local/lib/python3.12/site-packages/airflow/example_dags/example_kubernetes_executor.py
[2026-03-09T19:05:15.354+0000] {processor.py:840} INFO - DAG(s) 'example_kubernetes_executor' retrieved from /home/airflow/.local/lib/python3.12/site-packages/airflow/example_dags/example_kubernetes_executor.py
[2026-03-09T19:05:15.402+0000] {logging_mixin.py:188} INFO - [2026-03-09T19:05:15.402+0000] {dag.py:3096} INFO - Sync 1 DAGs
[2026-03-09T19:05:15.424+0000] {logging_mixin.py:188} INFO - [2026-03-09T19:05:15.423+0000] {dag.py:3954} INFO - Setting next_dagrun for example_kubernetes_executor to None, run_after=None
[2026-03-09T19:05:15.454+0000] {processor.py:183} INFO - Processing /home/airflow/.local/lib/python3.12/site-packages/airflow/example_dags/example_kubernetes_executor.py took 0.127 seconds
[2026-03-09T19:05:45.587+0000] {processor.py:161} INFO - Started process (PID=181) to work on /home/airflow/.local/lib/python3.12/site-packages/airflow/example_dags/example_kubernetes_executor.py
[2026-03-09T19:05:45.589+0000] {processor.py:830} INFO - Processing file /home/airflow/.local/lib/python3.12/site-packages/airflow/example_dags/example_kubernetes_executor.py for tasks to queue
[2026-03-09T19:05:45.593+0000] {logging_mixin.py:188} INFO - [2026-03-09T19:05:45.592+0000] {dagbag.py:545} INFO - Filling up the DagBag from /home/airflow/.local/lib/python3.12/site-packages/airflow/example_dags/example_kubernetes_executor.py
[2026-03-09T19:05:45.611+0000] {processor.py:840} INFO - DAG(s) 'example_kubernetes_executor' retrieved from /home/airflow/.local/lib/python3.12/site-packages/airflow/example_dags/example_kubernetes_executor.py
[2026-03-09T19:05:45.667+0000] {logging_mixin.py:188} INFO - [2026-03-09T19:05:45.667+0000] {dag.py:3096} INFO - Sync 1 DAGs
[2026-03-09T19:05:45.688+0000] {logging_mixin.py:188} INFO - [2026-03-09T19:05:45.687+0000] {dag.py:3954} INFO - Setting next_dagrun for example_kubernetes_executor to None, run_after=None
[2026-03-09T19:05:45.721+0000] {processor.py:183} INFO - Processing /home/airflow/.local/lib/python3.12/site-packages/airflow/example_dags/example_kubernetes_executor.py took 0.141 seconds
[2026-03-09T19:06:15.994+0000] {processor.py:161} INFO - Started process (PID=245) to work on /home/airflow/.local/lib/python3.12/site-packages/airflow/example_dags/example_kubernetes_executor.py
[2026-03-09T19:06:15.995+0000] {processor.py:830} INFO - Processing file /home/airflow/.local/lib/python3.12/site-packages/airflow/example_dags/example_kubernetes_executor.py for tasks to queue
[2026-03-09T19:06:15.999+0000] {logging_mixin.py:188} INFO - [2026-03-09T19:06:15.998+0000] {dagbag.py:545} INFO - Filling up the DagBag from /home/airflow/.local/lib/python3.12/site-packages/airflow/example_dags/example_kubernetes_executor.py
[2026-03-09T19:06:16.029+0000] {processor.py:840} INFO - DAG(s) 'example_kubernetes_executor' retrieved from /home/airflow/.local/lib/python3.12/site-packages/airflow/example_dags/example_kubernetes_executor.py
[2026-03-09T19:06:16.089+0000] {logging_mixin.py:188} INFO - [2026-03-09T19:06:16.088+0000] {dag.py:3096} INFO - Sync 1 DAGs
[2026-03-09T19:06:16.110+0000] {logging_mixin.py:188} INFO - [2026-03-09T19:06:16.109+0000] {dag.py:3954} INFO - Setting next_dagrun for example_kubernetes_executor to None, run_after=None
[2026-03-09T19:06:16.152+0000] {processor.py:183} INFO - Processing /home/airflow/.local/lib/python3.12/site-packages/airflow/example_dags/example_kubernetes_executor.py took 0.168 seconds
[2026-03-09T19:07:21.061+0000] {processor.py:161} INFO - Started process (PID=69) to work on /home/airflow/.local/lib/python3.12/site-packages/airflow/example_dags/example_kubernetes_executor.py
[2026-03-09T19:07:21.064+0000] {processor.py:830} INFO - Processing file /home/airflow/.local/lib/python3.12/site-packages/airflow/example_dags/example_kubernetes_executor.py for tasks to queue
[2026-03-09T19:07:21.070+0000] {logging_mixin.py:188} INFO - [2026-03-09T19:07:21.069+0000] {dagbag.py:545} INFO - Filling up the DagBag from /home/airflow/.local/lib/python3.12/site-packages/airflow/example_dags/example_kubernetes_executor.py
[2026-03-09T19:07:21.110+0000] {processor.py:840} INFO - DAG(s) 'example_kubernetes_executor' retrieved from /home/airflow/.local/lib/python3.12/site-packages/airflow/example_dags/example_kubernetes_executor.py
[2026-03-09T19:07:21.148+0000] {logging_mixin.py:188} INFO - [2026-03-09T19:07:21.147+0000] {dag.py:3096} INFO - Sync 1 DAGs
[2026-03-09T19:07:21.192+0000] {logging_mixin.py:188} INFO - [2026-03-09T19:07:21.192+0000] {dag.py:3954} INFO - Setting next_dagrun for example_kubernetes_executor to None, run_after=None
[2026-03-09T19:07:21.307+0000] {processor.py:183} INFO - Processing /home/airflow/.local/lib/python3.12/site-packages/airflow/example_dags/example_kubernetes_executor.py took 0.260 seconds
[2026-03-09T19:07:51.834+0000] {processor.py:161} INFO - Started process (PID=129) to work on /home/airflow/.local/lib/python3.12/site-packages/airflow/example_dags/example_kubernetes_executor.py
[2026-03-09T19:07:51.835+0000] {processor.py:830} INFO - Processing file /home/airflow/.local/lib/python3.12/site-packages/airflow/example_dags/example_kubernetes_executor.py for tasks to queue
[2026-03-09T19:07:51.838+0000] {logging_mixin.py:188} INFO - [2026-03-09T19:07:51.837+0000] {dagbag.py:545} INFO - Filling up the DagBag from /home/airflow/.local/lib/python3.12/site-packages/airflow/example_dags/example_kubernetes_executor.py
[2026-03-09T19:07:51.854+0000] {processor.py:840} INFO - DAG(s) 'example_kubernetes_executor' retrieved from /home/airflow/.local/lib/python3.12/site-packages/airflow/example_dags/example_kubernetes_executor.py
[2026-03-09T19:07:51.992+0000] {logging_mixin.py:188} INFO - [2026-03-09T19:07:51.992+0000] {dag.py:3096} INFO - Sync 1 DAGs
[2026-03-09T19:07:52.005+0000] {logging_mixin.py:188} INFO - [2026-03-09T19:07:52.005+0000] {dag.py:3954} INFO - Setting next_dagrun for example_kubernetes_executor to None, run_after=None
[2026-03-09T19:07:52.036+0000] {processor.py:183} INFO - Processing /home/airflow/.local/lib/python3.12/site-packages/airflow/example_dags/example_kubernetes_executor.py took 0.208 seconds
[2026-03-09T19:08:22.087+0000] {processor.py:161} INFO - Started process (PID=189) to work on /home/airflow/.local/lib/python3.12/site-packages/airflow/example_dags/example_kubernetes_executor.py
[2026-03-09T19:08:22.089+0000] {processor.py:830} INFO - Processing file /home/airflow/.local/lib/python3.12/site-packages/airflow/example_dags/example_kubernetes_executor.py for tasks to queue
[2026-03-09T19:08:22.092+0000] {logging_mixin.py:188} INFO - [2026-03-09T19:08:22.091+0000] {dagbag.py:545} INFO - Filling up the DagBag from /home/airflow/.local/lib/python3.12/site-packages/airflow/example_dags/example_kubernetes_executor.py
[2026-03-09T19:08:22.109+0000] {processor.py:840} INFO - DAG(s) 'example_kubernetes_executor' retrieved from /home/airflow/.local/lib/python3.12/site-packages/airflow/example_dags/example_kubernetes_executor.py
[2026-03-09T19:08:22.171+0000] {logging_mixin.py:188} INFO - [2026-03-09T19:08:22.171+0000] {dag.py:3096} INFO - Sync 1 DAGs
[2026-03-09T19:08:22.201+0000] {logging_mixin.py:188} INFO - [2026-03-09T19:08:22.201+0000] {dag.py:3954} INFO - Setting next_dagrun for example_kubernetes_executor to None, run_after=None
[2026-03-09T19:08:22.244+0000] {processor.py:183} INFO - Processing /home/airflow/.local/lib/python3.12/site-packages/airflow/example_dags/example_kubernetes_executor.py took 0.165 seconds
[2026-03-09T19:08:52.903+0000] {processor.py:161} INFO - Started process (PID=249) to work on /home/airflow/.local/lib/python3.12/site-packages/airflow/example_dags/example_kubernetes_executor.py
[2026-03-09T19:08:52.904+0000] {processor.py:830} INFO - Processing file /home/airflow/.local/lib/python3.12/site-packages/airflow/example_dags/example_kubernetes_executor.py for tasks to queue
[2026-03-09T19:08:52.906+0000] {logging_mixin.py:188} INFO - [2026-03-09T19:08:52.906+0000] {dagbag.py:545} INFO - Filling up the DagBag from /home/airflow/.local/lib/python3.12/site-packages/airflow/example_dags/example_kubernetes_executor.py
[2026-03-09T19:08:52.921+0000] {processor.py:840} INFO - DAG(s) 'example_kubernetes_executor' retrieved from /home/airflow/.local/lib/python3.12/site-packages/airflow/example_dags/example_kubernetes_executor.py
[2026-03-09T19:08:52.959+0000] {logging_mixin.py:188} INFO - [2026-03-09T19:08:52.958+0000] {dag.py:3096} INFO - Sync 1 DAGs
[2026-03-09T19:08:52.973+0000] {logging_mixin.py:188} INFO - [2026-03-09T19:08:52.973+0000] {dag.py:3954} INFO - Setting next_dagrun for example_kubernetes_executor to None, run_after=None
[2026-03-09T19:08:52.996+0000] {processor.py:183} INFO - Processing /home/airflow/.local/lib/python3.12/site-packages/airflow/example_dags/example_kubernetes_executor.py took 0.099 seconds
[2026-03-09T19:09:23.609+0000] {processor.py:161} INFO - Started process (PID=309) to work on /home/airflow/.local/lib/python3.12/site-packages/airflow/example_dags/example_kubernetes_executor.py
[2026-03-09T19:09:23.611+0000] {processor.py:830} INFO - Processing file /home/airflow/.local/lib/python3.12/site-packages/airflow/example_dags/example_kubernetes_executor.py for tasks to queue
[2026-03-09T19:09:23.613+0000] {logging_mixin.py:188} INFO - [2026-03-09T19:09:23.613+0000] {dagbag.py:545} INFO - Filling up the DagBag from /home/airflow/.local/lib/python3.12/site-packages/airflow/example_dags/example_kubernetes_executor.py
[2026-03-09T19:09:23.629+0000] {processor.py:840} INFO - DAG(s) 'example_kubernetes_executor' retrieved from /home/airflow/.local/lib/python3.12/site-packages/airflow/example_dags/example_kubernetes_executor.py
[2026-03-09T19:09:23.676+0000] {logging_mixin.py:188} INFO - [2026-03-09T19:09:23.676+0000] {dag.py:3096} INFO - Sync 1 DAGs
[2026-03-09T19:09:23.696+0000] {logging_mixin.py:188} INFO - [2026-03-09T19:09:23.696+0000] {dag.py:3954} INFO - Setting next_dagrun for example_kubernetes_executor to None, run_after=None
[2026-03-09T19:09:23.723+0000] {processor.py:183} INFO - Processing /home/airflow/.local/lib/python3.12/site-packages/airflow/example_dags/example_kubernetes_executor.py took 0.120 seconds
[2026-03-09T19:09:54.170+0000] {processor.py:161} INFO - Started process (PID=369) to work on /home/airflow/.local/lib/python3.12/site-packages/airflow/example_dags/example_kubernetes_executor.py
[2026-03-09T19:09:54.172+0000] {processor.py:830} INFO - Processing file /home/airflow/.local/lib/python3.12/site-packages/airflow/example_dags/example_kubernetes_executor.py for tasks to queue
[2026-03-09T19:09:54.175+0000] {logging_mixin.py:188} INFO - [2026-03-09T19:09:54.174+0000] {dagbag.py:545} INFO - Filling up the DagBag from /home/airflow/.local/lib/python3.12/site-packages/airflow/example_dags/example_kubernetes_executor.py
[2026-03-09T19:09:54.190+0000] {processor.py:840} INFO - DAG(s) 'example_kubernetes_executor' retrieved from /home/airflow/.local/lib/python3.12/site-packages/airflow/example_dags/example_kubernetes_executor.py
[2026-03-09T19:09:54.239+0000] {logging_mixin.py:188} INFO - [2026-03-09T19:09:54.239+0000] {dag.py:3096} INFO - Sync 1 DAGs
[2026-03-09T19:09:54.255+0000] {logging_mixin.py:188} INFO - [2026-03-09T19:09:54.255+0000] {dag.py:3954} INFO - Setting next_dagrun for example_kubernetes_executor to None, run_after=None
[2026-03-09T19:09:54.291+0000] {processor.py:183} INFO - Processing /home/airflow/.local/lib/python3.12/site-packages/airflow/example_dags/example_kubernetes_executor.py took 0.128 seconds
[2026-03-09T19:10:24.656+0000] {processor.py:161} INFO - Started process (PID=429) to work on /home/airflow/.local/lib/python3.12/site-packages/airflow/example_dags/example_kubernetes_executor.py
[2026-03-09T19:10:24.658+0000] {processor.py:830} INFO - Processing file /home/airflow/.local/lib/python3.12/site-packages/airflow/example_dags/example_kubernetes_executor.py for tasks to queue
[2026-03-09T19:10:24.660+0000] {logging_mixin.py:188} INFO - [2026-03-09T19:10:24.660+0000] {dagbag.py:545} INFO - Filling up the DagBag from /home/airflow/.local/lib/python3.12/site-packages/airflow/example_dags/example_kubernetes_executor.py
[2026-03-09T19:10:24.675+0000] {processor.py:840} INFO - DAG(s) 'example_kubernetes_executor' retrieved from /home/airflow/.local/lib/python3.12/site-packages/airflow/example_dags/example_kubernetes_executor.py
[2026-03-09T19:10:24.725+0000] {logging_mixin.py:188} INFO - [2026-03-09T19:10:24.725+0000] {dag.py:3096} INFO - Sync 1 DAGs
[2026-03-09T19:10:24.745+0000] {logging_mixin.py:188} INFO - [2026-03-09T19:10:24.745+0000] {dag.py:3954} INFO - Setting next_dagrun for example_kubernetes_executor to None, run_after=None
[2026-03-09T19:10:24.777+0000] {processor.py:183} INFO - Processing /home/airflow/.local/lib/python3.12/site-packages/airflow/example_dags/example_kubernetes_executor.py took 0.128 seconds
[2026-03-09T19:10:55.061+0000] {processor.py:161} INFO - Started process (PID=489) to work on /home/airflow/.local/lib/python3.12/site-packages/airflow/example_dags/example_kubernetes_executor.py
[2026-03-09T19:10:55.062+0000] {processor.py:830} INFO - Processing file /home/airflow/.local/lib/python3.12/site-packages/airflow/example_dags/example_kubernetes_executor.py for tasks to queue
[2026-03-09T19:10:55.065+0000] {logging_mixin.py:188} INFO - [2026-03-09T19:10:55.064+0000] {dagbag.py:545} INFO - Filling up the DagBag from /home/airflow/.local/lib/python3.12/site-packages/airflow/example_dags/example_kubernetes_executor.py
[2026-03-09T19:10:55.080+0000] {processor.py:840} INFO - DAG(s) 'example_kubernetes_executor' retrieved from /home/airflow/.local/lib/python3.12/site-packages/airflow/example_dags/example_kubernetes_executor.py
[2026-03-09T19:10:55.121+0000] {logging_mixin.py:188} INFO - [2026-03-09T19:10:55.121+0000] {dag.py:3096} INFO - Sync 1 DAGs
[2026-03-09T19:10:55.137+0000] {logging_mixin.py:188} INFO - [2026-03-09T19:10:55.137+0000] {dag.py:3954} INFO - Setting next_dagrun for example_kubernetes_executor to None, run_after=None
[2026-03-09T19:10:55.170+0000] {processor.py:183} INFO - Processing /home/airflow/.local/lib/python3.12/site-packages/airflow/example_dags/example_kubernetes_executor.py took 0.116 seconds
[2026-03-09T19:11:26.168+0000] {processor.py:161} INFO - Started process (PID=548) to work on /home/airflow/.local/lib/python3.12/site-packages/airflow/example_dags/example_kubernetes_executor.py
[2026-03-09T19:11:26.169+0000] {processor.py:830} INFO - Processing file /home/airflow/.local/lib/python3.12/site-packages/airflow/example_dags/example_kubernetes_executor.py for tasks to queue
[2026-03-09T19:11:26.172+0000] {logging_mixin.py:188} INFO - [2026-03-09T19:11:26.172+0000] {dagbag.py:545} INFO - Filling up the DagBag from /home/airflow/.local/lib/python3.12/site-packages/airflow/example_dags/example_kubernetes_executor.py
[2026-03-09T19:11:26.190+0000] {processor.py:840} INFO - DAG(s) 'example_kubernetes_executor' retrieved from /home/airflow/.local/lib/python3.12/site-packages/airflow/example_dags/example_kubernetes_executor.py
[2026-03-09T19:11:26.233+0000] {logging_mixin.py:188} INFO - [2026-03-09T19:11:26.232+0000] {dag.py:3096} INFO - Sync 1 DAGs
[2026-03-09T19:11:26.254+0000] {logging_mixin.py:188} INFO - [2026-03-09T19:11:26.254+0000] {dag.py:3954} INFO - Setting next_dagrun for example_kubernetes_executor to None, run_after=None
[2026-03-09T19:11:26.279+0000] {processor.py:183} INFO - Processing /home/airflow/.local/lib/python3.12/site-packages/airflow/example_dags/example_kubernetes_executor.py took 0.118 seconds
[2026-03-09T19:11:56.495+0000] {processor.py:161} INFO - Started process (PID=607) to work on /home/airflow/.local/lib/python3.12/site-packages/airflow/example_dags/example_kubernetes_executor.py
[2026-03-09T19:11:56.496+0000] {processor.py:830} INFO - Processing file /home/airflow/.local/lib/python3.12/site-packages/airflow/example_dags/example_kubernetes_executor.py for tasks to queue
[2026-03-09T19:11:56.499+0000] {logging_mixin.py:188} INFO - [2026-03-09T19:11:56.499+0000] {dagbag.py:545} INFO - Filling up the DagBag from /home/airflow/.local/lib/python3.12/site-packages/airflow/example_dags/example_kubernetes_executor.py
[2026-03-09T19:11:56.515+0000] {processor.py:840} INFO - DAG(s) 'example_kubernetes_executor' retrieved from /home/airflow/.local/lib/python3.12/site-packages/airflow/example_dags/example_kubernetes_executor.py
[2026-03-09T19:11:56.555+0000] {logging_mixin.py:188} INFO - [2026-03-09T19:11:56.554+0000] {dag.py:3096} INFO - Sync 1 DAGs
[2026-03-09T19:11:56.570+0000] {logging_mixin.py:188} INFO - [2026-03-09T19:11:56.570+0000] {dag.py:3954} INFO - Setting next_dagrun for example_kubernetes_executor to None, run_after=None
[2026-03-09T19:11:56.599+0000] {processor.py:183} INFO - Processing /home/airflow/.local/lib/python3.12/site-packages/airflow/example_dags/example_kubernetes_executor.py took 0.118 seconds
[2026-03-09T19:12:27.073+0000] {processor.py:161} INFO - Started process (PID=667) to work on /home/airflow/.local/lib/python3.12/site-packages/airflow/example_dags/example_kubernetes_executor.py
[2026-03-09T19:12:27.075+0000] {processor.py:830} INFO - Processing file /home/airflow/.local/lib/python3.12/site-packages/airflow/example_dags/example_kubernetes_executor.py for tasks to queue
[2026-03-09T19:12:27.077+0000] {logging_mixin.py:188} INFO - [2026-03-09T19:12:27.077+0000] {dagbag.py:545} INFO - Filling up the DagBag from /home/airflow/.local/lib/python3.12/site-packages/airflow/example_dags/example_kubernetes_executor.py
[2026-03-09T19:12:27.092+0000] {processor.py:840} INFO - DAG(s) 'example_kubernetes_executor' retrieved from /home/airflow/.local/lib/python3.12/site-packages/airflow/example_dags/example_kubernetes_executor.py
[2026-03-09T19:12:27.141+0000] {logging_mixin.py:188} INFO - [2026-03-09T19:12:27.140+0000] {dag.py:3096} INFO - Sync 1 DAGs
[2026-03-09T19:12:27.168+0000] {logging_mixin.py:188} INFO - [2026-03-09T19:12:27.168+0000] {dag.py:3954} INFO - Setting next_dagrun for example_kubernetes_executor to None, run_after=None
[2026-03-09T19:12:27.223+0000] {processor.py:183} INFO - Processing /home/airflow/.local/lib/python3.12/site-packages/airflow/example_dags/example_kubernetes_executor.py took 0.158 seconds
[2026-03-09T19:12:57.595+0000] {processor.py:161} INFO - Started process (PID=726) to work on /home/airflow/.local/lib/python3.12/site-packages/airflow/example_dags/example_kubernetes_executor.py
[2026-03-09T19:12:57.596+0000] {processor.py:830} INFO - Processing file /home/airflow/.local/lib/python3.12/site-packages/airflow/example_dags/example_kubernetes_executor.py for tasks to queue
[2026-03-09T19:12:57.599+0000] {logging_mixin.py:188} INFO - [2026-03-09T19:12:57.598+0000] {dagbag.py:545} INFO - Filling up the DagBag from /home/airflow/.local/lib/python3.12/site-packages/airflow/example_dags/example_kubernetes_executor.py
[2026-03-09T19:12:57.616+0000] {processor.py:840} INFO - DAG(s) 'example_kubernetes_executor' retrieved from /home/airflow/.local/lib/python3.12/site-packages/airflow/example_dags/example_kubernetes_executor.py
[2026-03-09T19:12:57.658+0000] {logging_mixin.py:188} INFO - [2026-03-09T19:12:57.658+0000] {dag.py:3096} INFO - Sync 1 DAGs
[2026-03-09T19:12:57.674+0000] {logging_mixin.py:188} INFO - [2026-03-09T19:12:57.674+0000] {dag.py:3954} INFO - Setting next_dagrun for example_kubernetes_executor to None, run_after=None
[2026-03-09T19:12:57.701+0000] {processor.py:183} INFO - Processing /home/airflow/.local/lib/python3.12/site-packages/airflow/example_dags/example_kubernetes_executor.py took 0.113 seconds
[2026-03-09T19:13:28.315+0000] {processor.py:161} INFO - Started process (PID=786) to work on /home/airflow/.local/lib/python3.12/site-packages/airflow/example_dags/example_kubernetes_executor.py
[2026-03-09T19:13:28.316+0000] {processor.py:830} INFO - Processing file /home/airflow/.local/lib/python3.12/site-packages/airflow/example_dags/example_kubernetes_executor.py for tasks to queue
[2026-03-09T19:13:28.319+0000] {logging_mixin.py:188} INFO - [2026-03-09T19:13:28.319+0000] {dagbag.py:545} INFO - Filling up the DagBag from /home/airflow/.local/lib/python3.12/site-packages/airflow/example_dags/example_kubernetes_executor.py
[2026-03-09T19:13:28.334+0000] {processor.py:840} INFO - DAG(s) 'example_kubernetes_executor' retrieved from /home/airflow/.local/lib/python3.12/site-packages/airflow/example_dags/example_kubernetes_executor.py
[2026-03-09T19:13:28.374+0000] {logging_mixin.py:188} INFO - [2026-03-09T19:13:28.374+0000] {dag.py:3096} INFO - Sync 1 DAGs
[2026-03-09T19:13:28.389+0000] {logging_mixin.py:188} INFO - [2026-03-09T19:13:28.389+0000] {dag.py:3954} INFO - Setting next_dagrun for example_kubernetes_executor to None, run_after=None
[2026-03-09T19:13:28.421+0000] {processor.py:183} INFO - Processing /home/airflow/.local/lib/python3.12/site-packages/airflow/example_dags/example_kubernetes_executor.py took 0.113 seconds
[2026-03-09T19:13:58.549+0000] {processor.py:161} INFO - Started process (PID=846) to work on /home/airflow/.local/lib/python3.12/site-packages/airflow/example_dags/example_kubernetes_executor.py
[2026-03-09T19:13:58.550+0000] {processor.py:830} INFO - Processing file /home/airflow/.local/lib/python3.12/site-packages/airflow/example_dags/example_kubernetes_executor.py for tasks to queue
[2026-03-09T19:13:58.552+0000] {logging_mixin.py:188} INFO - [2026-03-09T19:13:58.552+0000] {dagbag.py:545} INFO - Filling up the DagBag from /home/airflow/.local/lib/python3.12/site-packages/airflow/example_dags/example_kubernetes_executor.py
[2026-03-09T19:13:58.567+0000] {processor.py:840} INFO - DAG(s) 'example_kubernetes_executor' retrieved from /home/airflow/.local/lib/python3.12/site-packages/airflow/example_dags/example_kubernetes_executor.py
[2026-03-09T19:13:58.606+0000] {logging_mixin.py:188} INFO - [2026-03-09T19:13:58.606+0000] {dag.py:3096} INFO - Sync 1 DAGs
[2026-03-09T19:13:58.623+0000] {logging_mixin.py:188} INFO - [2026-03-09T19:13:58.623+0000] {dag.py:3954} INFO - Setting next_dagrun for example_kubernetes_executor to None, run_after=None
[2026-03-09T19:13:58.654+0000] {processor.py:183} INFO - Processing /home/airflow/.local/lib/python3.12/site-packages/airflow/example_dags/example_kubernetes_executor.py took 0.112 seconds
[2026-03-09T19:14:29.110+0000] {processor.py:161} INFO - Started process (PID=906) to work on /home/airflow/.local/lib/python3.12/site-packages/airflow/example_dags/example_kubernetes_executor.py
[2026-03-09T19:14:29.111+0000] {processor.py:830} INFO - Processing file /home/airflow/.local/lib/python3.12/site-packages/airflow/example_dags/example_kubernetes_executor.py for tasks to queue
[2026-03-09T19:14:29.114+0000] {logging_mixin.py:188} INFO - [2026-03-09T19:14:29.114+0000] {dagbag.py:545} INFO - Filling up the DagBag from /home/airflow/.local/lib/python3.12/site-packages/airflow/example_dags/example_kubernetes_executor.py
[2026-03-09T19:14:29.132+0000] {processor.py:840} INFO - DAG(s) 'example_kubernetes_executor' retrieved from /home/airflow/.local/lib/python3.12/site-packages/airflow/example_dags/example_kubernetes_executor.py
[2026-03-09T19:14:29.172+0000] {logging_mixin.py:188} INFO - [2026-03-09T19:14:29.172+0000] {dag.py:3096} INFO - Sync 1 DAGs
[2026-03-09T19:14:29.188+0000] {logging_mixin.py:188} INFO - [2026-03-09T19:14:29.187+0000] {dag.py:3954} INFO - Setting next_dagrun for example_kubernetes_executor to None, run_after=None
[2026-03-09T19:14:29.213+0000] {processor.py:183} INFO - Processing /home/airflow/.local/lib/python3.12/site-packages/airflow/example_dags/example_kubernetes_executor.py took 0.110 seconds
[2026-03-09T19:14:59.415+0000] {processor.py:161} INFO - Started process (PID=965) to work on /home/airflow/.local/lib/python3.12/site-packages/airflow/example_dags/example_kubernetes_executor.py
[2026-03-09T19:14:59.416+0000] {processor.py:830} INFO - Processing file /home/airflow/.local/lib/python3.12/site-packages/airflow/example_dags/example_kubernetes_executor.py for tasks to queue
[2026-03-09T19:14:59.419+0000] {logging_mixin.py:188} INFO - [2026-03-09T19:14:59.419+0000] {dagbag.py:545} INFO - Filling up the DagBag from /home/airflow/.local/lib/python3.12/site-packages/airflow/example_dags/example_kubernetes_executor.py
[2026-03-09T19:14:59.435+0000] {processor.py:840} INFO - DAG(s) 'example_kubernetes_executor' retrieved from /home/airflow/.local/lib/python3.12/site-packages/airflow/example_dags/example_kubernetes_executor.py
[2026-03-09T19:14:59.474+0000] {logging_mixin.py:188} INFO - [2026-03-09T19:14:59.473+0000] {dag.py:3096} INFO - Sync 1 DAGs
[2026-03-09T19:14:59.490+0000] {logging_mixin.py:188} INFO - [2026-03-09T19:14:59.489+0000] {dag.py:3954} INFO - Setting next_dagrun for example_kubernetes_executor to None, run_after=None
[2026-03-09T19:14:59.517+0000] {processor.py:183} INFO - Processing /home/airflow/.local/lib/python3.12/site-packages/airflow/example_dags/example_kubernetes_executor.py took 0.109 seconds
