[2026-03-09T19:04:46.114+0000] {processor.py:161} INFO - Started process (PID=79) to work on /home/airflow/.local/lib/python3.12/site-packages/airflow/example_dags/example_xcomargs.py
[2026-03-09T19:04:46.117+0000] {processor.py:830} INFO - Processing file /home/airflow/.local/lib/python3.12/site-packages/airflow/example_dags/example_xcomargs.py for tasks to queue
[2026-03-09T19:04:46.121+0000] {logging_mixin.py:188} INFO - [2026-03-09T19:04:46.120+0000] {dagbag.py:545} INFO - Filling up the DagBag from /home/airflow/.local/lib/python3.12/site-packages/airflow/example_dags/example_xcomargs.py
[2026-03-09T19:04:46.141+0000] {processor.py:840} INFO - DAG(s) 'example_xcom_args_with_operators', 'example_xcom_args' retrieved from /home/airflow/.local/lib/python3.12/site-packages/airflow/example_dags/example_xcomargs.py
[2026-03-09T19:04:46.187+0000] {logging_mixin.py:188} INFO - [2026-03-09T19:04:46.186+0000] {dag.py:3096} INFO - Sync 2 DAGs
[2026-03-09T19:04:46.214+0000] {logging_mixin.py:188} INFO - [2026-03-09T19:04:46.214+0000] {dag.py:3954} INFO - Setting next_dagrun for example_xcom_args to None, run_after=None
[2026-03-09T19:04:46.224+0000] {logging_mixin.py:188} INFO - [2026-03-09T19:04:46.224+0000] {dag.py:3954} INFO - Setting next_dagrun for example_xcom_args_with_operators to None, run_after=None
[2026-03-09T19:04:46.264+0000] {processor.py:183} INFO - Processing /home/airflow/.local/lib/python3.12/site-packages/airflow/example_dags/example_xcomargs.py took 0.165 seconds
[2026-03-09T19:05:16.768+0000] {processor.py:161} INFO - Started process (PID=137) to work on /home/airflow/.local/lib/python3.12/site-packages/airflow/example_dags/example_xcomargs.py
[2026-03-09T19:05:16.771+0000] {processor.py:830} INFO - Processing file /home/airflow/.local/lib/python3.12/site-packages/airflow/example_dags/example_xcomargs.py for tasks to queue
[2026-03-09T19:05:16.773+0000] {logging_mixin.py:188} INFO - [2026-03-09T19:05:16.773+0000] {dagbag.py:545} INFO - Filling up the DagBag from /home/airflow/.local/lib/python3.12/site-packages/airflow/example_dags/example_xcomargs.py
[2026-03-09T19:05:16.783+0000] {processor.py:840} INFO - DAG(s) 'example_xcom_args', 'example_xcom_args_with_operators' retrieved from /home/airflow/.local/lib/python3.12/site-packages/airflow/example_dags/example_xcomargs.py
[2026-03-09T19:05:16.809+0000] {logging_mixin.py:188} INFO - [2026-03-09T19:05:16.808+0000] {dag.py:3096} INFO - Sync 2 DAGs
[2026-03-09T19:05:16.824+0000] {logging_mixin.py:188} INFO - [2026-03-09T19:05:16.824+0000] {dag.py:3954} INFO - Setting next_dagrun for example_xcom_args to None, run_after=None
[2026-03-09T19:05:16.829+0000] {logging_mixin.py:188} INFO - [2026-03-09T19:05:16.829+0000] {dag.py:3954} INFO - Setting next_dagrun for example_xcom_args_with_operators to None, run_after=None
[2026-03-09T19:05:16.853+0000] {processor.py:183} INFO - Processing /home/airflow/.local/lib/python3.12/site-packages/airflow/example_dags/example_xcomargs.py took 0.094 seconds
[2026-03-09T19:05:47.281+0000] {processor.py:161} INFO - Started process (PID=195) to work on /home/airflow/.local/lib/python3.12/site-packages/airflow/example_dags/example_xcomargs.py
[2026-03-09T19:05:47.283+0000] {processor.py:830} INFO - Processing file /home/airflow/.local/lib/python3.12/site-packages/airflow/example_dags/example_xcomargs.py for tasks to queue
[2026-03-09T19:05:47.286+0000] {logging_mixin.py:188} INFO - [2026-03-09T19:05:47.285+0000] {dagbag.py:545} INFO - Filling up the DagBag from /home/airflow/.local/lib/python3.12/site-packages/airflow/example_dags/example_xcomargs.py
[2026-03-09T19:05:47.298+0000] {processor.py:840} INFO - DAG(s) 'example_xcom_args', 'example_xcom_args_with_operators' retrieved from /home/airflow/.local/lib/python3.12/site-packages/airflow/example_dags/example_xcomargs.py
[2026-03-09T19:05:47.330+0000] {logging_mixin.py:188} INFO - [2026-03-09T19:05:47.330+0000] {dag.py:3096} INFO - Sync 2 DAGs
[2026-03-09T19:05:47.350+0000] {logging_mixin.py:188} INFO - [2026-03-09T19:05:47.349+0000] {dag.py:3954} INFO - Setting next_dagrun for example_xcom_args to None, run_after=None
[2026-03-09T19:05:47.356+0000] {logging_mixin.py:188} INFO - [2026-03-09T19:05:47.356+0000] {dag.py:3954} INFO - Setting next_dagrun for example_xcom_args_with_operators to None, run_after=None
[2026-03-09T19:05:47.381+0000] {processor.py:183} INFO - Processing /home/airflow/.local/lib/python3.12/site-packages/airflow/example_dags/example_xcomargs.py took 0.110 seconds
[2026-03-09T19:06:17.632+0000] {processor.py:161} INFO - Started process (PID=253) to work on /home/airflow/.local/lib/python3.12/site-packages/airflow/example_dags/example_xcomargs.py
[2026-03-09T19:06:17.634+0000] {processor.py:830} INFO - Processing file /home/airflow/.local/lib/python3.12/site-packages/airflow/example_dags/example_xcomargs.py for tasks to queue
[2026-03-09T19:06:17.637+0000] {logging_mixin.py:188} INFO - [2026-03-09T19:06:17.636+0000] {dagbag.py:545} INFO - Filling up the DagBag from /home/airflow/.local/lib/python3.12/site-packages/airflow/example_dags/example_xcomargs.py
[2026-03-09T19:06:17.648+0000] {processor.py:840} INFO - DAG(s) 'example_xcom_args', 'example_xcom_args_with_operators' retrieved from /home/airflow/.local/lib/python3.12/site-packages/airflow/example_dags/example_xcomargs.py
[2026-03-09T19:06:17.680+0000] {logging_mixin.py:188} INFO - [2026-03-09T19:06:17.680+0000] {dag.py:3096} INFO - Sync 2 DAGs
[2026-03-09T19:06:17.702+0000] {logging_mixin.py:188} INFO - [2026-03-09T19:06:17.702+0000] {dag.py:3954} INFO - Setting next_dagrun for example_xcom_args to None, run_after=None
[2026-03-09T19:06:17.707+0000] {logging_mixin.py:188} INFO - [2026-03-09T19:06:17.707+0000] {dag.py:3954} INFO - Setting next_dagrun for example_xcom_args_with_operators to None, run_after=None
[2026-03-09T19:06:17.743+0000] {processor.py:183} INFO - Processing /home/airflow/.local/lib/python3.12/site-packages/airflow/example_dags/example_xcomargs.py took 0.118 seconds
[2026-03-09T19:07:22.619+0000] {processor.py:161} INFO - Started process (PID=77) to work on /home/airflow/.local/lib/python3.12/site-packages/airflow/example_dags/example_xcomargs.py
[2026-03-09T19:07:22.621+0000] {processor.py:830} INFO - Processing file /home/airflow/.local/lib/python3.12/site-packages/airflow/example_dags/example_xcomargs.py for tasks to queue
[2026-03-09T19:07:22.625+0000] {logging_mixin.py:188} INFO - [2026-03-09T19:07:22.624+0000] {dagbag.py:545} INFO - Filling up the DagBag from /home/airflow/.local/lib/python3.12/site-packages/airflow/example_dags/example_xcomargs.py
[2026-03-09T19:07:22.644+0000] {processor.py:840} INFO - DAG(s) 'example_xcom_args_with_operators', 'example_xcom_args' retrieved from /home/airflow/.local/lib/python3.12/site-packages/airflow/example_dags/example_xcomargs.py
[2026-03-09T19:07:22.667+0000] {logging_mixin.py:188} INFO - [2026-03-09T19:07:22.667+0000] {dag.py:3096} INFO - Sync 2 DAGs
[2026-03-09T19:07:22.691+0000] {logging_mixin.py:188} INFO - [2026-03-09T19:07:22.690+0000] {dag.py:3954} INFO - Setting next_dagrun for example_xcom_args to None, run_after=None
[2026-03-09T19:07:22.707+0000] {logging_mixin.py:188} INFO - [2026-03-09T19:07:22.707+0000] {dag.py:3954} INFO - Setting next_dagrun for example_xcom_args_with_operators to None, run_after=None
[2026-03-09T19:07:22.744+0000] {processor.py:183} INFO - Processing /home/airflow/.local/lib/python3.12/site-packages/airflow/example_dags/example_xcomargs.py took 0.133 seconds
[2026-03-09T19:07:52.908+0000] {processor.py:161} INFO - Started process (PID=137) to work on /home/airflow/.local/lib/python3.12/site-packages/airflow/example_dags/example_xcomargs.py
[2026-03-09T19:07:52.909+0000] {processor.py:830} INFO - Processing file /home/airflow/.local/lib/python3.12/site-packages/airflow/example_dags/example_xcomargs.py for tasks to queue
[2026-03-09T19:07:52.912+0000] {logging_mixin.py:188} INFO - [2026-03-09T19:07:52.912+0000] {dagbag.py:545} INFO - Filling up the DagBag from /home/airflow/.local/lib/python3.12/site-packages/airflow/example_dags/example_xcomargs.py
[2026-03-09T19:07:52.925+0000] {processor.py:840} INFO - DAG(s) 'example_xcom_args_with_operators', 'example_xcom_args' retrieved from /home/airflow/.local/lib/python3.12/site-packages/airflow/example_dags/example_xcomargs.py
[2026-03-09T19:07:53.092+0000] {logging_mixin.py:188} INFO - [2026-03-09T19:07:53.092+0000] {dag.py:3096} INFO - Sync 2 DAGs
[2026-03-09T19:07:53.108+0000] {logging_mixin.py:188} INFO - [2026-03-09T19:07:53.108+0000] {dag.py:3954} INFO - Setting next_dagrun for example_xcom_args to None, run_after=None
[2026-03-09T19:07:53.114+0000] {logging_mixin.py:188} INFO - [2026-03-09T19:07:53.113+0000] {dag.py:3954} INFO - Setting next_dagrun for example_xcom_args_with_operators to None, run_after=None
[2026-03-09T19:07:53.144+0000] {processor.py:183} INFO - Processing /home/airflow/.local/lib/python3.12/site-packages/airflow/example_dags/example_xcomargs.py took 0.242 seconds
[2026-03-09T19:08:23.701+0000] {processor.py:161} INFO - Started process (PID=197) to work on /home/airflow/.local/lib/python3.12/site-packages/airflow/example_dags/example_xcomargs.py
[2026-03-09T19:08:23.702+0000] {processor.py:830} INFO - Processing file /home/airflow/.local/lib/python3.12/site-packages/airflow/example_dags/example_xcomargs.py for tasks to queue
[2026-03-09T19:08:23.705+0000] {logging_mixin.py:188} INFO - [2026-03-09T19:08:23.704+0000] {dagbag.py:545} INFO - Filling up the DagBag from /home/airflow/.local/lib/python3.12/site-packages/airflow/example_dags/example_xcomargs.py
[2026-03-09T19:08:23.722+0000] {processor.py:840} INFO - DAG(s) 'example_xcom_args', 'example_xcom_args_with_operators' retrieved from /home/airflow/.local/lib/python3.12/site-packages/airflow/example_dags/example_xcomargs.py
[2026-03-09T19:08:23.749+0000] {logging_mixin.py:188} INFO - [2026-03-09T19:08:23.749+0000] {dag.py:3096} INFO - Sync 2 DAGs
[2026-03-09T19:08:23.766+0000] {logging_mixin.py:188} INFO - [2026-03-09T19:08:23.766+0000] {dag.py:3954} INFO - Setting next_dagrun for example_xcom_args to None, run_after=None
[2026-03-09T19:08:23.773+0000] {logging_mixin.py:188} INFO - [2026-03-09T19:08:23.773+0000] {dag.py:3954} INFO - Setting next_dagrun for example_xcom_args_with_operators to None, run_after=None
[2026-03-09T19:08:23.798+0000] {processor.py:183} INFO - Processing /home/airflow/.local/lib/python3.12/site-packages/airflow/example_dags/example_xcomargs.py took 0.106 seconds
[2026-03-09T19:08:54.460+0000] {processor.py:161} INFO - Started process (PID=257) to work on /home/airflow/.local/lib/python3.12/site-packages/airflow/example_dags/example_xcomargs.py
[2026-03-09T19:08:54.462+0000] {processor.py:830} INFO - Processing file /home/airflow/.local/lib/python3.12/site-packages/airflow/example_dags/example_xcomargs.py for tasks to queue
[2026-03-09T19:08:54.466+0000] {logging_mixin.py:188} INFO - [2026-03-09T19:08:54.465+0000] {dagbag.py:545} INFO - Filling up the DagBag from /home/airflow/.local/lib/python3.12/site-packages/airflow/example_dags/example_xcomargs.py
[2026-03-09T19:08:54.477+0000] {processor.py:840} INFO - DAG(s) 'example_xcom_args_with_operators', 'example_xcom_args' retrieved from /home/airflow/.local/lib/python3.12/site-packages/airflow/example_dags/example_xcomargs.py
[2026-03-09T19:08:54.520+0000] {logging_mixin.py:188} INFO - [2026-03-09T19:08:54.519+0000] {dag.py:3096} INFO - Sync 2 DAGs
[2026-03-09T19:08:54.539+0000] {logging_mixin.py:188} INFO - [2026-03-09T19:08:54.539+0000] {dag.py:3954} INFO - Setting next_dagrun for example_xcom_args to None, run_after=None
[2026-03-09T19:08:54.544+0000] {logging_mixin.py:188} INFO - [2026-03-09T19:08:54.544+0000] {dag.py:3954} INFO - Setting next_dagrun for example_xcom_args_with_operators to None, run_after=None
[2026-03-09T19:08:54.567+0000] {processor.py:183} INFO - Processing /home/airflow/.local/lib/python3.12/site-packages/airflow/example_dags/example_xcomargs.py took 0.116 seconds
[2026-03-09T19:09:25.204+0000] {processor.py:161} INFO - Started process (PID=317) to work on /home/airflow/.local/lib/python3.12/site-packages/airflow/example_dags/example_xcomargs.py
[2026-03-09T19:09:25.205+0000] {processor.py:830} INFO - Processing file /home/airflow/.local/lib/python3.12/site-packages/airflow/example_dags/example_xcomargs.py for tasks to queue
[2026-03-09T19:09:25.208+0000] {logging_mixin.py:188} INFO - [2026-03-09T19:09:25.207+0000] {dagbag.py:545} INFO - Filling up the DagBag from /home/airflow/.local/lib/python3.12/site-packages/airflow/example_dags/example_xcomargs.py
[2026-03-09T19:09:25.218+0000] {processor.py:840} INFO - DAG(s) 'example_xcom_args', 'example_xcom_args_with_operators' retrieved from /home/airflow/.local/lib/python3.12/site-packages/airflow/example_dags/example_xcomargs.py
[2026-03-09T19:09:25.245+0000] {logging_mixin.py:188} INFO - [2026-03-09T19:09:25.245+0000] {dag.py:3096} INFO - Sync 2 DAGs
[2026-03-09T19:09:25.261+0000] {logging_mixin.py:188} INFO - [2026-03-09T19:09:25.261+0000] {dag.py:3954} INFO - Setting next_dagrun for example_xcom_args to None, run_after=None
[2026-03-09T19:09:25.266+0000] {logging_mixin.py:188} INFO - [2026-03-09T19:09:25.266+0000] {dag.py:3954} INFO - Setting next_dagrun for example_xcom_args_with_operators to None, run_after=None
[2026-03-09T19:09:25.288+0000] {processor.py:183} INFO - Processing /home/airflow/.local/lib/python3.12/site-packages/airflow/example_dags/example_xcomargs.py took 0.091 seconds
[2026-03-09T19:09:55.714+0000] {processor.py:161} INFO - Started process (PID=376) to work on /home/airflow/.local/lib/python3.12/site-packages/airflow/example_dags/example_xcomargs.py
[2026-03-09T19:09:55.715+0000] {processor.py:830} INFO - Processing file /home/airflow/.local/lib/python3.12/site-packages/airflow/example_dags/example_xcomargs.py for tasks to queue
[2026-03-09T19:09:55.719+0000] {logging_mixin.py:188} INFO - [2026-03-09T19:09:55.718+0000] {dagbag.py:545} INFO - Filling up the DagBag from /home/airflow/.local/lib/python3.12/site-packages/airflow/example_dags/example_xcomargs.py
[2026-03-09T19:09:55.729+0000] {processor.py:840} INFO - DAG(s) 'example_xcom_args', 'example_xcom_args_with_operators' retrieved from /home/airflow/.local/lib/python3.12/site-packages/airflow/example_dags/example_xcomargs.py
[2026-03-09T19:09:55.758+0000] {logging_mixin.py:188} INFO - [2026-03-09T19:09:55.758+0000] {dag.py:3096} INFO - Sync 2 DAGs
[2026-03-09T19:09:55.774+0000] {logging_mixin.py:188} INFO - [2026-03-09T19:09:55.774+0000] {dag.py:3954} INFO - Setting next_dagrun for example_xcom_args to None, run_after=None
[2026-03-09T19:09:55.779+0000] {logging_mixin.py:188} INFO - [2026-03-09T19:09:55.779+0000] {dag.py:3954} INFO - Setting next_dagrun for example_xcom_args_with_operators to None, run_after=None
[2026-03-09T19:09:55.800+0000] {processor.py:183} INFO - Processing /home/airflow/.local/lib/python3.12/site-packages/airflow/example_dags/example_xcomargs.py took 0.092 seconds
[2026-03-09T19:10:26.237+0000] {processor.py:161} INFO - Started process (PID=437) to work on /home/airflow/.local/lib/python3.12/site-packages/airflow/example_dags/example_xcomargs.py
[2026-03-09T19:10:26.238+0000] {processor.py:830} INFO - Processing file /home/airflow/.local/lib/python3.12/site-packages/airflow/example_dags/example_xcomargs.py for tasks to queue
[2026-03-09T19:10:26.241+0000] {logging_mixin.py:188} INFO - [2026-03-09T19:10:26.240+0000] {dagbag.py:545} INFO - Filling up the DagBag from /home/airflow/.local/lib/python3.12/site-packages/airflow/example_dags/example_xcomargs.py
[2026-03-09T19:10:26.251+0000] {processor.py:840} INFO - DAG(s) 'example_xcom_args', 'example_xcom_args_with_operators' retrieved from /home/airflow/.local/lib/python3.12/site-packages/airflow/example_dags/example_xcomargs.py
[2026-03-09T19:10:26.282+0000] {logging_mixin.py:188} INFO - [2026-03-09T19:10:26.281+0000] {dag.py:3096} INFO - Sync 2 DAGs
[2026-03-09T19:10:26.300+0000] {logging_mixin.py:188} INFO - [2026-03-09T19:10:26.300+0000] {dag.py:3954} INFO - Setting next_dagrun for example_xcom_args to None, run_after=None
[2026-03-09T19:10:26.305+0000] {logging_mixin.py:188} INFO - [2026-03-09T19:10:26.305+0000] {dag.py:3954} INFO - Setting next_dagrun for example_xcom_args_with_operators to None, run_after=None
[2026-03-09T19:10:26.333+0000] {processor.py:183} INFO - Processing /home/airflow/.local/lib/python3.12/site-packages/airflow/example_dags/example_xcomargs.py took 0.102 seconds
[2026-03-09T19:10:56.736+0000] {processor.py:161} INFO - Started process (PID=497) to work on /home/airflow/.local/lib/python3.12/site-packages/airflow/example_dags/example_xcomargs.py
[2026-03-09T19:10:56.737+0000] {processor.py:830} INFO - Processing file /home/airflow/.local/lib/python3.12/site-packages/airflow/example_dags/example_xcomargs.py for tasks to queue
[2026-03-09T19:10:56.740+0000] {logging_mixin.py:188} INFO - [2026-03-09T19:10:56.739+0000] {dagbag.py:545} INFO - Filling up the DagBag from /home/airflow/.local/lib/python3.12/site-packages/airflow/example_dags/example_xcomargs.py
[2026-03-09T19:10:56.750+0000] {processor.py:840} INFO - DAG(s) 'example_xcom_args_with_operators', 'example_xcom_args' retrieved from /home/airflow/.local/lib/python3.12/site-packages/airflow/example_dags/example_xcomargs.py
[2026-03-09T19:10:56.777+0000] {logging_mixin.py:188} INFO - [2026-03-09T19:10:56.776+0000] {dag.py:3096} INFO - Sync 2 DAGs
[2026-03-09T19:10:56.795+0000] {logging_mixin.py:188} INFO - [2026-03-09T19:10:56.795+0000] {dag.py:3954} INFO - Setting next_dagrun for example_xcom_args to None, run_after=None
[2026-03-09T19:10:56.800+0000] {logging_mixin.py:188} INFO - [2026-03-09T19:10:56.800+0000] {dag.py:3954} INFO - Setting next_dagrun for example_xcom_args_with_operators to None, run_after=None
[2026-03-09T19:10:56.824+0000] {processor.py:183} INFO - Processing /home/airflow/.local/lib/python3.12/site-packages/airflow/example_dags/example_xcomargs.py took 0.097 seconds
[2026-03-09T19:11:27.164+0000] {processor.py:161} INFO - Started process (PID=557) to work on /home/airflow/.local/lib/python3.12/site-packages/airflow/example_dags/example_xcomargs.py
[2026-03-09T19:11:27.166+0000] {processor.py:830} INFO - Processing file /home/airflow/.local/lib/python3.12/site-packages/airflow/example_dags/example_xcomargs.py for tasks to queue
[2026-03-09T19:11:27.169+0000] {logging_mixin.py:188} INFO - [2026-03-09T19:11:27.168+0000] {dagbag.py:545} INFO - Filling up the DagBag from /home/airflow/.local/lib/python3.12/site-packages/airflow/example_dags/example_xcomargs.py
[2026-03-09T19:11:27.181+0000] {processor.py:840} INFO - DAG(s) 'example_xcom_args', 'example_xcom_args_with_operators' retrieved from /home/airflow/.local/lib/python3.12/site-packages/airflow/example_dags/example_xcomargs.py
[2026-03-09T19:11:27.209+0000] {logging_mixin.py:188} INFO - [2026-03-09T19:11:27.209+0000] {dag.py:3096} INFO - Sync 2 DAGs
[2026-03-09T19:11:27.225+0000] {logging_mixin.py:188} INFO - [2026-03-09T19:11:27.225+0000] {dag.py:3954} INFO - Setting next_dagrun for example_xcom_args to None, run_after=None
[2026-03-09T19:11:27.230+0000] {logging_mixin.py:188} INFO - [2026-03-09T19:11:27.230+0000] {dag.py:3954} INFO - Setting next_dagrun for example_xcom_args_with_operators to None, run_after=None
[2026-03-09T19:11:27.252+0000] {processor.py:183} INFO - Processing /home/airflow/.local/lib/python3.12/site-packages/airflow/example_dags/example_xcomargs.py took 0.098 seconds
[2026-03-09T19:11:58.179+0000] {processor.py:161} INFO - Started process (PID=617) to work on /home/airflow/.local/lib/python3.12/site-packages/airflow/example_dags/example_xcomargs.py
[2026-03-09T19:11:58.180+0000] {processor.py:830} INFO - Processing file /home/airflow/.local/lib/python3.12/site-packages/airflow/example_dags/example_xcomargs.py for tasks to queue
[2026-03-09T19:11:58.183+0000] {logging_mixin.py:188} INFO - [2026-03-09T19:11:58.182+0000] {dagbag.py:545} INFO - Filling up the DagBag from /home/airflow/.local/lib/python3.12/site-packages/airflow/example_dags/example_xcomargs.py
[2026-03-09T19:11:58.197+0000] {processor.py:840} INFO - DAG(s) 'example_xcom_args', 'example_xcom_args_with_operators' retrieved from /home/airflow/.local/lib/python3.12/site-packages/airflow/example_dags/example_xcomargs.py
[2026-03-09T19:11:58.224+0000] {logging_mixin.py:188} INFO - [2026-03-09T19:11:58.223+0000] {dag.py:3096} INFO - Sync 2 DAGs
[2026-03-09T19:11:58.245+0000] {logging_mixin.py:188} INFO - [2026-03-09T19:11:58.245+0000] {dag.py:3954} INFO - Setting next_dagrun for example_xcom_args to None, run_after=None
[2026-03-09T19:11:58.250+0000] {logging_mixin.py:188} INFO - [2026-03-09T19:11:58.250+0000] {dag.py:3954} INFO - Setting next_dagrun for example_xcom_args_with_operators to None, run_after=None
[2026-03-09T19:11:58.271+0000] {processor.py:183} INFO - Processing /home/airflow/.local/lib/python3.12/site-packages/airflow/example_dags/example_xcomargs.py took 0.099 seconds
[2026-03-09T19:12:28.817+0000] {processor.py:161} INFO - Started process (PID=677) to work on /home/airflow/.local/lib/python3.12/site-packages/airflow/example_dags/example_xcomargs.py
[2026-03-09T19:12:28.819+0000] {processor.py:830} INFO - Processing file /home/airflow/.local/lib/python3.12/site-packages/airflow/example_dags/example_xcomargs.py for tasks to queue
[2026-03-09T19:12:28.822+0000] {logging_mixin.py:188} INFO - [2026-03-09T19:12:28.821+0000] {dagbag.py:545} INFO - Filling up the DagBag from /home/airflow/.local/lib/python3.12/site-packages/airflow/example_dags/example_xcomargs.py
[2026-03-09T19:12:28.832+0000] {processor.py:840} INFO - DAG(s) 'example_xcom_args_with_operators', 'example_xcom_args' retrieved from /home/airflow/.local/lib/python3.12/site-packages/airflow/example_dags/example_xcomargs.py
[2026-03-09T19:12:28.862+0000] {logging_mixin.py:188} INFO - [2026-03-09T19:12:28.862+0000] {dag.py:3096} INFO - Sync 2 DAGs
[2026-03-09T19:12:28.879+0000] {logging_mixin.py:188} INFO - [2026-03-09T19:12:28.879+0000] {dag.py:3954} INFO - Setting next_dagrun for example_xcom_args to None, run_after=None
[2026-03-09T19:12:28.885+0000] {logging_mixin.py:188} INFO - [2026-03-09T19:12:28.884+0000] {dag.py:3954} INFO - Setting next_dagrun for example_xcom_args_with_operators to None, run_after=None
[2026-03-09T19:12:28.908+0000] {processor.py:183} INFO - Processing /home/airflow/.local/lib/python3.12/site-packages/airflow/example_dags/example_xcomargs.py took 0.100 seconds
[2026-03-09T19:12:59.375+0000] {processor.py:161} INFO - Started process (PID=736) to work on /home/airflow/.local/lib/python3.12/site-packages/airflow/example_dags/example_xcomargs.py
[2026-03-09T19:12:59.376+0000] {processor.py:830} INFO - Processing file /home/airflow/.local/lib/python3.12/site-packages/airflow/example_dags/example_xcomargs.py for tasks to queue
[2026-03-09T19:12:59.379+0000] {logging_mixin.py:188} INFO - [2026-03-09T19:12:59.378+0000] {dagbag.py:545} INFO - Filling up the DagBag from /home/airflow/.local/lib/python3.12/site-packages/airflow/example_dags/example_xcomargs.py
[2026-03-09T19:12:59.388+0000] {processor.py:840} INFO - DAG(s) 'example_xcom_args_with_operators', 'example_xcom_args' retrieved from /home/airflow/.local/lib/python3.12/site-packages/airflow/example_dags/example_xcomargs.py
[2026-03-09T19:12:59.415+0000] {logging_mixin.py:188} INFO - [2026-03-09T19:12:59.415+0000] {dag.py:3096} INFO - Sync 2 DAGs
[2026-03-09T19:12:59.431+0000] {logging_mixin.py:188} INFO - [2026-03-09T19:12:59.431+0000] {dag.py:3954} INFO - Setting next_dagrun for example_xcom_args to None, run_after=None
[2026-03-09T19:12:59.436+0000] {logging_mixin.py:188} INFO - [2026-03-09T19:12:59.435+0000] {dag.py:3954} INFO - Setting next_dagrun for example_xcom_args_with_operators to None, run_after=None
[2026-03-09T19:12:59.457+0000] {processor.py:183} INFO - Processing /home/airflow/.local/lib/python3.12/site-packages/airflow/example_dags/example_xcomargs.py took 0.088 seconds
[2026-03-09T19:13:29.982+0000] {processor.py:161} INFO - Started process (PID=796) to work on /home/airflow/.local/lib/python3.12/site-packages/airflow/example_dags/example_xcomargs.py
[2026-03-09T19:13:29.984+0000] {processor.py:830} INFO - Processing file /home/airflow/.local/lib/python3.12/site-packages/airflow/example_dags/example_xcomargs.py for tasks to queue
[2026-03-09T19:13:29.987+0000] {logging_mixin.py:188} INFO - [2026-03-09T19:13:29.986+0000] {dagbag.py:545} INFO - Filling up the DagBag from /home/airflow/.local/lib/python3.12/site-packages/airflow/example_dags/example_xcomargs.py
[2026-03-09T19:13:29.996+0000] {processor.py:840} INFO - DAG(s) 'example_xcom_args_with_operators', 'example_xcom_args' retrieved from /home/airflow/.local/lib/python3.12/site-packages/airflow/example_dags/example_xcomargs.py
[2026-03-09T19:13:30.023+0000] {logging_mixin.py:188} INFO - [2026-03-09T19:13:30.023+0000] {dag.py:3096} INFO - Sync 2 DAGs
[2026-03-09T19:13:30.041+0000] {logging_mixin.py:188} INFO - [2026-03-09T19:13:30.040+0000] {dag.py:3954} INFO - Setting next_dagrun for example_xcom_args to None, run_after=None
[2026-03-09T19:13:30.047+0000] {logging_mixin.py:188} INFO - [2026-03-09T19:13:30.047+0000] {dag.py:3954} INFO - Setting next_dagrun for example_xcom_args_with_operators to None, run_after=None
[2026-03-09T19:13:30.072+0000] {processor.py:183} INFO - Processing /home/airflow/.local/lib/python3.12/site-packages/airflow/example_dags/example_xcomargs.py took 0.096 seconds
[2026-03-09T19:14:00.302+0000] {processor.py:161} INFO - Started process (PID=854) to work on /home/airflow/.local/lib/python3.12/site-packages/airflow/example_dags/example_xcomargs.py
[2026-03-09T19:14:00.303+0000] {processor.py:830} INFO - Processing file /home/airflow/.local/lib/python3.12/site-packages/airflow/example_dags/example_xcomargs.py for tasks to queue
[2026-03-09T19:14:00.306+0000] {logging_mixin.py:188} INFO - [2026-03-09T19:14:00.306+0000] {dagbag.py:545} INFO - Filling up the DagBag from /home/airflow/.local/lib/python3.12/site-packages/airflow/example_dags/example_xcomargs.py
[2026-03-09T19:14:00.321+0000] {processor.py:840} INFO - DAG(s) 'example_xcom_args_with_operators', 'example_xcom_args' retrieved from /home/airflow/.local/lib/python3.12/site-packages/airflow/example_dags/example_xcomargs.py
[2026-03-09T19:14:00.349+0000] {logging_mixin.py:188} INFO - [2026-03-09T19:14:00.349+0000] {dag.py:3096} INFO - Sync 2 DAGs
[2026-03-09T19:14:00.366+0000] {logging_mixin.py:188} INFO - [2026-03-09T19:14:00.366+0000] {dag.py:3954} INFO - Setting next_dagrun for example_xcom_args to None, run_after=None
[2026-03-09T19:14:00.372+0000] {logging_mixin.py:188} INFO - [2026-03-09T19:14:00.371+0000] {dag.py:3954} INFO - Setting next_dagrun for example_xcom_args_with_operators to None, run_after=None
[2026-03-09T19:14:00.393+0000] {processor.py:183} INFO - Processing /home/airflow/.local/lib/python3.12/site-packages/airflow/example_dags/example_xcomargs.py took 0.098 seconds
[2026-03-09T19:14:30.806+0000] {processor.py:161} INFO - Started process (PID=914) to work on /home/airflow/.local/lib/python3.12/site-packages/airflow/example_dags/example_xcomargs.py
[2026-03-09T19:14:30.807+0000] {processor.py:830} INFO - Processing file /home/airflow/.local/lib/python3.12/site-packages/airflow/example_dags/example_xcomargs.py for tasks to queue
[2026-03-09T19:14:30.810+0000] {logging_mixin.py:188} INFO - [2026-03-09T19:14:30.809+0000] {dagbag.py:545} INFO - Filling up the DagBag from /home/airflow/.local/lib/python3.12/site-packages/airflow/example_dags/example_xcomargs.py
[2026-03-09T19:14:30.822+0000] {processor.py:840} INFO - DAG(s) 'example_xcom_args_with_operators', 'example_xcom_args' retrieved from /home/airflow/.local/lib/python3.12/site-packages/airflow/example_dags/example_xcomargs.py
[2026-03-09T19:14:30.852+0000] {logging_mixin.py:188} INFO - [2026-03-09T19:14:30.852+0000] {dag.py:3096} INFO - Sync 2 DAGs
[2026-03-09T19:14:30.870+0000] {logging_mixin.py:188} INFO - [2026-03-09T19:14:30.870+0000] {dag.py:3954} INFO - Setting next_dagrun for example_xcom_args to None, run_after=None
[2026-03-09T19:14:30.877+0000] {logging_mixin.py:188} INFO - [2026-03-09T19:14:30.876+0000] {dag.py:3954} INFO - Setting next_dagrun for example_xcom_args_with_operators to None, run_after=None
[2026-03-09T19:14:30.901+0000] {processor.py:183} INFO - Processing /home/airflow/.local/lib/python3.12/site-packages/airflow/example_dags/example_xcomargs.py took 0.102 seconds
[2026-03-09T19:15:01.121+0000] {processor.py:161} INFO - Started process (PID=974) to work on /home/airflow/.local/lib/python3.12/site-packages/airflow/example_dags/example_xcomargs.py
[2026-03-09T19:15:01.122+0000] {processor.py:830} INFO - Processing file /home/airflow/.local/lib/python3.12/site-packages/airflow/example_dags/example_xcomargs.py for tasks to queue
[2026-03-09T19:15:01.125+0000] {logging_mixin.py:188} INFO - [2026-03-09T19:15:01.124+0000] {dagbag.py:545} INFO - Filling up the DagBag from /home/airflow/.local/lib/python3.12/site-packages/airflow/example_dags/example_xcomargs.py
[2026-03-09T19:15:01.136+0000] {processor.py:840} INFO - DAG(s) 'example_xcom_args_with_operators', 'example_xcom_args' retrieved from /home/airflow/.local/lib/python3.12/site-packages/airflow/example_dags/example_xcomargs.py
[2026-03-09T19:15:01.167+0000] {logging_mixin.py:188} INFO - [2026-03-09T19:15:01.167+0000] {dag.py:3096} INFO - Sync 2 DAGs
[2026-03-09T19:15:01.186+0000] {logging_mixin.py:188} INFO - [2026-03-09T19:15:01.186+0000] {dag.py:3954} INFO - Setting next_dagrun for example_xcom_args to None, run_after=None
[2026-03-09T19:15:01.192+0000] {logging_mixin.py:188} INFO - [2026-03-09T19:15:01.192+0000] {dag.py:3954} INFO - Setting next_dagrun for example_xcom_args_with_operators to None, run_after=None
[2026-03-09T19:15:01.218+0000] {processor.py:183} INFO - Processing /home/airflow/.local/lib/python3.12/site-packages/airflow/example_dags/example_xcomargs.py took 0.104 seconds
