[2026-03-09T19:04:48.315+0000] {processor.py:161} INFO - Started process (PID=100) to work on /home/airflow/.local/lib/python3.12/site-packages/airflow/example_dags/example_display_name.py
[2026-03-09T19:04:48.317+0000] {processor.py:830} INFO - Processing file /home/airflow/.local/lib/python3.12/site-packages/airflow/example_dags/example_display_name.py for tasks to queue
[2026-03-09T19:04:48.321+0000] {logging_mixin.py:188} INFO - [2026-03-09T19:04:48.320+0000] {dagbag.py:545} INFO - Filling up the DagBag from /home/airflow/.local/lib/python3.12/site-packages/airflow/example_dags/example_display_name.py
[2026-03-09T19:04:48.331+0000] {processor.py:840} INFO - DAG(s) 'example_display_name' retrieved from /home/airflow/.local/lib/python3.12/site-packages/airflow/example_dags/example_display_name.py
[2026-03-09T19:04:48.365+0000] {logging_mixin.py:188} INFO - [2026-03-09T19:04:48.365+0000] {dag.py:3096} INFO - Sync 1 DAGs
[2026-03-09T19:04:48.389+0000] {logging_mixin.py:188} INFO - [2026-03-09T19:04:48.388+0000] {dag.py:3954} INFO - Setting next_dagrun for example_display_name to None, run_after=None
[2026-03-09T19:04:48.424+0000] {processor.py:183} INFO - Processing /home/airflow/.local/lib/python3.12/site-packages/airflow/example_dags/example_display_name.py took 0.118 seconds
[2026-03-09T19:05:19.328+0000] {processor.py:161} INFO - Started process (PID=158) to work on /home/airflow/.local/lib/python3.12/site-packages/airflow/example_dags/example_display_name.py
[2026-03-09T19:05:19.330+0000] {processor.py:830} INFO - Processing file /home/airflow/.local/lib/python3.12/site-packages/airflow/example_dags/example_display_name.py for tasks to queue
[2026-03-09T19:05:19.333+0000] {logging_mixin.py:188} INFO - [2026-03-09T19:05:19.332+0000] {dagbag.py:545} INFO - Filling up the DagBag from /home/airflow/.local/lib/python3.12/site-packages/airflow/example_dags/example_display_name.py
[2026-03-09T19:05:19.343+0000] {processor.py:840} INFO - DAG(s) 'example_display_name' retrieved from /home/airflow/.local/lib/python3.12/site-packages/airflow/example_dags/example_display_name.py
[2026-03-09T19:05:19.376+0000] {logging_mixin.py:188} INFO - [2026-03-09T19:05:19.376+0000] {dag.py:3096} INFO - Sync 1 DAGs
[2026-03-09T19:05:19.397+0000] {logging_mixin.py:188} INFO - [2026-03-09T19:05:19.396+0000] {dag.py:3954} INFO - Setting next_dagrun for example_display_name to None, run_after=None
[2026-03-09T19:05:19.422+0000] {processor.py:183} INFO - Processing /home/airflow/.local/lib/python3.12/site-packages/airflow/example_dags/example_display_name.py took 0.103 seconds
[2026-03-09T19:05:49.961+0000] {processor.py:161} INFO - Started process (PID=216) to work on /home/airflow/.local/lib/python3.12/site-packages/airflow/example_dags/example_display_name.py
[2026-03-09T19:05:49.962+0000] {processor.py:830} INFO - Processing file /home/airflow/.local/lib/python3.12/site-packages/airflow/example_dags/example_display_name.py for tasks to queue
[2026-03-09T19:05:49.965+0000] {logging_mixin.py:188} INFO - [2026-03-09T19:05:49.965+0000] {dagbag.py:545} INFO - Filling up the DagBag from /home/airflow/.local/lib/python3.12/site-packages/airflow/example_dags/example_display_name.py
[2026-03-09T19:05:49.974+0000] {processor.py:840} INFO - DAG(s) 'example_display_name' retrieved from /home/airflow/.local/lib/python3.12/site-packages/airflow/example_dags/example_display_name.py
[2026-03-09T19:05:49.997+0000] {logging_mixin.py:188} INFO - [2026-03-09T19:05:49.997+0000] {dag.py:3096} INFO - Sync 1 DAGs
[2026-03-09T19:05:50.014+0000] {logging_mixin.py:188} INFO - [2026-03-09T19:05:50.014+0000] {dag.py:3954} INFO - Setting next_dagrun for example_display_name to None, run_after=None
[2026-03-09T19:05:50.037+0000] {processor.py:183} INFO - Processing /home/airflow/.local/lib/python3.12/site-packages/airflow/example_dags/example_display_name.py took 0.082 seconds
[2026-03-09T19:06:20.538+0000] {processor.py:161} INFO - Started process (PID=274) to work on /home/airflow/.local/lib/python3.12/site-packages/airflow/example_dags/example_display_name.py
[2026-03-09T19:06:20.539+0000] {processor.py:830} INFO - Processing file /home/airflow/.local/lib/python3.12/site-packages/airflow/example_dags/example_display_name.py for tasks to queue
[2026-03-09T19:06:20.542+0000] {logging_mixin.py:188} INFO - [2026-03-09T19:06:20.542+0000] {dagbag.py:545} INFO - Filling up the DagBag from /home/airflow/.local/lib/python3.12/site-packages/airflow/example_dags/example_display_name.py
[2026-03-09T19:06:20.549+0000] {processor.py:840} INFO - DAG(s) 'example_display_name' retrieved from /home/airflow/.local/lib/python3.12/site-packages/airflow/example_dags/example_display_name.py
[2026-03-09T19:06:20.574+0000] {logging_mixin.py:188} INFO - [2026-03-09T19:06:20.573+0000] {dag.py:3096} INFO - Sync 1 DAGs
[2026-03-09T19:06:20.597+0000] {logging_mixin.py:188} INFO - [2026-03-09T19:06:20.596+0000] {dag.py:3954} INFO - Setting next_dagrun for example_display_name to None, run_after=None
[2026-03-09T19:06:20.636+0000] {processor.py:183} INFO - Processing /home/airflow/.local/lib/python3.12/site-packages/airflow/example_dags/example_display_name.py took 0.104 seconds
[2026-03-09T19:07:24.338+0000] {processor.py:161} INFO - Started process (PID=98) to work on /home/airflow/.local/lib/python3.12/site-packages/airflow/example_dags/example_display_name.py
[2026-03-09T19:07:24.340+0000] {processor.py:830} INFO - Processing file /home/airflow/.local/lib/python3.12/site-packages/airflow/example_dags/example_display_name.py for tasks to queue
[2026-03-09T19:07:24.343+0000] {logging_mixin.py:188} INFO - [2026-03-09T19:07:24.342+0000] {dagbag.py:545} INFO - Filling up the DagBag from /home/airflow/.local/lib/python3.12/site-packages/airflow/example_dags/example_display_name.py
[2026-03-09T19:07:24.354+0000] {processor.py:840} INFO - DAG(s) 'example_display_name' retrieved from /home/airflow/.local/lib/python3.12/site-packages/airflow/example_dags/example_display_name.py
[2026-03-09T19:07:24.368+0000] {logging_mixin.py:188} INFO - [2026-03-09T19:07:24.368+0000] {dag.py:3096} INFO - Sync 1 DAGs
[2026-03-09T19:07:24.391+0000] {logging_mixin.py:188} INFO - [2026-03-09T19:07:24.390+0000] {dag.py:3954} INFO - Setting next_dagrun for example_display_name to None, run_after=None
[2026-03-09T19:07:24.436+0000] {processor.py:183} INFO - Processing /home/airflow/.local/lib/python3.12/site-packages/airflow/example_dags/example_display_name.py took 0.105 seconds
[2026-03-09T19:07:55.740+0000] {processor.py:161} INFO - Started process (PID=158) to work on /home/airflow/.local/lib/python3.12/site-packages/airflow/example_dags/example_display_name.py
[2026-03-09T19:07:55.741+0000] {processor.py:830} INFO - Processing file /home/airflow/.local/lib/python3.12/site-packages/airflow/example_dags/example_display_name.py for tasks to queue
[2026-03-09T19:07:55.744+0000] {logging_mixin.py:188} INFO - [2026-03-09T19:07:55.743+0000] {dagbag.py:545} INFO - Filling up the DagBag from /home/airflow/.local/lib/python3.12/site-packages/airflow/example_dags/example_display_name.py
[2026-03-09T19:07:55.752+0000] {processor.py:840} INFO - DAG(s) 'example_display_name' retrieved from /home/airflow/.local/lib/python3.12/site-packages/airflow/example_dags/example_display_name.py
[2026-03-09T19:07:55.898+0000] {logging_mixin.py:188} INFO - [2026-03-09T19:07:55.897+0000] {dag.py:3096} INFO - Sync 1 DAGs
[2026-03-09T19:07:55.918+0000] {logging_mixin.py:188} INFO - [2026-03-09T19:07:55.918+0000] {dag.py:3954} INFO - Setting next_dagrun for example_display_name to None, run_after=None
[2026-03-09T19:07:55.952+0000] {processor.py:183} INFO - Processing /home/airflow/.local/lib/python3.12/site-packages/airflow/example_dags/example_display_name.py took 0.221 seconds
[2026-03-09T19:08:26.191+0000] {processor.py:161} INFO - Started process (PID=218) to work on /home/airflow/.local/lib/python3.12/site-packages/airflow/example_dags/example_display_name.py
[2026-03-09T19:08:26.192+0000] {processor.py:830} INFO - Processing file /home/airflow/.local/lib/python3.12/site-packages/airflow/example_dags/example_display_name.py for tasks to queue
[2026-03-09T19:08:26.195+0000] {logging_mixin.py:188} INFO - [2026-03-09T19:08:26.194+0000] {dagbag.py:545} INFO - Filling up the DagBag from /home/airflow/.local/lib/python3.12/site-packages/airflow/example_dags/example_display_name.py
[2026-03-09T19:08:26.203+0000] {processor.py:840} INFO - DAG(s) 'example_display_name' retrieved from /home/airflow/.local/lib/python3.12/site-packages/airflow/example_dags/example_display_name.py
[2026-03-09T19:08:26.227+0000] {logging_mixin.py:188} INFO - [2026-03-09T19:08:26.227+0000] {dag.py:3096} INFO - Sync 1 DAGs
[2026-03-09T19:08:26.246+0000] {logging_mixin.py:188} INFO - [2026-03-09T19:08:26.246+0000] {dag.py:3954} INFO - Setting next_dagrun for example_display_name to None, run_after=None
[2026-03-09T19:08:26.269+0000] {processor.py:183} INFO - Processing /home/airflow/.local/lib/python3.12/site-packages/airflow/example_dags/example_display_name.py took 0.085 seconds
[2026-03-09T19:08:56.907+0000] {processor.py:161} INFO - Started process (PID=278) to work on /home/airflow/.local/lib/python3.12/site-packages/airflow/example_dags/example_display_name.py
[2026-03-09T19:08:56.909+0000] {processor.py:830} INFO - Processing file /home/airflow/.local/lib/python3.12/site-packages/airflow/example_dags/example_display_name.py for tasks to queue
[2026-03-09T19:08:56.912+0000] {logging_mixin.py:188} INFO - [2026-03-09T19:08:56.911+0000] {dagbag.py:545} INFO - Filling up the DagBag from /home/airflow/.local/lib/python3.12/site-packages/airflow/example_dags/example_display_name.py
[2026-03-09T19:08:56.919+0000] {processor.py:840} INFO - DAG(s) 'example_display_name' retrieved from /home/airflow/.local/lib/python3.12/site-packages/airflow/example_dags/example_display_name.py
[2026-03-09T19:08:56.943+0000] {logging_mixin.py:188} INFO - [2026-03-09T19:08:56.943+0000] {dag.py:3096} INFO - Sync 1 DAGs
[2026-03-09T19:08:56.963+0000] {logging_mixin.py:188} INFO - [2026-03-09T19:08:56.963+0000] {dag.py:3954} INFO - Setting next_dagrun for example_display_name to None, run_after=None
[2026-03-09T19:08:56.989+0000] {processor.py:183} INFO - Processing /home/airflow/.local/lib/python3.12/site-packages/airflow/example_dags/example_display_name.py took 0.089 seconds
[2026-03-09T19:09:27.784+0000] {processor.py:161} INFO - Started process (PID=338) to work on /home/airflow/.local/lib/python3.12/site-packages/airflow/example_dags/example_display_name.py
[2026-03-09T19:09:27.785+0000] {processor.py:830} INFO - Processing file /home/airflow/.local/lib/python3.12/site-packages/airflow/example_dags/example_display_name.py for tasks to queue
[2026-03-09T19:09:27.788+0000] {logging_mixin.py:188} INFO - [2026-03-09T19:09:27.788+0000] {dagbag.py:545} INFO - Filling up the DagBag from /home/airflow/.local/lib/python3.12/site-packages/airflow/example_dags/example_display_name.py
[2026-03-09T19:09:27.797+0000] {processor.py:840} INFO - DAG(s) 'example_display_name' retrieved from /home/airflow/.local/lib/python3.12/site-packages/airflow/example_dags/example_display_name.py
[2026-03-09T19:09:27.822+0000] {logging_mixin.py:188} INFO - [2026-03-09T19:09:27.822+0000] {dag.py:3096} INFO - Sync 1 DAGs
[2026-03-09T19:09:27.843+0000] {logging_mixin.py:188} INFO - [2026-03-09T19:09:27.843+0000] {dag.py:3954} INFO - Setting next_dagrun for example_display_name to None, run_after=None
[2026-03-09T19:09:27.873+0000] {processor.py:183} INFO - Processing /home/airflow/.local/lib/python3.12/site-packages/airflow/example_dags/example_display_name.py took 0.096 seconds
[2026-03-09T19:09:58.275+0000] {processor.py:161} INFO - Started process (PID=398) to work on /home/airflow/.local/lib/python3.12/site-packages/airflow/example_dags/example_display_name.py
[2026-03-09T19:09:58.276+0000] {processor.py:830} INFO - Processing file /home/airflow/.local/lib/python3.12/site-packages/airflow/example_dags/example_display_name.py for tasks to queue
[2026-03-09T19:09:58.280+0000] {logging_mixin.py:188} INFO - [2026-03-09T19:09:58.279+0000] {dagbag.py:545} INFO - Filling up the DagBag from /home/airflow/.local/lib/python3.12/site-packages/airflow/example_dags/example_display_name.py
[2026-03-09T19:09:58.289+0000] {processor.py:840} INFO - DAG(s) 'example_display_name' retrieved from /home/airflow/.local/lib/python3.12/site-packages/airflow/example_dags/example_display_name.py
[2026-03-09T19:09:58.314+0000] {logging_mixin.py:188} INFO - [2026-03-09T19:09:58.314+0000] {dag.py:3096} INFO - Sync 1 DAGs
[2026-03-09T19:09:58.332+0000] {logging_mixin.py:188} INFO - [2026-03-09T19:09:58.332+0000] {dag.py:3954} INFO - Setting next_dagrun for example_display_name to None, run_after=None
[2026-03-09T19:09:58.357+0000] {processor.py:183} INFO - Processing /home/airflow/.local/lib/python3.12/site-packages/airflow/example_dags/example_display_name.py took 0.090 seconds
[2026-03-09T19:10:28.753+0000] {processor.py:161} INFO - Started process (PID=458) to work on /home/airflow/.local/lib/python3.12/site-packages/airflow/example_dags/example_display_name.py
[2026-03-09T19:10:28.754+0000] {processor.py:830} INFO - Processing file /home/airflow/.local/lib/python3.12/site-packages/airflow/example_dags/example_display_name.py for tasks to queue
[2026-03-09T19:10:28.757+0000] {logging_mixin.py:188} INFO - [2026-03-09T19:10:28.756+0000] {dagbag.py:545} INFO - Filling up the DagBag from /home/airflow/.local/lib/python3.12/site-packages/airflow/example_dags/example_display_name.py
[2026-03-09T19:10:28.765+0000] {processor.py:840} INFO - DAG(s) 'example_display_name' retrieved from /home/airflow/.local/lib/python3.12/site-packages/airflow/example_dags/example_display_name.py
[2026-03-09T19:10:28.795+0000] {logging_mixin.py:188} INFO - [2026-03-09T19:10:28.795+0000] {dag.py:3096} INFO - Sync 1 DAGs
[2026-03-09T19:10:28.820+0000] {logging_mixin.py:188} INFO - [2026-03-09T19:10:28.819+0000] {dag.py:3954} INFO - Setting next_dagrun for example_display_name to None, run_after=None
[2026-03-09T19:10:28.851+0000] {processor.py:183} INFO - Processing /home/airflow/.local/lib/python3.12/site-packages/airflow/example_dags/example_display_name.py took 0.105 seconds
[2026-03-09T19:10:59.176+0000] {processor.py:161} INFO - Started process (PID=518) to work on /home/airflow/.local/lib/python3.12/site-packages/airflow/example_dags/example_display_name.py
[2026-03-09T19:10:59.177+0000] {processor.py:830} INFO - Processing file /home/airflow/.local/lib/python3.12/site-packages/airflow/example_dags/example_display_name.py for tasks to queue
[2026-03-09T19:10:59.180+0000] {logging_mixin.py:188} INFO - [2026-03-09T19:10:59.179+0000] {dagbag.py:545} INFO - Filling up the DagBag from /home/airflow/.local/lib/python3.12/site-packages/airflow/example_dags/example_display_name.py
[2026-03-09T19:10:59.187+0000] {processor.py:840} INFO - DAG(s) 'example_display_name' retrieved from /home/airflow/.local/lib/python3.12/site-packages/airflow/example_dags/example_display_name.py
[2026-03-09T19:10:59.208+0000] {logging_mixin.py:188} INFO - [2026-03-09T19:10:59.208+0000] {dag.py:3096} INFO - Sync 1 DAGs
[2026-03-09T19:10:59.225+0000] {logging_mixin.py:188} INFO - [2026-03-09T19:10:59.225+0000] {dag.py:3954} INFO - Setting next_dagrun for example_display_name to None, run_after=None
[2026-03-09T19:10:59.252+0000] {processor.py:183} INFO - Processing /home/airflow/.local/lib/python3.12/site-packages/airflow/example_dags/example_display_name.py took 0.084 seconds
[2026-03-09T19:11:29.525+0000] {processor.py:161} INFO - Started process (PID=578) to work on /home/airflow/.local/lib/python3.12/site-packages/airflow/example_dags/example_display_name.py
[2026-03-09T19:11:29.527+0000] {processor.py:830} INFO - Processing file /home/airflow/.local/lib/python3.12/site-packages/airflow/example_dags/example_display_name.py for tasks to queue
[2026-03-09T19:11:29.529+0000] {logging_mixin.py:188} INFO - [2026-03-09T19:11:29.529+0000] {dagbag.py:545} INFO - Filling up the DagBag from /home/airflow/.local/lib/python3.12/site-packages/airflow/example_dags/example_display_name.py
[2026-03-09T19:11:29.536+0000] {processor.py:840} INFO - DAG(s) 'example_display_name' retrieved from /home/airflow/.local/lib/python3.12/site-packages/airflow/example_dags/example_display_name.py
[2026-03-09T19:11:29.562+0000] {logging_mixin.py:188} INFO - [2026-03-09T19:11:29.561+0000] {dag.py:3096} INFO - Sync 1 DAGs
[2026-03-09T19:11:29.578+0000] {logging_mixin.py:188} INFO - [2026-03-09T19:11:29.577+0000] {dag.py:3954} INFO - Setting next_dagrun for example_display_name to None, run_after=None
[2026-03-09T19:11:29.604+0000] {processor.py:183} INFO - Processing /home/airflow/.local/lib/python3.12/site-packages/airflow/example_dags/example_display_name.py took 0.087 seconds
[2026-03-09T19:12:00.646+0000] {processor.py:161} INFO - Started process (PID=638) to work on /home/airflow/.local/lib/python3.12/site-packages/airflow/example_dags/example_display_name.py
[2026-03-09T19:12:00.647+0000] {processor.py:830} INFO - Processing file /home/airflow/.local/lib/python3.12/site-packages/airflow/example_dags/example_display_name.py for tasks to queue
[2026-03-09T19:12:00.652+0000] {logging_mixin.py:188} INFO - [2026-03-09T19:12:00.651+0000] {dagbag.py:545} INFO - Filling up the DagBag from /home/airflow/.local/lib/python3.12/site-packages/airflow/example_dags/example_display_name.py
[2026-03-09T19:12:00.659+0000] {processor.py:840} INFO - DAG(s) 'example_display_name' retrieved from /home/airflow/.local/lib/python3.12/site-packages/airflow/example_dags/example_display_name.py
[2026-03-09T19:12:00.681+0000] {logging_mixin.py:188} INFO - [2026-03-09T19:12:00.681+0000] {dag.py:3096} INFO - Sync 1 DAGs
[2026-03-09T19:12:00.699+0000] {logging_mixin.py:188} INFO - [2026-03-09T19:12:00.698+0000] {dag.py:3954} INFO - Setting next_dagrun for example_display_name to None, run_after=None
[2026-03-09T19:12:00.723+0000] {processor.py:183} INFO - Processing /home/airflow/.local/lib/python3.12/site-packages/airflow/example_dags/example_display_name.py took 0.084 seconds
[2026-03-09T19:12:31.293+0000] {processor.py:161} INFO - Started process (PID=698) to work on /home/airflow/.local/lib/python3.12/site-packages/airflow/example_dags/example_display_name.py
[2026-03-09T19:12:31.294+0000] {processor.py:830} INFO - Processing file /home/airflow/.local/lib/python3.12/site-packages/airflow/example_dags/example_display_name.py for tasks to queue
[2026-03-09T19:12:31.296+0000] {logging_mixin.py:188} INFO - [2026-03-09T19:12:31.296+0000] {dagbag.py:545} INFO - Filling up the DagBag from /home/airflow/.local/lib/python3.12/site-packages/airflow/example_dags/example_display_name.py
[2026-03-09T19:12:31.303+0000] {processor.py:840} INFO - DAG(s) 'example_display_name' retrieved from /home/airflow/.local/lib/python3.12/site-packages/airflow/example_dags/example_display_name.py
[2026-03-09T19:12:31.327+0000] {logging_mixin.py:188} INFO - [2026-03-09T19:12:31.327+0000] {dag.py:3096} INFO - Sync 1 DAGs
[2026-03-09T19:12:31.347+0000] {logging_mixin.py:188} INFO - [2026-03-09T19:12:31.347+0000] {dag.py:3954} INFO - Setting next_dagrun for example_display_name to None, run_after=None
[2026-03-09T19:12:31.373+0000] {processor.py:183} INFO - Processing /home/airflow/.local/lib/python3.12/site-packages/airflow/example_dags/example_display_name.py took 0.087 seconds
[2026-03-09T19:13:01.886+0000] {processor.py:161} INFO - Started process (PID=757) to work on /home/airflow/.local/lib/python3.12/site-packages/airflow/example_dags/example_display_name.py
[2026-03-09T19:13:01.887+0000] {processor.py:830} INFO - Processing file /home/airflow/.local/lib/python3.12/site-packages/airflow/example_dags/example_display_name.py for tasks to queue
[2026-03-09T19:13:01.890+0000] {logging_mixin.py:188} INFO - [2026-03-09T19:13:01.889+0000] {dagbag.py:545} INFO - Filling up the DagBag from /home/airflow/.local/lib/python3.12/site-packages/airflow/example_dags/example_display_name.py
[2026-03-09T19:13:01.897+0000] {processor.py:840} INFO - DAG(s) 'example_display_name' retrieved from /home/airflow/.local/lib/python3.12/site-packages/airflow/example_dags/example_display_name.py
[2026-03-09T19:13:01.919+0000] {logging_mixin.py:188} INFO - [2026-03-09T19:13:01.919+0000] {dag.py:3096} INFO - Sync 1 DAGs
[2026-03-09T19:13:01.936+0000] {logging_mixin.py:188} INFO - [2026-03-09T19:13:01.936+0000] {dag.py:3954} INFO - Setting next_dagrun for example_display_name to None, run_after=None
[2026-03-09T19:13:01.958+0000] {processor.py:183} INFO - Processing /home/airflow/.local/lib/python3.12/site-packages/airflow/example_dags/example_display_name.py took 0.079 seconds
[2026-03-09T19:13:32.748+0000] {processor.py:161} INFO - Started process (PID=817) to work on /home/airflow/.local/lib/python3.12/site-packages/airflow/example_dags/example_display_name.py
[2026-03-09T19:13:32.749+0000] {processor.py:830} INFO - Processing file /home/airflow/.local/lib/python3.12/site-packages/airflow/example_dags/example_display_name.py for tasks to queue
[2026-03-09T19:13:32.752+0000] {logging_mixin.py:188} INFO - [2026-03-09T19:13:32.751+0000] {dagbag.py:545} INFO - Filling up the DagBag from /home/airflow/.local/lib/python3.12/site-packages/airflow/example_dags/example_display_name.py
[2026-03-09T19:13:32.759+0000] {processor.py:840} INFO - DAG(s) 'example_display_name' retrieved from /home/airflow/.local/lib/python3.12/site-packages/airflow/example_dags/example_display_name.py
[2026-03-09T19:13:32.781+0000] {logging_mixin.py:188} INFO - [2026-03-09T19:13:32.781+0000] {dag.py:3096} INFO - Sync 1 DAGs
[2026-03-09T19:13:32.798+0000] {logging_mixin.py:188} INFO - [2026-03-09T19:13:32.798+0000] {dag.py:3954} INFO - Setting next_dagrun for example_display_name to None, run_after=None
[2026-03-09T19:13:32.822+0000] {processor.py:183} INFO - Processing /home/airflow/.local/lib/python3.12/site-packages/airflow/example_dags/example_display_name.py took 0.081 seconds
[2026-03-09T19:14:03.221+0000] {processor.py:161} INFO - Started process (PID=877) to work on /home/airflow/.local/lib/python3.12/site-packages/airflow/example_dags/example_display_name.py
[2026-03-09T19:14:03.222+0000] {processor.py:830} INFO - Processing file /home/airflow/.local/lib/python3.12/site-packages/airflow/example_dags/example_display_name.py for tasks to queue
[2026-03-09T19:14:03.225+0000] {logging_mixin.py:188} INFO - [2026-03-09T19:14:03.225+0000] {dagbag.py:545} INFO - Filling up the DagBag from /home/airflow/.local/lib/python3.12/site-packages/airflow/example_dags/example_display_name.py
[2026-03-09T19:14:03.234+0000] {processor.py:840} INFO - DAG(s) 'example_display_name' retrieved from /home/airflow/.local/lib/python3.12/site-packages/airflow/example_dags/example_display_name.py
[2026-03-09T19:14:03.257+0000] {logging_mixin.py:188} INFO - [2026-03-09T19:14:03.257+0000] {dag.py:3096} INFO - Sync 1 DAGs
[2026-03-09T19:14:03.276+0000] {logging_mixin.py:188} INFO - [2026-03-09T19:14:03.276+0000] {dag.py:3954} INFO - Setting next_dagrun for example_display_name to None, run_after=None
[2026-03-09T19:14:03.305+0000] {processor.py:183} INFO - Processing /home/airflow/.local/lib/python3.12/site-packages/airflow/example_dags/example_display_name.py took 0.093 seconds
[2026-03-09T19:14:33.706+0000] {processor.py:161} INFO - Started process (PID=937) to work on /home/airflow/.local/lib/python3.12/site-packages/airflow/example_dags/example_display_name.py
[2026-03-09T19:14:33.707+0000] {processor.py:830} INFO - Processing file /home/airflow/.local/lib/python3.12/site-packages/airflow/example_dags/example_display_name.py for tasks to queue
[2026-03-09T19:14:33.710+0000] {logging_mixin.py:188} INFO - [2026-03-09T19:14:33.709+0000] {dagbag.py:545} INFO - Filling up the DagBag from /home/airflow/.local/lib/python3.12/site-packages/airflow/example_dags/example_display_name.py
[2026-03-09T19:14:33.717+0000] {processor.py:840} INFO - DAG(s) 'example_display_name' retrieved from /home/airflow/.local/lib/python3.12/site-packages/airflow/example_dags/example_display_name.py
[2026-03-09T19:14:33.746+0000] {logging_mixin.py:188} INFO - [2026-03-09T19:14:33.746+0000] {dag.py:3096} INFO - Sync 1 DAGs
[2026-03-09T19:14:33.764+0000] {logging_mixin.py:188} INFO - [2026-03-09T19:14:33.764+0000] {dag.py:3954} INFO - Setting next_dagrun for example_display_name to None, run_after=None
[2026-03-09T19:14:33.795+0000] {processor.py:183} INFO - Processing /home/airflow/.local/lib/python3.12/site-packages/airflow/example_dags/example_display_name.py took 0.098 seconds
[2026-03-09T19:15:04.109+0000] {processor.py:161} INFO - Started process (PID=997) to work on /home/airflow/.local/lib/python3.12/site-packages/airflow/example_dags/example_display_name.py
[2026-03-09T19:15:04.111+0000] {processor.py:830} INFO - Processing file /home/airflow/.local/lib/python3.12/site-packages/airflow/example_dags/example_display_name.py for tasks to queue
[2026-03-09T19:15:04.114+0000] {logging_mixin.py:188} INFO - [2026-03-09T19:15:04.113+0000] {dagbag.py:545} INFO - Filling up the DagBag from /home/airflow/.local/lib/python3.12/site-packages/airflow/example_dags/example_display_name.py
[2026-03-09T19:15:04.122+0000] {processor.py:840} INFO - DAG(s) 'example_display_name' retrieved from /home/airflow/.local/lib/python3.12/site-packages/airflow/example_dags/example_display_name.py
[2026-03-09T19:15:04.152+0000] {logging_mixin.py:188} INFO - [2026-03-09T19:15:04.151+0000] {dag.py:3096} INFO - Sync 1 DAGs
[2026-03-09T19:15:04.172+0000] {logging_mixin.py:188} INFO - [2026-03-09T19:15:04.172+0000] {dag.py:3954} INFO - Setting next_dagrun for example_display_name to None, run_after=None
[2026-03-09T19:15:04.200+0000] {processor.py:183} INFO - Processing /home/airflow/.local/lib/python3.12/site-packages/airflow/example_dags/example_display_name.py took 0.099 seconds
