[2026-03-09T19:04:45.110+0000] {processor.py:161} INFO - Started process (PID=66) to work on /home/airflow/.local/lib/python3.12/site-packages/airflow/example_dags/example_complex.py
[2026-03-09T19:04:45.111+0000] {processor.py:830} INFO - Processing file /home/airflow/.local/lib/python3.12/site-packages/airflow/example_dags/example_complex.py for tasks to queue
[2026-03-09T19:04:45.114+0000] {logging_mixin.py:188} INFO - [2026-03-09T19:04:45.114+0000] {dagbag.py:545} INFO - Filling up the DagBag from /home/airflow/.local/lib/python3.12/site-packages/airflow/example_dags/example_complex.py
[2026-03-09T19:04:45.134+0000] {processor.py:840} INFO - DAG(s) 'example_complex' retrieved from /home/airflow/.local/lib/python3.12/site-packages/airflow/example_dags/example_complex.py
[2026-03-09T19:04:45.192+0000] {logging_mixin.py:188} INFO - [2026-03-09T19:04:45.192+0000] {dag.py:3096} INFO - Sync 1 DAGs
[2026-03-09T19:04:45.219+0000] {logging_mixin.py:188} INFO - [2026-03-09T19:04:45.219+0000] {dag.py:3954} INFO - Setting next_dagrun for example_complex to None, run_after=None
[2026-03-09T19:04:45.259+0000] {processor.py:183} INFO - Processing /home/airflow/.local/lib/python3.12/site-packages/airflow/example_dags/example_complex.py took 0.157 seconds
[2026-03-09T19:05:15.343+0000] {processor.py:161} INFO - Started process (PID=124) to work on /home/airflow/.local/lib/python3.12/site-packages/airflow/example_dags/example_complex.py
[2026-03-09T19:05:15.344+0000] {processor.py:830} INFO - Processing file /home/airflow/.local/lib/python3.12/site-packages/airflow/example_dags/example_complex.py for tasks to queue
[2026-03-09T19:05:15.347+0000] {logging_mixin.py:188} INFO - [2026-03-09T19:05:15.346+0000] {dagbag.py:545} INFO - Filling up the DagBag from /home/airflow/.local/lib/python3.12/site-packages/airflow/example_dags/example_complex.py
[2026-03-09T19:05:15.362+0000] {processor.py:840} INFO - DAG(s) 'example_complex' retrieved from /home/airflow/.local/lib/python3.12/site-packages/airflow/example_dags/example_complex.py
[2026-03-09T19:05:15.403+0000] {logging_mixin.py:188} INFO - [2026-03-09T19:05:15.402+0000] {dag.py:3096} INFO - Sync 1 DAGs
[2026-03-09T19:05:15.428+0000] {logging_mixin.py:188} INFO - [2026-03-09T19:05:15.427+0000] {dag.py:3954} INFO - Setting next_dagrun for example_complex to None, run_after=None
[2026-03-09T19:05:15.458+0000] {processor.py:183} INFO - Processing /home/airflow/.local/lib/python3.12/site-packages/airflow/example_dags/example_complex.py took 0.123 seconds
[2026-03-09T19:05:45.664+0000] {processor.py:161} INFO - Started process (PID=182) to work on /home/airflow/.local/lib/python3.12/site-packages/airflow/example_dags/example_complex.py
[2026-03-09T19:05:45.666+0000] {processor.py:830} INFO - Processing file /home/airflow/.local/lib/python3.12/site-packages/airflow/example_dags/example_complex.py for tasks to queue
[2026-03-09T19:05:45.672+0000] {logging_mixin.py:188} INFO - [2026-03-09T19:05:45.671+0000] {dagbag.py:545} INFO - Filling up the DagBag from /home/airflow/.local/lib/python3.12/site-packages/airflow/example_dags/example_complex.py
[2026-03-09T19:05:45.685+0000] {processor.py:840} INFO - DAG(s) 'example_complex' retrieved from /home/airflow/.local/lib/python3.12/site-packages/airflow/example_dags/example_complex.py
[2026-03-09T19:05:45.733+0000] {logging_mixin.py:188} INFO - [2026-03-09T19:05:45.732+0000] {dag.py:3096} INFO - Sync 1 DAGs
[2026-03-09T19:05:45.750+0000] {logging_mixin.py:188} INFO - [2026-03-09T19:05:45.750+0000] {dag.py:3954} INFO - Setting next_dagrun for example_complex to None, run_after=None
[2026-03-09T19:05:45.781+0000] {processor.py:183} INFO - Processing /home/airflow/.local/lib/python3.12/site-packages/airflow/example_dags/example_complex.py took 0.127 seconds
[2026-03-09T19:06:16.083+0000] {processor.py:161} INFO - Started process (PID=246) to work on /home/airflow/.local/lib/python3.12/site-packages/airflow/example_dags/example_complex.py
[2026-03-09T19:06:16.084+0000] {processor.py:830} INFO - Processing file /home/airflow/.local/lib/python3.12/site-packages/airflow/example_dags/example_complex.py for tasks to queue
[2026-03-09T19:06:16.088+0000] {logging_mixin.py:188} INFO - [2026-03-09T19:06:16.087+0000] {dagbag.py:545} INFO - Filling up the DagBag from /home/airflow/.local/lib/python3.12/site-packages/airflow/example_dags/example_complex.py
[2026-03-09T19:06:16.112+0000] {processor.py:840} INFO - DAG(s) 'example_complex' retrieved from /home/airflow/.local/lib/python3.12/site-packages/airflow/example_dags/example_complex.py
[2026-03-09T19:06:16.171+0000] {logging_mixin.py:188} INFO - [2026-03-09T19:06:16.170+0000] {dag.py:3096} INFO - Sync 1 DAGs
[2026-03-09T19:06:16.193+0000] {logging_mixin.py:188} INFO - [2026-03-09T19:06:16.193+0000] {dag.py:3954} INFO - Setting next_dagrun for example_complex to None, run_after=None
[2026-03-09T19:06:16.218+0000] {processor.py:183} INFO - Processing /home/airflow/.local/lib/python3.12/site-packages/airflow/example_dags/example_complex.py took 0.142 seconds
[2026-03-09T19:07:21.172+0000] {processor.py:161} INFO - Started process (PID=70) to work on /home/airflow/.local/lib/python3.12/site-packages/airflow/example_dags/example_complex.py
[2026-03-09T19:07:21.175+0000] {processor.py:830} INFO - Processing file /home/airflow/.local/lib/python3.12/site-packages/airflow/example_dags/example_complex.py for tasks to queue
[2026-03-09T19:07:21.179+0000] {logging_mixin.py:188} INFO - [2026-03-09T19:07:21.178+0000] {dagbag.py:545} INFO - Filling up the DagBag from /home/airflow/.local/lib/python3.12/site-packages/airflow/example_dags/example_complex.py
[2026-03-09T19:07:21.220+0000] {processor.py:840} INFO - DAG(s) 'example_complex' retrieved from /home/airflow/.local/lib/python3.12/site-packages/airflow/example_dags/example_complex.py
[2026-03-09T19:07:21.326+0000] {logging_mixin.py:188} INFO - [2026-03-09T19:07:21.325+0000] {dag.py:3096} INFO - Sync 1 DAGs
[2026-03-09T19:07:21.386+0000] {logging_mixin.py:188} INFO - [2026-03-09T19:07:21.385+0000] {dag.py:3954} INFO - Setting next_dagrun for example_complex to None, run_after=None
[2026-03-09T19:07:21.448+0000] {processor.py:183} INFO - Processing /home/airflow/.local/lib/python3.12/site-packages/airflow/example_dags/example_complex.py took 0.297 seconds
[2026-03-09T19:07:51.885+0000] {processor.py:161} INFO - Started process (PID=130) to work on /home/airflow/.local/lib/python3.12/site-packages/airflow/example_dags/example_complex.py
[2026-03-09T19:07:51.887+0000] {processor.py:830} INFO - Processing file /home/airflow/.local/lib/python3.12/site-packages/airflow/example_dags/example_complex.py for tasks to queue
[2026-03-09T19:07:51.889+0000] {logging_mixin.py:188} INFO - [2026-03-09T19:07:51.889+0000] {dagbag.py:545} INFO - Filling up the DagBag from /home/airflow/.local/lib/python3.12/site-packages/airflow/example_dags/example_complex.py
[2026-03-09T19:07:51.901+0000] {processor.py:840} INFO - DAG(s) 'example_complex' retrieved from /home/airflow/.local/lib/python3.12/site-packages/airflow/example_dags/example_complex.py
[2026-03-09T19:07:52.038+0000] {logging_mixin.py:188} INFO - [2026-03-09T19:07:52.037+0000] {dag.py:3096} INFO - Sync 1 DAGs
[2026-03-09T19:07:52.051+0000] {logging_mixin.py:188} INFO - [2026-03-09T19:07:52.050+0000] {dag.py:3954} INFO - Setting next_dagrun for example_complex to None, run_after=None
[2026-03-09T19:07:52.085+0000] {processor.py:183} INFO - Processing /home/airflow/.local/lib/python3.12/site-packages/airflow/example_dags/example_complex.py took 0.206 seconds
[2026-03-09T19:08:22.122+0000] {processor.py:161} INFO - Started process (PID=190) to work on /home/airflow/.local/lib/python3.12/site-packages/airflow/example_dags/example_complex.py
[2026-03-09T19:08:22.123+0000] {processor.py:830} INFO - Processing file /home/airflow/.local/lib/python3.12/site-packages/airflow/example_dags/example_complex.py for tasks to queue
[2026-03-09T19:08:22.126+0000] {logging_mixin.py:188} INFO - [2026-03-09T19:08:22.125+0000] {dagbag.py:545} INFO - Filling up the DagBag from /home/airflow/.local/lib/python3.12/site-packages/airflow/example_dags/example_complex.py
[2026-03-09T19:08:22.143+0000] {processor.py:840} INFO - DAG(s) 'example_complex' retrieved from /home/airflow/.local/lib/python3.12/site-packages/airflow/example_dags/example_complex.py
[2026-03-09T19:08:22.227+0000] {logging_mixin.py:188} INFO - [2026-03-09T19:08:22.227+0000] {dag.py:3096} INFO - Sync 1 DAGs
[2026-03-09T19:08:22.254+0000] {logging_mixin.py:188} INFO - [2026-03-09T19:08:22.254+0000] {dag.py:3954} INFO - Setting next_dagrun for example_complex to None, run_after=None
[2026-03-09T19:08:22.298+0000] {processor.py:183} INFO - Processing /home/airflow/.local/lib/python3.12/site-packages/airflow/example_dags/example_complex.py took 0.186 seconds
[2026-03-09T19:08:53.021+0000] {processor.py:161} INFO - Started process (PID=250) to work on /home/airflow/.local/lib/python3.12/site-packages/airflow/example_dags/example_complex.py
[2026-03-09T19:08:53.022+0000] {processor.py:830} INFO - Processing file /home/airflow/.local/lib/python3.12/site-packages/airflow/example_dags/example_complex.py for tasks to queue
[2026-03-09T19:08:53.024+0000] {logging_mixin.py:188} INFO - [2026-03-09T19:08:53.024+0000] {dagbag.py:545} INFO - Filling up the DagBag from /home/airflow/.local/lib/python3.12/site-packages/airflow/example_dags/example_complex.py
[2026-03-09T19:08:53.035+0000] {processor.py:840} INFO - DAG(s) 'example_complex' retrieved from /home/airflow/.local/lib/python3.12/site-packages/airflow/example_dags/example_complex.py
[2026-03-09T19:08:53.070+0000] {logging_mixin.py:188} INFO - [2026-03-09T19:08:53.070+0000] {dag.py:3096} INFO - Sync 1 DAGs
[2026-03-09T19:08:53.085+0000] {logging_mixin.py:188} INFO - [2026-03-09T19:08:53.085+0000] {dag.py:3954} INFO - Setting next_dagrun for example_complex to None, run_after=None
[2026-03-09T19:08:53.109+0000] {processor.py:183} INFO - Processing /home/airflow/.local/lib/python3.12/site-packages/airflow/example_dags/example_complex.py took 0.095 seconds
[2026-03-09T19:09:23.660+0000] {processor.py:161} INFO - Started process (PID=310) to work on /home/airflow/.local/lib/python3.12/site-packages/airflow/example_dags/example_complex.py
[2026-03-09T19:09:23.661+0000] {processor.py:830} INFO - Processing file /home/airflow/.local/lib/python3.12/site-packages/airflow/example_dags/example_complex.py for tasks to queue
[2026-03-09T19:09:23.664+0000] {logging_mixin.py:188} INFO - [2026-03-09T19:09:23.664+0000] {dagbag.py:545} INFO - Filling up the DagBag from /home/airflow/.local/lib/python3.12/site-packages/airflow/example_dags/example_complex.py
[2026-03-09T19:09:23.678+0000] {processor.py:840} INFO - DAG(s) 'example_complex' retrieved from /home/airflow/.local/lib/python3.12/site-packages/airflow/example_dags/example_complex.py
[2026-03-09T19:09:23.722+0000] {logging_mixin.py:188} INFO - [2026-03-09T19:09:23.721+0000] {dag.py:3096} INFO - Sync 1 DAGs
[2026-03-09T19:09:23.739+0000] {logging_mixin.py:188} INFO - [2026-03-09T19:09:23.739+0000] {dag.py:3954} INFO - Setting next_dagrun for example_complex to None, run_after=None
[2026-03-09T19:09:23.763+0000] {processor.py:183} INFO - Processing /home/airflow/.local/lib/python3.12/site-packages/airflow/example_dags/example_complex.py took 0.110 seconds
[2026-03-09T19:09:54.264+0000] {processor.py:161} INFO - Started process (PID=370) to work on /home/airflow/.local/lib/python3.12/site-packages/airflow/example_dags/example_complex.py
[2026-03-09T19:09:54.266+0000] {processor.py:830} INFO - Processing file /home/airflow/.local/lib/python3.12/site-packages/airflow/example_dags/example_complex.py for tasks to queue
[2026-03-09T19:09:54.269+0000] {logging_mixin.py:188} INFO - [2026-03-09T19:09:54.268+0000] {dagbag.py:545} INFO - Filling up the DagBag from /home/airflow/.local/lib/python3.12/site-packages/airflow/example_dags/example_complex.py
[2026-03-09T19:09:54.284+0000] {processor.py:840} INFO - DAG(s) 'example_complex' retrieved from /home/airflow/.local/lib/python3.12/site-packages/airflow/example_dags/example_complex.py
[2026-03-09T19:09:54.330+0000] {logging_mixin.py:188} INFO - [2026-03-09T19:09:54.330+0000] {dag.py:3096} INFO - Sync 1 DAGs
[2026-03-09T19:09:54.353+0000] {logging_mixin.py:188} INFO - [2026-03-09T19:09:54.352+0000] {dag.py:3954} INFO - Setting next_dagrun for example_complex to None, run_after=None
[2026-03-09T19:09:54.383+0000] {processor.py:183} INFO - Processing /home/airflow/.local/lib/python3.12/site-packages/airflow/example_dags/example_complex.py took 0.127 seconds
[2026-03-09T19:10:24.750+0000] {processor.py:161} INFO - Started process (PID=430) to work on /home/airflow/.local/lib/python3.12/site-packages/airflow/example_dags/example_complex.py
[2026-03-09T19:10:24.752+0000] {processor.py:830} INFO - Processing file /home/airflow/.local/lib/python3.12/site-packages/airflow/example_dags/example_complex.py for tasks to queue
[2026-03-09T19:10:24.754+0000] {logging_mixin.py:188} INFO - [2026-03-09T19:10:24.754+0000] {dagbag.py:545} INFO - Filling up the DagBag from /home/airflow/.local/lib/python3.12/site-packages/airflow/example_dags/example_complex.py
[2026-03-09T19:10:24.769+0000] {processor.py:840} INFO - DAG(s) 'example_complex' retrieved from /home/airflow/.local/lib/python3.12/site-packages/airflow/example_dags/example_complex.py
[2026-03-09T19:10:24.809+0000] {logging_mixin.py:188} INFO - [2026-03-09T19:10:24.808+0000] {dag.py:3096} INFO - Sync 1 DAGs
[2026-03-09T19:10:24.823+0000] {logging_mixin.py:188} INFO - [2026-03-09T19:10:24.823+0000] {dag.py:3954} INFO - Setting next_dagrun for example_complex to None, run_after=None
[2026-03-09T19:10:24.845+0000] {processor.py:183} INFO - Processing /home/airflow/.local/lib/python3.12/site-packages/airflow/example_dags/example_complex.py took 0.102 seconds
[2026-03-09T19:10:55.199+0000] {processor.py:161} INFO - Started process (PID=490) to work on /home/airflow/.local/lib/python3.12/site-packages/airflow/example_dags/example_complex.py
[2026-03-09T19:10:55.200+0000] {processor.py:830} INFO - Processing file /home/airflow/.local/lib/python3.12/site-packages/airflow/example_dags/example_complex.py for tasks to queue
[2026-03-09T19:10:55.203+0000] {logging_mixin.py:188} INFO - [2026-03-09T19:10:55.202+0000] {dagbag.py:545} INFO - Filling up the DagBag from /home/airflow/.local/lib/python3.12/site-packages/airflow/example_dags/example_complex.py
[2026-03-09T19:10:55.217+0000] {processor.py:840} INFO - DAG(s) 'example_complex' retrieved from /home/airflow/.local/lib/python3.12/site-packages/airflow/example_dags/example_complex.py
[2026-03-09T19:10:55.253+0000] {logging_mixin.py:188} INFO - [2026-03-09T19:10:55.252+0000] {dag.py:3096} INFO - Sync 1 DAGs
[2026-03-09T19:10:55.273+0000] {logging_mixin.py:188} INFO - [2026-03-09T19:10:55.272+0000] {dag.py:3954} INFO - Setting next_dagrun for example_complex to None, run_after=None
[2026-03-09T19:10:55.300+0000] {processor.py:183} INFO - Processing /home/airflow/.local/lib/python3.12/site-packages/airflow/example_dags/example_complex.py took 0.109 seconds
[2026-03-09T19:11:26.308+0000] {processor.py:161} INFO - Started process (PID=550) to work on /home/airflow/.local/lib/python3.12/site-packages/airflow/example_dags/example_complex.py
[2026-03-09T19:11:26.309+0000] {processor.py:830} INFO - Processing file /home/airflow/.local/lib/python3.12/site-packages/airflow/example_dags/example_complex.py for tasks to queue
[2026-03-09T19:11:26.312+0000] {logging_mixin.py:188} INFO - [2026-03-09T19:11:26.311+0000] {dagbag.py:545} INFO - Filling up the DagBag from /home/airflow/.local/lib/python3.12/site-packages/airflow/example_dags/example_complex.py
[2026-03-09T19:11:26.333+0000] {processor.py:840} INFO - DAG(s) 'example_complex' retrieved from /home/airflow/.local/lib/python3.12/site-packages/airflow/example_dags/example_complex.py
[2026-03-09T19:11:26.384+0000] {logging_mixin.py:188} INFO - [2026-03-09T19:11:26.383+0000] {dag.py:3096} INFO - Sync 1 DAGs
[2026-03-09T19:11:26.400+0000] {logging_mixin.py:188} INFO - [2026-03-09T19:11:26.400+0000] {dag.py:3954} INFO - Setting next_dagrun for example_complex to None, run_after=None
[2026-03-09T19:11:26.425+0000] {processor.py:183} INFO - Processing /home/airflow/.local/lib/python3.12/site-packages/airflow/example_dags/example_complex.py took 0.126 seconds
[2026-03-09T19:11:56.504+0000] {processor.py:161} INFO - Started process (PID=608) to work on /home/airflow/.local/lib/python3.12/site-packages/airflow/example_dags/example_complex.py
[2026-03-09T19:11:56.506+0000] {processor.py:830} INFO - Processing file /home/airflow/.local/lib/python3.12/site-packages/airflow/example_dags/example_complex.py for tasks to queue
[2026-03-09T19:11:56.508+0000] {logging_mixin.py:188} INFO - [2026-03-09T19:11:56.508+0000] {dagbag.py:545} INFO - Filling up the DagBag from /home/airflow/.local/lib/python3.12/site-packages/airflow/example_dags/example_complex.py
[2026-03-09T19:11:56.521+0000] {processor.py:840} INFO - DAG(s) 'example_complex' retrieved from /home/airflow/.local/lib/python3.12/site-packages/airflow/example_dags/example_complex.py
[2026-03-09T19:11:56.557+0000] {logging_mixin.py:188} INFO - [2026-03-09T19:11:56.557+0000] {dag.py:3096} INFO - Sync 1 DAGs
[2026-03-09T19:11:56.573+0000] {logging_mixin.py:188} INFO - [2026-03-09T19:11:56.573+0000] {dag.py:3954} INFO - Setting next_dagrun for example_complex to None, run_after=None
[2026-03-09T19:11:56.600+0000] {processor.py:183} INFO - Processing /home/airflow/.local/lib/python3.12/site-packages/airflow/example_dags/example_complex.py took 0.103 seconds
[2026-03-09T19:12:27.082+0000] {processor.py:161} INFO - Started process (PID=668) to work on /home/airflow/.local/lib/python3.12/site-packages/airflow/example_dags/example_complex.py
[2026-03-09T19:12:27.083+0000] {processor.py:830} INFO - Processing file /home/airflow/.local/lib/python3.12/site-packages/airflow/example_dags/example_complex.py for tasks to queue
[2026-03-09T19:12:27.085+0000] {logging_mixin.py:188} INFO - [2026-03-09T19:12:27.085+0000] {dagbag.py:545} INFO - Filling up the DagBag from /home/airflow/.local/lib/python3.12/site-packages/airflow/example_dags/example_complex.py
[2026-03-09T19:12:27.098+0000] {processor.py:840} INFO - DAG(s) 'example_complex' retrieved from /home/airflow/.local/lib/python3.12/site-packages/airflow/example_dags/example_complex.py
[2026-03-09T19:12:27.145+0000] {logging_mixin.py:188} INFO - [2026-03-09T19:12:27.145+0000] {dag.py:3096} INFO - Sync 1 DAGs
[2026-03-09T19:12:27.173+0000] {logging_mixin.py:188} INFO - [2026-03-09T19:12:27.172+0000] {dag.py:3954} INFO - Setting next_dagrun for example_complex to None, run_after=None
[2026-03-09T19:12:27.228+0000] {processor.py:183} INFO - Processing /home/airflow/.local/lib/python3.12/site-packages/airflow/example_dags/example_complex.py took 0.153 seconds
[2026-03-09T19:12:57.608+0000] {processor.py:161} INFO - Started process (PID=727) to work on /home/airflow/.local/lib/python3.12/site-packages/airflow/example_dags/example_complex.py
[2026-03-09T19:12:57.609+0000] {processor.py:830} INFO - Processing file /home/airflow/.local/lib/python3.12/site-packages/airflow/example_dags/example_complex.py for tasks to queue
[2026-03-09T19:12:57.612+0000] {logging_mixin.py:188} INFO - [2026-03-09T19:12:57.611+0000] {dagbag.py:545} INFO - Filling up the DagBag from /home/airflow/.local/lib/python3.12/site-packages/airflow/example_dags/example_complex.py
[2026-03-09T19:12:57.632+0000] {processor.py:840} INFO - DAG(s) 'example_complex' retrieved from /home/airflow/.local/lib/python3.12/site-packages/airflow/example_dags/example_complex.py
[2026-03-09T19:12:57.670+0000] {logging_mixin.py:188} INFO - [2026-03-09T19:12:57.670+0000] {dag.py:3096} INFO - Sync 1 DAGs
[2026-03-09T19:12:57.688+0000] {logging_mixin.py:188} INFO - [2026-03-09T19:12:57.687+0000] {dag.py:3954} INFO - Setting next_dagrun for example_complex to None, run_after=None
[2026-03-09T19:12:57.714+0000] {processor.py:183} INFO - Processing /home/airflow/.local/lib/python3.12/site-packages/airflow/example_dags/example_complex.py took 0.116 seconds
[2026-03-09T19:13:28.323+0000] {processor.py:161} INFO - Started process (PID=787) to work on /home/airflow/.local/lib/python3.12/site-packages/airflow/example_dags/example_complex.py
[2026-03-09T19:13:28.324+0000] {processor.py:830} INFO - Processing file /home/airflow/.local/lib/python3.12/site-packages/airflow/example_dags/example_complex.py for tasks to queue
[2026-03-09T19:13:28.327+0000] {logging_mixin.py:188} INFO - [2026-03-09T19:13:28.327+0000] {dagbag.py:545} INFO - Filling up the DagBag from /home/airflow/.local/lib/python3.12/site-packages/airflow/example_dags/example_complex.py
[2026-03-09T19:13:28.347+0000] {processor.py:840} INFO - DAG(s) 'example_complex' retrieved from /home/airflow/.local/lib/python3.12/site-packages/airflow/example_dags/example_complex.py
[2026-03-09T19:13:28.385+0000] {logging_mixin.py:188} INFO - [2026-03-09T19:13:28.385+0000] {dag.py:3096} INFO - Sync 1 DAGs
[2026-03-09T19:13:28.402+0000] {logging_mixin.py:188} INFO - [2026-03-09T19:13:28.401+0000] {dag.py:3954} INFO - Setting next_dagrun for example_complex to None, run_after=None
[2026-03-09T19:13:28.429+0000] {processor.py:183} INFO - Processing /home/airflow/.local/lib/python3.12/site-packages/airflow/example_dags/example_complex.py took 0.114 seconds
[2026-03-09T19:13:58.686+0000] {processor.py:161} INFO - Started process (PID=847) to work on /home/airflow/.local/lib/python3.12/site-packages/airflow/example_dags/example_complex.py
[2026-03-09T19:13:58.687+0000] {processor.py:830} INFO - Processing file /home/airflow/.local/lib/python3.12/site-packages/airflow/example_dags/example_complex.py for tasks to queue
[2026-03-09T19:13:58.690+0000] {logging_mixin.py:188} INFO - [2026-03-09T19:13:58.690+0000] {dagbag.py:545} INFO - Filling up the DagBag from /home/airflow/.local/lib/python3.12/site-packages/airflow/example_dags/example_complex.py
[2026-03-09T19:13:58.707+0000] {processor.py:840} INFO - DAG(s) 'example_complex' retrieved from /home/airflow/.local/lib/python3.12/site-packages/airflow/example_dags/example_complex.py
[2026-03-09T19:13:58.744+0000] {logging_mixin.py:188} INFO - [2026-03-09T19:13:58.743+0000] {dag.py:3096} INFO - Sync 1 DAGs
[2026-03-09T19:13:58.760+0000] {logging_mixin.py:188} INFO - [2026-03-09T19:13:58.759+0000] {dag.py:3954} INFO - Setting next_dagrun for example_complex to None, run_after=None
[2026-03-09T19:13:58.781+0000] {processor.py:183} INFO - Processing /home/airflow/.local/lib/python3.12/site-packages/airflow/example_dags/example_complex.py took 0.105 seconds
[2026-03-09T19:14:29.237+0000] {processor.py:161} INFO - Started process (PID=907) to work on /home/airflow/.local/lib/python3.12/site-packages/airflow/example_dags/example_complex.py
[2026-03-09T19:14:29.238+0000] {processor.py:830} INFO - Processing file /home/airflow/.local/lib/python3.12/site-packages/airflow/example_dags/example_complex.py for tasks to queue
[2026-03-09T19:14:29.241+0000] {logging_mixin.py:188} INFO - [2026-03-09T19:14:29.240+0000] {dagbag.py:545} INFO - Filling up the DagBag from /home/airflow/.local/lib/python3.12/site-packages/airflow/example_dags/example_complex.py
[2026-03-09T19:14:29.253+0000] {processor.py:840} INFO - DAG(s) 'example_complex' retrieved from /home/airflow/.local/lib/python3.12/site-packages/airflow/example_dags/example_complex.py
[2026-03-09T19:14:29.290+0000] {logging_mixin.py:188} INFO - [2026-03-09T19:14:29.289+0000] {dag.py:3096} INFO - Sync 1 DAGs
[2026-03-09T19:14:29.311+0000] {logging_mixin.py:188} INFO - [2026-03-09T19:14:29.311+0000] {dag.py:3954} INFO - Setting next_dagrun for example_complex to None, run_after=None
[2026-03-09T19:14:29.343+0000] {processor.py:183} INFO - Processing /home/airflow/.local/lib/python3.12/site-packages/airflow/example_dags/example_complex.py took 0.112 seconds
[2026-03-09T19:14:59.423+0000] {processor.py:161} INFO - Started process (PID=966) to work on /home/airflow/.local/lib/python3.12/site-packages/airflow/example_dags/example_complex.py
[2026-03-09T19:14:59.424+0000] {processor.py:830} INFO - Processing file /home/airflow/.local/lib/python3.12/site-packages/airflow/example_dags/example_complex.py for tasks to queue
[2026-03-09T19:14:59.427+0000] {logging_mixin.py:188} INFO - [2026-03-09T19:14:59.426+0000] {dagbag.py:545} INFO - Filling up the DagBag from /home/airflow/.local/lib/python3.12/site-packages/airflow/example_dags/example_complex.py
[2026-03-09T19:14:59.440+0000] {processor.py:840} INFO - DAG(s) 'example_complex' retrieved from /home/airflow/.local/lib/python3.12/site-packages/airflow/example_dags/example_complex.py
[2026-03-09T19:14:59.476+0000] {logging_mixin.py:188} INFO - [2026-03-09T19:14:59.476+0000] {dag.py:3096} INFO - Sync 1 DAGs
[2026-03-09T19:14:59.492+0000] {logging_mixin.py:188} INFO - [2026-03-09T19:14:59.492+0000] {dag.py:3954} INFO - Setting next_dagrun for example_complex to None, run_after=None
[2026-03-09T19:14:59.517+0000] {processor.py:183} INFO - Processing /home/airflow/.local/lib/python3.12/site-packages/airflow/example_dags/example_complex.py took 0.101 seconds
