[2026-03-09T19:04:43.604+0000] {processor.py:161} INFO - Started process (PID=54) to work on /home/airflow/.local/lib/python3.12/site-packages/airflow/example_dags/example_params_trigger_ui.py
[2026-03-09T19:04:43.605+0000] {processor.py:830} INFO - Processing file /home/airflow/.local/lib/python3.12/site-packages/airflow/example_dags/example_params_trigger_ui.py for tasks to queue
[2026-03-09T19:04:43.608+0000] {logging_mixin.py:188} INFO - [2026-03-09T19:04:43.608+0000] {dagbag.py:545} INFO - Filling up the DagBag from /home/airflow/.local/lib/python3.12/site-packages/airflow/example_dags/example_params_trigger_ui.py
[2026-03-09T19:04:43.630+0000] {processor.py:840} INFO - DAG(s) 'example_params_trigger_ui' retrieved from /home/airflow/.local/lib/python3.12/site-packages/airflow/example_dags/example_params_trigger_ui.py
[2026-03-09T19:04:43.714+0000] {logging_mixin.py:188} INFO - [2026-03-09T19:04:43.714+0000] {dag.py:3096} INFO - Sync 1 DAGs
[2026-03-09T19:04:43.742+0000] {logging_mixin.py:188} INFO - [2026-03-09T19:04:43.742+0000] {dag.py:3954} INFO - Setting next_dagrun for example_params_trigger_ui to None, run_after=None
[2026-03-09T19:04:43.769+0000] {processor.py:183} INFO - Processing /home/airflow/.local/lib/python3.12/site-packages/airflow/example_dags/example_params_trigger_ui.py took 0.175 seconds
[2026-03-09T19:05:14.308+0000] {processor.py:161} INFO - Started process (PID=112) to work on /home/airflow/.local/lib/python3.12/site-packages/airflow/example_dags/example_params_trigger_ui.py
[2026-03-09T19:05:14.309+0000] {processor.py:830} INFO - Processing file /home/airflow/.local/lib/python3.12/site-packages/airflow/example_dags/example_params_trigger_ui.py for tasks to queue
[2026-03-09T19:05:14.312+0000] {logging_mixin.py:188} INFO - [2026-03-09T19:05:14.312+0000] {dagbag.py:545} INFO - Filling up the DagBag from /home/airflow/.local/lib/python3.12/site-packages/airflow/example_dags/example_params_trigger_ui.py
[2026-03-09T19:05:14.336+0000] {processor.py:840} INFO - DAG(s) 'example_params_trigger_ui' retrieved from /home/airflow/.local/lib/python3.12/site-packages/airflow/example_dags/example_params_trigger_ui.py
[2026-03-09T19:05:14.389+0000] {logging_mixin.py:188} INFO - [2026-03-09T19:05:14.389+0000] {dag.py:3096} INFO - Sync 1 DAGs
[2026-03-09T19:05:14.404+0000] {logging_mixin.py:188} INFO - [2026-03-09T19:05:14.404+0000] {dag.py:3954} INFO - Setting next_dagrun for example_params_trigger_ui to None, run_after=None
[2026-03-09T19:05:14.427+0000] {processor.py:183} INFO - Processing /home/airflow/.local/lib/python3.12/site-packages/airflow/example_dags/example_params_trigger_ui.py took 0.126 seconds
[2026-03-09T19:05:44.459+0000] {processor.py:161} INFO - Started process (PID=170) to work on /home/airflow/.local/lib/python3.12/site-packages/airflow/example_dags/example_params_trigger_ui.py
[2026-03-09T19:05:44.461+0000] {processor.py:830} INFO - Processing file /home/airflow/.local/lib/python3.12/site-packages/airflow/example_dags/example_params_trigger_ui.py for tasks to queue
[2026-03-09T19:05:44.463+0000] {logging_mixin.py:188} INFO - [2026-03-09T19:05:44.463+0000] {dagbag.py:545} INFO - Filling up the DagBag from /home/airflow/.local/lib/python3.12/site-packages/airflow/example_dags/example_params_trigger_ui.py
[2026-03-09T19:05:44.478+0000] {processor.py:840} INFO - DAG(s) 'example_params_trigger_ui' retrieved from /home/airflow/.local/lib/python3.12/site-packages/airflow/example_dags/example_params_trigger_ui.py
[2026-03-09T19:05:44.529+0000] {logging_mixin.py:188} INFO - [2026-03-09T19:05:44.529+0000] {dag.py:3096} INFO - Sync 1 DAGs
[2026-03-09T19:05:44.553+0000] {logging_mixin.py:188} INFO - [2026-03-09T19:05:44.552+0000] {dag.py:3954} INFO - Setting next_dagrun for example_params_trigger_ui to None, run_after=None
[2026-03-09T19:05:44.587+0000] {processor.py:183} INFO - Processing /home/airflow/.local/lib/python3.12/site-packages/airflow/example_dags/example_params_trigger_ui.py took 0.134 seconds
[2026-03-09T19:06:14.658+0000] {processor.py:161} INFO - Started process (PID=228) to work on /home/airflow/.local/lib/python3.12/site-packages/airflow/example_dags/example_params_trigger_ui.py
[2026-03-09T19:06:14.660+0000] {processor.py:830} INFO - Processing file /home/airflow/.local/lib/python3.12/site-packages/airflow/example_dags/example_params_trigger_ui.py for tasks to queue
[2026-03-09T19:06:14.662+0000] {logging_mixin.py:188} INFO - [2026-03-09T19:06:14.662+0000] {dagbag.py:545} INFO - Filling up the DagBag from /home/airflow/.local/lib/python3.12/site-packages/airflow/example_dags/example_params_trigger_ui.py
[2026-03-09T19:06:14.682+0000] {processor.py:840} INFO - DAG(s) 'example_params_trigger_ui' retrieved from /home/airflow/.local/lib/python3.12/site-packages/airflow/example_dags/example_params_trigger_ui.py
[2026-03-09T19:06:14.780+0000] {logging_mixin.py:188} INFO - [2026-03-09T19:06:14.779+0000] {dag.py:3096} INFO - Sync 1 DAGs
[2026-03-09T19:06:14.819+0000] {logging_mixin.py:188} INFO - [2026-03-09T19:06:14.819+0000] {dag.py:3954} INFO - Setting next_dagrun for example_params_trigger_ui to None, run_after=None
[2026-03-09T19:06:14.886+0000] {processor.py:183} INFO - Processing /home/airflow/.local/lib/python3.12/site-packages/airflow/example_dags/example_params_trigger_ui.py took 0.234 seconds
[2026-03-09T19:06:46.387+0000] {processor.py:161} INFO - Started process (PID=292) to work on /home/airflow/.local/lib/python3.12/site-packages/airflow/example_dags/example_params_trigger_ui.py
[2026-03-09T19:06:46.391+0000] {processor.py:830} INFO - Processing file /home/airflow/.local/lib/python3.12/site-packages/airflow/example_dags/example_params_trigger_ui.py for tasks to queue
[2026-03-09T19:06:46.397+0000] {logging_mixin.py:188} INFO - [2026-03-09T19:06:46.396+0000] {dagbag.py:545} INFO - Filling up the DagBag from /home/airflow/.local/lib/python3.12/site-packages/airflow/example_dags/example_params_trigger_ui.py
[2026-03-09T19:06:46.435+0000] {processor.py:840} INFO - DAG(s) 'example_params_trigger_ui' retrieved from /home/airflow/.local/lib/python3.12/site-packages/airflow/example_dags/example_params_trigger_ui.py
[2026-03-09T19:06:46.546+0000] {logging_mixin.py:188} INFO - [2026-03-09T19:06:46.545+0000] {dag.py:3096} INFO - Sync 1 DAGs
[2026-03-09T19:06:46.575+0000] {logging_mixin.py:188} INFO - [2026-03-09T19:06:46.575+0000] {dag.py:3954} INFO - Setting next_dagrun for example_params_trigger_ui to None, run_after=None
[2026-03-09T19:06:46.629+0000] {processor.py:183} INFO - Processing /home/airflow/.local/lib/python3.12/site-packages/airflow/example_dags/example_params_trigger_ui.py took 0.258 seconds
[2026-03-09T19:07:19.003+0000] {processor.py:161} INFO - Started process (PID=58) to work on /home/airflow/.local/lib/python3.12/site-packages/airflow/example_dags/example_params_trigger_ui.py
[2026-03-09T19:07:19.005+0000] {processor.py:830} INFO - Processing file /home/airflow/.local/lib/python3.12/site-packages/airflow/example_dags/example_params_trigger_ui.py for tasks to queue
[2026-03-09T19:07:19.011+0000] {logging_mixin.py:188} INFO - [2026-03-09T19:07:19.010+0000] {dagbag.py:545} INFO - Filling up the DagBag from /home/airflow/.local/lib/python3.12/site-packages/airflow/example_dags/example_params_trigger_ui.py
[2026-03-09T19:07:19.050+0000] {processor.py:840} INFO - DAG(s) 'example_params_trigger_ui' retrieved from /home/airflow/.local/lib/python3.12/site-packages/airflow/example_dags/example_params_trigger_ui.py
[2026-03-09T19:07:19.084+0000] {logging_mixin.py:188} INFO - [2026-03-09T19:07:19.083+0000] {dag.py:3096} INFO - Sync 1 DAGs
[2026-03-09T19:07:19.127+0000] {logging_mixin.py:188} INFO - [2026-03-09T19:07:19.127+0000] {dag.py:3954} INFO - Setting next_dagrun for example_params_trigger_ui to None, run_after=None
[2026-03-09T19:07:19.188+0000] {processor.py:183} INFO - Processing /home/airflow/.local/lib/python3.12/site-packages/airflow/example_dags/example_params_trigger_ui.py took 0.195 seconds
[2026-03-09T19:07:49.357+0000] {processor.py:161} INFO - Started process (PID=116) to work on /home/airflow/.local/lib/python3.12/site-packages/airflow/example_dags/example_params_trigger_ui.py
[2026-03-09T19:07:49.359+0000] {processor.py:830} INFO - Processing file /home/airflow/.local/lib/python3.12/site-packages/airflow/example_dags/example_params_trigger_ui.py for tasks to queue
[2026-03-09T19:07:49.362+0000] {logging_mixin.py:188} INFO - [2026-03-09T19:07:49.361+0000] {dagbag.py:545} INFO - Filling up the DagBag from /home/airflow/.local/lib/python3.12/site-packages/airflow/example_dags/example_params_trigger_ui.py
[2026-03-09T19:07:49.388+0000] {processor.py:840} INFO - DAG(s) 'example_params_trigger_ui' retrieved from /home/airflow/.local/lib/python3.12/site-packages/airflow/example_dags/example_params_trigger_ui.py
[2026-03-09T19:07:49.540+0000] {logging_mixin.py:188} INFO - [2026-03-09T19:07:49.540+0000] {dag.py:3096} INFO - Sync 1 DAGs
[2026-03-09T19:07:49.553+0000] {logging_mixin.py:188} INFO - [2026-03-09T19:07:49.553+0000] {dag.py:3954} INFO - Setting next_dagrun for example_params_trigger_ui to None, run_after=None
[2026-03-09T19:07:49.580+0000] {processor.py:183} INFO - Processing /home/airflow/.local/lib/python3.12/site-packages/airflow/example_dags/example_params_trigger_ui.py took 0.233 seconds
[2026-03-09T19:08:19.854+0000] {processor.py:161} INFO - Started process (PID=176) to work on /home/airflow/.local/lib/python3.12/site-packages/airflow/example_dags/example_params_trigger_ui.py
[2026-03-09T19:08:19.854+0000] {processor.py:830} INFO - Processing file /home/airflow/.local/lib/python3.12/site-packages/airflow/example_dags/example_params_trigger_ui.py for tasks to queue
[2026-03-09T19:08:19.857+0000] {logging_mixin.py:188} INFO - [2026-03-09T19:08:19.856+0000] {dagbag.py:545} INFO - Filling up the DagBag from /home/airflow/.local/lib/python3.12/site-packages/airflow/example_dags/example_params_trigger_ui.py
[2026-03-09T19:08:19.872+0000] {processor.py:840} INFO - DAG(s) 'example_params_trigger_ui' retrieved from /home/airflow/.local/lib/python3.12/site-packages/airflow/example_dags/example_params_trigger_ui.py
[2026-03-09T19:08:19.921+0000] {logging_mixin.py:188} INFO - [2026-03-09T19:08:19.921+0000] {dag.py:3096} INFO - Sync 1 DAGs
[2026-03-09T19:08:19.937+0000] {logging_mixin.py:188} INFO - [2026-03-09T19:08:19.936+0000] {dag.py:3954} INFO - Setting next_dagrun for example_params_trigger_ui to None, run_after=None
[2026-03-09T19:08:19.961+0000] {processor.py:183} INFO - Processing /home/airflow/.local/lib/python3.12/site-packages/airflow/example_dags/example_params_trigger_ui.py took 0.114 seconds
[2026-03-09T19:08:50.377+0000] {processor.py:161} INFO - Started process (PID=236) to work on /home/airflow/.local/lib/python3.12/site-packages/airflow/example_dags/example_params_trigger_ui.py
[2026-03-09T19:08:50.378+0000] {processor.py:830} INFO - Processing file /home/airflow/.local/lib/python3.12/site-packages/airflow/example_dags/example_params_trigger_ui.py for tasks to queue
[2026-03-09T19:08:50.381+0000] {logging_mixin.py:188} INFO - [2026-03-09T19:08:50.380+0000] {dagbag.py:545} INFO - Filling up the DagBag from /home/airflow/.local/lib/python3.12/site-packages/airflow/example_dags/example_params_trigger_ui.py
[2026-03-09T19:08:50.396+0000] {processor.py:840} INFO - DAG(s) 'example_params_trigger_ui' retrieved from /home/airflow/.local/lib/python3.12/site-packages/airflow/example_dags/example_params_trigger_ui.py
[2026-03-09T19:08:50.445+0000] {logging_mixin.py:188} INFO - [2026-03-09T19:08:50.445+0000] {dag.py:3096} INFO - Sync 1 DAGs
[2026-03-09T19:08:50.460+0000] {logging_mixin.py:188} INFO - [2026-03-09T19:08:50.460+0000] {dag.py:3954} INFO - Setting next_dagrun for example_params_trigger_ui to None, run_after=None
[2026-03-09T19:08:50.483+0000] {processor.py:183} INFO - Processing /home/airflow/.local/lib/python3.12/site-packages/airflow/example_dags/example_params_trigger_ui.py took 0.113 seconds
[2026-03-09T19:09:20.609+0000] {processor.py:161} INFO - Started process (PID=296) to work on /home/airflow/.local/lib/python3.12/site-packages/airflow/example_dags/example_params_trigger_ui.py
[2026-03-09T19:09:20.611+0000] {processor.py:830} INFO - Processing file /home/airflow/.local/lib/python3.12/site-packages/airflow/example_dags/example_params_trigger_ui.py for tasks to queue
[2026-03-09T19:09:20.614+0000] {logging_mixin.py:188} INFO - [2026-03-09T19:09:20.613+0000] {dagbag.py:545} INFO - Filling up the DagBag from /home/airflow/.local/lib/python3.12/site-packages/airflow/example_dags/example_params_trigger_ui.py
[2026-03-09T19:09:20.635+0000] {processor.py:840} INFO - DAG(s) 'example_params_trigger_ui' retrieved from /home/airflow/.local/lib/python3.12/site-packages/airflow/example_dags/example_params_trigger_ui.py
[2026-03-09T19:09:20.709+0000] {logging_mixin.py:188} INFO - [2026-03-09T19:09:20.709+0000] {dag.py:3096} INFO - Sync 1 DAGs
[2026-03-09T19:09:20.729+0000] {logging_mixin.py:188} INFO - [2026-03-09T19:09:20.729+0000] {dag.py:3954} INFO - Setting next_dagrun for example_params_trigger_ui to None, run_after=None
[2026-03-09T19:09:20.762+0000] {processor.py:183} INFO - Processing /home/airflow/.local/lib/python3.12/site-packages/airflow/example_dags/example_params_trigger_ui.py took 0.161 seconds
[2026-03-09T19:09:50.934+0000] {processor.py:161} INFO - Started process (PID=356) to work on /home/airflow/.local/lib/python3.12/site-packages/airflow/example_dags/example_params_trigger_ui.py
[2026-03-09T19:09:50.935+0000] {processor.py:830} INFO - Processing file /home/airflow/.local/lib/python3.12/site-packages/airflow/example_dags/example_params_trigger_ui.py for tasks to queue
[2026-03-09T19:09:50.937+0000] {logging_mixin.py:188} INFO - [2026-03-09T19:09:50.937+0000] {dagbag.py:545} INFO - Filling up the DagBag from /home/airflow/.local/lib/python3.12/site-packages/airflow/example_dags/example_params_trigger_ui.py
[2026-03-09T19:09:50.952+0000] {processor.py:840} INFO - DAG(s) 'example_params_trigger_ui' retrieved from /home/airflow/.local/lib/python3.12/site-packages/airflow/example_dags/example_params_trigger_ui.py
[2026-03-09T19:09:51.004+0000] {logging_mixin.py:188} INFO - [2026-03-09T19:09:51.004+0000] {dag.py:3096} INFO - Sync 1 DAGs
[2026-03-09T19:09:51.020+0000] {logging_mixin.py:188} INFO - [2026-03-09T19:09:51.020+0000] {dag.py:3954} INFO - Setting next_dagrun for example_params_trigger_ui to None, run_after=None
[2026-03-09T19:09:51.043+0000] {processor.py:183} INFO - Processing /home/airflow/.local/lib/python3.12/site-packages/airflow/example_dags/example_params_trigger_ui.py took 0.116 seconds
[2026-03-09T19:10:21.372+0000] {processor.py:161} INFO - Started process (PID=416) to work on /home/airflow/.local/lib/python3.12/site-packages/airflow/example_dags/example_params_trigger_ui.py
[2026-03-09T19:10:21.373+0000] {processor.py:830} INFO - Processing file /home/airflow/.local/lib/python3.12/site-packages/airflow/example_dags/example_params_trigger_ui.py for tasks to queue
[2026-03-09T19:10:21.376+0000] {logging_mixin.py:188} INFO - [2026-03-09T19:10:21.375+0000] {dagbag.py:545} INFO - Filling up the DagBag from /home/airflow/.local/lib/python3.12/site-packages/airflow/example_dags/example_params_trigger_ui.py
[2026-03-09T19:10:21.391+0000] {processor.py:840} INFO - DAG(s) 'example_params_trigger_ui' retrieved from /home/airflow/.local/lib/python3.12/site-packages/airflow/example_dags/example_params_trigger_ui.py
[2026-03-09T19:10:21.439+0000] {logging_mixin.py:188} INFO - [2026-03-09T19:10:21.439+0000] {dag.py:3096} INFO - Sync 1 DAGs
[2026-03-09T19:10:21.454+0000] {logging_mixin.py:188} INFO - [2026-03-09T19:10:21.454+0000] {dag.py:3954} INFO - Setting next_dagrun for example_params_trigger_ui to None, run_after=None
[2026-03-09T19:10:21.478+0000] {processor.py:183} INFO - Processing /home/airflow/.local/lib/python3.12/site-packages/airflow/example_dags/example_params_trigger_ui.py took 0.112 seconds
[2026-03-09T19:10:51.943+0000] {processor.py:161} INFO - Started process (PID=476) to work on /home/airflow/.local/lib/python3.12/site-packages/airflow/example_dags/example_params_trigger_ui.py
[2026-03-09T19:10:51.944+0000] {processor.py:830} INFO - Processing file /home/airflow/.local/lib/python3.12/site-packages/airflow/example_dags/example_params_trigger_ui.py for tasks to queue
[2026-03-09T19:10:51.946+0000] {logging_mixin.py:188} INFO - [2026-03-09T19:10:51.946+0000] {dagbag.py:545} INFO - Filling up the DagBag from /home/airflow/.local/lib/python3.12/site-packages/airflow/example_dags/example_params_trigger_ui.py
[2026-03-09T19:10:51.964+0000] {processor.py:840} INFO - DAG(s) 'example_params_trigger_ui' retrieved from /home/airflow/.local/lib/python3.12/site-packages/airflow/example_dags/example_params_trigger_ui.py
[2026-03-09T19:10:52.015+0000] {logging_mixin.py:188} INFO - [2026-03-09T19:10:52.014+0000] {dag.py:3096} INFO - Sync 1 DAGs
[2026-03-09T19:10:52.034+0000] {logging_mixin.py:188} INFO - [2026-03-09T19:10:52.034+0000] {dag.py:3954} INFO - Setting next_dagrun for example_params_trigger_ui to None, run_after=None
[2026-03-09T19:10:52.059+0000] {processor.py:183} INFO - Processing /home/airflow/.local/lib/python3.12/site-packages/airflow/example_dags/example_params_trigger_ui.py took 0.124 seconds
[2026-03-09T19:11:22.374+0000] {processor.py:161} INFO - Started process (PID=536) to work on /home/airflow/.local/lib/python3.12/site-packages/airflow/example_dags/example_params_trigger_ui.py
[2026-03-09T19:11:22.375+0000] {processor.py:830} INFO - Processing file /home/airflow/.local/lib/python3.12/site-packages/airflow/example_dags/example_params_trigger_ui.py for tasks to queue
[2026-03-09T19:11:22.378+0000] {logging_mixin.py:188} INFO - [2026-03-09T19:11:22.378+0000] {dagbag.py:545} INFO - Filling up the DagBag from /home/airflow/.local/lib/python3.12/site-packages/airflow/example_dags/example_params_trigger_ui.py
[2026-03-09T19:11:22.398+0000] {processor.py:840} INFO - DAG(s) 'example_params_trigger_ui' retrieved from /home/airflow/.local/lib/python3.12/site-packages/airflow/example_dags/example_params_trigger_ui.py
[2026-03-09T19:11:22.462+0000] {logging_mixin.py:188} INFO - [2026-03-09T19:11:22.462+0000] {dag.py:3096} INFO - Sync 1 DAGs
[2026-03-09T19:11:22.477+0000] {logging_mixin.py:188} INFO - [2026-03-09T19:11:22.477+0000] {dag.py:3954} INFO - Setting next_dagrun for example_params_trigger_ui to None, run_after=None
[2026-03-09T19:11:22.500+0000] {processor.py:183} INFO - Processing /home/airflow/.local/lib/python3.12/site-packages/airflow/example_dags/example_params_trigger_ui.py took 0.132 seconds
[2026-03-09T19:11:52.743+0000] {processor.py:161} INFO - Started process (PID=596) to work on /home/airflow/.local/lib/python3.12/site-packages/airflow/example_dags/example_params_trigger_ui.py
[2026-03-09T19:11:52.744+0000] {processor.py:830} INFO - Processing file /home/airflow/.local/lib/python3.12/site-packages/airflow/example_dags/example_params_trigger_ui.py for tasks to queue
[2026-03-09T19:11:52.746+0000] {logging_mixin.py:188} INFO - [2026-03-09T19:11:52.746+0000] {dagbag.py:545} INFO - Filling up the DagBag from /home/airflow/.local/lib/python3.12/site-packages/airflow/example_dags/example_params_trigger_ui.py
[2026-03-09T19:11:52.766+0000] {processor.py:840} INFO - DAG(s) 'example_params_trigger_ui' retrieved from /home/airflow/.local/lib/python3.12/site-packages/airflow/example_dags/example_params_trigger_ui.py
[2026-03-09T19:11:52.816+0000] {logging_mixin.py:188} INFO - [2026-03-09T19:11:52.815+0000] {dag.py:3096} INFO - Sync 1 DAGs
[2026-03-09T19:11:52.831+0000] {logging_mixin.py:188} INFO - [2026-03-09T19:11:52.830+0000] {dag.py:3954} INFO - Setting next_dagrun for example_params_trigger_ui to None, run_after=None
[2026-03-09T19:11:52.856+0000] {processor.py:183} INFO - Processing /home/airflow/.local/lib/python3.12/site-packages/airflow/example_dags/example_params_trigger_ui.py took 0.121 seconds
[2026-03-09T19:12:23.255+0000] {processor.py:161} INFO - Started process (PID=656) to work on /home/airflow/.local/lib/python3.12/site-packages/airflow/example_dags/example_params_trigger_ui.py
[2026-03-09T19:12:23.256+0000] {processor.py:830} INFO - Processing file /home/airflow/.local/lib/python3.12/site-packages/airflow/example_dags/example_params_trigger_ui.py for tasks to queue
[2026-03-09T19:12:23.259+0000] {logging_mixin.py:188} INFO - [2026-03-09T19:12:23.258+0000] {dagbag.py:545} INFO - Filling up the DagBag from /home/airflow/.local/lib/python3.12/site-packages/airflow/example_dags/example_params_trigger_ui.py
[2026-03-09T19:12:23.275+0000] {processor.py:840} INFO - DAG(s) 'example_params_trigger_ui' retrieved from /home/airflow/.local/lib/python3.12/site-packages/airflow/example_dags/example_params_trigger_ui.py
[2026-03-09T19:12:23.330+0000] {logging_mixin.py:188} INFO - [2026-03-09T19:12:23.329+0000] {dag.py:3096} INFO - Sync 1 DAGs
[2026-03-09T19:12:23.345+0000] {logging_mixin.py:188} INFO - [2026-03-09T19:12:23.345+0000] {dag.py:3954} INFO - Setting next_dagrun for example_params_trigger_ui to None, run_after=None
[2026-03-09T19:12:23.368+0000] {processor.py:183} INFO - Processing /home/airflow/.local/lib/python3.12/site-packages/airflow/example_dags/example_params_trigger_ui.py took 0.120 seconds
[2026-03-09T19:12:53.445+0000] {processor.py:161} INFO - Started process (PID=715) to work on /home/airflow/.local/lib/python3.12/site-packages/airflow/example_dags/example_params_trigger_ui.py
[2026-03-09T19:12:53.446+0000] {processor.py:830} INFO - Processing file /home/airflow/.local/lib/python3.12/site-packages/airflow/example_dags/example_params_trigger_ui.py for tasks to queue
[2026-03-09T19:12:53.449+0000] {logging_mixin.py:188} INFO - [2026-03-09T19:12:53.449+0000] {dagbag.py:545} INFO - Filling up the DagBag from /home/airflow/.local/lib/python3.12/site-packages/airflow/example_dags/example_params_trigger_ui.py
[2026-03-09T19:12:53.464+0000] {processor.py:840} INFO - DAG(s) 'example_params_trigger_ui' retrieved from /home/airflow/.local/lib/python3.12/site-packages/airflow/example_dags/example_params_trigger_ui.py
[2026-03-09T19:12:53.514+0000] {logging_mixin.py:188} INFO - [2026-03-09T19:12:53.513+0000] {dag.py:3096} INFO - Sync 1 DAGs
[2026-03-09T19:12:53.531+0000] {logging_mixin.py:188} INFO - [2026-03-09T19:12:53.530+0000] {dag.py:3954} INFO - Setting next_dagrun for example_params_trigger_ui to None, run_after=None
[2026-03-09T19:12:53.554+0000] {processor.py:183} INFO - Processing /home/airflow/.local/lib/python3.12/site-packages/airflow/example_dags/example_params_trigger_ui.py took 0.115 seconds
[2026-03-09T19:13:23.588+0000] {processor.py:161} INFO - Started process (PID=775) to work on /home/airflow/.local/lib/python3.12/site-packages/airflow/example_dags/example_params_trigger_ui.py
[2026-03-09T19:13:23.589+0000] {processor.py:830} INFO - Processing file /home/airflow/.local/lib/python3.12/site-packages/airflow/example_dags/example_params_trigger_ui.py for tasks to queue
[2026-03-09T19:13:23.592+0000] {logging_mixin.py:188} INFO - [2026-03-09T19:13:23.591+0000] {dagbag.py:545} INFO - Filling up the DagBag from /home/airflow/.local/lib/python3.12/site-packages/airflow/example_dags/example_params_trigger_ui.py
[2026-03-09T19:13:23.607+0000] {processor.py:840} INFO - DAG(s) 'example_params_trigger_ui' retrieved from /home/airflow/.local/lib/python3.12/site-packages/airflow/example_dags/example_params_trigger_ui.py
[2026-03-09T19:13:23.659+0000] {logging_mixin.py:188} INFO - [2026-03-09T19:13:23.659+0000] {dag.py:3096} INFO - Sync 1 DAGs
[2026-03-09T19:13:23.675+0000] {logging_mixin.py:188} INFO - [2026-03-09T19:13:23.675+0000] {dag.py:3954} INFO - Setting next_dagrun for example_params_trigger_ui to None, run_after=None
[2026-03-09T19:13:23.699+0000] {processor.py:183} INFO - Processing /home/airflow/.local/lib/python3.12/site-packages/airflow/example_dags/example_params_trigger_ui.py took 0.117 seconds
[2026-03-09T19:13:53.892+0000] {processor.py:161} INFO - Started process (PID=835) to work on /home/airflow/.local/lib/python3.12/site-packages/airflow/example_dags/example_params_trigger_ui.py
[2026-03-09T19:13:53.893+0000] {processor.py:830} INFO - Processing file /home/airflow/.local/lib/python3.12/site-packages/airflow/example_dags/example_params_trigger_ui.py for tasks to queue
[2026-03-09T19:13:53.895+0000] {logging_mixin.py:188} INFO - [2026-03-09T19:13:53.895+0000] {dagbag.py:545} INFO - Filling up the DagBag from /home/airflow/.local/lib/python3.12/site-packages/airflow/example_dags/example_params_trigger_ui.py
[2026-03-09T19:13:53.911+0000] {processor.py:840} INFO - DAG(s) 'example_params_trigger_ui' retrieved from /home/airflow/.local/lib/python3.12/site-packages/airflow/example_dags/example_params_trigger_ui.py
[2026-03-09T19:13:53.960+0000] {logging_mixin.py:188} INFO - [2026-03-09T19:13:53.960+0000] {dag.py:3096} INFO - Sync 1 DAGs
[2026-03-09T19:13:53.975+0000] {logging_mixin.py:188} INFO - [2026-03-09T19:13:53.975+0000] {dag.py:3954} INFO - Setting next_dagrun for example_params_trigger_ui to None, run_after=None
[2026-03-09T19:13:54.001+0000] {processor.py:183} INFO - Processing /home/airflow/.local/lib/python3.12/site-packages/airflow/example_dags/example_params_trigger_ui.py took 0.115 seconds
[2026-03-09T19:14:24.399+0000] {processor.py:161} INFO - Started process (PID=895) to work on /home/airflow/.local/lib/python3.12/site-packages/airflow/example_dags/example_params_trigger_ui.py
[2026-03-09T19:14:24.400+0000] {processor.py:830} INFO - Processing file /home/airflow/.local/lib/python3.12/site-packages/airflow/example_dags/example_params_trigger_ui.py for tasks to queue
[2026-03-09T19:14:24.403+0000] {logging_mixin.py:188} INFO - [2026-03-09T19:14:24.403+0000] {dagbag.py:545} INFO - Filling up the DagBag from /home/airflow/.local/lib/python3.12/site-packages/airflow/example_dags/example_params_trigger_ui.py
[2026-03-09T19:14:24.427+0000] {processor.py:840} INFO - DAG(s) 'example_params_trigger_ui' retrieved from /home/airflow/.local/lib/python3.12/site-packages/airflow/example_dags/example_params_trigger_ui.py
[2026-03-09T19:14:24.489+0000] {logging_mixin.py:188} INFO - [2026-03-09T19:14:24.489+0000] {dag.py:3096} INFO - Sync 1 DAGs
[2026-03-09T19:14:24.511+0000] {logging_mixin.py:188} INFO - [2026-03-09T19:14:24.511+0000] {dag.py:3954} INFO - Setting next_dagrun for example_params_trigger_ui to None, run_after=None
[2026-03-09T19:14:24.542+0000] {processor.py:183} INFO - Processing /home/airflow/.local/lib/python3.12/site-packages/airflow/example_dags/example_params_trigger_ui.py took 0.152 seconds
[2026-03-09T19:14:54.877+0000] {processor.py:161} INFO - Started process (PID=955) to work on /home/airflow/.local/lib/python3.12/site-packages/airflow/example_dags/example_params_trigger_ui.py
[2026-03-09T19:14:54.878+0000] {processor.py:830} INFO - Processing file /home/airflow/.local/lib/python3.12/site-packages/airflow/example_dags/example_params_trigger_ui.py for tasks to queue
[2026-03-09T19:14:54.880+0000] {logging_mixin.py:188} INFO - [2026-03-09T19:14:54.879+0000] {dagbag.py:545} INFO - Filling up the DagBag from /home/airflow/.local/lib/python3.12/site-packages/airflow/example_dags/example_params_trigger_ui.py
[2026-03-09T19:14:54.895+0000] {processor.py:840} INFO - DAG(s) 'example_params_trigger_ui' retrieved from /home/airflow/.local/lib/python3.12/site-packages/airflow/example_dags/example_params_trigger_ui.py
[2026-03-09T19:14:54.945+0000] {logging_mixin.py:188} INFO - [2026-03-09T19:14:54.944+0000] {dag.py:3096} INFO - Sync 1 DAGs
[2026-03-09T19:14:54.961+0000] {logging_mixin.py:188} INFO - [2026-03-09T19:14:54.960+0000] {dag.py:3954} INFO - Setting next_dagrun for example_params_trigger_ui to None, run_after=None
[2026-03-09T19:14:54.984+0000] {processor.py:183} INFO - Processing /home/airflow/.local/lib/python3.12/site-packages/airflow/example_dags/example_params_trigger_ui.py took 0.114 seconds
[2026-03-09T19:15:25.366+0000] {processor.py:161} INFO - Started process (PID=1015) to work on /home/airflow/.local/lib/python3.12/site-packages/airflow/example_dags/example_params_trigger_ui.py
[2026-03-09T19:15:25.367+0000] {processor.py:830} INFO - Processing file /home/airflow/.local/lib/python3.12/site-packages/airflow/example_dags/example_params_trigger_ui.py for tasks to queue
[2026-03-09T19:15:25.369+0000] {logging_mixin.py:188} INFO - [2026-03-09T19:15:25.368+0000] {dagbag.py:545} INFO - Filling up the DagBag from /home/airflow/.local/lib/python3.12/site-packages/airflow/example_dags/example_params_trigger_ui.py
[2026-03-09T19:15:25.384+0000] {processor.py:840} INFO - DAG(s) 'example_params_trigger_ui' retrieved from /home/airflow/.local/lib/python3.12/site-packages/airflow/example_dags/example_params_trigger_ui.py
[2026-03-09T19:15:25.434+0000] {logging_mixin.py:188} INFO - [2026-03-09T19:15:25.434+0000] {dag.py:3096} INFO - Sync 1 DAGs
[2026-03-09T19:15:25.450+0000] {logging_mixin.py:188} INFO - [2026-03-09T19:15:25.450+0000] {dag.py:3954} INFO - Setting next_dagrun for example_params_trigger_ui to None, run_after=None
[2026-03-09T19:15:25.475+0000] {processor.py:183} INFO - Processing /home/airflow/.local/lib/python3.12/site-packages/airflow/example_dags/example_params_trigger_ui.py took 0.115 seconds
