[2026-03-09T19:04:46.841+0000] {processor.py:161} INFO - Started process (PID=85) to work on /home/airflow/.local/lib/python3.12/site-packages/airflow/example_dags/example_datasets.py
[2026-03-09T19:04:46.843+0000] {processor.py:830} INFO - Processing file /home/airflow/.local/lib/python3.12/site-packages/airflow/example_dags/example_datasets.py for tasks to queue
[2026-03-09T19:04:46.847+0000] {logging_mixin.py:188} INFO - [2026-03-09T19:04:46.846+0000] {dagbag.py:545} INFO - Filling up the DagBag from /home/airflow/.local/lib/python3.12/site-packages/airflow/example_dags/example_datasets.py
[2026-03-09T19:04:46.888+0000] {processor.py:840} INFO - DAG(s) 'dataset_produces_1', 'dataset_consumes_1_never_scheduled', 'dataset_consumes_unknown_never_scheduled', 'consume_1_and_2_with_dataset_expressions', 'consume_1_or_both_2_and_3_with_dataset_expressions', 'dataset_produces_2', 'dataset_consumes_1_and_2', 'consume_1_or_2_with_dataset_expressions', 'dataset_consumes_1', 'conditional_dataset_and_time_based_timetable' retrieved from /home/airflow/.local/lib/python3.12/site-packages/airflow/example_dags/example_datasets.py
[2026-03-09T19:04:46.998+0000] {logging_mixin.py:188} INFO - [2026-03-09T19:04:46.998+0000] {dag.py:3096} INFO - Sync 10 DAGs
[2026-03-09T19:04:47.053+0000] {logging_mixin.py:188} INFO - [2026-03-09T19:04:47.053+0000] {dag.py:3954} INFO - Setting next_dagrun for conditional_dataset_and_time_based_timetable to 2026-03-04 01:00:00+00:00, run_after=2026-03-04 01:00:00+00:00
[2026-03-09T19:04:47.061+0000] {logging_mixin.py:188} INFO - [2026-03-09T19:04:47.060+0000] {dag.py:3954} INFO - Setting next_dagrun for consume_1_and_2_with_dataset_expressions to None, run_after=None
[2026-03-09T19:04:47.063+0000] {logging_mixin.py:188} INFO - [2026-03-09T19:04:47.063+0000] {dag.py:3954} INFO - Setting next_dagrun for consume_1_or_2_with_dataset_expressions to None, run_after=None
[2026-03-09T19:04:47.066+0000] {logging_mixin.py:188} INFO - [2026-03-09T19:04:47.066+0000] {dag.py:3954} INFO - Setting next_dagrun for consume_1_or_both_2_and_3_with_dataset_expressions to None, run_after=None
[2026-03-09T19:04:47.069+0000] {logging_mixin.py:188} INFO - [2026-03-09T19:04:47.068+0000] {dag.py:3954} INFO - Setting next_dagrun for dataset_consumes_1 to None, run_after=None
[2026-03-09T19:04:47.071+0000] {logging_mixin.py:188} INFO - [2026-03-09T19:04:47.071+0000] {dag.py:3954} INFO - Setting next_dagrun for dataset_consumes_1_and_2 to None, run_after=None
[2026-03-09T19:04:47.074+0000] {logging_mixin.py:188} INFO - [2026-03-09T19:04:47.074+0000] {dag.py:3954} INFO - Setting next_dagrun for dataset_consumes_1_never_scheduled to None, run_after=None
[2026-03-09T19:04:47.077+0000] {logging_mixin.py:188} INFO - [2026-03-09T19:04:47.076+0000] {dag.py:3954} INFO - Setting next_dagrun for dataset_consumes_unknown_never_scheduled to None, run_after=None
[2026-03-09T19:04:47.080+0000] {logging_mixin.py:188} INFO - [2026-03-09T19:04:47.080+0000] {dag.py:3954} INFO - Setting next_dagrun for dataset_produces_1 to 2026-03-08 00:00:00+00:00, run_after=2026-03-09 00:00:00+00:00
[2026-03-09T19:04:47.084+0000] {logging_mixin.py:188} INFO - [2026-03-09T19:04:47.083+0000] {dag.py:3954} INFO - Setting next_dagrun for dataset_produces_2 to None, run_after=None
[2026-03-09T19:04:47.152+0000] {processor.py:183} INFO - Processing /home/airflow/.local/lib/python3.12/site-packages/airflow/example_dags/example_datasets.py took 0.315 seconds
[2026-03-09T19:05:17.209+0000] {processor.py:161} INFO - Started process (PID=143) to work on /home/airflow/.local/lib/python3.12/site-packages/airflow/example_dags/example_datasets.py
[2026-03-09T19:05:17.210+0000] {processor.py:830} INFO - Processing file /home/airflow/.local/lib/python3.12/site-packages/airflow/example_dags/example_datasets.py for tasks to queue
[2026-03-09T19:05:17.213+0000] {logging_mixin.py:188} INFO - [2026-03-09T19:05:17.212+0000] {dagbag.py:545} INFO - Filling up the DagBag from /home/airflow/.local/lib/python3.12/site-packages/airflow/example_dags/example_datasets.py
[2026-03-09T19:05:17.232+0000] {processor.py:840} INFO - DAG(s) 'conditional_dataset_and_time_based_timetable', 'dataset_produces_1', 'consume_1_and_2_with_dataset_expressions', 'dataset_produces_2', 'dataset_consumes_1', 'dataset_consumes_1_and_2', 'consume_1_or_2_with_dataset_expressions', 'consume_1_or_both_2_and_3_with_dataset_expressions', 'dataset_consumes_1_never_scheduled', 'dataset_consumes_unknown_never_scheduled' retrieved from /home/airflow/.local/lib/python3.12/site-packages/airflow/example_dags/example_datasets.py
[2026-03-09T19:05:17.304+0000] {logging_mixin.py:188} INFO - [2026-03-09T19:05:17.304+0000] {dag.py:3096} INFO - Sync 10 DAGs
[2026-03-09T19:05:17.337+0000] {logging_mixin.py:188} INFO - [2026-03-09T19:05:17.337+0000] {dag.py:3954} INFO - Setting next_dagrun for conditional_dataset_and_time_based_timetable to 2026-03-04 01:00:00+00:00, run_after=2026-03-04 01:00:00+00:00
[2026-03-09T19:05:17.342+0000] {logging_mixin.py:188} INFO - [2026-03-09T19:05:17.342+0000] {dag.py:3954} INFO - Setting next_dagrun for consume_1_and_2_with_dataset_expressions to None, run_after=None
[2026-03-09T19:05:17.344+0000] {logging_mixin.py:188} INFO - [2026-03-09T19:05:17.344+0000] {dag.py:3954} INFO - Setting next_dagrun for consume_1_or_2_with_dataset_expressions to None, run_after=None
[2026-03-09T19:05:17.347+0000] {logging_mixin.py:188} INFO - [2026-03-09T19:05:17.346+0000] {dag.py:3954} INFO - Setting next_dagrun for consume_1_or_both_2_and_3_with_dataset_expressions to None, run_after=None
[2026-03-09T19:05:17.349+0000] {logging_mixin.py:188} INFO - [2026-03-09T19:05:17.348+0000] {dag.py:3954} INFO - Setting next_dagrun for dataset_consumes_1 to None, run_after=None
[2026-03-09T19:05:17.351+0000] {logging_mixin.py:188} INFO - [2026-03-09T19:05:17.350+0000] {dag.py:3954} INFO - Setting next_dagrun for dataset_consumes_1_and_2 to None, run_after=None
[2026-03-09T19:05:17.353+0000] {logging_mixin.py:188} INFO - [2026-03-09T19:05:17.352+0000] {dag.py:3954} INFO - Setting next_dagrun for dataset_consumes_1_never_scheduled to None, run_after=None
[2026-03-09T19:05:17.355+0000] {logging_mixin.py:188} INFO - [2026-03-09T19:05:17.354+0000] {dag.py:3954} INFO - Setting next_dagrun for dataset_consumes_unknown_never_scheduled to None, run_after=None
[2026-03-09T19:05:17.358+0000] {logging_mixin.py:188} INFO - [2026-03-09T19:05:17.358+0000] {dag.py:3954} INFO - Setting next_dagrun for dataset_produces_1 to 2026-03-08 00:00:00+00:00, run_after=2026-03-09 00:00:00+00:00
[2026-03-09T19:05:17.361+0000] {logging_mixin.py:188} INFO - [2026-03-09T19:05:17.361+0000] {dag.py:3954} INFO - Setting next_dagrun for dataset_produces_2 to None, run_after=None
[2026-03-09T19:05:17.418+0000] {processor.py:183} INFO - Processing /home/airflow/.local/lib/python3.12/site-packages/airflow/example_dags/example_datasets.py took 0.216 seconds
[2026-03-09T19:05:47.833+0000] {processor.py:161} INFO - Started process (PID=201) to work on /home/airflow/.local/lib/python3.12/site-packages/airflow/example_dags/example_datasets.py
[2026-03-09T19:05:47.834+0000] {processor.py:830} INFO - Processing file /home/airflow/.local/lib/python3.12/site-packages/airflow/example_dags/example_datasets.py for tasks to queue
[2026-03-09T19:05:47.837+0000] {logging_mixin.py:188} INFO - [2026-03-09T19:05:47.837+0000] {dagbag.py:545} INFO - Filling up the DagBag from /home/airflow/.local/lib/python3.12/site-packages/airflow/example_dags/example_datasets.py
[2026-03-09T19:05:47.858+0000] {processor.py:840} INFO - DAG(s) 'consume_1_or_both_2_and_3_with_dataset_expressions', 'dataset_produces_2', 'conditional_dataset_and_time_based_timetable', 'dataset_consumes_1_never_scheduled', 'consume_1_or_2_with_dataset_expressions', 'consume_1_and_2_with_dataset_expressions', 'dataset_consumes_unknown_never_scheduled', 'dataset_produces_1', 'dataset_consumes_1_and_2', 'dataset_consumes_1' retrieved from /home/airflow/.local/lib/python3.12/site-packages/airflow/example_dags/example_datasets.py
[2026-03-09T19:05:47.926+0000] {logging_mixin.py:188} INFO - [2026-03-09T19:05:47.926+0000] {dag.py:3096} INFO - Sync 10 DAGs
[2026-03-09T19:05:47.979+0000] {logging_mixin.py:188} INFO - [2026-03-09T19:05:47.978+0000] {dag.py:3954} INFO - Setting next_dagrun for conditional_dataset_and_time_based_timetable to 2026-03-04 01:00:00+00:00, run_after=2026-03-04 01:00:00+00:00
[2026-03-09T19:05:47.987+0000] {logging_mixin.py:188} INFO - [2026-03-09T19:05:47.987+0000] {dag.py:3954} INFO - Setting next_dagrun for consume_1_and_2_with_dataset_expressions to None, run_after=None
[2026-03-09T19:05:47.991+0000] {logging_mixin.py:188} INFO - [2026-03-09T19:05:47.991+0000] {dag.py:3954} INFO - Setting next_dagrun for consume_1_or_2_with_dataset_expressions to None, run_after=None
[2026-03-09T19:05:47.996+0000] {logging_mixin.py:188} INFO - [2026-03-09T19:05:47.996+0000] {dag.py:3954} INFO - Setting next_dagrun for consume_1_or_both_2_and_3_with_dataset_expressions to None, run_after=None
[2026-03-09T19:05:48.000+0000] {logging_mixin.py:188} INFO - [2026-03-09T19:05:48.000+0000] {dag.py:3954} INFO - Setting next_dagrun for dataset_consumes_1 to None, run_after=None
[2026-03-09T19:05:48.004+0000] {logging_mixin.py:188} INFO - [2026-03-09T19:05:48.003+0000] {dag.py:3954} INFO - Setting next_dagrun for dataset_consumes_1_and_2 to None, run_after=None
[2026-03-09T19:05:48.007+0000] {logging_mixin.py:188} INFO - [2026-03-09T19:05:48.007+0000] {dag.py:3954} INFO - Setting next_dagrun for dataset_consumes_1_never_scheduled to None, run_after=None
[2026-03-09T19:05:48.011+0000] {logging_mixin.py:188} INFO - [2026-03-09T19:05:48.011+0000] {dag.py:3954} INFO - Setting next_dagrun for dataset_consumes_unknown_never_scheduled to None, run_after=None
[2026-03-09T19:05:48.017+0000] {logging_mixin.py:188} INFO - [2026-03-09T19:05:48.017+0000] {dag.py:3954} INFO - Setting next_dagrun for dataset_produces_1 to 2026-03-08 00:00:00+00:00, run_after=2026-03-09 00:00:00+00:00
[2026-03-09T19:05:48.020+0000] {logging_mixin.py:188} INFO - [2026-03-09T19:05:48.020+0000] {dag.py:3954} INFO - Setting next_dagrun for dataset_produces_2 to None, run_after=None
[2026-03-09T19:05:48.079+0000] {processor.py:183} INFO - Processing /home/airflow/.local/lib/python3.12/site-packages/airflow/example_dags/example_datasets.py took 0.252 seconds
[2026-03-09T19:06:18.178+0000] {processor.py:161} INFO - Started process (PID=260) to work on /home/airflow/.local/lib/python3.12/site-packages/airflow/example_dags/example_datasets.py
[2026-03-09T19:06:18.179+0000] {processor.py:830} INFO - Processing file /home/airflow/.local/lib/python3.12/site-packages/airflow/example_dags/example_datasets.py for tasks to queue
[2026-03-09T19:06:18.182+0000] {logging_mixin.py:188} INFO - [2026-03-09T19:06:18.181+0000] {dagbag.py:545} INFO - Filling up the DagBag from /home/airflow/.local/lib/python3.12/site-packages/airflow/example_dags/example_datasets.py
[2026-03-09T19:06:18.201+0000] {processor.py:840} INFO - DAG(s) 'dataset_produces_2', 'dataset_consumes_1', 'consume_1_or_2_with_dataset_expressions', 'dataset_consumes_1_and_2', 'conditional_dataset_and_time_based_timetable', 'dataset_produces_1', 'dataset_consumes_1_never_scheduled', 'consume_1_or_both_2_and_3_with_dataset_expressions', 'dataset_consumes_unknown_never_scheduled', 'consume_1_and_2_with_dataset_expressions' retrieved from /home/airflow/.local/lib/python3.12/site-packages/airflow/example_dags/example_datasets.py
[2026-03-09T19:06:18.268+0000] {logging_mixin.py:188} INFO - [2026-03-09T19:06:18.267+0000] {dag.py:3096} INFO - Sync 10 DAGs
[2026-03-09T19:06:18.304+0000] {logging_mixin.py:188} INFO - [2026-03-09T19:06:18.303+0000] {dag.py:3954} INFO - Setting next_dagrun for conditional_dataset_and_time_based_timetable to 2026-03-04 01:00:00+00:00, run_after=2026-03-04 01:00:00+00:00
[2026-03-09T19:06:18.309+0000] {logging_mixin.py:188} INFO - [2026-03-09T19:06:18.309+0000] {dag.py:3954} INFO - Setting next_dagrun for consume_1_and_2_with_dataset_expressions to None, run_after=None
[2026-03-09T19:06:18.312+0000] {logging_mixin.py:188} INFO - [2026-03-09T19:06:18.312+0000] {dag.py:3954} INFO - Setting next_dagrun for consume_1_or_2_with_dataset_expressions to None, run_after=None
[2026-03-09T19:06:18.314+0000] {logging_mixin.py:188} INFO - [2026-03-09T19:06:18.314+0000] {dag.py:3954} INFO - Setting next_dagrun for consume_1_or_both_2_and_3_with_dataset_expressions to None, run_after=None
[2026-03-09T19:06:18.317+0000] {logging_mixin.py:188} INFO - [2026-03-09T19:06:18.316+0000] {dag.py:3954} INFO - Setting next_dagrun for dataset_consumes_1 to None, run_after=None
[2026-03-09T19:06:18.319+0000] {logging_mixin.py:188} INFO - [2026-03-09T19:06:18.319+0000] {dag.py:3954} INFO - Setting next_dagrun for dataset_consumes_1_and_2 to None, run_after=None
[2026-03-09T19:06:18.322+0000] {logging_mixin.py:188} INFO - [2026-03-09T19:06:18.322+0000] {dag.py:3954} INFO - Setting next_dagrun for dataset_consumes_1_never_scheduled to None, run_after=None
[2026-03-09T19:06:18.324+0000] {logging_mixin.py:188} INFO - [2026-03-09T19:06:18.324+0000] {dag.py:3954} INFO - Setting next_dagrun for dataset_consumes_unknown_never_scheduled to None, run_after=None
[2026-03-09T19:06:18.330+0000] {logging_mixin.py:188} INFO - [2026-03-09T19:06:18.329+0000] {dag.py:3954} INFO - Setting next_dagrun for dataset_produces_1 to 2026-03-08 00:00:00+00:00, run_after=2026-03-09 00:00:00+00:00
[2026-03-09T19:06:18.333+0000] {logging_mixin.py:188} INFO - [2026-03-09T19:06:18.332+0000] {dag.py:3954} INFO - Setting next_dagrun for dataset_produces_2 to None, run_after=None
[2026-03-09T19:06:18.429+0000] {processor.py:183} INFO - Processing /home/airflow/.local/lib/python3.12/site-packages/airflow/example_dags/example_datasets.py took 0.258 seconds
[2026-03-09T19:07:23.097+0000] {processor.py:161} INFO - Started process (PID=83) to work on /home/airflow/.local/lib/python3.12/site-packages/airflow/example_dags/example_datasets.py
[2026-03-09T19:07:23.098+0000] {processor.py:830} INFO - Processing file /home/airflow/.local/lib/python3.12/site-packages/airflow/example_dags/example_datasets.py for tasks to queue
[2026-03-09T19:07:23.101+0000] {logging_mixin.py:188} INFO - [2026-03-09T19:07:23.101+0000] {dagbag.py:545} INFO - Filling up the DagBag from /home/airflow/.local/lib/python3.12/site-packages/airflow/example_dags/example_datasets.py
[2026-03-09T19:07:23.127+0000] {processor.py:840} INFO - DAG(s) 'dataset_consumes_1_never_scheduled', 'consume_1_or_both_2_and_3_with_dataset_expressions', 'dataset_consumes_1_and_2', 'consume_1_or_2_with_dataset_expressions', 'consume_1_and_2_with_dataset_expressions', 'dataset_produces_2', 'dataset_consumes_1', 'dataset_produces_1', 'dataset_consumes_unknown_never_scheduled', 'conditional_dataset_and_time_based_timetable' retrieved from /home/airflow/.local/lib/python3.12/site-packages/airflow/example_dags/example_datasets.py
[2026-03-09T19:07:23.155+0000] {logging_mixin.py:188} INFO - [2026-03-09T19:07:23.155+0000] {dag.py:3096} INFO - Sync 10 DAGs
[2026-03-09T19:07:23.205+0000] {logging_mixin.py:188} INFO - [2026-03-09T19:07:23.205+0000] {dag.py:3954} INFO - Setting next_dagrun for conditional_dataset_and_time_based_timetable to 2026-03-04 01:00:00+00:00, run_after=2026-03-04 01:00:00+00:00
[2026-03-09T19:07:23.212+0000] {logging_mixin.py:188} INFO - [2026-03-09T19:07:23.212+0000] {dag.py:3954} INFO - Setting next_dagrun for consume_1_and_2_with_dataset_expressions to None, run_after=None
[2026-03-09T19:07:23.215+0000] {logging_mixin.py:188} INFO - [2026-03-09T19:07:23.215+0000] {dag.py:3954} INFO - Setting next_dagrun for consume_1_or_2_with_dataset_expressions to None, run_after=None
[2026-03-09T19:07:23.218+0000] {logging_mixin.py:188} INFO - [2026-03-09T19:07:23.217+0000] {dag.py:3954} INFO - Setting next_dagrun for consume_1_or_both_2_and_3_with_dataset_expressions to None, run_after=None
[2026-03-09T19:07:23.220+0000] {logging_mixin.py:188} INFO - [2026-03-09T19:07:23.220+0000] {dag.py:3954} INFO - Setting next_dagrun for dataset_consumes_1 to None, run_after=None
[2026-03-09T19:07:23.222+0000] {logging_mixin.py:188} INFO - [2026-03-09T19:07:23.222+0000] {dag.py:3954} INFO - Setting next_dagrun for dataset_consumes_1_and_2 to None, run_after=None
[2026-03-09T19:07:23.225+0000] {logging_mixin.py:188} INFO - [2026-03-09T19:07:23.224+0000] {dag.py:3954} INFO - Setting next_dagrun for dataset_consumes_1_never_scheduled to None, run_after=None
[2026-03-09T19:07:23.227+0000] {logging_mixin.py:188} INFO - [2026-03-09T19:07:23.227+0000] {dag.py:3954} INFO - Setting next_dagrun for dataset_consumes_unknown_never_scheduled to None, run_after=None
[2026-03-09T19:07:23.231+0000] {logging_mixin.py:188} INFO - [2026-03-09T19:07:23.230+0000] {dag.py:3954} INFO - Setting next_dagrun for dataset_produces_1 to 2026-03-08 00:00:00+00:00, run_after=2026-03-09 00:00:00+00:00
[2026-03-09T19:07:23.236+0000] {logging_mixin.py:188} INFO - [2026-03-09T19:07:23.236+0000] {dag.py:3954} INFO - Setting next_dagrun for dataset_produces_2 to None, run_after=None
[2026-03-09T19:07:23.289+0000] {processor.py:183} INFO - Processing /home/airflow/.local/lib/python3.12/site-packages/airflow/example_dags/example_datasets.py took 0.201 seconds
[2026-03-09T19:07:53.671+0000] {processor.py:161} INFO - Started process (PID=143) to work on /home/airflow/.local/lib/python3.12/site-packages/airflow/example_dags/example_datasets.py
[2026-03-09T19:07:53.673+0000] {processor.py:830} INFO - Processing file /home/airflow/.local/lib/python3.12/site-packages/airflow/example_dags/example_datasets.py for tasks to queue
[2026-03-09T19:07:53.675+0000] {logging_mixin.py:188} INFO - [2026-03-09T19:07:53.675+0000] {dagbag.py:545} INFO - Filling up the DagBag from /home/airflow/.local/lib/python3.12/site-packages/airflow/example_dags/example_datasets.py
[2026-03-09T19:07:53.696+0000] {processor.py:840} INFO - DAG(s) 'consume_1_or_2_with_dataset_expressions', 'dataset_consumes_unknown_never_scheduled', 'consume_1_or_both_2_and_3_with_dataset_expressions', 'dataset_consumes_1_never_scheduled', 'consume_1_and_2_with_dataset_expressions', 'dataset_produces_2', 'dataset_consumes_1', 'dataset_consumes_1_and_2', 'conditional_dataset_and_time_based_timetable', 'dataset_produces_1' retrieved from /home/airflow/.local/lib/python3.12/site-packages/airflow/example_dags/example_datasets.py
[2026-03-09T19:07:53.945+0000] {logging_mixin.py:188} INFO - [2026-03-09T19:07:53.944+0000] {dag.py:3096} INFO - Sync 10 DAGs
[2026-03-09T19:07:53.986+0000] {logging_mixin.py:188} INFO - [2026-03-09T19:07:53.985+0000] {dag.py:3954} INFO - Setting next_dagrun for conditional_dataset_and_time_based_timetable to 2026-03-04 01:00:00+00:00, run_after=2026-03-04 01:00:00+00:00
[2026-03-09T19:07:53.994+0000] {logging_mixin.py:188} INFO - [2026-03-09T19:07:53.994+0000] {dag.py:3954} INFO - Setting next_dagrun for consume_1_and_2_with_dataset_expressions to None, run_after=None
[2026-03-09T19:07:53.998+0000] {logging_mixin.py:188} INFO - [2026-03-09T19:07:53.997+0000] {dag.py:3954} INFO - Setting next_dagrun for consume_1_or_2_with_dataset_expressions to None, run_after=None
[2026-03-09T19:07:54.000+0000] {logging_mixin.py:188} INFO - [2026-03-09T19:07:54.000+0000] {dag.py:3954} INFO - Setting next_dagrun for consume_1_or_both_2_and_3_with_dataset_expressions to None, run_after=None
[2026-03-09T19:07:54.002+0000] {logging_mixin.py:188} INFO - [2026-03-09T19:07:54.002+0000] {dag.py:3954} INFO - Setting next_dagrun for dataset_consumes_1 to None, run_after=None
[2026-03-09T19:07:54.005+0000] {logging_mixin.py:188} INFO - [2026-03-09T19:07:54.004+0000] {dag.py:3954} INFO - Setting next_dagrun for dataset_consumes_1_and_2 to None, run_after=None
[2026-03-09T19:07:54.007+0000] {logging_mixin.py:188} INFO - [2026-03-09T19:07:54.007+0000] {dag.py:3954} INFO - Setting next_dagrun for dataset_consumes_1_never_scheduled to None, run_after=None
[2026-03-09T19:07:54.010+0000] {logging_mixin.py:188} INFO - [2026-03-09T19:07:54.009+0000] {dag.py:3954} INFO - Setting next_dagrun for dataset_consumes_unknown_never_scheduled to None, run_after=None
[2026-03-09T19:07:54.014+0000] {logging_mixin.py:188} INFO - [2026-03-09T19:07:54.014+0000] {dag.py:3954} INFO - Setting next_dagrun for dataset_produces_1 to 2026-03-08 00:00:00+00:00, run_after=2026-03-09 00:00:00+00:00
[2026-03-09T19:07:54.017+0000] {logging_mixin.py:188} INFO - [2026-03-09T19:07:54.016+0000] {dag.py:3954} INFO - Setting next_dagrun for dataset_produces_2 to None, run_after=None
[2026-03-09T19:07:54.068+0000] {processor.py:183} INFO - Processing /home/airflow/.local/lib/python3.12/site-packages/airflow/example_dags/example_datasets.py took 0.407 seconds
[2026-03-09T19:08:24.112+0000] {processor.py:161} INFO - Started process (PID=203) to work on /home/airflow/.local/lib/python3.12/site-packages/airflow/example_dags/example_datasets.py
[2026-03-09T19:08:24.114+0000] {processor.py:830} INFO - Processing file /home/airflow/.local/lib/python3.12/site-packages/airflow/example_dags/example_datasets.py for tasks to queue
[2026-03-09T19:08:24.117+0000] {logging_mixin.py:188} INFO - [2026-03-09T19:08:24.116+0000] {dagbag.py:545} INFO - Filling up the DagBag from /home/airflow/.local/lib/python3.12/site-packages/airflow/example_dags/example_datasets.py
[2026-03-09T19:08:24.142+0000] {processor.py:840} INFO - DAG(s) 'dataset_consumes_1_never_scheduled', 'consume_1_and_2_with_dataset_expressions', 'consume_1_or_2_with_dataset_expressions', 'dataset_consumes_unknown_never_scheduled', 'consume_1_or_both_2_and_3_with_dataset_expressions', 'dataset_produces_1', 'dataset_produces_2', 'conditional_dataset_and_time_based_timetable', 'dataset_consumes_1', 'dataset_consumes_1_and_2' retrieved from /home/airflow/.local/lib/python3.12/site-packages/airflow/example_dags/example_datasets.py
[2026-03-09T19:08:24.208+0000] {logging_mixin.py:188} INFO - [2026-03-09T19:08:24.207+0000] {dag.py:3096} INFO - Sync 10 DAGs
[2026-03-09T19:08:24.239+0000] {logging_mixin.py:188} INFO - [2026-03-09T19:08:24.239+0000] {dag.py:3954} INFO - Setting next_dagrun for conditional_dataset_and_time_based_timetable to 2026-03-04 01:00:00+00:00, run_after=2026-03-04 01:00:00+00:00
[2026-03-09T19:08:24.247+0000] {logging_mixin.py:188} INFO - [2026-03-09T19:08:24.246+0000] {dag.py:3954} INFO - Setting next_dagrun for consume_1_and_2_with_dataset_expressions to None, run_after=None
[2026-03-09T19:08:24.249+0000] {logging_mixin.py:188} INFO - [2026-03-09T19:08:24.249+0000] {dag.py:3954} INFO - Setting next_dagrun for consume_1_or_2_with_dataset_expressions to None, run_after=None
[2026-03-09T19:08:24.252+0000] {logging_mixin.py:188} INFO - [2026-03-09T19:08:24.251+0000] {dag.py:3954} INFO - Setting next_dagrun for consume_1_or_both_2_and_3_with_dataset_expressions to None, run_after=None
[2026-03-09T19:08:24.256+0000] {logging_mixin.py:188} INFO - [2026-03-09T19:08:24.256+0000] {dag.py:3954} INFO - Setting next_dagrun for dataset_consumes_1 to None, run_after=None
[2026-03-09T19:08:24.259+0000] {logging_mixin.py:188} INFO - [2026-03-09T19:08:24.258+0000] {dag.py:3954} INFO - Setting next_dagrun for dataset_consumes_1_and_2 to None, run_after=None
[2026-03-09T19:08:24.261+0000] {logging_mixin.py:188} INFO - [2026-03-09T19:08:24.261+0000] {dag.py:3954} INFO - Setting next_dagrun for dataset_consumes_1_never_scheduled to None, run_after=None
[2026-03-09T19:08:24.264+0000] {logging_mixin.py:188} INFO - [2026-03-09T19:08:24.263+0000] {dag.py:3954} INFO - Setting next_dagrun for dataset_consumes_unknown_never_scheduled to None, run_after=None
[2026-03-09T19:08:24.267+0000] {logging_mixin.py:188} INFO - [2026-03-09T19:08:24.267+0000] {dag.py:3954} INFO - Setting next_dagrun for dataset_produces_1 to 2026-03-08 00:00:00+00:00, run_after=2026-03-09 00:00:00+00:00
[2026-03-09T19:08:24.270+0000] {logging_mixin.py:188} INFO - [2026-03-09T19:08:24.269+0000] {dag.py:3954} INFO - Setting next_dagrun for dataset_produces_2 to None, run_after=None
[2026-03-09T19:08:24.316+0000] {processor.py:183} INFO - Processing /home/airflow/.local/lib/python3.12/site-packages/airflow/example_dags/example_datasets.py took 0.214 seconds
[2026-03-09T19:08:54.913+0000] {processor.py:161} INFO - Started process (PID=263) to work on /home/airflow/.local/lib/python3.12/site-packages/airflow/example_dags/example_datasets.py
[2026-03-09T19:08:54.915+0000] {processor.py:830} INFO - Processing file /home/airflow/.local/lib/python3.12/site-packages/airflow/example_dags/example_datasets.py for tasks to queue
[2026-03-09T19:08:54.917+0000] {logging_mixin.py:188} INFO - [2026-03-09T19:08:54.917+0000] {dagbag.py:545} INFO - Filling up the DagBag from /home/airflow/.local/lib/python3.12/site-packages/airflow/example_dags/example_datasets.py
[2026-03-09T19:08:54.936+0000] {processor.py:840} INFO - DAG(s) 'dataset_produces_2', 'consume_1_or_2_with_dataset_expressions', 'conditional_dataset_and_time_based_timetable', 'dataset_consumes_1_never_scheduled', 'consume_1_or_both_2_and_3_with_dataset_expressions', 'consume_1_and_2_with_dataset_expressions', 'dataset_consumes_1', 'dataset_consumes_unknown_never_scheduled', 'dataset_produces_1', 'dataset_consumes_1_and_2' retrieved from /home/airflow/.local/lib/python3.12/site-packages/airflow/example_dags/example_datasets.py
[2026-03-09T19:08:55.007+0000] {logging_mixin.py:188} INFO - [2026-03-09T19:08:55.007+0000] {dag.py:3096} INFO - Sync 10 DAGs
[2026-03-09T19:08:55.042+0000] {logging_mixin.py:188} INFO - [2026-03-09T19:08:55.041+0000] {dag.py:3954} INFO - Setting next_dagrun for conditional_dataset_and_time_based_timetable to 2026-03-04 01:00:00+00:00, run_after=2026-03-04 01:00:00+00:00
[2026-03-09T19:08:55.051+0000] {logging_mixin.py:188} INFO - [2026-03-09T19:08:55.050+0000] {dag.py:3954} INFO - Setting next_dagrun for consume_1_and_2_with_dataset_expressions to None, run_after=None
[2026-03-09T19:08:55.053+0000] {logging_mixin.py:188} INFO - [2026-03-09T19:08:55.053+0000] {dag.py:3954} INFO - Setting next_dagrun for consume_1_or_2_with_dataset_expressions to None, run_after=None
[2026-03-09T19:08:55.056+0000] {logging_mixin.py:188} INFO - [2026-03-09T19:08:55.055+0000] {dag.py:3954} INFO - Setting next_dagrun for consume_1_or_both_2_and_3_with_dataset_expressions to None, run_after=None
[2026-03-09T19:08:55.058+0000] {logging_mixin.py:188} INFO - [2026-03-09T19:08:55.058+0000] {dag.py:3954} INFO - Setting next_dagrun for dataset_consumes_1 to None, run_after=None
[2026-03-09T19:08:55.060+0000] {logging_mixin.py:188} INFO - [2026-03-09T19:08:55.060+0000] {dag.py:3954} INFO - Setting next_dagrun for dataset_consumes_1_and_2 to None, run_after=None
[2026-03-09T19:08:55.063+0000] {logging_mixin.py:188} INFO - [2026-03-09T19:08:55.062+0000] {dag.py:3954} INFO - Setting next_dagrun for dataset_consumes_1_never_scheduled to None, run_after=None
[2026-03-09T19:08:55.065+0000] {logging_mixin.py:188} INFO - [2026-03-09T19:08:55.065+0000] {dag.py:3954} INFO - Setting next_dagrun for dataset_consumes_unknown_never_scheduled to None, run_after=None
[2026-03-09T19:08:55.070+0000] {logging_mixin.py:188} INFO - [2026-03-09T19:08:55.069+0000] {dag.py:3954} INFO - Setting next_dagrun for dataset_produces_1 to 2026-03-08 00:00:00+00:00, run_after=2026-03-09 00:00:00+00:00
[2026-03-09T19:08:55.075+0000] {logging_mixin.py:188} INFO - [2026-03-09T19:08:55.074+0000] {dag.py:3954} INFO - Setting next_dagrun for dataset_produces_2 to None, run_after=None
[2026-03-09T19:08:55.126+0000] {processor.py:183} INFO - Processing /home/airflow/.local/lib/python3.12/site-packages/airflow/example_dags/example_datasets.py took 0.221 seconds
[2026-03-09T19:09:25.628+0000] {processor.py:161} INFO - Started process (PID=323) to work on /home/airflow/.local/lib/python3.12/site-packages/airflow/example_dags/example_datasets.py
[2026-03-09T19:09:25.630+0000] {processor.py:830} INFO - Processing file /home/airflow/.local/lib/python3.12/site-packages/airflow/example_dags/example_datasets.py for tasks to queue
[2026-03-09T19:09:25.632+0000] {logging_mixin.py:188} INFO - [2026-03-09T19:09:25.632+0000] {dagbag.py:545} INFO - Filling up the DagBag from /home/airflow/.local/lib/python3.12/site-packages/airflow/example_dags/example_datasets.py
[2026-03-09T19:09:25.651+0000] {processor.py:840} INFO - DAG(s) 'consume_1_or_both_2_and_3_with_dataset_expressions', 'conditional_dataset_and_time_based_timetable', 'dataset_produces_1', 'consume_1_or_2_with_dataset_expressions', 'dataset_consumes_1_never_scheduled', 'dataset_consumes_unknown_never_scheduled', 'dataset_consumes_1', 'consume_1_and_2_with_dataset_expressions', 'dataset_consumes_1_and_2', 'dataset_produces_2' retrieved from /home/airflow/.local/lib/python3.12/site-packages/airflow/example_dags/example_datasets.py
[2026-03-09T19:09:25.716+0000] {logging_mixin.py:188} INFO - [2026-03-09T19:09:25.715+0000] {dag.py:3096} INFO - Sync 10 DAGs
[2026-03-09T19:09:25.747+0000] {logging_mixin.py:188} INFO - [2026-03-09T19:09:25.747+0000] {dag.py:3954} INFO - Setting next_dagrun for conditional_dataset_and_time_based_timetable to 2026-03-04 01:00:00+00:00, run_after=2026-03-04 01:00:00+00:00
[2026-03-09T19:09:25.755+0000] {logging_mixin.py:188} INFO - [2026-03-09T19:09:25.755+0000] {dag.py:3954} INFO - Setting next_dagrun for consume_1_and_2_with_dataset_expressions to None, run_after=None
[2026-03-09T19:09:25.757+0000] {logging_mixin.py:188} INFO - [2026-03-09T19:09:25.757+0000] {dag.py:3954} INFO - Setting next_dagrun for consume_1_or_2_with_dataset_expressions to None, run_after=None
[2026-03-09T19:09:25.760+0000] {logging_mixin.py:188} INFO - [2026-03-09T19:09:25.759+0000] {dag.py:3954} INFO - Setting next_dagrun for consume_1_or_both_2_and_3_with_dataset_expressions to None, run_after=None
[2026-03-09T19:09:25.762+0000] {logging_mixin.py:188} INFO - [2026-03-09T19:09:25.761+0000] {dag.py:3954} INFO - Setting next_dagrun for dataset_consumes_1 to None, run_after=None
[2026-03-09T19:09:25.764+0000] {logging_mixin.py:188} INFO - [2026-03-09T19:09:25.763+0000] {dag.py:3954} INFO - Setting next_dagrun for dataset_consumes_1_and_2 to None, run_after=None
[2026-03-09T19:09:25.766+0000] {logging_mixin.py:188} INFO - [2026-03-09T19:09:25.766+0000] {dag.py:3954} INFO - Setting next_dagrun for dataset_consumes_1_never_scheduled to None, run_after=None
[2026-03-09T19:09:25.768+0000] {logging_mixin.py:188} INFO - [2026-03-09T19:09:25.768+0000] {dag.py:3954} INFO - Setting next_dagrun for dataset_consumes_unknown_never_scheduled to None, run_after=None
[2026-03-09T19:09:25.772+0000] {logging_mixin.py:188} INFO - [2026-03-09T19:09:25.771+0000] {dag.py:3954} INFO - Setting next_dagrun for dataset_produces_1 to 2026-03-08 00:00:00+00:00, run_after=2026-03-09 00:00:00+00:00
[2026-03-09T19:09:25.774+0000] {logging_mixin.py:188} INFO - [2026-03-09T19:09:25.773+0000] {dag.py:3954} INFO - Setting next_dagrun for dataset_produces_2 to None, run_after=None
[2026-03-09T19:09:25.832+0000] {processor.py:183} INFO - Processing /home/airflow/.local/lib/python3.12/site-packages/airflow/example_dags/example_datasets.py took 0.211 seconds
[2026-03-09T19:09:56.179+0000] {processor.py:161} INFO - Started process (PID=383) to work on /home/airflow/.local/lib/python3.12/site-packages/airflow/example_dags/example_datasets.py
[2026-03-09T19:09:56.180+0000] {processor.py:830} INFO - Processing file /home/airflow/.local/lib/python3.12/site-packages/airflow/example_dags/example_datasets.py for tasks to queue
[2026-03-09T19:09:56.182+0000] {logging_mixin.py:188} INFO - [2026-03-09T19:09:56.182+0000] {dagbag.py:545} INFO - Filling up the DagBag from /home/airflow/.local/lib/python3.12/site-packages/airflow/example_dags/example_datasets.py
[2026-03-09T19:09:56.199+0000] {processor.py:840} INFO - DAG(s) 'consume_1_or_both_2_and_3_with_dataset_expressions', 'dataset_consumes_1', 'conditional_dataset_and_time_based_timetable', 'dataset_consumes_1_never_scheduled', 'consume_1_or_2_with_dataset_expressions', 'dataset_consumes_unknown_never_scheduled', 'consume_1_and_2_with_dataset_expressions', 'dataset_produces_2', 'dataset_produces_1', 'dataset_consumes_1_and_2' retrieved from /home/airflow/.local/lib/python3.12/site-packages/airflow/example_dags/example_datasets.py
[2026-03-09T19:09:56.263+0000] {logging_mixin.py:188} INFO - [2026-03-09T19:09:56.263+0000] {dag.py:3096} INFO - Sync 10 DAGs
[2026-03-09T19:09:56.296+0000] {logging_mixin.py:188} INFO - [2026-03-09T19:09:56.295+0000] {dag.py:3954} INFO - Setting next_dagrun for conditional_dataset_and_time_based_timetable to 2026-03-04 01:00:00+00:00, run_after=2026-03-04 01:00:00+00:00
[2026-03-09T19:09:56.302+0000] {logging_mixin.py:188} INFO - [2026-03-09T19:09:56.301+0000] {dag.py:3954} INFO - Setting next_dagrun for consume_1_and_2_with_dataset_expressions to None, run_after=None
[2026-03-09T19:09:56.304+0000] {logging_mixin.py:188} INFO - [2026-03-09T19:09:56.304+0000] {dag.py:3954} INFO - Setting next_dagrun for consume_1_or_2_with_dataset_expressions to None, run_after=None
[2026-03-09T19:09:56.306+0000] {logging_mixin.py:188} INFO - [2026-03-09T19:09:56.306+0000] {dag.py:3954} INFO - Setting next_dagrun for consume_1_or_both_2_and_3_with_dataset_expressions to None, run_after=None
[2026-03-09T19:09:56.308+0000] {logging_mixin.py:188} INFO - [2026-03-09T19:09:56.308+0000] {dag.py:3954} INFO - Setting next_dagrun for dataset_consumes_1 to None, run_after=None
[2026-03-09T19:09:56.311+0000] {logging_mixin.py:188} INFO - [2026-03-09T19:09:56.310+0000] {dag.py:3954} INFO - Setting next_dagrun for dataset_consumes_1_and_2 to None, run_after=None
[2026-03-09T19:09:56.313+0000] {logging_mixin.py:188} INFO - [2026-03-09T19:09:56.313+0000] {dag.py:3954} INFO - Setting next_dagrun for dataset_consumes_1_never_scheduled to None, run_after=None
[2026-03-09T19:09:56.315+0000] {logging_mixin.py:188} INFO - [2026-03-09T19:09:56.315+0000] {dag.py:3954} INFO - Setting next_dagrun for dataset_consumes_unknown_never_scheduled to None, run_after=None
[2026-03-09T19:09:56.319+0000] {logging_mixin.py:188} INFO - [2026-03-09T19:09:56.318+0000] {dag.py:3954} INFO - Setting next_dagrun for dataset_produces_1 to 2026-03-08 00:00:00+00:00, run_after=2026-03-09 00:00:00+00:00
[2026-03-09T19:09:56.320+0000] {logging_mixin.py:188} INFO - [2026-03-09T19:09:56.320+0000] {dag.py:3954} INFO - Setting next_dagrun for dataset_produces_2 to None, run_after=None
[2026-03-09T19:09:56.374+0000] {processor.py:183} INFO - Processing /home/airflow/.local/lib/python3.12/site-packages/airflow/example_dags/example_datasets.py took 0.202 seconds
[2026-03-09T19:10:26.665+0000] {processor.py:161} INFO - Started process (PID=443) to work on /home/airflow/.local/lib/python3.12/site-packages/airflow/example_dags/example_datasets.py
[2026-03-09T19:10:26.667+0000] {processor.py:830} INFO - Processing file /home/airflow/.local/lib/python3.12/site-packages/airflow/example_dags/example_datasets.py for tasks to queue
[2026-03-09T19:10:26.670+0000] {logging_mixin.py:188} INFO - [2026-03-09T19:10:26.669+0000] {dagbag.py:545} INFO - Filling up the DagBag from /home/airflow/.local/lib/python3.12/site-packages/airflow/example_dags/example_datasets.py
[2026-03-09T19:10:26.689+0000] {processor.py:840} INFO - DAG(s) 'dataset_consumes_1', 'consume_1_or_2_with_dataset_expressions', 'consume_1_or_both_2_and_3_with_dataset_expressions', 'dataset_consumes_unknown_never_scheduled', 'dataset_consumes_1_and_2', 'dataset_produces_2', 'consume_1_and_2_with_dataset_expressions', 'conditional_dataset_and_time_based_timetable', 'dataset_produces_1', 'dataset_consumes_1_never_scheduled' retrieved from /home/airflow/.local/lib/python3.12/site-packages/airflow/example_dags/example_datasets.py
[2026-03-09T19:10:26.754+0000] {logging_mixin.py:188} INFO - [2026-03-09T19:10:26.753+0000] {dag.py:3096} INFO - Sync 10 DAGs
[2026-03-09T19:10:26.787+0000] {logging_mixin.py:188} INFO - [2026-03-09T19:10:26.787+0000] {dag.py:3954} INFO - Setting next_dagrun for conditional_dataset_and_time_based_timetable to 2026-03-04 01:00:00+00:00, run_after=2026-03-04 01:00:00+00:00
[2026-03-09T19:10:26.794+0000] {logging_mixin.py:188} INFO - [2026-03-09T19:10:26.793+0000] {dag.py:3954} INFO - Setting next_dagrun for consume_1_and_2_with_dataset_expressions to None, run_after=None
[2026-03-09T19:10:26.797+0000] {logging_mixin.py:188} INFO - [2026-03-09T19:10:26.797+0000] {dag.py:3954} INFO - Setting next_dagrun for consume_1_or_2_with_dataset_expressions to None, run_after=None
[2026-03-09T19:10:26.801+0000] {logging_mixin.py:188} INFO - [2026-03-09T19:10:26.800+0000] {dag.py:3954} INFO - Setting next_dagrun for consume_1_or_both_2_and_3_with_dataset_expressions to None, run_after=None
[2026-03-09T19:10:26.804+0000] {logging_mixin.py:188} INFO - [2026-03-09T19:10:26.803+0000] {dag.py:3954} INFO - Setting next_dagrun for dataset_consumes_1 to None, run_after=None
[2026-03-09T19:10:26.806+0000] {logging_mixin.py:188} INFO - [2026-03-09T19:10:26.806+0000] {dag.py:3954} INFO - Setting next_dagrun for dataset_consumes_1_and_2 to None, run_after=None
[2026-03-09T19:10:26.809+0000] {logging_mixin.py:188} INFO - [2026-03-09T19:10:26.808+0000] {dag.py:3954} INFO - Setting next_dagrun for dataset_consumes_1_never_scheduled to None, run_after=None
[2026-03-09T19:10:26.812+0000] {logging_mixin.py:188} INFO - [2026-03-09T19:10:26.811+0000] {dag.py:3954} INFO - Setting next_dagrun for dataset_consumes_unknown_never_scheduled to None, run_after=None
[2026-03-09T19:10:26.816+0000] {logging_mixin.py:188} INFO - [2026-03-09T19:10:26.815+0000] {dag.py:3954} INFO - Setting next_dagrun for dataset_produces_1 to 2026-03-08 00:00:00+00:00, run_after=2026-03-09 00:00:00+00:00
[2026-03-09T19:10:26.818+0000] {logging_mixin.py:188} INFO - [2026-03-09T19:10:26.818+0000] {dag.py:3954} INFO - Setting next_dagrun for dataset_produces_2 to None, run_after=None
[2026-03-09T19:10:26.871+0000] {processor.py:183} INFO - Processing /home/airflow/.local/lib/python3.12/site-packages/airflow/example_dags/example_datasets.py took 0.213 seconds
[2026-03-09T19:10:57.128+0000] {processor.py:161} INFO - Started process (PID=503) to work on /home/airflow/.local/lib/python3.12/site-packages/airflow/example_dags/example_datasets.py
[2026-03-09T19:10:57.129+0000] {processor.py:830} INFO - Processing file /home/airflow/.local/lib/python3.12/site-packages/airflow/example_dags/example_datasets.py for tasks to queue
[2026-03-09T19:10:57.132+0000] {logging_mixin.py:188} INFO - [2026-03-09T19:10:57.131+0000] {dagbag.py:545} INFO - Filling up the DagBag from /home/airflow/.local/lib/python3.12/site-packages/airflow/example_dags/example_datasets.py
[2026-03-09T19:10:57.150+0000] {processor.py:840} INFO - DAG(s) 'conditional_dataset_and_time_based_timetable', 'dataset_consumes_unknown_never_scheduled', 'dataset_consumes_1_and_2', 'dataset_produces_1', 'consume_1_and_2_with_dataset_expressions', 'dataset_produces_2', 'consume_1_or_both_2_and_3_with_dataset_expressions', 'dataset_consumes_1', 'dataset_consumes_1_never_scheduled', 'consume_1_or_2_with_dataset_expressions' retrieved from /home/airflow/.local/lib/python3.12/site-packages/airflow/example_dags/example_datasets.py
[2026-03-09T19:10:57.210+0000] {logging_mixin.py:188} INFO - [2026-03-09T19:10:57.210+0000] {dag.py:3096} INFO - Sync 10 DAGs
[2026-03-09T19:10:57.240+0000] {logging_mixin.py:188} INFO - [2026-03-09T19:10:57.240+0000] {dag.py:3954} INFO - Setting next_dagrun for conditional_dataset_and_time_based_timetable to 2026-03-04 01:00:00+00:00, run_after=2026-03-04 01:00:00+00:00
[2026-03-09T19:10:57.246+0000] {logging_mixin.py:188} INFO - [2026-03-09T19:10:57.246+0000] {dag.py:3954} INFO - Setting next_dagrun for consume_1_and_2_with_dataset_expressions to None, run_after=None
[2026-03-09T19:10:57.248+0000] {logging_mixin.py:188} INFO - [2026-03-09T19:10:57.248+0000] {dag.py:3954} INFO - Setting next_dagrun for consume_1_or_2_with_dataset_expressions to None, run_after=None
[2026-03-09T19:10:57.250+0000] {logging_mixin.py:188} INFO - [2026-03-09T19:10:57.250+0000] {dag.py:3954} INFO - Setting next_dagrun for consume_1_or_both_2_and_3_with_dataset_expressions to None, run_after=None
[2026-03-09T19:10:57.252+0000] {logging_mixin.py:188} INFO - [2026-03-09T19:10:57.252+0000] {dag.py:3954} INFO - Setting next_dagrun for dataset_consumes_1 to None, run_after=None
[2026-03-09T19:10:57.254+0000] {logging_mixin.py:188} INFO - [2026-03-09T19:10:57.254+0000] {dag.py:3954} INFO - Setting next_dagrun for dataset_consumes_1_and_2 to None, run_after=None
[2026-03-09T19:10:57.256+0000] {logging_mixin.py:188} INFO - [2026-03-09T19:10:57.256+0000] {dag.py:3954} INFO - Setting next_dagrun for dataset_consumes_1_never_scheduled to None, run_after=None
[2026-03-09T19:10:57.258+0000] {logging_mixin.py:188} INFO - [2026-03-09T19:10:57.258+0000] {dag.py:3954} INFO - Setting next_dagrun for dataset_consumes_unknown_never_scheduled to None, run_after=None
[2026-03-09T19:10:57.262+0000] {logging_mixin.py:188} INFO - [2026-03-09T19:10:57.261+0000] {dag.py:3954} INFO - Setting next_dagrun for dataset_produces_1 to 2026-03-08 00:00:00+00:00, run_after=2026-03-09 00:00:00+00:00
[2026-03-09T19:10:57.264+0000] {logging_mixin.py:188} INFO - [2026-03-09T19:10:57.264+0000] {dag.py:3954} INFO - Setting next_dagrun for dataset_produces_2 to None, run_after=None
[2026-03-09T19:10:57.308+0000] {processor.py:183} INFO - Processing /home/airflow/.local/lib/python3.12/site-packages/airflow/example_dags/example_datasets.py took 0.186 seconds
[2026-03-09T19:11:27.567+0000] {processor.py:161} INFO - Started process (PID=563) to work on /home/airflow/.local/lib/python3.12/site-packages/airflow/example_dags/example_datasets.py
[2026-03-09T19:11:27.569+0000] {processor.py:830} INFO - Processing file /home/airflow/.local/lib/python3.12/site-packages/airflow/example_dags/example_datasets.py for tasks to queue
[2026-03-09T19:11:27.571+0000] {logging_mixin.py:188} INFO - [2026-03-09T19:11:27.571+0000] {dagbag.py:545} INFO - Filling up the DagBag from /home/airflow/.local/lib/python3.12/site-packages/airflow/example_dags/example_datasets.py
[2026-03-09T19:11:27.588+0000] {processor.py:840} INFO - DAG(s) 'dataset_produces_2', 'dataset_consumes_1', 'dataset_consumes_1_never_scheduled', 'dataset_consumes_unknown_never_scheduled', 'dataset_consumes_1_and_2', 'consume_1_or_2_with_dataset_expressions', 'consume_1_and_2_with_dataset_expressions', 'conditional_dataset_and_time_based_timetable', 'consume_1_or_both_2_and_3_with_dataset_expressions', 'dataset_produces_1' retrieved from /home/airflow/.local/lib/python3.12/site-packages/airflow/example_dags/example_datasets.py
[2026-03-09T19:11:27.653+0000] {logging_mixin.py:188} INFO - [2026-03-09T19:11:27.652+0000] {dag.py:3096} INFO - Sync 10 DAGs
[2026-03-09T19:11:27.686+0000] {logging_mixin.py:188} INFO - [2026-03-09T19:11:27.686+0000] {dag.py:3954} INFO - Setting next_dagrun for conditional_dataset_and_time_based_timetable to 2026-03-04 01:00:00+00:00, run_after=2026-03-04 01:00:00+00:00
[2026-03-09T19:11:27.691+0000] {logging_mixin.py:188} INFO - [2026-03-09T19:11:27.691+0000] {dag.py:3954} INFO - Setting next_dagrun for consume_1_and_2_with_dataset_expressions to None, run_after=None
[2026-03-09T19:11:27.693+0000] {logging_mixin.py:188} INFO - [2026-03-09T19:11:27.693+0000] {dag.py:3954} INFO - Setting next_dagrun for consume_1_or_2_with_dataset_expressions to None, run_after=None
[2026-03-09T19:11:27.697+0000] {logging_mixin.py:188} INFO - [2026-03-09T19:11:27.697+0000] {dag.py:3954} INFO - Setting next_dagrun for consume_1_or_both_2_and_3_with_dataset_expressions to None, run_after=None
[2026-03-09T19:11:27.699+0000] {logging_mixin.py:188} INFO - [2026-03-09T19:11:27.699+0000] {dag.py:3954} INFO - Setting next_dagrun for dataset_consumes_1 to None, run_after=None
[2026-03-09T19:11:27.701+0000] {logging_mixin.py:188} INFO - [2026-03-09T19:11:27.701+0000] {dag.py:3954} INFO - Setting next_dagrun for dataset_consumes_1_and_2 to None, run_after=None
[2026-03-09T19:11:27.703+0000] {logging_mixin.py:188} INFO - [2026-03-09T19:11:27.703+0000] {dag.py:3954} INFO - Setting next_dagrun for dataset_consumes_1_never_scheduled to None, run_after=None
[2026-03-09T19:11:27.705+0000] {logging_mixin.py:188} INFO - [2026-03-09T19:11:27.705+0000] {dag.py:3954} INFO - Setting next_dagrun for dataset_consumes_unknown_never_scheduled to None, run_after=None
[2026-03-09T19:11:27.709+0000] {logging_mixin.py:188} INFO - [2026-03-09T19:11:27.709+0000] {dag.py:3954} INFO - Setting next_dagrun for dataset_produces_1 to 2026-03-08 00:00:00+00:00, run_after=2026-03-09 00:00:00+00:00
[2026-03-09T19:11:27.711+0000] {logging_mixin.py:188} INFO - [2026-03-09T19:11:27.711+0000] {dag.py:3954} INFO - Setting next_dagrun for dataset_produces_2 to None, run_after=None
[2026-03-09T19:11:27.755+0000] {processor.py:183} INFO - Processing /home/airflow/.local/lib/python3.12/site-packages/airflow/example_dags/example_datasets.py took 0.194 seconds
[2026-03-09T19:11:58.581+0000] {processor.py:161} INFO - Started process (PID=623) to work on /home/airflow/.local/lib/python3.12/site-packages/airflow/example_dags/example_datasets.py
[2026-03-09T19:11:58.582+0000] {processor.py:830} INFO - Processing file /home/airflow/.local/lib/python3.12/site-packages/airflow/example_dags/example_datasets.py for tasks to queue
[2026-03-09T19:11:58.584+0000] {logging_mixin.py:188} INFO - [2026-03-09T19:11:58.584+0000] {dagbag.py:545} INFO - Filling up the DagBag from /home/airflow/.local/lib/python3.12/site-packages/airflow/example_dags/example_datasets.py
[2026-03-09T19:11:58.601+0000] {processor.py:840} INFO - DAG(s) 'dataset_consumes_unknown_never_scheduled', 'consume_1_or_2_with_dataset_expressions', 'dataset_consumes_1_never_scheduled', 'dataset_consumes_1', 'dataset_produces_2', 'dataset_produces_1', 'consume_1_or_both_2_and_3_with_dataset_expressions', 'conditional_dataset_and_time_based_timetable', 'dataset_consumes_1_and_2', 'consume_1_and_2_with_dataset_expressions' retrieved from /home/airflow/.local/lib/python3.12/site-packages/airflow/example_dags/example_datasets.py
[2026-03-09T19:11:58.663+0000] {logging_mixin.py:188} INFO - [2026-03-09T19:11:58.663+0000] {dag.py:3096} INFO - Sync 10 DAGs
[2026-03-09T19:11:58.696+0000] {logging_mixin.py:188} INFO - [2026-03-09T19:11:58.696+0000] {dag.py:3954} INFO - Setting next_dagrun for conditional_dataset_and_time_based_timetable to 2026-03-04 01:00:00+00:00, run_after=2026-03-04 01:00:00+00:00
[2026-03-09T19:11:58.703+0000] {logging_mixin.py:188} INFO - [2026-03-09T19:11:58.702+0000] {dag.py:3954} INFO - Setting next_dagrun for consume_1_and_2_with_dataset_expressions to None, run_after=None
[2026-03-09T19:11:58.705+0000] {logging_mixin.py:188} INFO - [2026-03-09T19:11:58.705+0000] {dag.py:3954} INFO - Setting next_dagrun for consume_1_or_2_with_dataset_expressions to None, run_after=None
[2026-03-09T19:11:58.708+0000] {logging_mixin.py:188} INFO - [2026-03-09T19:11:58.707+0000] {dag.py:3954} INFO - Setting next_dagrun for consume_1_or_both_2_and_3_with_dataset_expressions to None, run_after=None
[2026-03-09T19:11:58.710+0000] {logging_mixin.py:188} INFO - [2026-03-09T19:11:58.709+0000] {dag.py:3954} INFO - Setting next_dagrun for dataset_consumes_1 to None, run_after=None
[2026-03-09T19:11:58.712+0000] {logging_mixin.py:188} INFO - [2026-03-09T19:11:58.712+0000] {dag.py:3954} INFO - Setting next_dagrun for dataset_consumes_1_and_2 to None, run_after=None
[2026-03-09T19:11:58.715+0000] {logging_mixin.py:188} INFO - [2026-03-09T19:11:58.715+0000] {dag.py:3954} INFO - Setting next_dagrun for dataset_consumes_1_never_scheduled to None, run_after=None
[2026-03-09T19:11:58.718+0000] {logging_mixin.py:188} INFO - [2026-03-09T19:11:58.718+0000] {dag.py:3954} INFO - Setting next_dagrun for dataset_consumes_unknown_never_scheduled to None, run_after=None
[2026-03-09T19:11:58.722+0000] {logging_mixin.py:188} INFO - [2026-03-09T19:11:58.722+0000] {dag.py:3954} INFO - Setting next_dagrun for dataset_produces_1 to 2026-03-08 00:00:00+00:00, run_after=2026-03-09 00:00:00+00:00
[2026-03-09T19:11:58.725+0000] {logging_mixin.py:188} INFO - [2026-03-09T19:11:58.725+0000] {dag.py:3954} INFO - Setting next_dagrun for dataset_produces_2 to None, run_after=None
[2026-03-09T19:11:58.774+0000] {processor.py:183} INFO - Processing /home/airflow/.local/lib/python3.12/site-packages/airflow/example_dags/example_datasets.py took 0.200 seconds
[2026-03-09T19:12:29.222+0000] {processor.py:161} INFO - Started process (PID=683) to work on /home/airflow/.local/lib/python3.12/site-packages/airflow/example_dags/example_datasets.py
[2026-03-09T19:12:29.223+0000] {processor.py:830} INFO - Processing file /home/airflow/.local/lib/python3.12/site-packages/airflow/example_dags/example_datasets.py for tasks to queue
[2026-03-09T19:12:29.226+0000] {logging_mixin.py:188} INFO - [2026-03-09T19:12:29.225+0000] {dagbag.py:545} INFO - Filling up the DagBag from /home/airflow/.local/lib/python3.12/site-packages/airflow/example_dags/example_datasets.py
[2026-03-09T19:12:29.245+0000] {processor.py:840} INFO - DAG(s) 'dataset_produces_1', 'dataset_consumes_1', 'dataset_produces_2', 'dataset_consumes_1_and_2', 'dataset_consumes_1_never_scheduled', 'conditional_dataset_and_time_based_timetable', 'dataset_consumes_unknown_never_scheduled', 'consume_1_or_both_2_and_3_with_dataset_expressions', 'consume_1_and_2_with_dataset_expressions', 'consume_1_or_2_with_dataset_expressions' retrieved from /home/airflow/.local/lib/python3.12/site-packages/airflow/example_dags/example_datasets.py
[2026-03-09T19:12:29.309+0000] {logging_mixin.py:188} INFO - [2026-03-09T19:12:29.308+0000] {dag.py:3096} INFO - Sync 10 DAGs
[2026-03-09T19:12:29.345+0000] {logging_mixin.py:188} INFO - [2026-03-09T19:12:29.345+0000] {dag.py:3954} INFO - Setting next_dagrun for conditional_dataset_and_time_based_timetable to 2026-03-04 01:00:00+00:00, run_after=2026-03-04 01:00:00+00:00
[2026-03-09T19:12:29.351+0000] {logging_mixin.py:188} INFO - [2026-03-09T19:12:29.351+0000] {dag.py:3954} INFO - Setting next_dagrun for consume_1_and_2_with_dataset_expressions to None, run_after=None
[2026-03-09T19:12:29.354+0000] {logging_mixin.py:188} INFO - [2026-03-09T19:12:29.353+0000] {dag.py:3954} INFO - Setting next_dagrun for consume_1_or_2_with_dataset_expressions to None, run_after=None
[2026-03-09T19:12:29.356+0000] {logging_mixin.py:188} INFO - [2026-03-09T19:12:29.356+0000] {dag.py:3954} INFO - Setting next_dagrun for consume_1_or_both_2_and_3_with_dataset_expressions to None, run_after=None
[2026-03-09T19:12:29.358+0000] {logging_mixin.py:188} INFO - [2026-03-09T19:12:29.358+0000] {dag.py:3954} INFO - Setting next_dagrun for dataset_consumes_1 to None, run_after=None
[2026-03-09T19:12:29.361+0000] {logging_mixin.py:188} INFO - [2026-03-09T19:12:29.360+0000] {dag.py:3954} INFO - Setting next_dagrun for dataset_consumes_1_and_2 to None, run_after=None
[2026-03-09T19:12:29.363+0000] {logging_mixin.py:188} INFO - [2026-03-09T19:12:29.363+0000] {dag.py:3954} INFO - Setting next_dagrun for dataset_consumes_1_never_scheduled to None, run_after=None
[2026-03-09T19:12:29.365+0000] {logging_mixin.py:188} INFO - [2026-03-09T19:12:29.365+0000] {dag.py:3954} INFO - Setting next_dagrun for dataset_consumes_unknown_never_scheduled to None, run_after=None
[2026-03-09T19:12:29.369+0000] {logging_mixin.py:188} INFO - [2026-03-09T19:12:29.369+0000] {dag.py:3954} INFO - Setting next_dagrun for dataset_produces_1 to 2026-03-08 00:00:00+00:00, run_after=2026-03-09 00:00:00+00:00
[2026-03-09T19:12:29.371+0000] {logging_mixin.py:188} INFO - [2026-03-09T19:12:29.371+0000] {dag.py:3954} INFO - Setting next_dagrun for dataset_produces_2 to None, run_after=None
[2026-03-09T19:12:29.421+0000] {processor.py:183} INFO - Processing /home/airflow/.local/lib/python3.12/site-packages/airflow/example_dags/example_datasets.py took 0.206 seconds
[2026-03-09T19:12:59.859+0000] {processor.py:161} INFO - Started process (PID=742) to work on /home/airflow/.local/lib/python3.12/site-packages/airflow/example_dags/example_datasets.py
[2026-03-09T19:12:59.861+0000] {processor.py:830} INFO - Processing file /home/airflow/.local/lib/python3.12/site-packages/airflow/example_dags/example_datasets.py for tasks to queue
[2026-03-09T19:12:59.863+0000] {logging_mixin.py:188} INFO - [2026-03-09T19:12:59.863+0000] {dagbag.py:545} INFO - Filling up the DagBag from /home/airflow/.local/lib/python3.12/site-packages/airflow/example_dags/example_datasets.py
[2026-03-09T19:12:59.880+0000] {processor.py:840} INFO - DAG(s) 'dataset_produces_2', 'consume_1_or_2_with_dataset_expressions', 'dataset_produces_1', 'dataset_consumes_1_and_2', 'dataset_consumes_unknown_never_scheduled', 'consume_1_and_2_with_dataset_expressions', 'conditional_dataset_and_time_based_timetable', 'dataset_consumes_1_never_scheduled', 'consume_1_or_both_2_and_3_with_dataset_expressions', 'dataset_consumes_1' retrieved from /home/airflow/.local/lib/python3.12/site-packages/airflow/example_dags/example_datasets.py
[2026-03-09T19:12:59.934+0000] {logging_mixin.py:188} INFO - [2026-03-09T19:12:59.934+0000] {dag.py:3096} INFO - Sync 10 DAGs
[2026-03-09T19:12:59.964+0000] {logging_mixin.py:188} INFO - [2026-03-09T19:12:59.964+0000] {dag.py:3954} INFO - Setting next_dagrun for conditional_dataset_and_time_based_timetable to 2026-03-04 01:00:00+00:00, run_after=2026-03-04 01:00:00+00:00
[2026-03-09T19:12:59.969+0000] {logging_mixin.py:188} INFO - [2026-03-09T19:12:59.969+0000] {dag.py:3954} INFO - Setting next_dagrun for consume_1_and_2_with_dataset_expressions to None, run_after=None
[2026-03-09T19:12:59.971+0000] {logging_mixin.py:188} INFO - [2026-03-09T19:12:59.971+0000] {dag.py:3954} INFO - Setting next_dagrun for consume_1_or_2_with_dataset_expressions to None, run_after=None
[2026-03-09T19:12:59.973+0000] {logging_mixin.py:188} INFO - [2026-03-09T19:12:59.973+0000] {dag.py:3954} INFO - Setting next_dagrun for consume_1_or_both_2_and_3_with_dataset_expressions to None, run_after=None
[2026-03-09T19:12:59.975+0000] {logging_mixin.py:188} INFO - [2026-03-09T19:12:59.975+0000] {dag.py:3954} INFO - Setting next_dagrun for dataset_consumes_1 to None, run_after=None
[2026-03-09T19:12:59.977+0000] {logging_mixin.py:188} INFO - [2026-03-09T19:12:59.977+0000] {dag.py:3954} INFO - Setting next_dagrun for dataset_consumes_1_and_2 to None, run_after=None
[2026-03-09T19:12:59.980+0000] {logging_mixin.py:188} INFO - [2026-03-09T19:12:59.980+0000] {dag.py:3954} INFO - Setting next_dagrun for dataset_consumes_1_never_scheduled to None, run_after=None
[2026-03-09T19:12:59.982+0000] {logging_mixin.py:188} INFO - [2026-03-09T19:12:59.982+0000] {dag.py:3954} INFO - Setting next_dagrun for dataset_consumes_unknown_never_scheduled to None, run_after=None
[2026-03-09T19:12:59.985+0000] {logging_mixin.py:188} INFO - [2026-03-09T19:12:59.985+0000] {dag.py:3954} INFO - Setting next_dagrun for dataset_produces_1 to 2026-03-08 00:00:00+00:00, run_after=2026-03-09 00:00:00+00:00
[2026-03-09T19:12:59.988+0000] {logging_mixin.py:188} INFO - [2026-03-09T19:12:59.987+0000] {dag.py:3954} INFO - Setting next_dagrun for dataset_produces_2 to None, run_after=None
[2026-03-09T19:13:00.030+0000] {processor.py:183} INFO - Processing /home/airflow/.local/lib/python3.12/site-packages/airflow/example_dags/example_datasets.py took 0.178 seconds
[2026-03-09T19:13:30.561+0000] {processor.py:161} INFO - Started process (PID=802) to work on /home/airflow/.local/lib/python3.12/site-packages/airflow/example_dags/example_datasets.py
[2026-03-09T19:13:30.562+0000] {processor.py:830} INFO - Processing file /home/airflow/.local/lib/python3.12/site-packages/airflow/example_dags/example_datasets.py for tasks to queue
[2026-03-09T19:13:30.565+0000] {logging_mixin.py:188} INFO - [2026-03-09T19:13:30.564+0000] {dagbag.py:545} INFO - Filling up the DagBag from /home/airflow/.local/lib/python3.12/site-packages/airflow/example_dags/example_datasets.py
[2026-03-09T19:13:30.585+0000] {processor.py:840} INFO - DAG(s) 'dataset_consumes_unknown_never_scheduled', 'consume_1_or_both_2_and_3_with_dataset_expressions', 'consume_1_or_2_with_dataset_expressions', 'dataset_produces_1', 'dataset_produces_2', 'dataset_consumes_1_never_scheduled', 'dataset_consumes_1_and_2', 'consume_1_and_2_with_dataset_expressions', 'conditional_dataset_and_time_based_timetable', 'dataset_consumes_1' retrieved from /home/airflow/.local/lib/python3.12/site-packages/airflow/example_dags/example_datasets.py
[2026-03-09T19:13:30.643+0000] {logging_mixin.py:188} INFO - [2026-03-09T19:13:30.643+0000] {dag.py:3096} INFO - Sync 10 DAGs
[2026-03-09T19:13:30.680+0000] {logging_mixin.py:188} INFO - [2026-03-09T19:13:30.680+0000] {dag.py:3954} INFO - Setting next_dagrun for conditional_dataset_and_time_based_timetable to 2026-03-04 01:00:00+00:00, run_after=2026-03-04 01:00:00+00:00
[2026-03-09T19:13:30.685+0000] {logging_mixin.py:188} INFO - [2026-03-09T19:13:30.685+0000] {dag.py:3954} INFO - Setting next_dagrun for consume_1_and_2_with_dataset_expressions to None, run_after=None
[2026-03-09T19:13:30.688+0000] {logging_mixin.py:188} INFO - [2026-03-09T19:13:30.688+0000] {dag.py:3954} INFO - Setting next_dagrun for consume_1_or_2_with_dataset_expressions to None, run_after=None
[2026-03-09T19:13:30.691+0000] {logging_mixin.py:188} INFO - [2026-03-09T19:13:30.690+0000] {dag.py:3954} INFO - Setting next_dagrun for consume_1_or_both_2_and_3_with_dataset_expressions to None, run_after=None
[2026-03-09T19:13:30.693+0000] {logging_mixin.py:188} INFO - [2026-03-09T19:13:30.693+0000] {dag.py:3954} INFO - Setting next_dagrun for dataset_consumes_1 to None, run_after=None
[2026-03-09T19:13:30.696+0000] {logging_mixin.py:188} INFO - [2026-03-09T19:13:30.695+0000] {dag.py:3954} INFO - Setting next_dagrun for dataset_consumes_1_and_2 to None, run_after=None
[2026-03-09T19:13:30.698+0000] {logging_mixin.py:188} INFO - [2026-03-09T19:13:30.698+0000] {dag.py:3954} INFO - Setting next_dagrun for dataset_consumes_1_never_scheduled to None, run_after=None
[2026-03-09T19:13:30.701+0000] {logging_mixin.py:188} INFO - [2026-03-09T19:13:30.700+0000] {dag.py:3954} INFO - Setting next_dagrun for dataset_consumes_unknown_never_scheduled to None, run_after=None
[2026-03-09T19:13:30.704+0000] {logging_mixin.py:188} INFO - [2026-03-09T19:13:30.704+0000] {dag.py:3954} INFO - Setting next_dagrun for dataset_produces_1 to 2026-03-08 00:00:00+00:00, run_after=2026-03-09 00:00:00+00:00
[2026-03-09T19:13:30.707+0000] {logging_mixin.py:188} INFO - [2026-03-09T19:13:30.706+0000] {dag.py:3954} INFO - Setting next_dagrun for dataset_produces_2 to None, run_after=None
[2026-03-09T19:13:30.757+0000] {processor.py:183} INFO - Processing /home/airflow/.local/lib/python3.12/site-packages/airflow/example_dags/example_datasets.py took 0.202 seconds
[2026-03-09T19:14:01.018+0000] {processor.py:161} INFO - Started process (PID=862) to work on /home/airflow/.local/lib/python3.12/site-packages/airflow/example_dags/example_datasets.py
[2026-03-09T19:14:01.020+0000] {processor.py:830} INFO - Processing file /home/airflow/.local/lib/python3.12/site-packages/airflow/example_dags/example_datasets.py for tasks to queue
[2026-03-09T19:14:01.022+0000] {logging_mixin.py:188} INFO - [2026-03-09T19:14:01.022+0000] {dagbag.py:545} INFO - Filling up the DagBag from /home/airflow/.local/lib/python3.12/site-packages/airflow/example_dags/example_datasets.py
[2026-03-09T19:14:01.045+0000] {processor.py:840} INFO - DAG(s) 'dataset_consumes_1_and_2', 'dataset_consumes_1', 'dataset_consumes_unknown_never_scheduled', 'consume_1_or_2_with_dataset_expressions', 'dataset_produces_2', 'dataset_produces_1', 'consume_1_or_both_2_and_3_with_dataset_expressions', 'dataset_consumes_1_never_scheduled', 'conditional_dataset_and_time_based_timetable', 'consume_1_and_2_with_dataset_expressions' retrieved from /home/airflow/.local/lib/python3.12/site-packages/airflow/example_dags/example_datasets.py
[2026-03-09T19:14:01.122+0000] {logging_mixin.py:188} INFO - [2026-03-09T19:14:01.122+0000] {dag.py:3096} INFO - Sync 10 DAGs
[2026-03-09T19:14:01.157+0000] {logging_mixin.py:188} INFO - [2026-03-09T19:14:01.157+0000] {dag.py:3954} INFO - Setting next_dagrun for conditional_dataset_and_time_based_timetable to 2026-03-04 01:00:00+00:00, run_after=2026-03-04 01:00:00+00:00
[2026-03-09T19:14:01.165+0000] {logging_mixin.py:188} INFO - [2026-03-09T19:14:01.165+0000] {dag.py:3954} INFO - Setting next_dagrun for consume_1_and_2_with_dataset_expressions to None, run_after=None
[2026-03-09T19:14:01.168+0000] {logging_mixin.py:188} INFO - [2026-03-09T19:14:01.167+0000] {dag.py:3954} INFO - Setting next_dagrun for consume_1_or_2_with_dataset_expressions to None, run_after=None
[2026-03-09T19:14:01.170+0000] {logging_mixin.py:188} INFO - [2026-03-09T19:14:01.170+0000] {dag.py:3954} INFO - Setting next_dagrun for consume_1_or_both_2_and_3_with_dataset_expressions to None, run_after=None
[2026-03-09T19:14:01.173+0000] {logging_mixin.py:188} INFO - [2026-03-09T19:14:01.172+0000] {dag.py:3954} INFO - Setting next_dagrun for dataset_consumes_1 to None, run_after=None
[2026-03-09T19:14:01.175+0000] {logging_mixin.py:188} INFO - [2026-03-09T19:14:01.175+0000] {dag.py:3954} INFO - Setting next_dagrun for dataset_consumes_1_and_2 to None, run_after=None
[2026-03-09T19:14:01.178+0000] {logging_mixin.py:188} INFO - [2026-03-09T19:14:01.178+0000] {dag.py:3954} INFO - Setting next_dagrun for dataset_consumes_1_never_scheduled to None, run_after=None
[2026-03-09T19:14:01.181+0000] {logging_mixin.py:188} INFO - [2026-03-09T19:14:01.180+0000] {dag.py:3954} INFO - Setting next_dagrun for dataset_consumes_unknown_never_scheduled to None, run_after=None
[2026-03-09T19:14:01.185+0000] {logging_mixin.py:188} INFO - [2026-03-09T19:14:01.185+0000] {dag.py:3954} INFO - Setting next_dagrun for dataset_produces_1 to 2026-03-08 00:00:00+00:00, run_after=2026-03-09 00:00:00+00:00
[2026-03-09T19:14:01.188+0000] {logging_mixin.py:188} INFO - [2026-03-09T19:14:01.187+0000] {dag.py:3954} INFO - Setting next_dagrun for dataset_produces_2 to None, run_after=None
[2026-03-09T19:14:01.245+0000] {processor.py:183} INFO - Processing /home/airflow/.local/lib/python3.12/site-packages/airflow/example_dags/example_datasets.py took 0.235 seconds
[2026-03-09T19:14:31.333+0000] {processor.py:161} INFO - Started process (PID=922) to work on /home/airflow/.local/lib/python3.12/site-packages/airflow/example_dags/example_datasets.py
[2026-03-09T19:14:31.334+0000] {processor.py:830} INFO - Processing file /home/airflow/.local/lib/python3.12/site-packages/airflow/example_dags/example_datasets.py for tasks to queue
[2026-03-09T19:14:31.337+0000] {logging_mixin.py:188} INFO - [2026-03-09T19:14:31.337+0000] {dagbag.py:545} INFO - Filling up the DagBag from /home/airflow/.local/lib/python3.12/site-packages/airflow/example_dags/example_datasets.py
[2026-03-09T19:14:31.363+0000] {processor.py:840} INFO - DAG(s) 'dataset_consumes_1', 'dataset_consumes_1_and_2', 'dataset_produces_2', 'consume_1_and_2_with_dataset_expressions', 'dataset_consumes_unknown_never_scheduled', 'consume_1_or_2_with_dataset_expressions', 'dataset_produces_1', 'conditional_dataset_and_time_based_timetable', 'dataset_consumes_1_never_scheduled', 'consume_1_or_both_2_and_3_with_dataset_expressions' retrieved from /home/airflow/.local/lib/python3.12/site-packages/airflow/example_dags/example_datasets.py
[2026-03-09T19:14:31.428+0000] {logging_mixin.py:188} INFO - [2026-03-09T19:14:31.428+0000] {dag.py:3096} INFO - Sync 10 DAGs
[2026-03-09T19:14:31.480+0000] {logging_mixin.py:188} INFO - [2026-03-09T19:14:31.479+0000] {dag.py:3954} INFO - Setting next_dagrun for conditional_dataset_and_time_based_timetable to 2026-03-04 01:00:00+00:00, run_after=2026-03-04 01:00:00+00:00
[2026-03-09T19:14:31.487+0000] {logging_mixin.py:188} INFO - [2026-03-09T19:14:31.487+0000] {dag.py:3954} INFO - Setting next_dagrun for consume_1_and_2_with_dataset_expressions to None, run_after=None
[2026-03-09T19:14:31.491+0000] {logging_mixin.py:188} INFO - [2026-03-09T19:14:31.490+0000] {dag.py:3954} INFO - Setting next_dagrun for consume_1_or_2_with_dataset_expressions to None, run_after=None
[2026-03-09T19:14:31.494+0000] {logging_mixin.py:188} INFO - [2026-03-09T19:14:31.493+0000] {dag.py:3954} INFO - Setting next_dagrun for consume_1_or_both_2_and_3_with_dataset_expressions to None, run_after=None
[2026-03-09T19:14:31.497+0000] {logging_mixin.py:188} INFO - [2026-03-09T19:14:31.496+0000] {dag.py:3954} INFO - Setting next_dagrun for dataset_consumes_1 to None, run_after=None
[2026-03-09T19:14:31.499+0000] {logging_mixin.py:188} INFO - [2026-03-09T19:14:31.499+0000] {dag.py:3954} INFO - Setting next_dagrun for dataset_consumes_1_and_2 to None, run_after=None
[2026-03-09T19:14:31.502+0000] {logging_mixin.py:188} INFO - [2026-03-09T19:14:31.502+0000] {dag.py:3954} INFO - Setting next_dagrun for dataset_consumes_1_never_scheduled to None, run_after=None
[2026-03-09T19:14:31.504+0000] {logging_mixin.py:188} INFO - [2026-03-09T19:14:31.504+0000] {dag.py:3954} INFO - Setting next_dagrun for dataset_consumes_unknown_never_scheduled to None, run_after=None
[2026-03-09T19:14:31.508+0000] {logging_mixin.py:188} INFO - [2026-03-09T19:14:31.508+0000] {dag.py:3954} INFO - Setting next_dagrun for dataset_produces_1 to 2026-03-08 00:00:00+00:00, run_after=2026-03-09 00:00:00+00:00
[2026-03-09T19:14:31.511+0000] {logging_mixin.py:188} INFO - [2026-03-09T19:14:31.510+0000] {dag.py:3954} INFO - Setting next_dagrun for dataset_produces_2 to None, run_after=None
[2026-03-09T19:14:31.559+0000] {processor.py:183} INFO - Processing /home/airflow/.local/lib/python3.12/site-packages/airflow/example_dags/example_datasets.py took 0.233 seconds
[2026-03-09T19:15:02.565+0000] {processor.py:161} INFO - Started process (PID=981) to work on /home/airflow/.local/lib/python3.12/site-packages/airflow/example_dags/example_datasets.py
[2026-03-09T19:15:02.566+0000] {processor.py:830} INFO - Processing file /home/airflow/.local/lib/python3.12/site-packages/airflow/example_dags/example_datasets.py for tasks to queue
[2026-03-09T19:15:02.569+0000] {logging_mixin.py:188} INFO - [2026-03-09T19:15:02.568+0000] {dagbag.py:545} INFO - Filling up the DagBag from /home/airflow/.local/lib/python3.12/site-packages/airflow/example_dags/example_datasets.py
[2026-03-09T19:15:02.591+0000] {processor.py:840} INFO - DAG(s) 'dataset_produces_2', 'consume_1_or_2_with_dataset_expressions', 'dataset_consumes_1_never_scheduled', 'dataset_consumes_1', 'dataset_produces_1', 'conditional_dataset_and_time_based_timetable', 'dataset_consumes_unknown_never_scheduled', 'consume_1_and_2_with_dataset_expressions', 'dataset_consumes_1_and_2', 'consume_1_or_both_2_and_3_with_dataset_expressions' retrieved from /home/airflow/.local/lib/python3.12/site-packages/airflow/example_dags/example_datasets.py
[2026-03-09T19:15:02.661+0000] {logging_mixin.py:188} INFO - [2026-03-09T19:15:02.660+0000] {dag.py:3096} INFO - Sync 10 DAGs
[2026-03-09T19:15:02.707+0000] {logging_mixin.py:188} INFO - [2026-03-09T19:15:02.707+0000] {dag.py:3954} INFO - Setting next_dagrun for conditional_dataset_and_time_based_timetable to 2026-03-04 01:00:00+00:00, run_after=2026-03-04 01:00:00+00:00
[2026-03-09T19:15:02.714+0000] {logging_mixin.py:188} INFO - [2026-03-09T19:15:02.714+0000] {dag.py:3954} INFO - Setting next_dagrun for consume_1_and_2_with_dataset_expressions to None, run_after=None
[2026-03-09T19:15:02.717+0000] {logging_mixin.py:188} INFO - [2026-03-09T19:15:02.717+0000] {dag.py:3954} INFO - Setting next_dagrun for consume_1_or_2_with_dataset_expressions to None, run_after=None
[2026-03-09T19:15:02.720+0000] {logging_mixin.py:188} INFO - [2026-03-09T19:15:02.720+0000] {dag.py:3954} INFO - Setting next_dagrun for consume_1_or_both_2_and_3_with_dataset_expressions to None, run_after=None
[2026-03-09T19:15:02.723+0000] {logging_mixin.py:188} INFO - [2026-03-09T19:15:02.722+0000] {dag.py:3954} INFO - Setting next_dagrun for dataset_consumes_1 to None, run_after=None
[2026-03-09T19:15:02.725+0000] {logging_mixin.py:188} INFO - [2026-03-09T19:15:02.725+0000] {dag.py:3954} INFO - Setting next_dagrun for dataset_consumes_1_and_2 to None, run_after=None
[2026-03-09T19:15:02.728+0000] {logging_mixin.py:188} INFO - [2026-03-09T19:15:02.728+0000] {dag.py:3954} INFO - Setting next_dagrun for dataset_consumes_1_never_scheduled to None, run_after=None
[2026-03-09T19:15:02.731+0000] {logging_mixin.py:188} INFO - [2026-03-09T19:15:02.730+0000] {dag.py:3954} INFO - Setting next_dagrun for dataset_consumes_unknown_never_scheduled to None, run_after=None
[2026-03-09T19:15:02.736+0000] {logging_mixin.py:188} INFO - [2026-03-09T19:15:02.735+0000] {dag.py:3954} INFO - Setting next_dagrun for dataset_produces_1 to 2026-03-08 00:00:00+00:00, run_after=2026-03-09 00:00:00+00:00
[2026-03-09T19:15:02.738+0000] {logging_mixin.py:188} INFO - [2026-03-09T19:15:02.738+0000] {dag.py:3954} INFO - Setting next_dagrun for dataset_produces_2 to None, run_after=None
[2026-03-09T19:15:02.797+0000] {processor.py:183} INFO - Processing /home/airflow/.local/lib/python3.12/site-packages/airflow/example_dags/example_datasets.py took 0.241 seconds
