[2026-03-09T19:04:46.308+0000] {processor.py:161} INFO - Started process (PID=80) to work on /home/airflow/.local/lib/python3.12/site-packages/airflow/example_dags/example_branch_python_dop_operator_3.py
[2026-03-09T19:04:46.310+0000] {processor.py:830} INFO - Processing file /home/airflow/.local/lib/python3.12/site-packages/airflow/example_dags/example_branch_python_dop_operator_3.py for tasks to queue
[2026-03-09T19:04:46.314+0000] {logging_mixin.py:188} INFO - [2026-03-09T19:04:46.314+0000] {dagbag.py:545} INFO - Filling up the DagBag from /home/airflow/.local/lib/python3.12/site-packages/airflow/example_dags/example_branch_python_dop_operator_3.py
[2026-03-09T19:04:46.332+0000] {processor.py:840} INFO - DAG(s) 'example_branch_dop_operator_v3' retrieved from /home/airflow/.local/lib/python3.12/site-packages/airflow/example_dags/example_branch_python_dop_operator_3.py
[2026-03-09T19:04:46.368+0000] {logging_mixin.py:188} INFO - [2026-03-09T19:04:46.367+0000] {dag.py:3096} INFO - Sync 1 DAGs
[2026-03-09T19:04:46.430+0000] {logging_mixin.py:188} INFO - [2026-03-09T19:04:46.430+0000] {dag.py:3954} INFO - Setting next_dagrun for example_branch_dop_operator_v3 to 2026-03-09 19:03:00+00:00, run_after=2026-03-09 19:04:00+00:00
[2026-03-09T19:04:46.469+0000] {processor.py:183} INFO - Processing /home/airflow/.local/lib/python3.12/site-packages/airflow/example_dags/example_branch_python_dop_operator_3.py took 0.168 seconds
[2026-03-09T19:05:16.880+0000] {processor.py:161} INFO - Started process (PID=138) to work on /home/airflow/.local/lib/python3.12/site-packages/airflow/example_dags/example_branch_python_dop_operator_3.py
[2026-03-09T19:05:16.881+0000] {processor.py:830} INFO - Processing file /home/airflow/.local/lib/python3.12/site-packages/airflow/example_dags/example_branch_python_dop_operator_3.py for tasks to queue
[2026-03-09T19:05:16.884+0000] {logging_mixin.py:188} INFO - [2026-03-09T19:05:16.883+0000] {dagbag.py:545} INFO - Filling up the DagBag from /home/airflow/.local/lib/python3.12/site-packages/airflow/example_dags/example_branch_python_dop_operator_3.py
[2026-03-09T19:05:16.895+0000] {processor.py:840} INFO - DAG(s) 'example_branch_dop_operator_v3' retrieved from /home/airflow/.local/lib/python3.12/site-packages/airflow/example_dags/example_branch_python_dop_operator_3.py
[2026-03-09T19:05:16.916+0000] {logging_mixin.py:188} INFO - [2026-03-09T19:05:16.916+0000] {dag.py:3096} INFO - Sync 1 DAGs
[2026-03-09T19:05:16.955+0000] {logging_mixin.py:188} INFO - [2026-03-09T19:05:16.955+0000] {dag.py:3954} INFO - Setting next_dagrun for example_branch_dop_operator_v3 to 2026-03-09 19:04:00+00:00, run_after=2026-03-09 19:05:00+00:00
[2026-03-09T19:05:16.980+0000] {processor.py:183} INFO - Processing /home/airflow/.local/lib/python3.12/site-packages/airflow/example_dags/example_branch_python_dop_operator_3.py took 0.105 seconds
[2026-03-09T19:05:47.367+0000] {processor.py:161} INFO - Started process (PID=196) to work on /home/airflow/.local/lib/python3.12/site-packages/airflow/example_dags/example_branch_python_dop_operator_3.py
[2026-03-09T19:05:47.368+0000] {processor.py:830} INFO - Processing file /home/airflow/.local/lib/python3.12/site-packages/airflow/example_dags/example_branch_python_dop_operator_3.py for tasks to queue
[2026-03-09T19:05:47.371+0000] {logging_mixin.py:188} INFO - [2026-03-09T19:05:47.370+0000] {dagbag.py:545} INFO - Filling up the DagBag from /home/airflow/.local/lib/python3.12/site-packages/airflow/example_dags/example_branch_python_dop_operator_3.py
[2026-03-09T19:05:47.383+0000] {processor.py:840} INFO - DAG(s) 'example_branch_dop_operator_v3' retrieved from /home/airflow/.local/lib/python3.12/site-packages/airflow/example_dags/example_branch_python_dop_operator_3.py
[2026-03-09T19:05:47.413+0000] {logging_mixin.py:188} INFO - [2026-03-09T19:05:47.413+0000] {dag.py:3096} INFO - Sync 1 DAGs
[2026-03-09T19:05:47.452+0000] {logging_mixin.py:188} INFO - [2026-03-09T19:05:47.452+0000] {dag.py:3954} INFO - Setting next_dagrun for example_branch_dop_operator_v3 to 2026-03-09 19:04:00+00:00, run_after=2026-03-09 19:05:00+00:00
[2026-03-09T19:05:47.486+0000] {processor.py:183} INFO - Processing /home/airflow/.local/lib/python3.12/site-packages/airflow/example_dags/example_branch_python_dop_operator_3.py took 0.126 seconds
[2026-03-09T19:06:17.692+0000] {processor.py:161} INFO - Started process (PID=254) to work on /home/airflow/.local/lib/python3.12/site-packages/airflow/example_dags/example_branch_python_dop_operator_3.py
[2026-03-09T19:06:17.693+0000] {processor.py:830} INFO - Processing file /home/airflow/.local/lib/python3.12/site-packages/airflow/example_dags/example_branch_python_dop_operator_3.py for tasks to queue
[2026-03-09T19:06:17.696+0000] {logging_mixin.py:188} INFO - [2026-03-09T19:06:17.695+0000] {dagbag.py:545} INFO - Filling up the DagBag from /home/airflow/.local/lib/python3.12/site-packages/airflow/example_dags/example_branch_python_dop_operator_3.py
[2026-03-09T19:06:17.707+0000] {processor.py:840} INFO - DAG(s) 'example_branch_dop_operator_v3' retrieved from /home/airflow/.local/lib/python3.12/site-packages/airflow/example_dags/example_branch_python_dop_operator_3.py
[2026-03-09T19:06:17.739+0000] {logging_mixin.py:188} INFO - [2026-03-09T19:06:17.738+0000] {dag.py:3096} INFO - Sync 1 DAGs
[2026-03-09T19:06:17.785+0000] {logging_mixin.py:188} INFO - [2026-03-09T19:06:17.785+0000] {dag.py:3954} INFO - Setting next_dagrun for example_branch_dop_operator_v3 to 2026-03-09 19:05:00+00:00, run_after=2026-03-09 19:06:00+00:00
[2026-03-09T19:06:17.820+0000] {processor.py:183} INFO - Processing /home/airflow/.local/lib/python3.12/site-packages/airflow/example_dags/example_branch_python_dop_operator_3.py took 0.139 seconds
[2026-03-09T19:07:22.684+0000] {processor.py:161} INFO - Started process (PID=78) to work on /home/airflow/.local/lib/python3.12/site-packages/airflow/example_dags/example_branch_python_dop_operator_3.py
[2026-03-09T19:07:22.687+0000] {processor.py:830} INFO - Processing file /home/airflow/.local/lib/python3.12/site-packages/airflow/example_dags/example_branch_python_dop_operator_3.py for tasks to queue
[2026-03-09T19:07:22.690+0000] {logging_mixin.py:188} INFO - [2026-03-09T19:07:22.690+0000] {dagbag.py:545} INFO - Filling up the DagBag from /home/airflow/.local/lib/python3.12/site-packages/airflow/example_dags/example_branch_python_dop_operator_3.py
[2026-03-09T19:07:22.726+0000] {processor.py:840} INFO - DAG(s) 'example_branch_dop_operator_v3' retrieved from /home/airflow/.local/lib/python3.12/site-packages/airflow/example_dags/example_branch_python_dop_operator_3.py
[2026-03-09T19:07:22.748+0000] {logging_mixin.py:188} INFO - [2026-03-09T19:07:22.748+0000] {dag.py:3096} INFO - Sync 1 DAGs
[2026-03-09T19:07:22.795+0000] {logging_mixin.py:188} INFO - [2026-03-09T19:07:22.794+0000] {dag.py:3954} INFO - Setting next_dagrun for example_branch_dop_operator_v3 to 2026-03-09 19:06:00+00:00, run_after=2026-03-09 19:07:00+00:00
[2026-03-09T19:07:22.851+0000] {processor.py:183} INFO - Processing /home/airflow/.local/lib/python3.12/site-packages/airflow/example_dags/example_branch_python_dop_operator_3.py took 0.177 seconds
[2026-03-09T19:07:53.002+0000] {processor.py:161} INFO - Started process (PID=138) to work on /home/airflow/.local/lib/python3.12/site-packages/airflow/example_dags/example_branch_python_dop_operator_3.py
[2026-03-09T19:07:53.003+0000] {processor.py:830} INFO - Processing file /home/airflow/.local/lib/python3.12/site-packages/airflow/example_dags/example_branch_python_dop_operator_3.py for tasks to queue
[2026-03-09T19:07:53.007+0000] {logging_mixin.py:188} INFO - [2026-03-09T19:07:53.006+0000] {dagbag.py:545} INFO - Filling up the DagBag from /home/airflow/.local/lib/python3.12/site-packages/airflow/example_dags/example_branch_python_dop_operator_3.py
[2026-03-09T19:07:53.023+0000] {processor.py:840} INFO - DAG(s) 'example_branch_dop_operator_v3' retrieved from /home/airflow/.local/lib/python3.12/site-packages/airflow/example_dags/example_branch_python_dop_operator_3.py
[2026-03-09T19:07:53.174+0000] {logging_mixin.py:188} INFO - [2026-03-09T19:07:53.174+0000] {dag.py:3096} INFO - Sync 1 DAGs
[2026-03-09T19:07:53.207+0000] {logging_mixin.py:188} INFO - [2026-03-09T19:07:53.207+0000] {dag.py:3954} INFO - Setting next_dagrun for example_branch_dop_operator_v3 to 2026-03-09 19:06:00+00:00, run_after=2026-03-09 19:07:00+00:00
[2026-03-09T19:07:53.238+0000] {processor.py:183} INFO - Processing /home/airflow/.local/lib/python3.12/site-packages/airflow/example_dags/example_branch_python_dop_operator_3.py took 0.243 seconds
[2026-03-09T19:08:23.751+0000] {processor.py:161} INFO - Started process (PID=198) to work on /home/airflow/.local/lib/python3.12/site-packages/airflow/example_dags/example_branch_python_dop_operator_3.py
[2026-03-09T19:08:23.752+0000] {processor.py:830} INFO - Processing file /home/airflow/.local/lib/python3.12/site-packages/airflow/example_dags/example_branch_python_dop_operator_3.py for tasks to queue
[2026-03-09T19:08:23.755+0000] {logging_mixin.py:188} INFO - [2026-03-09T19:08:23.755+0000] {dagbag.py:545} INFO - Filling up the DagBag from /home/airflow/.local/lib/python3.12/site-packages/airflow/example_dags/example_branch_python_dop_operator_3.py
[2026-03-09T19:08:23.765+0000] {processor.py:840} INFO - DAG(s) 'example_branch_dop_operator_v3' retrieved from /home/airflow/.local/lib/python3.12/site-packages/airflow/example_dags/example_branch_python_dop_operator_3.py
[2026-03-09T19:08:23.795+0000] {logging_mixin.py:188} INFO - [2026-03-09T19:08:23.794+0000] {dag.py:3096} INFO - Sync 1 DAGs
[2026-03-09T19:08:23.828+0000] {logging_mixin.py:188} INFO - [2026-03-09T19:08:23.828+0000] {dag.py:3954} INFO - Setting next_dagrun for example_branch_dop_operator_v3 to 2026-03-09 19:07:00+00:00, run_after=2026-03-09 19:08:00+00:00
[2026-03-09T19:08:23.856+0000] {processor.py:183} INFO - Processing /home/airflow/.local/lib/python3.12/site-packages/airflow/example_dags/example_branch_python_dop_operator_3.py took 0.114 seconds
[2026-03-09T19:08:54.592+0000] {processor.py:161} INFO - Started process (PID=258) to work on /home/airflow/.local/lib/python3.12/site-packages/airflow/example_dags/example_branch_python_dop_operator_3.py
[2026-03-09T19:08:54.594+0000] {processor.py:830} INFO - Processing file /home/airflow/.local/lib/python3.12/site-packages/airflow/example_dags/example_branch_python_dop_operator_3.py for tasks to queue
[2026-03-09T19:08:54.596+0000] {logging_mixin.py:188} INFO - [2026-03-09T19:08:54.596+0000] {dagbag.py:545} INFO - Filling up the DagBag from /home/airflow/.local/lib/python3.12/site-packages/airflow/example_dags/example_branch_python_dop_operator_3.py
[2026-03-09T19:08:54.608+0000] {processor.py:840} INFO - DAG(s) 'example_branch_dop_operator_v3' retrieved from /home/airflow/.local/lib/python3.12/site-packages/airflow/example_dags/example_branch_python_dop_operator_3.py
[2026-03-09T19:08:54.633+0000] {logging_mixin.py:188} INFO - [2026-03-09T19:08:54.633+0000] {dag.py:3096} INFO - Sync 1 DAGs
[2026-03-09T19:08:54.673+0000] {logging_mixin.py:188} INFO - [2026-03-09T19:08:54.673+0000] {dag.py:3954} INFO - Setting next_dagrun for example_branch_dop_operator_v3 to 2026-03-09 19:07:00+00:00, run_after=2026-03-09 19:08:00+00:00
[2026-03-09T19:08:54.701+0000] {processor.py:183} INFO - Processing /home/airflow/.local/lib/python3.12/site-packages/airflow/example_dags/example_branch_python_dop_operator_3.py took 0.117 seconds
[2026-03-09T19:09:25.314+0000] {processor.py:161} INFO - Started process (PID=318) to work on /home/airflow/.local/lib/python3.12/site-packages/airflow/example_dags/example_branch_python_dop_operator_3.py
[2026-03-09T19:09:25.316+0000] {processor.py:830} INFO - Processing file /home/airflow/.local/lib/python3.12/site-packages/airflow/example_dags/example_branch_python_dop_operator_3.py for tasks to queue
[2026-03-09T19:09:25.319+0000] {logging_mixin.py:188} INFO - [2026-03-09T19:09:25.318+0000] {dagbag.py:545} INFO - Filling up the DagBag from /home/airflow/.local/lib/python3.12/site-packages/airflow/example_dags/example_branch_python_dop_operator_3.py
[2026-03-09T19:09:25.329+0000] {processor.py:840} INFO - DAG(s) 'example_branch_dop_operator_v3' retrieved from /home/airflow/.local/lib/python3.12/site-packages/airflow/example_dags/example_branch_python_dop_operator_3.py
[2026-03-09T19:09:25.354+0000] {logging_mixin.py:188} INFO - [2026-03-09T19:09:25.354+0000] {dag.py:3096} INFO - Sync 1 DAGs
[2026-03-09T19:09:25.390+0000] {logging_mixin.py:188} INFO - [2026-03-09T19:09:25.389+0000] {dag.py:3954} INFO - Setting next_dagrun for example_branch_dop_operator_v3 to 2026-03-09 19:08:00+00:00, run_after=2026-03-09 19:09:00+00:00
[2026-03-09T19:09:25.414+0000] {processor.py:183} INFO - Processing /home/airflow/.local/lib/python3.12/site-packages/airflow/example_dags/example_branch_python_dop_operator_3.py took 0.107 seconds
[2026-03-09T19:09:55.831+0000] {processor.py:161} INFO - Started process (PID=378) to work on /home/airflow/.local/lib/python3.12/site-packages/airflow/example_dags/example_branch_python_dop_operator_3.py
[2026-03-09T19:09:55.832+0000] {processor.py:830} INFO - Processing file /home/airflow/.local/lib/python3.12/site-packages/airflow/example_dags/example_branch_python_dop_operator_3.py for tasks to queue
[2026-03-09T19:09:55.835+0000] {logging_mixin.py:188} INFO - [2026-03-09T19:09:55.834+0000] {dagbag.py:545} INFO - Filling up the DagBag from /home/airflow/.local/lib/python3.12/site-packages/airflow/example_dags/example_branch_python_dop_operator_3.py
[2026-03-09T19:09:55.846+0000] {processor.py:840} INFO - DAG(s) 'example_branch_dop_operator_v3' retrieved from /home/airflow/.local/lib/python3.12/site-packages/airflow/example_dags/example_branch_python_dop_operator_3.py
[2026-03-09T19:09:55.878+0000] {logging_mixin.py:188} INFO - [2026-03-09T19:09:55.878+0000] {dag.py:3096} INFO - Sync 1 DAGs
[2026-03-09T19:09:55.912+0000] {logging_mixin.py:188} INFO - [2026-03-09T19:09:55.912+0000] {dag.py:3954} INFO - Setting next_dagrun for example_branch_dop_operator_v3 to 2026-03-09 19:08:00+00:00, run_after=2026-03-09 19:09:00+00:00
[2026-03-09T19:09:55.938+0000] {processor.py:183} INFO - Processing /home/airflow/.local/lib/python3.12/site-packages/airflow/example_dags/example_branch_python_dop_operator_3.py took 0.115 seconds
[2026-03-09T19:10:26.289+0000] {processor.py:161} INFO - Started process (PID=438) to work on /home/airflow/.local/lib/python3.12/site-packages/airflow/example_dags/example_branch_python_dop_operator_3.py
[2026-03-09T19:10:26.291+0000] {processor.py:830} INFO - Processing file /home/airflow/.local/lib/python3.12/site-packages/airflow/example_dags/example_branch_python_dop_operator_3.py for tasks to queue
[2026-03-09T19:10:26.294+0000] {logging_mixin.py:188} INFO - [2026-03-09T19:10:26.293+0000] {dagbag.py:545} INFO - Filling up the DagBag from /home/airflow/.local/lib/python3.12/site-packages/airflow/example_dags/example_branch_python_dop_operator_3.py
[2026-03-09T19:10:26.305+0000] {processor.py:840} INFO - DAG(s) 'example_branch_dop_operator_v3' retrieved from /home/airflow/.local/lib/python3.12/site-packages/airflow/example_dags/example_branch_python_dop_operator_3.py
[2026-03-09T19:10:26.332+0000] {logging_mixin.py:188} INFO - [2026-03-09T19:10:26.332+0000] {dag.py:3096} INFO - Sync 1 DAGs
[2026-03-09T19:10:26.369+0000] {logging_mixin.py:188} INFO - [2026-03-09T19:10:26.369+0000] {dag.py:3954} INFO - Setting next_dagrun for example_branch_dop_operator_v3 to 2026-03-09 19:09:00+00:00, run_after=2026-03-09 19:10:00+00:00
[2026-03-09T19:10:26.395+0000] {processor.py:183} INFO - Processing /home/airflow/.local/lib/python3.12/site-packages/airflow/example_dags/example_branch_python_dop_operator_3.py took 0.113 seconds
[2026-03-09T19:10:56.783+0000] {processor.py:161} INFO - Started process (PID=498) to work on /home/airflow/.local/lib/python3.12/site-packages/airflow/example_dags/example_branch_python_dop_operator_3.py
[2026-03-09T19:10:56.784+0000] {processor.py:830} INFO - Processing file /home/airflow/.local/lib/python3.12/site-packages/airflow/example_dags/example_branch_python_dop_operator_3.py for tasks to queue
[2026-03-09T19:10:56.787+0000] {logging_mixin.py:188} INFO - [2026-03-09T19:10:56.787+0000] {dagbag.py:545} INFO - Filling up the DagBag from /home/airflow/.local/lib/python3.12/site-packages/airflow/example_dags/example_branch_python_dop_operator_3.py
[2026-03-09T19:10:56.799+0000] {processor.py:840} INFO - DAG(s) 'example_branch_dop_operator_v3' retrieved from /home/airflow/.local/lib/python3.12/site-packages/airflow/example_dags/example_branch_python_dop_operator_3.py
[2026-03-09T19:10:56.823+0000] {logging_mixin.py:188} INFO - [2026-03-09T19:10:56.823+0000] {dag.py:3096} INFO - Sync 1 DAGs
[2026-03-09T19:10:56.859+0000] {logging_mixin.py:188} INFO - [2026-03-09T19:10:56.858+0000] {dag.py:3954} INFO - Setting next_dagrun for example_branch_dop_operator_v3 to 2026-03-09 19:09:00+00:00, run_after=2026-03-09 19:10:00+00:00
[2026-03-09T19:10:56.885+0000] {processor.py:183} INFO - Processing /home/airflow/.local/lib/python3.12/site-packages/airflow/example_dags/example_branch_python_dop_operator_3.py took 0.108 seconds
[2026-03-09T19:11:27.276+0000] {processor.py:161} INFO - Started process (PID=558) to work on /home/airflow/.local/lib/python3.12/site-packages/airflow/example_dags/example_branch_python_dop_operator_3.py
[2026-03-09T19:11:27.277+0000] {processor.py:830} INFO - Processing file /home/airflow/.local/lib/python3.12/site-packages/airflow/example_dags/example_branch_python_dop_operator_3.py for tasks to queue
[2026-03-09T19:11:27.280+0000] {logging_mixin.py:188} INFO - [2026-03-09T19:11:27.279+0000] {dagbag.py:545} INFO - Filling up the DagBag from /home/airflow/.local/lib/python3.12/site-packages/airflow/example_dags/example_branch_python_dop_operator_3.py
[2026-03-09T19:11:27.290+0000] {processor.py:840} INFO - DAG(s) 'example_branch_dop_operator_v3' retrieved from /home/airflow/.local/lib/python3.12/site-packages/airflow/example_dags/example_branch_python_dop_operator_3.py
[2026-03-09T19:11:27.315+0000] {logging_mixin.py:188} INFO - [2026-03-09T19:11:27.314+0000] {dag.py:3096} INFO - Sync 1 DAGs
[2026-03-09T19:11:27.343+0000] {logging_mixin.py:188} INFO - [2026-03-09T19:11:27.343+0000] {dag.py:3954} INFO - Setting next_dagrun for example_branch_dop_operator_v3 to 2026-03-09 19:10:00+00:00, run_after=2026-03-09 19:11:00+00:00
[2026-03-09T19:11:27.368+0000] {processor.py:183} INFO - Processing /home/airflow/.local/lib/python3.12/site-packages/airflow/example_dags/example_branch_python_dop_operator_3.py took 0.098 seconds
[2026-03-09T19:11:58.285+0000] {processor.py:161} INFO - Started process (PID=618) to work on /home/airflow/.local/lib/python3.12/site-packages/airflow/example_dags/example_branch_python_dop_operator_3.py
[2026-03-09T19:11:58.286+0000] {processor.py:830} INFO - Processing file /home/airflow/.local/lib/python3.12/site-packages/airflow/example_dags/example_branch_python_dop_operator_3.py for tasks to queue
[2026-03-09T19:11:58.289+0000] {logging_mixin.py:188} INFO - [2026-03-09T19:11:58.289+0000] {dagbag.py:545} INFO - Filling up the DagBag from /home/airflow/.local/lib/python3.12/site-packages/airflow/example_dags/example_branch_python_dop_operator_3.py
[2026-03-09T19:11:58.301+0000] {processor.py:840} INFO - DAG(s) 'example_branch_dop_operator_v3' retrieved from /home/airflow/.local/lib/python3.12/site-packages/airflow/example_dags/example_branch_python_dop_operator_3.py
[2026-03-09T19:11:58.328+0000] {logging_mixin.py:188} INFO - [2026-03-09T19:11:58.328+0000] {dag.py:3096} INFO - Sync 1 DAGs
[2026-03-09T19:11:58.361+0000] {logging_mixin.py:188} INFO - [2026-03-09T19:11:58.361+0000] {dag.py:3954} INFO - Setting next_dagrun for example_branch_dop_operator_v3 to 2026-03-09 19:10:00+00:00, run_after=2026-03-09 19:11:00+00:00
[2026-03-09T19:11:58.384+0000] {processor.py:183} INFO - Processing /home/airflow/.local/lib/python3.12/site-packages/airflow/example_dags/example_branch_python_dop_operator_3.py took 0.106 seconds
[2026-03-09T19:12:28.906+0000] {processor.py:161} INFO - Started process (PID=678) to work on /home/airflow/.local/lib/python3.12/site-packages/airflow/example_dags/example_branch_python_dop_operator_3.py
[2026-03-09T19:12:28.908+0000] {processor.py:830} INFO - Processing file /home/airflow/.local/lib/python3.12/site-packages/airflow/example_dags/example_branch_python_dop_operator_3.py for tasks to queue
[2026-03-09T19:12:28.911+0000] {logging_mixin.py:188} INFO - [2026-03-09T19:12:28.910+0000] {dagbag.py:545} INFO - Filling up the DagBag from /home/airflow/.local/lib/python3.12/site-packages/airflow/example_dags/example_branch_python_dop_operator_3.py
[2026-03-09T19:12:28.921+0000] {processor.py:840} INFO - DAG(s) 'example_branch_dop_operator_v3' retrieved from /home/airflow/.local/lib/python3.12/site-packages/airflow/example_dags/example_branch_python_dop_operator_3.py
[2026-03-09T19:12:28.943+0000] {logging_mixin.py:188} INFO - [2026-03-09T19:12:28.943+0000] {dag.py:3096} INFO - Sync 1 DAGs
[2026-03-09T19:12:28.976+0000] {logging_mixin.py:188} INFO - [2026-03-09T19:12:28.976+0000] {dag.py:3954} INFO - Setting next_dagrun for example_branch_dop_operator_v3 to 2026-03-09 19:11:00+00:00, run_after=2026-03-09 19:12:00+00:00
[2026-03-09T19:12:29.001+0000] {processor.py:183} INFO - Processing /home/airflow/.local/lib/python3.12/site-packages/airflow/example_dags/example_branch_python_dop_operator_3.py took 0.102 seconds
[2026-03-09T19:12:59.479+0000] {processor.py:161} INFO - Started process (PID=737) to work on /home/airflow/.local/lib/python3.12/site-packages/airflow/example_dags/example_branch_python_dop_operator_3.py
[2026-03-09T19:12:59.480+0000] {processor.py:830} INFO - Processing file /home/airflow/.local/lib/python3.12/site-packages/airflow/example_dags/example_branch_python_dop_operator_3.py for tasks to queue
[2026-03-09T19:12:59.483+0000] {logging_mixin.py:188} INFO - [2026-03-09T19:12:59.482+0000] {dagbag.py:545} INFO - Filling up the DagBag from /home/airflow/.local/lib/python3.12/site-packages/airflow/example_dags/example_branch_python_dop_operator_3.py
[2026-03-09T19:12:59.492+0000] {processor.py:840} INFO - DAG(s) 'example_branch_dop_operator_v3' retrieved from /home/airflow/.local/lib/python3.12/site-packages/airflow/example_dags/example_branch_python_dop_operator_3.py
[2026-03-09T19:12:59.512+0000] {logging_mixin.py:188} INFO - [2026-03-09T19:12:59.512+0000] {dag.py:3096} INFO - Sync 1 DAGs
[2026-03-09T19:12:59.541+0000] {logging_mixin.py:188} INFO - [2026-03-09T19:12:59.541+0000] {dag.py:3954} INFO - Setting next_dagrun for example_branch_dop_operator_v3 to 2026-03-09 19:11:00+00:00, run_after=2026-03-09 19:12:00+00:00
[2026-03-09T19:12:59.564+0000] {processor.py:183} INFO - Processing /home/airflow/.local/lib/python3.12/site-packages/airflow/example_dags/example_branch_python_dop_operator_3.py took 0.091 seconds
[2026-03-09T19:13:30.098+0000] {processor.py:161} INFO - Started process (PID=797) to work on /home/airflow/.local/lib/python3.12/site-packages/airflow/example_dags/example_branch_python_dop_operator_3.py
[2026-03-09T19:13:30.099+0000] {processor.py:830} INFO - Processing file /home/airflow/.local/lib/python3.12/site-packages/airflow/example_dags/example_branch_python_dop_operator_3.py for tasks to queue
[2026-03-09T19:13:30.102+0000] {logging_mixin.py:188} INFO - [2026-03-09T19:13:30.101+0000] {dagbag.py:545} INFO - Filling up the DagBag from /home/airflow/.local/lib/python3.12/site-packages/airflow/example_dags/example_branch_python_dop_operator_3.py
[2026-03-09T19:13:30.112+0000] {processor.py:840} INFO - DAG(s) 'example_branch_dop_operator_v3' retrieved from /home/airflow/.local/lib/python3.12/site-packages/airflow/example_dags/example_branch_python_dop_operator_3.py
[2026-03-09T19:13:30.136+0000] {logging_mixin.py:188} INFO - [2026-03-09T19:13:30.136+0000] {dag.py:3096} INFO - Sync 1 DAGs
[2026-03-09T19:13:30.168+0000] {logging_mixin.py:188} INFO - [2026-03-09T19:13:30.168+0000] {dag.py:3954} INFO - Setting next_dagrun for example_branch_dop_operator_v3 to 2026-03-09 19:12:00+00:00, run_after=2026-03-09 19:13:00+00:00
[2026-03-09T19:13:30.195+0000] {processor.py:183} INFO - Processing /home/airflow/.local/lib/python3.12/site-packages/airflow/example_dags/example_branch_python_dop_operator_3.py took 0.105 seconds
[2026-03-09T19:14:00.423+0000] {processor.py:161} INFO - Started process (PID=855) to work on /home/airflow/.local/lib/python3.12/site-packages/airflow/example_dags/example_branch_python_dop_operator_3.py
[2026-03-09T19:14:00.424+0000] {processor.py:830} INFO - Processing file /home/airflow/.local/lib/python3.12/site-packages/airflow/example_dags/example_branch_python_dop_operator_3.py for tasks to queue
[2026-03-09T19:14:00.427+0000] {logging_mixin.py:188} INFO - [2026-03-09T19:14:00.426+0000] {dagbag.py:545} INFO - Filling up the DagBag from /home/airflow/.local/lib/python3.12/site-packages/airflow/example_dags/example_branch_python_dop_operator_3.py
[2026-03-09T19:14:00.438+0000] {processor.py:840} INFO - DAG(s) 'example_branch_dop_operator_v3' retrieved from /home/airflow/.local/lib/python3.12/site-packages/airflow/example_dags/example_branch_python_dop_operator_3.py
[2026-03-09T19:14:00.460+0000] {logging_mixin.py:188} INFO - [2026-03-09T19:14:00.460+0000] {dag.py:3096} INFO - Sync 1 DAGs
[2026-03-09T19:14:00.505+0000] {logging_mixin.py:188} INFO - [2026-03-09T19:14:00.505+0000] {dag.py:3954} INFO - Setting next_dagrun for example_branch_dop_operator_v3 to 2026-03-09 19:13:00+00:00, run_after=2026-03-09 19:14:00+00:00
[2026-03-09T19:14:00.538+0000] {processor.py:183} INFO - Processing /home/airflow/.local/lib/python3.12/site-packages/airflow/example_dags/example_branch_python_dop_operator_3.py took 0.123 seconds
[2026-03-09T19:14:30.932+0000] {processor.py:161} INFO - Started process (PID=915) to work on /home/airflow/.local/lib/python3.12/site-packages/airflow/example_dags/example_branch_python_dop_operator_3.py
[2026-03-09T19:14:30.934+0000] {processor.py:830} INFO - Processing file /home/airflow/.local/lib/python3.12/site-packages/airflow/example_dags/example_branch_python_dop_operator_3.py for tasks to queue
[2026-03-09T19:14:30.937+0000] {logging_mixin.py:188} INFO - [2026-03-09T19:14:30.936+0000] {dagbag.py:545} INFO - Filling up the DagBag from /home/airflow/.local/lib/python3.12/site-packages/airflow/example_dags/example_branch_python_dop_operator_3.py
[2026-03-09T19:14:30.948+0000] {processor.py:840} INFO - DAG(s) 'example_branch_dop_operator_v3' retrieved from /home/airflow/.local/lib/python3.12/site-packages/airflow/example_dags/example_branch_python_dop_operator_3.py
[2026-03-09T19:14:30.977+0000] {logging_mixin.py:188} INFO - [2026-03-09T19:14:30.976+0000] {dag.py:3096} INFO - Sync 1 DAGs
[2026-03-09T19:14:31.021+0000] {logging_mixin.py:188} INFO - [2026-03-09T19:14:31.021+0000] {dag.py:3954} INFO - Setting next_dagrun for example_branch_dop_operator_v3 to 2026-03-09 19:13:00+00:00, run_after=2026-03-09 19:14:00+00:00
[2026-03-09T19:14:31.047+0000] {processor.py:183} INFO - Processing /home/airflow/.local/lib/python3.12/site-packages/airflow/example_dags/example_branch_python_dop_operator_3.py took 0.123 seconds
[2026-03-09T19:15:01.188+0000] {processor.py:161} INFO - Started process (PID=975) to work on /home/airflow/.local/lib/python3.12/site-packages/airflow/example_dags/example_branch_python_dop_operator_3.py
[2026-03-09T19:15:01.189+0000] {processor.py:830} INFO - Processing file /home/airflow/.local/lib/python3.12/site-packages/airflow/example_dags/example_branch_python_dop_operator_3.py for tasks to queue
[2026-03-09T19:15:01.191+0000] {logging_mixin.py:188} INFO - [2026-03-09T19:15:01.191+0000] {dagbag.py:545} INFO - Filling up the DagBag from /home/airflow/.local/lib/python3.12/site-packages/airflow/example_dags/example_branch_python_dop_operator_3.py
[2026-03-09T19:15:01.204+0000] {processor.py:840} INFO - DAG(s) 'example_branch_dop_operator_v3' retrieved from /home/airflow/.local/lib/python3.12/site-packages/airflow/example_dags/example_branch_python_dop_operator_3.py
[2026-03-09T19:15:01.233+0000] {logging_mixin.py:188} INFO - [2026-03-09T19:15:01.232+0000] {dag.py:3096} INFO - Sync 1 DAGs
[2026-03-09T19:15:01.268+0000] {logging_mixin.py:188} INFO - [2026-03-09T19:15:01.267+0000] {dag.py:3954} INFO - Setting next_dagrun for example_branch_dop_operator_v3 to 2026-03-09 19:14:00+00:00, run_after=2026-03-09 19:15:00+00:00
[2026-03-09T19:15:01.294+0000] {processor.py:183} INFO - Processing /home/airflow/.local/lib/python3.12/site-packages/airflow/example_dags/example_branch_python_dop_operator_3.py took 0.113 seconds
