[2026-03-09T19:04:48.185+0000] {processor.py:161} INFO - Started process (PID=98) to work on /home/airflow/.local/lib/python3.12/site-packages/airflow/example_dags/example_time_delta_sensor_async.py
[2026-03-09T19:04:48.187+0000] {processor.py:830} INFO - Processing file /home/airflow/.local/lib/python3.12/site-packages/airflow/example_dags/example_time_delta_sensor_async.py for tasks to queue
[2026-03-09T19:04:48.191+0000] {logging_mixin.py:188} INFO - [2026-03-09T19:04:48.191+0000] {dagbag.py:545} INFO - Filling up the DagBag from /home/airflow/.local/lib/python3.12/site-packages/airflow/example_dags/example_time_delta_sensor_async.py
[2026-03-09T19:04:48.201+0000] {processor.py:840} INFO - DAG(s) 'example_time_delta_sensor_async' retrieved from /home/airflow/.local/lib/python3.12/site-packages/airflow/example_dags/example_time_delta_sensor_async.py
[2026-03-09T19:04:48.230+0000] {logging_mixin.py:188} INFO - [2026-03-09T19:04:48.230+0000] {dag.py:3096} INFO - Sync 1 DAGs
[2026-03-09T19:04:48.253+0000] {logging_mixin.py:188} INFO - [2026-03-09T19:04:48.253+0000] {dag.py:3954} INFO - Setting next_dagrun for example_time_delta_sensor_async to None, run_after=None
[2026-03-09T19:04:48.283+0000] {processor.py:183} INFO - Processing /home/airflow/.local/lib/python3.12/site-packages/airflow/example_dags/example_time_delta_sensor_async.py took 0.104 seconds
[2026-03-09T19:05:19.197+0000] {processor.py:161} INFO - Started process (PID=156) to work on /home/airflow/.local/lib/python3.12/site-packages/airflow/example_dags/example_time_delta_sensor_async.py
[2026-03-09T19:05:19.199+0000] {processor.py:830} INFO - Processing file /home/airflow/.local/lib/python3.12/site-packages/airflow/example_dags/example_time_delta_sensor_async.py for tasks to queue
[2026-03-09T19:05:19.202+0000] {logging_mixin.py:188} INFO - [2026-03-09T19:05:19.201+0000] {dagbag.py:545} INFO - Filling up the DagBag from /home/airflow/.local/lib/python3.12/site-packages/airflow/example_dags/example_time_delta_sensor_async.py
[2026-03-09T19:05:19.208+0000] {processor.py:840} INFO - DAG(s) 'example_time_delta_sensor_async' retrieved from /home/airflow/.local/lib/python3.12/site-packages/airflow/example_dags/example_time_delta_sensor_async.py
[2026-03-09T19:05:19.235+0000] {logging_mixin.py:188} INFO - [2026-03-09T19:05:19.235+0000] {dag.py:3096} INFO - Sync 1 DAGs
[2026-03-09T19:05:19.259+0000] {logging_mixin.py:188} INFO - [2026-03-09T19:05:19.259+0000] {dag.py:3954} INFO - Setting next_dagrun for example_time_delta_sensor_async to None, run_after=None
[2026-03-09T19:05:19.292+0000] {processor.py:183} INFO - Processing /home/airflow/.local/lib/python3.12/site-packages/airflow/example_dags/example_time_delta_sensor_async.py took 0.103 seconds
[2026-03-09T19:05:49.862+0000] {processor.py:161} INFO - Started process (PID=214) to work on /home/airflow/.local/lib/python3.12/site-packages/airflow/example_dags/example_time_delta_sensor_async.py
[2026-03-09T19:05:49.863+0000] {processor.py:830} INFO - Processing file /home/airflow/.local/lib/python3.12/site-packages/airflow/example_dags/example_time_delta_sensor_async.py for tasks to queue
[2026-03-09T19:05:49.866+0000] {logging_mixin.py:188} INFO - [2026-03-09T19:05:49.865+0000] {dagbag.py:545} INFO - Filling up the DagBag from /home/airflow/.local/lib/python3.12/site-packages/airflow/example_dags/example_time_delta_sensor_async.py
[2026-03-09T19:05:49.872+0000] {processor.py:840} INFO - DAG(s) 'example_time_delta_sensor_async' retrieved from /home/airflow/.local/lib/python3.12/site-packages/airflow/example_dags/example_time_delta_sensor_async.py
[2026-03-09T19:05:49.896+0000] {logging_mixin.py:188} INFO - [2026-03-09T19:05:49.896+0000] {dag.py:3096} INFO - Sync 1 DAGs
[2026-03-09T19:05:49.913+0000] {logging_mixin.py:188} INFO - [2026-03-09T19:05:49.913+0000] {dag.py:3954} INFO - Setting next_dagrun for example_time_delta_sensor_async to None, run_after=None
[2026-03-09T19:05:49.936+0000] {processor.py:183} INFO - Processing /home/airflow/.local/lib/python3.12/site-packages/airflow/example_dags/example_time_delta_sensor_async.py took 0.082 seconds
[2026-03-09T19:06:20.432+0000] {processor.py:161} INFO - Started process (PID=272) to work on /home/airflow/.local/lib/python3.12/site-packages/airflow/example_dags/example_time_delta_sensor_async.py
[2026-03-09T19:06:20.434+0000] {processor.py:830} INFO - Processing file /home/airflow/.local/lib/python3.12/site-packages/airflow/example_dags/example_time_delta_sensor_async.py for tasks to queue
[2026-03-09T19:06:20.438+0000] {logging_mixin.py:188} INFO - [2026-03-09T19:06:20.437+0000] {dagbag.py:545} INFO - Filling up the DagBag from /home/airflow/.local/lib/python3.12/site-packages/airflow/example_dags/example_time_delta_sensor_async.py
[2026-03-09T19:06:20.445+0000] {processor.py:840} INFO - DAG(s) 'example_time_delta_sensor_async' retrieved from /home/airflow/.local/lib/python3.12/site-packages/airflow/example_dags/example_time_delta_sensor_async.py
[2026-03-09T19:06:20.468+0000] {logging_mixin.py:188} INFO - [2026-03-09T19:06:20.468+0000] {dag.py:3096} INFO - Sync 1 DAGs
[2026-03-09T19:06:20.485+0000] {logging_mixin.py:188} INFO - [2026-03-09T19:06:20.485+0000] {dag.py:3954} INFO - Setting next_dagrun for example_time_delta_sensor_async to None, run_after=None
[2026-03-09T19:06:20.512+0000] {processor.py:183} INFO - Processing /home/airflow/.local/lib/python3.12/site-packages/airflow/example_dags/example_time_delta_sensor_async.py took 0.094 seconds
[2026-03-09T19:07:24.217+0000] {processor.py:161} INFO - Started process (PID=96) to work on /home/airflow/.local/lib/python3.12/site-packages/airflow/example_dags/example_time_delta_sensor_async.py
[2026-03-09T19:07:24.218+0000] {processor.py:830} INFO - Processing file /home/airflow/.local/lib/python3.12/site-packages/airflow/example_dags/example_time_delta_sensor_async.py for tasks to queue
[2026-03-09T19:07:24.220+0000] {logging_mixin.py:188} INFO - [2026-03-09T19:07:24.220+0000] {dagbag.py:545} INFO - Filling up the DagBag from /home/airflow/.local/lib/python3.12/site-packages/airflow/example_dags/example_time_delta_sensor_async.py
[2026-03-09T19:07:24.226+0000] {processor.py:840} INFO - DAG(s) 'example_time_delta_sensor_async' retrieved from /home/airflow/.local/lib/python3.12/site-packages/airflow/example_dags/example_time_delta_sensor_async.py
[2026-03-09T19:07:24.248+0000] {logging_mixin.py:188} INFO - [2026-03-09T19:07:24.248+0000] {dag.py:3096} INFO - Sync 1 DAGs
[2026-03-09T19:07:24.277+0000] {logging_mixin.py:188} INFO - [2026-03-09T19:07:24.276+0000] {dag.py:3954} INFO - Setting next_dagrun for example_time_delta_sensor_async to None, run_after=None
[2026-03-09T19:07:24.313+0000] {processor.py:183} INFO - Processing /home/airflow/.local/lib/python3.12/site-packages/airflow/example_dags/example_time_delta_sensor_async.py took 0.103 seconds
[2026-03-09T19:07:55.500+0000] {processor.py:161} INFO - Started process (PID=156) to work on /home/airflow/.local/lib/python3.12/site-packages/airflow/example_dags/example_time_delta_sensor_async.py
[2026-03-09T19:07:55.501+0000] {processor.py:830} INFO - Processing file /home/airflow/.local/lib/python3.12/site-packages/airflow/example_dags/example_time_delta_sensor_async.py for tasks to queue
[2026-03-09T19:07:55.504+0000] {logging_mixin.py:188} INFO - [2026-03-09T19:07:55.503+0000] {dagbag.py:545} INFO - Filling up the DagBag from /home/airflow/.local/lib/python3.12/site-packages/airflow/example_dags/example_time_delta_sensor_async.py
[2026-03-09T19:07:55.509+0000] {processor.py:840} INFO - DAG(s) 'example_time_delta_sensor_async' retrieved from /home/airflow/.local/lib/python3.12/site-packages/airflow/example_dags/example_time_delta_sensor_async.py
[2026-03-09T19:07:55.653+0000] {logging_mixin.py:188} INFO - [2026-03-09T19:07:55.653+0000] {dag.py:3096} INFO - Sync 1 DAGs
[2026-03-09T19:07:55.669+0000] {logging_mixin.py:188} INFO - [2026-03-09T19:07:55.669+0000] {dag.py:3954} INFO - Setting next_dagrun for example_time_delta_sensor_async to None, run_after=None
[2026-03-09T19:07:55.705+0000] {processor.py:183} INFO - Processing /home/airflow/.local/lib/python3.12/site-packages/airflow/example_dags/example_time_delta_sensor_async.py took 0.211 seconds
[2026-03-09T19:08:26.092+0000] {processor.py:161} INFO - Started process (PID=216) to work on /home/airflow/.local/lib/python3.12/site-packages/airflow/example_dags/example_time_delta_sensor_async.py
[2026-03-09T19:08:26.094+0000] {processor.py:830} INFO - Processing file /home/airflow/.local/lib/python3.12/site-packages/airflow/example_dags/example_time_delta_sensor_async.py for tasks to queue
[2026-03-09T19:08:26.097+0000] {logging_mixin.py:188} INFO - [2026-03-09T19:08:26.096+0000] {dagbag.py:545} INFO - Filling up the DagBag from /home/airflow/.local/lib/python3.12/site-packages/airflow/example_dags/example_time_delta_sensor_async.py
[2026-03-09T19:08:26.104+0000] {processor.py:840} INFO - DAG(s) 'example_time_delta_sensor_async' retrieved from /home/airflow/.local/lib/python3.12/site-packages/airflow/example_dags/example_time_delta_sensor_async.py
[2026-03-09T19:08:26.127+0000] {logging_mixin.py:188} INFO - [2026-03-09T19:08:26.127+0000] {dag.py:3096} INFO - Sync 1 DAGs
[2026-03-09T19:08:26.144+0000] {logging_mixin.py:188} INFO - [2026-03-09T19:08:26.144+0000] {dag.py:3954} INFO - Setting next_dagrun for example_time_delta_sensor_async to None, run_after=None
[2026-03-09T19:08:26.166+0000] {processor.py:183} INFO - Processing /home/airflow/.local/lib/python3.12/site-packages/airflow/example_dags/example_time_delta_sensor_async.py took 0.081 seconds
[2026-03-09T19:08:56.800+0000] {processor.py:161} INFO - Started process (PID=276) to work on /home/airflow/.local/lib/python3.12/site-packages/airflow/example_dags/example_time_delta_sensor_async.py
[2026-03-09T19:08:56.802+0000] {processor.py:830} INFO - Processing file /home/airflow/.local/lib/python3.12/site-packages/airflow/example_dags/example_time_delta_sensor_async.py for tasks to queue
[2026-03-09T19:08:56.805+0000] {logging_mixin.py:188} INFO - [2026-03-09T19:08:56.804+0000] {dagbag.py:545} INFO - Filling up the DagBag from /home/airflow/.local/lib/python3.12/site-packages/airflow/example_dags/example_time_delta_sensor_async.py
[2026-03-09T19:08:56.811+0000] {processor.py:840} INFO - DAG(s) 'example_time_delta_sensor_async' retrieved from /home/airflow/.local/lib/python3.12/site-packages/airflow/example_dags/example_time_delta_sensor_async.py
[2026-03-09T19:08:56.836+0000] {logging_mixin.py:188} INFO - [2026-03-09T19:08:56.835+0000] {dag.py:3096} INFO - Sync 1 DAGs
[2026-03-09T19:08:56.854+0000] {logging_mixin.py:188} INFO - [2026-03-09T19:08:56.853+0000] {dag.py:3954} INFO - Setting next_dagrun for example_time_delta_sensor_async to None, run_after=None
[2026-03-09T19:08:56.879+0000] {processor.py:183} INFO - Processing /home/airflow/.local/lib/python3.12/site-packages/airflow/example_dags/example_time_delta_sensor_async.py took 0.087 seconds
[2026-03-09T19:09:27.656+0000] {processor.py:161} INFO - Started process (PID=336) to work on /home/airflow/.local/lib/python3.12/site-packages/airflow/example_dags/example_time_delta_sensor_async.py
[2026-03-09T19:09:27.657+0000] {processor.py:830} INFO - Processing file /home/airflow/.local/lib/python3.12/site-packages/airflow/example_dags/example_time_delta_sensor_async.py for tasks to queue
[2026-03-09T19:09:27.660+0000] {logging_mixin.py:188} INFO - [2026-03-09T19:09:27.660+0000] {dagbag.py:545} INFO - Filling up the DagBag from /home/airflow/.local/lib/python3.12/site-packages/airflow/example_dags/example_time_delta_sensor_async.py
[2026-03-09T19:09:27.667+0000] {processor.py:840} INFO - DAG(s) 'example_time_delta_sensor_async' retrieved from /home/airflow/.local/lib/python3.12/site-packages/airflow/example_dags/example_time_delta_sensor_async.py
[2026-03-09T19:09:27.701+0000] {logging_mixin.py:188} INFO - [2026-03-09T19:09:27.700+0000] {dag.py:3096} INFO - Sync 1 DAGs
[2026-03-09T19:09:27.720+0000] {logging_mixin.py:188} INFO - [2026-03-09T19:09:27.720+0000] {dag.py:3954} INFO - Setting next_dagrun for example_time_delta_sensor_async to None, run_after=None
[2026-03-09T19:09:27.754+0000] {processor.py:183} INFO - Processing /home/airflow/.local/lib/python3.12/site-packages/airflow/example_dags/example_time_delta_sensor_async.py took 0.105 seconds
[2026-03-09T19:09:58.158+0000] {processor.py:161} INFO - Started process (PID=396) to work on /home/airflow/.local/lib/python3.12/site-packages/airflow/example_dags/example_time_delta_sensor_async.py
[2026-03-09T19:09:58.159+0000] {processor.py:830} INFO - Processing file /home/airflow/.local/lib/python3.12/site-packages/airflow/example_dags/example_time_delta_sensor_async.py for tasks to queue
[2026-03-09T19:09:58.163+0000] {logging_mixin.py:188} INFO - [2026-03-09T19:09:58.162+0000] {dagbag.py:545} INFO - Filling up the DagBag from /home/airflow/.local/lib/python3.12/site-packages/airflow/example_dags/example_time_delta_sensor_async.py
[2026-03-09T19:09:58.170+0000] {processor.py:840} INFO - DAG(s) 'example_time_delta_sensor_async' retrieved from /home/airflow/.local/lib/python3.12/site-packages/airflow/example_dags/example_time_delta_sensor_async.py
[2026-03-09T19:09:58.201+0000] {logging_mixin.py:188} INFO - [2026-03-09T19:09:58.201+0000] {dag.py:3096} INFO - Sync 1 DAGs
[2026-03-09T19:09:58.219+0000] {logging_mixin.py:188} INFO - [2026-03-09T19:09:58.219+0000] {dag.py:3954} INFO - Setting next_dagrun for example_time_delta_sensor_async to None, run_after=None
[2026-03-09T19:09:58.248+0000] {processor.py:183} INFO - Processing /home/airflow/.local/lib/python3.12/site-packages/airflow/example_dags/example_time_delta_sensor_async.py took 0.099 seconds
[2026-03-09T19:10:28.641+0000] {processor.py:161} INFO - Started process (PID=456) to work on /home/airflow/.local/lib/python3.12/site-packages/airflow/example_dags/example_time_delta_sensor_async.py
[2026-03-09T19:10:28.642+0000] {processor.py:830} INFO - Processing file /home/airflow/.local/lib/python3.12/site-packages/airflow/example_dags/example_time_delta_sensor_async.py for tasks to queue
[2026-03-09T19:10:28.645+0000] {logging_mixin.py:188} INFO - [2026-03-09T19:10:28.645+0000] {dagbag.py:545} INFO - Filling up the DagBag from /home/airflow/.local/lib/python3.12/site-packages/airflow/example_dags/example_time_delta_sensor_async.py
[2026-03-09T19:10:28.651+0000] {processor.py:840} INFO - DAG(s) 'example_time_delta_sensor_async' retrieved from /home/airflow/.local/lib/python3.12/site-packages/airflow/example_dags/example_time_delta_sensor_async.py
[2026-03-09T19:10:28.681+0000] {logging_mixin.py:188} INFO - [2026-03-09T19:10:28.680+0000] {dag.py:3096} INFO - Sync 1 DAGs
[2026-03-09T19:10:28.696+0000] {logging_mixin.py:188} INFO - [2026-03-09T19:10:28.696+0000] {dag.py:3954} INFO - Setting next_dagrun for example_time_delta_sensor_async to None, run_after=None
[2026-03-09T19:10:28.728+0000] {processor.py:183} INFO - Processing /home/airflow/.local/lib/python3.12/site-packages/airflow/example_dags/example_time_delta_sensor_async.py took 0.093 seconds
[2026-03-09T19:10:59.078+0000] {processor.py:161} INFO - Started process (PID=516) to work on /home/airflow/.local/lib/python3.12/site-packages/airflow/example_dags/example_time_delta_sensor_async.py
[2026-03-09T19:10:59.079+0000] {processor.py:830} INFO - Processing file /home/airflow/.local/lib/python3.12/site-packages/airflow/example_dags/example_time_delta_sensor_async.py for tasks to queue
[2026-03-09T19:10:59.082+0000] {logging_mixin.py:188} INFO - [2026-03-09T19:10:59.081+0000] {dagbag.py:545} INFO - Filling up the DagBag from /home/airflow/.local/lib/python3.12/site-packages/airflow/example_dags/example_time_delta_sensor_async.py
[2026-03-09T19:10:59.087+0000] {processor.py:840} INFO - DAG(s) 'example_time_delta_sensor_async' retrieved from /home/airflow/.local/lib/python3.12/site-packages/airflow/example_dags/example_time_delta_sensor_async.py
[2026-03-09T19:10:59.111+0000] {logging_mixin.py:188} INFO - [2026-03-09T19:10:59.110+0000] {dag.py:3096} INFO - Sync 1 DAGs
[2026-03-09T19:10:59.127+0000] {logging_mixin.py:188} INFO - [2026-03-09T19:10:59.127+0000] {dag.py:3954} INFO - Setting next_dagrun for example_time_delta_sensor_async to None, run_after=None
[2026-03-09T19:10:59.151+0000] {processor.py:183} INFO - Processing /home/airflow/.local/lib/python3.12/site-packages/airflow/example_dags/example_time_delta_sensor_async.py took 0.079 seconds
[2026-03-09T19:11:29.423+0000] {processor.py:161} INFO - Started process (PID=576) to work on /home/airflow/.local/lib/python3.12/site-packages/airflow/example_dags/example_time_delta_sensor_async.py
[2026-03-09T19:11:29.424+0000] {processor.py:830} INFO - Processing file /home/airflow/.local/lib/python3.12/site-packages/airflow/example_dags/example_time_delta_sensor_async.py for tasks to queue
[2026-03-09T19:11:29.427+0000] {logging_mixin.py:188} INFO - [2026-03-09T19:11:29.426+0000] {dagbag.py:545} INFO - Filling up the DagBag from /home/airflow/.local/lib/python3.12/site-packages/airflow/example_dags/example_time_delta_sensor_async.py
[2026-03-09T19:11:29.432+0000] {processor.py:840} INFO - DAG(s) 'example_time_delta_sensor_async' retrieved from /home/airflow/.local/lib/python3.12/site-packages/airflow/example_dags/example_time_delta_sensor_async.py
[2026-03-09T19:11:29.455+0000] {logging_mixin.py:188} INFO - [2026-03-09T19:11:29.454+0000] {dag.py:3096} INFO - Sync 1 DAGs
[2026-03-09T19:11:29.474+0000] {logging_mixin.py:188} INFO - [2026-03-09T19:11:29.473+0000] {dag.py:3954} INFO - Setting next_dagrun for example_time_delta_sensor_async to None, run_after=None
[2026-03-09T19:11:29.497+0000] {processor.py:183} INFO - Processing /home/airflow/.local/lib/python3.12/site-packages/airflow/example_dags/example_time_delta_sensor_async.py took 0.082 seconds
[2026-03-09T19:12:00.542+0000] {processor.py:161} INFO - Started process (PID=636) to work on /home/airflow/.local/lib/python3.12/site-packages/airflow/example_dags/example_time_delta_sensor_async.py
[2026-03-09T19:12:00.544+0000] {processor.py:830} INFO - Processing file /home/airflow/.local/lib/python3.12/site-packages/airflow/example_dags/example_time_delta_sensor_async.py for tasks to queue
[2026-03-09T19:12:00.546+0000] {logging_mixin.py:188} INFO - [2026-03-09T19:12:00.546+0000] {dagbag.py:545} INFO - Filling up the DagBag from /home/airflow/.local/lib/python3.12/site-packages/airflow/example_dags/example_time_delta_sensor_async.py
[2026-03-09T19:12:00.552+0000] {processor.py:840} INFO - DAG(s) 'example_time_delta_sensor_async' retrieved from /home/airflow/.local/lib/python3.12/site-packages/airflow/example_dags/example_time_delta_sensor_async.py
[2026-03-09T19:12:00.575+0000] {logging_mixin.py:188} INFO - [2026-03-09T19:12:00.575+0000] {dag.py:3096} INFO - Sync 1 DAGs
[2026-03-09T19:12:00.595+0000] {logging_mixin.py:188} INFO - [2026-03-09T19:12:00.595+0000] {dag.py:3954} INFO - Setting next_dagrun for example_time_delta_sensor_async to None, run_after=None
[2026-03-09T19:12:00.621+0000] {processor.py:183} INFO - Processing /home/airflow/.local/lib/python3.12/site-packages/airflow/example_dags/example_time_delta_sensor_async.py took 0.086 seconds
[2026-03-09T19:12:31.181+0000] {processor.py:161} INFO - Started process (PID=696) to work on /home/airflow/.local/lib/python3.12/site-packages/airflow/example_dags/example_time_delta_sensor_async.py
[2026-03-09T19:12:31.184+0000] {processor.py:830} INFO - Processing file /home/airflow/.local/lib/python3.12/site-packages/airflow/example_dags/example_time_delta_sensor_async.py for tasks to queue
[2026-03-09T19:12:31.186+0000] {logging_mixin.py:188} INFO - [2026-03-09T19:12:31.185+0000] {dagbag.py:545} INFO - Filling up the DagBag from /home/airflow/.local/lib/python3.12/site-packages/airflow/example_dags/example_time_delta_sensor_async.py
[2026-03-09T19:12:31.192+0000] {processor.py:840} INFO - DAG(s) 'example_time_delta_sensor_async' retrieved from /home/airflow/.local/lib/python3.12/site-packages/airflow/example_dags/example_time_delta_sensor_async.py
[2026-03-09T19:12:31.220+0000] {logging_mixin.py:188} INFO - [2026-03-09T19:12:31.220+0000] {dag.py:3096} INFO - Sync 1 DAGs
[2026-03-09T19:12:31.235+0000] {logging_mixin.py:188} INFO - [2026-03-09T19:12:31.235+0000] {dag.py:3954} INFO - Setting next_dagrun for example_time_delta_sensor_async to None, run_after=None
[2026-03-09T19:12:31.262+0000] {processor.py:183} INFO - Processing /home/airflow/.local/lib/python3.12/site-packages/airflow/example_dags/example_time_delta_sensor_async.py took 0.087 seconds
[2026-03-09T19:13:01.787+0000] {processor.py:161} INFO - Started process (PID=755) to work on /home/airflow/.local/lib/python3.12/site-packages/airflow/example_dags/example_time_delta_sensor_async.py
[2026-03-09T19:13:01.788+0000] {processor.py:830} INFO - Processing file /home/airflow/.local/lib/python3.12/site-packages/airflow/example_dags/example_time_delta_sensor_async.py for tasks to queue
[2026-03-09T19:13:01.793+0000] {logging_mixin.py:188} INFO - [2026-03-09T19:13:01.792+0000] {dagbag.py:545} INFO - Filling up the DagBag from /home/airflow/.local/lib/python3.12/site-packages/airflow/example_dags/example_time_delta_sensor_async.py
[2026-03-09T19:13:01.799+0000] {processor.py:840} INFO - DAG(s) 'example_time_delta_sensor_async' retrieved from /home/airflow/.local/lib/python3.12/site-packages/airflow/example_dags/example_time_delta_sensor_async.py
[2026-03-09T19:13:01.821+0000] {logging_mixin.py:188} INFO - [2026-03-09T19:13:01.821+0000] {dag.py:3096} INFO - Sync 1 DAGs
[2026-03-09T19:13:01.837+0000] {logging_mixin.py:188} INFO - [2026-03-09T19:13:01.836+0000] {dag.py:3954} INFO - Setting next_dagrun for example_time_delta_sensor_async to None, run_after=None
[2026-03-09T19:13:01.859+0000] {processor.py:183} INFO - Processing /home/airflow/.local/lib/python3.12/site-packages/airflow/example_dags/example_time_delta_sensor_async.py took 0.078 seconds
[2026-03-09T19:13:32.643+0000] {processor.py:161} INFO - Started process (PID=815) to work on /home/airflow/.local/lib/python3.12/site-packages/airflow/example_dags/example_time_delta_sensor_async.py
[2026-03-09T19:13:32.644+0000] {processor.py:830} INFO - Processing file /home/airflow/.local/lib/python3.12/site-packages/airflow/example_dags/example_time_delta_sensor_async.py for tasks to queue
[2026-03-09T19:13:32.647+0000] {logging_mixin.py:188} INFO - [2026-03-09T19:13:32.646+0000] {dagbag.py:545} INFO - Filling up the DagBag from /home/airflow/.local/lib/python3.12/site-packages/airflow/example_dags/example_time_delta_sensor_async.py
[2026-03-09T19:13:32.653+0000] {processor.py:840} INFO - DAG(s) 'example_time_delta_sensor_async' retrieved from /home/airflow/.local/lib/python3.12/site-packages/airflow/example_dags/example_time_delta_sensor_async.py
[2026-03-09T19:13:32.678+0000] {logging_mixin.py:188} INFO - [2026-03-09T19:13:32.678+0000] {dag.py:3096} INFO - Sync 1 DAGs
[2026-03-09T19:13:32.694+0000] {logging_mixin.py:188} INFO - [2026-03-09T19:13:32.694+0000] {dag.py:3954} INFO - Setting next_dagrun for example_time_delta_sensor_async to None, run_after=None
[2026-03-09T19:13:32.721+0000] {processor.py:183} INFO - Processing /home/airflow/.local/lib/python3.12/site-packages/airflow/example_dags/example_time_delta_sensor_async.py took 0.085 seconds
[2026-03-09T19:14:03.113+0000] {processor.py:161} INFO - Started process (PID=875) to work on /home/airflow/.local/lib/python3.12/site-packages/airflow/example_dags/example_time_delta_sensor_async.py
[2026-03-09T19:14:03.114+0000] {processor.py:830} INFO - Processing file /home/airflow/.local/lib/python3.12/site-packages/airflow/example_dags/example_time_delta_sensor_async.py for tasks to queue
[2026-03-09T19:14:03.117+0000] {logging_mixin.py:188} INFO - [2026-03-09T19:14:03.116+0000] {dagbag.py:545} INFO - Filling up the DagBag from /home/airflow/.local/lib/python3.12/site-packages/airflow/example_dags/example_time_delta_sensor_async.py
[2026-03-09T19:14:03.123+0000] {processor.py:840} INFO - DAG(s) 'example_time_delta_sensor_async' retrieved from /home/airflow/.local/lib/python3.12/site-packages/airflow/example_dags/example_time_delta_sensor_async.py
[2026-03-09T19:14:03.149+0000] {logging_mixin.py:188} INFO - [2026-03-09T19:14:03.149+0000] {dag.py:3096} INFO - Sync 1 DAGs
[2026-03-09T19:14:03.167+0000] {logging_mixin.py:188} INFO - [2026-03-09T19:14:03.166+0000] {dag.py:3954} INFO - Setting next_dagrun for example_time_delta_sensor_async to None, run_after=None
[2026-03-09T19:14:03.193+0000] {processor.py:183} INFO - Processing /home/airflow/.local/lib/python3.12/site-packages/airflow/example_dags/example_time_delta_sensor_async.py took 0.087 seconds
[2026-03-09T19:14:33.585+0000] {processor.py:161} INFO - Started process (PID=935) to work on /home/airflow/.local/lib/python3.12/site-packages/airflow/example_dags/example_time_delta_sensor_async.py
[2026-03-09T19:14:33.587+0000] {processor.py:830} INFO - Processing file /home/airflow/.local/lib/python3.12/site-packages/airflow/example_dags/example_time_delta_sensor_async.py for tasks to queue
[2026-03-09T19:14:33.590+0000] {logging_mixin.py:188} INFO - [2026-03-09T19:14:33.589+0000] {dagbag.py:545} INFO - Filling up the DagBag from /home/airflow/.local/lib/python3.12/site-packages/airflow/example_dags/example_time_delta_sensor_async.py
[2026-03-09T19:14:33.597+0000] {processor.py:840} INFO - DAG(s) 'example_time_delta_sensor_async' retrieved from /home/airflow/.local/lib/python3.12/site-packages/airflow/example_dags/example_time_delta_sensor_async.py
[2026-03-09T19:14:33.628+0000] {logging_mixin.py:188} INFO - [2026-03-09T19:14:33.628+0000] {dag.py:3096} INFO - Sync 1 DAGs
[2026-03-09T19:14:33.649+0000] {logging_mixin.py:188} INFO - [2026-03-09T19:14:33.649+0000] {dag.py:3954} INFO - Setting next_dagrun for example_time_delta_sensor_async to None, run_after=None
[2026-03-09T19:14:33.677+0000] {processor.py:183} INFO - Processing /home/airflow/.local/lib/python3.12/site-packages/airflow/example_dags/example_time_delta_sensor_async.py took 0.100 seconds
[2026-03-09T19:15:03.859+0000] {processor.py:161} INFO - Started process (PID=995) to work on /home/airflow/.local/lib/python3.12/site-packages/airflow/example_dags/example_time_delta_sensor_async.py
[2026-03-09T19:15:03.860+0000] {processor.py:830} INFO - Processing file /home/airflow/.local/lib/python3.12/site-packages/airflow/example_dags/example_time_delta_sensor_async.py for tasks to queue
[2026-03-09T19:15:03.863+0000] {logging_mixin.py:188} INFO - [2026-03-09T19:15:03.863+0000] {dagbag.py:545} INFO - Filling up the DagBag from /home/airflow/.local/lib/python3.12/site-packages/airflow/example_dags/example_time_delta_sensor_async.py
[2026-03-09T19:15:03.871+0000] {processor.py:840} INFO - DAG(s) 'example_time_delta_sensor_async' retrieved from /home/airflow/.local/lib/python3.12/site-packages/airflow/example_dags/example_time_delta_sensor_async.py
[2026-03-09T19:15:03.900+0000] {logging_mixin.py:188} INFO - [2026-03-09T19:15:03.899+0000] {dag.py:3096} INFO - Sync 1 DAGs
[2026-03-09T19:15:03.920+0000] {logging_mixin.py:188} INFO - [2026-03-09T19:15:03.919+0000] {dag.py:3954} INFO - Setting next_dagrun for example_time_delta_sensor_async to None, run_after=None
[2026-03-09T19:15:03.955+0000] {processor.py:183} INFO - Processing /home/airflow/.local/lib/python3.12/site-packages/airflow/example_dags/example_time_delta_sensor_async.py took 0.104 seconds
