[2026-03-09T19:04:46.660+0000] {processor.py:161} INFO - Started process (PID=83) to work on /home/airflow/.local/lib/python3.12/site-packages/airflow/example_dags/example_sla_dag.py
[2026-03-09T19:04:46.662+0000] {processor.py:830} INFO - Processing file /home/airflow/.local/lib/python3.12/site-packages/airflow/example_dags/example_sla_dag.py for tasks to queue
[2026-03-09T19:04:46.664+0000] {logging_mixin.py:188} INFO - [2026-03-09T19:04:46.664+0000] {dagbag.py:545} INFO - Filling up the DagBag from /home/airflow/.local/lib/python3.12/site-packages/airflow/example_dags/example_sla_dag.py
[2026-03-09T19:04:46.684+0000] {processor.py:840} INFO - DAG(s) 'example_sla_dag' retrieved from /home/airflow/.local/lib/python3.12/site-packages/airflow/example_dags/example_sla_dag.py
[2026-03-09T19:04:46.727+0000] {logging_mixin.py:188} INFO - [2026-03-09T19:04:46.726+0000] {dag.py:3096} INFO - Sync 1 DAGs
[2026-03-09T19:04:46.776+0000] {logging_mixin.py:188} INFO - [2026-03-09T19:04:46.776+0000] {dag.py:3954} INFO - Setting next_dagrun for example_sla_dag to 2026-03-09 19:02:00+00:00, run_after=2026-03-09 19:04:00+00:00
[2026-03-09T19:04:46.806+0000] {processor.py:183} INFO - Processing /home/airflow/.local/lib/python3.12/site-packages/airflow/example_dags/example_sla_dag.py took 0.154 seconds
[2026-03-09T19:05:17.076+0000] {processor.py:161} INFO - Started process (PID=141) to work on /home/airflow/.local/lib/python3.12/site-packages/airflow/example_dags/example_sla_dag.py
[2026-03-09T19:05:17.077+0000] {processor.py:830} INFO - Processing file /home/airflow/.local/lib/python3.12/site-packages/airflow/example_dags/example_sla_dag.py for tasks to queue
[2026-03-09T19:05:17.080+0000] {logging_mixin.py:188} INFO - [2026-03-09T19:05:17.080+0000] {dagbag.py:545} INFO - Filling up the DagBag from /home/airflow/.local/lib/python3.12/site-packages/airflow/example_dags/example_sla_dag.py
[2026-03-09T19:05:17.092+0000] {processor.py:840} INFO - DAG(s) 'example_sla_dag' retrieved from /home/airflow/.local/lib/python3.12/site-packages/airflow/example_dags/example_sla_dag.py
[2026-03-09T19:05:17.115+0000] {logging_mixin.py:188} INFO - [2026-03-09T19:05:17.114+0000] {dag.py:3096} INFO - Sync 1 DAGs
[2026-03-09T19:05:17.149+0000] {logging_mixin.py:188} INFO - [2026-03-09T19:05:17.149+0000] {dag.py:3954} INFO - Setting next_dagrun for example_sla_dag to 2026-03-09 19:02:00+00:00, run_after=2026-03-09 19:04:00+00:00
[2026-03-09T19:05:17.183+0000] {processor.py:183} INFO - Processing /home/airflow/.local/lib/python3.12/site-packages/airflow/example_dags/example_sla_dag.py took 0.113 seconds
[2026-03-09T19:05:47.625+0000] {processor.py:161} INFO - Started process (PID=199) to work on /home/airflow/.local/lib/python3.12/site-packages/airflow/example_dags/example_sla_dag.py
[2026-03-09T19:05:47.630+0000] {processor.py:830} INFO - Processing file /home/airflow/.local/lib/python3.12/site-packages/airflow/example_dags/example_sla_dag.py for tasks to queue
[2026-03-09T19:05:47.635+0000] {logging_mixin.py:188} INFO - [2026-03-09T19:05:47.634+0000] {dagbag.py:545} INFO - Filling up the DagBag from /home/airflow/.local/lib/python3.12/site-packages/airflow/example_dags/example_sla_dag.py
[2026-03-09T19:05:47.662+0000] {processor.py:840} INFO - DAG(s) 'example_sla_dag' retrieved from /home/airflow/.local/lib/python3.12/site-packages/airflow/example_dags/example_sla_dag.py
[2026-03-09T19:05:47.716+0000] {logging_mixin.py:188} INFO - [2026-03-09T19:05:47.715+0000] {dag.py:3096} INFO - Sync 1 DAGs
[2026-03-09T19:05:47.774+0000] {logging_mixin.py:188} INFO - [2026-03-09T19:05:47.774+0000] {dag.py:3954} INFO - Setting next_dagrun for example_sla_dag to 2026-03-09 19:02:00+00:00, run_after=2026-03-09 19:04:00+00:00
[2026-03-09T19:05:47.803+0000] {processor.py:183} INFO - Processing /home/airflow/.local/lib/python3.12/site-packages/airflow/example_dags/example_sla_dag.py took 0.196 seconds
[2026-03-09T19:06:17.951+0000] {processor.py:161} INFO - Started process (PID=257) to work on /home/airflow/.local/lib/python3.12/site-packages/airflow/example_dags/example_sla_dag.py
[2026-03-09T19:06:17.952+0000] {processor.py:830} INFO - Processing file /home/airflow/.local/lib/python3.12/site-packages/airflow/example_dags/example_sla_dag.py for tasks to queue
[2026-03-09T19:06:17.955+0000] {logging_mixin.py:188} INFO - [2026-03-09T19:06:17.954+0000] {dagbag.py:545} INFO - Filling up the DagBag from /home/airflow/.local/lib/python3.12/site-packages/airflow/example_dags/example_sla_dag.py
[2026-03-09T19:06:17.966+0000] {processor.py:840} INFO - DAG(s) 'example_sla_dag' retrieved from /home/airflow/.local/lib/python3.12/site-packages/airflow/example_dags/example_sla_dag.py
[2026-03-09T19:06:17.990+0000] {logging_mixin.py:188} INFO - [2026-03-09T19:06:17.989+0000] {dag.py:3096} INFO - Sync 1 DAGs
[2026-03-09T19:06:18.019+0000] {logging_mixin.py:188} INFO - [2026-03-09T19:06:18.019+0000] {dag.py:3954} INFO - Setting next_dagrun for example_sla_dag to 2026-03-09 19:04:00+00:00, run_after=2026-03-09 19:06:00+00:00
[2026-03-09T19:06:18.045+0000] {processor.py:183} INFO - Processing /home/airflow/.local/lib/python3.12/site-packages/airflow/example_dags/example_sla_dag.py took 0.101 seconds
[2026-03-09T19:07:22.969+0000] {processor.py:161} INFO - Started process (PID=81) to work on /home/airflow/.local/lib/python3.12/site-packages/airflow/example_dags/example_sla_dag.py
[2026-03-09T19:07:22.970+0000] {processor.py:830} INFO - Processing file /home/airflow/.local/lib/python3.12/site-packages/airflow/example_dags/example_sla_dag.py for tasks to queue
[2026-03-09T19:07:22.973+0000] {logging_mixin.py:188} INFO - [2026-03-09T19:07:22.973+0000] {dagbag.py:545} INFO - Filling up the DagBag from /home/airflow/.local/lib/python3.12/site-packages/airflow/example_dags/example_sla_dag.py
[2026-03-09T19:07:22.987+0000] {processor.py:840} INFO - DAG(s) 'example_sla_dag' retrieved from /home/airflow/.local/lib/python3.12/site-packages/airflow/example_dags/example_sla_dag.py
[2026-03-09T19:07:23.000+0000] {logging_mixin.py:188} INFO - [2026-03-09T19:07:23.000+0000] {dag.py:3096} INFO - Sync 1 DAGs
[2026-03-09T19:07:23.034+0000] {logging_mixin.py:188} INFO - [2026-03-09T19:07:23.033+0000] {dag.py:3954} INFO - Setting next_dagrun for example_sla_dag to 2026-03-09 19:04:00+00:00, run_after=2026-03-09 19:06:00+00:00
[2026-03-09T19:07:23.066+0000] {processor.py:183} INFO - Processing /home/airflow/.local/lib/python3.12/site-packages/airflow/example_dags/example_sla_dag.py took 0.104 seconds
[2026-03-09T19:07:53.434+0000] {processor.py:161} INFO - Started process (PID=141) to work on /home/airflow/.local/lib/python3.12/site-packages/airflow/example_dags/example_sla_dag.py
[2026-03-09T19:07:53.436+0000] {processor.py:830} INFO - Processing file /home/airflow/.local/lib/python3.12/site-packages/airflow/example_dags/example_sla_dag.py for tasks to queue
[2026-03-09T19:07:53.438+0000] {logging_mixin.py:188} INFO - [2026-03-09T19:07:53.438+0000] {dagbag.py:545} INFO - Filling up the DagBag from /home/airflow/.local/lib/python3.12/site-packages/airflow/example_dags/example_sla_dag.py
[2026-03-09T19:07:53.450+0000] {processor.py:840} INFO - DAG(s) 'example_sla_dag' retrieved from /home/airflow/.local/lib/python3.12/site-packages/airflow/example_dags/example_sla_dag.py
[2026-03-09T19:07:53.571+0000] {logging_mixin.py:188} INFO - [2026-03-09T19:07:53.570+0000] {dag.py:3096} INFO - Sync 1 DAGs
[2026-03-09T19:07:53.604+0000] {logging_mixin.py:188} INFO - [2026-03-09T19:07:53.604+0000] {dag.py:3954} INFO - Setting next_dagrun for example_sla_dag to 2026-03-09 19:04:00+00:00, run_after=2026-03-09 19:06:00+00:00
[2026-03-09T19:07:53.639+0000] {processor.py:183} INFO - Processing /home/airflow/.local/lib/python3.12/site-packages/airflow/example_dags/example_sla_dag.py took 0.211 seconds
[2026-03-09T19:08:23.975+0000] {processor.py:161} INFO - Started process (PID=201) to work on /home/airflow/.local/lib/python3.12/site-packages/airflow/example_dags/example_sla_dag.py
[2026-03-09T19:08:23.977+0000] {processor.py:830} INFO - Processing file /home/airflow/.local/lib/python3.12/site-packages/airflow/example_dags/example_sla_dag.py for tasks to queue
[2026-03-09T19:08:23.979+0000] {logging_mixin.py:188} INFO - [2026-03-09T19:08:23.979+0000] {dagbag.py:545} INFO - Filling up the DagBag from /home/airflow/.local/lib/python3.12/site-packages/airflow/example_dags/example_sla_dag.py
[2026-03-09T19:08:23.997+0000] {processor.py:840} INFO - DAG(s) 'example_sla_dag' retrieved from /home/airflow/.local/lib/python3.12/site-packages/airflow/example_dags/example_sla_dag.py
[2026-03-09T19:08:24.022+0000] {logging_mixin.py:188} INFO - [2026-03-09T19:08:24.022+0000] {dag.py:3096} INFO - Sync 1 DAGs
[2026-03-09T19:08:24.053+0000] {logging_mixin.py:188} INFO - [2026-03-09T19:08:24.053+0000] {dag.py:3954} INFO - Setting next_dagrun for example_sla_dag to 2026-03-09 19:06:00+00:00, run_after=2026-03-09 19:08:00+00:00
[2026-03-09T19:08:24.080+0000] {processor.py:183} INFO - Processing /home/airflow/.local/lib/python3.12/site-packages/airflow/example_dags/example_sla_dag.py took 0.111 seconds
[2026-03-09T19:08:54.768+0000] {processor.py:161} INFO - Started process (PID=261) to work on /home/airflow/.local/lib/python3.12/site-packages/airflow/example_dags/example_sla_dag.py
[2026-03-09T19:08:54.769+0000] {processor.py:830} INFO - Processing file /home/airflow/.local/lib/python3.12/site-packages/airflow/example_dags/example_sla_dag.py for tasks to queue
[2026-03-09T19:08:54.775+0000] {logging_mixin.py:188} INFO - [2026-03-09T19:08:54.775+0000] {dagbag.py:545} INFO - Filling up the DagBag from /home/airflow/.local/lib/python3.12/site-packages/airflow/example_dags/example_sla_dag.py
[2026-03-09T19:08:54.789+0000] {processor.py:840} INFO - DAG(s) 'example_sla_dag' retrieved from /home/airflow/.local/lib/python3.12/site-packages/airflow/example_dags/example_sla_dag.py
[2026-03-09T19:08:54.819+0000] {logging_mixin.py:188} INFO - [2026-03-09T19:08:54.818+0000] {dag.py:3096} INFO - Sync 1 DAGs
[2026-03-09T19:08:54.854+0000] {logging_mixin.py:188} INFO - [2026-03-09T19:08:54.853+0000] {dag.py:3954} INFO - Setting next_dagrun for example_sla_dag to 2026-03-09 19:06:00+00:00, run_after=2026-03-09 19:08:00+00:00
[2026-03-09T19:08:54.881+0000] {processor.py:183} INFO - Processing /home/airflow/.local/lib/python3.12/site-packages/airflow/example_dags/example_sla_dag.py took 0.119 seconds
[2026-03-09T19:09:25.506+0000] {processor.py:161} INFO - Started process (PID=321) to work on /home/airflow/.local/lib/python3.12/site-packages/airflow/example_dags/example_sla_dag.py
[2026-03-09T19:09:25.507+0000] {processor.py:830} INFO - Processing file /home/airflow/.local/lib/python3.12/site-packages/airflow/example_dags/example_sla_dag.py for tasks to queue
[2026-03-09T19:09:25.510+0000] {logging_mixin.py:188} INFO - [2026-03-09T19:09:25.509+0000] {dagbag.py:545} INFO - Filling up the DagBag from /home/airflow/.local/lib/python3.12/site-packages/airflow/example_dags/example_sla_dag.py
[2026-03-09T19:09:25.521+0000] {processor.py:840} INFO - DAG(s) 'example_sla_dag' retrieved from /home/airflow/.local/lib/python3.12/site-packages/airflow/example_dags/example_sla_dag.py
[2026-03-09T19:09:25.544+0000] {logging_mixin.py:188} INFO - [2026-03-09T19:09:25.543+0000] {dag.py:3096} INFO - Sync 1 DAGs
[2026-03-09T19:09:25.578+0000] {logging_mixin.py:188} INFO - [2026-03-09T19:09:25.578+0000] {dag.py:3954} INFO - Setting next_dagrun for example_sla_dag to 2026-03-09 19:06:00+00:00, run_after=2026-03-09 19:08:00+00:00
[2026-03-09T19:09:25.602+0000] {processor.py:183} INFO - Processing /home/airflow/.local/lib/python3.12/site-packages/airflow/example_dags/example_sla_dag.py took 0.102 seconds
[2026-03-09T19:09:56.053+0000] {processor.py:161} INFO - Started process (PID=381) to work on /home/airflow/.local/lib/python3.12/site-packages/airflow/example_dags/example_sla_dag.py
[2026-03-09T19:09:56.054+0000] {processor.py:830} INFO - Processing file /home/airflow/.local/lib/python3.12/site-packages/airflow/example_dags/example_sla_dag.py for tasks to queue
[2026-03-09T19:09:56.057+0000] {logging_mixin.py:188} INFO - [2026-03-09T19:09:56.056+0000] {dagbag.py:545} INFO - Filling up the DagBag from /home/airflow/.local/lib/python3.12/site-packages/airflow/example_dags/example_sla_dag.py
[2026-03-09T19:09:56.067+0000] {processor.py:840} INFO - DAG(s) 'example_sla_dag' retrieved from /home/airflow/.local/lib/python3.12/site-packages/airflow/example_dags/example_sla_dag.py
[2026-03-09T19:09:56.091+0000] {logging_mixin.py:188} INFO - [2026-03-09T19:09:56.091+0000] {dag.py:3096} INFO - Sync 1 DAGs
[2026-03-09T19:09:56.122+0000] {logging_mixin.py:188} INFO - [2026-03-09T19:09:56.121+0000] {dag.py:3954} INFO - Setting next_dagrun for example_sla_dag to 2026-03-09 19:06:00+00:00, run_after=2026-03-09 19:08:00+00:00
[2026-03-09T19:09:56.147+0000] {processor.py:183} INFO - Processing /home/airflow/.local/lib/python3.12/site-packages/airflow/example_dags/example_sla_dag.py took 0.101 seconds
[2026-03-09T19:10:26.537+0000] {processor.py:161} INFO - Started process (PID=441) to work on /home/airflow/.local/lib/python3.12/site-packages/airflow/example_dags/example_sla_dag.py
[2026-03-09T19:10:26.538+0000] {processor.py:830} INFO - Processing file /home/airflow/.local/lib/python3.12/site-packages/airflow/example_dags/example_sla_dag.py for tasks to queue
[2026-03-09T19:10:26.541+0000] {logging_mixin.py:188} INFO - [2026-03-09T19:10:26.540+0000] {dagbag.py:545} INFO - Filling up the DagBag from /home/airflow/.local/lib/python3.12/site-packages/airflow/example_dags/example_sla_dag.py
[2026-03-09T19:10:26.554+0000] {processor.py:840} INFO - DAG(s) 'example_sla_dag' retrieved from /home/airflow/.local/lib/python3.12/site-packages/airflow/example_dags/example_sla_dag.py
[2026-03-09T19:10:26.578+0000] {logging_mixin.py:188} INFO - [2026-03-09T19:10:26.577+0000] {dag.py:3096} INFO - Sync 1 DAGs
[2026-03-09T19:10:26.608+0000] {logging_mixin.py:188} INFO - [2026-03-09T19:10:26.608+0000] {dag.py:3954} INFO - Setting next_dagrun for example_sla_dag to 2026-03-09 19:08:00+00:00, run_after=2026-03-09 19:10:00+00:00
[2026-03-09T19:10:26.630+0000] {processor.py:183} INFO - Processing /home/airflow/.local/lib/python3.12/site-packages/airflow/example_dags/example_sla_dag.py took 0.100 seconds
[2026-03-09T19:10:56.999+0000] {processor.py:161} INFO - Started process (PID=501) to work on /home/airflow/.local/lib/python3.12/site-packages/airflow/example_dags/example_sla_dag.py
[2026-03-09T19:10:57.001+0000] {processor.py:830} INFO - Processing file /home/airflow/.local/lib/python3.12/site-packages/airflow/example_dags/example_sla_dag.py for tasks to queue
[2026-03-09T19:10:57.004+0000] {logging_mixin.py:188} INFO - [2026-03-09T19:10:57.003+0000] {dagbag.py:545} INFO - Filling up the DagBag from /home/airflow/.local/lib/python3.12/site-packages/airflow/example_dags/example_sla_dag.py
[2026-03-09T19:10:57.013+0000] {processor.py:840} INFO - DAG(s) 'example_sla_dag' retrieved from /home/airflow/.local/lib/python3.12/site-packages/airflow/example_dags/example_sla_dag.py
[2026-03-09T19:10:57.039+0000] {logging_mixin.py:188} INFO - [2026-03-09T19:10:57.039+0000] {dag.py:3096} INFO - Sync 1 DAGs
[2026-03-09T19:10:57.075+0000] {logging_mixin.py:188} INFO - [2026-03-09T19:10:57.074+0000] {dag.py:3954} INFO - Setting next_dagrun for example_sla_dag to 2026-03-09 19:08:00+00:00, run_after=2026-03-09 19:10:00+00:00
[2026-03-09T19:10:57.103+0000] {processor.py:183} INFO - Processing /home/airflow/.local/lib/python3.12/site-packages/airflow/example_dags/example_sla_dag.py took 0.110 seconds
[2026-03-09T19:11:27.441+0000] {processor.py:161} INFO - Started process (PID=561) to work on /home/airflow/.local/lib/python3.12/site-packages/airflow/example_dags/example_sla_dag.py
[2026-03-09T19:11:27.442+0000] {processor.py:830} INFO - Processing file /home/airflow/.local/lib/python3.12/site-packages/airflow/example_dags/example_sla_dag.py for tasks to queue
[2026-03-09T19:11:27.445+0000] {logging_mixin.py:188} INFO - [2026-03-09T19:11:27.444+0000] {dagbag.py:545} INFO - Filling up the DagBag from /home/airflow/.local/lib/python3.12/site-packages/airflow/example_dags/example_sla_dag.py
[2026-03-09T19:11:27.455+0000] {processor.py:840} INFO - DAG(s) 'example_sla_dag' retrieved from /home/airflow/.local/lib/python3.12/site-packages/airflow/example_dags/example_sla_dag.py
[2026-03-09T19:11:27.479+0000] {logging_mixin.py:188} INFO - [2026-03-09T19:11:27.479+0000] {dag.py:3096} INFO - Sync 1 DAGs
[2026-03-09T19:11:27.512+0000] {logging_mixin.py:188} INFO - [2026-03-09T19:11:27.512+0000] {dag.py:3954} INFO - Setting next_dagrun for example_sla_dag to 2026-03-09 19:08:00+00:00, run_after=2026-03-09 19:10:00+00:00
[2026-03-09T19:11:27.539+0000] {processor.py:183} INFO - Processing /home/airflow/.local/lib/python3.12/site-packages/airflow/example_dags/example_sla_dag.py took 0.104 seconds
[2026-03-09T19:11:58.454+0000] {processor.py:161} INFO - Started process (PID=621) to work on /home/airflow/.local/lib/python3.12/site-packages/airflow/example_dags/example_sla_dag.py
[2026-03-09T19:11:58.455+0000] {processor.py:830} INFO - Processing file /home/airflow/.local/lib/python3.12/site-packages/airflow/example_dags/example_sla_dag.py for tasks to queue
[2026-03-09T19:11:58.458+0000] {logging_mixin.py:188} INFO - [2026-03-09T19:11:58.458+0000] {dagbag.py:545} INFO - Filling up the DagBag from /home/airflow/.local/lib/python3.12/site-packages/airflow/example_dags/example_sla_dag.py
[2026-03-09T19:11:58.470+0000] {processor.py:840} INFO - DAG(s) 'example_sla_dag' retrieved from /home/airflow/.local/lib/python3.12/site-packages/airflow/example_dags/example_sla_dag.py
[2026-03-09T19:11:58.493+0000] {logging_mixin.py:188} INFO - [2026-03-09T19:11:58.492+0000] {dag.py:3096} INFO - Sync 1 DAGs
[2026-03-09T19:11:58.526+0000] {logging_mixin.py:188} INFO - [2026-03-09T19:11:58.525+0000] {dag.py:3954} INFO - Setting next_dagrun for example_sla_dag to 2026-03-09 19:08:00+00:00, run_after=2026-03-09 19:10:00+00:00
[2026-03-09T19:11:58.553+0000] {processor.py:183} INFO - Processing /home/airflow/.local/lib/python3.12/site-packages/airflow/example_dags/example_sla_dag.py took 0.105 seconds
[2026-03-09T19:12:29.099+0000] {processor.py:161} INFO - Started process (PID=681) to work on /home/airflow/.local/lib/python3.12/site-packages/airflow/example_dags/example_sla_dag.py
[2026-03-09T19:12:29.101+0000] {processor.py:830} INFO - Processing file /home/airflow/.local/lib/python3.12/site-packages/airflow/example_dags/example_sla_dag.py for tasks to queue
[2026-03-09T19:12:29.104+0000] {logging_mixin.py:188} INFO - [2026-03-09T19:12:29.103+0000] {dagbag.py:545} INFO - Filling up the DagBag from /home/airflow/.local/lib/python3.12/site-packages/airflow/example_dags/example_sla_dag.py
[2026-03-09T19:12:29.117+0000] {processor.py:840} INFO - DAG(s) 'example_sla_dag' retrieved from /home/airflow/.local/lib/python3.12/site-packages/airflow/example_dags/example_sla_dag.py
[2026-03-09T19:12:29.140+0000] {logging_mixin.py:188} INFO - [2026-03-09T19:12:29.140+0000] {dag.py:3096} INFO - Sync 1 DAGs
[2026-03-09T19:12:29.171+0000] {logging_mixin.py:188} INFO - [2026-03-09T19:12:29.170+0000] {dag.py:3954} INFO - Setting next_dagrun for example_sla_dag to 2026-03-09 19:10:00+00:00, run_after=2026-03-09 19:12:00+00:00
[2026-03-09T19:12:29.194+0000] {processor.py:183} INFO - Processing /home/airflow/.local/lib/python3.12/site-packages/airflow/example_dags/example_sla_dag.py took 0.101 seconds
[2026-03-09T19:12:59.737+0000] {processor.py:161} INFO - Started process (PID=740) to work on /home/airflow/.local/lib/python3.12/site-packages/airflow/example_dags/example_sla_dag.py
[2026-03-09T19:12:59.738+0000] {processor.py:830} INFO - Processing file /home/airflow/.local/lib/python3.12/site-packages/airflow/example_dags/example_sla_dag.py for tasks to queue
[2026-03-09T19:12:59.741+0000] {logging_mixin.py:188} INFO - [2026-03-09T19:12:59.741+0000] {dagbag.py:545} INFO - Filling up the DagBag from /home/airflow/.local/lib/python3.12/site-packages/airflow/example_dags/example_sla_dag.py
[2026-03-09T19:12:59.751+0000] {processor.py:840} INFO - DAG(s) 'example_sla_dag' retrieved from /home/airflow/.local/lib/python3.12/site-packages/airflow/example_dags/example_sla_dag.py
[2026-03-09T19:12:59.779+0000] {logging_mixin.py:188} INFO - [2026-03-09T19:12:59.779+0000] {dag.py:3096} INFO - Sync 1 DAGs
[2026-03-09T19:12:59.809+0000] {logging_mixin.py:188} INFO - [2026-03-09T19:12:59.809+0000] {dag.py:3954} INFO - Setting next_dagrun for example_sla_dag to 2026-03-09 19:10:00+00:00, run_after=2026-03-09 19:12:00+00:00
[2026-03-09T19:12:59.831+0000] {processor.py:183} INFO - Processing /home/airflow/.local/lib/python3.12/site-packages/airflow/example_dags/example_sla_dag.py took 0.100 seconds
[2026-03-09T19:13:30.439+0000] {processor.py:161} INFO - Started process (PID=800) to work on /home/airflow/.local/lib/python3.12/site-packages/airflow/example_dags/example_sla_dag.py
[2026-03-09T19:13:30.440+0000] {processor.py:830} INFO - Processing file /home/airflow/.local/lib/python3.12/site-packages/airflow/example_dags/example_sla_dag.py for tasks to queue
[2026-03-09T19:13:30.443+0000] {logging_mixin.py:188} INFO - [2026-03-09T19:13:30.442+0000] {dagbag.py:545} INFO - Filling up the DagBag from /home/airflow/.local/lib/python3.12/site-packages/airflow/example_dags/example_sla_dag.py
[2026-03-09T19:13:30.454+0000] {processor.py:840} INFO - DAG(s) 'example_sla_dag' retrieved from /home/airflow/.local/lib/python3.12/site-packages/airflow/example_dags/example_sla_dag.py
[2026-03-09T19:13:30.476+0000] {logging_mixin.py:188} INFO - [2026-03-09T19:13:30.476+0000] {dag.py:3096} INFO - Sync 1 DAGs
[2026-03-09T19:13:30.506+0000] {logging_mixin.py:188} INFO - [2026-03-09T19:13:30.506+0000] {dag.py:3954} INFO - Setting next_dagrun for example_sla_dag to 2026-03-09 19:10:00+00:00, run_after=2026-03-09 19:12:00+00:00
[2026-03-09T19:13:30.530+0000] {processor.py:183} INFO - Processing /home/airflow/.local/lib/python3.12/site-packages/airflow/example_dags/example_sla_dag.py took 0.098 seconds
[2026-03-09T19:14:00.735+0000] {processor.py:161} INFO - Started process (PID=860) to work on /home/airflow/.local/lib/python3.12/site-packages/airflow/example_dags/example_sla_dag.py
[2026-03-09T19:14:00.736+0000] {processor.py:830} INFO - Processing file /home/airflow/.local/lib/python3.12/site-packages/airflow/example_dags/example_sla_dag.py for tasks to queue
[2026-03-09T19:14:00.739+0000] {logging_mixin.py:188} INFO - [2026-03-09T19:14:00.738+0000] {dagbag.py:545} INFO - Filling up the DagBag from /home/airflow/.local/lib/python3.12/site-packages/airflow/example_dags/example_sla_dag.py
[2026-03-09T19:14:00.749+0000] {processor.py:840} INFO - DAG(s) 'example_sla_dag' retrieved from /home/airflow/.local/lib/python3.12/site-packages/airflow/example_dags/example_sla_dag.py
[2026-03-09T19:14:00.772+0000] {logging_mixin.py:188} INFO - [2026-03-09T19:14:00.771+0000] {dag.py:3096} INFO - Sync 1 DAGs
[2026-03-09T19:14:00.809+0000] {logging_mixin.py:188} INFO - [2026-03-09T19:14:00.809+0000] {dag.py:3954} INFO - Setting next_dagrun for example_sla_dag to 2026-03-09 19:12:00+00:00, run_after=2026-03-09 19:14:00+00:00
[2026-03-09T19:14:00.842+0000] {processor.py:183} INFO - Processing /home/airflow/.local/lib/python3.12/site-packages/airflow/example_dags/example_sla_dag.py took 0.114 seconds
[2026-03-09T19:14:31.132+0000] {processor.py:161} INFO - Started process (PID=918) to work on /home/airflow/.local/lib/python3.12/site-packages/airflow/example_dags/example_sla_dag.py
[2026-03-09T19:14:31.134+0000] {processor.py:830} INFO - Processing file /home/airflow/.local/lib/python3.12/site-packages/airflow/example_dags/example_sla_dag.py for tasks to queue
[2026-03-09T19:14:31.138+0000] {logging_mixin.py:188} INFO - [2026-03-09T19:14:31.137+0000] {dagbag.py:545} INFO - Filling up the DagBag from /home/airflow/.local/lib/python3.12/site-packages/airflow/example_dags/example_sla_dag.py
[2026-03-09T19:14:31.151+0000] {processor.py:840} INFO - DAG(s) 'example_sla_dag' retrieved from /home/airflow/.local/lib/python3.12/site-packages/airflow/example_dags/example_sla_dag.py
[2026-03-09T19:14:31.181+0000] {logging_mixin.py:188} INFO - [2026-03-09T19:14:31.180+0000] {dag.py:3096} INFO - Sync 1 DAGs
[2026-03-09T19:14:31.221+0000] {logging_mixin.py:188} INFO - [2026-03-09T19:14:31.221+0000] {dag.py:3954} INFO - Setting next_dagrun for example_sla_dag to 2026-03-09 19:12:00+00:00, run_after=2026-03-09 19:14:00+00:00
[2026-03-09T19:14:31.247+0000] {processor.py:183} INFO - Processing /home/airflow/.local/lib/python3.12/site-packages/airflow/example_dags/example_sla_dag.py took 0.122 seconds
[2026-03-09T19:15:01.417+0000] {processor.py:161} INFO - Started process (PID=978) to work on /home/airflow/.local/lib/python3.12/site-packages/airflow/example_dags/example_sla_dag.py
[2026-03-09T19:15:01.418+0000] {processor.py:830} INFO - Processing file /home/airflow/.local/lib/python3.12/site-packages/airflow/example_dags/example_sla_dag.py for tasks to queue
[2026-03-09T19:15:01.421+0000] {logging_mixin.py:188} INFO - [2026-03-09T19:15:01.420+0000] {dagbag.py:545} INFO - Filling up the DagBag from /home/airflow/.local/lib/python3.12/site-packages/airflow/example_dags/example_sla_dag.py
[2026-03-09T19:15:01.432+0000] {processor.py:840} INFO - DAG(s) 'example_sla_dag' retrieved from /home/airflow/.local/lib/python3.12/site-packages/airflow/example_dags/example_sla_dag.py
[2026-03-09T19:15:01.453+0000] {logging_mixin.py:188} INFO - [2026-03-09T19:15:01.452+0000] {dag.py:3096} INFO - Sync 1 DAGs
[2026-03-09T19:15:01.489+0000] {logging_mixin.py:188} INFO - [2026-03-09T19:15:01.489+0000] {dag.py:3954} INFO - Setting next_dagrun for example_sla_dag to 2026-03-09 19:12:00+00:00, run_after=2026-03-09 19:14:00+00:00
[2026-03-09T19:15:01.518+0000] {processor.py:183} INFO - Processing /home/airflow/.local/lib/python3.12/site-packages/airflow/example_dags/example_sla_dag.py took 0.108 seconds
