[2026-03-09T19:04:47.288+0000] {processor.py:161} INFO - Started process (PID=89) to work on /home/airflow/.local/lib/python3.12/site-packages/airflow/example_dags/example_subdag_operator.py
[2026-03-09T19:04:47.290+0000] {processor.py:830} INFO - Processing file /home/airflow/.local/lib/python3.12/site-packages/airflow/example_dags/example_subdag_operator.py for tasks to queue
[2026-03-09T19:04:47.293+0000] {logging_mixin.py:188} INFO - [2026-03-09T19:04:47.293+0000] {dagbag.py:545} INFO - Filling up the DagBag from /home/airflow/.local/lib/python3.12/site-packages/airflow/example_dags/example_subdag_operator.py
[2026-03-09T19:04:47.331+0000] {processor.py:840} INFO - DAG(s) 'example_subdag_operator.section-1', 'example_subdag_operator.section-2', 'example_subdag_operator' retrieved from /home/airflow/.local/lib/python3.12/site-packages/airflow/example_dags/example_subdag_operator.py
[2026-03-09T19:04:47.361+0000] {logging_mixin.py:188} INFO - [2026-03-09T19:04:47.360+0000] {dag.py:3096} INFO - Sync 3 DAGs
[2026-03-09T19:04:47.397+0000] {logging_mixin.py:188} INFO - [2026-03-09T19:04:47.397+0000] {dag.py:3954} INFO - Setting next_dagrun for example_subdag_operator to 2022-01-01 00:00:00+00:00, run_after=2022-01-01 00:00:00+00:00
[2026-03-09T19:04:47.403+0000] {logging_mixin.py:188} INFO - [2026-03-09T19:04:47.402+0000] {dag.py:3954} INFO - Setting next_dagrun for example_subdag_operator.section-1 to None, run_after=None
[2026-03-09T19:04:47.405+0000] {logging_mixin.py:188} INFO - [2026-03-09T19:04:47.405+0000] {dag.py:3954} INFO - Setting next_dagrun for example_subdag_operator.section-2 to None, run_after=None
[2026-03-09T19:04:47.415+0000] {logging_mixin.py:188} INFO - [2026-03-09T19:04:47.415+0000] {dag.py:3096} INFO - Sync 2 DAGs
[2026-03-09T19:04:47.424+0000] {logging_mixin.py:188} INFO - [2026-03-09T19:04:47.423+0000] {dag.py:3954} INFO - Setting next_dagrun for example_subdag_operator.section-1 to None, run_after=None
[2026-03-09T19:04:47.425+0000] {logging_mixin.py:188} INFO - [2026-03-09T19:04:47.425+0000] {dag.py:3954} INFO - Setting next_dagrun for example_subdag_operator.section-2 to None, run_after=None
[2026-03-09T19:04:47.444+0000] {processor.py:183} INFO - Processing /home/airflow/.local/lib/python3.12/site-packages/airflow/example_dags/example_subdag_operator.py took 0.164 seconds
[2026-03-09T19:05:17.484+0000] {processor.py:161} INFO - Started process (PID=147) to work on /home/airflow/.local/lib/python3.12/site-packages/airflow/example_dags/example_subdag_operator.py
[2026-03-09T19:05:17.486+0000] {processor.py:830} INFO - Processing file /home/airflow/.local/lib/python3.12/site-packages/airflow/example_dags/example_subdag_operator.py for tasks to queue
[2026-03-09T19:05:17.488+0000] {logging_mixin.py:188} INFO - [2026-03-09T19:05:17.488+0000] {dagbag.py:545} INFO - Filling up the DagBag from /home/airflow/.local/lib/python3.12/site-packages/airflow/example_dags/example_subdag_operator.py
[2026-03-09T19:05:17.521+0000] {processor.py:840} INFO - DAG(s) 'example_subdag_operator.section-1', 'example_subdag_operator.section-2', 'example_subdag_operator' retrieved from /home/airflow/.local/lib/python3.12/site-packages/airflow/example_dags/example_subdag_operator.py
[2026-03-09T19:05:17.547+0000] {logging_mixin.py:188} INFO - [2026-03-09T19:05:17.546+0000] {dag.py:3096} INFO - Sync 3 DAGs
[2026-03-09T19:05:17.581+0000] {logging_mixin.py:188} INFO - [2026-03-09T19:05:17.581+0000] {dag.py:3954} INFO - Setting next_dagrun for example_subdag_operator to 2022-01-01 00:00:00+00:00, run_after=2022-01-01 00:00:00+00:00
[2026-03-09T19:05:17.587+0000] {logging_mixin.py:188} INFO - [2026-03-09T19:05:17.587+0000] {dag.py:3954} INFO - Setting next_dagrun for example_subdag_operator.section-1 to None, run_after=None
[2026-03-09T19:05:17.590+0000] {logging_mixin.py:188} INFO - [2026-03-09T19:05:17.589+0000] {dag.py:3954} INFO - Setting next_dagrun for example_subdag_operator.section-2 to None, run_after=None
[2026-03-09T19:05:17.602+0000] {logging_mixin.py:188} INFO - [2026-03-09T19:05:17.602+0000] {dag.py:3096} INFO - Sync 2 DAGs
[2026-03-09T19:05:17.609+0000] {logging_mixin.py:188} INFO - [2026-03-09T19:05:17.609+0000] {dag.py:3954} INFO - Setting next_dagrun for example_subdag_operator.section-1 to None, run_after=None
[2026-03-09T19:05:17.610+0000] {logging_mixin.py:188} INFO - [2026-03-09T19:05:17.610+0000] {dag.py:3954} INFO - Setting next_dagrun for example_subdag_operator.section-2 to None, run_after=None
[2026-03-09T19:05:17.630+0000] {processor.py:183} INFO - Processing /home/airflow/.local/lib/python3.12/site-packages/airflow/example_dags/example_subdag_operator.py took 0.153 seconds
[2026-03-09T19:05:48.188+0000] {processor.py:161} INFO - Started process (PID=205) to work on /home/airflow/.local/lib/python3.12/site-packages/airflow/example_dags/example_subdag_operator.py
[2026-03-09T19:05:48.189+0000] {processor.py:830} INFO - Processing file /home/airflow/.local/lib/python3.12/site-packages/airflow/example_dags/example_subdag_operator.py for tasks to queue
[2026-03-09T19:05:48.192+0000] {logging_mixin.py:188} INFO - [2026-03-09T19:05:48.191+0000] {dagbag.py:545} INFO - Filling up the DagBag from /home/airflow/.local/lib/python3.12/site-packages/airflow/example_dags/example_subdag_operator.py
[2026-03-09T19:05:48.220+0000] {processor.py:840} INFO - DAG(s) 'example_subdag_operator.section-1', 'example_subdag_operator.section-2', 'example_subdag_operator' retrieved from /home/airflow/.local/lib/python3.12/site-packages/airflow/example_dags/example_subdag_operator.py
[2026-03-09T19:05:48.239+0000] {logging_mixin.py:188} INFO - [2026-03-09T19:05:48.239+0000] {dag.py:3096} INFO - Sync 3 DAGs
[2026-03-09T19:05:48.276+0000] {logging_mixin.py:188} INFO - [2026-03-09T19:05:48.275+0000] {dag.py:3954} INFO - Setting next_dagrun for example_subdag_operator to 2022-01-01 00:00:00+00:00, run_after=2022-01-01 00:00:00+00:00
[2026-03-09T19:05:48.283+0000] {logging_mixin.py:188} INFO - [2026-03-09T19:05:48.283+0000] {dag.py:3954} INFO - Setting next_dagrun for example_subdag_operator.section-1 to None, run_after=None
[2026-03-09T19:05:48.287+0000] {logging_mixin.py:188} INFO - [2026-03-09T19:05:48.287+0000] {dag.py:3954} INFO - Setting next_dagrun for example_subdag_operator.section-2 to None, run_after=None
[2026-03-09T19:05:48.300+0000] {logging_mixin.py:188} INFO - [2026-03-09T19:05:48.300+0000] {dag.py:3096} INFO - Sync 2 DAGs
[2026-03-09T19:05:48.308+0000] {logging_mixin.py:188} INFO - [2026-03-09T19:05:48.307+0000] {dag.py:3954} INFO - Setting next_dagrun for example_subdag_operator.section-1 to None, run_after=None
[2026-03-09T19:05:48.308+0000] {logging_mixin.py:188} INFO - [2026-03-09T19:05:48.308+0000] {dag.py:3954} INFO - Setting next_dagrun for example_subdag_operator.section-2 to None, run_after=None
[2026-03-09T19:05:48.323+0000] {processor.py:183} INFO - Processing /home/airflow/.local/lib/python3.12/site-packages/airflow/example_dags/example_subdag_operator.py took 0.142 seconds
[2026-03-09T19:06:18.675+0000] {processor.py:161} INFO - Started process (PID=263) to work on /home/airflow/.local/lib/python3.12/site-packages/airflow/example_dags/example_subdag_operator.py
[2026-03-09T19:06:18.677+0000] {processor.py:830} INFO - Processing file /home/airflow/.local/lib/python3.12/site-packages/airflow/example_dags/example_subdag_operator.py for tasks to queue
[2026-03-09T19:06:18.681+0000] {logging_mixin.py:188} INFO - [2026-03-09T19:06:18.680+0000] {dagbag.py:545} INFO - Filling up the DagBag from /home/airflow/.local/lib/python3.12/site-packages/airflow/example_dags/example_subdag_operator.py
[2026-03-09T19:06:18.727+0000] {processor.py:840} INFO - DAG(s) 'example_subdag_operator.section-1', 'example_subdag_operator.section-2', 'example_subdag_operator' retrieved from /home/airflow/.local/lib/python3.12/site-packages/airflow/example_dags/example_subdag_operator.py
[2026-03-09T19:06:18.753+0000] {logging_mixin.py:188} INFO - [2026-03-09T19:06:18.752+0000] {dag.py:3096} INFO - Sync 3 DAGs
[2026-03-09T19:06:18.796+0000] {logging_mixin.py:188} INFO - [2026-03-09T19:06:18.795+0000] {dag.py:3954} INFO - Setting next_dagrun for example_subdag_operator to 2022-01-01 00:00:00+00:00, run_after=2022-01-01 00:00:00+00:00
[2026-03-09T19:06:18.802+0000] {logging_mixin.py:188} INFO - [2026-03-09T19:06:18.802+0000] {dag.py:3954} INFO - Setting next_dagrun for example_subdag_operator.section-1 to None, run_after=None
[2026-03-09T19:06:18.804+0000] {logging_mixin.py:188} INFO - [2026-03-09T19:06:18.804+0000] {dag.py:3954} INFO - Setting next_dagrun for example_subdag_operator.section-2 to None, run_after=None
[2026-03-09T19:06:18.816+0000] {logging_mixin.py:188} INFO - [2026-03-09T19:06:18.816+0000] {dag.py:3096} INFO - Sync 2 DAGs
[2026-03-09T19:06:18.826+0000] {logging_mixin.py:188} INFO - [2026-03-09T19:06:18.826+0000] {dag.py:3954} INFO - Setting next_dagrun for example_subdag_operator.section-1 to None, run_after=None
[2026-03-09T19:06:18.827+0000] {logging_mixin.py:188} INFO - [2026-03-09T19:06:18.827+0000] {dag.py:3954} INFO - Setting next_dagrun for example_subdag_operator.section-2 to None, run_after=None
[2026-03-09T19:06:18.848+0000] {processor.py:183} INFO - Processing /home/airflow/.local/lib/python3.12/site-packages/airflow/example_dags/example_subdag_operator.py took 0.183 seconds
[2026-03-09T19:07:23.442+0000] {processor.py:161} INFO - Started process (PID=87) to work on /home/airflow/.local/lib/python3.12/site-packages/airflow/example_dags/example_subdag_operator.py
[2026-03-09T19:07:23.443+0000] {processor.py:830} INFO - Processing file /home/airflow/.local/lib/python3.12/site-packages/airflow/example_dags/example_subdag_operator.py for tasks to queue
[2026-03-09T19:07:23.446+0000] {logging_mixin.py:188} INFO - [2026-03-09T19:07:23.445+0000] {dagbag.py:545} INFO - Filling up the DagBag from /home/airflow/.local/lib/python3.12/site-packages/airflow/example_dags/example_subdag_operator.py
[2026-03-09T19:07:23.475+0000] {processor.py:840} INFO - DAG(s) 'example_subdag_operator.section-1', 'example_subdag_operator.section-2', 'example_subdag_operator' retrieved from /home/airflow/.local/lib/python3.12/site-packages/airflow/example_dags/example_subdag_operator.py
[2026-03-09T19:07:23.479+0000] {logging_mixin.py:188} INFO - [2026-03-09T19:07:23.479+0000] {dag.py:3096} INFO - Sync 3 DAGs
[2026-03-09T19:07:23.507+0000] {logging_mixin.py:188} INFO - [2026-03-09T19:07:23.507+0000] {dag.py:3954} INFO - Setting next_dagrun for example_subdag_operator to 2022-01-01 00:00:00+00:00, run_after=2022-01-01 00:00:00+00:00
[2026-03-09T19:07:23.512+0000] {logging_mixin.py:188} INFO - [2026-03-09T19:07:23.512+0000] {dag.py:3954} INFO - Setting next_dagrun for example_subdag_operator.section-1 to None, run_after=None
[2026-03-09T19:07:23.514+0000] {logging_mixin.py:188} INFO - [2026-03-09T19:07:23.514+0000] {dag.py:3954} INFO - Setting next_dagrun for example_subdag_operator.section-2 to None, run_after=None
[2026-03-09T19:07:23.523+0000] {logging_mixin.py:188} INFO - [2026-03-09T19:07:23.523+0000] {dag.py:3096} INFO - Sync 2 DAGs
[2026-03-09T19:07:23.529+0000] {logging_mixin.py:188} INFO - [2026-03-09T19:07:23.529+0000] {dag.py:3954} INFO - Setting next_dagrun for example_subdag_operator.section-1 to None, run_after=None
[2026-03-09T19:07:23.530+0000] {logging_mixin.py:188} INFO - [2026-03-09T19:07:23.530+0000] {dag.py:3954} INFO - Setting next_dagrun for example_subdag_operator.section-2 to None, run_after=None
[2026-03-09T19:07:23.548+0000] {processor.py:183} INFO - Processing /home/airflow/.local/lib/python3.12/site-packages/airflow/example_dags/example_subdag_operator.py took 0.112 seconds
[2026-03-09T19:07:54.142+0000] {processor.py:161} INFO - Started process (PID=147) to work on /home/airflow/.local/lib/python3.12/site-packages/airflow/example_dags/example_subdag_operator.py
[2026-03-09T19:07:54.143+0000] {processor.py:830} INFO - Processing file /home/airflow/.local/lib/python3.12/site-packages/airflow/example_dags/example_subdag_operator.py for tasks to queue
[2026-03-09T19:07:54.146+0000] {logging_mixin.py:188} INFO - [2026-03-09T19:07:54.146+0000] {dagbag.py:545} INFO - Filling up the DagBag from /home/airflow/.local/lib/python3.12/site-packages/airflow/example_dags/example_subdag_operator.py
[2026-03-09T19:07:54.174+0000] {processor.py:840} INFO - DAG(s) 'example_subdag_operator.section-1', 'example_subdag_operator.section-2', 'example_subdag_operator' retrieved from /home/airflow/.local/lib/python3.12/site-packages/airflow/example_dags/example_subdag_operator.py
[2026-03-09T19:07:54.293+0000] {logging_mixin.py:188} INFO - [2026-03-09T19:07:54.293+0000] {dag.py:3096} INFO - Sync 3 DAGs
[2026-03-09T19:07:54.332+0000] {logging_mixin.py:188} INFO - [2026-03-09T19:07:54.331+0000] {dag.py:3954} INFO - Setting next_dagrun for example_subdag_operator to 2022-01-01 00:00:00+00:00, run_after=2022-01-01 00:00:00+00:00
[2026-03-09T19:07:54.341+0000] {logging_mixin.py:188} INFO - [2026-03-09T19:07:54.341+0000] {dag.py:3954} INFO - Setting next_dagrun for example_subdag_operator.section-1 to None, run_after=None
[2026-03-09T19:07:54.346+0000] {logging_mixin.py:188} INFO - [2026-03-09T19:07:54.346+0000] {dag.py:3954} INFO - Setting next_dagrun for example_subdag_operator.section-2 to None, run_after=None
[2026-03-09T19:07:54.365+0000] {logging_mixin.py:188} INFO - [2026-03-09T19:07:54.364+0000] {dag.py:3096} INFO - Sync 2 DAGs
[2026-03-09T19:07:54.374+0000] {logging_mixin.py:188} INFO - [2026-03-09T19:07:54.374+0000] {dag.py:3954} INFO - Setting next_dagrun for example_subdag_operator.section-1 to None, run_after=None
[2026-03-09T19:07:54.375+0000] {logging_mixin.py:188} INFO - [2026-03-09T19:07:54.375+0000] {dag.py:3954} INFO - Setting next_dagrun for example_subdag_operator.section-2 to None, run_after=None
[2026-03-09T19:07:54.397+0000] {processor.py:183} INFO - Processing /home/airflow/.local/lib/python3.12/site-packages/airflow/example_dags/example_subdag_operator.py took 0.262 seconds
[2026-03-09T19:08:24.488+0000] {processor.py:161} INFO - Started process (PID=207) to work on /home/airflow/.local/lib/python3.12/site-packages/airflow/example_dags/example_subdag_operator.py
[2026-03-09T19:08:24.489+0000] {processor.py:830} INFO - Processing file /home/airflow/.local/lib/python3.12/site-packages/airflow/example_dags/example_subdag_operator.py for tasks to queue
[2026-03-09T19:08:24.493+0000] {logging_mixin.py:188} INFO - [2026-03-09T19:08:24.492+0000] {dagbag.py:545} INFO - Filling up the DagBag from /home/airflow/.local/lib/python3.12/site-packages/airflow/example_dags/example_subdag_operator.py
[2026-03-09T19:08:24.523+0000] {processor.py:840} INFO - DAG(s) 'example_subdag_operator.section-1', 'example_subdag_operator.section-2', 'example_subdag_operator' retrieved from /home/airflow/.local/lib/python3.12/site-packages/airflow/example_dags/example_subdag_operator.py
[2026-03-09T19:08:24.543+0000] {logging_mixin.py:188} INFO - [2026-03-09T19:08:24.543+0000] {dag.py:3096} INFO - Sync 3 DAGs
[2026-03-09T19:08:24.572+0000] {logging_mixin.py:188} INFO - [2026-03-09T19:08:24.571+0000] {dag.py:3954} INFO - Setting next_dagrun for example_subdag_operator to 2022-01-01 00:00:00+00:00, run_after=2022-01-01 00:00:00+00:00
[2026-03-09T19:08:24.577+0000] {logging_mixin.py:188} INFO - [2026-03-09T19:08:24.577+0000] {dag.py:3954} INFO - Setting next_dagrun for example_subdag_operator.section-1 to None, run_after=None
[2026-03-09T19:08:24.579+0000] {logging_mixin.py:188} INFO - [2026-03-09T19:08:24.579+0000] {dag.py:3954} INFO - Setting next_dagrun for example_subdag_operator.section-2 to None, run_after=None
[2026-03-09T19:08:24.590+0000] {logging_mixin.py:188} INFO - [2026-03-09T19:08:24.590+0000] {dag.py:3096} INFO - Sync 2 DAGs
[2026-03-09T19:08:24.597+0000] {logging_mixin.py:188} INFO - [2026-03-09T19:08:24.597+0000] {dag.py:3954} INFO - Setting next_dagrun for example_subdag_operator.section-1 to None, run_after=None
[2026-03-09T19:08:24.598+0000] {logging_mixin.py:188} INFO - [2026-03-09T19:08:24.597+0000] {dag.py:3954} INFO - Setting next_dagrun for example_subdag_operator.section-2 to None, run_after=None
[2026-03-09T19:08:24.614+0000] {processor.py:183} INFO - Processing /home/airflow/.local/lib/python3.12/site-packages/airflow/example_dags/example_subdag_operator.py took 0.134 seconds
[2026-03-09T19:08:55.246+0000] {processor.py:161} INFO - Started process (PID=267) to work on /home/airflow/.local/lib/python3.12/site-packages/airflow/example_dags/example_subdag_operator.py
[2026-03-09T19:08:55.248+0000] {processor.py:830} INFO - Processing file /home/airflow/.local/lib/python3.12/site-packages/airflow/example_dags/example_subdag_operator.py for tasks to queue
[2026-03-09T19:08:55.251+0000] {logging_mixin.py:188} INFO - [2026-03-09T19:08:55.251+0000] {dagbag.py:545} INFO - Filling up the DagBag from /home/airflow/.local/lib/python3.12/site-packages/airflow/example_dags/example_subdag_operator.py
[2026-03-09T19:08:55.279+0000] {processor.py:840} INFO - DAG(s) 'example_subdag_operator.section-1', 'example_subdag_operator.section-2', 'example_subdag_operator' retrieved from /home/airflow/.local/lib/python3.12/site-packages/airflow/example_dags/example_subdag_operator.py
[2026-03-09T19:08:55.297+0000] {logging_mixin.py:188} INFO - [2026-03-09T19:08:55.297+0000] {dag.py:3096} INFO - Sync 3 DAGs
[2026-03-09T19:08:55.324+0000] {logging_mixin.py:188} INFO - [2026-03-09T19:08:55.323+0000] {dag.py:3954} INFO - Setting next_dagrun for example_subdag_operator to 2022-01-01 00:00:00+00:00, run_after=2022-01-01 00:00:00+00:00
[2026-03-09T19:08:55.328+0000] {logging_mixin.py:188} INFO - [2026-03-09T19:08:55.328+0000] {dag.py:3954} INFO - Setting next_dagrun for example_subdag_operator.section-1 to None, run_after=None
[2026-03-09T19:08:55.331+0000] {logging_mixin.py:188} INFO - [2026-03-09T19:08:55.330+0000] {dag.py:3954} INFO - Setting next_dagrun for example_subdag_operator.section-2 to None, run_after=None
[2026-03-09T19:08:55.339+0000] {logging_mixin.py:188} INFO - [2026-03-09T19:08:55.339+0000] {dag.py:3096} INFO - Sync 2 DAGs
[2026-03-09T19:08:55.346+0000] {logging_mixin.py:188} INFO - [2026-03-09T19:08:55.346+0000] {dag.py:3954} INFO - Setting next_dagrun for example_subdag_operator.section-1 to None, run_after=None
[2026-03-09T19:08:55.347+0000] {logging_mixin.py:188} INFO - [2026-03-09T19:08:55.347+0000] {dag.py:3954} INFO - Setting next_dagrun for example_subdag_operator.section-2 to None, run_after=None
[2026-03-09T19:08:55.362+0000] {processor.py:183} INFO - Processing /home/airflow/.local/lib/python3.12/site-packages/airflow/example_dags/example_subdag_operator.py took 0.124 seconds
[2026-03-09T19:09:25.908+0000] {processor.py:161} INFO - Started process (PID=327) to work on /home/airflow/.local/lib/python3.12/site-packages/airflow/example_dags/example_subdag_operator.py
[2026-03-09T19:09:25.909+0000] {processor.py:830} INFO - Processing file /home/airflow/.local/lib/python3.12/site-packages/airflow/example_dags/example_subdag_operator.py for tasks to queue
[2026-03-09T19:09:25.912+0000] {logging_mixin.py:188} INFO - [2026-03-09T19:09:25.912+0000] {dagbag.py:545} INFO - Filling up the DagBag from /home/airflow/.local/lib/python3.12/site-packages/airflow/example_dags/example_subdag_operator.py
[2026-03-09T19:09:25.949+0000] {processor.py:840} INFO - DAG(s) 'example_subdag_operator.section-1', 'example_subdag_operator.section-2', 'example_subdag_operator' retrieved from /home/airflow/.local/lib/python3.12/site-packages/airflow/example_dags/example_subdag_operator.py
[2026-03-09T19:09:25.969+0000] {logging_mixin.py:188} INFO - [2026-03-09T19:09:25.969+0000] {dag.py:3096} INFO - Sync 3 DAGs
[2026-03-09T19:09:26.004+0000] {logging_mixin.py:188} INFO - [2026-03-09T19:09:26.003+0000] {dag.py:3954} INFO - Setting next_dagrun for example_subdag_operator to 2022-01-01 00:00:00+00:00, run_after=2022-01-01 00:00:00+00:00
[2026-03-09T19:09:26.008+0000] {logging_mixin.py:188} INFO - [2026-03-09T19:09:26.008+0000] {dag.py:3954} INFO - Setting next_dagrun for example_subdag_operator.section-1 to None, run_after=None
[2026-03-09T19:09:26.010+0000] {logging_mixin.py:188} INFO - [2026-03-09T19:09:26.010+0000] {dag.py:3954} INFO - Setting next_dagrun for example_subdag_operator.section-2 to None, run_after=None
[2026-03-09T19:09:26.018+0000] {logging_mixin.py:188} INFO - [2026-03-09T19:09:26.018+0000] {dag.py:3096} INFO - Sync 2 DAGs
[2026-03-09T19:09:26.024+0000] {logging_mixin.py:188} INFO - [2026-03-09T19:09:26.024+0000] {dag.py:3954} INFO - Setting next_dagrun for example_subdag_operator.section-1 to None, run_after=None
[2026-03-09T19:09:26.025+0000] {logging_mixin.py:188} INFO - [2026-03-09T19:09:26.025+0000] {dag.py:3954} INFO - Setting next_dagrun for example_subdag_operator.section-2 to None, run_after=None
[2026-03-09T19:09:26.036+0000] {processor.py:183} INFO - Processing /home/airflow/.local/lib/python3.12/site-packages/airflow/example_dags/example_subdag_operator.py took 0.138 seconds
[2026-03-09T19:09:56.442+0000] {processor.py:161} INFO - Started process (PID=387) to work on /home/airflow/.local/lib/python3.12/site-packages/airflow/example_dags/example_subdag_operator.py
[2026-03-09T19:09:56.443+0000] {processor.py:830} INFO - Processing file /home/airflow/.local/lib/python3.12/site-packages/airflow/example_dags/example_subdag_operator.py for tasks to queue
[2026-03-09T19:09:56.445+0000] {logging_mixin.py:188} INFO - [2026-03-09T19:09:56.445+0000] {dagbag.py:545} INFO - Filling up the DagBag from /home/airflow/.local/lib/python3.12/site-packages/airflow/example_dags/example_subdag_operator.py
[2026-03-09T19:09:56.472+0000] {processor.py:840} INFO - DAG(s) 'example_subdag_operator.section-1', 'example_subdag_operator.section-2', 'example_subdag_operator' retrieved from /home/airflow/.local/lib/python3.12/site-packages/airflow/example_dags/example_subdag_operator.py
[2026-03-09T19:09:56.493+0000] {logging_mixin.py:188} INFO - [2026-03-09T19:09:56.493+0000] {dag.py:3096} INFO - Sync 3 DAGs
[2026-03-09T19:09:56.518+0000] {logging_mixin.py:188} INFO - [2026-03-09T19:09:56.518+0000] {dag.py:3954} INFO - Setting next_dagrun for example_subdag_operator to 2022-01-01 00:00:00+00:00, run_after=2022-01-01 00:00:00+00:00
[2026-03-09T19:09:56.523+0000] {logging_mixin.py:188} INFO - [2026-03-09T19:09:56.523+0000] {dag.py:3954} INFO - Setting next_dagrun for example_subdag_operator.section-1 to None, run_after=None
[2026-03-09T19:09:56.525+0000] {logging_mixin.py:188} INFO - [2026-03-09T19:09:56.525+0000] {dag.py:3954} INFO - Setting next_dagrun for example_subdag_operator.section-2 to None, run_after=None
[2026-03-09T19:09:56.533+0000] {logging_mixin.py:188} INFO - [2026-03-09T19:09:56.533+0000] {dag.py:3096} INFO - Sync 2 DAGs
[2026-03-09T19:09:56.539+0000] {logging_mixin.py:188} INFO - [2026-03-09T19:09:56.539+0000] {dag.py:3954} INFO - Setting next_dagrun for example_subdag_operator.section-1 to None, run_after=None
[2026-03-09T19:09:56.540+0000] {logging_mixin.py:188} INFO - [2026-03-09T19:09:56.539+0000] {dag.py:3954} INFO - Setting next_dagrun for example_subdag_operator.section-2 to None, run_after=None
[2026-03-09T19:09:56.552+0000] {processor.py:183} INFO - Processing /home/airflow/.local/lib/python3.12/site-packages/airflow/example_dags/example_subdag_operator.py took 0.117 seconds
[2026-03-09T19:10:27.029+0000] {processor.py:161} INFO - Started process (PID=447) to work on /home/airflow/.local/lib/python3.12/site-packages/airflow/example_dags/example_subdag_operator.py
[2026-03-09T19:10:27.030+0000] {processor.py:830} INFO - Processing file /home/airflow/.local/lib/python3.12/site-packages/airflow/example_dags/example_subdag_operator.py for tasks to queue
[2026-03-09T19:10:27.032+0000] {logging_mixin.py:188} INFO - [2026-03-09T19:10:27.032+0000] {dagbag.py:545} INFO - Filling up the DagBag from /home/airflow/.local/lib/python3.12/site-packages/airflow/example_dags/example_subdag_operator.py
[2026-03-09T19:10:27.057+0000] {processor.py:840} INFO - DAG(s) 'example_subdag_operator.section-1', 'example_subdag_operator.section-2', 'example_subdag_operator' retrieved from /home/airflow/.local/lib/python3.12/site-packages/airflow/example_dags/example_subdag_operator.py
[2026-03-09T19:10:27.075+0000] {logging_mixin.py:188} INFO - [2026-03-09T19:10:27.075+0000] {dag.py:3096} INFO - Sync 3 DAGs
[2026-03-09T19:10:27.101+0000] {logging_mixin.py:188} INFO - [2026-03-09T19:10:27.101+0000] {dag.py:3954} INFO - Setting next_dagrun for example_subdag_operator to 2022-01-01 00:00:00+00:00, run_after=2022-01-01 00:00:00+00:00
[2026-03-09T19:10:27.106+0000] {logging_mixin.py:188} INFO - [2026-03-09T19:10:27.106+0000] {dag.py:3954} INFO - Setting next_dagrun for example_subdag_operator.section-1 to None, run_after=None
[2026-03-09T19:10:27.108+0000] {logging_mixin.py:188} INFO - [2026-03-09T19:10:27.108+0000] {dag.py:3954} INFO - Setting next_dagrun for example_subdag_operator.section-2 to None, run_after=None
[2026-03-09T19:10:27.117+0000] {logging_mixin.py:188} INFO - [2026-03-09T19:10:27.117+0000] {dag.py:3096} INFO - Sync 2 DAGs
[2026-03-09T19:10:27.125+0000] {logging_mixin.py:188} INFO - [2026-03-09T19:10:27.124+0000] {dag.py:3954} INFO - Setting next_dagrun for example_subdag_operator.section-1 to None, run_after=None
[2026-03-09T19:10:27.125+0000] {logging_mixin.py:188} INFO - [2026-03-09T19:10:27.125+0000] {dag.py:3954} INFO - Setting next_dagrun for example_subdag_operator.section-2 to None, run_after=None
[2026-03-09T19:10:27.138+0000] {processor.py:183} INFO - Processing /home/airflow/.local/lib/python3.12/site-packages/airflow/example_dags/example_subdag_operator.py took 0.118 seconds
[2026-03-09T19:10:57.365+0000] {processor.py:161} INFO - Started process (PID=507) to work on /home/airflow/.local/lib/python3.12/site-packages/airflow/example_dags/example_subdag_operator.py
[2026-03-09T19:10:57.366+0000] {processor.py:830} INFO - Processing file /home/airflow/.local/lib/python3.12/site-packages/airflow/example_dags/example_subdag_operator.py for tasks to queue
[2026-03-09T19:10:57.369+0000] {logging_mixin.py:188} INFO - [2026-03-09T19:10:57.368+0000] {dagbag.py:545} INFO - Filling up the DagBag from /home/airflow/.local/lib/python3.12/site-packages/airflow/example_dags/example_subdag_operator.py
[2026-03-09T19:10:57.399+0000] {processor.py:840} INFO - DAG(s) 'example_subdag_operator.section-1', 'example_subdag_operator.section-2', 'example_subdag_operator' retrieved from /home/airflow/.local/lib/python3.12/site-packages/airflow/example_dags/example_subdag_operator.py
[2026-03-09T19:10:57.428+0000] {logging_mixin.py:188} INFO - [2026-03-09T19:10:57.428+0000] {dag.py:3096} INFO - Sync 3 DAGs
[2026-03-09T19:10:57.473+0000] {logging_mixin.py:188} INFO - [2026-03-09T19:10:57.472+0000] {dag.py:3954} INFO - Setting next_dagrun for example_subdag_operator to 2022-01-01 00:00:00+00:00, run_after=2022-01-01 00:00:00+00:00
[2026-03-09T19:10:57.479+0000] {logging_mixin.py:188} INFO - [2026-03-09T19:10:57.479+0000] {dag.py:3954} INFO - Setting next_dagrun for example_subdag_operator.section-1 to None, run_after=None
[2026-03-09T19:10:57.483+0000] {logging_mixin.py:188} INFO - [2026-03-09T19:10:57.482+0000] {dag.py:3954} INFO - Setting next_dagrun for example_subdag_operator.section-2 to None, run_after=None
[2026-03-09T19:10:57.494+0000] {logging_mixin.py:188} INFO - [2026-03-09T19:10:57.494+0000] {dag.py:3096} INFO - Sync 2 DAGs
[2026-03-09T19:10:57.502+0000] {logging_mixin.py:188} INFO - [2026-03-09T19:10:57.502+0000] {dag.py:3954} INFO - Setting next_dagrun for example_subdag_operator.section-1 to None, run_after=None
[2026-03-09T19:10:57.503+0000] {logging_mixin.py:188} INFO - [2026-03-09T19:10:57.503+0000] {dag.py:3954} INFO - Setting next_dagrun for example_subdag_operator.section-2 to None, run_after=None
[2026-03-09T19:10:57.517+0000] {processor.py:183} INFO - Processing /home/airflow/.local/lib/python3.12/site-packages/airflow/example_dags/example_subdag_operator.py took 0.160 seconds
[2026-03-09T19:11:27.862+0000] {processor.py:161} INFO - Started process (PID=567) to work on /home/airflow/.local/lib/python3.12/site-packages/airflow/example_dags/example_subdag_operator.py
[2026-03-09T19:11:27.863+0000] {processor.py:830} INFO - Processing file /home/airflow/.local/lib/python3.12/site-packages/airflow/example_dags/example_subdag_operator.py for tasks to queue
[2026-03-09T19:11:27.866+0000] {logging_mixin.py:188} INFO - [2026-03-09T19:11:27.865+0000] {dagbag.py:545} INFO - Filling up the DagBag from /home/airflow/.local/lib/python3.12/site-packages/airflow/example_dags/example_subdag_operator.py
[2026-03-09T19:11:27.897+0000] {processor.py:840} INFO - DAG(s) 'example_subdag_operator.section-1', 'example_subdag_operator.section-2', 'example_subdag_operator' retrieved from /home/airflow/.local/lib/python3.12/site-packages/airflow/example_dags/example_subdag_operator.py
[2026-03-09T19:11:27.915+0000] {logging_mixin.py:188} INFO - [2026-03-09T19:11:27.915+0000] {dag.py:3096} INFO - Sync 3 DAGs
[2026-03-09T19:11:27.941+0000] {logging_mixin.py:188} INFO - [2026-03-09T19:11:27.940+0000] {dag.py:3954} INFO - Setting next_dagrun for example_subdag_operator to 2022-01-01 00:00:00+00:00, run_after=2022-01-01 00:00:00+00:00
[2026-03-09T19:11:27.946+0000] {logging_mixin.py:188} INFO - [2026-03-09T19:11:27.946+0000] {dag.py:3954} INFO - Setting next_dagrun for example_subdag_operator.section-1 to None, run_after=None
[2026-03-09T19:11:27.948+0000] {logging_mixin.py:188} INFO - [2026-03-09T19:11:27.948+0000] {dag.py:3954} INFO - Setting next_dagrun for example_subdag_operator.section-2 to None, run_after=None
[2026-03-09T19:11:27.957+0000] {logging_mixin.py:188} INFO - [2026-03-09T19:11:27.957+0000] {dag.py:3096} INFO - Sync 2 DAGs
[2026-03-09T19:11:27.963+0000] {logging_mixin.py:188} INFO - [2026-03-09T19:11:27.962+0000] {dag.py:3954} INFO - Setting next_dagrun for example_subdag_operator.section-1 to None, run_after=None
[2026-03-09T19:11:27.963+0000] {logging_mixin.py:188} INFO - [2026-03-09T19:11:27.963+0000] {dag.py:3954} INFO - Setting next_dagrun for example_subdag_operator.section-2 to None, run_after=None
[2026-03-09T19:11:27.976+0000] {processor.py:183} INFO - Processing /home/airflow/.local/lib/python3.12/site-packages/airflow/example_dags/example_subdag_operator.py took 0.120 seconds
[2026-03-09T19:11:58.884+0000] {processor.py:161} INFO - Started process (PID=627) to work on /home/airflow/.local/lib/python3.12/site-packages/airflow/example_dags/example_subdag_operator.py
[2026-03-09T19:11:58.886+0000] {processor.py:830} INFO - Processing file /home/airflow/.local/lib/python3.12/site-packages/airflow/example_dags/example_subdag_operator.py for tasks to queue
[2026-03-09T19:11:58.889+0000] {logging_mixin.py:188} INFO - [2026-03-09T19:11:58.889+0000] {dagbag.py:545} INFO - Filling up the DagBag from /home/airflow/.local/lib/python3.12/site-packages/airflow/example_dags/example_subdag_operator.py
[2026-03-09T19:11:58.920+0000] {processor.py:840} INFO - DAG(s) 'example_subdag_operator.section-1', 'example_subdag_operator.section-2', 'example_subdag_operator' retrieved from /home/airflow/.local/lib/python3.12/site-packages/airflow/example_dags/example_subdag_operator.py
[2026-03-09T19:11:58.946+0000] {logging_mixin.py:188} INFO - [2026-03-09T19:11:58.946+0000] {dag.py:3096} INFO - Sync 3 DAGs
[2026-03-09T19:11:58.973+0000] {logging_mixin.py:188} INFO - [2026-03-09T19:11:58.972+0000] {dag.py:3954} INFO - Setting next_dagrun for example_subdag_operator to 2022-01-01 00:00:00+00:00, run_after=2022-01-01 00:00:00+00:00
[2026-03-09T19:11:58.978+0000] {logging_mixin.py:188} INFO - [2026-03-09T19:11:58.978+0000] {dag.py:3954} INFO - Setting next_dagrun for example_subdag_operator.section-1 to None, run_after=None
[2026-03-09T19:11:58.980+0000] {logging_mixin.py:188} INFO - [2026-03-09T19:11:58.980+0000] {dag.py:3954} INFO - Setting next_dagrun for example_subdag_operator.section-2 to None, run_after=None
[2026-03-09T19:11:58.989+0000] {logging_mixin.py:188} INFO - [2026-03-09T19:11:58.989+0000] {dag.py:3096} INFO - Sync 2 DAGs
[2026-03-09T19:11:58.995+0000] {logging_mixin.py:188} INFO - [2026-03-09T19:11:58.995+0000] {dag.py:3954} INFO - Setting next_dagrun for example_subdag_operator.section-1 to None, run_after=None
[2026-03-09T19:11:58.996+0000] {logging_mixin.py:188} INFO - [2026-03-09T19:11:58.996+0000] {dag.py:3954} INFO - Setting next_dagrun for example_subdag_operator.section-2 to None, run_after=None
[2026-03-09T19:11:59.011+0000] {processor.py:183} INFO - Processing /home/airflow/.local/lib/python3.12/site-packages/airflow/example_dags/example_subdag_operator.py took 0.136 seconds
[2026-03-09T19:12:29.506+0000] {processor.py:161} INFO - Started process (PID=687) to work on /home/airflow/.local/lib/python3.12/site-packages/airflow/example_dags/example_subdag_operator.py
[2026-03-09T19:12:29.507+0000] {processor.py:830} INFO - Processing file /home/airflow/.local/lib/python3.12/site-packages/airflow/example_dags/example_subdag_operator.py for tasks to queue
[2026-03-09T19:12:29.510+0000] {logging_mixin.py:188} INFO - [2026-03-09T19:12:29.509+0000] {dagbag.py:545} INFO - Filling up the DagBag from /home/airflow/.local/lib/python3.12/site-packages/airflow/example_dags/example_subdag_operator.py
[2026-03-09T19:12:29.542+0000] {processor.py:840} INFO - DAG(s) 'example_subdag_operator.section-1', 'example_subdag_operator.section-2', 'example_subdag_operator' retrieved from /home/airflow/.local/lib/python3.12/site-packages/airflow/example_dags/example_subdag_operator.py
[2026-03-09T19:12:29.560+0000] {logging_mixin.py:188} INFO - [2026-03-09T19:12:29.560+0000] {dag.py:3096} INFO - Sync 3 DAGs
[2026-03-09T19:12:29.586+0000] {logging_mixin.py:188} INFO - [2026-03-09T19:12:29.586+0000] {dag.py:3954} INFO - Setting next_dagrun for example_subdag_operator to 2022-01-01 00:00:00+00:00, run_after=2022-01-01 00:00:00+00:00
[2026-03-09T19:12:29.592+0000] {logging_mixin.py:188} INFO - [2026-03-09T19:12:29.591+0000] {dag.py:3954} INFO - Setting next_dagrun for example_subdag_operator.section-1 to None, run_after=None
[2026-03-09T19:12:29.594+0000] {logging_mixin.py:188} INFO - [2026-03-09T19:12:29.593+0000] {dag.py:3954} INFO - Setting next_dagrun for example_subdag_operator.section-2 to None, run_after=None
[2026-03-09T19:12:29.602+0000] {logging_mixin.py:188} INFO - [2026-03-09T19:12:29.601+0000] {dag.py:3096} INFO - Sync 2 DAGs
[2026-03-09T19:12:29.607+0000] {logging_mixin.py:188} INFO - [2026-03-09T19:12:29.607+0000] {dag.py:3954} INFO - Setting next_dagrun for example_subdag_operator.section-1 to None, run_after=None
[2026-03-09T19:12:29.608+0000] {logging_mixin.py:188} INFO - [2026-03-09T19:12:29.608+0000] {dag.py:3954} INFO - Setting next_dagrun for example_subdag_operator.section-2 to None, run_after=None
[2026-03-09T19:12:29.620+0000] {processor.py:183} INFO - Processing /home/airflow/.local/lib/python3.12/site-packages/airflow/example_dags/example_subdag_operator.py took 0.120 seconds
[2026-03-09T19:13:00.102+0000] {processor.py:161} INFO - Started process (PID=746) to work on /home/airflow/.local/lib/python3.12/site-packages/airflow/example_dags/example_subdag_operator.py
[2026-03-09T19:13:00.103+0000] {processor.py:830} INFO - Processing file /home/airflow/.local/lib/python3.12/site-packages/airflow/example_dags/example_subdag_operator.py for tasks to queue
[2026-03-09T19:13:00.105+0000] {logging_mixin.py:188} INFO - [2026-03-09T19:13:00.105+0000] {dagbag.py:545} INFO - Filling up the DagBag from /home/airflow/.local/lib/python3.12/site-packages/airflow/example_dags/example_subdag_operator.py
[2026-03-09T19:13:00.131+0000] {processor.py:840} INFO - DAG(s) 'example_subdag_operator.section-1', 'example_subdag_operator.section-2', 'example_subdag_operator' retrieved from /home/airflow/.local/lib/python3.12/site-packages/airflow/example_dags/example_subdag_operator.py
[2026-03-09T19:13:00.150+0000] {logging_mixin.py:188} INFO - [2026-03-09T19:13:00.149+0000] {dag.py:3096} INFO - Sync 3 DAGs
[2026-03-09T19:13:00.176+0000] {logging_mixin.py:188} INFO - [2026-03-09T19:13:00.176+0000] {dag.py:3954} INFO - Setting next_dagrun for example_subdag_operator to 2022-01-01 00:00:00+00:00, run_after=2022-01-01 00:00:00+00:00
[2026-03-09T19:13:00.181+0000] {logging_mixin.py:188} INFO - [2026-03-09T19:13:00.181+0000] {dag.py:3954} INFO - Setting next_dagrun for example_subdag_operator.section-1 to None, run_after=None
[2026-03-09T19:13:00.183+0000] {logging_mixin.py:188} INFO - [2026-03-09T19:13:00.183+0000] {dag.py:3954} INFO - Setting next_dagrun for example_subdag_operator.section-2 to None, run_after=None
[2026-03-09T19:13:00.191+0000] {logging_mixin.py:188} INFO - [2026-03-09T19:13:00.191+0000] {dag.py:3096} INFO - Sync 2 DAGs
[2026-03-09T19:13:00.197+0000] {logging_mixin.py:188} INFO - [2026-03-09T19:13:00.197+0000] {dag.py:3954} INFO - Setting next_dagrun for example_subdag_operator.section-1 to None, run_after=None
[2026-03-09T19:13:00.198+0000] {logging_mixin.py:188} INFO - [2026-03-09T19:13:00.198+0000] {dag.py:3954} INFO - Setting next_dagrun for example_subdag_operator.section-2 to None, run_after=None
[2026-03-09T19:13:00.209+0000] {processor.py:183} INFO - Processing /home/airflow/.local/lib/python3.12/site-packages/airflow/example_dags/example_subdag_operator.py took 0.115 seconds
[2026-03-09T19:13:30.858+0000] {processor.py:161} INFO - Started process (PID=806) to work on /home/airflow/.local/lib/python3.12/site-packages/airflow/example_dags/example_subdag_operator.py
[2026-03-09T19:13:30.859+0000] {processor.py:830} INFO - Processing file /home/airflow/.local/lib/python3.12/site-packages/airflow/example_dags/example_subdag_operator.py for tasks to queue
[2026-03-09T19:13:30.862+0000] {logging_mixin.py:188} INFO - [2026-03-09T19:13:30.861+0000] {dagbag.py:545} INFO - Filling up the DagBag from /home/airflow/.local/lib/python3.12/site-packages/airflow/example_dags/example_subdag_operator.py
[2026-03-09T19:13:30.891+0000] {processor.py:840} INFO - DAG(s) 'example_subdag_operator.section-1', 'example_subdag_operator.section-2', 'example_subdag_operator' retrieved from /home/airflow/.local/lib/python3.12/site-packages/airflow/example_dags/example_subdag_operator.py
[2026-03-09T19:13:30.913+0000] {logging_mixin.py:188} INFO - [2026-03-09T19:13:30.912+0000] {dag.py:3096} INFO - Sync 3 DAGs
[2026-03-09T19:13:30.939+0000] {logging_mixin.py:188} INFO - [2026-03-09T19:13:30.938+0000] {dag.py:3954} INFO - Setting next_dagrun for example_subdag_operator to 2022-01-01 00:00:00+00:00, run_after=2022-01-01 00:00:00+00:00
[2026-03-09T19:13:30.944+0000] {logging_mixin.py:188} INFO - [2026-03-09T19:13:30.944+0000] {dag.py:3954} INFO - Setting next_dagrun for example_subdag_operator.section-1 to None, run_after=None
[2026-03-09T19:13:30.946+0000] {logging_mixin.py:188} INFO - [2026-03-09T19:13:30.945+0000] {dag.py:3954} INFO - Setting next_dagrun for example_subdag_operator.section-2 to None, run_after=None
[2026-03-09T19:13:30.954+0000] {logging_mixin.py:188} INFO - [2026-03-09T19:13:30.954+0000] {dag.py:3096} INFO - Sync 2 DAGs
[2026-03-09T19:13:30.960+0000] {logging_mixin.py:188} INFO - [2026-03-09T19:13:30.960+0000] {dag.py:3954} INFO - Setting next_dagrun for example_subdag_operator.section-1 to None, run_after=None
[2026-03-09T19:13:30.961+0000] {logging_mixin.py:188} INFO - [2026-03-09T19:13:30.960+0000] {dag.py:3954} INFO - Setting next_dagrun for example_subdag_operator.section-2 to None, run_after=None
[2026-03-09T19:13:30.977+0000] {processor.py:183} INFO - Processing /home/airflow/.local/lib/python3.12/site-packages/airflow/example_dags/example_subdag_operator.py took 0.128 seconds
[2026-03-09T19:14:01.407+0000] {processor.py:161} INFO - Started process (PID=866) to work on /home/airflow/.local/lib/python3.12/site-packages/airflow/example_dags/example_subdag_operator.py
[2026-03-09T19:14:01.408+0000] {processor.py:830} INFO - Processing file /home/airflow/.local/lib/python3.12/site-packages/airflow/example_dags/example_subdag_operator.py for tasks to queue
[2026-03-09T19:14:01.411+0000] {logging_mixin.py:188} INFO - [2026-03-09T19:14:01.410+0000] {dagbag.py:545} INFO - Filling up the DagBag from /home/airflow/.local/lib/python3.12/site-packages/airflow/example_dags/example_subdag_operator.py
[2026-03-09T19:14:01.443+0000] {processor.py:840} INFO - DAG(s) 'example_subdag_operator.section-1', 'example_subdag_operator.section-2', 'example_subdag_operator' retrieved from /home/airflow/.local/lib/python3.12/site-packages/airflow/example_dags/example_subdag_operator.py
[2026-03-09T19:14:01.462+0000] {logging_mixin.py:188} INFO - [2026-03-09T19:14:01.462+0000] {dag.py:3096} INFO - Sync 3 DAGs
[2026-03-09T19:14:01.488+0000] {logging_mixin.py:188} INFO - [2026-03-09T19:14:01.487+0000] {dag.py:3954} INFO - Setting next_dagrun for example_subdag_operator to 2022-01-01 00:00:00+00:00, run_after=2022-01-01 00:00:00+00:00
[2026-03-09T19:14:01.493+0000] {logging_mixin.py:188} INFO - [2026-03-09T19:14:01.493+0000] {dag.py:3954} INFO - Setting next_dagrun for example_subdag_operator.section-1 to None, run_after=None
[2026-03-09T19:14:01.495+0000] {logging_mixin.py:188} INFO - [2026-03-09T19:14:01.495+0000] {dag.py:3954} INFO - Setting next_dagrun for example_subdag_operator.section-2 to None, run_after=None
[2026-03-09T19:14:01.503+0000] {logging_mixin.py:188} INFO - [2026-03-09T19:14:01.503+0000] {dag.py:3096} INFO - Sync 2 DAGs
[2026-03-09T19:14:01.510+0000] {logging_mixin.py:188} INFO - [2026-03-09T19:14:01.509+0000] {dag.py:3954} INFO - Setting next_dagrun for example_subdag_operator.section-1 to None, run_after=None
[2026-03-09T19:14:01.510+0000] {logging_mixin.py:188} INFO - [2026-03-09T19:14:01.510+0000] {dag.py:3954} INFO - Setting next_dagrun for example_subdag_operator.section-2 to None, run_after=None
[2026-03-09T19:14:01.524+0000] {processor.py:183} INFO - Processing /home/airflow/.local/lib/python3.12/site-packages/airflow/example_dags/example_subdag_operator.py took 0.124 seconds
[2026-03-09T19:14:31.916+0000] {processor.py:161} INFO - Started process (PID=926) to work on /home/airflow/.local/lib/python3.12/site-packages/airflow/example_dags/example_subdag_operator.py
[2026-03-09T19:14:31.917+0000] {processor.py:830} INFO - Processing file /home/airflow/.local/lib/python3.12/site-packages/airflow/example_dags/example_subdag_operator.py for tasks to queue
[2026-03-09T19:14:31.919+0000] {logging_mixin.py:188} INFO - [2026-03-09T19:14:31.919+0000] {dagbag.py:545} INFO - Filling up the DagBag from /home/airflow/.local/lib/python3.12/site-packages/airflow/example_dags/example_subdag_operator.py
[2026-03-09T19:14:31.945+0000] {processor.py:840} INFO - DAG(s) 'example_subdag_operator.section-1', 'example_subdag_operator.section-2', 'example_subdag_operator' retrieved from /home/airflow/.local/lib/python3.12/site-packages/airflow/example_dags/example_subdag_operator.py
[2026-03-09T19:14:31.965+0000] {logging_mixin.py:188} INFO - [2026-03-09T19:14:31.965+0000] {dag.py:3096} INFO - Sync 3 DAGs
[2026-03-09T19:14:31.993+0000] {logging_mixin.py:188} INFO - [2026-03-09T19:14:31.992+0000] {dag.py:3954} INFO - Setting next_dagrun for example_subdag_operator to 2022-01-01 00:00:00+00:00, run_after=2022-01-01 00:00:00+00:00
[2026-03-09T19:14:31.999+0000] {logging_mixin.py:188} INFO - [2026-03-09T19:14:31.999+0000] {dag.py:3954} INFO - Setting next_dagrun for example_subdag_operator.section-1 to None, run_after=None
[2026-03-09T19:14:32.001+0000] {logging_mixin.py:188} INFO - [2026-03-09T19:14:32.000+0000] {dag.py:3954} INFO - Setting next_dagrun for example_subdag_operator.section-2 to None, run_after=None
[2026-03-09T19:14:32.010+0000] {logging_mixin.py:188} INFO - [2026-03-09T19:14:32.009+0000] {dag.py:3096} INFO - Sync 2 DAGs
[2026-03-09T19:14:32.018+0000] {logging_mixin.py:188} INFO - [2026-03-09T19:14:32.018+0000] {dag.py:3954} INFO - Setting next_dagrun for example_subdag_operator.section-1 to None, run_after=None
[2026-03-09T19:14:32.019+0000] {logging_mixin.py:188} INFO - [2026-03-09T19:14:32.019+0000] {dag.py:3954} INFO - Setting next_dagrun for example_subdag_operator.section-2 to None, run_after=None
[2026-03-09T19:14:32.032+0000] {processor.py:183} INFO - Processing /home/airflow/.local/lib/python3.12/site-packages/airflow/example_dags/example_subdag_operator.py took 0.123 seconds
[2026-03-09T19:15:03.247+0000] {processor.py:161} INFO - Started process (PID=986) to work on /home/airflow/.local/lib/python3.12/site-packages/airflow/example_dags/example_subdag_operator.py
[2026-03-09T19:15:03.249+0000] {processor.py:830} INFO - Processing file /home/airflow/.local/lib/python3.12/site-packages/airflow/example_dags/example_subdag_operator.py for tasks to queue
[2026-03-09T19:15:03.253+0000] {logging_mixin.py:188} INFO - [2026-03-09T19:15:03.252+0000] {dagbag.py:545} INFO - Filling up the DagBag from /home/airflow/.local/lib/python3.12/site-packages/airflow/example_dags/example_subdag_operator.py
[2026-03-09T19:15:03.287+0000] {processor.py:840} INFO - DAG(s) 'example_subdag_operator.section-1', 'example_subdag_operator.section-2', 'example_subdag_operator' retrieved from /home/airflow/.local/lib/python3.12/site-packages/airflow/example_dags/example_subdag_operator.py
[2026-03-09T19:15:03.323+0000] {logging_mixin.py:188} INFO - [2026-03-09T19:15:03.323+0000] {dag.py:3096} INFO - Sync 3 DAGs
[2026-03-09T19:15:03.365+0000] {logging_mixin.py:188} INFO - [2026-03-09T19:15:03.364+0000] {dag.py:3954} INFO - Setting next_dagrun for example_subdag_operator to 2022-01-01 00:00:00+00:00, run_after=2022-01-01 00:00:00+00:00
[2026-03-09T19:15:03.371+0000] {logging_mixin.py:188} INFO - [2026-03-09T19:15:03.371+0000] {dag.py:3954} INFO - Setting next_dagrun for example_subdag_operator.section-1 to None, run_after=None
[2026-03-09T19:15:03.374+0000] {logging_mixin.py:188} INFO - [2026-03-09T19:15:03.374+0000] {dag.py:3954} INFO - Setting next_dagrun for example_subdag_operator.section-2 to None, run_after=None
[2026-03-09T19:15:03.385+0000] {logging_mixin.py:188} INFO - [2026-03-09T19:15:03.385+0000] {dag.py:3096} INFO - Sync 2 DAGs
[2026-03-09T19:15:03.393+0000] {logging_mixin.py:188} INFO - [2026-03-09T19:15:03.393+0000] {dag.py:3954} INFO - Setting next_dagrun for example_subdag_operator.section-1 to None, run_after=None
[2026-03-09T19:15:03.394+0000] {logging_mixin.py:188} INFO - [2026-03-09T19:15:03.393+0000] {dag.py:3954} INFO - Setting next_dagrun for example_subdag_operator.section-2 to None, run_after=None
[2026-03-09T19:15:03.415+0000] {processor.py:183} INFO - Processing /home/airflow/.local/lib/python3.12/site-packages/airflow/example_dags/example_subdag_operator.py took 0.178 seconds
