[2026-03-09T19:04:44.398+0000] {processor.py:161} INFO - Started process (PID=60) to work on /home/airflow/.local/lib/python3.12/site-packages/airflow/example_dags/example_branch_day_of_week_operator.py
[2026-03-09T19:04:44.400+0000] {processor.py:830} INFO - Processing file /home/airflow/.local/lib/python3.12/site-packages/airflow/example_dags/example_branch_day_of_week_operator.py for tasks to queue
[2026-03-09T19:04:44.403+0000] {logging_mixin.py:188} INFO - [2026-03-09T19:04:44.402+0000] {dagbag.py:545} INFO - Filling up the DagBag from /home/airflow/.local/lib/python3.12/site-packages/airflow/example_dags/example_branch_day_of_week_operator.py
[2026-03-09T19:04:44.417+0000] {processor.py:840} INFO - DAG(s) 'example_weekday_branch_operator' retrieved from /home/airflow/.local/lib/python3.12/site-packages/airflow/example_dags/example_branch_day_of_week_operator.py
[2026-03-09T19:04:44.447+0000] {logging_mixin.py:188} INFO - [2026-03-09T19:04:44.447+0000] {dag.py:3096} INFO - Sync 1 DAGs
[2026-03-09T19:04:44.489+0000] {logging_mixin.py:188} INFO - [2026-03-09T19:04:44.488+0000] {dag.py:3954} INFO - Setting next_dagrun for example_weekday_branch_operator to 2026-03-08 00:00:00+00:00, run_after=2026-03-09 00:00:00+00:00
[2026-03-09T19:04:44.530+0000] {processor.py:183} INFO - Processing /home/airflow/.local/lib/python3.12/site-packages/airflow/example_dags/example_branch_day_of_week_operator.py took 0.139 seconds
[2026-03-09T19:05:14.923+0000] {processor.py:161} INFO - Started process (PID=118) to work on /home/airflow/.local/lib/python3.12/site-packages/airflow/example_dags/example_branch_day_of_week_operator.py
[2026-03-09T19:05:14.925+0000] {processor.py:830} INFO - Processing file /home/airflow/.local/lib/python3.12/site-packages/airflow/example_dags/example_branch_day_of_week_operator.py for tasks to queue
[2026-03-09T19:05:14.930+0000] {logging_mixin.py:188} INFO - [2026-03-09T19:05:14.929+0000] {dagbag.py:545} INFO - Filling up the DagBag from /home/airflow/.local/lib/python3.12/site-packages/airflow/example_dags/example_branch_day_of_week_operator.py
[2026-03-09T19:05:14.942+0000] {processor.py:840} INFO - DAG(s) 'example_weekday_branch_operator' retrieved from /home/airflow/.local/lib/python3.12/site-packages/airflow/example_dags/example_branch_day_of_week_operator.py
[2026-03-09T19:05:14.972+0000] {logging_mixin.py:188} INFO - [2026-03-09T19:05:14.972+0000] {dag.py:3096} INFO - Sync 1 DAGs
[2026-03-09T19:05:15.014+0000] {logging_mixin.py:188} INFO - [2026-03-09T19:05:15.014+0000] {dag.py:3954} INFO - Setting next_dagrun for example_weekday_branch_operator to 2026-03-08 00:00:00+00:00, run_after=2026-03-09 00:00:00+00:00
[2026-03-09T19:05:15.042+0000] {processor.py:183} INFO - Processing /home/airflow/.local/lib/python3.12/site-packages/airflow/example_dags/example_branch_day_of_week_operator.py took 0.128 seconds
[2026-03-09T19:05:45.168+0000] {processor.py:161} INFO - Started process (PID=176) to work on /home/airflow/.local/lib/python3.12/site-packages/airflow/example_dags/example_branch_day_of_week_operator.py
[2026-03-09T19:05:45.169+0000] {processor.py:830} INFO - Processing file /home/airflow/.local/lib/python3.12/site-packages/airflow/example_dags/example_branch_day_of_week_operator.py for tasks to queue
[2026-03-09T19:05:45.172+0000] {logging_mixin.py:188} INFO - [2026-03-09T19:05:45.172+0000] {dagbag.py:545} INFO - Filling up the DagBag from /home/airflow/.local/lib/python3.12/site-packages/airflow/example_dags/example_branch_day_of_week_operator.py
[2026-03-09T19:05:45.182+0000] {processor.py:840} INFO - DAG(s) 'example_weekday_branch_operator' retrieved from /home/airflow/.local/lib/python3.12/site-packages/airflow/example_dags/example_branch_day_of_week_operator.py
[2026-03-09T19:05:45.217+0000] {logging_mixin.py:188} INFO - [2026-03-09T19:05:45.216+0000] {dag.py:3096} INFO - Sync 1 DAGs
[2026-03-09T19:05:45.252+0000] {logging_mixin.py:188} INFO - [2026-03-09T19:05:45.252+0000] {dag.py:3954} INFO - Setting next_dagrun for example_weekday_branch_operator to 2026-03-08 00:00:00+00:00, run_after=2026-03-09 00:00:00+00:00
[2026-03-09T19:05:45.278+0000] {processor.py:183} INFO - Processing /home/airflow/.local/lib/python3.12/site-packages/airflow/example_dags/example_branch_day_of_week_operator.py took 0.117 seconds
[2026-03-09T19:06:15.308+0000] {processor.py:161} INFO - Started process (PID=233) to work on /home/airflow/.local/lib/python3.12/site-packages/airflow/example_dags/example_branch_day_of_week_operator.py
[2026-03-09T19:06:15.309+0000] {processor.py:830} INFO - Processing file /home/airflow/.local/lib/python3.12/site-packages/airflow/example_dags/example_branch_day_of_week_operator.py for tasks to queue
[2026-03-09T19:06:15.312+0000] {logging_mixin.py:188} INFO - [2026-03-09T19:06:15.312+0000] {dagbag.py:545} INFO - Filling up the DagBag from /home/airflow/.local/lib/python3.12/site-packages/airflow/example_dags/example_branch_day_of_week_operator.py
[2026-03-09T19:06:15.321+0000] {processor.py:840} INFO - DAG(s) 'example_weekday_branch_operator' retrieved from /home/airflow/.local/lib/python3.12/site-packages/airflow/example_dags/example_branch_day_of_week_operator.py
[2026-03-09T19:06:15.344+0000] {logging_mixin.py:188} INFO - [2026-03-09T19:06:15.344+0000] {dag.py:3096} INFO - Sync 1 DAGs
[2026-03-09T19:06:15.377+0000] {logging_mixin.py:188} INFO - [2026-03-09T19:06:15.377+0000] {dag.py:3954} INFO - Setting next_dagrun for example_weekday_branch_operator to 2026-03-08 00:00:00+00:00, run_after=2026-03-09 00:00:00+00:00
[2026-03-09T19:06:15.412+0000] {processor.py:183} INFO - Processing /home/airflow/.local/lib/python3.12/site-packages/airflow/example_dags/example_branch_day_of_week_operator.py took 0.113 seconds
[2026-03-09T19:07:20.246+0000] {processor.py:161} INFO - Started process (PID=64) to work on /home/airflow/.local/lib/python3.12/site-packages/airflow/example_dags/example_branch_day_of_week_operator.py
[2026-03-09T19:07:20.247+0000] {processor.py:830} INFO - Processing file /home/airflow/.local/lib/python3.12/site-packages/airflow/example_dags/example_branch_day_of_week_operator.py for tasks to queue
[2026-03-09T19:07:20.250+0000] {logging_mixin.py:188} INFO - [2026-03-09T19:07:20.250+0000] {dagbag.py:545} INFO - Filling up the DagBag from /home/airflow/.local/lib/python3.12/site-packages/airflow/example_dags/example_branch_day_of_week_operator.py
[2026-03-09T19:07:20.274+0000] {processor.py:840} INFO - DAG(s) 'example_weekday_branch_operator' retrieved from /home/airflow/.local/lib/python3.12/site-packages/airflow/example_dags/example_branch_day_of_week_operator.py
[2026-03-09T19:07:20.292+0000] {logging_mixin.py:188} INFO - [2026-03-09T19:07:20.292+0000] {dag.py:3096} INFO - Sync 1 DAGs
[2026-03-09T19:07:20.353+0000] {logging_mixin.py:188} INFO - [2026-03-09T19:07:20.352+0000] {dag.py:3954} INFO - Setting next_dagrun for example_weekday_branch_operator to 2026-03-08 00:00:00+00:00, run_after=2026-03-09 00:00:00+00:00
[2026-03-09T19:07:20.411+0000] {processor.py:183} INFO - Processing /home/airflow/.local/lib/python3.12/site-packages/airflow/example_dags/example_branch_day_of_week_operator.py took 0.174 seconds
[2026-03-09T19:07:51.220+0000] {processor.py:161} INFO - Started process (PID=124) to work on /home/airflow/.local/lib/python3.12/site-packages/airflow/example_dags/example_branch_day_of_week_operator.py
[2026-03-09T19:07:51.221+0000] {processor.py:830} INFO - Processing file /home/airflow/.local/lib/python3.12/site-packages/airflow/example_dags/example_branch_day_of_week_operator.py for tasks to queue
[2026-03-09T19:07:51.223+0000] {logging_mixin.py:188} INFO - [2026-03-09T19:07:51.223+0000] {dagbag.py:545} INFO - Filling up the DagBag from /home/airflow/.local/lib/python3.12/site-packages/airflow/example_dags/example_branch_day_of_week_operator.py
[2026-03-09T19:07:51.232+0000] {processor.py:840} INFO - DAG(s) 'example_weekday_branch_operator' retrieved from /home/airflow/.local/lib/python3.12/site-packages/airflow/example_dags/example_branch_day_of_week_operator.py
[2026-03-09T19:07:51.350+0000] {logging_mixin.py:188} INFO - [2026-03-09T19:07:51.350+0000] {dag.py:3096} INFO - Sync 1 DAGs
[2026-03-09T19:07:51.376+0000] {logging_mixin.py:188} INFO - [2026-03-09T19:07:51.375+0000] {dag.py:3954} INFO - Setting next_dagrun for example_weekday_branch_operator to 2026-03-08 00:00:00+00:00, run_after=2026-03-09 00:00:00+00:00
[2026-03-09T19:07:51.399+0000] {processor.py:183} INFO - Processing /home/airflow/.local/lib/python3.12/site-packages/airflow/example_dags/example_branch_day_of_week_operator.py took 0.186 seconds
[2026-03-09T19:08:21.708+0000] {processor.py:161} INFO - Started process (PID=184) to work on /home/airflow/.local/lib/python3.12/site-packages/airflow/example_dags/example_branch_day_of_week_operator.py
[2026-03-09T19:08:21.710+0000] {processor.py:830} INFO - Processing file /home/airflow/.local/lib/python3.12/site-packages/airflow/example_dags/example_branch_day_of_week_operator.py for tasks to queue
[2026-03-09T19:08:21.713+0000] {logging_mixin.py:188} INFO - [2026-03-09T19:08:21.712+0000] {dagbag.py:545} INFO - Filling up the DagBag from /home/airflow/.local/lib/python3.12/site-packages/airflow/example_dags/example_branch_day_of_week_operator.py
[2026-03-09T19:08:21.722+0000] {processor.py:840} INFO - DAG(s) 'example_weekday_branch_operator' retrieved from /home/airflow/.local/lib/python3.12/site-packages/airflow/example_dags/example_branch_day_of_week_operator.py
[2026-03-09T19:08:21.746+0000] {logging_mixin.py:188} INFO - [2026-03-09T19:08:21.745+0000] {dag.py:3096} INFO - Sync 1 DAGs
[2026-03-09T19:08:21.786+0000] {logging_mixin.py:188} INFO - [2026-03-09T19:08:21.786+0000] {dag.py:3954} INFO - Setting next_dagrun for example_weekday_branch_operator to 2026-03-08 00:00:00+00:00, run_after=2026-03-09 00:00:00+00:00
[2026-03-09T19:08:21.814+0000] {processor.py:183} INFO - Processing /home/airflow/.local/lib/python3.12/site-packages/airflow/example_dags/example_branch_day_of_week_operator.py took 0.114 seconds
[2026-03-09T19:08:52.543+0000] {processor.py:161} INFO - Started process (PID=244) to work on /home/airflow/.local/lib/python3.12/site-packages/airflow/example_dags/example_branch_day_of_week_operator.py
[2026-03-09T19:08:52.544+0000] {processor.py:830} INFO - Processing file /home/airflow/.local/lib/python3.12/site-packages/airflow/example_dags/example_branch_day_of_week_operator.py for tasks to queue
[2026-03-09T19:08:52.546+0000] {logging_mixin.py:188} INFO - [2026-03-09T19:08:52.546+0000] {dagbag.py:545} INFO - Filling up the DagBag from /home/airflow/.local/lib/python3.12/site-packages/airflow/example_dags/example_branch_day_of_week_operator.py
[2026-03-09T19:08:52.557+0000] {processor.py:840} INFO - DAG(s) 'example_weekday_branch_operator' retrieved from /home/airflow/.local/lib/python3.12/site-packages/airflow/example_dags/example_branch_day_of_week_operator.py
[2026-03-09T19:08:52.583+0000] {logging_mixin.py:188} INFO - [2026-03-09T19:08:52.583+0000] {dag.py:3096} INFO - Sync 1 DAGs
[2026-03-09T19:08:52.610+0000] {logging_mixin.py:188} INFO - [2026-03-09T19:08:52.610+0000] {dag.py:3954} INFO - Setting next_dagrun for example_weekday_branch_operator to 2026-03-08 00:00:00+00:00, run_after=2026-03-09 00:00:00+00:00
[2026-03-09T19:08:52.634+0000] {processor.py:183} INFO - Processing /home/airflow/.local/lib/python3.12/site-packages/airflow/example_dags/example_branch_day_of_week_operator.py took 0.099 seconds
[2026-03-09T19:09:23.279+0000] {processor.py:161} INFO - Started process (PID=304) to work on /home/airflow/.local/lib/python3.12/site-packages/airflow/example_dags/example_branch_day_of_week_operator.py
[2026-03-09T19:09:23.281+0000] {processor.py:830} INFO - Processing file /home/airflow/.local/lib/python3.12/site-packages/airflow/example_dags/example_branch_day_of_week_operator.py for tasks to queue
[2026-03-09T19:09:23.283+0000] {logging_mixin.py:188} INFO - [2026-03-09T19:09:23.283+0000] {dagbag.py:545} INFO - Filling up the DagBag from /home/airflow/.local/lib/python3.12/site-packages/airflow/example_dags/example_branch_day_of_week_operator.py
[2026-03-09T19:09:23.296+0000] {processor.py:840} INFO - DAG(s) 'example_weekday_branch_operator' retrieved from /home/airflow/.local/lib/python3.12/site-packages/airflow/example_dags/example_branch_day_of_week_operator.py
[2026-03-09T19:09:23.324+0000] {logging_mixin.py:188} INFO - [2026-03-09T19:09:23.324+0000] {dag.py:3096} INFO - Sync 1 DAGs
[2026-03-09T19:09:23.353+0000] {logging_mixin.py:188} INFO - [2026-03-09T19:09:23.352+0000] {dag.py:3954} INFO - Setting next_dagrun for example_weekday_branch_operator to 2026-03-08 00:00:00+00:00, run_after=2026-03-09 00:00:00+00:00
[2026-03-09T19:09:23.377+0000] {processor.py:183} INFO - Processing /home/airflow/.local/lib/python3.12/site-packages/airflow/example_dags/example_branch_day_of_week_operator.py took 0.104 seconds
[2026-03-09T19:09:53.796+0000] {processor.py:161} INFO - Started process (PID=364) to work on /home/airflow/.local/lib/python3.12/site-packages/airflow/example_dags/example_branch_day_of_week_operator.py
[2026-03-09T19:09:53.798+0000] {processor.py:830} INFO - Processing file /home/airflow/.local/lib/python3.12/site-packages/airflow/example_dags/example_branch_day_of_week_operator.py for tasks to queue
[2026-03-09T19:09:53.801+0000] {logging_mixin.py:188} INFO - [2026-03-09T19:09:53.801+0000] {dagbag.py:545} INFO - Filling up the DagBag from /home/airflow/.local/lib/python3.12/site-packages/airflow/example_dags/example_branch_day_of_week_operator.py
[2026-03-09T19:09:53.810+0000] {processor.py:840} INFO - DAG(s) 'example_weekday_branch_operator' retrieved from /home/airflow/.local/lib/python3.12/site-packages/airflow/example_dags/example_branch_day_of_week_operator.py
[2026-03-09T19:09:53.836+0000] {logging_mixin.py:188} INFO - [2026-03-09T19:09:53.836+0000] {dag.py:3096} INFO - Sync 1 DAGs
[2026-03-09T19:09:53.864+0000] {logging_mixin.py:188} INFO - [2026-03-09T19:09:53.864+0000] {dag.py:3954} INFO - Setting next_dagrun for example_weekday_branch_operator to 2026-03-08 00:00:00+00:00, run_after=2026-03-09 00:00:00+00:00
[2026-03-09T19:09:53.888+0000] {processor.py:183} INFO - Processing /home/airflow/.local/lib/python3.12/site-packages/airflow/example_dags/example_branch_day_of_week_operator.py took 0.098 seconds
[2026-03-09T19:10:24.021+0000] {processor.py:161} INFO - Started process (PID=422) to work on /home/airflow/.local/lib/python3.12/site-packages/airflow/example_dags/example_branch_day_of_week_operator.py
[2026-03-09T19:10:24.022+0000] {processor.py:830} INFO - Processing file /home/airflow/.local/lib/python3.12/site-packages/airflow/example_dags/example_branch_day_of_week_operator.py for tasks to queue
[2026-03-09T19:10:24.025+0000] {logging_mixin.py:188} INFO - [2026-03-09T19:10:24.025+0000] {dagbag.py:545} INFO - Filling up the DagBag from /home/airflow/.local/lib/python3.12/site-packages/airflow/example_dags/example_branch_day_of_week_operator.py
[2026-03-09T19:10:24.034+0000] {processor.py:840} INFO - DAG(s) 'example_weekday_branch_operator' retrieved from /home/airflow/.local/lib/python3.12/site-packages/airflow/example_dags/example_branch_day_of_week_operator.py
[2026-03-09T19:10:24.057+0000] {logging_mixin.py:188} INFO - [2026-03-09T19:10:24.056+0000] {dag.py:3096} INFO - Sync 1 DAGs
[2026-03-09T19:10:24.085+0000] {logging_mixin.py:188} INFO - [2026-03-09T19:10:24.085+0000] {dag.py:3954} INFO - Setting next_dagrun for example_weekday_branch_operator to 2026-03-08 00:00:00+00:00, run_after=2026-03-09 00:00:00+00:00
[2026-03-09T19:10:24.109+0000] {processor.py:183} INFO - Processing /home/airflow/.local/lib/python3.12/site-packages/airflow/example_dags/example_branch_day_of_week_operator.py took 0.094 seconds
[2026-03-09T19:10:54.504+0000] {processor.py:161} INFO - Started process (PID=482) to work on /home/airflow/.local/lib/python3.12/site-packages/airflow/example_dags/example_branch_day_of_week_operator.py
[2026-03-09T19:10:54.506+0000] {processor.py:830} INFO - Processing file /home/airflow/.local/lib/python3.12/site-packages/airflow/example_dags/example_branch_day_of_week_operator.py for tasks to queue
[2026-03-09T19:10:54.511+0000] {logging_mixin.py:188} INFO - [2026-03-09T19:10:54.510+0000] {dagbag.py:545} INFO - Filling up the DagBag from /home/airflow/.local/lib/python3.12/site-packages/airflow/example_dags/example_branch_day_of_week_operator.py
[2026-03-09T19:10:54.529+0000] {processor.py:840} INFO - DAG(s) 'example_weekday_branch_operator' retrieved from /home/airflow/.local/lib/python3.12/site-packages/airflow/example_dags/example_branch_day_of_week_operator.py
[2026-03-09T19:10:54.573+0000] {logging_mixin.py:188} INFO - [2026-03-09T19:10:54.572+0000] {dag.py:3096} INFO - Sync 1 DAGs
[2026-03-09T19:10:54.626+0000] {logging_mixin.py:188} INFO - [2026-03-09T19:10:54.626+0000] {dag.py:3954} INFO - Setting next_dagrun for example_weekday_branch_operator to 2026-03-08 00:00:00+00:00, run_after=2026-03-09 00:00:00+00:00
[2026-03-09T19:10:54.662+0000] {processor.py:183} INFO - Processing /home/airflow/.local/lib/python3.12/site-packages/airflow/example_dags/example_branch_day_of_week_operator.py took 0.174 seconds
[2026-03-09T19:11:24.832+0000] {processor.py:161} INFO - Started process (PID=542) to work on /home/airflow/.local/lib/python3.12/site-packages/airflow/example_dags/example_branch_day_of_week_operator.py
[2026-03-09T19:11:24.833+0000] {processor.py:830} INFO - Processing file /home/airflow/.local/lib/python3.12/site-packages/airflow/example_dags/example_branch_day_of_week_operator.py for tasks to queue
[2026-03-09T19:11:24.835+0000] {logging_mixin.py:188} INFO - [2026-03-09T19:11:24.835+0000] {dagbag.py:545} INFO - Filling up the DagBag from /home/airflow/.local/lib/python3.12/site-packages/airflow/example_dags/example_branch_day_of_week_operator.py
[2026-03-09T19:11:24.844+0000] {processor.py:840} INFO - DAG(s) 'example_weekday_branch_operator' retrieved from /home/airflow/.local/lib/python3.12/site-packages/airflow/example_dags/example_branch_day_of_week_operator.py
[2026-03-09T19:11:24.867+0000] {logging_mixin.py:188} INFO - [2026-03-09T19:11:24.867+0000] {dag.py:3096} INFO - Sync 1 DAGs
[2026-03-09T19:11:24.899+0000] {logging_mixin.py:188} INFO - [2026-03-09T19:11:24.899+0000] {dag.py:3954} INFO - Setting next_dagrun for example_weekday_branch_operator to 2026-03-08 00:00:00+00:00, run_after=2026-03-09 00:00:00+00:00
[2026-03-09T19:11:24.925+0000] {processor.py:183} INFO - Processing /home/airflow/.local/lib/python3.12/site-packages/airflow/example_dags/example_branch_day_of_week_operator.py took 0.099 seconds
[2026-03-09T19:11:55.020+0000] {processor.py:161} INFO - Started process (PID=602) to work on /home/airflow/.local/lib/python3.12/site-packages/airflow/example_dags/example_branch_day_of_week_operator.py
[2026-03-09T19:11:55.021+0000] {processor.py:830} INFO - Processing file /home/airflow/.local/lib/python3.12/site-packages/airflow/example_dags/example_branch_day_of_week_operator.py for tasks to queue
[2026-03-09T19:11:55.024+0000] {logging_mixin.py:188} INFO - [2026-03-09T19:11:55.024+0000] {dagbag.py:545} INFO - Filling up the DagBag from /home/airflow/.local/lib/python3.12/site-packages/airflow/example_dags/example_branch_day_of_week_operator.py
[2026-03-09T19:11:55.034+0000] {processor.py:840} INFO - DAG(s) 'example_weekday_branch_operator' retrieved from /home/airflow/.local/lib/python3.12/site-packages/airflow/example_dags/example_branch_day_of_week_operator.py
[2026-03-09T19:11:55.059+0000] {logging_mixin.py:188} INFO - [2026-03-09T19:11:55.059+0000] {dag.py:3096} INFO - Sync 1 DAGs
[2026-03-09T19:11:55.088+0000] {logging_mixin.py:188} INFO - [2026-03-09T19:11:55.087+0000] {dag.py:3954} INFO - Setting next_dagrun for example_weekday_branch_operator to 2026-03-08 00:00:00+00:00, run_after=2026-03-09 00:00:00+00:00
[2026-03-09T19:11:55.113+0000] {processor.py:183} INFO - Processing /home/airflow/.local/lib/python3.12/site-packages/airflow/example_dags/example_branch_day_of_week_operator.py took 0.100 seconds
[2026-03-09T19:12:25.425+0000] {processor.py:161} INFO - Started process (PID=661) to work on /home/airflow/.local/lib/python3.12/site-packages/airflow/example_dags/example_branch_day_of_week_operator.py
[2026-03-09T19:12:25.426+0000] {processor.py:830} INFO - Processing file /home/airflow/.local/lib/python3.12/site-packages/airflow/example_dags/example_branch_day_of_week_operator.py for tasks to queue
[2026-03-09T19:12:25.430+0000] {logging_mixin.py:188} INFO - [2026-03-09T19:12:25.429+0000] {dagbag.py:545} INFO - Filling up the DagBag from /home/airflow/.local/lib/python3.12/site-packages/airflow/example_dags/example_branch_day_of_week_operator.py
[2026-03-09T19:12:25.445+0000] {processor.py:840} INFO - DAG(s) 'example_weekday_branch_operator' retrieved from /home/airflow/.local/lib/python3.12/site-packages/airflow/example_dags/example_branch_day_of_week_operator.py
[2026-03-09T19:12:25.472+0000] {logging_mixin.py:188} INFO - [2026-03-09T19:12:25.472+0000] {dag.py:3096} INFO - Sync 1 DAGs
[2026-03-09T19:12:25.501+0000] {logging_mixin.py:188} INFO - [2026-03-09T19:12:25.500+0000] {dag.py:3954} INFO - Setting next_dagrun for example_weekday_branch_operator to 2026-03-08 00:00:00+00:00, run_after=2026-03-09 00:00:00+00:00
[2026-03-09T19:12:25.525+0000] {processor.py:183} INFO - Processing /home/airflow/.local/lib/python3.12/site-packages/airflow/example_dags/example_branch_day_of_week_operator.py took 0.110 seconds
[2026-03-09T19:12:55.632+0000] {processor.py:161} INFO - Started process (PID=720) to work on /home/airflow/.local/lib/python3.12/site-packages/airflow/example_dags/example_branch_day_of_week_operator.py
[2026-03-09T19:12:55.633+0000] {processor.py:830} INFO - Processing file /home/airflow/.local/lib/python3.12/site-packages/airflow/example_dags/example_branch_day_of_week_operator.py for tasks to queue
[2026-03-09T19:12:55.636+0000] {logging_mixin.py:188} INFO - [2026-03-09T19:12:55.636+0000] {dagbag.py:545} INFO - Filling up the DagBag from /home/airflow/.local/lib/python3.12/site-packages/airflow/example_dags/example_branch_day_of_week_operator.py
[2026-03-09T19:12:55.646+0000] {processor.py:840} INFO - DAG(s) 'example_weekday_branch_operator' retrieved from /home/airflow/.local/lib/python3.12/site-packages/airflow/example_dags/example_branch_day_of_week_operator.py
[2026-03-09T19:12:55.676+0000] {logging_mixin.py:188} INFO - [2026-03-09T19:12:55.676+0000] {dag.py:3096} INFO - Sync 1 DAGs
[2026-03-09T19:12:55.707+0000] {logging_mixin.py:188} INFO - [2026-03-09T19:12:55.707+0000] {dag.py:3954} INFO - Setting next_dagrun for example_weekday_branch_operator to 2026-03-08 00:00:00+00:00, run_after=2026-03-09 00:00:00+00:00
[2026-03-09T19:12:55.735+0000] {processor.py:183} INFO - Processing /home/airflow/.local/lib/python3.12/site-packages/airflow/example_dags/example_branch_day_of_week_operator.py took 0.112 seconds
[2026-03-09T19:13:25.814+0000] {processor.py:161} INFO - Started process (PID=780) to work on /home/airflow/.local/lib/python3.12/site-packages/airflow/example_dags/example_branch_day_of_week_operator.py
[2026-03-09T19:13:25.816+0000] {processor.py:830} INFO - Processing file /home/airflow/.local/lib/python3.12/site-packages/airflow/example_dags/example_branch_day_of_week_operator.py for tasks to queue
[2026-03-09T19:13:25.819+0000] {logging_mixin.py:188} INFO - [2026-03-09T19:13:25.819+0000] {dagbag.py:545} INFO - Filling up the DagBag from /home/airflow/.local/lib/python3.12/site-packages/airflow/example_dags/example_branch_day_of_week_operator.py
[2026-03-09T19:13:25.833+0000] {processor.py:840} INFO - DAG(s) 'example_weekday_branch_operator' retrieved from /home/airflow/.local/lib/python3.12/site-packages/airflow/example_dags/example_branch_day_of_week_operator.py
[2026-03-09T19:13:25.856+0000] {logging_mixin.py:188} INFO - [2026-03-09T19:13:25.856+0000] {dag.py:3096} INFO - Sync 1 DAGs
[2026-03-09T19:13:25.893+0000] {logging_mixin.py:188} INFO - [2026-03-09T19:13:25.893+0000] {dag.py:3954} INFO - Setting next_dagrun for example_weekday_branch_operator to 2026-03-08 00:00:00+00:00, run_after=2026-03-09 00:00:00+00:00
[2026-03-09T19:13:25.922+0000] {processor.py:183} INFO - Processing /home/airflow/.local/lib/python3.12/site-packages/airflow/example_dags/example_branch_day_of_week_operator.py took 0.115 seconds
[2026-03-09T19:13:56.044+0000] {processor.py:161} INFO - Started process (PID=840) to work on /home/airflow/.local/lib/python3.12/site-packages/airflow/example_dags/example_branch_day_of_week_operator.py
[2026-03-09T19:13:56.045+0000] {processor.py:830} INFO - Processing file /home/airflow/.local/lib/python3.12/site-packages/airflow/example_dags/example_branch_day_of_week_operator.py for tasks to queue
[2026-03-09T19:13:56.048+0000] {logging_mixin.py:188} INFO - [2026-03-09T19:13:56.048+0000] {dagbag.py:545} INFO - Filling up the DagBag from /home/airflow/.local/lib/python3.12/site-packages/airflow/example_dags/example_branch_day_of_week_operator.py
[2026-03-09T19:13:56.058+0000] {processor.py:840} INFO - DAG(s) 'example_weekday_branch_operator' retrieved from /home/airflow/.local/lib/python3.12/site-packages/airflow/example_dags/example_branch_day_of_week_operator.py
[2026-03-09T19:13:56.084+0000] {logging_mixin.py:188} INFO - [2026-03-09T19:13:56.084+0000] {dag.py:3096} INFO - Sync 1 DAGs
[2026-03-09T19:13:56.111+0000] {logging_mixin.py:188} INFO - [2026-03-09T19:13:56.111+0000] {dag.py:3954} INFO - Setting next_dagrun for example_weekday_branch_operator to 2026-03-08 00:00:00+00:00, run_after=2026-03-09 00:00:00+00:00
[2026-03-09T19:13:56.139+0000] {processor.py:183} INFO - Processing /home/airflow/.local/lib/python3.12/site-packages/airflow/example_dags/example_branch_day_of_week_operator.py took 0.102 seconds
[2026-03-09T19:14:26.747+0000] {processor.py:161} INFO - Started process (PID=900) to work on /home/airflow/.local/lib/python3.12/site-packages/airflow/example_dags/example_branch_day_of_week_operator.py
[2026-03-09T19:14:26.748+0000] {processor.py:830} INFO - Processing file /home/airflow/.local/lib/python3.12/site-packages/airflow/example_dags/example_branch_day_of_week_operator.py for tasks to queue
[2026-03-09T19:14:26.751+0000] {logging_mixin.py:188} INFO - [2026-03-09T19:14:26.751+0000] {dagbag.py:545} INFO - Filling up the DagBag from /home/airflow/.local/lib/python3.12/site-packages/airflow/example_dags/example_branch_day_of_week_operator.py
[2026-03-09T19:14:26.762+0000] {processor.py:840} INFO - DAG(s) 'example_weekday_branch_operator' retrieved from /home/airflow/.local/lib/python3.12/site-packages/airflow/example_dags/example_branch_day_of_week_operator.py
[2026-03-09T19:14:26.786+0000] {logging_mixin.py:188} INFO - [2026-03-09T19:14:26.786+0000] {dag.py:3096} INFO - Sync 1 DAGs
[2026-03-09T19:14:26.818+0000] {logging_mixin.py:188} INFO - [2026-03-09T19:14:26.818+0000] {dag.py:3954} INFO - Setting next_dagrun for example_weekday_branch_operator to 2026-03-08 00:00:00+00:00, run_after=2026-03-09 00:00:00+00:00
[2026-03-09T19:14:26.844+0000] {processor.py:183} INFO - Processing /home/airflow/.local/lib/python3.12/site-packages/airflow/example_dags/example_branch_day_of_week_operator.py took 0.107 seconds
[2026-03-09T19:14:57.060+0000] {processor.py:161} INFO - Started process (PID=960) to work on /home/airflow/.local/lib/python3.12/site-packages/airflow/example_dags/example_branch_day_of_week_operator.py
[2026-03-09T19:14:57.061+0000] {processor.py:830} INFO - Processing file /home/airflow/.local/lib/python3.12/site-packages/airflow/example_dags/example_branch_day_of_week_operator.py for tasks to queue
[2026-03-09T19:14:57.064+0000] {logging_mixin.py:188} INFO - [2026-03-09T19:14:57.063+0000] {dagbag.py:545} INFO - Filling up the DagBag from /home/airflow/.local/lib/python3.12/site-packages/airflow/example_dags/example_branch_day_of_week_operator.py
[2026-03-09T19:14:57.073+0000] {processor.py:840} INFO - DAG(s) 'example_weekday_branch_operator' retrieved from /home/airflow/.local/lib/python3.12/site-packages/airflow/example_dags/example_branch_day_of_week_operator.py
[2026-03-09T19:14:57.096+0000] {logging_mixin.py:188} INFO - [2026-03-09T19:14:57.096+0000] {dag.py:3096} INFO - Sync 1 DAGs
[2026-03-09T19:14:57.125+0000] {logging_mixin.py:188} INFO - [2026-03-09T19:14:57.125+0000] {dag.py:3954} INFO - Setting next_dagrun for example_weekday_branch_operator to 2026-03-08 00:00:00+00:00, run_after=2026-03-09 00:00:00+00:00
[2026-03-09T19:14:57.149+0000] {processor.py:183} INFO - Processing /home/airflow/.local/lib/python3.12/site-packages/airflow/example_dags/example_branch_day_of_week_operator.py took 0.095 seconds
[2026-03-09T19:15:27.672+0000] {processor.py:161} INFO - Started process (PID=1020) to work on /home/airflow/.local/lib/python3.12/site-packages/airflow/example_dags/example_branch_day_of_week_operator.py
[2026-03-09T19:15:27.673+0000] {processor.py:830} INFO - Processing file /home/airflow/.local/lib/python3.12/site-packages/airflow/example_dags/example_branch_day_of_week_operator.py for tasks to queue
[2026-03-09T19:15:27.676+0000] {logging_mixin.py:188} INFO - [2026-03-09T19:15:27.675+0000] {dagbag.py:545} INFO - Filling up the DagBag from /home/airflow/.local/lib/python3.12/site-packages/airflow/example_dags/example_branch_day_of_week_operator.py
[2026-03-09T19:15:27.687+0000] {processor.py:840} INFO - DAG(s) 'example_weekday_branch_operator' retrieved from /home/airflow/.local/lib/python3.12/site-packages/airflow/example_dags/example_branch_day_of_week_operator.py
[2026-03-09T19:15:27.716+0000] {logging_mixin.py:188} INFO - [2026-03-09T19:15:27.715+0000] {dag.py:3096} INFO - Sync 1 DAGs
[2026-03-09T19:15:27.748+0000] {logging_mixin.py:188} INFO - [2026-03-09T19:15:27.747+0000] {dag.py:3954} INFO - Setting next_dagrun for example_weekday_branch_operator to 2026-03-08 00:00:00+00:00, run_after=2026-03-09 00:00:00+00:00
[2026-03-09T19:15:27.783+0000] {processor.py:183} INFO - Processing /home/airflow/.local/lib/python3.12/site-packages/airflow/example_dags/example_branch_day_of_week_operator.py took 0.117 seconds
