[2026-03-09T19:04:44.228+0000] {processor.py:161} INFO - Started process (PID=59) to work on /home/airflow/.local/lib/python3.12/site-packages/airflow/example_dags/example_short_circuit_decorator.py
[2026-03-09T19:04:44.229+0000] {processor.py:830} INFO - Processing file /home/airflow/.local/lib/python3.12/site-packages/airflow/example_dags/example_short_circuit_decorator.py for tasks to queue
[2026-03-09T19:04:44.232+0000] {logging_mixin.py:188} INFO - [2026-03-09T19:04:44.231+0000] {dagbag.py:545} INFO - Filling up the DagBag from /home/airflow/.local/lib/python3.12/site-packages/airflow/example_dags/example_short_circuit_decorator.py
[2026-03-09T19:04:44.250+0000] {processor.py:840} INFO - DAG(s) 'example_short_circuit_decorator' retrieved from /home/airflow/.local/lib/python3.12/site-packages/airflow/example_dags/example_short_circuit_decorator.py
[2026-03-09T19:04:44.288+0000] {logging_mixin.py:188} INFO - [2026-03-09T19:04:44.288+0000] {dag.py:3096} INFO - Sync 1 DAGs
[2026-03-09T19:04:44.323+0000] {logging_mixin.py:188} INFO - [2026-03-09T19:04:44.322+0000] {dag.py:3954} INFO - Setting next_dagrun for example_short_circuit_decorator to 2026-03-08 00:00:00+00:00, run_after=2026-03-09 00:00:00+00:00
[2026-03-09T19:04:44.362+0000] {processor.py:183} INFO - Processing /home/airflow/.local/lib/python3.12/site-packages/airflow/example_dags/example_short_circuit_decorator.py took 0.143 seconds
[2026-03-09T19:05:14.796+0000] {processor.py:161} INFO - Started process (PID=117) to work on /home/airflow/.local/lib/python3.12/site-packages/airflow/example_dags/example_short_circuit_decorator.py
[2026-03-09T19:05:14.798+0000] {processor.py:830} INFO - Processing file /home/airflow/.local/lib/python3.12/site-packages/airflow/example_dags/example_short_circuit_decorator.py for tasks to queue
[2026-03-09T19:05:14.801+0000] {logging_mixin.py:188} INFO - [2026-03-09T19:05:14.801+0000] {dagbag.py:545} INFO - Filling up the DagBag from /home/airflow/.local/lib/python3.12/site-packages/airflow/example_dags/example_short_circuit_decorator.py
[2026-03-09T19:05:14.812+0000] {processor.py:840} INFO - DAG(s) 'example_short_circuit_decorator' retrieved from /home/airflow/.local/lib/python3.12/site-packages/airflow/example_dags/example_short_circuit_decorator.py
[2026-03-09T19:05:14.842+0000] {logging_mixin.py:188} INFO - [2026-03-09T19:05:14.841+0000] {dag.py:3096} INFO - Sync 1 DAGs
[2026-03-09T19:05:14.868+0000] {logging_mixin.py:188} INFO - [2026-03-09T19:05:14.868+0000] {dag.py:3954} INFO - Setting next_dagrun for example_short_circuit_decorator to 2026-03-08 00:00:00+00:00, run_after=2026-03-09 00:00:00+00:00
[2026-03-09T19:05:14.892+0000] {processor.py:183} INFO - Processing /home/airflow/.local/lib/python3.12/site-packages/airflow/example_dags/example_short_circuit_decorator.py took 0.104 seconds
[2026-03-09T19:05:45.037+0000] {processor.py:161} INFO - Started process (PID=175) to work on /home/airflow/.local/lib/python3.12/site-packages/airflow/example_dags/example_short_circuit_decorator.py
[2026-03-09T19:05:45.038+0000] {processor.py:830} INFO - Processing file /home/airflow/.local/lib/python3.12/site-packages/airflow/example_dags/example_short_circuit_decorator.py for tasks to queue
[2026-03-09T19:05:45.041+0000] {logging_mixin.py:188} INFO - [2026-03-09T19:05:45.041+0000] {dagbag.py:545} INFO - Filling up the DagBag from /home/airflow/.local/lib/python3.12/site-packages/airflow/example_dags/example_short_circuit_decorator.py
[2026-03-09T19:05:45.052+0000] {processor.py:840} INFO - DAG(s) 'example_short_circuit_decorator' retrieved from /home/airflow/.local/lib/python3.12/site-packages/airflow/example_dags/example_short_circuit_decorator.py
[2026-03-09T19:05:45.079+0000] {logging_mixin.py:188} INFO - [2026-03-09T19:05:45.079+0000] {dag.py:3096} INFO - Sync 1 DAGs
[2026-03-09T19:05:45.106+0000] {logging_mixin.py:188} INFO - [2026-03-09T19:05:45.106+0000] {dag.py:3954} INFO - Setting next_dagrun for example_short_circuit_decorator to 2026-03-08 00:00:00+00:00, run_after=2026-03-09 00:00:00+00:00
[2026-03-09T19:05:45.134+0000] {processor.py:183} INFO - Processing /home/airflow/.local/lib/python3.12/site-packages/airflow/example_dags/example_short_circuit_decorator.py took 0.107 seconds
[2026-03-09T19:06:15.190+0000] {processor.py:161} INFO - Started process (PID=232) to work on /home/airflow/.local/lib/python3.12/site-packages/airflow/example_dags/example_short_circuit_decorator.py
[2026-03-09T19:06:15.191+0000] {processor.py:830} INFO - Processing file /home/airflow/.local/lib/python3.12/site-packages/airflow/example_dags/example_short_circuit_decorator.py for tasks to queue
[2026-03-09T19:06:15.193+0000] {logging_mixin.py:188} INFO - [2026-03-09T19:06:15.192+0000] {dagbag.py:545} INFO - Filling up the DagBag from /home/airflow/.local/lib/python3.12/site-packages/airflow/example_dags/example_short_circuit_decorator.py
[2026-03-09T19:06:15.204+0000] {processor.py:840} INFO - DAG(s) 'example_short_circuit_decorator' retrieved from /home/airflow/.local/lib/python3.12/site-packages/airflow/example_dags/example_short_circuit_decorator.py
[2026-03-09T19:06:15.229+0000] {logging_mixin.py:188} INFO - [2026-03-09T19:06:15.229+0000] {dag.py:3096} INFO - Sync 1 DAGs
[2026-03-09T19:06:15.255+0000] {logging_mixin.py:188} INFO - [2026-03-09T19:06:15.255+0000] {dag.py:3954} INFO - Setting next_dagrun for example_short_circuit_decorator to 2026-03-08 00:00:00+00:00, run_after=2026-03-09 00:00:00+00:00
[2026-03-09T19:06:15.281+0000] {processor.py:183} INFO - Processing /home/airflow/.local/lib/python3.12/site-packages/airflow/example_dags/example_short_circuit_decorator.py took 0.097 seconds
[2026-03-09T19:07:20.179+0000] {processor.py:161} INFO - Started process (PID=63) to work on /home/airflow/.local/lib/python3.12/site-packages/airflow/example_dags/example_short_circuit_decorator.py
[2026-03-09T19:07:20.180+0000] {processor.py:830} INFO - Processing file /home/airflow/.local/lib/python3.12/site-packages/airflow/example_dags/example_short_circuit_decorator.py for tasks to queue
[2026-03-09T19:07:20.183+0000] {logging_mixin.py:188} INFO - [2026-03-09T19:07:20.183+0000] {dagbag.py:545} INFO - Filling up the DagBag from /home/airflow/.local/lib/python3.12/site-packages/airflow/example_dags/example_short_circuit_decorator.py
[2026-03-09T19:07:20.215+0000] {processor.py:840} INFO - DAG(s) 'example_short_circuit_decorator' retrieved from /home/airflow/.local/lib/python3.12/site-packages/airflow/example_dags/example_short_circuit_decorator.py
[2026-03-09T19:07:20.239+0000] {logging_mixin.py:188} INFO - [2026-03-09T19:07:20.238+0000] {dag.py:3096} INFO - Sync 1 DAGs
[2026-03-09T19:07:20.299+0000] {logging_mixin.py:188} INFO - [2026-03-09T19:07:20.298+0000] {dag.py:3954} INFO - Setting next_dagrun for example_short_circuit_decorator to 2026-03-08 00:00:00+00:00, run_after=2026-03-09 00:00:00+00:00
[2026-03-09T19:07:20.367+0000] {processor.py:183} INFO - Processing /home/airflow/.local/lib/python3.12/site-packages/airflow/example_dags/example_short_circuit_decorator.py took 0.196 seconds
[2026-03-09T19:07:51.173+0000] {processor.py:161} INFO - Started process (PID=123) to work on /home/airflow/.local/lib/python3.12/site-packages/airflow/example_dags/example_short_circuit_decorator.py
[2026-03-09T19:07:51.174+0000] {processor.py:830} INFO - Processing file /home/airflow/.local/lib/python3.12/site-packages/airflow/example_dags/example_short_circuit_decorator.py for tasks to queue
[2026-03-09T19:07:51.177+0000] {logging_mixin.py:188} INFO - [2026-03-09T19:07:51.177+0000] {dagbag.py:545} INFO - Filling up the DagBag from /home/airflow/.local/lib/python3.12/site-packages/airflow/example_dags/example_short_circuit_decorator.py
[2026-03-09T19:07:51.190+0000] {processor.py:840} INFO - DAG(s) 'example_short_circuit_decorator' retrieved from /home/airflow/.local/lib/python3.12/site-packages/airflow/example_dags/example_short_circuit_decorator.py
[2026-03-09T19:07:51.319+0000] {logging_mixin.py:188} INFO - [2026-03-09T19:07:51.319+0000] {dag.py:3096} INFO - Sync 1 DAGs
[2026-03-09T19:07:51.343+0000] {logging_mixin.py:188} INFO - [2026-03-09T19:07:51.342+0000] {dag.py:3954} INFO - Setting next_dagrun for example_short_circuit_decorator to 2026-03-08 00:00:00+00:00, run_after=2026-03-09 00:00:00+00:00
[2026-03-09T19:07:51.370+0000] {processor.py:183} INFO - Processing /home/airflow/.local/lib/python3.12/site-packages/airflow/example_dags/example_short_circuit_decorator.py took 0.204 seconds
[2026-03-09T19:08:21.680+0000] {processor.py:161} INFO - Started process (PID=183) to work on /home/airflow/.local/lib/python3.12/site-packages/airflow/example_dags/example_short_circuit_decorator.py
[2026-03-09T19:08:21.681+0000] {processor.py:830} INFO - Processing file /home/airflow/.local/lib/python3.12/site-packages/airflow/example_dags/example_short_circuit_decorator.py for tasks to queue
[2026-03-09T19:08:21.684+0000] {logging_mixin.py:188} INFO - [2026-03-09T19:08:21.683+0000] {dagbag.py:545} INFO - Filling up the DagBag from /home/airflow/.local/lib/python3.12/site-packages/airflow/example_dags/example_short_circuit_decorator.py
[2026-03-09T19:08:21.698+0000] {processor.py:840} INFO - DAG(s) 'example_short_circuit_decorator' retrieved from /home/airflow/.local/lib/python3.12/site-packages/airflow/example_dags/example_short_circuit_decorator.py
[2026-03-09T19:08:21.734+0000] {logging_mixin.py:188} INFO - [2026-03-09T19:08:21.733+0000] {dag.py:3096} INFO - Sync 1 DAGs
[2026-03-09T19:08:21.761+0000] {logging_mixin.py:188} INFO - [2026-03-09T19:08:21.761+0000] {dag.py:3954} INFO - Setting next_dagrun for example_short_circuit_decorator to 2026-03-08 00:00:00+00:00, run_after=2026-03-09 00:00:00+00:00
[2026-03-09T19:08:21.794+0000] {processor.py:183} INFO - Processing /home/airflow/.local/lib/python3.12/site-packages/airflow/example_dags/example_short_circuit_decorator.py took 0.125 seconds
[2026-03-09T19:08:52.537+0000] {processor.py:161} INFO - Started process (PID=243) to work on /home/airflow/.local/lib/python3.12/site-packages/airflow/example_dags/example_short_circuit_decorator.py
[2026-03-09T19:08:52.538+0000] {processor.py:830} INFO - Processing file /home/airflow/.local/lib/python3.12/site-packages/airflow/example_dags/example_short_circuit_decorator.py for tasks to queue
[2026-03-09T19:08:52.540+0000] {logging_mixin.py:188} INFO - [2026-03-09T19:08:52.540+0000] {dagbag.py:545} INFO - Filling up the DagBag from /home/airflow/.local/lib/python3.12/site-packages/airflow/example_dags/example_short_circuit_decorator.py
[2026-03-09T19:08:52.552+0000] {processor.py:840} INFO - DAG(s) 'example_short_circuit_decorator' retrieved from /home/airflow/.local/lib/python3.12/site-packages/airflow/example_dags/example_short_circuit_decorator.py
[2026-03-09T19:08:52.582+0000] {logging_mixin.py:188} INFO - [2026-03-09T19:08:52.581+0000] {dag.py:3096} INFO - Sync 1 DAGs
[2026-03-09T19:08:52.608+0000] {logging_mixin.py:188} INFO - [2026-03-09T19:08:52.608+0000] {dag.py:3954} INFO - Setting next_dagrun for example_short_circuit_decorator to 2026-03-08 00:00:00+00:00, run_after=2026-03-09 00:00:00+00:00
[2026-03-09T19:08:52.633+0000] {processor.py:183} INFO - Processing /home/airflow/.local/lib/python3.12/site-packages/airflow/example_dags/example_short_circuit_decorator.py took 0.103 seconds
[2026-03-09T19:09:23.240+0000] {processor.py:161} INFO - Started process (PID=303) to work on /home/airflow/.local/lib/python3.12/site-packages/airflow/example_dags/example_short_circuit_decorator.py
[2026-03-09T19:09:23.241+0000] {processor.py:830} INFO - Processing file /home/airflow/.local/lib/python3.12/site-packages/airflow/example_dags/example_short_circuit_decorator.py for tasks to queue
[2026-03-09T19:09:23.244+0000] {logging_mixin.py:188} INFO - [2026-03-09T19:09:23.244+0000] {dagbag.py:545} INFO - Filling up the DagBag from /home/airflow/.local/lib/python3.12/site-packages/airflow/example_dags/example_short_circuit_decorator.py
[2026-03-09T19:09:23.256+0000] {processor.py:840} INFO - DAG(s) 'example_short_circuit_decorator' retrieved from /home/airflow/.local/lib/python3.12/site-packages/airflow/example_dags/example_short_circuit_decorator.py
[2026-03-09T19:09:23.284+0000] {logging_mixin.py:188} INFO - [2026-03-09T19:09:23.284+0000] {dag.py:3096} INFO - Sync 1 DAGs
[2026-03-09T19:09:23.317+0000] {logging_mixin.py:188} INFO - [2026-03-09T19:09:23.316+0000] {dag.py:3954} INFO - Setting next_dagrun for example_short_circuit_decorator to 2026-03-08 00:00:00+00:00, run_after=2026-03-09 00:00:00+00:00
[2026-03-09T19:09:23.339+0000] {processor.py:183} INFO - Processing /home/airflow/.local/lib/python3.12/site-packages/airflow/example_dags/example_short_circuit_decorator.py took 0.106 seconds
[2026-03-09T19:09:53.672+0000] {processor.py:161} INFO - Started process (PID=363) to work on /home/airflow/.local/lib/python3.12/site-packages/airflow/example_dags/example_short_circuit_decorator.py
[2026-03-09T19:09:53.673+0000] {processor.py:830} INFO - Processing file /home/airflow/.local/lib/python3.12/site-packages/airflow/example_dags/example_short_circuit_decorator.py for tasks to queue
[2026-03-09T19:09:53.675+0000] {logging_mixin.py:188} INFO - [2026-03-09T19:09:53.675+0000] {dagbag.py:545} INFO - Filling up the DagBag from /home/airflow/.local/lib/python3.12/site-packages/airflow/example_dags/example_short_circuit_decorator.py
[2026-03-09T19:09:53.686+0000] {processor.py:840} INFO - DAG(s) 'example_short_circuit_decorator' retrieved from /home/airflow/.local/lib/python3.12/site-packages/airflow/example_dags/example_short_circuit_decorator.py
[2026-03-09T19:09:53.721+0000] {logging_mixin.py:188} INFO - [2026-03-09T19:09:53.721+0000] {dag.py:3096} INFO - Sync 1 DAGs
[2026-03-09T19:09:53.749+0000] {logging_mixin.py:188} INFO - [2026-03-09T19:09:53.749+0000] {dag.py:3954} INFO - Setting next_dagrun for example_short_circuit_decorator to 2026-03-08 00:00:00+00:00, run_after=2026-03-09 00:00:00+00:00
[2026-03-09T19:09:53.771+0000] {processor.py:183} INFO - Processing /home/airflow/.local/lib/python3.12/site-packages/airflow/example_dags/example_short_circuit_decorator.py took 0.106 seconds
[2026-03-09T19:10:23.912+0000] {processor.py:161} INFO - Started process (PID=421) to work on /home/airflow/.local/lib/python3.12/site-packages/airflow/example_dags/example_short_circuit_decorator.py
[2026-03-09T19:10:23.913+0000] {processor.py:830} INFO - Processing file /home/airflow/.local/lib/python3.12/site-packages/airflow/example_dags/example_short_circuit_decorator.py for tasks to queue
[2026-03-09T19:10:23.915+0000] {logging_mixin.py:188} INFO - [2026-03-09T19:10:23.915+0000] {dagbag.py:545} INFO - Filling up the DagBag from /home/airflow/.local/lib/python3.12/site-packages/airflow/example_dags/example_short_circuit_decorator.py
[2026-03-09T19:10:23.926+0000] {processor.py:840} INFO - DAG(s) 'example_short_circuit_decorator' retrieved from /home/airflow/.local/lib/python3.12/site-packages/airflow/example_dags/example_short_circuit_decorator.py
[2026-03-09T19:10:23.950+0000] {logging_mixin.py:188} INFO - [2026-03-09T19:10:23.949+0000] {dag.py:3096} INFO - Sync 1 DAGs
[2026-03-09T19:10:23.975+0000] {logging_mixin.py:188} INFO - [2026-03-09T19:10:23.975+0000] {dag.py:3954} INFO - Setting next_dagrun for example_short_circuit_decorator to 2026-03-08 00:00:00+00:00, run_after=2026-03-09 00:00:00+00:00
[2026-03-09T19:10:23.998+0000] {processor.py:183} INFO - Processing /home/airflow/.local/lib/python3.12/site-packages/airflow/example_dags/example_short_circuit_decorator.py took 0.092 seconds
[2026-03-09T19:10:54.422+0000] {processor.py:161} INFO - Started process (PID=481) to work on /home/airflow/.local/lib/python3.12/site-packages/airflow/example_dags/example_short_circuit_decorator.py
[2026-03-09T19:10:54.423+0000] {processor.py:830} INFO - Processing file /home/airflow/.local/lib/python3.12/site-packages/airflow/example_dags/example_short_circuit_decorator.py for tasks to queue
[2026-03-09T19:10:54.426+0000] {logging_mixin.py:188} INFO - [2026-03-09T19:10:54.426+0000] {dagbag.py:545} INFO - Filling up the DagBag from /home/airflow/.local/lib/python3.12/site-packages/airflow/example_dags/example_short_circuit_decorator.py
[2026-03-09T19:10:54.441+0000] {processor.py:840} INFO - DAG(s) 'example_short_circuit_decorator' retrieved from /home/airflow/.local/lib/python3.12/site-packages/airflow/example_dags/example_short_circuit_decorator.py
[2026-03-09T19:10:54.502+0000] {logging_mixin.py:188} INFO - [2026-03-09T19:10:54.501+0000] {dag.py:3096} INFO - Sync 1 DAGs
[2026-03-09T19:10:54.548+0000] {logging_mixin.py:188} INFO - [2026-03-09T19:10:54.547+0000] {dag.py:3954} INFO - Setting next_dagrun for example_short_circuit_decorator to 2026-03-08 00:00:00+00:00, run_after=2026-03-09 00:00:00+00:00
[2026-03-09T19:10:54.592+0000] {processor.py:183} INFO - Processing /home/airflow/.local/lib/python3.12/site-packages/airflow/example_dags/example_short_circuit_decorator.py took 0.181 seconds
[2026-03-09T19:11:24.721+0000] {processor.py:161} INFO - Started process (PID=541) to work on /home/airflow/.local/lib/python3.12/site-packages/airflow/example_dags/example_short_circuit_decorator.py
[2026-03-09T19:11:24.722+0000] {processor.py:830} INFO - Processing file /home/airflow/.local/lib/python3.12/site-packages/airflow/example_dags/example_short_circuit_decorator.py for tasks to queue
[2026-03-09T19:11:24.724+0000] {logging_mixin.py:188} INFO - [2026-03-09T19:11:24.724+0000] {dagbag.py:545} INFO - Filling up the DagBag from /home/airflow/.local/lib/python3.12/site-packages/airflow/example_dags/example_short_circuit_decorator.py
[2026-03-09T19:11:24.734+0000] {processor.py:840} INFO - DAG(s) 'example_short_circuit_decorator' retrieved from /home/airflow/.local/lib/python3.12/site-packages/airflow/example_dags/example_short_circuit_decorator.py
[2026-03-09T19:11:24.762+0000] {logging_mixin.py:188} INFO - [2026-03-09T19:11:24.761+0000] {dag.py:3096} INFO - Sync 1 DAGs
[2026-03-09T19:11:24.787+0000] {logging_mixin.py:188} INFO - [2026-03-09T19:11:24.787+0000] {dag.py:3954} INFO - Setting next_dagrun for example_short_circuit_decorator to 2026-03-08 00:00:00+00:00, run_after=2026-03-09 00:00:00+00:00
[2026-03-09T19:11:24.809+0000] {processor.py:183} INFO - Processing /home/airflow/.local/lib/python3.12/site-packages/airflow/example_dags/example_short_circuit_decorator.py took 0.094 seconds
[2026-03-09T19:11:54.903+0000] {processor.py:161} INFO - Started process (PID=600) to work on /home/airflow/.local/lib/python3.12/site-packages/airflow/example_dags/example_short_circuit_decorator.py
[2026-03-09T19:11:54.904+0000] {processor.py:830} INFO - Processing file /home/airflow/.local/lib/python3.12/site-packages/airflow/example_dags/example_short_circuit_decorator.py for tasks to queue
[2026-03-09T19:11:54.907+0000] {logging_mixin.py:188} INFO - [2026-03-09T19:11:54.906+0000] {dagbag.py:545} INFO - Filling up the DagBag from /home/airflow/.local/lib/python3.12/site-packages/airflow/example_dags/example_short_circuit_decorator.py
[2026-03-09T19:11:54.917+0000] {processor.py:840} INFO - DAG(s) 'example_short_circuit_decorator' retrieved from /home/airflow/.local/lib/python3.12/site-packages/airflow/example_dags/example_short_circuit_decorator.py
[2026-03-09T19:11:54.942+0000] {logging_mixin.py:188} INFO - [2026-03-09T19:11:54.942+0000] {dag.py:3096} INFO - Sync 1 DAGs
[2026-03-09T19:11:54.968+0000] {logging_mixin.py:188} INFO - [2026-03-09T19:11:54.968+0000] {dag.py:3954} INFO - Setting next_dagrun for example_short_circuit_decorator to 2026-03-08 00:00:00+00:00, run_after=2026-03-09 00:00:00+00:00
[2026-03-09T19:11:54.991+0000] {processor.py:183} INFO - Processing /home/airflow/.local/lib/python3.12/site-packages/airflow/example_dags/example_short_circuit_decorator.py took 0.095 seconds
[2026-03-09T19:12:25.407+0000] {processor.py:161} INFO - Started process (PID=660) to work on /home/airflow/.local/lib/python3.12/site-packages/airflow/example_dags/example_short_circuit_decorator.py
[2026-03-09T19:12:25.408+0000] {processor.py:830} INFO - Processing file /home/airflow/.local/lib/python3.12/site-packages/airflow/example_dags/example_short_circuit_decorator.py for tasks to queue
[2026-03-09T19:12:25.412+0000] {logging_mixin.py:188} INFO - [2026-03-09T19:12:25.412+0000] {dagbag.py:545} INFO - Filling up the DagBag from /home/airflow/.local/lib/python3.12/site-packages/airflow/example_dags/example_short_circuit_decorator.py
[2026-03-09T19:12:25.429+0000] {processor.py:840} INFO - DAG(s) 'example_short_circuit_decorator' retrieved from /home/airflow/.local/lib/python3.12/site-packages/airflow/example_dags/example_short_circuit_decorator.py
[2026-03-09T19:12:25.469+0000] {logging_mixin.py:188} INFO - [2026-03-09T19:12:25.469+0000] {dag.py:3096} INFO - Sync 1 DAGs
[2026-03-09T19:12:25.498+0000] {logging_mixin.py:188} INFO - [2026-03-09T19:12:25.498+0000] {dag.py:3954} INFO - Setting next_dagrun for example_short_circuit_decorator to 2026-03-08 00:00:00+00:00, run_after=2026-03-09 00:00:00+00:00
[2026-03-09T19:12:25.521+0000] {processor.py:183} INFO - Processing /home/airflow/.local/lib/python3.12/site-packages/airflow/example_dags/example_short_circuit_decorator.py took 0.122 seconds
[2026-03-09T19:12:55.614+0000] {processor.py:161} INFO - Started process (PID=719) to work on /home/airflow/.local/lib/python3.12/site-packages/airflow/example_dags/example_short_circuit_decorator.py
[2026-03-09T19:12:55.615+0000] {processor.py:830} INFO - Processing file /home/airflow/.local/lib/python3.12/site-packages/airflow/example_dags/example_short_circuit_decorator.py for tasks to queue
[2026-03-09T19:12:55.619+0000] {logging_mixin.py:188} INFO - [2026-03-09T19:12:55.618+0000] {dagbag.py:545} INFO - Filling up the DagBag from /home/airflow/.local/lib/python3.12/site-packages/airflow/example_dags/example_short_circuit_decorator.py
[2026-03-09T19:12:55.630+0000] {processor.py:840} INFO - DAG(s) 'example_short_circuit_decorator' retrieved from /home/airflow/.local/lib/python3.12/site-packages/airflow/example_dags/example_short_circuit_decorator.py
[2026-03-09T19:12:55.659+0000] {logging_mixin.py:188} INFO - [2026-03-09T19:12:55.659+0000] {dag.py:3096} INFO - Sync 1 DAGs
[2026-03-09T19:12:55.687+0000] {logging_mixin.py:188} INFO - [2026-03-09T19:12:55.687+0000] {dag.py:3954} INFO - Setting next_dagrun for example_short_circuit_decorator to 2026-03-08 00:00:00+00:00, run_after=2026-03-09 00:00:00+00:00
[2026-03-09T19:12:55.713+0000] {processor.py:183} INFO - Processing /home/airflow/.local/lib/python3.12/site-packages/airflow/example_dags/example_short_circuit_decorator.py took 0.110 seconds
[2026-03-09T19:13:25.808+0000] {processor.py:161} INFO - Started process (PID=779) to work on /home/airflow/.local/lib/python3.12/site-packages/airflow/example_dags/example_short_circuit_decorator.py
[2026-03-09T19:13:25.809+0000] {processor.py:830} INFO - Processing file /home/airflow/.local/lib/python3.12/site-packages/airflow/example_dags/example_short_circuit_decorator.py for tasks to queue
[2026-03-09T19:13:25.812+0000] {logging_mixin.py:188} INFO - [2026-03-09T19:13:25.811+0000] {dagbag.py:545} INFO - Filling up the DagBag from /home/airflow/.local/lib/python3.12/site-packages/airflow/example_dags/example_short_circuit_decorator.py
[2026-03-09T19:13:25.829+0000] {processor.py:840} INFO - DAG(s) 'example_short_circuit_decorator' retrieved from /home/airflow/.local/lib/python3.12/site-packages/airflow/example_dags/example_short_circuit_decorator.py
[2026-03-09T19:13:25.865+0000] {logging_mixin.py:188} INFO - [2026-03-09T19:13:25.864+0000] {dag.py:3096} INFO - Sync 1 DAGs
[2026-03-09T19:13:25.901+0000] {logging_mixin.py:188} INFO - [2026-03-09T19:13:25.900+0000] {dag.py:3954} INFO - Setting next_dagrun for example_short_circuit_decorator to 2026-03-08 00:00:00+00:00, run_after=2026-03-09 00:00:00+00:00
[2026-03-09T19:13:25.932+0000] {processor.py:183} INFO - Processing /home/airflow/.local/lib/python3.12/site-packages/airflow/example_dags/example_short_circuit_decorator.py took 0.131 seconds
[2026-03-09T19:13:56.028+0000] {processor.py:161} INFO - Started process (PID=839) to work on /home/airflow/.local/lib/python3.12/site-packages/airflow/example_dags/example_short_circuit_decorator.py
[2026-03-09T19:13:56.029+0000] {processor.py:830} INFO - Processing file /home/airflow/.local/lib/python3.12/site-packages/airflow/example_dags/example_short_circuit_decorator.py for tasks to queue
[2026-03-09T19:13:56.032+0000] {logging_mixin.py:188} INFO - [2026-03-09T19:13:56.031+0000] {dagbag.py:545} INFO - Filling up the DagBag from /home/airflow/.local/lib/python3.12/site-packages/airflow/example_dags/example_short_circuit_decorator.py
[2026-03-09T19:13:56.042+0000] {processor.py:840} INFO - DAG(s) 'example_short_circuit_decorator' retrieved from /home/airflow/.local/lib/python3.12/site-packages/airflow/example_dags/example_short_circuit_decorator.py
[2026-03-09T19:13:56.075+0000] {logging_mixin.py:188} INFO - [2026-03-09T19:13:56.075+0000] {dag.py:3096} INFO - Sync 1 DAGs
[2026-03-09T19:13:56.102+0000] {logging_mixin.py:188} INFO - [2026-03-09T19:13:56.102+0000] {dag.py:3954} INFO - Setting next_dagrun for example_short_circuit_decorator to 2026-03-08 00:00:00+00:00, run_after=2026-03-09 00:00:00+00:00
[2026-03-09T19:13:56.128+0000] {processor.py:183} INFO - Processing /home/airflow/.local/lib/python3.12/site-packages/airflow/example_dags/example_short_circuit_decorator.py took 0.107 seconds
[2026-03-09T19:14:26.723+0000] {processor.py:161} INFO - Started process (PID=899) to work on /home/airflow/.local/lib/python3.12/site-packages/airflow/example_dags/example_short_circuit_decorator.py
[2026-03-09T19:14:26.724+0000] {processor.py:830} INFO - Processing file /home/airflow/.local/lib/python3.12/site-packages/airflow/example_dags/example_short_circuit_decorator.py for tasks to queue
[2026-03-09T19:14:26.726+0000] {logging_mixin.py:188} INFO - [2026-03-09T19:14:26.726+0000] {dagbag.py:545} INFO - Filling up the DagBag from /home/airflow/.local/lib/python3.12/site-packages/airflow/example_dags/example_short_circuit_decorator.py
[2026-03-09T19:14:26.738+0000] {processor.py:840} INFO - DAG(s) 'example_short_circuit_decorator' retrieved from /home/airflow/.local/lib/python3.12/site-packages/airflow/example_dags/example_short_circuit_decorator.py
[2026-03-09T19:14:26.768+0000] {logging_mixin.py:188} INFO - [2026-03-09T19:14:26.768+0000] {dag.py:3096} INFO - Sync 1 DAGs
[2026-03-09T19:14:26.796+0000] {logging_mixin.py:188} INFO - [2026-03-09T19:14:26.796+0000] {dag.py:3954} INFO - Setting next_dagrun for example_short_circuit_decorator to 2026-03-08 00:00:00+00:00, run_after=2026-03-09 00:00:00+00:00
[2026-03-09T19:14:26.822+0000] {processor.py:183} INFO - Processing /home/airflow/.local/lib/python3.12/site-packages/airflow/example_dags/example_short_circuit_decorator.py took 0.107 seconds
[2026-03-09T19:14:57.045+0000] {processor.py:161} INFO - Started process (PID=959) to work on /home/airflow/.local/lib/python3.12/site-packages/airflow/example_dags/example_short_circuit_decorator.py
[2026-03-09T19:14:57.046+0000] {processor.py:830} INFO - Processing file /home/airflow/.local/lib/python3.12/site-packages/airflow/example_dags/example_short_circuit_decorator.py for tasks to queue
[2026-03-09T19:14:57.049+0000] {logging_mixin.py:188} INFO - [2026-03-09T19:14:57.048+0000] {dagbag.py:545} INFO - Filling up the DagBag from /home/airflow/.local/lib/python3.12/site-packages/airflow/example_dags/example_short_circuit_decorator.py
[2026-03-09T19:14:57.059+0000] {processor.py:840} INFO - DAG(s) 'example_short_circuit_decorator' retrieved from /home/airflow/.local/lib/python3.12/site-packages/airflow/example_dags/example_short_circuit_decorator.py
[2026-03-09T19:14:57.086+0000] {logging_mixin.py:188} INFO - [2026-03-09T19:14:57.086+0000] {dag.py:3096} INFO - Sync 1 DAGs
[2026-03-09T19:14:57.112+0000] {logging_mixin.py:188} INFO - [2026-03-09T19:14:57.112+0000] {dag.py:3954} INFO - Setting next_dagrun for example_short_circuit_decorator to 2026-03-08 00:00:00+00:00, run_after=2026-03-09 00:00:00+00:00
[2026-03-09T19:14:57.136+0000] {processor.py:183} INFO - Processing /home/airflow/.local/lib/python3.12/site-packages/airflow/example_dags/example_short_circuit_decorator.py took 0.098 seconds
[2026-03-09T19:15:27.661+0000] {processor.py:161} INFO - Started process (PID=1019) to work on /home/airflow/.local/lib/python3.12/site-packages/airflow/example_dags/example_short_circuit_decorator.py
[2026-03-09T19:15:27.662+0000] {processor.py:830} INFO - Processing file /home/airflow/.local/lib/python3.12/site-packages/airflow/example_dags/example_short_circuit_decorator.py for tasks to queue
[2026-03-09T19:15:27.665+0000] {logging_mixin.py:188} INFO - [2026-03-09T19:15:27.665+0000] {dagbag.py:545} INFO - Filling up the DagBag from /home/airflow/.local/lib/python3.12/site-packages/airflow/example_dags/example_short_circuit_decorator.py
[2026-03-09T19:15:27.677+0000] {processor.py:840} INFO - DAG(s) 'example_short_circuit_decorator' retrieved from /home/airflow/.local/lib/python3.12/site-packages/airflow/example_dags/example_short_circuit_decorator.py
[2026-03-09T19:15:27.711+0000] {logging_mixin.py:188} INFO - [2026-03-09T19:15:27.710+0000] {dag.py:3096} INFO - Sync 1 DAGs
[2026-03-09T19:15:27.741+0000] {logging_mixin.py:188} INFO - [2026-03-09T19:15:27.740+0000] {dag.py:3954} INFO - Setting next_dagrun for example_short_circuit_decorator to 2026-03-08 00:00:00+00:00, run_after=2026-03-09 00:00:00+00:00
[2026-03-09T19:15:27.772+0000] {processor.py:183} INFO - Processing /home/airflow/.local/lib/python3.12/site-packages/airflow/example_dags/example_short_circuit_decorator.py took 0.118 seconds
