[2026-03-09T19:04:44.114+0000] {processor.py:161} INFO - Started process (PID=58) to work on /home/airflow/.local/lib/python3.12/site-packages/airflow/example_dags/example_bash_decorator.py
[2026-03-09T19:04:44.115+0000] {processor.py:830} INFO - Processing file /home/airflow/.local/lib/python3.12/site-packages/airflow/example_dags/example_bash_decorator.py for tasks to queue
[2026-03-09T19:04:44.118+0000] {logging_mixin.py:188} INFO - [2026-03-09T19:04:44.117+0000] {dagbag.py:545} INFO - Filling up the DagBag from /home/airflow/.local/lib/python3.12/site-packages/airflow/example_dags/example_bash_decorator.py
[2026-03-09T19:04:44.153+0000] {processor.py:840} INFO - DAG(s) 'example_bash_decorator' retrieved from /home/airflow/.local/lib/python3.12/site-packages/airflow/example_dags/example_bash_decorator.py
[2026-03-09T19:04:44.322+0000] {logging_mixin.py:188} INFO - [2026-03-09T19:04:44.322+0000] {dag.py:3096} INFO - Sync 1 DAGs
[2026-03-09T19:04:44.344+0000] {logging_mixin.py:188} INFO - [2026-03-09T19:04:44.343+0000] {dag.py:3954} INFO - Setting next_dagrun for example_bash_decorator to None, run_after=None
[2026-03-09T19:04:44.376+0000] {processor.py:183} INFO - Processing /home/airflow/.local/lib/python3.12/site-packages/airflow/example_dags/example_bash_decorator.py took 0.269 seconds
[2026-03-09T19:05:14.649+0000] {processor.py:161} INFO - Started process (PID=116) to work on /home/airflow/.local/lib/python3.12/site-packages/airflow/example_dags/example_bash_decorator.py
[2026-03-09T19:05:14.653+0000] {processor.py:830} INFO - Processing file /home/airflow/.local/lib/python3.12/site-packages/airflow/example_dags/example_bash_decorator.py for tasks to queue
[2026-03-09T19:05:14.658+0000] {logging_mixin.py:188} INFO - [2026-03-09T19:05:14.657+0000] {dagbag.py:545} INFO - Filling up the DagBag from /home/airflow/.local/lib/python3.12/site-packages/airflow/example_dags/example_bash_decorator.py
[2026-03-09T19:05:14.689+0000] {processor.py:840} INFO - DAG(s) 'example_bash_decorator' retrieved from /home/airflow/.local/lib/python3.12/site-packages/airflow/example_dags/example_bash_decorator.py
[2026-03-09T19:05:14.727+0000] {logging_mixin.py:188} INFO - [2026-03-09T19:05:14.727+0000] {dag.py:3096} INFO - Sync 1 DAGs
[2026-03-09T19:05:14.744+0000] {logging_mixin.py:188} INFO - [2026-03-09T19:05:14.744+0000] {dag.py:3954} INFO - Setting next_dagrun for example_bash_decorator to None, run_after=None
[2026-03-09T19:05:14.769+0000] {processor.py:183} INFO - Processing /home/airflow/.local/lib/python3.12/site-packages/airflow/example_dags/example_bash_decorator.py took 0.132 seconds
[2026-03-09T19:05:44.905+0000] {processor.py:161} INFO - Started process (PID=173) to work on /home/airflow/.local/lib/python3.12/site-packages/airflow/example_dags/example_bash_decorator.py
[2026-03-09T19:05:44.906+0000] {processor.py:830} INFO - Processing file /home/airflow/.local/lib/python3.12/site-packages/airflow/example_dags/example_bash_decorator.py for tasks to queue
[2026-03-09T19:05:44.909+0000] {logging_mixin.py:188} INFO - [2026-03-09T19:05:44.908+0000] {dagbag.py:545} INFO - Filling up the DagBag from /home/airflow/.local/lib/python3.12/site-packages/airflow/example_dags/example_bash_decorator.py
[2026-03-09T19:05:44.927+0000] {processor.py:840} INFO - DAG(s) 'example_bash_decorator' retrieved from /home/airflow/.local/lib/python3.12/site-packages/airflow/example_dags/example_bash_decorator.py
[2026-03-09T19:05:44.960+0000] {logging_mixin.py:188} INFO - [2026-03-09T19:05:44.960+0000] {dag.py:3096} INFO - Sync 1 DAGs
[2026-03-09T19:05:44.978+0000] {logging_mixin.py:188} INFO - [2026-03-09T19:05:44.977+0000] {dag.py:3954} INFO - Setting next_dagrun for example_bash_decorator to None, run_after=None
[2026-03-09T19:05:45.001+0000] {processor.py:183} INFO - Processing /home/airflow/.local/lib/python3.12/site-packages/airflow/example_dags/example_bash_decorator.py took 0.103 seconds
[2026-03-09T19:06:15.077+0000] {processor.py:161} INFO - Started process (PID=231) to work on /home/airflow/.local/lib/python3.12/site-packages/airflow/example_dags/example_bash_decorator.py
[2026-03-09T19:06:15.079+0000] {processor.py:830} INFO - Processing file /home/airflow/.local/lib/python3.12/site-packages/airflow/example_dags/example_bash_decorator.py for tasks to queue
[2026-03-09T19:06:15.082+0000] {logging_mixin.py:188} INFO - [2026-03-09T19:06:15.081+0000] {dagbag.py:545} INFO - Filling up the DagBag from /home/airflow/.local/lib/python3.12/site-packages/airflow/example_dags/example_bash_decorator.py
[2026-03-09T19:06:15.098+0000] {processor.py:840} INFO - DAG(s) 'example_bash_decorator' retrieved from /home/airflow/.local/lib/python3.12/site-packages/airflow/example_dags/example_bash_decorator.py
[2026-03-09T19:06:15.123+0000] {logging_mixin.py:188} INFO - [2026-03-09T19:06:15.122+0000] {dag.py:3096} INFO - Sync 1 DAGs
[2026-03-09T19:06:15.137+0000] {logging_mixin.py:188} INFO - [2026-03-09T19:06:15.137+0000] {dag.py:3954} INFO - Setting next_dagrun for example_bash_decorator to None, run_after=None
[2026-03-09T19:06:15.163+0000] {processor.py:183} INFO - Processing /home/airflow/.local/lib/python3.12/site-packages/airflow/example_dags/example_bash_decorator.py took 0.095 seconds
[2026-03-09T19:07:20.041+0000] {processor.py:161} INFO - Started process (PID=62) to work on /home/airflow/.local/lib/python3.12/site-packages/airflow/example_dags/example_bash_decorator.py
[2026-03-09T19:07:20.047+0000] {processor.py:830} INFO - Processing file /home/airflow/.local/lib/python3.12/site-packages/airflow/example_dags/example_bash_decorator.py for tasks to queue
[2026-03-09T19:07:20.058+0000] {logging_mixin.py:188} INFO - [2026-03-09T19:07:20.057+0000] {dagbag.py:545} INFO - Filling up the DagBag from /home/airflow/.local/lib/python3.12/site-packages/airflow/example_dags/example_bash_decorator.py
[2026-03-09T19:07:20.103+0000] {processor.py:840} INFO - DAG(s) 'example_bash_decorator' retrieved from /home/airflow/.local/lib/python3.12/site-packages/airflow/example_dags/example_bash_decorator.py
[2026-03-09T19:07:20.131+0000] {logging_mixin.py:188} INFO - [2026-03-09T19:07:20.131+0000] {dag.py:3096} INFO - Sync 1 DAGs
[2026-03-09T19:07:20.157+0000] {logging_mixin.py:188} INFO - [2026-03-09T19:07:20.157+0000] {dag.py:3954} INFO - Setting next_dagrun for example_bash_decorator to None, run_after=None
[2026-03-09T19:07:20.192+0000] {processor.py:183} INFO - Processing /home/airflow/.local/lib/python3.12/site-packages/airflow/example_dags/example_bash_decorator.py took 0.167 seconds
[2026-03-09T19:07:50.977+0000] {processor.py:161} INFO - Started process (PID=122) to work on /home/airflow/.local/lib/python3.12/site-packages/airflow/example_dags/example_bash_decorator.py
[2026-03-09T19:07:50.978+0000] {processor.py:830} INFO - Processing file /home/airflow/.local/lib/python3.12/site-packages/airflow/example_dags/example_bash_decorator.py for tasks to queue
[2026-03-09T19:07:50.981+0000] {logging_mixin.py:188} INFO - [2026-03-09T19:07:50.980+0000] {dagbag.py:545} INFO - Filling up the DagBag from /home/airflow/.local/lib/python3.12/site-packages/airflow/example_dags/example_bash_decorator.py
[2026-03-09T19:07:50.996+0000] {processor.py:840} INFO - DAG(s) 'example_bash_decorator' retrieved from /home/airflow/.local/lib/python3.12/site-packages/airflow/example_dags/example_bash_decorator.py
[2026-03-09T19:07:51.140+0000] {logging_mixin.py:188} INFO - [2026-03-09T19:07:51.140+0000] {dag.py:3096} INFO - Sync 1 DAGs
[2026-03-09T19:07:51.156+0000] {logging_mixin.py:188} INFO - [2026-03-09T19:07:51.156+0000] {dag.py:3954} INFO - Setting next_dagrun for example_bash_decorator to None, run_after=None
[2026-03-09T19:07:51.195+0000] {processor.py:183} INFO - Processing /home/airflow/.local/lib/python3.12/site-packages/airflow/example_dags/example_bash_decorator.py took 0.225 seconds
[2026-03-09T19:08:21.551+0000] {processor.py:161} INFO - Started process (PID=182) to work on /home/airflow/.local/lib/python3.12/site-packages/airflow/example_dags/example_bash_decorator.py
[2026-03-09T19:08:21.553+0000] {processor.py:830} INFO - Processing file /home/airflow/.local/lib/python3.12/site-packages/airflow/example_dags/example_bash_decorator.py for tasks to queue
[2026-03-09T19:08:21.559+0000] {logging_mixin.py:188} INFO - [2026-03-09T19:08:21.558+0000] {dagbag.py:545} INFO - Filling up the DagBag from /home/airflow/.local/lib/python3.12/site-packages/airflow/example_dags/example_bash_decorator.py
[2026-03-09T19:08:21.590+0000] {processor.py:840} INFO - DAG(s) 'example_bash_decorator' retrieved from /home/airflow/.local/lib/python3.12/site-packages/airflow/example_dags/example_bash_decorator.py
[2026-03-09T19:08:21.625+0000] {logging_mixin.py:188} INFO - [2026-03-09T19:08:21.625+0000] {dag.py:3096} INFO - Sync 1 DAGs
[2026-03-09T19:08:21.644+0000] {logging_mixin.py:188} INFO - [2026-03-09T19:08:21.644+0000] {dag.py:3954} INFO - Setting next_dagrun for example_bash_decorator to None, run_after=None
[2026-03-09T19:08:21.672+0000] {processor.py:183} INFO - Processing /home/airflow/.local/lib/python3.12/site-packages/airflow/example_dags/example_bash_decorator.py took 0.129 seconds
[2026-03-09T19:08:52.430+0000] {processor.py:161} INFO - Started process (PID=242) to work on /home/airflow/.local/lib/python3.12/site-packages/airflow/example_dags/example_bash_decorator.py
[2026-03-09T19:08:52.432+0000] {processor.py:830} INFO - Processing file /home/airflow/.local/lib/python3.12/site-packages/airflow/example_dags/example_bash_decorator.py for tasks to queue
[2026-03-09T19:08:52.434+0000] {logging_mixin.py:188} INFO - [2026-03-09T19:08:52.434+0000] {dagbag.py:545} INFO - Filling up the DagBag from /home/airflow/.local/lib/python3.12/site-packages/airflow/example_dags/example_bash_decorator.py
[2026-03-09T19:08:52.449+0000] {processor.py:840} INFO - DAG(s) 'example_bash_decorator' retrieved from /home/airflow/.local/lib/python3.12/site-packages/airflow/example_dags/example_bash_decorator.py
[2026-03-09T19:08:52.475+0000] {logging_mixin.py:188} INFO - [2026-03-09T19:08:52.474+0000] {dag.py:3096} INFO - Sync 1 DAGs
[2026-03-09T19:08:52.489+0000] {logging_mixin.py:188} INFO - [2026-03-09T19:08:52.489+0000] {dag.py:3954} INFO - Setting next_dagrun for example_bash_decorator to None, run_after=None
[2026-03-09T19:08:52.513+0000] {processor.py:183} INFO - Processing /home/airflow/.local/lib/python3.12/site-packages/airflow/example_dags/example_bash_decorator.py took 0.180 seconds
[2026-03-09T19:09:23.125+0000] {processor.py:161} INFO - Started process (PID=302) to work on /home/airflow/.local/lib/python3.12/site-packages/airflow/example_dags/example_bash_decorator.py
[2026-03-09T19:09:23.126+0000] {processor.py:830} INFO - Processing file /home/airflow/.local/lib/python3.12/site-packages/airflow/example_dags/example_bash_decorator.py for tasks to queue
[2026-03-09T19:09:23.129+0000] {logging_mixin.py:188} INFO - [2026-03-09T19:09:23.128+0000] {dagbag.py:545} INFO - Filling up the DagBag from /home/airflow/.local/lib/python3.12/site-packages/airflow/example_dags/example_bash_decorator.py
[2026-03-09T19:09:23.144+0000] {processor.py:840} INFO - DAG(s) 'example_bash_decorator' retrieved from /home/airflow/.local/lib/python3.12/site-packages/airflow/example_dags/example_bash_decorator.py
[2026-03-09T19:09:23.169+0000] {logging_mixin.py:188} INFO - [2026-03-09T19:09:23.169+0000] {dag.py:3096} INFO - Sync 1 DAGs
[2026-03-09T19:09:23.185+0000] {logging_mixin.py:188} INFO - [2026-03-09T19:09:23.184+0000] {dag.py:3954} INFO - Setting next_dagrun for example_bash_decorator to None, run_after=None
[2026-03-09T19:09:23.212+0000] {processor.py:183} INFO - Processing /home/airflow/.local/lib/python3.12/site-packages/airflow/example_dags/example_bash_decorator.py took 0.094 seconds
[2026-03-09T19:09:53.550+0000] {processor.py:161} INFO - Started process (PID=362) to work on /home/airflow/.local/lib/python3.12/site-packages/airflow/example_dags/example_bash_decorator.py
[2026-03-09T19:09:53.551+0000] {processor.py:830} INFO - Processing file /home/airflow/.local/lib/python3.12/site-packages/airflow/example_dags/example_bash_decorator.py for tasks to queue
[2026-03-09T19:09:53.554+0000] {logging_mixin.py:188} INFO - [2026-03-09T19:09:53.553+0000] {dagbag.py:545} INFO - Filling up the DagBag from /home/airflow/.local/lib/python3.12/site-packages/airflow/example_dags/example_bash_decorator.py
[2026-03-09T19:09:53.573+0000] {processor.py:840} INFO - DAG(s) 'example_bash_decorator' retrieved from /home/airflow/.local/lib/python3.12/site-packages/airflow/example_dags/example_bash_decorator.py
[2026-03-09T19:09:53.606+0000] {logging_mixin.py:188} INFO - [2026-03-09T19:09:53.606+0000] {dag.py:3096} INFO - Sync 1 DAGs
[2026-03-09T19:09:53.621+0000] {logging_mixin.py:188} INFO - [2026-03-09T19:09:53.621+0000] {dag.py:3954} INFO - Setting next_dagrun for example_bash_decorator to None, run_after=None
[2026-03-09T19:09:53.646+0000] {processor.py:183} INFO - Processing /home/airflow/.local/lib/python3.12/site-packages/airflow/example_dags/example_bash_decorator.py took 0.104 seconds
[2026-03-09T19:10:23.797+0000] {processor.py:161} INFO - Started process (PID=420) to work on /home/airflow/.local/lib/python3.12/site-packages/airflow/example_dags/example_bash_decorator.py
[2026-03-09T19:10:23.799+0000] {processor.py:830} INFO - Processing file /home/airflow/.local/lib/python3.12/site-packages/airflow/example_dags/example_bash_decorator.py for tasks to queue
[2026-03-09T19:10:23.801+0000] {logging_mixin.py:188} INFO - [2026-03-09T19:10:23.801+0000] {dagbag.py:545} INFO - Filling up the DagBag from /home/airflow/.local/lib/python3.12/site-packages/airflow/example_dags/example_bash_decorator.py
[2026-03-09T19:10:23.821+0000] {processor.py:840} INFO - DAG(s) 'example_bash_decorator' retrieved from /home/airflow/.local/lib/python3.12/site-packages/airflow/example_dags/example_bash_decorator.py
[2026-03-09T19:10:23.852+0000] {logging_mixin.py:188} INFO - [2026-03-09T19:10:23.852+0000] {dag.py:3096} INFO - Sync 1 DAGs
[2026-03-09T19:10:23.871+0000] {logging_mixin.py:188} INFO - [2026-03-09T19:10:23.870+0000] {dag.py:3954} INFO - Setting next_dagrun for example_bash_decorator to None, run_after=None
[2026-03-09T19:10:23.896+0000] {processor.py:183} INFO - Processing /home/airflow/.local/lib/python3.12/site-packages/airflow/example_dags/example_bash_decorator.py took 0.106 seconds
[2026-03-09T19:10:54.174+0000] {processor.py:161} INFO - Started process (PID=480) to work on /home/airflow/.local/lib/python3.12/site-packages/airflow/example_dags/example_bash_decorator.py
[2026-03-09T19:10:54.176+0000] {processor.py:830} INFO - Processing file /home/airflow/.local/lib/python3.12/site-packages/airflow/example_dags/example_bash_decorator.py for tasks to queue
[2026-03-09T19:10:54.179+0000] {logging_mixin.py:188} INFO - [2026-03-09T19:10:54.179+0000] {dagbag.py:545} INFO - Filling up the DagBag from /home/airflow/.local/lib/python3.12/site-packages/airflow/example_dags/example_bash_decorator.py
[2026-03-09T19:10:54.203+0000] {processor.py:840} INFO - DAG(s) 'example_bash_decorator' retrieved from /home/airflow/.local/lib/python3.12/site-packages/airflow/example_dags/example_bash_decorator.py
[2026-03-09T19:10:54.247+0000] {logging_mixin.py:188} INFO - [2026-03-09T19:10:54.246+0000] {dag.py:3096} INFO - Sync 1 DAGs
[2026-03-09T19:10:54.271+0000] {logging_mixin.py:188} INFO - [2026-03-09T19:10:54.270+0000] {dag.py:3954} INFO - Setting next_dagrun for example_bash_decorator to None, run_after=None
[2026-03-09T19:10:54.357+0000] {processor.py:183} INFO - Processing /home/airflow/.local/lib/python3.12/site-packages/airflow/example_dags/example_bash_decorator.py took 0.195 seconds
[2026-03-09T19:11:24.590+0000] {processor.py:161} INFO - Started process (PID=539) to work on /home/airflow/.local/lib/python3.12/site-packages/airflow/example_dags/example_bash_decorator.py
[2026-03-09T19:11:24.591+0000] {processor.py:830} INFO - Processing file /home/airflow/.local/lib/python3.12/site-packages/airflow/example_dags/example_bash_decorator.py for tasks to queue
[2026-03-09T19:11:24.594+0000] {logging_mixin.py:188} INFO - [2026-03-09T19:11:24.594+0000] {dagbag.py:545} INFO - Filling up the DagBag from /home/airflow/.local/lib/python3.12/site-packages/airflow/example_dags/example_bash_decorator.py
[2026-03-09T19:11:24.618+0000] {processor.py:840} INFO - DAG(s) 'example_bash_decorator' retrieved from /home/airflow/.local/lib/python3.12/site-packages/airflow/example_dags/example_bash_decorator.py
[2026-03-09T19:11:24.646+0000] {logging_mixin.py:188} INFO - [2026-03-09T19:11:24.646+0000] {dag.py:3096} INFO - Sync 1 DAGs
[2026-03-09T19:11:24.662+0000] {logging_mixin.py:188} INFO - [2026-03-09T19:11:24.662+0000] {dag.py:3954} INFO - Setting next_dagrun for example_bash_decorator to None, run_after=None
[2026-03-09T19:11:24.692+0000] {processor.py:183} INFO - Processing /home/airflow/.local/lib/python3.12/site-packages/airflow/example_dags/example_bash_decorator.py took 0.248 seconds
[2026-03-09T19:11:54.795+0000] {processor.py:161} INFO - Started process (PID=599) to work on /home/airflow/.local/lib/python3.12/site-packages/airflow/example_dags/example_bash_decorator.py
[2026-03-09T19:11:54.797+0000] {processor.py:830} INFO - Processing file /home/airflow/.local/lib/python3.12/site-packages/airflow/example_dags/example_bash_decorator.py for tasks to queue
[2026-03-09T19:11:54.800+0000] {logging_mixin.py:188} INFO - [2026-03-09T19:11:54.799+0000] {dagbag.py:545} INFO - Filling up the DagBag from /home/airflow/.local/lib/python3.12/site-packages/airflow/example_dags/example_bash_decorator.py
[2026-03-09T19:11:54.816+0000] {processor.py:840} INFO - DAG(s) 'example_bash_decorator' retrieved from /home/airflow/.local/lib/python3.12/site-packages/airflow/example_dags/example_bash_decorator.py
[2026-03-09T19:11:54.843+0000] {logging_mixin.py:188} INFO - [2026-03-09T19:11:54.843+0000] {dag.py:3096} INFO - Sync 1 DAGs
[2026-03-09T19:11:54.861+0000] {logging_mixin.py:188} INFO - [2026-03-09T19:11:54.860+0000] {dag.py:3954} INFO - Setting next_dagrun for example_bash_decorator to None, run_after=None
[2026-03-09T19:11:54.886+0000] {processor.py:183} INFO - Processing /home/airflow/.local/lib/python3.12/site-packages/airflow/example_dags/example_bash_decorator.py took 0.101 seconds
[2026-03-09T19:12:25.286+0000] {processor.py:161} INFO - Started process (PID=659) to work on /home/airflow/.local/lib/python3.12/site-packages/airflow/example_dags/example_bash_decorator.py
[2026-03-09T19:12:25.288+0000] {processor.py:830} INFO - Processing file /home/airflow/.local/lib/python3.12/site-packages/airflow/example_dags/example_bash_decorator.py for tasks to queue
[2026-03-09T19:12:25.291+0000] {logging_mixin.py:188} INFO - [2026-03-09T19:12:25.290+0000] {dagbag.py:545} INFO - Filling up the DagBag from /home/airflow/.local/lib/python3.12/site-packages/airflow/example_dags/example_bash_decorator.py
[2026-03-09T19:12:25.307+0000] {processor.py:840} INFO - DAG(s) 'example_bash_decorator' retrieved from /home/airflow/.local/lib/python3.12/site-packages/airflow/example_dags/example_bash_decorator.py
[2026-03-09T19:12:25.337+0000] {logging_mixin.py:188} INFO - [2026-03-09T19:12:25.337+0000] {dag.py:3096} INFO - Sync 1 DAGs
[2026-03-09T19:12:25.361+0000] {logging_mixin.py:188} INFO - [2026-03-09T19:12:25.361+0000] {dag.py:3954} INFO - Setting next_dagrun for example_bash_decorator to None, run_after=None
[2026-03-09T19:12:25.389+0000] {processor.py:183} INFO - Processing /home/airflow/.local/lib/python3.12/site-packages/airflow/example_dags/example_bash_decorator.py took 0.111 seconds
[2026-03-09T19:12:55.485+0000] {processor.py:161} INFO - Started process (PID=718) to work on /home/airflow/.local/lib/python3.12/site-packages/airflow/example_dags/example_bash_decorator.py
[2026-03-09T19:12:55.487+0000] {processor.py:830} INFO - Processing file /home/airflow/.local/lib/python3.12/site-packages/airflow/example_dags/example_bash_decorator.py for tasks to queue
[2026-03-09T19:12:55.490+0000] {logging_mixin.py:188} INFO - [2026-03-09T19:12:55.489+0000] {dagbag.py:545} INFO - Filling up the DagBag from /home/airflow/.local/lib/python3.12/site-packages/airflow/example_dags/example_bash_decorator.py
[2026-03-09T19:12:55.515+0000] {processor.py:840} INFO - DAG(s) 'example_bash_decorator' retrieved from /home/airflow/.local/lib/python3.12/site-packages/airflow/example_dags/example_bash_decorator.py
[2026-03-09T19:12:55.547+0000] {logging_mixin.py:188} INFO - [2026-03-09T19:12:55.546+0000] {dag.py:3096} INFO - Sync 1 DAGs
[2026-03-09T19:12:55.567+0000] {logging_mixin.py:188} INFO - [2026-03-09T19:12:55.567+0000] {dag.py:3954} INFO - Setting next_dagrun for example_bash_decorator to None, run_after=None
[2026-03-09T19:12:55.598+0000] {processor.py:183} INFO - Processing /home/airflow/.local/lib/python3.12/site-packages/airflow/example_dags/example_bash_decorator.py took 0.121 seconds
[2026-03-09T19:13:25.702+0000] {processor.py:161} INFO - Started process (PID=778) to work on /home/airflow/.local/lib/python3.12/site-packages/airflow/example_dags/example_bash_decorator.py
[2026-03-09T19:13:25.703+0000] {processor.py:830} INFO - Processing file /home/airflow/.local/lib/python3.12/site-packages/airflow/example_dags/example_bash_decorator.py for tasks to queue
[2026-03-09T19:13:25.705+0000] {logging_mixin.py:188} INFO - [2026-03-09T19:13:25.705+0000] {dagbag.py:545} INFO - Filling up the DagBag from /home/airflow/.local/lib/python3.12/site-packages/airflow/example_dags/example_bash_decorator.py
[2026-03-09T19:13:25.721+0000] {processor.py:840} INFO - DAG(s) 'example_bash_decorator' retrieved from /home/airflow/.local/lib/python3.12/site-packages/airflow/example_dags/example_bash_decorator.py
[2026-03-09T19:13:25.746+0000] {logging_mixin.py:188} INFO - [2026-03-09T19:13:25.746+0000] {dag.py:3096} INFO - Sync 1 DAGs
[2026-03-09T19:13:25.762+0000] {logging_mixin.py:188} INFO - [2026-03-09T19:13:25.761+0000] {dag.py:3954} INFO - Setting next_dagrun for example_bash_decorator to None, run_after=None
[2026-03-09T19:13:25.785+0000] {processor.py:183} INFO - Processing /home/airflow/.local/lib/python3.12/site-packages/airflow/example_dags/example_bash_decorator.py took 0.090 seconds
[2026-03-09T19:13:55.919+0000] {processor.py:161} INFO - Started process (PID=838) to work on /home/airflow/.local/lib/python3.12/site-packages/airflow/example_dags/example_bash_decorator.py
[2026-03-09T19:13:55.920+0000] {processor.py:830} INFO - Processing file /home/airflow/.local/lib/python3.12/site-packages/airflow/example_dags/example_bash_decorator.py for tasks to queue
[2026-03-09T19:13:55.923+0000] {logging_mixin.py:188} INFO - [2026-03-09T19:13:55.923+0000] {dagbag.py:545} INFO - Filling up the DagBag from /home/airflow/.local/lib/python3.12/site-packages/airflow/example_dags/example_bash_decorator.py
[2026-03-09T19:13:55.944+0000] {processor.py:840} INFO - DAG(s) 'example_bash_decorator' retrieved from /home/airflow/.local/lib/python3.12/site-packages/airflow/example_dags/example_bash_decorator.py
[2026-03-09T19:13:55.974+0000] {logging_mixin.py:188} INFO - [2026-03-09T19:13:55.973+0000] {dag.py:3096} INFO - Sync 1 DAGs
[2026-03-09T19:13:55.990+0000] {logging_mixin.py:188} INFO - [2026-03-09T19:13:55.989+0000] {dag.py:3954} INFO - Setting next_dagrun for example_bash_decorator to None, run_after=None
[2026-03-09T19:13:56.015+0000] {processor.py:183} INFO - Processing /home/airflow/.local/lib/python3.12/site-packages/airflow/example_dags/example_bash_decorator.py took 0.103 seconds
[2026-03-09T19:14:26.613+0000] {processor.py:161} INFO - Started process (PID=898) to work on /home/airflow/.local/lib/python3.12/site-packages/airflow/example_dags/example_bash_decorator.py
[2026-03-09T19:14:26.614+0000] {processor.py:830} INFO - Processing file /home/airflow/.local/lib/python3.12/site-packages/airflow/example_dags/example_bash_decorator.py for tasks to queue
[2026-03-09T19:14:26.618+0000] {logging_mixin.py:188} INFO - [2026-03-09T19:14:26.618+0000] {dagbag.py:545} INFO - Filling up the DagBag from /home/airflow/.local/lib/python3.12/site-packages/airflow/example_dags/example_bash_decorator.py
[2026-03-09T19:14:26.637+0000] {processor.py:840} INFO - DAG(s) 'example_bash_decorator' retrieved from /home/airflow/.local/lib/python3.12/site-packages/airflow/example_dags/example_bash_decorator.py
[2026-03-09T19:14:26.667+0000] {logging_mixin.py:188} INFO - [2026-03-09T19:14:26.666+0000] {dag.py:3096} INFO - Sync 1 DAGs
[2026-03-09T19:14:26.685+0000] {logging_mixin.py:188} INFO - [2026-03-09T19:14:26.685+0000] {dag.py:3954} INFO - Setting next_dagrun for example_bash_decorator to None, run_after=None
[2026-03-09T19:14:26.711+0000] {processor.py:183} INFO - Processing /home/airflow/.local/lib/python3.12/site-packages/airflow/example_dags/example_bash_decorator.py took 0.107 seconds
[2026-03-09T19:14:56.935+0000] {processor.py:161} INFO - Started process (PID=958) to work on /home/airflow/.local/lib/python3.12/site-packages/airflow/example_dags/example_bash_decorator.py
[2026-03-09T19:14:56.937+0000] {processor.py:830} INFO - Processing file /home/airflow/.local/lib/python3.12/site-packages/airflow/example_dags/example_bash_decorator.py for tasks to queue
[2026-03-09T19:14:56.939+0000] {logging_mixin.py:188} INFO - [2026-03-09T19:14:56.939+0000] {dagbag.py:545} INFO - Filling up the DagBag from /home/airflow/.local/lib/python3.12/site-packages/airflow/example_dags/example_bash_decorator.py
[2026-03-09T19:14:56.961+0000] {processor.py:840} INFO - DAG(s) 'example_bash_decorator' retrieved from /home/airflow/.local/lib/python3.12/site-packages/airflow/example_dags/example_bash_decorator.py
[2026-03-09T19:14:56.989+0000] {logging_mixin.py:188} INFO - [2026-03-09T19:14:56.988+0000] {dag.py:3096} INFO - Sync 1 DAGs
[2026-03-09T19:14:57.006+0000] {logging_mixin.py:188} INFO - [2026-03-09T19:14:57.006+0000] {dag.py:3954} INFO - Setting next_dagrun for example_bash_decorator to None, run_after=None
[2026-03-09T19:14:57.032+0000] {processor.py:183} INFO - Processing /home/airflow/.local/lib/python3.12/site-packages/airflow/example_dags/example_bash_decorator.py took 0.107 seconds
[2026-03-09T19:15:27.551+0000] {processor.py:161} INFO - Started process (PID=1018) to work on /home/airflow/.local/lib/python3.12/site-packages/airflow/example_dags/example_bash_decorator.py
[2026-03-09T19:15:27.552+0000] {processor.py:830} INFO - Processing file /home/airflow/.local/lib/python3.12/site-packages/airflow/example_dags/example_bash_decorator.py for tasks to queue
[2026-03-09T19:15:27.555+0000] {logging_mixin.py:188} INFO - [2026-03-09T19:15:27.555+0000] {dagbag.py:545} INFO - Filling up the DagBag from /home/airflow/.local/lib/python3.12/site-packages/airflow/example_dags/example_bash_decorator.py
[2026-03-09T19:15:27.572+0000] {processor.py:840} INFO - DAG(s) 'example_bash_decorator' retrieved from /home/airflow/.local/lib/python3.12/site-packages/airflow/example_dags/example_bash_decorator.py
[2026-03-09T19:15:27.604+0000] {logging_mixin.py:188} INFO - [2026-03-09T19:15:27.604+0000] {dag.py:3096} INFO - Sync 1 DAGs
[2026-03-09T19:15:27.622+0000] {logging_mixin.py:188} INFO - [2026-03-09T19:15:27.621+0000] {dag.py:3954} INFO - Setting next_dagrun for example_bash_decorator to None, run_after=None
[2026-03-09T19:15:27.646+0000] {processor.py:183} INFO - Processing /home/airflow/.local/lib/python3.12/site-packages/airflow/example_dags/example_bash_decorator.py took 0.105 seconds
