[2026-03-09T19:04:45.515+0000] {processor.py:161} INFO - Started process (PID=69) to work on /home/airflow/.local/lib/python3.12/site-packages/airflow/example_dags/example_branch_datetime_operator.py
[2026-03-09T19:04:45.517+0000] {processor.py:830} INFO - Processing file /home/airflow/.local/lib/python3.12/site-packages/airflow/example_dags/example_branch_datetime_operator.py for tasks to queue
[2026-03-09T19:04:45.521+0000] {logging_mixin.py:188} INFO - [2026-03-09T19:04:45.520+0000] {dagbag.py:545} INFO - Filling up the DagBag from /home/airflow/.local/lib/python3.12/site-packages/airflow/example_dags/example_branch_datetime_operator.py
[2026-03-09T19:04:45.559+0000] {processor.py:840} INFO - DAG(s) 'example_branch_datetime_operator', 'example_branch_datetime_operator_3', 'example_branch_datetime_operator_2' retrieved from /home/airflow/.local/lib/python3.12/site-packages/airflow/example_dags/example_branch_datetime_operator.py
[2026-03-09T19:04:45.640+0000] {logging_mixin.py:188} INFO - [2026-03-09T19:04:45.639+0000] {dag.py:3096} INFO - Sync 3 DAGs
[2026-03-09T19:04:45.696+0000] {logging_mixin.py:188} INFO - [2026-03-09T19:04:45.695+0000] {dag.py:3954} INFO - Setting next_dagrun for example_branch_datetime_operator to 2026-03-08 00:00:00+00:00, run_after=2026-03-09 00:00:00+00:00
[2026-03-09T19:04:45.706+0000] {logging_mixin.py:188} INFO - [2026-03-09T19:04:45.706+0000] {dag.py:3954} INFO - Setting next_dagrun for example_branch_datetime_operator_2 to 2026-03-08 00:00:00+00:00, run_after=2026-03-09 00:00:00+00:00
[2026-03-09T19:04:45.712+0000] {logging_mixin.py:188} INFO - [2026-03-09T19:04:45.712+0000] {dag.py:3954} INFO - Setting next_dagrun for example_branch_datetime_operator_3 to 2026-03-08 00:00:00+00:00, run_after=2026-03-09 00:00:00+00:00
[2026-03-09T19:04:45.747+0000] {processor.py:183} INFO - Processing /home/airflow/.local/lib/python3.12/site-packages/airflow/example_dags/example_branch_datetime_operator.py took 0.246 seconds
[2026-03-09T19:05:16.514+0000] {processor.py:161} INFO - Started process (PID=133) to work on /home/airflow/.local/lib/python3.12/site-packages/airflow/example_dags/example_branch_datetime_operator.py
[2026-03-09T19:05:16.515+0000] {processor.py:830} INFO - Processing file /home/airflow/.local/lib/python3.12/site-packages/airflow/example_dags/example_branch_datetime_operator.py for tasks to queue
[2026-03-09T19:05:16.517+0000] {logging_mixin.py:188} INFO - [2026-03-09T19:05:16.517+0000] {dagbag.py:545} INFO - Filling up the DagBag from /home/airflow/.local/lib/python3.12/site-packages/airflow/example_dags/example_branch_datetime_operator.py
[2026-03-09T19:05:16.530+0000] {processor.py:840} INFO - DAG(s) 'example_branch_datetime_operator_3', 'example_branch_datetime_operator_2', 'example_branch_datetime_operator' retrieved from /home/airflow/.local/lib/python3.12/site-packages/airflow/example_dags/example_branch_datetime_operator.py
[2026-03-09T19:05:16.561+0000] {logging_mixin.py:188} INFO - [2026-03-09T19:05:16.561+0000] {dag.py:3096} INFO - Sync 3 DAGs
[2026-03-09T19:05:16.591+0000] {logging_mixin.py:188} INFO - [2026-03-09T19:05:16.591+0000] {dag.py:3954} INFO - Setting next_dagrun for example_branch_datetime_operator to 2026-03-08 00:00:00+00:00, run_after=2026-03-09 00:00:00+00:00
[2026-03-09T19:05:16.599+0000] {logging_mixin.py:188} INFO - [2026-03-09T19:05:16.599+0000] {dag.py:3954} INFO - Setting next_dagrun for example_branch_datetime_operator_2 to 2026-03-08 00:00:00+00:00, run_after=2026-03-09 00:00:00+00:00
[2026-03-09T19:05:16.604+0000] {logging_mixin.py:188} INFO - [2026-03-09T19:05:16.603+0000] {dag.py:3954} INFO - Setting next_dagrun for example_branch_datetime_operator_3 to 2026-03-08 00:00:00+00:00, run_after=2026-03-09 00:00:00+00:00
[2026-03-09T19:05:16.627+0000] {processor.py:183} INFO - Processing /home/airflow/.local/lib/python3.12/site-packages/airflow/example_dags/example_branch_datetime_operator.py took 0.120 seconds
[2026-03-09T19:05:47.002+0000] {processor.py:161} INFO - Started process (PID=191) to work on /home/airflow/.local/lib/python3.12/site-packages/airflow/example_dags/example_branch_datetime_operator.py
[2026-03-09T19:05:47.004+0000] {processor.py:830} INFO - Processing file /home/airflow/.local/lib/python3.12/site-packages/airflow/example_dags/example_branch_datetime_operator.py for tasks to queue
[2026-03-09T19:05:47.008+0000] {logging_mixin.py:188} INFO - [2026-03-09T19:05:47.008+0000] {dagbag.py:545} INFO - Filling up the DagBag from /home/airflow/.local/lib/python3.12/site-packages/airflow/example_dags/example_branch_datetime_operator.py
[2026-03-09T19:05:47.030+0000] {processor.py:840} INFO - DAG(s) 'example_branch_datetime_operator', 'example_branch_datetime_operator_3', 'example_branch_datetime_operator_2' retrieved from /home/airflow/.local/lib/python3.12/site-packages/airflow/example_dags/example_branch_datetime_operator.py
[2026-03-09T19:05:47.070+0000] {logging_mixin.py:188} INFO - [2026-03-09T19:05:47.069+0000] {dag.py:3096} INFO - Sync 3 DAGs
[2026-03-09T19:05:47.110+0000] {logging_mixin.py:188} INFO - [2026-03-09T19:05:47.109+0000] {dag.py:3954} INFO - Setting next_dagrun for example_branch_datetime_operator to 2026-03-08 00:00:00+00:00, run_after=2026-03-09 00:00:00+00:00
[2026-03-09T19:05:47.119+0000] {logging_mixin.py:188} INFO - [2026-03-09T19:05:47.119+0000] {dag.py:3954} INFO - Setting next_dagrun for example_branch_datetime_operator_2 to 2026-03-08 00:00:00+00:00, run_after=2026-03-09 00:00:00+00:00
[2026-03-09T19:05:47.123+0000] {logging_mixin.py:188} INFO - [2026-03-09T19:05:47.123+0000] {dag.py:3954} INFO - Setting next_dagrun for example_branch_datetime_operator_3 to 2026-03-08 00:00:00+00:00, run_after=2026-03-09 00:00:00+00:00
[2026-03-09T19:05:47.150+0000] {processor.py:183} INFO - Processing /home/airflow/.local/lib/python3.12/site-packages/airflow/example_dags/example_branch_datetime_operator.py took 0.156 seconds
[2026-03-09T19:06:17.360+0000] {processor.py:161} INFO - Started process (PID=249) to work on /home/airflow/.local/lib/python3.12/site-packages/airflow/example_dags/example_branch_datetime_operator.py
[2026-03-09T19:06:17.362+0000] {processor.py:830} INFO - Processing file /home/airflow/.local/lib/python3.12/site-packages/airflow/example_dags/example_branch_datetime_operator.py for tasks to queue
[2026-03-09T19:06:17.365+0000] {logging_mixin.py:188} INFO - [2026-03-09T19:06:17.365+0000] {dagbag.py:545} INFO - Filling up the DagBag from /home/airflow/.local/lib/python3.12/site-packages/airflow/example_dags/example_branch_datetime_operator.py
[2026-03-09T19:06:17.380+0000] {processor.py:840} INFO - DAG(s) 'example_branch_datetime_operator_3', 'example_branch_datetime_operator', 'example_branch_datetime_operator_2' retrieved from /home/airflow/.local/lib/python3.12/site-packages/airflow/example_dags/example_branch_datetime_operator.py
[2026-03-09T19:06:17.418+0000] {logging_mixin.py:188} INFO - [2026-03-09T19:06:17.418+0000] {dag.py:3096} INFO - Sync 3 DAGs
[2026-03-09T19:06:17.448+0000] {logging_mixin.py:188} INFO - [2026-03-09T19:06:17.448+0000] {dag.py:3954} INFO - Setting next_dagrun for example_branch_datetime_operator to 2026-03-08 00:00:00+00:00, run_after=2026-03-09 00:00:00+00:00
[2026-03-09T19:06:17.457+0000] {logging_mixin.py:188} INFO - [2026-03-09T19:06:17.457+0000] {dag.py:3954} INFO - Setting next_dagrun for example_branch_datetime_operator_2 to 2026-03-08 00:00:00+00:00, run_after=2026-03-09 00:00:00+00:00
[2026-03-09T19:06:17.461+0000] {logging_mixin.py:188} INFO - [2026-03-09T19:06:17.461+0000] {dag.py:3954} INFO - Setting next_dagrun for example_branch_datetime_operator_3 to 2026-03-08 00:00:00+00:00, run_after=2026-03-09 00:00:00+00:00
[2026-03-09T19:06:17.487+0000] {processor.py:183} INFO - Processing /home/airflow/.local/lib/python3.12/site-packages/airflow/example_dags/example_branch_datetime_operator.py took 0.138 seconds
[2026-03-09T19:07:21.742+0000] {processor.py:161} INFO - Started process (PID=73) to work on /home/airflow/.local/lib/python3.12/site-packages/airflow/example_dags/example_branch_datetime_operator.py
[2026-03-09T19:07:21.744+0000] {processor.py:830} INFO - Processing file /home/airflow/.local/lib/python3.12/site-packages/airflow/example_dags/example_branch_datetime_operator.py for tasks to queue
[2026-03-09T19:07:21.748+0000] {logging_mixin.py:188} INFO - [2026-03-09T19:07:21.747+0000] {dagbag.py:545} INFO - Filling up the DagBag from /home/airflow/.local/lib/python3.12/site-packages/airflow/example_dags/example_branch_datetime_operator.py
[2026-03-09T19:07:21.782+0000] {processor.py:840} INFO - DAG(s) 'example_branch_datetime_operator_3', 'example_branch_datetime_operator', 'example_branch_datetime_operator_2' retrieved from /home/airflow/.local/lib/python3.12/site-packages/airflow/example_dags/example_branch_datetime_operator.py
[2026-03-09T19:07:21.820+0000] {logging_mixin.py:188} INFO - [2026-03-09T19:07:21.819+0000] {dag.py:3096} INFO - Sync 3 DAGs
[2026-03-09T19:07:21.876+0000] {logging_mixin.py:188} INFO - [2026-03-09T19:07:21.876+0000] {dag.py:3954} INFO - Setting next_dagrun for example_branch_datetime_operator to 2026-03-08 00:00:00+00:00, run_after=2026-03-09 00:00:00+00:00
[2026-03-09T19:07:21.885+0000] {logging_mixin.py:188} INFO - [2026-03-09T19:07:21.885+0000] {dag.py:3954} INFO - Setting next_dagrun for example_branch_datetime_operator_2 to 2026-03-08 00:00:00+00:00, run_after=2026-03-09 00:00:00+00:00
[2026-03-09T19:07:21.890+0000] {logging_mixin.py:188} INFO - [2026-03-09T19:07:21.889+0000] {dag.py:3954} INFO - Setting next_dagrun for example_branch_datetime_operator_3 to 2026-03-08 00:00:00+00:00, run_after=2026-03-09 00:00:00+00:00
[2026-03-09T19:07:21.929+0000] {processor.py:183} INFO - Processing /home/airflow/.local/lib/python3.12/site-packages/airflow/example_dags/example_branch_datetime_operator.py took 0.198 seconds
[2026-03-09T19:07:52.393+0000] {processor.py:161} INFO - Started process (PID=133) to work on /home/airflow/.local/lib/python3.12/site-packages/airflow/example_dags/example_branch_datetime_operator.py
[2026-03-09T19:07:52.394+0000] {processor.py:830} INFO - Processing file /home/airflow/.local/lib/python3.12/site-packages/airflow/example_dags/example_branch_datetime_operator.py for tasks to queue
[2026-03-09T19:07:52.397+0000] {logging_mixin.py:188} INFO - [2026-03-09T19:07:52.396+0000] {dagbag.py:545} INFO - Filling up the DagBag from /home/airflow/.local/lib/python3.12/site-packages/airflow/example_dags/example_branch_datetime_operator.py
[2026-03-09T19:07:52.410+0000] {processor.py:840} INFO - DAG(s) 'example_branch_datetime_operator_2', 'example_branch_datetime_operator', 'example_branch_datetime_operator_3' retrieved from /home/airflow/.local/lib/python3.12/site-packages/airflow/example_dags/example_branch_datetime_operator.py
[2026-03-09T19:07:52.563+0000] {logging_mixin.py:188} INFO - [2026-03-09T19:07:52.563+0000] {dag.py:3096} INFO - Sync 3 DAGs
[2026-03-09T19:07:52.589+0000] {logging_mixin.py:188} INFO - [2026-03-09T19:07:52.589+0000] {dag.py:3954} INFO - Setting next_dagrun for example_branch_datetime_operator to 2026-03-08 00:00:00+00:00, run_after=2026-03-09 00:00:00+00:00
[2026-03-09T19:07:52.596+0000] {logging_mixin.py:188} INFO - [2026-03-09T19:07:52.596+0000] {dag.py:3954} INFO - Setting next_dagrun for example_branch_datetime_operator_2 to 2026-03-08 00:00:00+00:00, run_after=2026-03-09 00:00:00+00:00
[2026-03-09T19:07:52.599+0000] {logging_mixin.py:188} INFO - [2026-03-09T19:07:52.599+0000] {dag.py:3954} INFO - Setting next_dagrun for example_branch_datetime_operator_3 to 2026-03-08 00:00:00+00:00, run_after=2026-03-09 00:00:00+00:00
[2026-03-09T19:07:52.632+0000] {processor.py:183} INFO - Processing /home/airflow/.local/lib/python3.12/site-packages/airflow/example_dags/example_branch_datetime_operator.py took 0.246 seconds
[2026-03-09T19:08:23.432+0000] {processor.py:161} INFO - Started process (PID=193) to work on /home/airflow/.local/lib/python3.12/site-packages/airflow/example_dags/example_branch_datetime_operator.py
[2026-03-09T19:08:23.434+0000] {processor.py:830} INFO - Processing file /home/airflow/.local/lib/python3.12/site-packages/airflow/example_dags/example_branch_datetime_operator.py for tasks to queue
[2026-03-09T19:08:23.436+0000] {logging_mixin.py:188} INFO - [2026-03-09T19:08:23.436+0000] {dagbag.py:545} INFO - Filling up the DagBag from /home/airflow/.local/lib/python3.12/site-packages/airflow/example_dags/example_branch_datetime_operator.py
[2026-03-09T19:08:23.457+0000] {processor.py:840} INFO - DAG(s) 'example_branch_datetime_operator', 'example_branch_datetime_operator_3', 'example_branch_datetime_operator_2' retrieved from /home/airflow/.local/lib/python3.12/site-packages/airflow/example_dags/example_branch_datetime_operator.py
[2026-03-09T19:08:23.496+0000] {logging_mixin.py:188} INFO - [2026-03-09T19:08:23.496+0000] {dag.py:3096} INFO - Sync 3 DAGs
[2026-03-09T19:08:23.528+0000] {logging_mixin.py:188} INFO - [2026-03-09T19:08:23.528+0000] {dag.py:3954} INFO - Setting next_dagrun for example_branch_datetime_operator to 2026-03-08 00:00:00+00:00, run_after=2026-03-09 00:00:00+00:00
[2026-03-09T19:08:23.535+0000] {logging_mixin.py:188} INFO - [2026-03-09T19:08:23.535+0000] {dag.py:3954} INFO - Setting next_dagrun for example_branch_datetime_operator_2 to 2026-03-08 00:00:00+00:00, run_after=2026-03-09 00:00:00+00:00
[2026-03-09T19:08:23.539+0000] {logging_mixin.py:188} INFO - [2026-03-09T19:08:23.539+0000] {dag.py:3954} INFO - Setting next_dagrun for example_branch_datetime_operator_3 to 2026-03-08 00:00:00+00:00, run_after=2026-03-09 00:00:00+00:00
[2026-03-09T19:08:23.561+0000] {processor.py:183} INFO - Processing /home/airflow/.local/lib/python3.12/site-packages/airflow/example_dags/example_branch_datetime_operator.py took 0.136 seconds
[2026-03-09T19:08:54.170+0000] {processor.py:161} INFO - Started process (PID=253) to work on /home/airflow/.local/lib/python3.12/site-packages/airflow/example_dags/example_branch_datetime_operator.py
[2026-03-09T19:08:54.171+0000] {processor.py:830} INFO - Processing file /home/airflow/.local/lib/python3.12/site-packages/airflow/example_dags/example_branch_datetime_operator.py for tasks to queue
[2026-03-09T19:08:54.173+0000] {logging_mixin.py:188} INFO - [2026-03-09T19:08:54.173+0000] {dagbag.py:545} INFO - Filling up the DagBag from /home/airflow/.local/lib/python3.12/site-packages/airflow/example_dags/example_branch_datetime_operator.py
[2026-03-09T19:08:54.186+0000] {processor.py:840} INFO - DAG(s) 'example_branch_datetime_operator_3', 'example_branch_datetime_operator_2', 'example_branch_datetime_operator' retrieved from /home/airflow/.local/lib/python3.12/site-packages/airflow/example_dags/example_branch_datetime_operator.py
[2026-03-09T19:08:54.221+0000] {logging_mixin.py:188} INFO - [2026-03-09T19:08:54.220+0000] {dag.py:3096} INFO - Sync 3 DAGs
[2026-03-09T19:08:54.249+0000] {logging_mixin.py:188} INFO - [2026-03-09T19:08:54.249+0000] {dag.py:3954} INFO - Setting next_dagrun for example_branch_datetime_operator to 2026-03-08 00:00:00+00:00, run_after=2026-03-09 00:00:00+00:00
[2026-03-09T19:08:54.258+0000] {logging_mixin.py:188} INFO - [2026-03-09T19:08:54.257+0000] {dag.py:3954} INFO - Setting next_dagrun for example_branch_datetime_operator_2 to 2026-03-08 00:00:00+00:00, run_after=2026-03-09 00:00:00+00:00
[2026-03-09T19:08:54.261+0000] {logging_mixin.py:188} INFO - [2026-03-09T19:08:54.261+0000] {dag.py:3954} INFO - Setting next_dagrun for example_branch_datetime_operator_3 to 2026-03-08 00:00:00+00:00, run_after=2026-03-09 00:00:00+00:00
[2026-03-09T19:08:54.405+0000] {processor.py:183} INFO - Processing /home/airflow/.local/lib/python3.12/site-packages/airflow/example_dags/example_branch_datetime_operator.py took 0.243 seconds
[2026-03-09T19:09:24.933+0000] {processor.py:161} INFO - Started process (PID=313) to work on /home/airflow/.local/lib/python3.12/site-packages/airflow/example_dags/example_branch_datetime_operator.py
[2026-03-09T19:09:24.935+0000] {processor.py:830} INFO - Processing file /home/airflow/.local/lib/python3.12/site-packages/airflow/example_dags/example_branch_datetime_operator.py for tasks to queue
[2026-03-09T19:09:24.939+0000] {logging_mixin.py:188} INFO - [2026-03-09T19:09:24.938+0000] {dagbag.py:545} INFO - Filling up the DagBag from /home/airflow/.local/lib/python3.12/site-packages/airflow/example_dags/example_branch_datetime_operator.py
[2026-03-09T19:09:24.954+0000] {processor.py:840} INFO - DAG(s) 'example_branch_datetime_operator', 'example_branch_datetime_operator_2', 'example_branch_datetime_operator_3' retrieved from /home/airflow/.local/lib/python3.12/site-packages/airflow/example_dags/example_branch_datetime_operator.py
[2026-03-09T19:09:24.991+0000] {logging_mixin.py:188} INFO - [2026-03-09T19:09:24.991+0000] {dag.py:3096} INFO - Sync 3 DAGs
[2026-03-09T19:09:25.018+0000] {logging_mixin.py:188} INFO - [2026-03-09T19:09:25.018+0000] {dag.py:3954} INFO - Setting next_dagrun for example_branch_datetime_operator to 2026-03-08 00:00:00+00:00, run_after=2026-03-09 00:00:00+00:00
[2026-03-09T19:09:25.025+0000] {logging_mixin.py:188} INFO - [2026-03-09T19:09:25.025+0000] {dag.py:3954} INFO - Setting next_dagrun for example_branch_datetime_operator_2 to 2026-03-08 00:00:00+00:00, run_after=2026-03-09 00:00:00+00:00
[2026-03-09T19:09:25.028+0000] {logging_mixin.py:188} INFO - [2026-03-09T19:09:25.028+0000] {dag.py:3954} INFO - Setting next_dagrun for example_branch_datetime_operator_3 to 2026-03-08 00:00:00+00:00, run_after=2026-03-09 00:00:00+00:00
[2026-03-09T19:09:25.050+0000] {processor.py:183} INFO - Processing /home/airflow/.local/lib/python3.12/site-packages/airflow/example_dags/example_branch_datetime_operator.py took 0.123 seconds
[2026-03-09T19:09:55.481+0000] {processor.py:161} INFO - Started process (PID=373) to work on /home/airflow/.local/lib/python3.12/site-packages/airflow/example_dags/example_branch_datetime_operator.py
[2026-03-09T19:09:55.482+0000] {processor.py:830} INFO - Processing file /home/airflow/.local/lib/python3.12/site-packages/airflow/example_dags/example_branch_datetime_operator.py for tasks to queue
[2026-03-09T19:09:55.485+0000] {logging_mixin.py:188} INFO - [2026-03-09T19:09:55.485+0000] {dagbag.py:545} INFO - Filling up the DagBag from /home/airflow/.local/lib/python3.12/site-packages/airflow/example_dags/example_branch_datetime_operator.py
[2026-03-09T19:09:55.497+0000] {processor.py:840} INFO - DAG(s) 'example_branch_datetime_operator', 'example_branch_datetime_operator_3', 'example_branch_datetime_operator_2' retrieved from /home/airflow/.local/lib/python3.12/site-packages/airflow/example_dags/example_branch_datetime_operator.py
[2026-03-09T19:09:55.528+0000] {logging_mixin.py:188} INFO - [2026-03-09T19:09:55.528+0000] {dag.py:3096} INFO - Sync 3 DAGs
[2026-03-09T19:09:55.557+0000] {logging_mixin.py:188} INFO - [2026-03-09T19:09:55.557+0000] {dag.py:3954} INFO - Setting next_dagrun for example_branch_datetime_operator to 2026-03-08 00:00:00+00:00, run_after=2026-03-09 00:00:00+00:00
[2026-03-09T19:09:55.563+0000] {logging_mixin.py:188} INFO - [2026-03-09T19:09:55.563+0000] {dag.py:3954} INFO - Setting next_dagrun for example_branch_datetime_operator_2 to 2026-03-08 00:00:00+00:00, run_after=2026-03-09 00:00:00+00:00
[2026-03-09T19:09:55.567+0000] {logging_mixin.py:188} INFO - [2026-03-09T19:09:55.566+0000] {dag.py:3954} INFO - Setting next_dagrun for example_branch_datetime_operator_3 to 2026-03-08 00:00:00+00:00, run_after=2026-03-09 00:00:00+00:00
[2026-03-09T19:09:55.585+0000] {processor.py:183} INFO - Processing /home/airflow/.local/lib/python3.12/site-packages/airflow/example_dags/example_branch_datetime_operator.py took 0.111 seconds
[2026-03-09T19:10:25.982+0000] {processor.py:161} INFO - Started process (PID=433) to work on /home/airflow/.local/lib/python3.12/site-packages/airflow/example_dags/example_branch_datetime_operator.py
[2026-03-09T19:10:25.984+0000] {processor.py:830} INFO - Processing file /home/airflow/.local/lib/python3.12/site-packages/airflow/example_dags/example_branch_datetime_operator.py for tasks to queue
[2026-03-09T19:10:25.987+0000] {logging_mixin.py:188} INFO - [2026-03-09T19:10:25.986+0000] {dagbag.py:545} INFO - Filling up the DagBag from /home/airflow/.local/lib/python3.12/site-packages/airflow/example_dags/example_branch_datetime_operator.py
[2026-03-09T19:10:25.999+0000] {processor.py:840} INFO - DAG(s) 'example_branch_datetime_operator', 'example_branch_datetime_operator_2', 'example_branch_datetime_operator_3' retrieved from /home/airflow/.local/lib/python3.12/site-packages/airflow/example_dags/example_branch_datetime_operator.py
[2026-03-09T19:10:26.035+0000] {logging_mixin.py:188} INFO - [2026-03-09T19:10:26.035+0000] {dag.py:3096} INFO - Sync 3 DAGs
[2026-03-09T19:10:26.070+0000] {logging_mixin.py:188} INFO - [2026-03-09T19:10:26.069+0000] {dag.py:3954} INFO - Setting next_dagrun for example_branch_datetime_operator to 2026-03-08 00:00:00+00:00, run_after=2026-03-09 00:00:00+00:00
[2026-03-09T19:10:26.078+0000] {logging_mixin.py:188} INFO - [2026-03-09T19:10:26.077+0000] {dag.py:3954} INFO - Setting next_dagrun for example_branch_datetime_operator_2 to 2026-03-08 00:00:00+00:00, run_after=2026-03-09 00:00:00+00:00
[2026-03-09T19:10:26.081+0000] {logging_mixin.py:188} INFO - [2026-03-09T19:10:26.081+0000] {dag.py:3954} INFO - Setting next_dagrun for example_branch_datetime_operator_3 to 2026-03-08 00:00:00+00:00, run_after=2026-03-09 00:00:00+00:00
[2026-03-09T19:10:26.102+0000] {processor.py:183} INFO - Processing /home/airflow/.local/lib/python3.12/site-packages/airflow/example_dags/example_branch_datetime_operator.py took 0.128 seconds
[2026-03-09T19:10:56.472+0000] {processor.py:161} INFO - Started process (PID=493) to work on /home/airflow/.local/lib/python3.12/site-packages/airflow/example_dags/example_branch_datetime_operator.py
[2026-03-09T19:10:56.473+0000] {processor.py:830} INFO - Processing file /home/airflow/.local/lib/python3.12/site-packages/airflow/example_dags/example_branch_datetime_operator.py for tasks to queue
[2026-03-09T19:10:56.475+0000] {logging_mixin.py:188} INFO - [2026-03-09T19:10:56.475+0000] {dagbag.py:545} INFO - Filling up the DagBag from /home/airflow/.local/lib/python3.12/site-packages/airflow/example_dags/example_branch_datetime_operator.py
[2026-03-09T19:10:56.487+0000] {processor.py:840} INFO - DAG(s) 'example_branch_datetime_operator_2', 'example_branch_datetime_operator', 'example_branch_datetime_operator_3' retrieved from /home/airflow/.local/lib/python3.12/site-packages/airflow/example_dags/example_branch_datetime_operator.py
[2026-03-09T19:10:56.522+0000] {logging_mixin.py:188} INFO - [2026-03-09T19:10:56.521+0000] {dag.py:3096} INFO - Sync 3 DAGs
[2026-03-09T19:10:56.550+0000] {logging_mixin.py:188} INFO - [2026-03-09T19:10:56.550+0000] {dag.py:3954} INFO - Setting next_dagrun for example_branch_datetime_operator to 2026-03-08 00:00:00+00:00, run_after=2026-03-09 00:00:00+00:00
[2026-03-09T19:10:56.556+0000] {logging_mixin.py:188} INFO - [2026-03-09T19:10:56.556+0000] {dag.py:3954} INFO - Setting next_dagrun for example_branch_datetime_operator_2 to 2026-03-08 00:00:00+00:00, run_after=2026-03-09 00:00:00+00:00
[2026-03-09T19:10:56.560+0000] {logging_mixin.py:188} INFO - [2026-03-09T19:10:56.559+0000] {dag.py:3954} INFO - Setting next_dagrun for example_branch_datetime_operator_3 to 2026-03-08 00:00:00+00:00, run_after=2026-03-09 00:00:00+00:00
[2026-03-09T19:10:56.581+0000] {processor.py:183} INFO - Processing /home/airflow/.local/lib/python3.12/site-packages/airflow/example_dags/example_branch_datetime_operator.py took 0.116 seconds
[2026-03-09T19:11:26.887+0000] {processor.py:161} INFO - Started process (PID=553) to work on /home/airflow/.local/lib/python3.12/site-packages/airflow/example_dags/example_branch_datetime_operator.py
[2026-03-09T19:11:26.888+0000] {processor.py:830} INFO - Processing file /home/airflow/.local/lib/python3.12/site-packages/airflow/example_dags/example_branch_datetime_operator.py for tasks to queue
[2026-03-09T19:11:26.891+0000] {logging_mixin.py:188} INFO - [2026-03-09T19:11:26.891+0000] {dagbag.py:545} INFO - Filling up the DagBag from /home/airflow/.local/lib/python3.12/site-packages/airflow/example_dags/example_branch_datetime_operator.py
[2026-03-09T19:11:26.907+0000] {processor.py:840} INFO - DAG(s) 'example_branch_datetime_operator', 'example_branch_datetime_operator_3', 'example_branch_datetime_operator_2' retrieved from /home/airflow/.local/lib/python3.12/site-packages/airflow/example_dags/example_branch_datetime_operator.py
[2026-03-09T19:11:26.940+0000] {logging_mixin.py:188} INFO - [2026-03-09T19:11:26.940+0000] {dag.py:3096} INFO - Sync 3 DAGs
[2026-03-09T19:11:26.967+0000] {logging_mixin.py:188} INFO - [2026-03-09T19:11:26.966+0000] {dag.py:3954} INFO - Setting next_dagrun for example_branch_datetime_operator to 2026-03-08 00:00:00+00:00, run_after=2026-03-09 00:00:00+00:00
[2026-03-09T19:11:26.973+0000] {logging_mixin.py:188} INFO - [2026-03-09T19:11:26.973+0000] {dag.py:3954} INFO - Setting next_dagrun for example_branch_datetime_operator_2 to 2026-03-08 00:00:00+00:00, run_after=2026-03-09 00:00:00+00:00
[2026-03-09T19:11:26.976+0000] {logging_mixin.py:188} INFO - [2026-03-09T19:11:26.976+0000] {dag.py:3954} INFO - Setting next_dagrun for example_branch_datetime_operator_3 to 2026-03-08 00:00:00+00:00, run_after=2026-03-09 00:00:00+00:00
[2026-03-09T19:11:26.997+0000] {processor.py:183} INFO - Processing /home/airflow/.local/lib/python3.12/site-packages/airflow/example_dags/example_branch_datetime_operator.py took 0.116 seconds
[2026-03-09T19:11:57.813+0000] {processor.py:161} INFO - Started process (PID=613) to work on /home/airflow/.local/lib/python3.12/site-packages/airflow/example_dags/example_branch_datetime_operator.py
[2026-03-09T19:11:57.814+0000] {processor.py:830} INFO - Processing file /home/airflow/.local/lib/python3.12/site-packages/airflow/example_dags/example_branch_datetime_operator.py for tasks to queue
[2026-03-09T19:11:57.817+0000] {logging_mixin.py:188} INFO - [2026-03-09T19:11:57.817+0000] {dagbag.py:545} INFO - Filling up the DagBag from /home/airflow/.local/lib/python3.12/site-packages/airflow/example_dags/example_branch_datetime_operator.py
[2026-03-09T19:11:57.831+0000] {processor.py:840} INFO - DAG(s) 'example_branch_datetime_operator_2', 'example_branch_datetime_operator', 'example_branch_datetime_operator_3' retrieved from /home/airflow/.local/lib/python3.12/site-packages/airflow/example_dags/example_branch_datetime_operator.py
[2026-03-09T19:11:57.865+0000] {logging_mixin.py:188} INFO - [2026-03-09T19:11:57.865+0000] {dag.py:3096} INFO - Sync 3 DAGs
[2026-03-09T19:11:57.895+0000] {logging_mixin.py:188} INFO - [2026-03-09T19:11:57.895+0000] {dag.py:3954} INFO - Setting next_dagrun for example_branch_datetime_operator to 2026-03-08 00:00:00+00:00, run_after=2026-03-09 00:00:00+00:00
[2026-03-09T19:11:57.902+0000] {logging_mixin.py:188} INFO - [2026-03-09T19:11:57.902+0000] {dag.py:3954} INFO - Setting next_dagrun for example_branch_datetime_operator_2 to 2026-03-08 00:00:00+00:00, run_after=2026-03-09 00:00:00+00:00
[2026-03-09T19:11:57.906+0000] {logging_mixin.py:188} INFO - [2026-03-09T19:11:57.906+0000] {dag.py:3954} INFO - Setting next_dagrun for example_branch_datetime_operator_3 to 2026-03-08 00:00:00+00:00, run_after=2026-03-09 00:00:00+00:00
[2026-03-09T19:11:57.927+0000] {processor.py:183} INFO - Processing /home/airflow/.local/lib/python3.12/site-packages/airflow/example_dags/example_branch_datetime_operator.py took 0.121 seconds
[2026-03-09T19:12:28.462+0000] {processor.py:161} INFO - Started process (PID=673) to work on /home/airflow/.local/lib/python3.12/site-packages/airflow/example_dags/example_branch_datetime_operator.py
[2026-03-09T19:12:28.463+0000] {processor.py:830} INFO - Processing file /home/airflow/.local/lib/python3.12/site-packages/airflow/example_dags/example_branch_datetime_operator.py for tasks to queue
[2026-03-09T19:12:28.466+0000] {logging_mixin.py:188} INFO - [2026-03-09T19:12:28.465+0000] {dagbag.py:545} INFO - Filling up the DagBag from /home/airflow/.local/lib/python3.12/site-packages/airflow/example_dags/example_branch_datetime_operator.py
[2026-03-09T19:12:28.479+0000] {processor.py:840} INFO - DAG(s) 'example_branch_datetime_operator', 'example_branch_datetime_operator_2', 'example_branch_datetime_operator_3' retrieved from /home/airflow/.local/lib/python3.12/site-packages/airflow/example_dags/example_branch_datetime_operator.py
[2026-03-09T19:12:28.511+0000] {logging_mixin.py:188} INFO - [2026-03-09T19:12:28.511+0000] {dag.py:3096} INFO - Sync 3 DAGs
[2026-03-09T19:12:28.540+0000] {logging_mixin.py:188} INFO - [2026-03-09T19:12:28.539+0000] {dag.py:3954} INFO - Setting next_dagrun for example_branch_datetime_operator to 2026-03-08 00:00:00+00:00, run_after=2026-03-09 00:00:00+00:00
[2026-03-09T19:12:28.546+0000] {logging_mixin.py:188} INFO - [2026-03-09T19:12:28.546+0000] {dag.py:3954} INFO - Setting next_dagrun for example_branch_datetime_operator_2 to 2026-03-08 00:00:00+00:00, run_after=2026-03-09 00:00:00+00:00
[2026-03-09T19:12:28.550+0000] {logging_mixin.py:188} INFO - [2026-03-09T19:12:28.550+0000] {dag.py:3954} INFO - Setting next_dagrun for example_branch_datetime_operator_3 to 2026-03-08 00:00:00+00:00, run_after=2026-03-09 00:00:00+00:00
[2026-03-09T19:12:28.571+0000] {processor.py:183} INFO - Processing /home/airflow/.local/lib/python3.12/site-packages/airflow/example_dags/example_branch_datetime_operator.py took 0.116 seconds
[2026-03-09T19:12:58.876+0000] {processor.py:161} INFO - Started process (PID=730) to work on /home/airflow/.local/lib/python3.12/site-packages/airflow/example_dags/example_branch_datetime_operator.py
[2026-03-09T19:12:58.877+0000] {processor.py:830} INFO - Processing file /home/airflow/.local/lib/python3.12/site-packages/airflow/example_dags/example_branch_datetime_operator.py for tasks to queue
[2026-03-09T19:12:58.879+0000] {logging_mixin.py:188} INFO - [2026-03-09T19:12:58.879+0000] {dagbag.py:545} INFO - Filling up the DagBag from /home/airflow/.local/lib/python3.12/site-packages/airflow/example_dags/example_branch_datetime_operator.py
[2026-03-09T19:12:58.890+0000] {processor.py:840} INFO - DAG(s) 'example_branch_datetime_operator_3', 'example_branch_datetime_operator', 'example_branch_datetime_operator_2' retrieved from /home/airflow/.local/lib/python3.12/site-packages/airflow/example_dags/example_branch_datetime_operator.py
[2026-03-09T19:12:58.923+0000] {logging_mixin.py:188} INFO - [2026-03-09T19:12:58.922+0000] {dag.py:3096} INFO - Sync 3 DAGs
[2026-03-09T19:12:58.949+0000] {logging_mixin.py:188} INFO - [2026-03-09T19:12:58.949+0000] {dag.py:3954} INFO - Setting next_dagrun for example_branch_datetime_operator to 2026-03-08 00:00:00+00:00, run_after=2026-03-09 00:00:00+00:00
[2026-03-09T19:12:58.955+0000] {logging_mixin.py:188} INFO - [2026-03-09T19:12:58.955+0000] {dag.py:3954} INFO - Setting next_dagrun for example_branch_datetime_operator_2 to 2026-03-08 00:00:00+00:00, run_after=2026-03-09 00:00:00+00:00
[2026-03-09T19:12:58.959+0000] {logging_mixin.py:188} INFO - [2026-03-09T19:12:58.958+0000] {dag.py:3954} INFO - Setting next_dagrun for example_branch_datetime_operator_3 to 2026-03-08 00:00:00+00:00, run_after=2026-03-09 00:00:00+00:00
[2026-03-09T19:12:58.980+0000] {processor.py:183} INFO - Processing /home/airflow/.local/lib/python3.12/site-packages/airflow/example_dags/example_branch_datetime_operator.py took 0.111 seconds
[2026-03-09T19:13:29.593+0000] {processor.py:161} INFO - Started process (PID=790) to work on /home/airflow/.local/lib/python3.12/site-packages/airflow/example_dags/example_branch_datetime_operator.py
[2026-03-09T19:13:29.594+0000] {processor.py:830} INFO - Processing file /home/airflow/.local/lib/python3.12/site-packages/airflow/example_dags/example_branch_datetime_operator.py for tasks to queue
[2026-03-09T19:13:29.597+0000] {logging_mixin.py:188} INFO - [2026-03-09T19:13:29.596+0000] {dagbag.py:545} INFO - Filling up the DagBag from /home/airflow/.local/lib/python3.12/site-packages/airflow/example_dags/example_branch_datetime_operator.py
[2026-03-09T19:13:29.608+0000] {processor.py:840} INFO - DAG(s) 'example_branch_datetime_operator_3', 'example_branch_datetime_operator', 'example_branch_datetime_operator_2' retrieved from /home/airflow/.local/lib/python3.12/site-packages/airflow/example_dags/example_branch_datetime_operator.py
[2026-03-09T19:13:29.638+0000] {logging_mixin.py:188} INFO - [2026-03-09T19:13:29.638+0000] {dag.py:3096} INFO - Sync 3 DAGs
[2026-03-09T19:13:29.670+0000] {logging_mixin.py:188} INFO - [2026-03-09T19:13:29.669+0000] {dag.py:3954} INFO - Setting next_dagrun for example_branch_datetime_operator to 2026-03-08 00:00:00+00:00, run_after=2026-03-09 00:00:00+00:00
[2026-03-09T19:13:29.677+0000] {logging_mixin.py:188} INFO - [2026-03-09T19:13:29.676+0000] {dag.py:3954} INFO - Setting next_dagrun for example_branch_datetime_operator_2 to 2026-03-08 00:00:00+00:00, run_after=2026-03-09 00:00:00+00:00
[2026-03-09T19:13:29.680+0000] {logging_mixin.py:188} INFO - [2026-03-09T19:13:29.680+0000] {dag.py:3954} INFO - Setting next_dagrun for example_branch_datetime_operator_3 to 2026-03-08 00:00:00+00:00, run_after=2026-03-09 00:00:00+00:00
[2026-03-09T19:13:29.701+0000] {processor.py:183} INFO - Processing /home/airflow/.local/lib/python3.12/site-packages/airflow/example_dags/example_branch_datetime_operator.py took 0.113 seconds
[2026-03-09T19:13:59.995+0000] {processor.py:161} INFO - Started process (PID=850) to work on /home/airflow/.local/lib/python3.12/site-packages/airflow/example_dags/example_branch_datetime_operator.py
[2026-03-09T19:13:59.996+0000] {processor.py:830} INFO - Processing file /home/airflow/.local/lib/python3.12/site-packages/airflow/example_dags/example_branch_datetime_operator.py for tasks to queue
[2026-03-09T19:14:00.000+0000] {logging_mixin.py:188} INFO - [2026-03-09T19:13:59.999+0000] {dagbag.py:545} INFO - Filling up the DagBag from /home/airflow/.local/lib/python3.12/site-packages/airflow/example_dags/example_branch_datetime_operator.py
[2026-03-09T19:14:00.015+0000] {processor.py:840} INFO - DAG(s) 'example_branch_datetime_operator', 'example_branch_datetime_operator_3', 'example_branch_datetime_operator_2' retrieved from /home/airflow/.local/lib/python3.12/site-packages/airflow/example_dags/example_branch_datetime_operator.py
[2026-03-09T19:14:00.056+0000] {logging_mixin.py:188} INFO - [2026-03-09T19:14:00.056+0000] {dag.py:3096} INFO - Sync 3 DAGs
[2026-03-09T19:14:00.093+0000] {logging_mixin.py:188} INFO - [2026-03-09T19:14:00.092+0000] {dag.py:3954} INFO - Setting next_dagrun for example_branch_datetime_operator to 2026-03-08 00:00:00+00:00, run_after=2026-03-09 00:00:00+00:00
[2026-03-09T19:14:00.100+0000] {logging_mixin.py:188} INFO - [2026-03-09T19:14:00.100+0000] {dag.py:3954} INFO - Setting next_dagrun for example_branch_datetime_operator_2 to 2026-03-08 00:00:00+00:00, run_after=2026-03-09 00:00:00+00:00
[2026-03-09T19:14:00.104+0000] {logging_mixin.py:188} INFO - [2026-03-09T19:14:00.104+0000] {dag.py:3954} INFO - Setting next_dagrun for example_branch_datetime_operator_3 to 2026-03-08 00:00:00+00:00, run_after=2026-03-09 00:00:00+00:00
[2026-03-09T19:14:00.130+0000] {processor.py:183} INFO - Processing /home/airflow/.local/lib/python3.12/site-packages/airflow/example_dags/example_branch_datetime_operator.py took 0.142 seconds
[2026-03-09T19:14:30.521+0000] {processor.py:161} INFO - Started process (PID=910) to work on /home/airflow/.local/lib/python3.12/site-packages/airflow/example_dags/example_branch_datetime_operator.py
[2026-03-09T19:14:30.522+0000] {processor.py:830} INFO - Processing file /home/airflow/.local/lib/python3.12/site-packages/airflow/example_dags/example_branch_datetime_operator.py for tasks to queue
[2026-03-09T19:14:30.524+0000] {logging_mixin.py:188} INFO - [2026-03-09T19:14:30.524+0000] {dagbag.py:545} INFO - Filling up the DagBag from /home/airflow/.local/lib/python3.12/site-packages/airflow/example_dags/example_branch_datetime_operator.py
[2026-03-09T19:14:30.536+0000] {processor.py:840} INFO - DAG(s) 'example_branch_datetime_operator', 'example_branch_datetime_operator_2', 'example_branch_datetime_operator_3' retrieved from /home/airflow/.local/lib/python3.12/site-packages/airflow/example_dags/example_branch_datetime_operator.py
[2026-03-09T19:14:30.567+0000] {logging_mixin.py:188} INFO - [2026-03-09T19:14:30.566+0000] {dag.py:3096} INFO - Sync 3 DAGs
[2026-03-09T19:14:30.597+0000] {logging_mixin.py:188} INFO - [2026-03-09T19:14:30.596+0000] {dag.py:3954} INFO - Setting next_dagrun for example_branch_datetime_operator to 2026-03-08 00:00:00+00:00, run_after=2026-03-09 00:00:00+00:00
[2026-03-09T19:14:30.604+0000] {logging_mixin.py:188} INFO - [2026-03-09T19:14:30.604+0000] {dag.py:3954} INFO - Setting next_dagrun for example_branch_datetime_operator_2 to 2026-03-08 00:00:00+00:00, run_after=2026-03-09 00:00:00+00:00
[2026-03-09T19:14:30.607+0000] {logging_mixin.py:188} INFO - [2026-03-09T19:14:30.607+0000] {dag.py:3954} INFO - Setting next_dagrun for example_branch_datetime_operator_3 to 2026-03-08 00:00:00+00:00, run_after=2026-03-09 00:00:00+00:00
[2026-03-09T19:14:30.631+0000] {processor.py:183} INFO - Processing /home/airflow/.local/lib/python3.12/site-packages/airflow/example_dags/example_branch_datetime_operator.py took 0.116 seconds
[2026-03-09T19:15:00.834+0000] {processor.py:161} INFO - Started process (PID=970) to work on /home/airflow/.local/lib/python3.12/site-packages/airflow/example_dags/example_branch_datetime_operator.py
[2026-03-09T19:15:00.837+0000] {processor.py:830} INFO - Processing file /home/airflow/.local/lib/python3.12/site-packages/airflow/example_dags/example_branch_datetime_operator.py for tasks to queue
[2026-03-09T19:15:00.840+0000] {logging_mixin.py:188} INFO - [2026-03-09T19:15:00.839+0000] {dagbag.py:545} INFO - Filling up the DagBag from /home/airflow/.local/lib/python3.12/site-packages/airflow/example_dags/example_branch_datetime_operator.py
[2026-03-09T19:15:00.853+0000] {processor.py:840} INFO - DAG(s) 'example_branch_datetime_operator_2', 'example_branch_datetime_operator_3', 'example_branch_datetime_operator' retrieved from /home/airflow/.local/lib/python3.12/site-packages/airflow/example_dags/example_branch_datetime_operator.py
[2026-03-09T19:15:00.890+0000] {logging_mixin.py:188} INFO - [2026-03-09T19:15:00.890+0000] {dag.py:3096} INFO - Sync 3 DAGs
[2026-03-09T19:15:00.925+0000] {logging_mixin.py:188} INFO - [2026-03-09T19:15:00.925+0000] {dag.py:3954} INFO - Setting next_dagrun for example_branch_datetime_operator to 2026-03-08 00:00:00+00:00, run_after=2026-03-09 00:00:00+00:00
[2026-03-09T19:15:00.934+0000] {logging_mixin.py:188} INFO - [2026-03-09T19:15:00.933+0000] {dag.py:3954} INFO - Setting next_dagrun for example_branch_datetime_operator_2 to 2026-03-08 00:00:00+00:00, run_after=2026-03-09 00:00:00+00:00
[2026-03-09T19:15:00.938+0000] {logging_mixin.py:188} INFO - [2026-03-09T19:15:00.937+0000] {dag.py:3954} INFO - Setting next_dagrun for example_branch_datetime_operator_3 to 2026-03-08 00:00:00+00:00, run_after=2026-03-09 00:00:00+00:00
[2026-03-09T19:15:00.960+0000] {processor.py:183} INFO - Processing /home/airflow/.local/lib/python3.12/site-packages/airflow/example_dags/example_branch_datetime_operator.py took 0.133 seconds
