[2026-03-09T19:04:48.513+0000] {processor.py:161} INFO - Started process (PID=103) to work on /home/airflow/.local/lib/python3.12/site-packages/airflow/example_dags/tutorial.py
[2026-03-09T19:04:48.515+0000] {processor.py:830} INFO - Processing file /home/airflow/.local/lib/python3.12/site-packages/airflow/example_dags/tutorial.py for tasks to queue
[2026-03-09T19:04:48.518+0000] {logging_mixin.py:188} INFO - [2026-03-09T19:04:48.517+0000] {dagbag.py:545} INFO - Filling up the DagBag from /home/airflow/.local/lib/python3.12/site-packages/airflow/example_dags/tutorial.py
[2026-03-09T19:04:48.526+0000] {processor.py:840} INFO - DAG(s) 'tutorial' retrieved from /home/airflow/.local/lib/python3.12/site-packages/airflow/example_dags/tutorial.py
[2026-03-09T19:04:48.566+0000] {logging_mixin.py:188} INFO - [2026-03-09T19:04:48.565+0000] {dag.py:3096} INFO - Sync 1 DAGs
[2026-03-09T19:04:48.594+0000] {logging_mixin.py:188} INFO - [2026-03-09T19:04:48.593+0000] {dag.py:3954} INFO - Setting next_dagrun for tutorial to 2026-03-08 00:00:00+00:00, run_after=2026-03-09 00:00:00+00:00
[2026-03-09T19:04:48.622+0000] {processor.py:183} INFO - Processing /home/airflow/.local/lib/python3.12/site-packages/airflow/example_dags/tutorial.py took 0.117 seconds
[2026-03-09T19:05:19.495+0000] {processor.py:161} INFO - Started process (PID=161) to work on /home/airflow/.local/lib/python3.12/site-packages/airflow/example_dags/tutorial.py
[2026-03-09T19:05:19.496+0000] {processor.py:830} INFO - Processing file /home/airflow/.local/lib/python3.12/site-packages/airflow/example_dags/tutorial.py for tasks to queue
[2026-03-09T19:05:19.499+0000] {logging_mixin.py:188} INFO - [2026-03-09T19:05:19.499+0000] {dagbag.py:545} INFO - Filling up the DagBag from /home/airflow/.local/lib/python3.12/site-packages/airflow/example_dags/tutorial.py
[2026-03-09T19:05:19.510+0000] {processor.py:840} INFO - DAG(s) 'tutorial' retrieved from /home/airflow/.local/lib/python3.12/site-packages/airflow/example_dags/tutorial.py
[2026-03-09T19:05:19.539+0000] {logging_mixin.py:188} INFO - [2026-03-09T19:05:19.539+0000] {dag.py:3096} INFO - Sync 1 DAGs
[2026-03-09T19:05:19.574+0000] {logging_mixin.py:188} INFO - [2026-03-09T19:05:19.574+0000] {dag.py:3954} INFO - Setting next_dagrun for tutorial to 2026-03-08 00:00:00+00:00, run_after=2026-03-09 00:00:00+00:00
[2026-03-09T19:05:19.607+0000] {processor.py:183} INFO - Processing /home/airflow/.local/lib/python3.12/site-packages/airflow/example_dags/tutorial.py took 0.122 seconds
[2026-03-09T19:05:50.118+0000] {processor.py:161} INFO - Started process (PID=219) to work on /home/airflow/.local/lib/python3.12/site-packages/airflow/example_dags/tutorial.py
[2026-03-09T19:05:50.120+0000] {processor.py:830} INFO - Processing file /home/airflow/.local/lib/python3.12/site-packages/airflow/example_dags/tutorial.py for tasks to queue
[2026-03-09T19:05:50.123+0000] {logging_mixin.py:188} INFO - [2026-03-09T19:05:50.122+0000] {dagbag.py:545} INFO - Filling up the DagBag from /home/airflow/.local/lib/python3.12/site-packages/airflow/example_dags/tutorial.py
[2026-03-09T19:05:50.132+0000] {processor.py:840} INFO - DAG(s) 'tutorial' retrieved from /home/airflow/.local/lib/python3.12/site-packages/airflow/example_dags/tutorial.py
[2026-03-09T19:05:50.161+0000] {logging_mixin.py:188} INFO - [2026-03-09T19:05:50.160+0000] {dag.py:3096} INFO - Sync 1 DAGs
[2026-03-09T19:05:50.187+0000] {logging_mixin.py:188} INFO - [2026-03-09T19:05:50.187+0000] {dag.py:3954} INFO - Setting next_dagrun for tutorial to 2026-03-08 00:00:00+00:00, run_after=2026-03-09 00:00:00+00:00
[2026-03-09T19:05:50.213+0000] {processor.py:183} INFO - Processing /home/airflow/.local/lib/python3.12/site-packages/airflow/example_dags/tutorial.py took 0.102 seconds
[2026-03-09T19:06:20.751+0000] {processor.py:161} INFO - Started process (PID=277) to work on /home/airflow/.local/lib/python3.12/site-packages/airflow/example_dags/tutorial.py
[2026-03-09T19:06:20.755+0000] {processor.py:830} INFO - Processing file /home/airflow/.local/lib/python3.12/site-packages/airflow/example_dags/tutorial.py for tasks to queue
[2026-03-09T19:06:20.761+0000] {logging_mixin.py:188} INFO - [2026-03-09T19:06:20.760+0000] {dagbag.py:545} INFO - Filling up the DagBag from /home/airflow/.local/lib/python3.12/site-packages/airflow/example_dags/tutorial.py
[2026-03-09T19:06:20.774+0000] {processor.py:840} INFO - DAG(s) 'tutorial' retrieved from /home/airflow/.local/lib/python3.12/site-packages/airflow/example_dags/tutorial.py
[2026-03-09T19:06:20.823+0000] {logging_mixin.py:188} INFO - [2026-03-09T19:06:20.823+0000] {dag.py:3096} INFO - Sync 1 DAGs
[2026-03-09T19:06:20.903+0000] {logging_mixin.py:188} INFO - [2026-03-09T19:06:20.902+0000] {dag.py:3954} INFO - Setting next_dagrun for tutorial to 2026-03-08 00:00:00+00:00, run_after=2026-03-09 00:00:00+00:00
[2026-03-09T19:06:20.979+0000] {processor.py:183} INFO - Processing /home/airflow/.local/lib/python3.12/site-packages/airflow/example_dags/tutorial.py took 0.239 seconds
[2026-03-09T19:07:24.530+0000] {processor.py:161} INFO - Started process (PID=101) to work on /home/airflow/.local/lib/python3.12/site-packages/airflow/example_dags/tutorial.py
[2026-03-09T19:07:24.531+0000] {processor.py:830} INFO - Processing file /home/airflow/.local/lib/python3.12/site-packages/airflow/example_dags/tutorial.py for tasks to queue
[2026-03-09T19:07:24.537+0000] {logging_mixin.py:188} INFO - [2026-03-09T19:07:24.537+0000] {dagbag.py:545} INFO - Filling up the DagBag from /home/airflow/.local/lib/python3.12/site-packages/airflow/example_dags/tutorial.py
[2026-03-09T19:07:24.547+0000] {processor.py:840} INFO - DAG(s) 'tutorial' retrieved from /home/airflow/.local/lib/python3.12/site-packages/airflow/example_dags/tutorial.py
[2026-03-09T19:07:24.571+0000] {logging_mixin.py:188} INFO - [2026-03-09T19:07:24.570+0000] {dag.py:3096} INFO - Sync 1 DAGs
[2026-03-09T19:07:24.612+0000] {logging_mixin.py:188} INFO - [2026-03-09T19:07:24.611+0000] {dag.py:3954} INFO - Setting next_dagrun for tutorial to 2026-03-08 00:00:00+00:00, run_after=2026-03-09 00:00:00+00:00
[2026-03-09T19:07:24.681+0000] {processor.py:183} INFO - Processing /home/airflow/.local/lib/python3.12/site-packages/airflow/example_dags/tutorial.py took 0.159 seconds
[2026-03-09T19:07:56.042+0000] {processor.py:161} INFO - Started process (PID=161) to work on /home/airflow/.local/lib/python3.12/site-packages/airflow/example_dags/tutorial.py
[2026-03-09T19:07:56.043+0000] {processor.py:830} INFO - Processing file /home/airflow/.local/lib/python3.12/site-packages/airflow/example_dags/tutorial.py for tasks to queue
[2026-03-09T19:07:56.046+0000] {logging_mixin.py:188} INFO - [2026-03-09T19:07:56.046+0000] {dagbag.py:545} INFO - Filling up the DagBag from /home/airflow/.local/lib/python3.12/site-packages/airflow/example_dags/tutorial.py
[2026-03-09T19:07:56.054+0000] {processor.py:840} INFO - DAG(s) 'tutorial' retrieved from /home/airflow/.local/lib/python3.12/site-packages/airflow/example_dags/tutorial.py
[2026-03-09T19:07:56.206+0000] {logging_mixin.py:188} INFO - [2026-03-09T19:07:56.206+0000] {dag.py:3096} INFO - Sync 1 DAGs
[2026-03-09T19:07:56.236+0000] {logging_mixin.py:188} INFO - [2026-03-09T19:07:56.235+0000] {dag.py:3954} INFO - Setting next_dagrun for tutorial to 2026-03-08 00:00:00+00:00, run_after=2026-03-09 00:00:00+00:00
[2026-03-09T19:07:56.278+0000] {processor.py:183} INFO - Processing /home/airflow/.local/lib/python3.12/site-packages/airflow/example_dags/tutorial.py took 0.242 seconds
[2026-03-09T19:08:26.339+0000] {processor.py:161} INFO - Started process (PID=221) to work on /home/airflow/.local/lib/python3.12/site-packages/airflow/example_dags/tutorial.py
[2026-03-09T19:08:26.340+0000] {processor.py:830} INFO - Processing file /home/airflow/.local/lib/python3.12/site-packages/airflow/example_dags/tutorial.py for tasks to queue
[2026-03-09T19:08:26.343+0000] {logging_mixin.py:188} INFO - [2026-03-09T19:08:26.342+0000] {dagbag.py:545} INFO - Filling up the DagBag from /home/airflow/.local/lib/python3.12/site-packages/airflow/example_dags/tutorial.py
[2026-03-09T19:08:26.350+0000] {processor.py:840} INFO - DAG(s) 'tutorial' retrieved from /home/airflow/.local/lib/python3.12/site-packages/airflow/example_dags/tutorial.py
[2026-03-09T19:08:26.373+0000] {logging_mixin.py:188} INFO - [2026-03-09T19:08:26.373+0000] {dag.py:3096} INFO - Sync 1 DAGs
[2026-03-09T19:08:26.401+0000] {logging_mixin.py:188} INFO - [2026-03-09T19:08:26.400+0000] {dag.py:3954} INFO - Setting next_dagrun for tutorial to 2026-03-08 00:00:00+00:00, run_after=2026-03-09 00:00:00+00:00
[2026-03-09T19:08:26.425+0000] {processor.py:183} INFO - Processing /home/airflow/.local/lib/python3.12/site-packages/airflow/example_dags/tutorial.py took 0.093 seconds
[2026-03-09T19:08:57.076+0000] {processor.py:161} INFO - Started process (PID=281) to work on /home/airflow/.local/lib/python3.12/site-packages/airflow/example_dags/tutorial.py
[2026-03-09T19:08:57.078+0000] {processor.py:830} INFO - Processing file /home/airflow/.local/lib/python3.12/site-packages/airflow/example_dags/tutorial.py for tasks to queue
[2026-03-09T19:08:57.080+0000] {logging_mixin.py:188} INFO - [2026-03-09T19:08:57.080+0000] {dagbag.py:545} INFO - Filling up the DagBag from /home/airflow/.local/lib/python3.12/site-packages/airflow/example_dags/tutorial.py
[2026-03-09T19:08:57.092+0000] {processor.py:840} INFO - DAG(s) 'tutorial' retrieved from /home/airflow/.local/lib/python3.12/site-packages/airflow/example_dags/tutorial.py
[2026-03-09T19:08:57.116+0000] {logging_mixin.py:188} INFO - [2026-03-09T19:08:57.116+0000] {dag.py:3096} INFO - Sync 1 DAGs
[2026-03-09T19:08:57.150+0000] {logging_mixin.py:188} INFO - [2026-03-09T19:08:57.150+0000] {dag.py:3954} INFO - Setting next_dagrun for tutorial to 2026-03-08 00:00:00+00:00, run_after=2026-03-09 00:00:00+00:00
[2026-03-09T19:08:57.179+0000] {processor.py:183} INFO - Processing /home/airflow/.local/lib/python3.12/site-packages/airflow/example_dags/tutorial.py took 0.110 seconds
[2026-03-09T19:09:27.932+0000] {processor.py:161} INFO - Started process (PID=341) to work on /home/airflow/.local/lib/python3.12/site-packages/airflow/example_dags/tutorial.py
[2026-03-09T19:09:27.934+0000] {processor.py:830} INFO - Processing file /home/airflow/.local/lib/python3.12/site-packages/airflow/example_dags/tutorial.py for tasks to queue
[2026-03-09T19:09:27.937+0000] {logging_mixin.py:188} INFO - [2026-03-09T19:09:27.936+0000] {dagbag.py:545} INFO - Filling up the DagBag from /home/airflow/.local/lib/python3.12/site-packages/airflow/example_dags/tutorial.py
[2026-03-09T19:09:27.945+0000] {processor.py:840} INFO - DAG(s) 'tutorial' retrieved from /home/airflow/.local/lib/python3.12/site-packages/airflow/example_dags/tutorial.py
[2026-03-09T19:09:27.975+0000] {logging_mixin.py:188} INFO - [2026-03-09T19:09:27.974+0000] {dag.py:3096} INFO - Sync 1 DAGs
[2026-03-09T19:09:28.007+0000] {logging_mixin.py:188} INFO - [2026-03-09T19:09:28.006+0000] {dag.py:3954} INFO - Setting next_dagrun for tutorial to 2026-03-08 00:00:00+00:00, run_after=2026-03-09 00:00:00+00:00
[2026-03-09T19:09:28.033+0000] {processor.py:183} INFO - Processing /home/airflow/.local/lib/python3.12/site-packages/airflow/example_dags/tutorial.py took 0.110 seconds
[2026-03-09T19:09:58.428+0000] {processor.py:161} INFO - Started process (PID=401) to work on /home/airflow/.local/lib/python3.12/site-packages/airflow/example_dags/tutorial.py
[2026-03-09T19:09:58.429+0000] {processor.py:830} INFO - Processing file /home/airflow/.local/lib/python3.12/site-packages/airflow/example_dags/tutorial.py for tasks to queue
[2026-03-09T19:09:58.432+0000] {logging_mixin.py:188} INFO - [2026-03-09T19:09:58.431+0000] {dagbag.py:545} INFO - Filling up the DagBag from /home/airflow/.local/lib/python3.12/site-packages/airflow/example_dags/tutorial.py
[2026-03-09T19:09:58.440+0000] {processor.py:840} INFO - DAG(s) 'tutorial' retrieved from /home/airflow/.local/lib/python3.12/site-packages/airflow/example_dags/tutorial.py
[2026-03-09T19:09:58.466+0000] {logging_mixin.py:188} INFO - [2026-03-09T19:09:58.466+0000] {dag.py:3096} INFO - Sync 1 DAGs
[2026-03-09T19:09:58.504+0000] {logging_mixin.py:188} INFO - [2026-03-09T19:09:58.503+0000] {dag.py:3954} INFO - Setting next_dagrun for tutorial to 2026-03-08 00:00:00+00:00, run_after=2026-03-09 00:00:00+00:00
[2026-03-09T19:09:58.533+0000] {processor.py:183} INFO - Processing /home/airflow/.local/lib/python3.12/site-packages/airflow/example_dags/tutorial.py took 0.112 seconds
[2026-03-09T19:10:28.922+0000] {processor.py:161} INFO - Started process (PID=461) to work on /home/airflow/.local/lib/python3.12/site-packages/airflow/example_dags/tutorial.py
[2026-03-09T19:10:28.924+0000] {processor.py:830} INFO - Processing file /home/airflow/.local/lib/python3.12/site-packages/airflow/example_dags/tutorial.py for tasks to queue
[2026-03-09T19:10:28.926+0000] {logging_mixin.py:188} INFO - [2026-03-09T19:10:28.926+0000] {dagbag.py:545} INFO - Filling up the DagBag from /home/airflow/.local/lib/python3.12/site-packages/airflow/example_dags/tutorial.py
[2026-03-09T19:10:28.936+0000] {processor.py:840} INFO - DAG(s) 'tutorial' retrieved from /home/airflow/.local/lib/python3.12/site-packages/airflow/example_dags/tutorial.py
[2026-03-09T19:10:28.964+0000] {logging_mixin.py:188} INFO - [2026-03-09T19:10:28.963+0000] {dag.py:3096} INFO - Sync 1 DAGs
[2026-03-09T19:10:28.996+0000] {logging_mixin.py:188} INFO - [2026-03-09T19:10:28.996+0000] {dag.py:3954} INFO - Setting next_dagrun for tutorial to 2026-03-08 00:00:00+00:00, run_after=2026-03-09 00:00:00+00:00
[2026-03-09T19:10:29.023+0000] {processor.py:183} INFO - Processing /home/airflow/.local/lib/python3.12/site-packages/airflow/example_dags/tutorial.py took 0.110 seconds
[2026-03-09T19:10:59.316+0000] {processor.py:161} INFO - Started process (PID=521) to work on /home/airflow/.local/lib/python3.12/site-packages/airflow/example_dags/tutorial.py
[2026-03-09T19:10:59.317+0000] {processor.py:830} INFO - Processing file /home/airflow/.local/lib/python3.12/site-packages/airflow/example_dags/tutorial.py for tasks to queue
[2026-03-09T19:10:59.319+0000] {logging_mixin.py:188} INFO - [2026-03-09T19:10:59.319+0000] {dagbag.py:545} INFO - Filling up the DagBag from /home/airflow/.local/lib/python3.12/site-packages/airflow/example_dags/tutorial.py
[2026-03-09T19:10:59.327+0000] {processor.py:840} INFO - DAG(s) 'tutorial' retrieved from /home/airflow/.local/lib/python3.12/site-packages/airflow/example_dags/tutorial.py
[2026-03-09T19:10:59.357+0000] {logging_mixin.py:188} INFO - [2026-03-09T19:10:59.357+0000] {dag.py:3096} INFO - Sync 1 DAGs
[2026-03-09T19:10:59.391+0000] {logging_mixin.py:188} INFO - [2026-03-09T19:10:59.391+0000] {dag.py:3954} INFO - Setting next_dagrun for tutorial to 2026-03-08 00:00:00+00:00, run_after=2026-03-09 00:00:00+00:00
[2026-03-09T19:10:59.421+0000] {processor.py:183} INFO - Processing /home/airflow/.local/lib/python3.12/site-packages/airflow/example_dags/tutorial.py took 0.112 seconds
[2026-03-09T19:11:29.685+0000] {processor.py:161} INFO - Started process (PID=581) to work on /home/airflow/.local/lib/python3.12/site-packages/airflow/example_dags/tutorial.py
[2026-03-09T19:11:29.687+0000] {processor.py:830} INFO - Processing file /home/airflow/.local/lib/python3.12/site-packages/airflow/example_dags/tutorial.py for tasks to queue
[2026-03-09T19:11:29.690+0000] {logging_mixin.py:188} INFO - [2026-03-09T19:11:29.690+0000] {dagbag.py:545} INFO - Filling up the DagBag from /home/airflow/.local/lib/python3.12/site-packages/airflow/example_dags/tutorial.py
[2026-03-09T19:11:29.700+0000] {processor.py:840} INFO - DAG(s) 'tutorial' retrieved from /home/airflow/.local/lib/python3.12/site-packages/airflow/example_dags/tutorial.py
[2026-03-09T19:11:29.723+0000] {logging_mixin.py:188} INFO - [2026-03-09T19:11:29.723+0000] {dag.py:3096} INFO - Sync 1 DAGs
[2026-03-09T19:11:29.756+0000] {logging_mixin.py:188} INFO - [2026-03-09T19:11:29.756+0000] {dag.py:3954} INFO - Setting next_dagrun for tutorial to 2026-03-08 00:00:00+00:00, run_after=2026-03-09 00:00:00+00:00
[2026-03-09T19:11:29.783+0000] {processor.py:183} INFO - Processing /home/airflow/.local/lib/python3.12/site-packages/airflow/example_dags/tutorial.py took 0.105 seconds
[2026-03-09T19:12:00.779+0000] {processor.py:161} INFO - Started process (PID=641) to work on /home/airflow/.local/lib/python3.12/site-packages/airflow/example_dags/tutorial.py
[2026-03-09T19:12:00.780+0000] {processor.py:830} INFO - Processing file /home/airflow/.local/lib/python3.12/site-packages/airflow/example_dags/tutorial.py for tasks to queue
[2026-03-09T19:12:00.783+0000] {logging_mixin.py:188} INFO - [2026-03-09T19:12:00.782+0000] {dagbag.py:545} INFO - Filling up the DagBag from /home/airflow/.local/lib/python3.12/site-packages/airflow/example_dags/tutorial.py
[2026-03-09T19:12:00.790+0000] {processor.py:840} INFO - DAG(s) 'tutorial' retrieved from /home/airflow/.local/lib/python3.12/site-packages/airflow/example_dags/tutorial.py
[2026-03-09T19:12:00.813+0000] {logging_mixin.py:188} INFO - [2026-03-09T19:12:00.813+0000] {dag.py:3096} INFO - Sync 1 DAGs
[2026-03-09T19:12:00.840+0000] {logging_mixin.py:188} INFO - [2026-03-09T19:12:00.840+0000] {dag.py:3954} INFO - Setting next_dagrun for tutorial to 2026-03-08 00:00:00+00:00, run_after=2026-03-09 00:00:00+00:00
[2026-03-09T19:12:00.867+0000] {processor.py:183} INFO - Processing /home/airflow/.local/lib/python3.12/site-packages/airflow/example_dags/tutorial.py took 0.095 seconds
[2026-03-09T19:12:31.421+0000] {processor.py:161} INFO - Started process (PID=701) to work on /home/airflow/.local/lib/python3.12/site-packages/airflow/example_dags/tutorial.py
[2026-03-09T19:12:31.422+0000] {processor.py:830} INFO - Processing file /home/airflow/.local/lib/python3.12/site-packages/airflow/example_dags/tutorial.py for tasks to queue
[2026-03-09T19:12:31.425+0000] {logging_mixin.py:188} INFO - [2026-03-09T19:12:31.424+0000] {dagbag.py:545} INFO - Filling up the DagBag from /home/airflow/.local/lib/python3.12/site-packages/airflow/example_dags/tutorial.py
[2026-03-09T19:12:31.434+0000] {processor.py:840} INFO - DAG(s) 'tutorial' retrieved from /home/airflow/.local/lib/python3.12/site-packages/airflow/example_dags/tutorial.py
[2026-03-09T19:12:31.463+0000] {logging_mixin.py:188} INFO - [2026-03-09T19:12:31.463+0000] {dag.py:3096} INFO - Sync 1 DAGs
[2026-03-09T19:12:31.497+0000] {logging_mixin.py:188} INFO - [2026-03-09T19:12:31.496+0000] {dag.py:3954} INFO - Setting next_dagrun for tutorial to 2026-03-08 00:00:00+00:00, run_after=2026-03-09 00:00:00+00:00
[2026-03-09T19:12:31.530+0000] {processor.py:183} INFO - Processing /home/airflow/.local/lib/python3.12/site-packages/airflow/example_dags/tutorial.py took 0.116 seconds
[2026-03-09T19:13:02.012+0000] {processor.py:161} INFO - Started process (PID=760) to work on /home/airflow/.local/lib/python3.12/site-packages/airflow/example_dags/tutorial.py
[2026-03-09T19:13:02.013+0000] {processor.py:830} INFO - Processing file /home/airflow/.local/lib/python3.12/site-packages/airflow/example_dags/tutorial.py for tasks to queue
[2026-03-09T19:13:02.016+0000] {logging_mixin.py:188} INFO - [2026-03-09T19:13:02.015+0000] {dagbag.py:545} INFO - Filling up the DagBag from /home/airflow/.local/lib/python3.12/site-packages/airflow/example_dags/tutorial.py
[2026-03-09T19:13:02.023+0000] {processor.py:840} INFO - DAG(s) 'tutorial' retrieved from /home/airflow/.local/lib/python3.12/site-packages/airflow/example_dags/tutorial.py
[2026-03-09T19:13:02.046+0000] {logging_mixin.py:188} INFO - [2026-03-09T19:13:02.046+0000] {dag.py:3096} INFO - Sync 1 DAGs
[2026-03-09T19:13:02.073+0000] {logging_mixin.py:188} INFO - [2026-03-09T19:13:02.072+0000] {dag.py:3954} INFO - Setting next_dagrun for tutorial to 2026-03-08 00:00:00+00:00, run_after=2026-03-09 00:00:00+00:00
[2026-03-09T19:13:02.099+0000] {processor.py:183} INFO - Processing /home/airflow/.local/lib/python3.12/site-packages/airflow/example_dags/tutorial.py took 0.095 seconds
[2026-03-09T19:13:32.883+0000] {processor.py:161} INFO - Started process (PID=820) to work on /home/airflow/.local/lib/python3.12/site-packages/airflow/example_dags/tutorial.py
[2026-03-09T19:13:32.884+0000] {processor.py:830} INFO - Processing file /home/airflow/.local/lib/python3.12/site-packages/airflow/example_dags/tutorial.py for tasks to queue
[2026-03-09T19:13:32.887+0000] {logging_mixin.py:188} INFO - [2026-03-09T19:13:32.886+0000] {dagbag.py:545} INFO - Filling up the DagBag from /home/airflow/.local/lib/python3.12/site-packages/airflow/example_dags/tutorial.py
[2026-03-09T19:13:32.895+0000] {processor.py:840} INFO - DAG(s) 'tutorial' retrieved from /home/airflow/.local/lib/python3.12/site-packages/airflow/example_dags/tutorial.py
[2026-03-09T19:13:32.917+0000] {logging_mixin.py:188} INFO - [2026-03-09T19:13:32.917+0000] {dag.py:3096} INFO - Sync 1 DAGs
[2026-03-09T19:13:32.945+0000] {logging_mixin.py:188} INFO - [2026-03-09T19:13:32.944+0000] {dag.py:3954} INFO - Setting next_dagrun for tutorial to 2026-03-08 00:00:00+00:00, run_after=2026-03-09 00:00:00+00:00
[2026-03-09T19:13:32.971+0000] {processor.py:183} INFO - Processing /home/airflow/.local/lib/python3.12/site-packages/airflow/example_dags/tutorial.py took 0.094 seconds
[2026-03-09T19:14:03.359+0000] {processor.py:161} INFO - Started process (PID=880) to work on /home/airflow/.local/lib/python3.12/site-packages/airflow/example_dags/tutorial.py
[2026-03-09T19:14:03.361+0000] {processor.py:830} INFO - Processing file /home/airflow/.local/lib/python3.12/site-packages/airflow/example_dags/tutorial.py for tasks to queue
[2026-03-09T19:14:03.363+0000] {logging_mixin.py:188} INFO - [2026-03-09T19:14:03.363+0000] {dagbag.py:545} INFO - Filling up the DagBag from /home/airflow/.local/lib/python3.12/site-packages/airflow/example_dags/tutorial.py
[2026-03-09T19:14:03.371+0000] {processor.py:840} INFO - DAG(s) 'tutorial' retrieved from /home/airflow/.local/lib/python3.12/site-packages/airflow/example_dags/tutorial.py
[2026-03-09T19:14:03.396+0000] {logging_mixin.py:188} INFO - [2026-03-09T19:14:03.396+0000] {dag.py:3096} INFO - Sync 1 DAGs
[2026-03-09T19:14:03.427+0000] {logging_mixin.py:188} INFO - [2026-03-09T19:14:03.427+0000] {dag.py:3954} INFO - Setting next_dagrun for tutorial to 2026-03-08 00:00:00+00:00, run_after=2026-03-09 00:00:00+00:00
[2026-03-09T19:14:03.451+0000] {processor.py:183} INFO - Processing /home/airflow/.local/lib/python3.12/site-packages/airflow/example_dags/tutorial.py took 0.099 seconds
[2026-03-09T19:14:33.851+0000] {processor.py:161} INFO - Started process (PID=940) to work on /home/airflow/.local/lib/python3.12/site-packages/airflow/example_dags/tutorial.py
[2026-03-09T19:14:33.852+0000] {processor.py:830} INFO - Processing file /home/airflow/.local/lib/python3.12/site-packages/airflow/example_dags/tutorial.py for tasks to queue
[2026-03-09T19:14:33.855+0000] {logging_mixin.py:188} INFO - [2026-03-09T19:14:33.855+0000] {dagbag.py:545} INFO - Filling up the DagBag from /home/airflow/.local/lib/python3.12/site-packages/airflow/example_dags/tutorial.py
[2026-03-09T19:14:33.863+0000] {processor.py:840} INFO - DAG(s) 'tutorial' retrieved from /home/airflow/.local/lib/python3.12/site-packages/airflow/example_dags/tutorial.py
[2026-03-09T19:14:33.888+0000] {logging_mixin.py:188} INFO - [2026-03-09T19:14:33.887+0000] {dag.py:3096} INFO - Sync 1 DAGs
[2026-03-09T19:14:33.916+0000] {logging_mixin.py:188} INFO - [2026-03-09T19:14:33.916+0000] {dag.py:3954} INFO - Setting next_dagrun for tutorial to 2026-03-08 00:00:00+00:00, run_after=2026-03-09 00:00:00+00:00
[2026-03-09T19:14:33.942+0000] {processor.py:183} INFO - Processing /home/airflow/.local/lib/python3.12/site-packages/airflow/example_dags/tutorial.py took 0.100 seconds
[2026-03-09T19:15:04.358+0000] {processor.py:161} INFO - Started process (PID=1000) to work on /home/airflow/.local/lib/python3.12/site-packages/airflow/example_dags/tutorial.py
[2026-03-09T19:15:04.360+0000] {processor.py:830} INFO - Processing file /home/airflow/.local/lib/python3.12/site-packages/airflow/example_dags/tutorial.py for tasks to queue
[2026-03-09T19:15:04.364+0000] {logging_mixin.py:188} INFO - [2026-03-09T19:15:04.363+0000] {dagbag.py:545} INFO - Filling up the DagBag from /home/airflow/.local/lib/python3.12/site-packages/airflow/example_dags/tutorial.py
[2026-03-09T19:15:04.377+0000] {processor.py:840} INFO - DAG(s) 'tutorial' retrieved from /home/airflow/.local/lib/python3.12/site-packages/airflow/example_dags/tutorial.py
[2026-03-09T19:15:04.423+0000] {logging_mixin.py:188} INFO - [2026-03-09T19:15:04.422+0000] {dag.py:3096} INFO - Sync 1 DAGs
[2026-03-09T19:15:04.460+0000] {logging_mixin.py:188} INFO - [2026-03-09T19:15:04.459+0000] {dag.py:3954} INFO - Setting next_dagrun for tutorial to 2026-03-08 00:00:00+00:00, run_after=2026-03-09 00:00:00+00:00
[2026-03-09T19:15:04.494+0000] {processor.py:183} INFO - Processing /home/airflow/.local/lib/python3.12/site-packages/airflow/example_dags/tutorial.py took 0.150 seconds
